[2022-03-30 17:20:32,949] {scheduler_job.py:182} INFO - Started process (PID=124178) to work on /home/airflow/sandbox/lib/python3.8/site-packages/airflow/example_dags/subdags/subdag.py
[2022-03-30 17:20:32,951] {scheduler_job.py:633} INFO - Processing file /home/airflow/sandbox/lib/python3.8/site-packages/airflow/example_dags/subdags/subdag.py for tasks to queue
[2022-03-30 17:20:32,952] {logging_mixin.py:104} INFO - [2022-03-30 17:20:32,952] {dagbag.py:487} INFO - Filling up the DagBag from /home/airflow/sandbox/lib/python3.8/site-packages/airflow/example_dags/subdags/subdag.py
[2022-03-30 17:20:32,957] {scheduler_job.py:645} WARNING - No viable dags retrieved from /home/airflow/sandbox/lib/python3.8/site-packages/airflow/example_dags/subdags/subdag.py
[2022-03-30 17:20:32,964] {scheduler_job.py:190} INFO - Processing /home/airflow/sandbox/lib/python3.8/site-packages/airflow/example_dags/subdags/subdag.py took 0.019 seconds
[2022-03-30 17:21:16,041] {scheduler_job.py:182} INFO - Started process (PID=124321) to work on /home/airflow/sandbox/lib/python3.8/site-packages/airflow/example_dags/subdags/subdag.py
[2022-03-30 17:21:16,042] {scheduler_job.py:633} INFO - Processing file /home/airflow/sandbox/lib/python3.8/site-packages/airflow/example_dags/subdags/subdag.py for tasks to queue
[2022-03-30 17:21:16,043] {logging_mixin.py:104} INFO - [2022-03-30 17:21:16,042] {dagbag.py:487} INFO - Filling up the DagBag from /home/airflow/sandbox/lib/python3.8/site-packages/airflow/example_dags/subdags/subdag.py
[2022-03-30 17:21:16,045] {scheduler_job.py:645} WARNING - No viable dags retrieved from /home/airflow/sandbox/lib/python3.8/site-packages/airflow/example_dags/subdags/subdag.py
[2022-03-30 17:21:16,064] {scheduler_job.py:190} INFO - Processing /home/airflow/sandbox/lib/python3.8/site-packages/airflow/example_dags/subdags/subdag.py took 0.039 seconds
[2022-03-30 17:21:49,094] {scheduler_job.py:182} INFO - Started process (PID=124414) to work on /home/airflow/sandbox/lib/python3.8/site-packages/airflow/example_dags/subdags/subdag.py
[2022-03-30 17:21:49,095] {scheduler_job.py:633} INFO - Processing file /home/airflow/sandbox/lib/python3.8/site-packages/airflow/example_dags/subdags/subdag.py for tasks to queue
[2022-03-30 17:21:49,096] {logging_mixin.py:104} INFO - [2022-03-30 17:21:49,096] {dagbag.py:487} INFO - Filling up the DagBag from /home/airflow/sandbox/lib/python3.8/site-packages/airflow/example_dags/subdags/subdag.py
[2022-03-30 17:21:49,099] {scheduler_job.py:645} WARNING - No viable dags retrieved from /home/airflow/sandbox/lib/python3.8/site-packages/airflow/example_dags/subdags/subdag.py
[2022-03-30 17:21:49,106] {scheduler_job.py:190} INFO - Processing /home/airflow/sandbox/lib/python3.8/site-packages/airflow/example_dags/subdags/subdag.py took 0.014 seconds
[2022-03-30 17:22:23,871] {scheduler_job.py:182} INFO - Started process (PID=124447) to work on /home/airflow/sandbox/lib/python3.8/site-packages/airflow/example_dags/subdags/subdag.py
[2022-03-30 17:22:23,873] {scheduler_job.py:633} INFO - Processing file /home/airflow/sandbox/lib/python3.8/site-packages/airflow/example_dags/subdags/subdag.py for tasks to queue
[2022-03-30 17:22:23,874] {logging_mixin.py:104} INFO - [2022-03-30 17:22:23,874] {dagbag.py:487} INFO - Filling up the DagBag from /home/airflow/sandbox/lib/python3.8/site-packages/airflow/example_dags/subdags/subdag.py
[2022-03-30 17:22:23,880] {scheduler_job.py:645} WARNING - No viable dags retrieved from /home/airflow/sandbox/lib/python3.8/site-packages/airflow/example_dags/subdags/subdag.py
[2022-03-30 17:22:23,891] {scheduler_job.py:190} INFO - Processing /home/airflow/sandbox/lib/python3.8/site-packages/airflow/example_dags/subdags/subdag.py took 0.024 seconds
[2022-03-30 17:22:55,434] {scheduler_job.py:182} INFO - Started process (PID=124477) to work on /home/airflow/sandbox/lib/python3.8/site-packages/airflow/example_dags/subdags/subdag.py
[2022-03-30 17:22:55,435] {scheduler_job.py:633} INFO - Processing file /home/airflow/sandbox/lib/python3.8/site-packages/airflow/example_dags/subdags/subdag.py for tasks to queue
[2022-03-30 17:22:55,435] {logging_mixin.py:104} INFO - [2022-03-30 17:22:55,435] {dagbag.py:487} INFO - Filling up the DagBag from /home/airflow/sandbox/lib/python3.8/site-packages/airflow/example_dags/subdags/subdag.py
[2022-03-30 17:22:55,437] {scheduler_job.py:645} WARNING - No viable dags retrieved from /home/airflow/sandbox/lib/python3.8/site-packages/airflow/example_dags/subdags/subdag.py
[2022-03-30 17:22:55,444] {scheduler_job.py:190} INFO - Processing /home/airflow/sandbox/lib/python3.8/site-packages/airflow/example_dags/subdags/subdag.py took 0.014 seconds
[2022-03-30 17:23:29,215] {scheduler_job.py:182} INFO - Started process (PID=124509) to work on /home/airflow/sandbox/lib/python3.8/site-packages/airflow/example_dags/subdags/subdag.py
[2022-03-30 17:23:29,216] {scheduler_job.py:633} INFO - Processing file /home/airflow/sandbox/lib/python3.8/site-packages/airflow/example_dags/subdags/subdag.py for tasks to queue
[2022-03-30 17:23:29,218] {logging_mixin.py:104} INFO - [2022-03-30 17:23:29,217] {dagbag.py:487} INFO - Filling up the DagBag from /home/airflow/sandbox/lib/python3.8/site-packages/airflow/example_dags/subdags/subdag.py
[2022-03-30 17:23:29,224] {scheduler_job.py:645} WARNING - No viable dags retrieved from /home/airflow/sandbox/lib/python3.8/site-packages/airflow/example_dags/subdags/subdag.py
[2022-03-30 17:23:29,232] {scheduler_job.py:190} INFO - Processing /home/airflow/sandbox/lib/python3.8/site-packages/airflow/example_dags/subdags/subdag.py took 0.025 seconds
[2022-03-30 17:24:00,349] {scheduler_job.py:182} INFO - Started process (PID=124550) to work on /home/airflow/sandbox/lib/python3.8/site-packages/airflow/example_dags/subdags/subdag.py
[2022-03-30 17:24:00,351] {scheduler_job.py:633} INFO - Processing file /home/airflow/sandbox/lib/python3.8/site-packages/airflow/example_dags/subdags/subdag.py for tasks to queue
[2022-03-30 17:24:00,352] {logging_mixin.py:104} INFO - [2022-03-30 17:24:00,351] {dagbag.py:487} INFO - Filling up the DagBag from /home/airflow/sandbox/lib/python3.8/site-packages/airflow/example_dags/subdags/subdag.py
[2022-03-30 17:24:00,356] {scheduler_job.py:645} WARNING - No viable dags retrieved from /home/airflow/sandbox/lib/python3.8/site-packages/airflow/example_dags/subdags/subdag.py
[2022-03-30 17:24:00,369] {scheduler_job.py:190} INFO - Processing /home/airflow/sandbox/lib/python3.8/site-packages/airflow/example_dags/subdags/subdag.py took 0.023 seconds
[2022-03-30 17:24:31,180] {scheduler_job.py:182} INFO - Started process (PID=124603) to work on /home/airflow/sandbox/lib/python3.8/site-packages/airflow/example_dags/subdags/subdag.py
[2022-03-30 17:24:31,183] {scheduler_job.py:633} INFO - Processing file /home/airflow/sandbox/lib/python3.8/site-packages/airflow/example_dags/subdags/subdag.py for tasks to queue
[2022-03-30 17:24:31,183] {logging_mixin.py:104} INFO - [2022-03-30 17:24:31,183] {dagbag.py:487} INFO - Filling up the DagBag from /home/airflow/sandbox/lib/python3.8/site-packages/airflow/example_dags/subdags/subdag.py
[2022-03-30 17:24:31,185] {scheduler_job.py:645} WARNING - No viable dags retrieved from /home/airflow/sandbox/lib/python3.8/site-packages/airflow/example_dags/subdags/subdag.py
[2022-03-30 17:24:31,194] {scheduler_job.py:190} INFO - Processing /home/airflow/sandbox/lib/python3.8/site-packages/airflow/example_dags/subdags/subdag.py took 0.019 seconds
[2022-03-30 17:25:06,763] {scheduler_job.py:182} INFO - Started process (PID=124695) to work on /home/airflow/sandbox/lib/python3.8/site-packages/airflow/example_dags/subdags/subdag.py
[2022-03-30 17:25:06,765] {scheduler_job.py:633} INFO - Processing file /home/airflow/sandbox/lib/python3.8/site-packages/airflow/example_dags/subdags/subdag.py for tasks to queue
[2022-03-30 17:25:06,767] {logging_mixin.py:104} INFO - [2022-03-30 17:25:06,767] {dagbag.py:487} INFO - Filling up the DagBag from /home/airflow/sandbox/lib/python3.8/site-packages/airflow/example_dags/subdags/subdag.py
[2022-03-30 17:25:06,774] {scheduler_job.py:645} WARNING - No viable dags retrieved from /home/airflow/sandbox/lib/python3.8/site-packages/airflow/example_dags/subdags/subdag.py
[2022-03-30 17:25:06,789] {scheduler_job.py:190} INFO - Processing /home/airflow/sandbox/lib/python3.8/site-packages/airflow/example_dags/subdags/subdag.py took 0.031 seconds
[2022-03-30 17:25:40,618] {scheduler_job.py:182} INFO - Started process (PID=124830) to work on /home/airflow/sandbox/lib/python3.8/site-packages/airflow/example_dags/subdags/subdag.py
[2022-03-30 17:25:40,619] {scheduler_job.py:633} INFO - Processing file /home/airflow/sandbox/lib/python3.8/site-packages/airflow/example_dags/subdags/subdag.py for tasks to queue
[2022-03-30 17:25:40,620] {logging_mixin.py:104} INFO - [2022-03-30 17:25:40,620] {dagbag.py:487} INFO - Filling up the DagBag from /home/airflow/sandbox/lib/python3.8/site-packages/airflow/example_dags/subdags/subdag.py
[2022-03-30 17:25:40,622] {scheduler_job.py:645} WARNING - No viable dags retrieved from /home/airflow/sandbox/lib/python3.8/site-packages/airflow/example_dags/subdags/subdag.py
[2022-03-30 17:25:40,630] {scheduler_job.py:190} INFO - Processing /home/airflow/sandbox/lib/python3.8/site-packages/airflow/example_dags/subdags/subdag.py took 0.015 seconds
[2022-03-30 17:26:15,415] {scheduler_job.py:182} INFO - Started process (PID=124862) to work on /home/airflow/sandbox/lib/python3.8/site-packages/airflow/example_dags/subdags/subdag.py
[2022-03-30 17:26:15,417] {scheduler_job.py:633} INFO - Processing file /home/airflow/sandbox/lib/python3.8/site-packages/airflow/example_dags/subdags/subdag.py for tasks to queue
[2022-03-30 17:26:15,417] {logging_mixin.py:104} INFO - [2022-03-30 17:26:15,417] {dagbag.py:487} INFO - Filling up the DagBag from /home/airflow/sandbox/lib/python3.8/site-packages/airflow/example_dags/subdags/subdag.py
[2022-03-30 17:26:15,420] {scheduler_job.py:645} WARNING - No viable dags retrieved from /home/airflow/sandbox/lib/python3.8/site-packages/airflow/example_dags/subdags/subdag.py
[2022-03-30 17:26:15,428] {scheduler_job.py:190} INFO - Processing /home/airflow/sandbox/lib/python3.8/site-packages/airflow/example_dags/subdags/subdag.py took 0.018 seconds
[2022-03-30 17:26:48,190] {scheduler_job.py:182} INFO - Started process (PID=124924) to work on /home/airflow/sandbox/lib/python3.8/site-packages/airflow/example_dags/subdags/subdag.py
[2022-03-30 17:26:48,191] {scheduler_job.py:633} INFO - Processing file /home/airflow/sandbox/lib/python3.8/site-packages/airflow/example_dags/subdags/subdag.py for tasks to queue
[2022-03-30 17:26:48,192] {logging_mixin.py:104} INFO - [2022-03-30 17:26:48,192] {dagbag.py:487} INFO - Filling up the DagBag from /home/airflow/sandbox/lib/python3.8/site-packages/airflow/example_dags/subdags/subdag.py
[2022-03-30 17:26:48,197] {scheduler_job.py:645} WARNING - No viable dags retrieved from /home/airflow/sandbox/lib/python3.8/site-packages/airflow/example_dags/subdags/subdag.py
[2022-03-30 17:26:48,207] {scheduler_job.py:190} INFO - Processing /home/airflow/sandbox/lib/python3.8/site-packages/airflow/example_dags/subdags/subdag.py took 0.021 seconds
[2022-03-30 17:27:21,394] {scheduler_job.py:182} INFO - Started process (PID=125076) to work on /home/airflow/sandbox/lib/python3.8/site-packages/airflow/example_dags/subdags/subdag.py
[2022-03-30 17:27:21,395] {scheduler_job.py:633} INFO - Processing file /home/airflow/sandbox/lib/python3.8/site-packages/airflow/example_dags/subdags/subdag.py for tasks to queue
[2022-03-30 17:27:21,396] {logging_mixin.py:104} INFO - [2022-03-30 17:27:21,396] {dagbag.py:487} INFO - Filling up the DagBag from /home/airflow/sandbox/lib/python3.8/site-packages/airflow/example_dags/subdags/subdag.py
[2022-03-30 17:27:21,401] {scheduler_job.py:645} WARNING - No viable dags retrieved from /home/airflow/sandbox/lib/python3.8/site-packages/airflow/example_dags/subdags/subdag.py
[2022-03-30 17:27:21,410] {scheduler_job.py:190} INFO - Processing /home/airflow/sandbox/lib/python3.8/site-packages/airflow/example_dags/subdags/subdag.py took 0.021 seconds
[2022-03-30 17:27:53,561] {scheduler_job.py:182} INFO - Started process (PID=125107) to work on /home/airflow/sandbox/lib/python3.8/site-packages/airflow/example_dags/subdags/subdag.py
[2022-03-30 17:27:53,564] {scheduler_job.py:633} INFO - Processing file /home/airflow/sandbox/lib/python3.8/site-packages/airflow/example_dags/subdags/subdag.py for tasks to queue
[2022-03-30 17:27:53,565] {logging_mixin.py:104} INFO - [2022-03-30 17:27:53,565] {dagbag.py:487} INFO - Filling up the DagBag from /home/airflow/sandbox/lib/python3.8/site-packages/airflow/example_dags/subdags/subdag.py
[2022-03-30 17:27:53,567] {scheduler_job.py:645} WARNING - No viable dags retrieved from /home/airflow/sandbox/lib/python3.8/site-packages/airflow/example_dags/subdags/subdag.py
[2022-03-30 17:27:53,574] {scheduler_job.py:190} INFO - Processing /home/airflow/sandbox/lib/python3.8/site-packages/airflow/example_dags/subdags/subdag.py took 0.017 seconds
[2022-03-30 17:28:27,399] {scheduler_job.py:182} INFO - Started process (PID=125138) to work on /home/airflow/sandbox/lib/python3.8/site-packages/airflow/example_dags/subdags/subdag.py
[2022-03-30 17:28:27,401] {scheduler_job.py:633} INFO - Processing file /home/airflow/sandbox/lib/python3.8/site-packages/airflow/example_dags/subdags/subdag.py for tasks to queue
[2022-03-30 17:28:27,402] {logging_mixin.py:104} INFO - [2022-03-30 17:28:27,402] {dagbag.py:487} INFO - Filling up the DagBag from /home/airflow/sandbox/lib/python3.8/site-packages/airflow/example_dags/subdags/subdag.py
[2022-03-30 17:28:27,405] {scheduler_job.py:645} WARNING - No viable dags retrieved from /home/airflow/sandbox/lib/python3.8/site-packages/airflow/example_dags/subdags/subdag.py
[2022-03-30 17:28:27,414] {scheduler_job.py:190} INFO - Processing /home/airflow/sandbox/lib/python3.8/site-packages/airflow/example_dags/subdags/subdag.py took 0.023 seconds
[2022-03-30 17:28:59,398] {scheduler_job.py:182} INFO - Started process (PID=125170) to work on /home/airflow/sandbox/lib/python3.8/site-packages/airflow/example_dags/subdags/subdag.py
[2022-03-30 17:28:59,401] {scheduler_job.py:633} INFO - Processing file /home/airflow/sandbox/lib/python3.8/site-packages/airflow/example_dags/subdags/subdag.py for tasks to queue
[2022-03-30 17:28:59,402] {logging_mixin.py:104} INFO - [2022-03-30 17:28:59,402] {dagbag.py:487} INFO - Filling up the DagBag from /home/airflow/sandbox/lib/python3.8/site-packages/airflow/example_dags/subdags/subdag.py
[2022-03-30 17:28:59,408] {scheduler_job.py:645} WARNING - No viable dags retrieved from /home/airflow/sandbox/lib/python3.8/site-packages/airflow/example_dags/subdags/subdag.py
[2022-03-30 17:28:59,421] {scheduler_job.py:190} INFO - Processing /home/airflow/sandbox/lib/python3.8/site-packages/airflow/example_dags/subdags/subdag.py took 0.027 seconds
[2022-03-30 17:29:30,396] {scheduler_job.py:182} INFO - Started process (PID=125199) to work on /home/airflow/sandbox/lib/python3.8/site-packages/airflow/example_dags/subdags/subdag.py
[2022-03-30 17:29:30,397] {scheduler_job.py:633} INFO - Processing file /home/airflow/sandbox/lib/python3.8/site-packages/airflow/example_dags/subdags/subdag.py for tasks to queue
[2022-03-30 17:29:30,398] {logging_mixin.py:104} INFO - [2022-03-30 17:29:30,398] {dagbag.py:487} INFO - Filling up the DagBag from /home/airflow/sandbox/lib/python3.8/site-packages/airflow/example_dags/subdags/subdag.py
[2022-03-30 17:29:30,402] {scheduler_job.py:645} WARNING - No viable dags retrieved from /home/airflow/sandbox/lib/python3.8/site-packages/airflow/example_dags/subdags/subdag.py
[2022-03-30 17:29:30,416] {scheduler_job.py:190} INFO - Processing /home/airflow/sandbox/lib/python3.8/site-packages/airflow/example_dags/subdags/subdag.py took 0.025 seconds
[2022-03-30 17:30:05,397] {scheduler_job.py:182} INFO - Started process (PID=125230) to work on /home/airflow/sandbox/lib/python3.8/site-packages/airflow/example_dags/subdags/subdag.py
[2022-03-30 17:30:05,399] {scheduler_job.py:633} INFO - Processing file /home/airflow/sandbox/lib/python3.8/site-packages/airflow/example_dags/subdags/subdag.py for tasks to queue
[2022-03-30 17:30:05,400] {logging_mixin.py:104} INFO - [2022-03-30 17:30:05,400] {dagbag.py:487} INFO - Filling up the DagBag from /home/airflow/sandbox/lib/python3.8/site-packages/airflow/example_dags/subdags/subdag.py
[2022-03-30 17:30:05,404] {scheduler_job.py:645} WARNING - No viable dags retrieved from /home/airflow/sandbox/lib/python3.8/site-packages/airflow/example_dags/subdags/subdag.py
[2022-03-30 17:30:05,414] {scheduler_job.py:190} INFO - Processing /home/airflow/sandbox/lib/python3.8/site-packages/airflow/example_dags/subdags/subdag.py took 0.022 seconds
[2022-03-30 17:30:37,335] {scheduler_job.py:182} INFO - Started process (PID=125294) to work on /home/airflow/sandbox/lib/python3.8/site-packages/airflow/example_dags/subdags/subdag.py
[2022-03-30 17:30:37,337] {scheduler_job.py:633} INFO - Processing file /home/airflow/sandbox/lib/python3.8/site-packages/airflow/example_dags/subdags/subdag.py for tasks to queue
[2022-03-30 17:30:37,338] {logging_mixin.py:104} INFO - [2022-03-30 17:30:37,338] {dagbag.py:487} INFO - Filling up the DagBag from /home/airflow/sandbox/lib/python3.8/site-packages/airflow/example_dags/subdags/subdag.py
[2022-03-30 17:30:37,342] {scheduler_job.py:645} WARNING - No viable dags retrieved from /home/airflow/sandbox/lib/python3.8/site-packages/airflow/example_dags/subdags/subdag.py
[2022-03-30 17:30:37,355] {scheduler_job.py:190} INFO - Processing /home/airflow/sandbox/lib/python3.8/site-packages/airflow/example_dags/subdags/subdag.py took 0.026 seconds
[2022-03-30 17:31:08,868] {scheduler_job.py:182} INFO - Started process (PID=125333) to work on /home/airflow/sandbox/lib/python3.8/site-packages/airflow/example_dags/subdags/subdag.py
[2022-03-30 17:31:08,870] {scheduler_job.py:633} INFO - Processing file /home/airflow/sandbox/lib/python3.8/site-packages/airflow/example_dags/subdags/subdag.py for tasks to queue
[2022-03-30 17:31:08,872] {logging_mixin.py:104} INFO - [2022-03-30 17:31:08,871] {dagbag.py:487} INFO - Filling up the DagBag from /home/airflow/sandbox/lib/python3.8/site-packages/airflow/example_dags/subdags/subdag.py
[2022-03-30 17:31:08,877] {scheduler_job.py:645} WARNING - No viable dags retrieved from /home/airflow/sandbox/lib/python3.8/site-packages/airflow/example_dags/subdags/subdag.py
[2022-03-30 17:31:08,887] {scheduler_job.py:190} INFO - Processing /home/airflow/sandbox/lib/python3.8/site-packages/airflow/example_dags/subdags/subdag.py took 0.025 seconds
[2022-03-30 17:31:39,360] {scheduler_job.py:182} INFO - Started process (PID=125363) to work on /home/airflow/sandbox/lib/python3.8/site-packages/airflow/example_dags/subdags/subdag.py
[2022-03-30 17:31:39,362] {scheduler_job.py:633} INFO - Processing file /home/airflow/sandbox/lib/python3.8/site-packages/airflow/example_dags/subdags/subdag.py for tasks to queue
[2022-03-30 17:31:39,362] {logging_mixin.py:104} INFO - [2022-03-30 17:31:39,362] {dagbag.py:487} INFO - Filling up the DagBag from /home/airflow/sandbox/lib/python3.8/site-packages/airflow/example_dags/subdags/subdag.py
[2022-03-30 17:31:39,365] {scheduler_job.py:645} WARNING - No viable dags retrieved from /home/airflow/sandbox/lib/python3.8/site-packages/airflow/example_dags/subdags/subdag.py
[2022-03-30 17:31:39,372] {scheduler_job.py:190} INFO - Processing /home/airflow/sandbox/lib/python3.8/site-packages/airflow/example_dags/subdags/subdag.py took 0.018 seconds
[2022-03-30 17:32:14,395] {scheduler_job.py:182} INFO - Started process (PID=125395) to work on /home/airflow/sandbox/lib/python3.8/site-packages/airflow/example_dags/subdags/subdag.py
[2022-03-30 17:32:14,399] {scheduler_job.py:633} INFO - Processing file /home/airflow/sandbox/lib/python3.8/site-packages/airflow/example_dags/subdags/subdag.py for tasks to queue
[2022-03-30 17:32:14,400] {logging_mixin.py:104} INFO - [2022-03-30 17:32:14,400] {dagbag.py:487} INFO - Filling up the DagBag from /home/airflow/sandbox/lib/python3.8/site-packages/airflow/example_dags/subdags/subdag.py
[2022-03-30 17:32:14,405] {scheduler_job.py:645} WARNING - No viable dags retrieved from /home/airflow/sandbox/lib/python3.8/site-packages/airflow/example_dags/subdags/subdag.py
[2022-03-30 17:32:14,414] {scheduler_job.py:190} INFO - Processing /home/airflow/sandbox/lib/python3.8/site-packages/airflow/example_dags/subdags/subdag.py took 0.022 seconds
[2022-03-30 17:32:46,791] {scheduler_job.py:182} INFO - Started process (PID=125426) to work on /home/airflow/sandbox/lib/python3.8/site-packages/airflow/example_dags/subdags/subdag.py
[2022-03-30 17:32:46,794] {scheduler_job.py:633} INFO - Processing file /home/airflow/sandbox/lib/python3.8/site-packages/airflow/example_dags/subdags/subdag.py for tasks to queue
[2022-03-30 17:32:46,795] {logging_mixin.py:104} INFO - [2022-03-30 17:32:46,795] {dagbag.py:487} INFO - Filling up the DagBag from /home/airflow/sandbox/lib/python3.8/site-packages/airflow/example_dags/subdags/subdag.py
[2022-03-30 17:32:46,800] {scheduler_job.py:645} WARNING - No viable dags retrieved from /home/airflow/sandbox/lib/python3.8/site-packages/airflow/example_dags/subdags/subdag.py
[2022-03-30 17:32:46,812] {scheduler_job.py:190} INFO - Processing /home/airflow/sandbox/lib/python3.8/site-packages/airflow/example_dags/subdags/subdag.py took 0.026 seconds
[2022-03-30 17:33:18,515] {scheduler_job.py:182} INFO - Started process (PID=125456) to work on /home/airflow/sandbox/lib/python3.8/site-packages/airflow/example_dags/subdags/subdag.py
[2022-03-30 17:33:18,517] {scheduler_job.py:633} INFO - Processing file /home/airflow/sandbox/lib/python3.8/site-packages/airflow/example_dags/subdags/subdag.py for tasks to queue
[2022-03-30 17:33:18,518] {logging_mixin.py:104} INFO - [2022-03-30 17:33:18,518] {dagbag.py:487} INFO - Filling up the DagBag from /home/airflow/sandbox/lib/python3.8/site-packages/airflow/example_dags/subdags/subdag.py
[2022-03-30 17:33:18,524] {scheduler_job.py:645} WARNING - No viable dags retrieved from /home/airflow/sandbox/lib/python3.8/site-packages/airflow/example_dags/subdags/subdag.py
[2022-03-30 17:33:18,536] {scheduler_job.py:190} INFO - Processing /home/airflow/sandbox/lib/python3.8/site-packages/airflow/example_dags/subdags/subdag.py took 0.027 seconds
[2022-03-30 17:33:50,543] {scheduler_job.py:182} INFO - Started process (PID=125487) to work on /home/airflow/sandbox/lib/python3.8/site-packages/airflow/example_dags/subdags/subdag.py
[2022-03-30 17:33:50,545] {scheduler_job.py:633} INFO - Processing file /home/airflow/sandbox/lib/python3.8/site-packages/airflow/example_dags/subdags/subdag.py for tasks to queue
[2022-03-30 17:33:50,547] {logging_mixin.py:104} INFO - [2022-03-30 17:33:50,547] {dagbag.py:487} INFO - Filling up the DagBag from /home/airflow/sandbox/lib/python3.8/site-packages/airflow/example_dags/subdags/subdag.py
[2022-03-30 17:33:50,552] {scheduler_job.py:645} WARNING - No viable dags retrieved from /home/airflow/sandbox/lib/python3.8/site-packages/airflow/example_dags/subdags/subdag.py
[2022-03-30 17:33:50,567] {scheduler_job.py:190} INFO - Processing /home/airflow/sandbox/lib/python3.8/site-packages/airflow/example_dags/subdags/subdag.py took 0.029 seconds
[2022-03-30 17:34:22,628] {scheduler_job.py:182} INFO - Started process (PID=125516) to work on /home/airflow/sandbox/lib/python3.8/site-packages/airflow/example_dags/subdags/subdag.py
[2022-03-30 17:34:22,630] {scheduler_job.py:633} INFO - Processing file /home/airflow/sandbox/lib/python3.8/site-packages/airflow/example_dags/subdags/subdag.py for tasks to queue
[2022-03-30 17:34:22,631] {logging_mixin.py:104} INFO - [2022-03-30 17:34:22,631] {dagbag.py:487} INFO - Filling up the DagBag from /home/airflow/sandbox/lib/python3.8/site-packages/airflow/example_dags/subdags/subdag.py
[2022-03-30 17:34:22,635] {scheduler_job.py:645} WARNING - No viable dags retrieved from /home/airflow/sandbox/lib/python3.8/site-packages/airflow/example_dags/subdags/subdag.py
[2022-03-30 17:34:22,647] {scheduler_job.py:190} INFO - Processing /home/airflow/sandbox/lib/python3.8/site-packages/airflow/example_dags/subdags/subdag.py took 0.023 seconds
[2022-03-30 17:35:00,867] {scheduler_job.py:182} INFO - Started process (PID=125550) to work on /home/airflow/sandbox/lib/python3.8/site-packages/airflow/example_dags/subdags/subdag.py
[2022-03-30 17:35:00,869] {scheduler_job.py:633} INFO - Processing file /home/airflow/sandbox/lib/python3.8/site-packages/airflow/example_dags/subdags/subdag.py for tasks to queue
[2022-03-30 17:35:00,870] {logging_mixin.py:104} INFO - [2022-03-30 17:35:00,870] {dagbag.py:487} INFO - Filling up the DagBag from /home/airflow/sandbox/lib/python3.8/site-packages/airflow/example_dags/subdags/subdag.py
[2022-03-30 17:35:00,874] {scheduler_job.py:645} WARNING - No viable dags retrieved from /home/airflow/sandbox/lib/python3.8/site-packages/airflow/example_dags/subdags/subdag.py
[2022-03-30 17:35:00,888] {scheduler_job.py:190} INFO - Processing /home/airflow/sandbox/lib/python3.8/site-packages/airflow/example_dags/subdags/subdag.py took 0.027 seconds
[2022-03-30 17:35:33,862] {scheduler_job.py:182} INFO - Started process (PID=125605) to work on /home/airflow/sandbox/lib/python3.8/site-packages/airflow/example_dags/subdags/subdag.py
[2022-03-30 17:35:33,863] {scheduler_job.py:633} INFO - Processing file /home/airflow/sandbox/lib/python3.8/site-packages/airflow/example_dags/subdags/subdag.py for tasks to queue
[2022-03-30 17:35:33,864] {logging_mixin.py:104} INFO - [2022-03-30 17:35:33,863] {dagbag.py:487} INFO - Filling up the DagBag from /home/airflow/sandbox/lib/python3.8/site-packages/airflow/example_dags/subdags/subdag.py
[2022-03-30 17:35:33,866] {scheduler_job.py:645} WARNING - No viable dags retrieved from /home/airflow/sandbox/lib/python3.8/site-packages/airflow/example_dags/subdags/subdag.py
[2022-03-30 17:35:33,872] {scheduler_job.py:190} INFO - Processing /home/airflow/sandbox/lib/python3.8/site-packages/airflow/example_dags/subdags/subdag.py took 0.014 seconds
[2022-03-30 17:36:06,665] {scheduler_job.py:182} INFO - Started process (PID=125656) to work on /home/airflow/sandbox/lib/python3.8/site-packages/airflow/example_dags/subdags/subdag.py
[2022-03-30 17:36:06,667] {scheduler_job.py:633} INFO - Processing file /home/airflow/sandbox/lib/python3.8/site-packages/airflow/example_dags/subdags/subdag.py for tasks to queue
[2022-03-30 17:36:06,669] {logging_mixin.py:104} INFO - [2022-03-30 17:36:06,669] {dagbag.py:487} INFO - Filling up the DagBag from /home/airflow/sandbox/lib/python3.8/site-packages/airflow/example_dags/subdags/subdag.py
[2022-03-30 17:36:06,675] {scheduler_job.py:645} WARNING - No viable dags retrieved from /home/airflow/sandbox/lib/python3.8/site-packages/airflow/example_dags/subdags/subdag.py
[2022-03-30 17:36:06,687] {scheduler_job.py:190} INFO - Processing /home/airflow/sandbox/lib/python3.8/site-packages/airflow/example_dags/subdags/subdag.py took 0.027 seconds
[2022-03-30 17:36:41,365] {scheduler_job.py:182} INFO - Started process (PID=125688) to work on /home/airflow/sandbox/lib/python3.8/site-packages/airflow/example_dags/subdags/subdag.py
[2022-03-30 17:36:41,372] {scheduler_job.py:633} INFO - Processing file /home/airflow/sandbox/lib/python3.8/site-packages/airflow/example_dags/subdags/subdag.py for tasks to queue
[2022-03-30 17:36:41,373] {logging_mixin.py:104} INFO - [2022-03-30 17:36:41,373] {dagbag.py:487} INFO - Filling up the DagBag from /home/airflow/sandbox/lib/python3.8/site-packages/airflow/example_dags/subdags/subdag.py
[2022-03-30 17:36:41,377] {scheduler_job.py:645} WARNING - No viable dags retrieved from /home/airflow/sandbox/lib/python3.8/site-packages/airflow/example_dags/subdags/subdag.py
[2022-03-30 17:36:41,387] {scheduler_job.py:190} INFO - Processing /home/airflow/sandbox/lib/python3.8/site-packages/airflow/example_dags/subdags/subdag.py took 0.026 seconds
[2022-03-30 17:37:12,444] {scheduler_job.py:182} INFO - Started process (PID=125718) to work on /home/airflow/sandbox/lib/python3.8/site-packages/airflow/example_dags/subdags/subdag.py
[2022-03-30 17:37:12,446] {scheduler_job.py:633} INFO - Processing file /home/airflow/sandbox/lib/python3.8/site-packages/airflow/example_dags/subdags/subdag.py for tasks to queue
[2022-03-30 17:37:12,447] {logging_mixin.py:104} INFO - [2022-03-30 17:37:12,447] {dagbag.py:487} INFO - Filling up the DagBag from /home/airflow/sandbox/lib/python3.8/site-packages/airflow/example_dags/subdags/subdag.py
[2022-03-30 17:37:12,450] {scheduler_job.py:645} WARNING - No viable dags retrieved from /home/airflow/sandbox/lib/python3.8/site-packages/airflow/example_dags/subdags/subdag.py
[2022-03-30 17:37:12,457] {scheduler_job.py:190} INFO - Processing /home/airflow/sandbox/lib/python3.8/site-packages/airflow/example_dags/subdags/subdag.py took 0.019 seconds
[2022-03-30 17:37:43,720] {scheduler_job.py:182} INFO - Started process (PID=125748) to work on /home/airflow/sandbox/lib/python3.8/site-packages/airflow/example_dags/subdags/subdag.py
[2022-03-30 17:37:43,723] {scheduler_job.py:633} INFO - Processing file /home/airflow/sandbox/lib/python3.8/site-packages/airflow/example_dags/subdags/subdag.py for tasks to queue
[2022-03-30 17:37:43,724] {logging_mixin.py:104} INFO - [2022-03-30 17:37:43,724] {dagbag.py:487} INFO - Filling up the DagBag from /home/airflow/sandbox/lib/python3.8/site-packages/airflow/example_dags/subdags/subdag.py
[2022-03-30 17:37:43,729] {scheduler_job.py:645} WARNING - No viable dags retrieved from /home/airflow/sandbox/lib/python3.8/site-packages/airflow/example_dags/subdags/subdag.py
[2022-03-30 17:37:43,740] {scheduler_job.py:190} INFO - Processing /home/airflow/sandbox/lib/python3.8/site-packages/airflow/example_dags/subdags/subdag.py took 0.026 seconds
[2022-03-30 17:38:19,293] {scheduler_job.py:182} INFO - Started process (PID=125780) to work on /home/airflow/sandbox/lib/python3.8/site-packages/airflow/example_dags/subdags/subdag.py
[2022-03-30 17:38:19,296] {scheduler_job.py:633} INFO - Processing file /home/airflow/sandbox/lib/python3.8/site-packages/airflow/example_dags/subdags/subdag.py for tasks to queue
[2022-03-30 17:38:19,297] {logging_mixin.py:104} INFO - [2022-03-30 17:38:19,297] {dagbag.py:487} INFO - Filling up the DagBag from /home/airflow/sandbox/lib/python3.8/site-packages/airflow/example_dags/subdags/subdag.py
[2022-03-30 17:38:19,301] {scheduler_job.py:645} WARNING - No viable dags retrieved from /home/airflow/sandbox/lib/python3.8/site-packages/airflow/example_dags/subdags/subdag.py
[2022-03-30 17:38:19,312] {scheduler_job.py:190} INFO - Processing /home/airflow/sandbox/lib/python3.8/site-packages/airflow/example_dags/subdags/subdag.py took 0.025 seconds
[2022-03-30 17:38:53,409] {scheduler_job.py:182} INFO - Started process (PID=125841) to work on /home/airflow/sandbox/lib/python3.8/site-packages/airflow/example_dags/subdags/subdag.py
[2022-03-30 17:38:53,411] {scheduler_job.py:633} INFO - Processing file /home/airflow/sandbox/lib/python3.8/site-packages/airflow/example_dags/subdags/subdag.py for tasks to queue
[2022-03-30 17:38:53,413] {logging_mixin.py:104} INFO - [2022-03-30 17:38:53,412] {dagbag.py:487} INFO - Filling up the DagBag from /home/airflow/sandbox/lib/python3.8/site-packages/airflow/example_dags/subdags/subdag.py
[2022-03-30 17:38:53,418] {scheduler_job.py:645} WARNING - No viable dags retrieved from /home/airflow/sandbox/lib/python3.8/site-packages/airflow/example_dags/subdags/subdag.py
[2022-03-30 17:38:53,429] {scheduler_job.py:190} INFO - Processing /home/airflow/sandbox/lib/python3.8/site-packages/airflow/example_dags/subdags/subdag.py took 0.028 seconds
[2022-03-30 17:39:27,032] {scheduler_job.py:182} INFO - Started process (PID=125900) to work on /home/airflow/sandbox/lib/python3.8/site-packages/airflow/example_dags/subdags/subdag.py
[2022-03-30 17:39:27,034] {scheduler_job.py:633} INFO - Processing file /home/airflow/sandbox/lib/python3.8/site-packages/airflow/example_dags/subdags/subdag.py for tasks to queue
[2022-03-30 17:39:27,036] {logging_mixin.py:104} INFO - [2022-03-30 17:39:27,036] {dagbag.py:487} INFO - Filling up the DagBag from /home/airflow/sandbox/lib/python3.8/site-packages/airflow/example_dags/subdags/subdag.py
[2022-03-30 17:39:27,043] {scheduler_job.py:645} WARNING - No viable dags retrieved from /home/airflow/sandbox/lib/python3.8/site-packages/airflow/example_dags/subdags/subdag.py
[2022-03-30 17:39:27,057] {scheduler_job.py:190} INFO - Processing /home/airflow/sandbox/lib/python3.8/site-packages/airflow/example_dags/subdags/subdag.py took 0.031 seconds
[2022-03-30 17:40:02,573] {scheduler_job.py:182} INFO - Started process (PID=125933) to work on /home/airflow/sandbox/lib/python3.8/site-packages/airflow/example_dags/subdags/subdag.py
[2022-03-30 17:40:02,574] {scheduler_job.py:633} INFO - Processing file /home/airflow/sandbox/lib/python3.8/site-packages/airflow/example_dags/subdags/subdag.py for tasks to queue
[2022-03-30 17:40:02,575] {logging_mixin.py:104} INFO - [2022-03-30 17:40:02,575] {dagbag.py:487} INFO - Filling up the DagBag from /home/airflow/sandbox/lib/python3.8/site-packages/airflow/example_dags/subdags/subdag.py
[2022-03-30 17:40:02,577] {scheduler_job.py:645} WARNING - No viable dags retrieved from /home/airflow/sandbox/lib/python3.8/site-packages/airflow/example_dags/subdags/subdag.py
[2022-03-30 17:40:02,587] {scheduler_job.py:190} INFO - Processing /home/airflow/sandbox/lib/python3.8/site-packages/airflow/example_dags/subdags/subdag.py took 0.016 seconds
[2022-03-30 17:40:33,429] {scheduler_job.py:182} INFO - Started process (PID=125985) to work on /home/airflow/sandbox/lib/python3.8/site-packages/airflow/example_dags/subdags/subdag.py
[2022-03-30 17:40:33,430] {scheduler_job.py:633} INFO - Processing file /home/airflow/sandbox/lib/python3.8/site-packages/airflow/example_dags/subdags/subdag.py for tasks to queue
[2022-03-30 17:40:33,431] {logging_mixin.py:104} INFO - [2022-03-30 17:40:33,431] {dagbag.py:487} INFO - Filling up the DagBag from /home/airflow/sandbox/lib/python3.8/site-packages/airflow/example_dags/subdags/subdag.py
[2022-03-30 17:40:33,433] {scheduler_job.py:645} WARNING - No viable dags retrieved from /home/airflow/sandbox/lib/python3.8/site-packages/airflow/example_dags/subdags/subdag.py
[2022-03-30 17:40:33,440] {scheduler_job.py:190} INFO - Processing /home/airflow/sandbox/lib/python3.8/site-packages/airflow/example_dags/subdags/subdag.py took 0.015 seconds
[2022-03-30 17:41:07,614] {scheduler_job.py:182} INFO - Started process (PID=126097) to work on /home/airflow/sandbox/lib/python3.8/site-packages/airflow/example_dags/subdags/subdag.py
[2022-03-30 17:41:07,615] {scheduler_job.py:633} INFO - Processing file /home/airflow/sandbox/lib/python3.8/site-packages/airflow/example_dags/subdags/subdag.py for tasks to queue
[2022-03-30 17:41:07,616] {logging_mixin.py:104} INFO - [2022-03-30 17:41:07,616] {dagbag.py:487} INFO - Filling up the DagBag from /home/airflow/sandbox/lib/python3.8/site-packages/airflow/example_dags/subdags/subdag.py
[2022-03-30 17:41:07,619] {scheduler_job.py:645} WARNING - No viable dags retrieved from /home/airflow/sandbox/lib/python3.8/site-packages/airflow/example_dags/subdags/subdag.py
[2022-03-30 17:41:07,631] {scheduler_job.py:190} INFO - Processing /home/airflow/sandbox/lib/python3.8/site-packages/airflow/example_dags/subdags/subdag.py took 0.022 seconds
[2022-03-30 17:41:40,250] {scheduler_job.py:182} INFO - Started process (PID=126128) to work on /home/airflow/sandbox/lib/python3.8/site-packages/airflow/example_dags/subdags/subdag.py
[2022-03-30 17:41:40,252] {scheduler_job.py:633} INFO - Processing file /home/airflow/sandbox/lib/python3.8/site-packages/airflow/example_dags/subdags/subdag.py for tasks to queue
[2022-03-30 17:41:40,253] {logging_mixin.py:104} INFO - [2022-03-30 17:41:40,253] {dagbag.py:487} INFO - Filling up the DagBag from /home/airflow/sandbox/lib/python3.8/site-packages/airflow/example_dags/subdags/subdag.py
[2022-03-30 17:41:40,256] {scheduler_job.py:645} WARNING - No viable dags retrieved from /home/airflow/sandbox/lib/python3.8/site-packages/airflow/example_dags/subdags/subdag.py
[2022-03-30 17:41:40,267] {scheduler_job.py:190} INFO - Processing /home/airflow/sandbox/lib/python3.8/site-packages/airflow/example_dags/subdags/subdag.py took 0.022 seconds
[2022-03-30 17:42:12,951] {scheduler_job.py:182} INFO - Started process (PID=126159) to work on /home/airflow/sandbox/lib/python3.8/site-packages/airflow/example_dags/subdags/subdag.py
[2022-03-30 17:42:12,953] {scheduler_job.py:633} INFO - Processing file /home/airflow/sandbox/lib/python3.8/site-packages/airflow/example_dags/subdags/subdag.py for tasks to queue
[2022-03-30 17:42:12,954] {logging_mixin.py:104} INFO - [2022-03-30 17:42:12,954] {dagbag.py:487} INFO - Filling up the DagBag from /home/airflow/sandbox/lib/python3.8/site-packages/airflow/example_dags/subdags/subdag.py
[2022-03-30 17:42:12,960] {scheduler_job.py:645} WARNING - No viable dags retrieved from /home/airflow/sandbox/lib/python3.8/site-packages/airflow/example_dags/subdags/subdag.py
[2022-03-30 17:42:12,978] {scheduler_job.py:190} INFO - Processing /home/airflow/sandbox/lib/python3.8/site-packages/airflow/example_dags/subdags/subdag.py took 0.032 seconds
[2022-03-30 17:42:44,213] {scheduler_job.py:182} INFO - Started process (PID=126189) to work on /home/airflow/sandbox/lib/python3.8/site-packages/airflow/example_dags/subdags/subdag.py
[2022-03-30 17:42:44,214] {scheduler_job.py:633} INFO - Processing file /home/airflow/sandbox/lib/python3.8/site-packages/airflow/example_dags/subdags/subdag.py for tasks to queue
[2022-03-30 17:42:44,215] {logging_mixin.py:104} INFO - [2022-03-30 17:42:44,215] {dagbag.py:487} INFO - Filling up the DagBag from /home/airflow/sandbox/lib/python3.8/site-packages/airflow/example_dags/subdags/subdag.py
[2022-03-30 17:42:44,219] {scheduler_job.py:645} WARNING - No viable dags retrieved from /home/airflow/sandbox/lib/python3.8/site-packages/airflow/example_dags/subdags/subdag.py
[2022-03-30 17:42:44,229] {scheduler_job.py:190} INFO - Processing /home/airflow/sandbox/lib/python3.8/site-packages/airflow/example_dags/subdags/subdag.py took 0.021 seconds
[2022-03-30 17:43:14,770] {scheduler_job.py:182} INFO - Started process (PID=126301) to work on /home/airflow/sandbox/lib/python3.8/site-packages/airflow/example_dags/subdags/subdag.py
[2022-03-30 17:43:14,775] {scheduler_job.py:633} INFO - Processing file /home/airflow/sandbox/lib/python3.8/site-packages/airflow/example_dags/subdags/subdag.py for tasks to queue
[2022-03-30 17:43:14,776] {logging_mixin.py:104} INFO - [2022-03-30 17:43:14,776] {dagbag.py:487} INFO - Filling up the DagBag from /home/airflow/sandbox/lib/python3.8/site-packages/airflow/example_dags/subdags/subdag.py
[2022-03-30 17:43:14,779] {scheduler_job.py:645} WARNING - No viable dags retrieved from /home/airflow/sandbox/lib/python3.8/site-packages/airflow/example_dags/subdags/subdag.py
[2022-03-30 17:43:14,788] {scheduler_job.py:190} INFO - Processing /home/airflow/sandbox/lib/python3.8/site-packages/airflow/example_dags/subdags/subdag.py took 0.021 seconds
[2022-03-30 17:43:47,329] {scheduler_job.py:182} INFO - Started process (PID=126356) to work on /home/airflow/sandbox/lib/python3.8/site-packages/airflow/example_dags/subdags/subdag.py
[2022-03-30 17:43:47,331] {scheduler_job.py:633} INFO - Processing file /home/airflow/sandbox/lib/python3.8/site-packages/airflow/example_dags/subdags/subdag.py for tasks to queue
[2022-03-30 17:43:47,332] {logging_mixin.py:104} INFO - [2022-03-30 17:43:47,332] {dagbag.py:487} INFO - Filling up the DagBag from /home/airflow/sandbox/lib/python3.8/site-packages/airflow/example_dags/subdags/subdag.py
[2022-03-30 17:43:47,337] {scheduler_job.py:645} WARNING - No viable dags retrieved from /home/airflow/sandbox/lib/python3.8/site-packages/airflow/example_dags/subdags/subdag.py
[2022-03-30 17:43:47,350] {scheduler_job.py:190} INFO - Processing /home/airflow/sandbox/lib/python3.8/site-packages/airflow/example_dags/subdags/subdag.py took 0.027 seconds
[2022-03-30 17:44:22,596] {scheduler_job.py:182} INFO - Started process (PID=126461) to work on /home/airflow/sandbox/lib/python3.8/site-packages/airflow/example_dags/subdags/subdag.py
[2022-03-30 17:44:22,597] {scheduler_job.py:633} INFO - Processing file /home/airflow/sandbox/lib/python3.8/site-packages/airflow/example_dags/subdags/subdag.py for tasks to queue
[2022-03-30 17:44:22,598] {logging_mixin.py:104} INFO - [2022-03-30 17:44:22,598] {dagbag.py:487} INFO - Filling up the DagBag from /home/airflow/sandbox/lib/python3.8/site-packages/airflow/example_dags/subdags/subdag.py
[2022-03-30 17:44:22,602] {scheduler_job.py:645} WARNING - No viable dags retrieved from /home/airflow/sandbox/lib/python3.8/site-packages/airflow/example_dags/subdags/subdag.py
[2022-03-30 17:44:22,612] {scheduler_job.py:190} INFO - Processing /home/airflow/sandbox/lib/python3.8/site-packages/airflow/example_dags/subdags/subdag.py took 0.020 seconds
[2022-03-30 17:44:53,059] {scheduler_job.py:182} INFO - Started process (PID=126549) to work on /home/airflow/sandbox/lib/python3.8/site-packages/airflow/example_dags/subdags/subdag.py
[2022-03-30 17:44:53,060] {scheduler_job.py:633} INFO - Processing file /home/airflow/sandbox/lib/python3.8/site-packages/airflow/example_dags/subdags/subdag.py for tasks to queue
[2022-03-30 17:44:53,060] {logging_mixin.py:104} INFO - [2022-03-30 17:44:53,060] {dagbag.py:487} INFO - Filling up the DagBag from /home/airflow/sandbox/lib/python3.8/site-packages/airflow/example_dags/subdags/subdag.py
[2022-03-30 17:44:53,063] {scheduler_job.py:645} WARNING - No viable dags retrieved from /home/airflow/sandbox/lib/python3.8/site-packages/airflow/example_dags/subdags/subdag.py
[2022-03-30 17:44:53,077] {scheduler_job.py:190} INFO - Processing /home/airflow/sandbox/lib/python3.8/site-packages/airflow/example_dags/subdags/subdag.py took 0.021 seconds
[2022-03-30 17:45:26,162] {scheduler_job.py:182} INFO - Started process (PID=126580) to work on /home/airflow/sandbox/lib/python3.8/site-packages/airflow/example_dags/subdags/subdag.py
[2022-03-30 17:45:26,164] {scheduler_job.py:633} INFO - Processing file /home/airflow/sandbox/lib/python3.8/site-packages/airflow/example_dags/subdags/subdag.py for tasks to queue
[2022-03-30 17:45:26,165] {logging_mixin.py:104} INFO - [2022-03-30 17:45:26,164] {dagbag.py:487} INFO - Filling up the DagBag from /home/airflow/sandbox/lib/python3.8/site-packages/airflow/example_dags/subdags/subdag.py
[2022-03-30 17:45:26,168] {scheduler_job.py:645} WARNING - No viable dags retrieved from /home/airflow/sandbox/lib/python3.8/site-packages/airflow/example_dags/subdags/subdag.py
[2022-03-30 17:45:26,182] {scheduler_job.py:190} INFO - Processing /home/airflow/sandbox/lib/python3.8/site-packages/airflow/example_dags/subdags/subdag.py took 0.022 seconds
[2022-03-30 17:45:59,227] {scheduler_job.py:182} INFO - Started process (PID=126654) to work on /home/airflow/sandbox/lib/python3.8/site-packages/airflow/example_dags/subdags/subdag.py
[2022-03-30 17:45:59,229] {scheduler_job.py:633} INFO - Processing file /home/airflow/sandbox/lib/python3.8/site-packages/airflow/example_dags/subdags/subdag.py for tasks to queue
[2022-03-30 17:45:59,229] {logging_mixin.py:104} INFO - [2022-03-30 17:45:59,229] {dagbag.py:487} INFO - Filling up the DagBag from /home/airflow/sandbox/lib/python3.8/site-packages/airflow/example_dags/subdags/subdag.py
[2022-03-30 17:45:59,231] {scheduler_job.py:645} WARNING - No viable dags retrieved from /home/airflow/sandbox/lib/python3.8/site-packages/airflow/example_dags/subdags/subdag.py
[2022-03-30 17:45:59,237] {scheduler_job.py:190} INFO - Processing /home/airflow/sandbox/lib/python3.8/site-packages/airflow/example_dags/subdags/subdag.py took 0.012 seconds
[2022-03-30 17:46:31,414] {scheduler_job.py:182} INFO - Started process (PID=126683) to work on /home/airflow/sandbox/lib/python3.8/site-packages/airflow/example_dags/subdags/subdag.py
[2022-03-30 17:46:31,415] {scheduler_job.py:633} INFO - Processing file /home/airflow/sandbox/lib/python3.8/site-packages/airflow/example_dags/subdags/subdag.py for tasks to queue
[2022-03-30 17:46:31,416] {logging_mixin.py:104} INFO - [2022-03-30 17:46:31,416] {dagbag.py:487} INFO - Filling up the DagBag from /home/airflow/sandbox/lib/python3.8/site-packages/airflow/example_dags/subdags/subdag.py
[2022-03-30 17:46:31,419] {scheduler_job.py:645} WARNING - No viable dags retrieved from /home/airflow/sandbox/lib/python3.8/site-packages/airflow/example_dags/subdags/subdag.py
[2022-03-30 17:46:31,428] {scheduler_job.py:190} INFO - Processing /home/airflow/sandbox/lib/python3.8/site-packages/airflow/example_dags/subdags/subdag.py took 0.016 seconds
[2022-03-30 17:47:03,414] {scheduler_job.py:182} INFO - Started process (PID=126766) to work on /home/airflow/sandbox/lib/python3.8/site-packages/airflow/example_dags/subdags/subdag.py
[2022-03-30 17:47:03,417] {scheduler_job.py:633} INFO - Processing file /home/airflow/sandbox/lib/python3.8/site-packages/airflow/example_dags/subdags/subdag.py for tasks to queue
[2022-03-30 17:47:03,417] {logging_mixin.py:104} INFO - [2022-03-30 17:47:03,417] {dagbag.py:487} INFO - Filling up the DagBag from /home/airflow/sandbox/lib/python3.8/site-packages/airflow/example_dags/subdags/subdag.py
[2022-03-30 17:47:03,420] {scheduler_job.py:645} WARNING - No viable dags retrieved from /home/airflow/sandbox/lib/python3.8/site-packages/airflow/example_dags/subdags/subdag.py
[2022-03-30 17:47:03,433] {scheduler_job.py:190} INFO - Processing /home/airflow/sandbox/lib/python3.8/site-packages/airflow/example_dags/subdags/subdag.py took 0.024 seconds
[2022-03-30 17:47:35,731] {scheduler_job.py:182} INFO - Started process (PID=126869) to work on /home/airflow/sandbox/lib/python3.8/site-packages/airflow/example_dags/subdags/subdag.py
[2022-03-30 17:47:35,733] {scheduler_job.py:633} INFO - Processing file /home/airflow/sandbox/lib/python3.8/site-packages/airflow/example_dags/subdags/subdag.py for tasks to queue
[2022-03-30 17:47:35,734] {logging_mixin.py:104} INFO - [2022-03-30 17:47:35,734] {dagbag.py:487} INFO - Filling up the DagBag from /home/airflow/sandbox/lib/python3.8/site-packages/airflow/example_dags/subdags/subdag.py
[2022-03-30 17:47:35,744] {scheduler_job.py:645} WARNING - No viable dags retrieved from /home/airflow/sandbox/lib/python3.8/site-packages/airflow/example_dags/subdags/subdag.py
[2022-03-30 17:47:35,750] {scheduler_job.py:190} INFO - Processing /home/airflow/sandbox/lib/python3.8/site-packages/airflow/example_dags/subdags/subdag.py took 0.024 seconds
[2022-03-30 17:48:08,347] {scheduler_job.py:182} INFO - Started process (PID=126900) to work on /home/airflow/sandbox/lib/python3.8/site-packages/airflow/example_dags/subdags/subdag.py
[2022-03-30 17:48:08,349] {scheduler_job.py:633} INFO - Processing file /home/airflow/sandbox/lib/python3.8/site-packages/airflow/example_dags/subdags/subdag.py for tasks to queue
[2022-03-30 17:48:08,350] {logging_mixin.py:104} INFO - [2022-03-30 17:48:08,349] {dagbag.py:487} INFO - Filling up the DagBag from /home/airflow/sandbox/lib/python3.8/site-packages/airflow/example_dags/subdags/subdag.py
[2022-03-30 17:48:08,355] {scheduler_job.py:645} WARNING - No viable dags retrieved from /home/airflow/sandbox/lib/python3.8/site-packages/airflow/example_dags/subdags/subdag.py
[2022-03-30 17:48:08,365] {scheduler_job.py:190} INFO - Processing /home/airflow/sandbox/lib/python3.8/site-packages/airflow/example_dags/subdags/subdag.py took 0.024 seconds
[2022-03-30 17:48:42,476] {scheduler_job.py:182} INFO - Started process (PID=126932) to work on /home/airflow/sandbox/lib/python3.8/site-packages/airflow/example_dags/subdags/subdag.py
[2022-03-30 17:48:42,478] {scheduler_job.py:633} INFO - Processing file /home/airflow/sandbox/lib/python3.8/site-packages/airflow/example_dags/subdags/subdag.py for tasks to queue
[2022-03-30 17:48:42,480] {logging_mixin.py:104} INFO - [2022-03-30 17:48:42,479] {dagbag.py:487} INFO - Filling up the DagBag from /home/airflow/sandbox/lib/python3.8/site-packages/airflow/example_dags/subdags/subdag.py
[2022-03-30 17:48:42,485] {scheduler_job.py:645} WARNING - No viable dags retrieved from /home/airflow/sandbox/lib/python3.8/site-packages/airflow/example_dags/subdags/subdag.py
[2022-03-30 17:48:42,496] {scheduler_job.py:190} INFO - Processing /home/airflow/sandbox/lib/python3.8/site-packages/airflow/example_dags/subdags/subdag.py took 0.026 seconds
[2022-03-30 17:49:12,784] {scheduler_job.py:182} INFO - Started process (PID=126961) to work on /home/airflow/sandbox/lib/python3.8/site-packages/airflow/example_dags/subdags/subdag.py
[2022-03-30 17:49:12,784] {scheduler_job.py:633} INFO - Processing file /home/airflow/sandbox/lib/python3.8/site-packages/airflow/example_dags/subdags/subdag.py for tasks to queue
[2022-03-30 17:49:12,785] {logging_mixin.py:104} INFO - [2022-03-30 17:49:12,785] {dagbag.py:487} INFO - Filling up the DagBag from /home/airflow/sandbox/lib/python3.8/site-packages/airflow/example_dags/subdags/subdag.py
[2022-03-30 17:49:12,787] {scheduler_job.py:645} WARNING - No viable dags retrieved from /home/airflow/sandbox/lib/python3.8/site-packages/airflow/example_dags/subdags/subdag.py
[2022-03-30 17:49:12,799] {scheduler_job.py:190} INFO - Processing /home/airflow/sandbox/lib/python3.8/site-packages/airflow/example_dags/subdags/subdag.py took 0.018 seconds
[2022-03-30 17:49:43,127] {scheduler_job.py:182} INFO - Started process (PID=126990) to work on /home/airflow/sandbox/lib/python3.8/site-packages/airflow/example_dags/subdags/subdag.py
[2022-03-30 17:49:43,128] {scheduler_job.py:633} INFO - Processing file /home/airflow/sandbox/lib/python3.8/site-packages/airflow/example_dags/subdags/subdag.py for tasks to queue
[2022-03-30 17:49:43,129] {logging_mixin.py:104} INFO - [2022-03-30 17:49:43,129] {dagbag.py:487} INFO - Filling up the DagBag from /home/airflow/sandbox/lib/python3.8/site-packages/airflow/example_dags/subdags/subdag.py
[2022-03-30 17:49:43,135] {scheduler_job.py:645} WARNING - No viable dags retrieved from /home/airflow/sandbox/lib/python3.8/site-packages/airflow/example_dags/subdags/subdag.py
[2022-03-30 17:49:43,143] {scheduler_job.py:190} INFO - Processing /home/airflow/sandbox/lib/python3.8/site-packages/airflow/example_dags/subdags/subdag.py took 0.022 seconds
[2022-03-30 17:50:15,203] {scheduler_job.py:182} INFO - Started process (PID=127021) to work on /home/airflow/sandbox/lib/python3.8/site-packages/airflow/example_dags/subdags/subdag.py
[2022-03-30 17:50:15,205] {scheduler_job.py:633} INFO - Processing file /home/airflow/sandbox/lib/python3.8/site-packages/airflow/example_dags/subdags/subdag.py for tasks to queue
[2022-03-30 17:50:15,206] {logging_mixin.py:104} INFO - [2022-03-30 17:50:15,206] {dagbag.py:487} INFO - Filling up the DagBag from /home/airflow/sandbox/lib/python3.8/site-packages/airflow/example_dags/subdags/subdag.py
[2022-03-30 17:50:15,210] {scheduler_job.py:645} WARNING - No viable dags retrieved from /home/airflow/sandbox/lib/python3.8/site-packages/airflow/example_dags/subdags/subdag.py
[2022-03-30 17:50:15,220] {scheduler_job.py:190} INFO - Processing /home/airflow/sandbox/lib/python3.8/site-packages/airflow/example_dags/subdags/subdag.py took 0.022 seconds
[2022-03-30 17:50:48,204] {scheduler_job.py:182} INFO - Started process (PID=127095) to work on /home/airflow/sandbox/lib/python3.8/site-packages/airflow/example_dags/subdags/subdag.py
[2022-03-30 17:50:48,206] {scheduler_job.py:633} INFO - Processing file /home/airflow/sandbox/lib/python3.8/site-packages/airflow/example_dags/subdags/subdag.py for tasks to queue
[2022-03-30 17:50:48,207] {logging_mixin.py:104} INFO - [2022-03-30 17:50:48,207] {dagbag.py:487} INFO - Filling up the DagBag from /home/airflow/sandbox/lib/python3.8/site-packages/airflow/example_dags/subdags/subdag.py
[2022-03-30 17:50:48,210] {scheduler_job.py:645} WARNING - No viable dags retrieved from /home/airflow/sandbox/lib/python3.8/site-packages/airflow/example_dags/subdags/subdag.py
[2022-03-30 17:50:48,217] {scheduler_job.py:190} INFO - Processing /home/airflow/sandbox/lib/python3.8/site-packages/airflow/example_dags/subdags/subdag.py took 0.016 seconds
[2022-03-30 17:51:20,058] {scheduler_job.py:182} INFO - Started process (PID=127124) to work on /home/airflow/sandbox/lib/python3.8/site-packages/airflow/example_dags/subdags/subdag.py
[2022-03-30 17:51:20,059] {scheduler_job.py:633} INFO - Processing file /home/airflow/sandbox/lib/python3.8/site-packages/airflow/example_dags/subdags/subdag.py for tasks to queue
[2022-03-30 17:51:20,059] {logging_mixin.py:104} INFO - [2022-03-30 17:51:20,059] {dagbag.py:487} INFO - Filling up the DagBag from /home/airflow/sandbox/lib/python3.8/site-packages/airflow/example_dags/subdags/subdag.py
[2022-03-30 17:51:20,061] {scheduler_job.py:645} WARNING - No viable dags retrieved from /home/airflow/sandbox/lib/python3.8/site-packages/airflow/example_dags/subdags/subdag.py
[2022-03-30 17:51:20,066] {scheduler_job.py:190} INFO - Processing /home/airflow/sandbox/lib/python3.8/site-packages/airflow/example_dags/subdags/subdag.py took 0.011 seconds
[2022-03-30 17:51:51,422] {scheduler_job.py:182} INFO - Started process (PID=127154) to work on /home/airflow/sandbox/lib/python3.8/site-packages/airflow/example_dags/subdags/subdag.py
[2022-03-30 17:51:51,423] {scheduler_job.py:633} INFO - Processing file /home/airflow/sandbox/lib/python3.8/site-packages/airflow/example_dags/subdags/subdag.py for tasks to queue
[2022-03-30 17:51:51,424] {logging_mixin.py:104} INFO - [2022-03-30 17:51:51,424] {dagbag.py:487} INFO - Filling up the DagBag from /home/airflow/sandbox/lib/python3.8/site-packages/airflow/example_dags/subdags/subdag.py
[2022-03-30 17:51:51,427] {scheduler_job.py:645} WARNING - No viable dags retrieved from /home/airflow/sandbox/lib/python3.8/site-packages/airflow/example_dags/subdags/subdag.py
[2022-03-30 17:51:51,436] {scheduler_job.py:190} INFO - Processing /home/airflow/sandbox/lib/python3.8/site-packages/airflow/example_dags/subdags/subdag.py took 0.017 seconds
[2022-03-30 17:52:26,371] {scheduler_job.py:182} INFO - Started process (PID=127186) to work on /home/airflow/sandbox/lib/python3.8/site-packages/airflow/example_dags/subdags/subdag.py
[2022-03-30 17:52:26,373] {scheduler_job.py:633} INFO - Processing file /home/airflow/sandbox/lib/python3.8/site-packages/airflow/example_dags/subdags/subdag.py for tasks to queue
[2022-03-30 17:52:26,375] {logging_mixin.py:104} INFO - [2022-03-30 17:52:26,375] {dagbag.py:487} INFO - Filling up the DagBag from /home/airflow/sandbox/lib/python3.8/site-packages/airflow/example_dags/subdags/subdag.py
[2022-03-30 17:52:26,379] {scheduler_job.py:645} WARNING - No viable dags retrieved from /home/airflow/sandbox/lib/python3.8/site-packages/airflow/example_dags/subdags/subdag.py
[2022-03-30 17:52:26,386] {scheduler_job.py:190} INFO - Processing /home/airflow/sandbox/lib/python3.8/site-packages/airflow/example_dags/subdags/subdag.py took 0.020 seconds
[2022-03-30 17:52:58,747] {scheduler_job.py:182} INFO - Started process (PID=127217) to work on /home/airflow/sandbox/lib/python3.8/site-packages/airflow/example_dags/subdags/subdag.py
[2022-03-30 17:52:58,751] {scheduler_job.py:633} INFO - Processing file /home/airflow/sandbox/lib/python3.8/site-packages/airflow/example_dags/subdags/subdag.py for tasks to queue
[2022-03-30 17:52:58,753] {logging_mixin.py:104} INFO - [2022-03-30 17:52:58,752] {dagbag.py:487} INFO - Filling up the DagBag from /home/airflow/sandbox/lib/python3.8/site-packages/airflow/example_dags/subdags/subdag.py
[2022-03-30 17:52:58,760] {scheduler_job.py:645} WARNING - No viable dags retrieved from /home/airflow/sandbox/lib/python3.8/site-packages/airflow/example_dags/subdags/subdag.py
[2022-03-30 17:52:58,770] {scheduler_job.py:190} INFO - Processing /home/airflow/sandbox/lib/python3.8/site-packages/airflow/example_dags/subdags/subdag.py took 0.032 seconds
[2022-03-30 17:53:30,701] {scheduler_job.py:182} INFO - Started process (PID=127247) to work on /home/airflow/sandbox/lib/python3.8/site-packages/airflow/example_dags/subdags/subdag.py
[2022-03-30 17:53:30,703] {scheduler_job.py:633} INFO - Processing file /home/airflow/sandbox/lib/python3.8/site-packages/airflow/example_dags/subdags/subdag.py for tasks to queue
[2022-03-30 17:53:30,703] {logging_mixin.py:104} INFO - [2022-03-30 17:53:30,703] {dagbag.py:487} INFO - Filling up the DagBag from /home/airflow/sandbox/lib/python3.8/site-packages/airflow/example_dags/subdags/subdag.py
[2022-03-30 17:53:30,706] {scheduler_job.py:645} WARNING - No viable dags retrieved from /home/airflow/sandbox/lib/python3.8/site-packages/airflow/example_dags/subdags/subdag.py
[2022-03-30 17:53:30,714] {scheduler_job.py:190} INFO - Processing /home/airflow/sandbox/lib/python3.8/site-packages/airflow/example_dags/subdags/subdag.py took 0.016 seconds
[2022-03-30 17:54:06,798] {scheduler_job.py:182} INFO - Started process (PID=127279) to work on /home/airflow/sandbox/lib/python3.8/site-packages/airflow/example_dags/subdags/subdag.py
[2022-03-30 17:54:06,798] {scheduler_job.py:633} INFO - Processing file /home/airflow/sandbox/lib/python3.8/site-packages/airflow/example_dags/subdags/subdag.py for tasks to queue
[2022-03-30 17:54:06,799] {logging_mixin.py:104} INFO - [2022-03-30 17:54:06,799] {dagbag.py:487} INFO - Filling up the DagBag from /home/airflow/sandbox/lib/python3.8/site-packages/airflow/example_dags/subdags/subdag.py
[2022-03-30 17:54:06,801] {scheduler_job.py:645} WARNING - No viable dags retrieved from /home/airflow/sandbox/lib/python3.8/site-packages/airflow/example_dags/subdags/subdag.py
[2022-03-30 17:54:06,815] {scheduler_job.py:190} INFO - Processing /home/airflow/sandbox/lib/python3.8/site-packages/airflow/example_dags/subdags/subdag.py took 0.023 seconds
[2022-03-30 17:54:39,078] {scheduler_job.py:182} INFO - Started process (PID=127309) to work on /home/airflow/sandbox/lib/python3.8/site-packages/airflow/example_dags/subdags/subdag.py
[2022-03-30 17:54:39,079] {scheduler_job.py:633} INFO - Processing file /home/airflow/sandbox/lib/python3.8/site-packages/airflow/example_dags/subdags/subdag.py for tasks to queue
[2022-03-30 17:54:39,079] {logging_mixin.py:104} INFO - [2022-03-30 17:54:39,079] {dagbag.py:487} INFO - Filling up the DagBag from /home/airflow/sandbox/lib/python3.8/site-packages/airflow/example_dags/subdags/subdag.py
[2022-03-30 17:54:39,082] {scheduler_job.py:645} WARNING - No viable dags retrieved from /home/airflow/sandbox/lib/python3.8/site-packages/airflow/example_dags/subdags/subdag.py
[2022-03-30 17:54:39,088] {scheduler_job.py:190} INFO - Processing /home/airflow/sandbox/lib/python3.8/site-packages/airflow/example_dags/subdags/subdag.py took 0.013 seconds
[2022-03-30 17:55:10,579] {scheduler_job.py:182} INFO - Started process (PID=127338) to work on /home/airflow/sandbox/lib/python3.8/site-packages/airflow/example_dags/subdags/subdag.py
[2022-03-30 17:55:10,581] {scheduler_job.py:633} INFO - Processing file /home/airflow/sandbox/lib/python3.8/site-packages/airflow/example_dags/subdags/subdag.py for tasks to queue
[2022-03-30 17:55:10,582] {logging_mixin.py:104} INFO - [2022-03-30 17:55:10,582] {dagbag.py:487} INFO - Filling up the DagBag from /home/airflow/sandbox/lib/python3.8/site-packages/airflow/example_dags/subdags/subdag.py
[2022-03-30 17:55:10,584] {scheduler_job.py:645} WARNING - No viable dags retrieved from /home/airflow/sandbox/lib/python3.8/site-packages/airflow/example_dags/subdags/subdag.py
[2022-03-30 17:55:10,590] {scheduler_job.py:190} INFO - Processing /home/airflow/sandbox/lib/python3.8/site-packages/airflow/example_dags/subdags/subdag.py took 0.016 seconds
[2022-03-30 17:55:42,360] {scheduler_job.py:182} INFO - Started process (PID=127435) to work on /home/airflow/sandbox/lib/python3.8/site-packages/airflow/example_dags/subdags/subdag.py
[2022-03-30 17:55:42,362] {scheduler_job.py:633} INFO - Processing file /home/airflow/sandbox/lib/python3.8/site-packages/airflow/example_dags/subdags/subdag.py for tasks to queue
[2022-03-30 17:55:42,363] {logging_mixin.py:104} INFO - [2022-03-30 17:55:42,363] {dagbag.py:487} INFO - Filling up the DagBag from /home/airflow/sandbox/lib/python3.8/site-packages/airflow/example_dags/subdags/subdag.py
[2022-03-30 17:55:42,367] {scheduler_job.py:645} WARNING - No viable dags retrieved from /home/airflow/sandbox/lib/python3.8/site-packages/airflow/example_dags/subdags/subdag.py
[2022-03-30 17:55:42,375] {scheduler_job.py:190} INFO - Processing /home/airflow/sandbox/lib/python3.8/site-packages/airflow/example_dags/subdags/subdag.py took 0.022 seconds
[2022-03-30 17:56:19,093] {scheduler_job.py:182} INFO - Started process (PID=127554) to work on /home/airflow/sandbox/lib/python3.8/site-packages/airflow/example_dags/subdags/subdag.py
[2022-03-30 17:56:19,095] {scheduler_job.py:633} INFO - Processing file /home/airflow/sandbox/lib/python3.8/site-packages/airflow/example_dags/subdags/subdag.py for tasks to queue
[2022-03-30 17:56:19,097] {logging_mixin.py:104} INFO - [2022-03-30 17:56:19,097] {dagbag.py:487} INFO - Filling up the DagBag from /home/airflow/sandbox/lib/python3.8/site-packages/airflow/example_dags/subdags/subdag.py
[2022-03-30 17:56:19,102] {scheduler_job.py:645} WARNING - No viable dags retrieved from /home/airflow/sandbox/lib/python3.8/site-packages/airflow/example_dags/subdags/subdag.py
[2022-03-30 17:56:19,116] {scheduler_job.py:190} INFO - Processing /home/airflow/sandbox/lib/python3.8/site-packages/airflow/example_dags/subdags/subdag.py took 0.029 seconds
[2022-03-30 17:56:52,080] {scheduler_job.py:182} INFO - Started process (PID=127595) to work on /home/airflow/sandbox/lib/python3.8/site-packages/airflow/example_dags/subdags/subdag.py
[2022-03-30 17:56:52,081] {scheduler_job.py:633} INFO - Processing file /home/airflow/sandbox/lib/python3.8/site-packages/airflow/example_dags/subdags/subdag.py for tasks to queue
[2022-03-30 17:56:52,081] {logging_mixin.py:104} INFO - [2022-03-30 17:56:52,081] {dagbag.py:487} INFO - Filling up the DagBag from /home/airflow/sandbox/lib/python3.8/site-packages/airflow/example_dags/subdags/subdag.py
[2022-03-30 17:56:52,084] {scheduler_job.py:645} WARNING - No viable dags retrieved from /home/airflow/sandbox/lib/python3.8/site-packages/airflow/example_dags/subdags/subdag.py
[2022-03-30 17:56:52,090] {scheduler_job.py:190} INFO - Processing /home/airflow/sandbox/lib/python3.8/site-packages/airflow/example_dags/subdags/subdag.py took 0.015 seconds
[2022-03-30 17:57:25,906] {scheduler_job.py:182} INFO - Started process (PID=127650) to work on /home/airflow/sandbox/lib/python3.8/site-packages/airflow/example_dags/subdags/subdag.py
[2022-03-30 17:57:25,909] {scheduler_job.py:633} INFO - Processing file /home/airflow/sandbox/lib/python3.8/site-packages/airflow/example_dags/subdags/subdag.py for tasks to queue
[2022-03-30 17:57:25,910] {logging_mixin.py:104} INFO - [2022-03-30 17:57:25,910] {dagbag.py:487} INFO - Filling up the DagBag from /home/airflow/sandbox/lib/python3.8/site-packages/airflow/example_dags/subdags/subdag.py
[2022-03-30 17:57:25,916] {scheduler_job.py:645} WARNING - No viable dags retrieved from /home/airflow/sandbox/lib/python3.8/site-packages/airflow/example_dags/subdags/subdag.py
[2022-03-30 17:57:25,934] {scheduler_job.py:190} INFO - Processing /home/airflow/sandbox/lib/python3.8/site-packages/airflow/example_dags/subdags/subdag.py took 0.033 seconds
[2022-03-30 17:58:01,261] {scheduler_job.py:182} INFO - Started process (PID=127790) to work on /home/airflow/sandbox/lib/python3.8/site-packages/airflow/example_dags/subdags/subdag.py
[2022-03-30 17:58:01,264] {scheduler_job.py:633} INFO - Processing file /home/airflow/sandbox/lib/python3.8/site-packages/airflow/example_dags/subdags/subdag.py for tasks to queue
[2022-03-30 17:58:01,265] {logging_mixin.py:104} INFO - [2022-03-30 17:58:01,265] {dagbag.py:487} INFO - Filling up the DagBag from /home/airflow/sandbox/lib/python3.8/site-packages/airflow/example_dags/subdags/subdag.py
[2022-03-30 17:58:01,268] {scheduler_job.py:645} WARNING - No viable dags retrieved from /home/airflow/sandbox/lib/python3.8/site-packages/airflow/example_dags/subdags/subdag.py
[2022-03-30 17:58:01,279] {scheduler_job.py:190} INFO - Processing /home/airflow/sandbox/lib/python3.8/site-packages/airflow/example_dags/subdags/subdag.py took 0.022 seconds
[2022-03-30 17:58:35,602] {scheduler_job.py:182} INFO - Started process (PID=127820) to work on /home/airflow/sandbox/lib/python3.8/site-packages/airflow/example_dags/subdags/subdag.py
[2022-03-30 17:58:35,604] {scheduler_job.py:633} INFO - Processing file /home/airflow/sandbox/lib/python3.8/site-packages/airflow/example_dags/subdags/subdag.py for tasks to queue
[2022-03-30 17:58:35,606] {logging_mixin.py:104} INFO - [2022-03-30 17:58:35,606] {dagbag.py:487} INFO - Filling up the DagBag from /home/airflow/sandbox/lib/python3.8/site-packages/airflow/example_dags/subdags/subdag.py
[2022-03-30 17:58:35,612] {scheduler_job.py:645} WARNING - No viable dags retrieved from /home/airflow/sandbox/lib/python3.8/site-packages/airflow/example_dags/subdags/subdag.py
[2022-03-30 17:58:35,627] {scheduler_job.py:190} INFO - Processing /home/airflow/sandbox/lib/python3.8/site-packages/airflow/example_dags/subdags/subdag.py took 0.031 seconds
[2022-03-30 17:59:10,892] {scheduler_job.py:182} INFO - Started process (PID=127849) to work on /home/airflow/sandbox/lib/python3.8/site-packages/airflow/example_dags/subdags/subdag.py
[2022-03-30 17:59:10,895] {scheduler_job.py:633} INFO - Processing file /home/airflow/sandbox/lib/python3.8/site-packages/airflow/example_dags/subdags/subdag.py for tasks to queue
[2022-03-30 17:59:10,896] {logging_mixin.py:104} INFO - [2022-03-30 17:59:10,895] {dagbag.py:487} INFO - Filling up the DagBag from /home/airflow/sandbox/lib/python3.8/site-packages/airflow/example_dags/subdags/subdag.py
[2022-03-30 17:59:10,899] {scheduler_job.py:645} WARNING - No viable dags retrieved from /home/airflow/sandbox/lib/python3.8/site-packages/airflow/example_dags/subdags/subdag.py
[2022-03-30 17:59:10,911] {scheduler_job.py:190} INFO - Processing /home/airflow/sandbox/lib/python3.8/site-packages/airflow/example_dags/subdags/subdag.py took 0.026 seconds
[2022-03-30 17:59:45,010] {scheduler_job.py:182} INFO - Started process (PID=127908) to work on /home/airflow/sandbox/lib/python3.8/site-packages/airflow/example_dags/subdags/subdag.py
[2022-03-30 17:59:45,012] {scheduler_job.py:633} INFO - Processing file /home/airflow/sandbox/lib/python3.8/site-packages/airflow/example_dags/subdags/subdag.py for tasks to queue
[2022-03-30 17:59:45,013] {logging_mixin.py:104} INFO - [2022-03-30 17:59:45,013] {dagbag.py:487} INFO - Filling up the DagBag from /home/airflow/sandbox/lib/python3.8/site-packages/airflow/example_dags/subdags/subdag.py
[2022-03-30 17:59:45,017] {scheduler_job.py:645} WARNING - No viable dags retrieved from /home/airflow/sandbox/lib/python3.8/site-packages/airflow/example_dags/subdags/subdag.py
[2022-03-30 17:59:45,026] {scheduler_job.py:190} INFO - Processing /home/airflow/sandbox/lib/python3.8/site-packages/airflow/example_dags/subdags/subdag.py took 0.022 seconds
[2022-03-30 18:00:24,641] {scheduler_job.py:182} INFO - Started process (PID=127940) to work on /home/airflow/sandbox/lib/python3.8/site-packages/airflow/example_dags/subdags/subdag.py
[2022-03-30 18:00:24,642] {scheduler_job.py:633} INFO - Processing file /home/airflow/sandbox/lib/python3.8/site-packages/airflow/example_dags/subdags/subdag.py for tasks to queue
[2022-03-30 18:00:24,643] {logging_mixin.py:104} INFO - [2022-03-30 18:00:24,643] {dagbag.py:487} INFO - Filling up the DagBag from /home/airflow/sandbox/lib/python3.8/site-packages/airflow/example_dags/subdags/subdag.py
[2022-03-30 18:00:24,646] {scheduler_job.py:645} WARNING - No viable dags retrieved from /home/airflow/sandbox/lib/python3.8/site-packages/airflow/example_dags/subdags/subdag.py
[2022-03-30 18:00:24,657] {scheduler_job.py:190} INFO - Processing /home/airflow/sandbox/lib/python3.8/site-packages/airflow/example_dags/subdags/subdag.py took 0.019 seconds
[2022-03-30 18:01:00,860] {scheduler_job.py:182} INFO - Started process (PID=128017) to work on /home/airflow/sandbox/lib/python3.8/site-packages/airflow/example_dags/subdags/subdag.py
[2022-03-30 18:01:00,863] {scheduler_job.py:633} INFO - Processing file /home/airflow/sandbox/lib/python3.8/site-packages/airflow/example_dags/subdags/subdag.py for tasks to queue
[2022-03-30 18:01:00,865] {logging_mixin.py:104} INFO - [2022-03-30 18:01:00,865] {dagbag.py:487} INFO - Filling up the DagBag from /home/airflow/sandbox/lib/python3.8/site-packages/airflow/example_dags/subdags/subdag.py
[2022-03-30 18:01:00,872] {scheduler_job.py:645} WARNING - No viable dags retrieved from /home/airflow/sandbox/lib/python3.8/site-packages/airflow/example_dags/subdags/subdag.py
[2022-03-30 18:01:00,881] {scheduler_job.py:190} INFO - Processing /home/airflow/sandbox/lib/python3.8/site-packages/airflow/example_dags/subdags/subdag.py took 0.026 seconds
[2022-03-30 18:01:36,533] {scheduler_job.py:182} INFO - Started process (PID=128049) to work on /home/airflow/sandbox/lib/python3.8/site-packages/airflow/example_dags/subdags/subdag.py
[2022-03-30 18:01:36,536] {scheduler_job.py:633} INFO - Processing file /home/airflow/sandbox/lib/python3.8/site-packages/airflow/example_dags/subdags/subdag.py for tasks to queue
[2022-03-30 18:01:36,537] {logging_mixin.py:104} INFO - [2022-03-30 18:01:36,537] {dagbag.py:487} INFO - Filling up the DagBag from /home/airflow/sandbox/lib/python3.8/site-packages/airflow/example_dags/subdags/subdag.py
[2022-03-30 18:01:36,542] {scheduler_job.py:645} WARNING - No viable dags retrieved from /home/airflow/sandbox/lib/python3.8/site-packages/airflow/example_dags/subdags/subdag.py
[2022-03-30 18:01:36,625] {scheduler_job.py:190} INFO - Processing /home/airflow/sandbox/lib/python3.8/site-packages/airflow/example_dags/subdags/subdag.py took 0.096 seconds
[2022-03-30 18:02:06,791] {scheduler_job.py:182} INFO - Started process (PID=128075) to work on /home/airflow/sandbox/lib/python3.8/site-packages/airflow/example_dags/subdags/subdag.py
[2022-03-30 18:02:06,793] {scheduler_job.py:633} INFO - Processing file /home/airflow/sandbox/lib/python3.8/site-packages/airflow/example_dags/subdags/subdag.py for tasks to queue
[2022-03-30 18:02:06,794] {logging_mixin.py:104} INFO - [2022-03-30 18:02:06,794] {dagbag.py:487} INFO - Filling up the DagBag from /home/airflow/sandbox/lib/python3.8/site-packages/airflow/example_dags/subdags/subdag.py
[2022-03-30 18:02:06,799] {scheduler_job.py:645} WARNING - No viable dags retrieved from /home/airflow/sandbox/lib/python3.8/site-packages/airflow/example_dags/subdags/subdag.py
[2022-03-30 18:02:06,888] {scheduler_job.py:190} INFO - Processing /home/airflow/sandbox/lib/python3.8/site-packages/airflow/example_dags/subdags/subdag.py took 0.101 seconds
[2022-03-30 18:02:39,814] {scheduler_job.py:182} INFO - Started process (PID=128102) to work on /home/airflow/sandbox/lib/python3.8/site-packages/airflow/example_dags/subdags/subdag.py
[2022-03-30 18:02:39,816] {scheduler_job.py:633} INFO - Processing file /home/airflow/sandbox/lib/python3.8/site-packages/airflow/example_dags/subdags/subdag.py for tasks to queue
[2022-03-30 18:02:39,817] {logging_mixin.py:104} INFO - [2022-03-30 18:02:39,817] {dagbag.py:487} INFO - Filling up the DagBag from /home/airflow/sandbox/lib/python3.8/site-packages/airflow/example_dags/subdags/subdag.py
[2022-03-30 18:02:39,894] {scheduler_job.py:645} WARNING - No viable dags retrieved from /home/airflow/sandbox/lib/python3.8/site-packages/airflow/example_dags/subdags/subdag.py
[2022-03-30 18:02:39,898] {scheduler_job.py:190} INFO - Processing /home/airflow/sandbox/lib/python3.8/site-packages/airflow/example_dags/subdags/subdag.py took 0.088 seconds
[2022-03-30 18:03:11,763] {scheduler_job.py:182} INFO - Started process (PID=128128) to work on /home/airflow/sandbox/lib/python3.8/site-packages/airflow/example_dags/subdags/subdag.py
[2022-03-30 18:03:11,765] {scheduler_job.py:633} INFO - Processing file /home/airflow/sandbox/lib/python3.8/site-packages/airflow/example_dags/subdags/subdag.py for tasks to queue
[2022-03-30 18:03:11,766] {logging_mixin.py:104} INFO - [2022-03-30 18:03:11,766] {dagbag.py:487} INFO - Filling up the DagBag from /home/airflow/sandbox/lib/python3.8/site-packages/airflow/example_dags/subdags/subdag.py
[2022-03-30 18:03:11,772] {scheduler_job.py:645} WARNING - No viable dags retrieved from /home/airflow/sandbox/lib/python3.8/site-packages/airflow/example_dags/subdags/subdag.py
[2022-03-30 18:03:11,784] {scheduler_job.py:190} INFO - Processing /home/airflow/sandbox/lib/python3.8/site-packages/airflow/example_dags/subdags/subdag.py took 0.027 seconds
[2022-03-30 18:03:44,425] {scheduler_job.py:182} INFO - Started process (PID=128191) to work on /home/airflow/sandbox/lib/python3.8/site-packages/airflow/example_dags/subdags/subdag.py
[2022-03-30 18:03:44,428] {scheduler_job.py:633} INFO - Processing file /home/airflow/sandbox/lib/python3.8/site-packages/airflow/example_dags/subdags/subdag.py for tasks to queue
[2022-03-30 18:03:44,429] {logging_mixin.py:104} INFO - [2022-03-30 18:03:44,429] {dagbag.py:487} INFO - Filling up the DagBag from /home/airflow/sandbox/lib/python3.8/site-packages/airflow/example_dags/subdags/subdag.py
[2022-03-30 18:03:44,435] {scheduler_job.py:645} WARNING - No viable dags retrieved from /home/airflow/sandbox/lib/python3.8/site-packages/airflow/example_dags/subdags/subdag.py
[2022-03-30 18:03:44,450] {scheduler_job.py:190} INFO - Processing /home/airflow/sandbox/lib/python3.8/site-packages/airflow/example_dags/subdags/subdag.py took 0.032 seconds
[2022-03-30 18:04:15,441] {scheduler_job.py:182} INFO - Started process (PID=128265) to work on /home/airflow/sandbox/lib/python3.8/site-packages/airflow/example_dags/subdags/subdag.py
[2022-03-30 18:04:15,443] {scheduler_job.py:633} INFO - Processing file /home/airflow/sandbox/lib/python3.8/site-packages/airflow/example_dags/subdags/subdag.py for tasks to queue
[2022-03-30 18:04:15,444] {logging_mixin.py:104} INFO - [2022-03-30 18:04:15,444] {dagbag.py:487} INFO - Filling up the DagBag from /home/airflow/sandbox/lib/python3.8/site-packages/airflow/example_dags/subdags/subdag.py
[2022-03-30 18:04:15,448] {scheduler_job.py:645} WARNING - No viable dags retrieved from /home/airflow/sandbox/lib/python3.8/site-packages/airflow/example_dags/subdags/subdag.py
[2022-03-30 18:04:15,461] {scheduler_job.py:190} INFO - Processing /home/airflow/sandbox/lib/python3.8/site-packages/airflow/example_dags/subdags/subdag.py took 0.027 seconds
[2022-03-30 18:04:51,031] {scheduler_job.py:182} INFO - Started process (PID=128336) to work on /home/airflow/sandbox/lib/python3.8/site-packages/airflow/example_dags/subdags/subdag.py
[2022-03-30 18:04:51,033] {scheduler_job.py:633} INFO - Processing file /home/airflow/sandbox/lib/python3.8/site-packages/airflow/example_dags/subdags/subdag.py for tasks to queue
[2022-03-30 18:04:51,034] {logging_mixin.py:104} INFO - [2022-03-30 18:04:51,034] {dagbag.py:487} INFO - Filling up the DagBag from /home/airflow/sandbox/lib/python3.8/site-packages/airflow/example_dags/subdags/subdag.py
[2022-03-30 18:04:51,038] {scheduler_job.py:645} WARNING - No viable dags retrieved from /home/airflow/sandbox/lib/python3.8/site-packages/airflow/example_dags/subdags/subdag.py
[2022-03-30 18:04:51,046] {scheduler_job.py:190} INFO - Processing /home/airflow/sandbox/lib/python3.8/site-packages/airflow/example_dags/subdags/subdag.py took 0.019 seconds
[2022-03-30 18:05:22,815] {scheduler_job.py:182} INFO - Started process (PID=128366) to work on /home/airflow/sandbox/lib/python3.8/site-packages/airflow/example_dags/subdags/subdag.py
[2022-03-30 18:05:22,817] {scheduler_job.py:633} INFO - Processing file /home/airflow/sandbox/lib/python3.8/site-packages/airflow/example_dags/subdags/subdag.py for tasks to queue
[2022-03-30 18:05:22,817] {logging_mixin.py:104} INFO - [2022-03-30 18:05:22,817] {dagbag.py:487} INFO - Filling up the DagBag from /home/airflow/sandbox/lib/python3.8/site-packages/airflow/example_dags/subdags/subdag.py
[2022-03-30 18:05:22,821] {scheduler_job.py:645} WARNING - No viable dags retrieved from /home/airflow/sandbox/lib/python3.8/site-packages/airflow/example_dags/subdags/subdag.py
[2022-03-30 18:05:22,827] {scheduler_job.py:190} INFO - Processing /home/airflow/sandbox/lib/python3.8/site-packages/airflow/example_dags/subdags/subdag.py took 0.018 seconds
[2022-03-30 18:05:55,295] {scheduler_job.py:182} INFO - Started process (PID=128439) to work on /home/airflow/sandbox/lib/python3.8/site-packages/airflow/example_dags/subdags/subdag.py
[2022-03-30 18:05:55,297] {scheduler_job.py:633} INFO - Processing file /home/airflow/sandbox/lib/python3.8/site-packages/airflow/example_dags/subdags/subdag.py for tasks to queue
[2022-03-30 18:05:55,297] {logging_mixin.py:104} INFO - [2022-03-30 18:05:55,297] {dagbag.py:487} INFO - Filling up the DagBag from /home/airflow/sandbox/lib/python3.8/site-packages/airflow/example_dags/subdags/subdag.py
[2022-03-30 18:05:55,302] {scheduler_job.py:645} WARNING - No viable dags retrieved from /home/airflow/sandbox/lib/python3.8/site-packages/airflow/example_dags/subdags/subdag.py
[2022-03-30 18:05:55,314] {scheduler_job.py:190} INFO - Processing /home/airflow/sandbox/lib/python3.8/site-packages/airflow/example_dags/subdags/subdag.py took 0.024 seconds
[2022-03-30 18:06:30,469] {scheduler_job.py:182} INFO - Started process (PID=128507) to work on /home/airflow/sandbox/lib/python3.8/site-packages/airflow/example_dags/subdags/subdag.py
[2022-03-30 18:06:30,470] {scheduler_job.py:633} INFO - Processing file /home/airflow/sandbox/lib/python3.8/site-packages/airflow/example_dags/subdags/subdag.py for tasks to queue
[2022-03-30 18:06:30,472] {logging_mixin.py:104} INFO - [2022-03-30 18:06:30,471] {dagbag.py:487} INFO - Filling up the DagBag from /home/airflow/sandbox/lib/python3.8/site-packages/airflow/example_dags/subdags/subdag.py
[2022-03-30 18:06:30,477] {scheduler_job.py:645} WARNING - No viable dags retrieved from /home/airflow/sandbox/lib/python3.8/site-packages/airflow/example_dags/subdags/subdag.py
[2022-03-30 18:06:30,488] {scheduler_job.py:190} INFO - Processing /home/airflow/sandbox/lib/python3.8/site-packages/airflow/example_dags/subdags/subdag.py took 0.023 seconds
[2022-03-30 18:07:02,301] {scheduler_job.py:182} INFO - Started process (PID=128539) to work on /home/airflow/sandbox/lib/python3.8/site-packages/airflow/example_dags/subdags/subdag.py
[2022-03-30 18:07:02,303] {scheduler_job.py:633} INFO - Processing file /home/airflow/sandbox/lib/python3.8/site-packages/airflow/example_dags/subdags/subdag.py for tasks to queue
[2022-03-30 18:07:02,303] {logging_mixin.py:104} INFO - [2022-03-30 18:07:02,303] {dagbag.py:487} INFO - Filling up the DagBag from /home/airflow/sandbox/lib/python3.8/site-packages/airflow/example_dags/subdags/subdag.py
[2022-03-30 18:07:02,307] {scheduler_job.py:645} WARNING - No viable dags retrieved from /home/airflow/sandbox/lib/python3.8/site-packages/airflow/example_dags/subdags/subdag.py
[2022-03-30 18:07:02,315] {scheduler_job.py:190} INFO - Processing /home/airflow/sandbox/lib/python3.8/site-packages/airflow/example_dags/subdags/subdag.py took 0.019 seconds
[2022-03-30 18:07:35,780] {scheduler_job.py:182} INFO - Started process (PID=128572) to work on /home/airflow/sandbox/lib/python3.8/site-packages/airflow/example_dags/subdags/subdag.py
[2022-03-30 18:07:35,781] {scheduler_job.py:633} INFO - Processing file /home/airflow/sandbox/lib/python3.8/site-packages/airflow/example_dags/subdags/subdag.py for tasks to queue
[2022-03-30 18:07:35,782] {logging_mixin.py:104} INFO - [2022-03-30 18:07:35,782] {dagbag.py:487} INFO - Filling up the DagBag from /home/airflow/sandbox/lib/python3.8/site-packages/airflow/example_dags/subdags/subdag.py
[2022-03-30 18:07:35,789] {scheduler_job.py:645} WARNING - No viable dags retrieved from /home/airflow/sandbox/lib/python3.8/site-packages/airflow/example_dags/subdags/subdag.py
[2022-03-30 18:07:35,802] {scheduler_job.py:190} INFO - Processing /home/airflow/sandbox/lib/python3.8/site-packages/airflow/example_dags/subdags/subdag.py took 0.027 seconds
[2022-03-30 18:08:09,572] {scheduler_job.py:182} INFO - Started process (PID=128604) to work on /home/airflow/sandbox/lib/python3.8/site-packages/airflow/example_dags/subdags/subdag.py
[2022-03-30 18:08:09,573] {scheduler_job.py:633} INFO - Processing file /home/airflow/sandbox/lib/python3.8/site-packages/airflow/example_dags/subdags/subdag.py for tasks to queue
[2022-03-30 18:08:09,573] {logging_mixin.py:104} INFO - [2022-03-30 18:08:09,573] {dagbag.py:487} INFO - Filling up the DagBag from /home/airflow/sandbox/lib/python3.8/site-packages/airflow/example_dags/subdags/subdag.py
[2022-03-30 18:08:09,576] {scheduler_job.py:645} WARNING - No viable dags retrieved from /home/airflow/sandbox/lib/python3.8/site-packages/airflow/example_dags/subdags/subdag.py
[2022-03-30 18:08:09,584] {scheduler_job.py:190} INFO - Processing /home/airflow/sandbox/lib/python3.8/site-packages/airflow/example_dags/subdags/subdag.py took 0.014 seconds
[2022-03-30 18:08:42,381] {scheduler_job.py:182} INFO - Started process (PID=128635) to work on /home/airflow/sandbox/lib/python3.8/site-packages/airflow/example_dags/subdags/subdag.py
[2022-03-30 18:08:42,383] {scheduler_job.py:633} INFO - Processing file /home/airflow/sandbox/lib/python3.8/site-packages/airflow/example_dags/subdags/subdag.py for tasks to queue
[2022-03-30 18:08:42,385] {logging_mixin.py:104} INFO - [2022-03-30 18:08:42,384] {dagbag.py:487} INFO - Filling up the DagBag from /home/airflow/sandbox/lib/python3.8/site-packages/airflow/example_dags/subdags/subdag.py
[2022-03-30 18:08:42,390] {scheduler_job.py:645} WARNING - No viable dags retrieved from /home/airflow/sandbox/lib/python3.8/site-packages/airflow/example_dags/subdags/subdag.py
[2022-03-30 18:08:42,402] {scheduler_job.py:190} INFO - Processing /home/airflow/sandbox/lib/python3.8/site-packages/airflow/example_dags/subdags/subdag.py took 0.026 seconds
[2022-03-30 18:09:13,931] {scheduler_job.py:182} INFO - Started process (PID=128664) to work on /home/airflow/sandbox/lib/python3.8/site-packages/airflow/example_dags/subdags/subdag.py
[2022-03-30 18:09:13,932] {scheduler_job.py:633} INFO - Processing file /home/airflow/sandbox/lib/python3.8/site-packages/airflow/example_dags/subdags/subdag.py for tasks to queue
[2022-03-30 18:09:13,932] {logging_mixin.py:104} INFO - [2022-03-30 18:09:13,932] {dagbag.py:487} INFO - Filling up the DagBag from /home/airflow/sandbox/lib/python3.8/site-packages/airflow/example_dags/subdags/subdag.py
[2022-03-30 18:09:13,936] {scheduler_job.py:645} WARNING - No viable dags retrieved from /home/airflow/sandbox/lib/python3.8/site-packages/airflow/example_dags/subdags/subdag.py
[2022-03-30 18:09:13,948] {scheduler_job.py:190} INFO - Processing /home/airflow/sandbox/lib/python3.8/site-packages/airflow/example_dags/subdags/subdag.py took 0.023 seconds
