[2022-04-16 08:35:03,916] {taskinstance.py:876} INFO - Dependencies all met for <TaskInstance: xcom_dag.task_4 2022-04-15T00:00:00+00:00 [queued]>
[2022-04-16 08:35:04,032] {taskinstance.py:876} INFO - Dependencies all met for <TaskInstance: xcom_dag.task_4 2022-04-15T00:00:00+00:00 [queued]>
[2022-04-16 08:35:04,033] {taskinstance.py:1067} INFO - 
--------------------------------------------------------------------------------
[2022-04-16 08:35:04,035] {taskinstance.py:1068} INFO - Starting attempt 1 of 1
[2022-04-16 08:35:04,035] {taskinstance.py:1069} INFO - 
--------------------------------------------------------------------------------
[2022-04-16 08:35:04,136] {taskinstance.py:1087} INFO - Executing <Task(PythonOperator): task_4> on 2022-04-15T00:00:00+00:00
[2022-04-16 08:35:04,160] {standard_task_runner.py:76} INFO - Running: ['airflow', 'tasks', 'run', 'xcom_dag', 'task_4', '2022-04-15T00:00:00+00:00', '--job-id', '75', '--pool', 'default_pool', '--raw', '--subdir', 'DAGS_FOLDER/xcom_dag.py', '--cfg-path', '/tmp/tmptpfzq4zv', '--error-file', '/tmp/tmpameuy4ts']
[2022-04-16 08:35:04,163] {standard_task_runner.py:52} INFO - Started process 52140 to run task
[2022-04-16 08:35:04,174] {standard_task_runner.py:77} INFO - Job 75: Subtask task_4
[2022-04-16 08:35:04,474] {logging_mixin.py:104} INFO - Running <TaskInstance: xcom_dag.task_4 2022-04-15T00:00:00+00:00 [running]> on host airflowvm
[2022-04-16 08:35:04,768] {taskinstance.py:1280} INFO - Exporting the following env vars:
AIRFLOW_CTX_DAG_OWNER=airflow
AIRFLOW_CTX_DAG_ID=xcom_dag
AIRFLOW_CTX_TASK_ID=task_4
AIRFLOW_CTX_EXECUTION_DATE=2022-04-15T00:00:00+00:00
AIRFLOW_CTX_DAG_RUN_ID=scheduled__2022-04-15T00:00:00+00:00
[2022-04-16 08:35:04,769] {logging_mixin.py:104} INFO - choose best model
[2022-04-16 08:35:04,769] {python.py:151} INFO - Done. Returned value was: None
[2022-04-16 08:35:04,797] {taskinstance.py:1184} INFO - Marking task as SUCCESS. dag_id=xcom_dag, task_id=task_4, execution_date=20220415T000000, start_date=20220416T083503, end_date=20220416T083504
[2022-04-16 08:35:04,889] {taskinstance.py:1245} INFO - 0 downstream tasks scheduled from follow-on schedule check
[2022-04-16 08:35:04,907] {local_task_job.py:151} INFO - Task exited with return code 0
