[2022-04-16 10:53:32,541] {taskinstance.py:876} INFO - Dependencies all met for <TaskInstance: xcom_dag.downloading_data 2022-04-16T10:53:30.535936+00:00 [queued]>
[2022-04-16 10:53:32,657] {taskinstance.py:876} INFO - Dependencies all met for <TaskInstance: xcom_dag.downloading_data 2022-04-16T10:53:30.535936+00:00 [queued]>
[2022-04-16 10:53:32,659] {taskinstance.py:1067} INFO - 
--------------------------------------------------------------------------------
[2022-04-16 10:53:32,659] {taskinstance.py:1068} INFO - Starting attempt 1 of 1
[2022-04-16 10:53:32,661] {taskinstance.py:1069} INFO - 
--------------------------------------------------------------------------------
[2022-04-16 10:53:32,711] {taskinstance.py:1087} INFO - Executing <Task(BashOperator): downloading_data> on 2022-04-16T10:53:30.535936+00:00
[2022-04-16 10:53:32,717] {standard_task_runner.py:52} INFO - Started process 69451 to run task
[2022-04-16 10:53:32,736] {standard_task_runner.py:76} INFO - Running: ['airflow', 'tasks', 'run', 'xcom_dag', 'downloading_data', '2022-04-16T10:53:30.535936+00:00', '--job-id', '93', '--pool', 'default_pool', '--raw', '--subdir', 'DAGS_FOLDER/xcom_dag.py', '--cfg-path', '/tmp/tmp22c_qmbz', '--error-file', '/tmp/tmpxmmodag4']
[2022-04-16 10:53:32,746] {standard_task_runner.py:77} INFO - Job 93: Subtask downloading_data
[2022-04-16 10:53:33,056] {logging_mixin.py:104} INFO - Running <TaskInstance: xcom_dag.downloading_data 2022-04-16T10:53:30.535936+00:00 [running]> on host airflowvm
[2022-04-16 10:53:33,357] {taskinstance.py:1280} INFO - Exporting the following env vars:
AIRFLOW_CTX_DAG_OWNER=airflow
AIRFLOW_CTX_DAG_ID=xcom_dag
AIRFLOW_CTX_TASK_ID=downloading_data
AIRFLOW_CTX_EXECUTION_DATE=2022-04-16T10:53:30.535936+00:00
AIRFLOW_CTX_DAG_RUN_ID=manual__2022-04-16T10:53:30.535936+00:00
[2022-04-16 10:53:33,358] {subprocess.py:52} INFO - Tmp dir root location: 
 /tmp
[2022-04-16 10:53:33,364] {subprocess.py:63} INFO - Running command: ['bash', '-c', 'sleep 3']
[2022-04-16 10:53:33,378] {subprocess.py:75} INFO - Output:
[2022-04-16 10:53:36,386] {subprocess.py:83} INFO - Command exited with return code 0
[2022-04-16 10:53:36,482] {taskinstance.py:1184} INFO - Marking task as SUCCESS. dag_id=xcom_dag, task_id=downloading_data, execution_date=20220416T105330, start_date=20220416T105332, end_date=20220416T105336
[2022-04-16 10:53:36,636] {taskinstance.py:1245} INFO - 3 downstream tasks scheduled from follow-on schedule check
[2022-04-16 10:53:36,652] {local_task_job.py:151} INFO - Task exited with return code 0
