[2022-04-19 08:19:53,580] {taskinstance.py:876} INFO - Dependencies all met for <TaskInstance: parallel_dag.task_4 2022-04-18T00:00:00+00:00 [queued]>
[2022-04-19 08:19:53,606] {taskinstance.py:876} INFO - Dependencies all met for <TaskInstance: parallel_dag.task_4 2022-04-18T00:00:00+00:00 [queued]>
[2022-04-19 08:19:53,607] {taskinstance.py:1067} INFO - 
--------------------------------------------------------------------------------
[2022-04-19 08:19:53,607] {taskinstance.py:1068} INFO - Starting attempt 1 of 1
[2022-04-19 08:19:53,608] {taskinstance.py:1069} INFO - 
--------------------------------------------------------------------------------
[2022-04-19 08:19:53,636] {taskinstance.py:1087} INFO - Executing <Task(BashOperator): task_4> on 2022-04-18T00:00:00+00:00
[2022-04-19 08:19:53,640] {standard_task_runner.py:52} INFO - Started process 43868 to run task
[2022-04-19 08:19:53,657] {standard_task_runner.py:76} INFO - Running: ['airflow', 'tasks', 'run', 'parallel_dag', 'task_4', '2022-04-18T00:00:00+00:00', '--job-id', '140', '--pool', 'default_pool', '--raw', '--subdir', 'DAGS_FOLDER/parallel_dag.py', '--cfg-path', '/tmp/tmp4xbzt9tp', '--error-file', '/tmp/tmpju94k_9o']
[2022-04-19 08:19:53,658] {standard_task_runner.py:77} INFO - Job 140: Subtask task_4
[2022-04-19 08:19:53,807] {logging_mixin.py:104} INFO - Running <TaskInstance: parallel_dag.task_4 2022-04-18T00:00:00+00:00 [running]> on host airflowvm
[2022-04-19 08:19:54,065] {taskinstance.py:1280} INFO - Exporting the following env vars:
AIRFLOW_CTX_DAG_OWNER=airflow
AIRFLOW_CTX_DAG_ID=parallel_dag
AIRFLOW_CTX_TASK_ID=task_4
AIRFLOW_CTX_EXECUTION_DATE=2022-04-18T00:00:00+00:00
AIRFLOW_CTX_DAG_RUN_ID=scheduled__2022-04-18T00:00:00+00:00
[2022-04-19 08:19:54,066] {subprocess.py:52} INFO - Tmp dir root location: 
 /tmp
[2022-04-19 08:19:54,067] {subprocess.py:63} INFO - Running command: ['bash', '-c', 'sleep 3']
[2022-04-19 08:19:54,085] {subprocess.py:75} INFO - Output:
[2022-04-19 08:19:57,094] {subprocess.py:83} INFO - Command exited with return code 0
[2022-04-19 08:19:57,196] {taskinstance.py:1184} INFO - Marking task as SUCCESS. dag_id=parallel_dag, task_id=task_4, execution_date=20220418T000000, start_date=20220419T081953, end_date=20220419T081957
[2022-04-19 08:19:57,300] {taskinstance.py:1245} INFO - 0 downstream tasks scheduled from follow-on schedule check
[2022-04-19 08:19:57,313] {local_task_job.py:151} INFO - Task exited with return code 0
