[2022-04-01 15:13:49,919] {taskinstance.py:876} INFO - Dependencies all met for <TaskInstance: user_processing.is_api_available 2022-03-31T00:00:00+00:00 [queued]>
[2022-04-01 15:13:49,925] {taskinstance.py:876} INFO - Dependencies all met for <TaskInstance: user_processing.is_api_available 2022-03-31T00:00:00+00:00 [queued]>
[2022-04-01 15:13:49,925] {taskinstance.py:1067} INFO - 
--------------------------------------------------------------------------------
[2022-04-01 15:13:49,925] {taskinstance.py:1068} INFO - Starting attempt 2 of 2
[2022-04-01 15:13:49,925] {taskinstance.py:1069} INFO - 
--------------------------------------------------------------------------------
[2022-04-01 15:13:49,937] {taskinstance.py:1087} INFO - Executing <Task(HttpSensor): is_api_available> on 2022-03-31T00:00:00+00:00
[2022-04-01 15:13:49,941] {standard_task_runner.py:52} INFO - Started process 12184 to run task
[2022-04-01 15:13:49,948] {standard_task_runner.py:76} INFO - Running: ['airflow', 'tasks', 'run', 'user_processing', 'is_api_available', '2022-03-31T00:00:00+00:00', '--job-id', '10', '--pool', 'default_pool', '--raw', '--subdir', 'DAGS_FOLDER/user_processing.py', '--cfg-path', '/tmp/tmpjb66f2bw', '--error-file', '/tmp/tmp1sip_ky5']
[2022-04-01 15:13:49,949] {standard_task_runner.py:77} INFO - Job 10: Subtask is_api_available
[2022-04-01 15:13:50,044] {logging_mixin.py:104} INFO - Running <TaskInstance: user_processing.is_api_available 2022-03-31T00:00:00+00:00 [running]> on host airflowvm
[2022-04-01 15:13:50,173] {taskinstance.py:1280} INFO - Exporting the following env vars:
AIRFLOW_CTX_DAG_OWNER=airflow
AIRFLOW_CTX_DAG_ID=user_processing
AIRFLOW_CTX_TASK_ID=is_api_available
AIRFLOW_CTX_EXECUTION_DATE=2022-03-31T00:00:00+00:00
AIRFLOW_CTX_DAG_RUN_ID=scheduled__2022-03-31T00:00:00+00:00
[2022-04-01 15:13:50,174] {http.py:101} INFO - Poking: api/v2/admin/location/states/
[2022-04-01 15:13:50,177] {base.py:69} INFO - Using connection to: id: user_api. Host: https://cdn-api.co-vin.in, Port: None, Schema: , Login: , Password: None, extra: {}
[2022-04-01 15:13:50,178] {http.py:140} INFO - Sending 'GET' to url: https://cdn-api.co-vin.in/api/v2/admin/location/states/
[2022-04-01 15:13:50,501] {base.py:243} INFO - Success criteria met. Exiting.
[2022-04-01 15:13:50,509] {taskinstance.py:1184} INFO - Marking task as SUCCESS. dag_id=user_processing, task_id=is_api_available, execution_date=20220331T000000, start_date=20220401T151349, end_date=20220401T151350
[2022-04-01 15:13:50,551] {taskinstance.py:1245} INFO - 1 downstream tasks scheduled from follow-on schedule check
[2022-04-01 15:13:50,556] {local_task_job.py:151} INFO - Task exited with return code 0
