[2022-04-13 09:47:03,799] {taskinstance.py:876} INFO - Dependencies all met for <TaskInstance: paralled_dag.task_1 2022-04-12T00:00:00+00:00 [queued]>
[2022-04-13 09:47:03,915] {taskinstance.py:876} INFO - Dependencies all met for <TaskInstance: paralled_dag.task_1 2022-04-12T00:00:00+00:00 [queued]>
[2022-04-13 09:47:03,918] {taskinstance.py:1067} INFO - 
--------------------------------------------------------------------------------
[2022-04-13 09:47:03,919] {taskinstance.py:1068} INFO - Starting attempt 1 of 1
[2022-04-13 09:47:03,925] {taskinstance.py:1069} INFO - 
--------------------------------------------------------------------------------
[2022-04-13 09:47:04,029] {taskinstance.py:1087} INFO - Executing <Task(BashOperator): task_1> on 2022-04-12T00:00:00+00:00
[2022-04-13 09:47:04,057] {standard_task_runner.py:52} INFO - Started process 11797 to run task
[2022-04-13 09:47:04,089] {standard_task_runner.py:76} INFO - Running: ['airflow', 'tasks', 'run', 'paralled_dag', 'task_1', '2022-04-12T00:00:00+00:00', '--job-id', '11', '--pool', 'default_pool', '--raw', '--subdir', 'DAGS_FOLDER/parallel_dag.py', '--cfg-path', '/tmp/tmpg530mnv8', '--error-file', '/tmp/tmpyjo24ieq']
[2022-04-13 09:47:04,120] {standard_task_runner.py:77} INFO - Job 11: Subtask task_1
[2022-04-13 09:47:05,057] {logging_mixin.py:104} INFO - Running <TaskInstance: paralled_dag.task_1 2022-04-12T00:00:00+00:00 [running]> on host airflowvm
[2022-04-13 09:47:05,865] {taskinstance.py:1280} INFO - Exporting the following env vars:
AIRFLOW_CTX_DAG_OWNER=airflow
AIRFLOW_CTX_DAG_ID=paralled_dag
AIRFLOW_CTX_TASK_ID=task_1
AIRFLOW_CTX_EXECUTION_DATE=2022-04-12T00:00:00+00:00
AIRFLOW_CTX_DAG_RUN_ID=scheduled__2022-04-12T00:00:00+00:00
[2022-04-13 09:47:05,872] {subprocess.py:52} INFO - Tmp dir root location: 
 /tmp
[2022-04-13 09:47:05,884] {subprocess.py:63} INFO - Running command: ['bash', '-c', 'sleep 3']
[2022-04-13 09:47:05,915] {subprocess.py:75} INFO - Output:
[2022-04-13 09:47:08,956] {subprocess.py:83} INFO - Command exited with return code 0
[2022-04-13 09:47:09,271] {taskinstance.py:1184} INFO - Marking task as SUCCESS. dag_id=paralled_dag, task_id=task_1, execution_date=20220412T000000, start_date=20220413T094703, end_date=20220413T094709
[2022-04-13 09:47:09,523] {taskinstance.py:1245} INFO - 2 downstream tasks scheduled from follow-on schedule check
[2022-04-13 09:47:09,590] {local_task_job.py:151} INFO - Task exited with return code 0
