[2022-04-19 08:24:29,710] {taskinstance.py:876} INFO - Dependencies all met for <TaskInstance: parallel_dag.task_2 2022-04-19T08:24:19.368873+00:00 [queued]>
[2022-04-19 08:24:29,802] {taskinstance.py:876} INFO - Dependencies all met for <TaskInstance: parallel_dag.task_2 2022-04-19T08:24:19.368873+00:00 [queued]>
[2022-04-19 08:24:29,805] {taskinstance.py:1067} INFO - 
--------------------------------------------------------------------------------
[2022-04-19 08:24:29,806] {taskinstance.py:1068} INFO - Starting attempt 1 of 1
[2022-04-19 08:24:29,807] {taskinstance.py:1069} INFO - 
--------------------------------------------------------------------------------
[2022-04-19 08:24:29,906] {taskinstance.py:1087} INFO - Executing <Task(BashOperator): task_2> on 2022-04-19T08:24:19.368873+00:00
[2022-04-19 08:24:29,930] {standard_task_runner.py:52} INFO - Started process 45715 to run task
[2022-04-19 08:24:29,965] {standard_task_runner.py:76} INFO - Running: ['airflow', 'tasks', 'run', 'parallel_dag', 'task_2', '2022-04-19T08:24:19.368873+00:00', '--job-id', '142', '--pool', 'default_pool', '--raw', '--subdir', 'DAGS_FOLDER/parallel_dag.py', '--cfg-path', '/tmp/tmpn210x969', '--error-file', '/tmp/tmpq20phmqg']
[2022-04-19 08:24:29,968] {standard_task_runner.py:77} INFO - Job 142: Subtask task_2
[2022-04-19 08:24:30,211] {logging_mixin.py:104} INFO - Running <TaskInstance: parallel_dag.task_2 2022-04-19T08:24:19.368873+00:00 [running]> on host airflowvm
[2022-04-19 08:24:30,657] {taskinstance.py:1280} INFO - Exporting the following env vars:
AIRFLOW_CTX_DAG_OWNER=airflow
AIRFLOW_CTX_DAG_ID=parallel_dag
AIRFLOW_CTX_TASK_ID=task_2
AIRFLOW_CTX_EXECUTION_DATE=2022-04-19T08:24:19.368873+00:00
AIRFLOW_CTX_DAG_RUN_ID=manual__2022-04-19T08:24:19.368873+00:00
[2022-04-19 08:24:30,667] {subprocess.py:52} INFO - Tmp dir root location: 
 /tmp
[2022-04-19 08:24:30,668] {subprocess.py:63} INFO - Running command: ['bash', '-c', 'sleep 3']
[2022-04-19 08:24:30,744] {subprocess.py:75} INFO - Output:
[2022-04-19 08:24:33,785] {subprocess.py:83} INFO - Command exited with return code 0
[2022-04-19 08:24:34,073] {taskinstance.py:1184} INFO - Marking task as SUCCESS. dag_id=parallel_dag, task_id=task_2, execution_date=20220419T082419, start_date=20220419T082429, end_date=20220419T082434
[2022-04-19 08:24:34,250] {taskinstance.py:1245} INFO - 1 downstream tasks scheduled from follow-on schedule check
[2022-04-19 08:24:34,290] {local_task_job.py:151} INFO - Task exited with return code 0
