[2022-04-11 17:49:34,852] {taskinstance.py:876} INFO - Dependencies all met for <TaskInstance: paralled_dag.task_2 2022-04-10T00:00:00+00:00 [queued]>
[2022-04-11 17:49:35,020] {taskinstance.py:876} INFO - Dependencies all met for <TaskInstance: paralled_dag.task_2 2022-04-10T00:00:00+00:00 [queued]>
[2022-04-11 17:49:35,029] {taskinstance.py:1067} INFO - 
--------------------------------------------------------------------------------
[2022-04-11 17:49:35,032] {taskinstance.py:1068} INFO - Starting attempt 1 of 1
[2022-04-11 17:49:35,036] {taskinstance.py:1069} INFO - 
--------------------------------------------------------------------------------
[2022-04-11 17:49:35,275] {taskinstance.py:1087} INFO - Executing <Task(BashOperator): task_2> on 2022-04-10T00:00:00+00:00
[2022-04-11 17:49:35,309] {standard_task_runner.py:52} INFO - Started process 77687 to run task
[2022-04-11 17:49:35,288] {standard_task_runner.py:76} INFO - Running: ['airflow', 'tasks', 'run', 'paralled_dag', 'task_2', '2022-04-10T00:00:00+00:00', '--job-id', '4', '--pool', 'default_pool', '--raw', '--subdir', 'DAGS_FOLDER/parallel_dag.py', '--cfg-path', '/tmp/tmp022_aa25', '--error-file', '/tmp/tmpue3esylq']
[2022-04-11 17:49:35,385] {standard_task_runner.py:77} INFO - Job 4: Subtask task_2
[2022-04-11 17:49:36,454] {logging_mixin.py:104} INFO - Running <TaskInstance: paralled_dag.task_2 2022-04-10T00:00:00+00:00 [running]> on host airflowvm
[2022-04-11 17:49:37,416] {taskinstance.py:1280} INFO - Exporting the following env vars:
AIRFLOW_CTX_DAG_OWNER=airflow
AIRFLOW_CTX_DAG_ID=paralled_dag
AIRFLOW_CTX_TASK_ID=task_2
AIRFLOW_CTX_EXECUTION_DATE=2022-04-10T00:00:00+00:00
AIRFLOW_CTX_DAG_RUN_ID=scheduled__2022-04-10T00:00:00+00:00
[2022-04-11 17:49:37,423] {subprocess.py:52} INFO - Tmp dir root location: 
 /tmp
[2022-04-11 17:49:37,460] {subprocess.py:63} INFO - Running command: ['bash', '-c', 'sleep 3']
[2022-04-11 17:49:37,511] {subprocess.py:75} INFO - Output:
[2022-04-11 17:49:40,552] {subprocess.py:83} INFO - Command exited with return code 0
[2022-04-11 17:49:41,242] {taskinstance.py:1184} INFO - Marking task as SUCCESS. dag_id=paralled_dag, task_id=task_2, execution_date=20220410T000000, start_date=20220411T174934, end_date=20220411T174941
[2022-04-11 17:49:41,862] {taskinstance.py:1245} INFO - 0 downstream tasks scheduled from follow-on schedule check
[2022-04-11 17:49:41,895] {local_task_job.py:151} INFO - Task exited with return code 0
