[2022-04-16 10:47:01,900] {taskinstance.py:876} INFO - Dependencies all met for <TaskInstance: xcom_dag.downloading_data 2022-04-16T10:46:59.667395+00:00 [queued]>
[2022-04-16 10:47:01,991] {taskinstance.py:876} INFO - Dependencies all met for <TaskInstance: xcom_dag.downloading_data 2022-04-16T10:46:59.667395+00:00 [queued]>
[2022-04-16 10:47:01,991] {taskinstance.py:1067} INFO - 
--------------------------------------------------------------------------------
[2022-04-16 10:47:01,992] {taskinstance.py:1068} INFO - Starting attempt 1 of 1
[2022-04-16 10:47:01,992] {taskinstance.py:1069} INFO - 
--------------------------------------------------------------------------------
[2022-04-16 10:47:02,026] {taskinstance.py:1087} INFO - Executing <Task(BashOperator): downloading_data> on 2022-04-16T10:46:59.667395+00:00
[2022-04-16 10:47:02,046] {standard_task_runner.py:52} INFO - Started process 67759 to run task
[2022-04-16 10:47:02,059] {standard_task_runner.py:76} INFO - Running: ['airflow', 'tasks', 'run', 'xcom_dag', 'downloading_data', '2022-04-16T10:46:59.667395+00:00', '--job-id', '87', '--pool', 'default_pool', '--raw', '--subdir', 'DAGS_FOLDER/xcom_dag.py', '--cfg-path', '/tmp/tmpb94qoabx', '--error-file', '/tmp/tmpp0x4y2ud']
[2022-04-16 10:47:02,061] {standard_task_runner.py:77} INFO - Job 87: Subtask downloading_data
[2022-04-16 10:47:02,332] {logging_mixin.py:104} INFO - Running <TaskInstance: xcom_dag.downloading_data 2022-04-16T10:46:59.667395+00:00 [running]> on host airflowvm
[2022-04-16 10:47:02,647] {taskinstance.py:1280} INFO - Exporting the following env vars:
AIRFLOW_CTX_DAG_OWNER=airflow
AIRFLOW_CTX_DAG_ID=xcom_dag
AIRFLOW_CTX_TASK_ID=downloading_data
AIRFLOW_CTX_EXECUTION_DATE=2022-04-16T10:46:59.667395+00:00
AIRFLOW_CTX_DAG_RUN_ID=manual__2022-04-16T10:46:59.667395+00:00
[2022-04-16 10:47:02,649] {subprocess.py:52} INFO - Tmp dir root location: 
 /tmp
[2022-04-16 10:47:02,654] {subprocess.py:63} INFO - Running command: ['bash', '-c', 'sleep 3']
[2022-04-16 10:47:02,671] {subprocess.py:75} INFO - Output:
[2022-04-16 10:47:05,680] {subprocess.py:83} INFO - Command exited with return code 0
[2022-04-16 10:47:05,724] {taskinstance.py:1184} INFO - Marking task as SUCCESS. dag_id=xcom_dag, task_id=downloading_data, execution_date=20220416T104659, start_date=20220416T104701, end_date=20220416T104705
[2022-04-16 10:47:05,940] {taskinstance.py:1245} INFO - 3 downstream tasks scheduled from follow-on schedule check
[2022-04-16 10:47:05,950] {local_task_job.py:151} INFO - Task exited with return code 0
