[2022-04-02 16:14:10,148] {scheduler_job.py:182} INFO - Started process (PID=3158) to work on /home/airflow/sandbox/lib/python3.8/site-packages/airflow/example_dags/example_skip_dag.py
[2022-04-02 16:14:10,150] {scheduler_job.py:633} INFO - Processing file /home/airflow/sandbox/lib/python3.8/site-packages/airflow/example_dags/example_skip_dag.py for tasks to queue
[2022-04-02 16:14:10,152] {logging_mixin.py:104} INFO - [2022-04-02 16:14:10,152] {dagbag.py:487} INFO - Filling up the DagBag from /home/airflow/sandbox/lib/python3.8/site-packages/airflow/example_dags/example_skip_dag.py
[2022-04-02 16:14:10,169] {scheduler_job.py:643} INFO - DAG(s) dict_keys(['example_skip_dag']) retrieved from /home/airflow/sandbox/lib/python3.8/site-packages/airflow/example_dags/example_skip_dag.py
[2022-04-02 16:14:10,532] {logging_mixin.py:104} INFO - [2022-04-02 16:14:10,531] {dag.py:1832} INFO - Sync 1 DAGs
[2022-04-02 16:14:10,547] {logging_mixin.py:104} INFO - [2022-04-02 16:14:10,547] {dag.py:2305} INFO - Setting next_dagrun for example_skip_dag to 2022-03-31 00:00:00+00:00
[2022-04-02 16:14:10,572] {scheduler_job.py:190} INFO - Processing /home/airflow/sandbox/lib/python3.8/site-packages/airflow/example_dags/example_skip_dag.py took 0.430 seconds
[2022-04-02 16:14:52,228] {scheduler_job.py:182} INFO - Started process (PID=3191) to work on /home/airflow/sandbox/lib/python3.8/site-packages/airflow/example_dags/example_skip_dag.py
[2022-04-02 16:14:52,232] {scheduler_job.py:633} INFO - Processing file /home/airflow/sandbox/lib/python3.8/site-packages/airflow/example_dags/example_skip_dag.py for tasks to queue
[2022-04-02 16:14:52,234] {logging_mixin.py:104} INFO - [2022-04-02 16:14:52,233] {dagbag.py:487} INFO - Filling up the DagBag from /home/airflow/sandbox/lib/python3.8/site-packages/airflow/example_dags/example_skip_dag.py
[2022-04-02 16:14:52,255] {scheduler_job.py:643} INFO - DAG(s) dict_keys(['example_skip_dag']) retrieved from /home/airflow/sandbox/lib/python3.8/site-packages/airflow/example_dags/example_skip_dag.py
[2022-04-02 16:14:52,287] {logging_mixin.py:104} INFO - [2022-04-02 16:14:52,287] {dag.py:1832} INFO - Sync 1 DAGs
[2022-04-02 16:14:52,313] {logging_mixin.py:104} INFO - [2022-04-02 16:14:52,312] {dag.py:2305} INFO - Setting next_dagrun for example_skip_dag to 2022-03-31 00:00:00+00:00
[2022-04-02 16:14:52,348] {scheduler_job.py:190} INFO - Processing /home/airflow/sandbox/lib/python3.8/site-packages/airflow/example_dags/example_skip_dag.py took 0.127 seconds
[2022-04-02 16:15:31,331] {scheduler_job.py:182} INFO - Started process (PID=3223) to work on /home/airflow/sandbox/lib/python3.8/site-packages/airflow/example_dags/example_skip_dag.py
[2022-04-02 16:15:31,332] {scheduler_job.py:633} INFO - Processing file /home/airflow/sandbox/lib/python3.8/site-packages/airflow/example_dags/example_skip_dag.py for tasks to queue
[2022-04-02 16:15:31,333] {logging_mixin.py:104} INFO - [2022-04-02 16:15:31,333] {dagbag.py:487} INFO - Filling up the DagBag from /home/airflow/sandbox/lib/python3.8/site-packages/airflow/example_dags/example_skip_dag.py
[2022-04-02 16:15:31,343] {scheduler_job.py:643} INFO - DAG(s) dict_keys(['example_skip_dag']) retrieved from /home/airflow/sandbox/lib/python3.8/site-packages/airflow/example_dags/example_skip_dag.py
[2022-04-02 16:15:31,369] {logging_mixin.py:104} INFO - [2022-04-02 16:15:31,369] {dag.py:1832} INFO - Sync 1 DAGs
[2022-04-02 16:15:31,383] {logging_mixin.py:104} INFO - [2022-04-02 16:15:31,383] {dag.py:2305} INFO - Setting next_dagrun for example_skip_dag to 2022-03-31 00:00:00+00:00
[2022-04-02 16:15:31,407] {scheduler_job.py:190} INFO - Processing /home/airflow/sandbox/lib/python3.8/site-packages/airflow/example_dags/example_skip_dag.py took 0.082 seconds
[2022-04-02 16:16:10,030] {scheduler_job.py:182} INFO - Started process (PID=3255) to work on /home/airflow/sandbox/lib/python3.8/site-packages/airflow/example_dags/example_skip_dag.py
[2022-04-02 16:16:10,035] {scheduler_job.py:633} INFO - Processing file /home/airflow/sandbox/lib/python3.8/site-packages/airflow/example_dags/example_skip_dag.py for tasks to queue
[2022-04-02 16:16:10,036] {logging_mixin.py:104} INFO - [2022-04-02 16:16:10,035] {dagbag.py:487} INFO - Filling up the DagBag from /home/airflow/sandbox/lib/python3.8/site-packages/airflow/example_dags/example_skip_dag.py
[2022-04-02 16:16:10,052] {scheduler_job.py:643} INFO - DAG(s) dict_keys(['example_skip_dag']) retrieved from /home/airflow/sandbox/lib/python3.8/site-packages/airflow/example_dags/example_skip_dag.py
[2022-04-02 16:16:10,066] {logging_mixin.py:104} INFO - [2022-04-02 16:16:10,066] {dag.py:1832} INFO - Sync 1 DAGs
[2022-04-02 16:16:10,075] {logging_mixin.py:104} INFO - [2022-04-02 16:16:10,075] {dag.py:2305} INFO - Setting next_dagrun for example_skip_dag to 2022-03-31 00:00:00+00:00
[2022-04-02 16:16:10,102] {scheduler_job.py:190} INFO - Processing /home/airflow/sandbox/lib/python3.8/site-packages/airflow/example_dags/example_skip_dag.py took 0.079 seconds
[2022-04-02 16:16:47,993] {scheduler_job.py:182} INFO - Started process (PID=3287) to work on /home/airflow/sandbox/lib/python3.8/site-packages/airflow/example_dags/example_skip_dag.py
[2022-04-02 16:16:47,996] {scheduler_job.py:633} INFO - Processing file /home/airflow/sandbox/lib/python3.8/site-packages/airflow/example_dags/example_skip_dag.py for tasks to queue
[2022-04-02 16:16:47,998] {logging_mixin.py:104} INFO - [2022-04-02 16:16:47,997] {dagbag.py:487} INFO - Filling up the DagBag from /home/airflow/sandbox/lib/python3.8/site-packages/airflow/example_dags/example_skip_dag.py
[2022-04-02 16:16:48,021] {scheduler_job.py:643} INFO - DAG(s) dict_keys(['example_skip_dag']) retrieved from /home/airflow/sandbox/lib/python3.8/site-packages/airflow/example_dags/example_skip_dag.py
[2022-04-02 16:16:48,049] {logging_mixin.py:104} INFO - [2022-04-02 16:16:48,049] {dag.py:1832} INFO - Sync 1 DAGs
[2022-04-02 16:16:48,072] {logging_mixin.py:104} INFO - [2022-04-02 16:16:48,072] {dag.py:2305} INFO - Setting next_dagrun for example_skip_dag to 2022-03-31 00:00:00+00:00
[2022-04-02 16:16:48,103] {scheduler_job.py:190} INFO - Processing /home/airflow/sandbox/lib/python3.8/site-packages/airflow/example_dags/example_skip_dag.py took 0.116 seconds
[2022-04-02 16:17:25,639] {scheduler_job.py:182} INFO - Started process (PID=3331) to work on /home/airflow/sandbox/lib/python3.8/site-packages/airflow/example_dags/example_skip_dag.py
[2022-04-02 16:17:25,641] {scheduler_job.py:633} INFO - Processing file /home/airflow/sandbox/lib/python3.8/site-packages/airflow/example_dags/example_skip_dag.py for tasks to queue
[2022-04-02 16:17:25,643] {logging_mixin.py:104} INFO - [2022-04-02 16:17:25,642] {dagbag.py:487} INFO - Filling up the DagBag from /home/airflow/sandbox/lib/python3.8/site-packages/airflow/example_dags/example_skip_dag.py
[2022-04-02 16:17:25,667] {scheduler_job.py:643} INFO - DAG(s) dict_keys(['example_skip_dag']) retrieved from /home/airflow/sandbox/lib/python3.8/site-packages/airflow/example_dags/example_skip_dag.py
[2022-04-02 16:17:25,699] {logging_mixin.py:104} INFO - [2022-04-02 16:17:25,699] {dag.py:1832} INFO - Sync 1 DAGs
[2022-04-02 16:17:25,720] {logging_mixin.py:104} INFO - [2022-04-02 16:17:25,720] {dag.py:2305} INFO - Setting next_dagrun for example_skip_dag to 2022-03-31 00:00:00+00:00
[2022-04-02 16:17:25,764] {scheduler_job.py:190} INFO - Processing /home/airflow/sandbox/lib/python3.8/site-packages/airflow/example_dags/example_skip_dag.py took 0.132 seconds
[2022-04-02 16:18:03,982] {scheduler_job.py:182} INFO - Started process (PID=3394) to work on /home/airflow/sandbox/lib/python3.8/site-packages/airflow/example_dags/example_skip_dag.py
[2022-04-02 16:18:03,985] {scheduler_job.py:633} INFO - Processing file /home/airflow/sandbox/lib/python3.8/site-packages/airflow/example_dags/example_skip_dag.py for tasks to queue
[2022-04-02 16:18:03,991] {logging_mixin.py:104} INFO - [2022-04-02 16:18:03,991] {dagbag.py:487} INFO - Filling up the DagBag from /home/airflow/sandbox/lib/python3.8/site-packages/airflow/example_dags/example_skip_dag.py
[2022-04-02 16:18:04,013] {scheduler_job.py:643} INFO - DAG(s) dict_keys(['example_skip_dag']) retrieved from /home/airflow/sandbox/lib/python3.8/site-packages/airflow/example_dags/example_skip_dag.py
[2022-04-02 16:18:04,037] {logging_mixin.py:104} INFO - [2022-04-02 16:18:04,037] {dag.py:1832} INFO - Sync 1 DAGs
[2022-04-02 16:18:04,051] {logging_mixin.py:104} INFO - [2022-04-02 16:18:04,050] {dag.py:2305} INFO - Setting next_dagrun for example_skip_dag to 2022-03-31 00:00:00+00:00
[2022-04-02 16:18:04,090] {scheduler_job.py:190} INFO - Processing /home/airflow/sandbox/lib/python3.8/site-packages/airflow/example_dags/example_skip_dag.py took 0.115 seconds
[2022-04-02 16:18:42,869] {scheduler_job.py:182} INFO - Started process (PID=3454) to work on /home/airflow/sandbox/lib/python3.8/site-packages/airflow/example_dags/example_skip_dag.py
[2022-04-02 16:18:42,871] {scheduler_job.py:633} INFO - Processing file /home/airflow/sandbox/lib/python3.8/site-packages/airflow/example_dags/example_skip_dag.py for tasks to queue
[2022-04-02 16:18:42,872] {logging_mixin.py:104} INFO - [2022-04-02 16:18:42,872] {dagbag.py:487} INFO - Filling up the DagBag from /home/airflow/sandbox/lib/python3.8/site-packages/airflow/example_dags/example_skip_dag.py
[2022-04-02 16:18:42,883] {scheduler_job.py:643} INFO - DAG(s) dict_keys(['example_skip_dag']) retrieved from /home/airflow/sandbox/lib/python3.8/site-packages/airflow/example_dags/example_skip_dag.py
[2022-04-02 16:18:42,902] {logging_mixin.py:104} INFO - [2022-04-02 16:18:42,902] {dag.py:1832} INFO - Sync 1 DAGs
[2022-04-02 16:18:42,916] {logging_mixin.py:104} INFO - [2022-04-02 16:18:42,916] {dag.py:2305} INFO - Setting next_dagrun for example_skip_dag to 2022-03-31 00:00:00+00:00
[2022-04-02 16:18:42,945] {scheduler_job.py:190} INFO - Processing /home/airflow/sandbox/lib/python3.8/site-packages/airflow/example_dags/example_skip_dag.py took 0.081 seconds
[2022-04-02 16:19:20,697] {scheduler_job.py:182} INFO - Started process (PID=3485) to work on /home/airflow/sandbox/lib/python3.8/site-packages/airflow/example_dags/example_skip_dag.py
[2022-04-02 16:19:20,698] {scheduler_job.py:633} INFO - Processing file /home/airflow/sandbox/lib/python3.8/site-packages/airflow/example_dags/example_skip_dag.py for tasks to queue
[2022-04-02 16:19:20,700] {logging_mixin.py:104} INFO - [2022-04-02 16:19:20,700] {dagbag.py:487} INFO - Filling up the DagBag from /home/airflow/sandbox/lib/python3.8/site-packages/airflow/example_dags/example_skip_dag.py
[2022-04-02 16:19:20,729] {scheduler_job.py:643} INFO - DAG(s) dict_keys(['example_skip_dag']) retrieved from /home/airflow/sandbox/lib/python3.8/site-packages/airflow/example_dags/example_skip_dag.py
[2022-04-02 16:19:20,747] {logging_mixin.py:104} INFO - [2022-04-02 16:19:20,747] {dag.py:1832} INFO - Sync 1 DAGs
[2022-04-02 16:19:20,770] {logging_mixin.py:104} INFO - [2022-04-02 16:19:20,770] {dag.py:2305} INFO - Setting next_dagrun for example_skip_dag to 2022-03-31 00:00:00+00:00
[2022-04-02 16:19:20,802] {scheduler_job.py:190} INFO - Processing /home/airflow/sandbox/lib/python3.8/site-packages/airflow/example_dags/example_skip_dag.py took 0.113 seconds
[2022-04-02 16:20:03,329] {scheduler_job.py:182} INFO - Started process (PID=3619) to work on /home/airflow/sandbox/lib/python3.8/site-packages/airflow/example_dags/example_skip_dag.py
[2022-04-02 16:20:03,331] {scheduler_job.py:633} INFO - Processing file /home/airflow/sandbox/lib/python3.8/site-packages/airflow/example_dags/example_skip_dag.py for tasks to queue
[2022-04-02 16:20:03,333] {logging_mixin.py:104} INFO - [2022-04-02 16:20:03,333] {dagbag.py:487} INFO - Filling up the DagBag from /home/airflow/sandbox/lib/python3.8/site-packages/airflow/example_dags/example_skip_dag.py
[2022-04-02 16:20:03,357] {scheduler_job.py:643} INFO - DAG(s) dict_keys(['example_skip_dag']) retrieved from /home/airflow/sandbox/lib/python3.8/site-packages/airflow/example_dags/example_skip_dag.py
[2022-04-02 16:20:03,388] {logging_mixin.py:104} INFO - [2022-04-02 16:20:03,388] {dag.py:1832} INFO - Sync 1 DAGs
[2022-04-02 16:20:03,411] {logging_mixin.py:104} INFO - [2022-04-02 16:20:03,411] {dag.py:2305} INFO - Setting next_dagrun for example_skip_dag to 2022-03-31 00:00:00+00:00
[2022-04-02 16:20:03,448] {scheduler_job.py:190} INFO - Processing /home/airflow/sandbox/lib/python3.8/site-packages/airflow/example_dags/example_skip_dag.py took 0.125 seconds
[2022-04-02 16:20:45,792] {scheduler_job.py:182} INFO - Started process (PID=3653) to work on /home/airflow/sandbox/lib/python3.8/site-packages/airflow/example_dags/example_skip_dag.py
[2022-04-02 16:20:45,793] {scheduler_job.py:633} INFO - Processing file /home/airflow/sandbox/lib/python3.8/site-packages/airflow/example_dags/example_skip_dag.py for tasks to queue
[2022-04-02 16:20:45,795] {logging_mixin.py:104} INFO - [2022-04-02 16:20:45,794] {dagbag.py:487} INFO - Filling up the DagBag from /home/airflow/sandbox/lib/python3.8/site-packages/airflow/example_dags/example_skip_dag.py
[2022-04-02 16:20:45,810] {scheduler_job.py:643} INFO - DAG(s) dict_keys(['example_skip_dag']) retrieved from /home/airflow/sandbox/lib/python3.8/site-packages/airflow/example_dags/example_skip_dag.py
[2022-04-02 16:20:45,835] {logging_mixin.py:104} INFO - [2022-04-02 16:20:45,835] {dag.py:1832} INFO - Sync 1 DAGs
[2022-04-02 16:20:45,857] {logging_mixin.py:104} INFO - [2022-04-02 16:20:45,857] {dag.py:2305} INFO - Setting next_dagrun for example_skip_dag to 2022-03-31 00:00:00+00:00
[2022-04-02 16:20:45,888] {scheduler_job.py:190} INFO - Processing /home/airflow/sandbox/lib/python3.8/site-packages/airflow/example_dags/example_skip_dag.py took 0.102 seconds
[2022-04-02 16:21:23,542] {scheduler_job.py:182} INFO - Started process (PID=3685) to work on /home/airflow/sandbox/lib/python3.8/site-packages/airflow/example_dags/example_skip_dag.py
[2022-04-02 16:21:23,544] {scheduler_job.py:633} INFO - Processing file /home/airflow/sandbox/lib/python3.8/site-packages/airflow/example_dags/example_skip_dag.py for tasks to queue
[2022-04-02 16:21:23,545] {logging_mixin.py:104} INFO - [2022-04-02 16:21:23,545] {dagbag.py:487} INFO - Filling up the DagBag from /home/airflow/sandbox/lib/python3.8/site-packages/airflow/example_dags/example_skip_dag.py
[2022-04-02 16:21:23,571] {scheduler_job.py:643} INFO - DAG(s) dict_keys(['example_skip_dag']) retrieved from /home/airflow/sandbox/lib/python3.8/site-packages/airflow/example_dags/example_skip_dag.py
[2022-04-02 16:21:23,599] {logging_mixin.py:104} INFO - [2022-04-02 16:21:23,598] {dag.py:1832} INFO - Sync 1 DAGs
[2022-04-02 16:21:23,620] {logging_mixin.py:104} INFO - [2022-04-02 16:21:23,619] {dag.py:2305} INFO - Setting next_dagrun for example_skip_dag to 2022-03-31 00:00:00+00:00
[2022-04-02 16:21:23,656] {scheduler_job.py:190} INFO - Processing /home/airflow/sandbox/lib/python3.8/site-packages/airflow/example_dags/example_skip_dag.py took 0.120 seconds
[2022-04-02 16:22:05,093] {scheduler_job.py:182} INFO - Started process (PID=3721) to work on /home/airflow/sandbox/lib/python3.8/site-packages/airflow/example_dags/example_skip_dag.py
[2022-04-02 16:22:05,095] {scheduler_job.py:633} INFO - Processing file /home/airflow/sandbox/lib/python3.8/site-packages/airflow/example_dags/example_skip_dag.py for tasks to queue
[2022-04-02 16:22:05,095] {logging_mixin.py:104} INFO - [2022-04-02 16:22:05,095] {dagbag.py:487} INFO - Filling up the DagBag from /home/airflow/sandbox/lib/python3.8/site-packages/airflow/example_dags/example_skip_dag.py
[2022-04-02 16:22:05,106] {scheduler_job.py:643} INFO - DAG(s) dict_keys(['example_skip_dag']) retrieved from /home/airflow/sandbox/lib/python3.8/site-packages/airflow/example_dags/example_skip_dag.py
[2022-04-02 16:22:05,118] {logging_mixin.py:104} INFO - [2022-04-02 16:22:05,118] {dag.py:1832} INFO - Sync 1 DAGs
[2022-04-02 16:22:05,131] {logging_mixin.py:104} INFO - [2022-04-02 16:22:05,131] {dag.py:2305} INFO - Setting next_dagrun for example_skip_dag to 2022-03-31 00:00:00+00:00
[2022-04-02 16:22:05,143] {scheduler_job.py:190} INFO - Processing /home/airflow/sandbox/lib/python3.8/site-packages/airflow/example_dags/example_skip_dag.py took 0.056 seconds
[2022-04-02 16:22:49,581] {scheduler_job.py:182} INFO - Started process (PID=3757) to work on /home/airflow/sandbox/lib/python3.8/site-packages/airflow/example_dags/example_skip_dag.py
[2022-04-02 16:22:49,584] {scheduler_job.py:633} INFO - Processing file /home/airflow/sandbox/lib/python3.8/site-packages/airflow/example_dags/example_skip_dag.py for tasks to queue
[2022-04-02 16:22:49,585] {logging_mixin.py:104} INFO - [2022-04-02 16:22:49,585] {dagbag.py:487} INFO - Filling up the DagBag from /home/airflow/sandbox/lib/python3.8/site-packages/airflow/example_dags/example_skip_dag.py
[2022-04-02 16:22:49,606] {scheduler_job.py:643} INFO - DAG(s) dict_keys(['example_skip_dag']) retrieved from /home/airflow/sandbox/lib/python3.8/site-packages/airflow/example_dags/example_skip_dag.py
[2022-04-02 16:22:49,625] {logging_mixin.py:104} INFO - [2022-04-02 16:22:49,624] {dag.py:1832} INFO - Sync 1 DAGs
[2022-04-02 16:22:49,635] {logging_mixin.py:104} INFO - [2022-04-02 16:22:49,635] {dag.py:2305} INFO - Setting next_dagrun for example_skip_dag to 2022-03-31 00:00:00+00:00
[2022-04-02 16:22:49,670] {scheduler_job.py:190} INFO - Processing /home/airflow/sandbox/lib/python3.8/site-packages/airflow/example_dags/example_skip_dag.py took 0.095 seconds
[2022-04-02 16:23:30,574] {scheduler_job.py:182} INFO - Started process (PID=3835) to work on /home/airflow/sandbox/lib/python3.8/site-packages/airflow/example_dags/example_skip_dag.py
[2022-04-02 16:23:30,576] {scheduler_job.py:633} INFO - Processing file /home/airflow/sandbox/lib/python3.8/site-packages/airflow/example_dags/example_skip_dag.py for tasks to queue
[2022-04-02 16:23:30,577] {logging_mixin.py:104} INFO - [2022-04-02 16:23:30,577] {dagbag.py:487} INFO - Filling up the DagBag from /home/airflow/sandbox/lib/python3.8/site-packages/airflow/example_dags/example_skip_dag.py
[2022-04-02 16:23:30,597] {scheduler_job.py:643} INFO - DAG(s) dict_keys(['example_skip_dag']) retrieved from /home/airflow/sandbox/lib/python3.8/site-packages/airflow/example_dags/example_skip_dag.py
[2022-04-02 16:23:30,630] {logging_mixin.py:104} INFO - [2022-04-02 16:23:30,630] {dag.py:1832} INFO - Sync 1 DAGs
[2022-04-02 16:23:30,652] {logging_mixin.py:104} INFO - [2022-04-02 16:23:30,651] {dag.py:2305} INFO - Setting next_dagrun for example_skip_dag to 2022-03-31 00:00:00+00:00
[2022-04-02 16:23:30,689] {scheduler_job.py:190} INFO - Processing /home/airflow/sandbox/lib/python3.8/site-packages/airflow/example_dags/example_skip_dag.py took 0.122 seconds
[2022-04-02 16:24:10,549] {scheduler_job.py:182} INFO - Started process (PID=3868) to work on /home/airflow/sandbox/lib/python3.8/site-packages/airflow/example_dags/example_skip_dag.py
[2022-04-02 16:24:10,551] {scheduler_job.py:633} INFO - Processing file /home/airflow/sandbox/lib/python3.8/site-packages/airflow/example_dags/example_skip_dag.py for tasks to queue
[2022-04-02 16:24:10,552] {logging_mixin.py:104} INFO - [2022-04-02 16:24:10,552] {dagbag.py:487} INFO - Filling up the DagBag from /home/airflow/sandbox/lib/python3.8/site-packages/airflow/example_dags/example_skip_dag.py
[2022-04-02 16:24:10,581] {scheduler_job.py:643} INFO - DAG(s) dict_keys(['example_skip_dag']) retrieved from /home/airflow/sandbox/lib/python3.8/site-packages/airflow/example_dags/example_skip_dag.py
[2022-04-02 16:24:10,610] {logging_mixin.py:104} INFO - [2022-04-02 16:24:10,610] {dag.py:1832} INFO - Sync 1 DAGs
[2022-04-02 16:24:10,629] {logging_mixin.py:104} INFO - [2022-04-02 16:24:10,628] {dag.py:2305} INFO - Setting next_dagrun for example_skip_dag to 2022-03-31 00:00:00+00:00
[2022-04-02 16:24:10,661] {scheduler_job.py:190} INFO - Processing /home/airflow/sandbox/lib/python3.8/site-packages/airflow/example_dags/example_skip_dag.py took 0.118 seconds
[2022-04-02 16:24:52,587] {scheduler_job.py:182} INFO - Started process (PID=3903) to work on /home/airflow/sandbox/lib/python3.8/site-packages/airflow/example_dags/example_skip_dag.py
[2022-04-02 16:24:52,589] {scheduler_job.py:633} INFO - Processing file /home/airflow/sandbox/lib/python3.8/site-packages/airflow/example_dags/example_skip_dag.py for tasks to queue
[2022-04-02 16:24:52,590] {logging_mixin.py:104} INFO - [2022-04-02 16:24:52,590] {dagbag.py:487} INFO - Filling up the DagBag from /home/airflow/sandbox/lib/python3.8/site-packages/airflow/example_dags/example_skip_dag.py
[2022-04-02 16:24:52,603] {scheduler_job.py:643} INFO - DAG(s) dict_keys(['example_skip_dag']) retrieved from /home/airflow/sandbox/lib/python3.8/site-packages/airflow/example_dags/example_skip_dag.py
[2022-04-02 16:24:52,634] {logging_mixin.py:104} INFO - [2022-04-02 16:24:52,633] {dag.py:1832} INFO - Sync 1 DAGs
[2022-04-02 16:24:52,657] {logging_mixin.py:104} INFO - [2022-04-02 16:24:52,657] {dag.py:2305} INFO - Setting next_dagrun for example_skip_dag to 2022-03-31 00:00:00+00:00
[2022-04-02 16:24:52,690] {scheduler_job.py:190} INFO - Processing /home/airflow/sandbox/lib/python3.8/site-packages/airflow/example_dags/example_skip_dag.py took 0.110 seconds
[2022-04-02 16:25:32,869] {scheduler_job.py:182} INFO - Started process (PID=3935) to work on /home/airflow/sandbox/lib/python3.8/site-packages/airflow/example_dags/example_skip_dag.py
[2022-04-02 16:25:32,875] {scheduler_job.py:633} INFO - Processing file /home/airflow/sandbox/lib/python3.8/site-packages/airflow/example_dags/example_skip_dag.py for tasks to queue
[2022-04-02 16:25:32,877] {logging_mixin.py:104} INFO - [2022-04-02 16:25:32,877] {dagbag.py:487} INFO - Filling up the DagBag from /home/airflow/sandbox/lib/python3.8/site-packages/airflow/example_dags/example_skip_dag.py
[2022-04-02 16:25:32,903] {scheduler_job.py:643} INFO - DAG(s) dict_keys(['example_skip_dag']) retrieved from /home/airflow/sandbox/lib/python3.8/site-packages/airflow/example_dags/example_skip_dag.py
[2022-04-02 16:25:32,941] {logging_mixin.py:104} INFO - [2022-04-02 16:25:32,941] {dag.py:1832} INFO - Sync 1 DAGs
[2022-04-02 16:25:32,968] {logging_mixin.py:104} INFO - [2022-04-02 16:25:32,967] {dag.py:2305} INFO - Setting next_dagrun for example_skip_dag to 2022-03-31 00:00:00+00:00
[2022-04-02 16:25:33,013] {scheduler_job.py:190} INFO - Processing /home/airflow/sandbox/lib/python3.8/site-packages/airflow/example_dags/example_skip_dag.py took 0.152 seconds
[2022-04-02 16:26:10,580] {scheduler_job.py:182} INFO - Started process (PID=3966) to work on /home/airflow/sandbox/lib/python3.8/site-packages/airflow/example_dags/example_skip_dag.py
[2022-04-02 16:26:10,582] {scheduler_job.py:633} INFO - Processing file /home/airflow/sandbox/lib/python3.8/site-packages/airflow/example_dags/example_skip_dag.py for tasks to queue
[2022-04-02 16:26:10,584] {logging_mixin.py:104} INFO - [2022-04-02 16:26:10,583] {dagbag.py:487} INFO - Filling up the DagBag from /home/airflow/sandbox/lib/python3.8/site-packages/airflow/example_dags/example_skip_dag.py
[2022-04-02 16:26:10,605] {scheduler_job.py:643} INFO - DAG(s) dict_keys(['example_skip_dag']) retrieved from /home/airflow/sandbox/lib/python3.8/site-packages/airflow/example_dags/example_skip_dag.py
[2022-04-02 16:26:10,626] {logging_mixin.py:104} INFO - [2022-04-02 16:26:10,626] {dag.py:1832} INFO - Sync 1 DAGs
[2022-04-02 16:26:10,636] {logging_mixin.py:104} INFO - [2022-04-02 16:26:10,636] {dag.py:2305} INFO - Setting next_dagrun for example_skip_dag to 2022-03-31 00:00:00+00:00
[2022-04-02 16:26:10,663] {scheduler_job.py:190} INFO - Processing /home/airflow/sandbox/lib/python3.8/site-packages/airflow/example_dags/example_skip_dag.py took 0.091 seconds
[2022-04-02 16:26:47,917] {scheduler_job.py:182} INFO - Started process (PID=3997) to work on /home/airflow/sandbox/lib/python3.8/site-packages/airflow/example_dags/example_skip_dag.py
[2022-04-02 16:26:47,919] {scheduler_job.py:633} INFO - Processing file /home/airflow/sandbox/lib/python3.8/site-packages/airflow/example_dags/example_skip_dag.py for tasks to queue
[2022-04-02 16:26:47,920] {logging_mixin.py:104} INFO - [2022-04-02 16:26:47,920] {dagbag.py:487} INFO - Filling up the DagBag from /home/airflow/sandbox/lib/python3.8/site-packages/airflow/example_dags/example_skip_dag.py
[2022-04-02 16:26:47,935] {scheduler_job.py:643} INFO - DAG(s) dict_keys(['example_skip_dag']) retrieved from /home/airflow/sandbox/lib/python3.8/site-packages/airflow/example_dags/example_skip_dag.py
[2022-04-02 16:26:47,950] {logging_mixin.py:104} INFO - [2022-04-02 16:26:47,950] {dag.py:1832} INFO - Sync 1 DAGs
[2022-04-02 16:26:47,973] {logging_mixin.py:104} INFO - [2022-04-02 16:26:47,973] {dag.py:2305} INFO - Setting next_dagrun for example_skip_dag to 2022-03-31 00:00:00+00:00
[2022-04-02 16:26:47,999] {scheduler_job.py:190} INFO - Processing /home/airflow/sandbox/lib/python3.8/site-packages/airflow/example_dags/example_skip_dag.py took 0.089 seconds
