[2022-04-02 16:14:25,514] {scheduler_job.py:182} INFO - Started process (PID=3170) to work on /home/airflow/sandbox/lib/python3.8/site-packages/airflow/example_dags/example_kubernetes_executor_config.py
[2022-04-02 16:14:25,516] {scheduler_job.py:633} INFO - Processing file /home/airflow/sandbox/lib/python3.8/site-packages/airflow/example_dags/example_kubernetes_executor_config.py for tasks to queue
[2022-04-02 16:14:25,518] {logging_mixin.py:104} INFO - [2022-04-02 16:14:25,517] {dagbag.py:487} INFO - Filling up the DagBag from /home/airflow/sandbox/lib/python3.8/site-packages/airflow/example_dags/example_kubernetes_executor_config.py
[2022-04-02 16:14:25,530] {logging_mixin.py:104} INFO - [2022-04-02 16:14:25,530] {example_kubernetes_executor_config.py:175} WARNING - Could not import DAGs in example_kubernetes_executor_config.py: No module named 'kubernetes'
[2022-04-02 16:14:25,530] {logging_mixin.py:104} INFO - [2022-04-02 16:14:25,530] {example_kubernetes_executor_config.py:176} WARNING - Install kubernetes dependencies with: pip install apache-airflow['cncf.kubernetes']
[2022-04-02 16:14:25,531] {scheduler_job.py:645} WARNING - No viable dags retrieved from /home/airflow/sandbox/lib/python3.8/site-packages/airflow/example_dags/example_kubernetes_executor_config.py
[2022-04-02 16:14:25,548] {scheduler_job.py:190} INFO - Processing /home/airflow/sandbox/lib/python3.8/site-packages/airflow/example_dags/example_kubernetes_executor_config.py took 0.042 seconds
[2022-04-02 16:15:12,118] {scheduler_job.py:182} INFO - Started process (PID=3206) to work on /home/airflow/sandbox/lib/python3.8/site-packages/airflow/example_dags/example_kubernetes_executor_config.py
[2022-04-02 16:15:12,120] {scheduler_job.py:633} INFO - Processing file /home/airflow/sandbox/lib/python3.8/site-packages/airflow/example_dags/example_kubernetes_executor_config.py for tasks to queue
[2022-04-02 16:15:12,121] {logging_mixin.py:104} INFO - [2022-04-02 16:15:12,121] {dagbag.py:487} INFO - Filling up the DagBag from /home/airflow/sandbox/lib/python3.8/site-packages/airflow/example_dags/example_kubernetes_executor_config.py
[2022-04-02 16:15:12,134] {logging_mixin.py:104} INFO - [2022-04-02 16:15:12,134] {example_kubernetes_executor_config.py:175} WARNING - Could not import DAGs in example_kubernetes_executor_config.py: No module named 'kubernetes'
[2022-04-02 16:15:12,135] {logging_mixin.py:104} INFO - [2022-04-02 16:15:12,135] {example_kubernetes_executor_config.py:176} WARNING - Install kubernetes dependencies with: pip install apache-airflow['cncf.kubernetes']
[2022-04-02 16:15:12,135] {scheduler_job.py:645} WARNING - No viable dags retrieved from /home/airflow/sandbox/lib/python3.8/site-packages/airflow/example_dags/example_kubernetes_executor_config.py
[2022-04-02 16:15:12,145] {scheduler_job.py:190} INFO - Processing /home/airflow/sandbox/lib/python3.8/site-packages/airflow/example_dags/example_kubernetes_executor_config.py took 0.034 seconds
[2022-04-02 16:15:49,930] {scheduler_job.py:182} INFO - Started process (PID=3238) to work on /home/airflow/sandbox/lib/python3.8/site-packages/airflow/example_dags/example_kubernetes_executor_config.py
[2022-04-02 16:15:49,932] {scheduler_job.py:633} INFO - Processing file /home/airflow/sandbox/lib/python3.8/site-packages/airflow/example_dags/example_kubernetes_executor_config.py for tasks to queue
[2022-04-02 16:15:49,934] {logging_mixin.py:104} INFO - [2022-04-02 16:15:49,934] {dagbag.py:487} INFO - Filling up the DagBag from /home/airflow/sandbox/lib/python3.8/site-packages/airflow/example_dags/example_kubernetes_executor_config.py
[2022-04-02 16:15:49,948] {logging_mixin.py:104} INFO - [2022-04-02 16:15:49,948] {example_kubernetes_executor_config.py:175} WARNING - Could not import DAGs in example_kubernetes_executor_config.py: No module named 'kubernetes'
[2022-04-02 16:15:49,949] {logging_mixin.py:104} INFO - [2022-04-02 16:15:49,949] {example_kubernetes_executor_config.py:176} WARNING - Install kubernetes dependencies with: pip install apache-airflow['cncf.kubernetes']
[2022-04-02 16:15:49,949] {scheduler_job.py:645} WARNING - No viable dags retrieved from /home/airflow/sandbox/lib/python3.8/site-packages/airflow/example_dags/example_kubernetes_executor_config.py
[2022-04-02 16:15:49,965] {scheduler_job.py:190} INFO - Processing /home/airflow/sandbox/lib/python3.8/site-packages/airflow/example_dags/example_kubernetes_executor_config.py took 0.040 seconds
[2022-04-02 16:16:28,943] {scheduler_job.py:182} INFO - Started process (PID=3270) to work on /home/airflow/sandbox/lib/python3.8/site-packages/airflow/example_dags/example_kubernetes_executor_config.py
[2022-04-02 16:16:28,945] {scheduler_job.py:633} INFO - Processing file /home/airflow/sandbox/lib/python3.8/site-packages/airflow/example_dags/example_kubernetes_executor_config.py for tasks to queue
[2022-04-02 16:16:28,947] {logging_mixin.py:104} INFO - [2022-04-02 16:16:28,947] {dagbag.py:487} INFO - Filling up the DagBag from /home/airflow/sandbox/lib/python3.8/site-packages/airflow/example_dags/example_kubernetes_executor_config.py
[2022-04-02 16:16:28,957] {logging_mixin.py:104} INFO - [2022-04-02 16:16:28,957] {example_kubernetes_executor_config.py:175} WARNING - Could not import DAGs in example_kubernetes_executor_config.py: No module named 'kubernetes'
[2022-04-02 16:16:28,957] {logging_mixin.py:104} INFO - [2022-04-02 16:16:28,957] {example_kubernetes_executor_config.py:176} WARNING - Install kubernetes dependencies with: pip install apache-airflow['cncf.kubernetes']
[2022-04-02 16:16:28,958] {scheduler_job.py:645} WARNING - No viable dags retrieved from /home/airflow/sandbox/lib/python3.8/site-packages/airflow/example_dags/example_kubernetes_executor_config.py
[2022-04-02 16:16:28,974] {scheduler_job.py:190} INFO - Processing /home/airflow/sandbox/lib/python3.8/site-packages/airflow/example_dags/example_kubernetes_executor_config.py took 0.047 seconds
[2022-04-02 16:17:11,308] {scheduler_job.py:182} INFO - Started process (PID=3317) to work on /home/airflow/sandbox/lib/python3.8/site-packages/airflow/example_dags/example_kubernetes_executor_config.py
[2022-04-02 16:17:11,310] {scheduler_job.py:633} INFO - Processing file /home/airflow/sandbox/lib/python3.8/site-packages/airflow/example_dags/example_kubernetes_executor_config.py for tasks to queue
[2022-04-02 16:17:11,311] {logging_mixin.py:104} INFO - [2022-04-02 16:17:11,311] {dagbag.py:487} INFO - Filling up the DagBag from /home/airflow/sandbox/lib/python3.8/site-packages/airflow/example_dags/example_kubernetes_executor_config.py
[2022-04-02 16:17:11,315] {logging_mixin.py:104} INFO - [2022-04-02 16:17:11,315] {example_kubernetes_executor_config.py:175} WARNING - Could not import DAGs in example_kubernetes_executor_config.py: No module named 'kubernetes'
[2022-04-02 16:17:11,315] {logging_mixin.py:104} INFO - [2022-04-02 16:17:11,315] {example_kubernetes_executor_config.py:176} WARNING - Install kubernetes dependencies with: pip install apache-airflow['cncf.kubernetes']
[2022-04-02 16:17:11,316] {scheduler_job.py:645} WARNING - No viable dags retrieved from /home/airflow/sandbox/lib/python3.8/site-packages/airflow/example_dags/example_kubernetes_executor_config.py
[2022-04-02 16:17:11,329] {scheduler_job.py:190} INFO - Processing /home/airflow/sandbox/lib/python3.8/site-packages/airflow/example_dags/example_kubernetes_executor_config.py took 0.025 seconds
[2022-04-02 16:17:55,699] {scheduler_job.py:182} INFO - Started process (PID=3354) to work on /home/airflow/sandbox/lib/python3.8/site-packages/airflow/example_dags/example_kubernetes_executor_config.py
[2022-04-02 16:17:55,701] {scheduler_job.py:633} INFO - Processing file /home/airflow/sandbox/lib/python3.8/site-packages/airflow/example_dags/example_kubernetes_executor_config.py for tasks to queue
[2022-04-02 16:17:55,702] {logging_mixin.py:104} INFO - [2022-04-02 16:17:55,702] {dagbag.py:487} INFO - Filling up the DagBag from /home/airflow/sandbox/lib/python3.8/site-packages/airflow/example_dags/example_kubernetes_executor_config.py
[2022-04-02 16:17:55,715] {logging_mixin.py:104} INFO - [2022-04-02 16:17:55,715] {example_kubernetes_executor_config.py:175} WARNING - Could not import DAGs in example_kubernetes_executor_config.py: No module named 'kubernetes'
[2022-04-02 16:17:55,715] {logging_mixin.py:104} INFO - [2022-04-02 16:17:55,715] {example_kubernetes_executor_config.py:176} WARNING - Install kubernetes dependencies with: pip install apache-airflow['cncf.kubernetes']
[2022-04-02 16:17:55,716] {scheduler_job.py:645} WARNING - No viable dags retrieved from /home/airflow/sandbox/lib/python3.8/site-packages/airflow/example_dags/example_kubernetes_executor_config.py
[2022-04-02 16:17:55,735] {scheduler_job.py:190} INFO - Processing /home/airflow/sandbox/lib/python3.8/site-packages/airflow/example_dags/example_kubernetes_executor_config.py took 0.042 seconds
[2022-04-02 16:18:34,303] {scheduler_job.py:182} INFO - Started process (PID=3447) to work on /home/airflow/sandbox/lib/python3.8/site-packages/airflow/example_dags/example_kubernetes_executor_config.py
[2022-04-02 16:18:34,305] {scheduler_job.py:633} INFO - Processing file /home/airflow/sandbox/lib/python3.8/site-packages/airflow/example_dags/example_kubernetes_executor_config.py for tasks to queue
[2022-04-02 16:18:34,306] {logging_mixin.py:104} INFO - [2022-04-02 16:18:34,306] {dagbag.py:487} INFO - Filling up the DagBag from /home/airflow/sandbox/lib/python3.8/site-packages/airflow/example_dags/example_kubernetes_executor_config.py
[2022-04-02 16:18:34,319] {logging_mixin.py:104} INFO - [2022-04-02 16:18:34,318] {example_kubernetes_executor_config.py:175} WARNING - Could not import DAGs in example_kubernetes_executor_config.py: No module named 'kubernetes'
[2022-04-02 16:18:34,319] {logging_mixin.py:104} INFO - [2022-04-02 16:18:34,319] {example_kubernetes_executor_config.py:176} WARNING - Install kubernetes dependencies with: pip install apache-airflow['cncf.kubernetes']
[2022-04-02 16:18:34,319] {scheduler_job.py:645} WARNING - No viable dags retrieved from /home/airflow/sandbox/lib/python3.8/site-packages/airflow/example_dags/example_kubernetes_executor_config.py
[2022-04-02 16:18:34,330] {scheduler_job.py:190} INFO - Processing /home/airflow/sandbox/lib/python3.8/site-packages/airflow/example_dags/example_kubernetes_executor_config.py took 0.038 seconds
[2022-04-02 16:19:21,946] {scheduler_job.py:182} INFO - Started process (PID=3486) to work on /home/airflow/sandbox/lib/python3.8/site-packages/airflow/example_dags/example_kubernetes_executor_config.py
[2022-04-02 16:19:21,947] {scheduler_job.py:633} INFO - Processing file /home/airflow/sandbox/lib/python3.8/site-packages/airflow/example_dags/example_kubernetes_executor_config.py for tasks to queue
[2022-04-02 16:19:21,948] {logging_mixin.py:104} INFO - [2022-04-02 16:19:21,947] {dagbag.py:487} INFO - Filling up the DagBag from /home/airflow/sandbox/lib/python3.8/site-packages/airflow/example_dags/example_kubernetes_executor_config.py
[2022-04-02 16:19:21,955] {logging_mixin.py:104} INFO - [2022-04-02 16:19:21,955] {example_kubernetes_executor_config.py:175} WARNING - Could not import DAGs in example_kubernetes_executor_config.py: No module named 'kubernetes'
[2022-04-02 16:19:21,955] {logging_mixin.py:104} INFO - [2022-04-02 16:19:21,955] {example_kubernetes_executor_config.py:176} WARNING - Install kubernetes dependencies with: pip install apache-airflow['cncf.kubernetes']
[2022-04-02 16:19:21,956] {scheduler_job.py:645} WARNING - No viable dags retrieved from /home/airflow/sandbox/lib/python3.8/site-packages/airflow/example_dags/example_kubernetes_executor_config.py
[2022-04-02 16:19:21,962] {scheduler_job.py:190} INFO - Processing /home/airflow/sandbox/lib/python3.8/site-packages/airflow/example_dags/example_kubernetes_executor_config.py took 0.020 seconds
[2022-04-02 16:20:04,617] {scheduler_job.py:182} INFO - Started process (PID=3620) to work on /home/airflow/sandbox/lib/python3.8/site-packages/airflow/example_dags/example_kubernetes_executor_config.py
[2022-04-02 16:20:04,619] {scheduler_job.py:633} INFO - Processing file /home/airflow/sandbox/lib/python3.8/site-packages/airflow/example_dags/example_kubernetes_executor_config.py for tasks to queue
[2022-04-02 16:20:04,621] {logging_mixin.py:104} INFO - [2022-04-02 16:20:04,621] {dagbag.py:487} INFO - Filling up the DagBag from /home/airflow/sandbox/lib/python3.8/site-packages/airflow/example_dags/example_kubernetes_executor_config.py
[2022-04-02 16:20:04,636] {logging_mixin.py:104} INFO - [2022-04-02 16:20:04,636] {example_kubernetes_executor_config.py:175} WARNING - Could not import DAGs in example_kubernetes_executor_config.py: No module named 'kubernetes'
[2022-04-02 16:20:04,637] {logging_mixin.py:104} INFO - [2022-04-02 16:20:04,637] {example_kubernetes_executor_config.py:176} WARNING - Install kubernetes dependencies with: pip install apache-airflow['cncf.kubernetes']
[2022-04-02 16:20:04,637] {scheduler_job.py:645} WARNING - No viable dags retrieved from /home/airflow/sandbox/lib/python3.8/site-packages/airflow/example_dags/example_kubernetes_executor_config.py
[2022-04-02 16:20:04,652] {scheduler_job.py:190} INFO - Processing /home/airflow/sandbox/lib/python3.8/site-packages/airflow/example_dags/example_kubernetes_executor_config.py took 0.041 seconds
[2022-04-02 16:20:47,040] {scheduler_job.py:182} INFO - Started process (PID=3654) to work on /home/airflow/sandbox/lib/python3.8/site-packages/airflow/example_dags/example_kubernetes_executor_config.py
[2022-04-02 16:20:47,042] {scheduler_job.py:633} INFO - Processing file /home/airflow/sandbox/lib/python3.8/site-packages/airflow/example_dags/example_kubernetes_executor_config.py for tasks to queue
[2022-04-02 16:20:47,042] {logging_mixin.py:104} INFO - [2022-04-02 16:20:47,042] {dagbag.py:487} INFO - Filling up the DagBag from /home/airflow/sandbox/lib/python3.8/site-packages/airflow/example_dags/example_kubernetes_executor_config.py
[2022-04-02 16:20:47,049] {logging_mixin.py:104} INFO - [2022-04-02 16:20:47,049] {example_kubernetes_executor_config.py:175} WARNING - Could not import DAGs in example_kubernetes_executor_config.py: No module named 'kubernetes'
[2022-04-02 16:20:47,049] {logging_mixin.py:104} INFO - [2022-04-02 16:20:47,049] {example_kubernetes_executor_config.py:176} WARNING - Install kubernetes dependencies with: pip install apache-airflow['cncf.kubernetes']
[2022-04-02 16:20:47,050] {scheduler_job.py:645} WARNING - No viable dags retrieved from /home/airflow/sandbox/lib/python3.8/site-packages/airflow/example_dags/example_kubernetes_executor_config.py
[2022-04-02 16:20:47,059] {scheduler_job.py:190} INFO - Processing /home/airflow/sandbox/lib/python3.8/site-packages/airflow/example_dags/example_kubernetes_executor_config.py took 0.022 seconds
[2022-04-02 16:21:31,574] {scheduler_job.py:182} INFO - Started process (PID=3692) to work on /home/airflow/sandbox/lib/python3.8/site-packages/airflow/example_dags/example_kubernetes_executor_config.py
[2022-04-02 16:21:31,575] {scheduler_job.py:633} INFO - Processing file /home/airflow/sandbox/lib/python3.8/site-packages/airflow/example_dags/example_kubernetes_executor_config.py for tasks to queue
[2022-04-02 16:21:31,576] {logging_mixin.py:104} INFO - [2022-04-02 16:21:31,576] {dagbag.py:487} INFO - Filling up the DagBag from /home/airflow/sandbox/lib/python3.8/site-packages/airflow/example_dags/example_kubernetes_executor_config.py
[2022-04-02 16:21:31,583] {logging_mixin.py:104} INFO - [2022-04-02 16:21:31,583] {example_kubernetes_executor_config.py:175} WARNING - Could not import DAGs in example_kubernetes_executor_config.py: No module named 'kubernetes'
[2022-04-02 16:21:31,583] {logging_mixin.py:104} INFO - [2022-04-02 16:21:31,583] {example_kubernetes_executor_config.py:176} WARNING - Install kubernetes dependencies with: pip install apache-airflow['cncf.kubernetes']
[2022-04-02 16:21:31,584] {scheduler_job.py:645} WARNING - No viable dags retrieved from /home/airflow/sandbox/lib/python3.8/site-packages/airflow/example_dags/example_kubernetes_executor_config.py
[2022-04-02 16:21:31,599] {scheduler_job.py:190} INFO - Processing /home/airflow/sandbox/lib/python3.8/site-packages/airflow/example_dags/example_kubernetes_executor_config.py took 0.029 seconds
[2022-04-02 16:22:13,735] {scheduler_job.py:182} INFO - Started process (PID=3728) to work on /home/airflow/sandbox/lib/python3.8/site-packages/airflow/example_dags/example_kubernetes_executor_config.py
[2022-04-02 16:22:13,738] {scheduler_job.py:633} INFO - Processing file /home/airflow/sandbox/lib/python3.8/site-packages/airflow/example_dags/example_kubernetes_executor_config.py for tasks to queue
[2022-04-02 16:22:13,740] {logging_mixin.py:104} INFO - [2022-04-02 16:22:13,740] {dagbag.py:487} INFO - Filling up the DagBag from /home/airflow/sandbox/lib/python3.8/site-packages/airflow/example_dags/example_kubernetes_executor_config.py
[2022-04-02 16:22:13,761] {logging_mixin.py:104} INFO - [2022-04-02 16:22:13,760] {example_kubernetes_executor_config.py:175} WARNING - Could not import DAGs in example_kubernetes_executor_config.py: No module named 'kubernetes'
[2022-04-02 16:22:13,761] {logging_mixin.py:104} INFO - [2022-04-02 16:22:13,761] {example_kubernetes_executor_config.py:176} WARNING - Install kubernetes dependencies with: pip install apache-airflow['cncf.kubernetes']
[2022-04-02 16:22:13,762] {scheduler_job.py:645} WARNING - No viable dags retrieved from /home/airflow/sandbox/lib/python3.8/site-packages/airflow/example_dags/example_kubernetes_executor_config.py
[2022-04-02 16:22:13,784] {scheduler_job.py:190} INFO - Processing /home/airflow/sandbox/lib/python3.8/site-packages/airflow/example_dags/example_kubernetes_executor_config.py took 0.056 seconds
[2022-04-02 16:23:00,881] {scheduler_job.py:182} INFO - Started process (PID=3787) to work on /home/airflow/sandbox/lib/python3.8/site-packages/airflow/example_dags/example_kubernetes_executor_config.py
[2022-04-02 16:23:00,883] {scheduler_job.py:633} INFO - Processing file /home/airflow/sandbox/lib/python3.8/site-packages/airflow/example_dags/example_kubernetes_executor_config.py for tasks to queue
[2022-04-02 16:23:00,883] {logging_mixin.py:104} INFO - [2022-04-02 16:23:00,883] {dagbag.py:487} INFO - Filling up the DagBag from /home/airflow/sandbox/lib/python3.8/site-packages/airflow/example_dags/example_kubernetes_executor_config.py
[2022-04-02 16:23:00,895] {logging_mixin.py:104} INFO - [2022-04-02 16:23:00,894] {example_kubernetes_executor_config.py:175} WARNING - Could not import DAGs in example_kubernetes_executor_config.py: No module named 'kubernetes'
[2022-04-02 16:23:00,895] {logging_mixin.py:104} INFO - [2022-04-02 16:23:00,895] {example_kubernetes_executor_config.py:176} WARNING - Install kubernetes dependencies with: pip install apache-airflow['cncf.kubernetes']
[2022-04-02 16:23:00,896] {scheduler_job.py:645} WARNING - No viable dags retrieved from /home/airflow/sandbox/lib/python3.8/site-packages/airflow/example_dags/example_kubernetes_executor_config.py
[2022-04-02 16:23:00,919] {scheduler_job.py:190} INFO - Processing /home/airflow/sandbox/lib/python3.8/site-packages/airflow/example_dags/example_kubernetes_executor_config.py took 0.043 seconds
[2022-04-02 16:23:38,156] {scheduler_job.py:182} INFO - Started process (PID=3842) to work on /home/airflow/sandbox/lib/python3.8/site-packages/airflow/example_dags/example_kubernetes_executor_config.py
[2022-04-02 16:23:38,158] {scheduler_job.py:633} INFO - Processing file /home/airflow/sandbox/lib/python3.8/site-packages/airflow/example_dags/example_kubernetes_executor_config.py for tasks to queue
[2022-04-02 16:23:38,158] {logging_mixin.py:104} INFO - [2022-04-02 16:23:38,158] {dagbag.py:487} INFO - Filling up the DagBag from /home/airflow/sandbox/lib/python3.8/site-packages/airflow/example_dags/example_kubernetes_executor_config.py
[2022-04-02 16:23:38,173] {logging_mixin.py:104} INFO - [2022-04-02 16:23:38,173] {example_kubernetes_executor_config.py:175} WARNING - Could not import DAGs in example_kubernetes_executor_config.py: No module named 'kubernetes'
[2022-04-02 16:23:38,174] {logging_mixin.py:104} INFO - [2022-04-02 16:23:38,174] {example_kubernetes_executor_config.py:176} WARNING - Install kubernetes dependencies with: pip install apache-airflow['cncf.kubernetes']
[2022-04-02 16:23:38,174] {scheduler_job.py:645} WARNING - No viable dags retrieved from /home/airflow/sandbox/lib/python3.8/site-packages/airflow/example_dags/example_kubernetes_executor_config.py
[2022-04-02 16:23:38,181] {scheduler_job.py:190} INFO - Processing /home/airflow/sandbox/lib/python3.8/site-packages/airflow/example_dags/example_kubernetes_executor_config.py took 0.032 seconds
[2022-04-02 16:24:22,334] {scheduler_job.py:182} INFO - Started process (PID=3878) to work on /home/airflow/sandbox/lib/python3.8/site-packages/airflow/example_dags/example_kubernetes_executor_config.py
[2022-04-02 16:24:22,336] {scheduler_job.py:633} INFO - Processing file /home/airflow/sandbox/lib/python3.8/site-packages/airflow/example_dags/example_kubernetes_executor_config.py for tasks to queue
[2022-04-02 16:24:22,337] {logging_mixin.py:104} INFO - [2022-04-02 16:24:22,337] {dagbag.py:487} INFO - Filling up the DagBag from /home/airflow/sandbox/lib/python3.8/site-packages/airflow/example_dags/example_kubernetes_executor_config.py
[2022-04-02 16:24:22,353] {logging_mixin.py:104} INFO - [2022-04-02 16:24:22,352] {example_kubernetes_executor_config.py:175} WARNING - Could not import DAGs in example_kubernetes_executor_config.py: No module named 'kubernetes'
[2022-04-02 16:24:22,353] {logging_mixin.py:104} INFO - [2022-04-02 16:24:22,353] {example_kubernetes_executor_config.py:176} WARNING - Install kubernetes dependencies with: pip install apache-airflow['cncf.kubernetes']
[2022-04-02 16:24:22,354] {scheduler_job.py:645} WARNING - No viable dags retrieved from /home/airflow/sandbox/lib/python3.8/site-packages/airflow/example_dags/example_kubernetes_executor_config.py
[2022-04-02 16:24:22,370] {scheduler_job.py:190} INFO - Processing /home/airflow/sandbox/lib/python3.8/site-packages/airflow/example_dags/example_kubernetes_executor_config.py took 0.042 seconds
[2022-04-02 16:25:04,817] {scheduler_job.py:182} INFO - Started process (PID=3913) to work on /home/airflow/sandbox/lib/python3.8/site-packages/airflow/example_dags/example_kubernetes_executor_config.py
[2022-04-02 16:25:04,819] {scheduler_job.py:633} INFO - Processing file /home/airflow/sandbox/lib/python3.8/site-packages/airflow/example_dags/example_kubernetes_executor_config.py for tasks to queue
[2022-04-02 16:25:04,820] {logging_mixin.py:104} INFO - [2022-04-02 16:25:04,819] {dagbag.py:487} INFO - Filling up the DagBag from /home/airflow/sandbox/lib/python3.8/site-packages/airflow/example_dags/example_kubernetes_executor_config.py
[2022-04-02 16:25:04,829] {logging_mixin.py:104} INFO - [2022-04-02 16:25:04,829] {example_kubernetes_executor_config.py:175} WARNING - Could not import DAGs in example_kubernetes_executor_config.py: No module named 'kubernetes'
[2022-04-02 16:25:04,830] {logging_mixin.py:104} INFO - [2022-04-02 16:25:04,830] {example_kubernetes_executor_config.py:176} WARNING - Install kubernetes dependencies with: pip install apache-airflow['cncf.kubernetes']
[2022-04-02 16:25:04,830] {scheduler_job.py:645} WARNING - No viable dags retrieved from /home/airflow/sandbox/lib/python3.8/site-packages/airflow/example_dags/example_kubernetes_executor_config.py
[2022-04-02 16:25:04,842] {scheduler_job.py:190} INFO - Processing /home/airflow/sandbox/lib/python3.8/site-packages/airflow/example_dags/example_kubernetes_executor_config.py took 0.028 seconds
[2022-04-02 16:25:45,029] {scheduler_job.py:182} INFO - Started process (PID=3945) to work on /home/airflow/sandbox/lib/python3.8/site-packages/airflow/example_dags/example_kubernetes_executor_config.py
[2022-04-02 16:25:45,032] {scheduler_job.py:633} INFO - Processing file /home/airflow/sandbox/lib/python3.8/site-packages/airflow/example_dags/example_kubernetes_executor_config.py for tasks to queue
[2022-04-02 16:25:45,033] {logging_mixin.py:104} INFO - [2022-04-02 16:25:45,033] {dagbag.py:487} INFO - Filling up the DagBag from /home/airflow/sandbox/lib/python3.8/site-packages/airflow/example_dags/example_kubernetes_executor_config.py
[2022-04-02 16:25:45,044] {logging_mixin.py:104} INFO - [2022-04-02 16:25:45,044] {example_kubernetes_executor_config.py:175} WARNING - Could not import DAGs in example_kubernetes_executor_config.py: No module named 'kubernetes'
[2022-04-02 16:25:45,044] {logging_mixin.py:104} INFO - [2022-04-02 16:25:45,044] {example_kubernetes_executor_config.py:176} WARNING - Install kubernetes dependencies with: pip install apache-airflow['cncf.kubernetes']
[2022-04-02 16:25:45,044] {scheduler_job.py:645} WARNING - No viable dags retrieved from /home/airflow/sandbox/lib/python3.8/site-packages/airflow/example_dags/example_kubernetes_executor_config.py
[2022-04-02 16:25:45,054] {scheduler_job.py:190} INFO - Processing /home/airflow/sandbox/lib/python3.8/site-packages/airflow/example_dags/example_kubernetes_executor_config.py took 0.029 seconds
[2022-04-02 16:26:30,091] {scheduler_job.py:182} INFO - Started process (PID=3983) to work on /home/airflow/sandbox/lib/python3.8/site-packages/airflow/example_dags/example_kubernetes_executor_config.py
[2022-04-02 16:26:30,093] {scheduler_job.py:633} INFO - Processing file /home/airflow/sandbox/lib/python3.8/site-packages/airflow/example_dags/example_kubernetes_executor_config.py for tasks to queue
[2022-04-02 16:26:30,094] {logging_mixin.py:104} INFO - [2022-04-02 16:26:30,094] {dagbag.py:487} INFO - Filling up the DagBag from /home/airflow/sandbox/lib/python3.8/site-packages/airflow/example_dags/example_kubernetes_executor_config.py
[2022-04-02 16:26:30,102] {logging_mixin.py:104} INFO - [2022-04-02 16:26:30,102] {example_kubernetes_executor_config.py:175} WARNING - Could not import DAGs in example_kubernetes_executor_config.py: No module named 'kubernetes'
[2022-04-02 16:26:30,103] {logging_mixin.py:104} INFO - [2022-04-02 16:26:30,103] {example_kubernetes_executor_config.py:176} WARNING - Install kubernetes dependencies with: pip install apache-airflow['cncf.kubernetes']
[2022-04-02 16:26:30,103] {scheduler_job.py:645} WARNING - No viable dags retrieved from /home/airflow/sandbox/lib/python3.8/site-packages/airflow/example_dags/example_kubernetes_executor_config.py
[2022-04-02 16:26:30,110] {scheduler_job.py:190} INFO - Processing /home/airflow/sandbox/lib/python3.8/site-packages/airflow/example_dags/example_kubernetes_executor_config.py took 0.027 seconds
