[2022-04-02 16:14:28,262] {scheduler_job.py:182} INFO - Started process (PID=3172) to work on /home/airflow/sandbox/lib/python3.8/site-packages/airflow/example_dags/example_branch_python_dop_operator_3.py
[2022-04-02 16:14:28,264] {scheduler_job.py:633} INFO - Processing file /home/airflow/sandbox/lib/python3.8/site-packages/airflow/example_dags/example_branch_python_dop_operator_3.py for tasks to queue
[2022-04-02 16:14:28,264] {logging_mixin.py:104} INFO - [2022-04-02 16:14:28,264] {dagbag.py:487} INFO - Filling up the DagBag from /home/airflow/sandbox/lib/python3.8/site-packages/airflow/example_dags/example_branch_python_dop_operator_3.py
[2022-04-02 16:14:28,278] {scheduler_job.py:643} INFO - DAG(s) dict_keys(['example_branch_dop_operator_v3']) retrieved from /home/airflow/sandbox/lib/python3.8/site-packages/airflow/example_dags/example_branch_python_dop_operator_3.py
[2022-04-02 16:14:28,754] {logging_mixin.py:104} INFO - [2022-04-02 16:14:28,754] {dag.py:1832} INFO - Sync 1 DAGs
[2022-04-02 16:14:28,777] {logging_mixin.py:104} INFO - [2022-04-02 16:14:28,777] {dag.py:2305} INFO - Setting next_dagrun for example_branch_dop_operator_v3 to 2022-03-31 00:00:00+00:00
[2022-04-02 16:14:28,815] {scheduler_job.py:190} INFO - Processing /home/airflow/sandbox/lib/python3.8/site-packages/airflow/example_dags/example_branch_python_dop_operator_3.py took 0.560 seconds
[2022-04-02 16:15:14,403] {scheduler_job.py:182} INFO - Started process (PID=3208) to work on /home/airflow/sandbox/lib/python3.8/site-packages/airflow/example_dags/example_branch_python_dop_operator_3.py
[2022-04-02 16:15:14,404] {scheduler_job.py:633} INFO - Processing file /home/airflow/sandbox/lib/python3.8/site-packages/airflow/example_dags/example_branch_python_dop_operator_3.py for tasks to queue
[2022-04-02 16:15:14,405] {logging_mixin.py:104} INFO - [2022-04-02 16:15:14,405] {dagbag.py:487} INFO - Filling up the DagBag from /home/airflow/sandbox/lib/python3.8/site-packages/airflow/example_dags/example_branch_python_dop_operator_3.py
[2022-04-02 16:15:14,426] {scheduler_job.py:643} INFO - DAG(s) dict_keys(['example_branch_dop_operator_v3']) retrieved from /home/airflow/sandbox/lib/python3.8/site-packages/airflow/example_dags/example_branch_python_dop_operator_3.py
[2022-04-02 16:15:14,450] {logging_mixin.py:104} INFO - [2022-04-02 16:15:14,449] {dag.py:1832} INFO - Sync 1 DAGs
[2022-04-02 16:15:14,472] {logging_mixin.py:104} INFO - [2022-04-02 16:15:14,472] {dag.py:2305} INFO - Setting next_dagrun for example_branch_dop_operator_v3 to 2022-03-31 00:00:00+00:00
[2022-04-02 16:15:14,494] {scheduler_job.py:190} INFO - Processing /home/airflow/sandbox/lib/python3.8/site-packages/airflow/example_dags/example_branch_python_dop_operator_3.py took 0.093 seconds
[2022-04-02 16:15:59,086] {scheduler_job.py:182} INFO - Started process (PID=3246) to work on /home/airflow/sandbox/lib/python3.8/site-packages/airflow/example_dags/example_branch_python_dop_operator_3.py
[2022-04-02 16:15:59,088] {scheduler_job.py:633} INFO - Processing file /home/airflow/sandbox/lib/python3.8/site-packages/airflow/example_dags/example_branch_python_dop_operator_3.py for tasks to queue
[2022-04-02 16:15:59,090] {logging_mixin.py:104} INFO - [2022-04-02 16:15:59,090] {dagbag.py:487} INFO - Filling up the DagBag from /home/airflow/sandbox/lib/python3.8/site-packages/airflow/example_dags/example_branch_python_dop_operator_3.py
[2022-04-02 16:15:59,113] {scheduler_job.py:643} INFO - DAG(s) dict_keys(['example_branch_dop_operator_v3']) retrieved from /home/airflow/sandbox/lib/python3.8/site-packages/airflow/example_dags/example_branch_python_dop_operator_3.py
[2022-04-02 16:15:59,134] {logging_mixin.py:104} INFO - [2022-04-02 16:15:59,134] {dag.py:1832} INFO - Sync 1 DAGs
[2022-04-02 16:15:59,172] {logging_mixin.py:104} INFO - [2022-04-02 16:15:59,172] {dag.py:2305} INFO - Setting next_dagrun for example_branch_dop_operator_v3 to 2022-03-31 00:00:00+00:00
[2022-04-02 16:15:59,210] {scheduler_job.py:190} INFO - Processing /home/airflow/sandbox/lib/python3.8/site-packages/airflow/example_dags/example_branch_python_dop_operator_3.py took 0.130 seconds
[2022-04-02 16:16:38,235] {scheduler_job.py:182} INFO - Started process (PID=3278) to work on /home/airflow/sandbox/lib/python3.8/site-packages/airflow/example_dags/example_branch_python_dop_operator_3.py
[2022-04-02 16:16:38,238] {scheduler_job.py:633} INFO - Processing file /home/airflow/sandbox/lib/python3.8/site-packages/airflow/example_dags/example_branch_python_dop_operator_3.py for tasks to queue
[2022-04-02 16:16:38,240] {logging_mixin.py:104} INFO - [2022-04-02 16:16:38,239] {dagbag.py:487} INFO - Filling up the DagBag from /home/airflow/sandbox/lib/python3.8/site-packages/airflow/example_dags/example_branch_python_dop_operator_3.py
[2022-04-02 16:16:38,266] {scheduler_job.py:643} INFO - DAG(s) dict_keys(['example_branch_dop_operator_v3']) retrieved from /home/airflow/sandbox/lib/python3.8/site-packages/airflow/example_dags/example_branch_python_dop_operator_3.py
[2022-04-02 16:16:38,312] {logging_mixin.py:104} INFO - [2022-04-02 16:16:38,312] {dag.py:1832} INFO - Sync 1 DAGs
[2022-04-02 16:16:38,349] {logging_mixin.py:104} INFO - [2022-04-02 16:16:38,349] {dag.py:2305} INFO - Setting next_dagrun for example_branch_dop_operator_v3 to 2022-03-31 00:00:00+00:00
[2022-04-02 16:16:38,388] {scheduler_job.py:190} INFO - Processing /home/airflow/sandbox/lib/python3.8/site-packages/airflow/example_dags/example_branch_python_dop_operator_3.py took 0.159 seconds
[2022-04-02 16:17:19,698] {scheduler_job.py:182} INFO - Started process (PID=3324) to work on /home/airflow/sandbox/lib/python3.8/site-packages/airflow/example_dags/example_branch_python_dop_operator_3.py
[2022-04-02 16:17:19,700] {scheduler_job.py:633} INFO - Processing file /home/airflow/sandbox/lib/python3.8/site-packages/airflow/example_dags/example_branch_python_dop_operator_3.py for tasks to queue
[2022-04-02 16:17:19,702] {logging_mixin.py:104} INFO - [2022-04-02 16:17:19,702] {dagbag.py:487} INFO - Filling up the DagBag from /home/airflow/sandbox/lib/python3.8/site-packages/airflow/example_dags/example_branch_python_dop_operator_3.py
[2022-04-02 16:17:19,716] {scheduler_job.py:643} INFO - DAG(s) dict_keys(['example_branch_dop_operator_v3']) retrieved from /home/airflow/sandbox/lib/python3.8/site-packages/airflow/example_dags/example_branch_python_dop_operator_3.py
[2022-04-02 16:17:19,740] {logging_mixin.py:104} INFO - [2022-04-02 16:17:19,740] {dag.py:1832} INFO - Sync 1 DAGs
[2022-04-02 16:17:19,779] {logging_mixin.py:104} INFO - [2022-04-02 16:17:19,779] {dag.py:2305} INFO - Setting next_dagrun for example_branch_dop_operator_v3 to 2022-03-31 00:00:00+00:00
[2022-04-02 16:17:19,811] {scheduler_job.py:190} INFO - Processing /home/airflow/sandbox/lib/python3.8/site-packages/airflow/example_dags/example_branch_python_dop_operator_3.py took 0.119 seconds
[2022-04-02 16:18:06,399] {scheduler_job.py:182} INFO - Started process (PID=3424) to work on /home/airflow/sandbox/lib/python3.8/site-packages/airflow/example_dags/example_branch_python_dop_operator_3.py
[2022-04-02 16:18:06,401] {scheduler_job.py:633} INFO - Processing file /home/airflow/sandbox/lib/python3.8/site-packages/airflow/example_dags/example_branch_python_dop_operator_3.py for tasks to queue
[2022-04-02 16:18:06,401] {logging_mixin.py:104} INFO - [2022-04-02 16:18:06,401] {dagbag.py:487} INFO - Filling up the DagBag from /home/airflow/sandbox/lib/python3.8/site-packages/airflow/example_dags/example_branch_python_dop_operator_3.py
[2022-04-02 16:18:06,421] {scheduler_job.py:643} INFO - DAG(s) dict_keys(['example_branch_dop_operator_v3']) retrieved from /home/airflow/sandbox/lib/python3.8/site-packages/airflow/example_dags/example_branch_python_dop_operator_3.py
[2022-04-02 16:18:06,434] {logging_mixin.py:104} INFO - [2022-04-02 16:18:06,433] {dag.py:1832} INFO - Sync 1 DAGs
[2022-04-02 16:18:06,449] {logging_mixin.py:104} INFO - [2022-04-02 16:18:06,449] {dag.py:2305} INFO - Setting next_dagrun for example_branch_dop_operator_v3 to 2022-03-31 00:00:00+00:00
[2022-04-02 16:18:06,468] {scheduler_job.py:190} INFO - Processing /home/airflow/sandbox/lib/python3.8/site-packages/airflow/example_dags/example_branch_python_dop_operator_3.py took 0.072 seconds
[2022-04-02 16:18:53,224] {scheduler_job.py:182} INFO - Started process (PID=3463) to work on /home/airflow/sandbox/lib/python3.8/site-packages/airflow/example_dags/example_branch_python_dop_operator_3.py
[2022-04-02 16:18:53,226] {scheduler_job.py:633} INFO - Processing file /home/airflow/sandbox/lib/python3.8/site-packages/airflow/example_dags/example_branch_python_dop_operator_3.py for tasks to queue
[2022-04-02 16:18:53,228] {logging_mixin.py:104} INFO - [2022-04-02 16:18:53,228] {dagbag.py:487} INFO - Filling up the DagBag from /home/airflow/sandbox/lib/python3.8/site-packages/airflow/example_dags/example_branch_python_dop_operator_3.py
[2022-04-02 16:18:53,262] {scheduler_job.py:643} INFO - DAG(s) dict_keys(['example_branch_dop_operator_v3']) retrieved from /home/airflow/sandbox/lib/python3.8/site-packages/airflow/example_dags/example_branch_python_dop_operator_3.py
[2022-04-02 16:18:53,282] {logging_mixin.py:104} INFO - [2022-04-02 16:18:53,282] {dag.py:1832} INFO - Sync 1 DAGs
[2022-04-02 16:18:53,317] {logging_mixin.py:104} INFO - [2022-04-02 16:18:53,317] {dag.py:2305} INFO - Setting next_dagrun for example_branch_dop_operator_v3 to 2022-03-31 00:00:00+00:00
[2022-04-02 16:18:53,341] {scheduler_job.py:190} INFO - Processing /home/airflow/sandbox/lib/python3.8/site-packages/airflow/example_dags/example_branch_python_dop_operator_3.py took 0.126 seconds
[2022-04-02 16:19:42,232] {scheduler_job.py:182} INFO - Started process (PID=3602) to work on /home/airflow/sandbox/lib/python3.8/site-packages/airflow/example_dags/example_branch_python_dop_operator_3.py
[2022-04-02 16:19:42,235] {scheduler_job.py:633} INFO - Processing file /home/airflow/sandbox/lib/python3.8/site-packages/airflow/example_dags/example_branch_python_dop_operator_3.py for tasks to queue
[2022-04-02 16:19:42,237] {logging_mixin.py:104} INFO - [2022-04-02 16:19:42,237] {dagbag.py:487} INFO - Filling up the DagBag from /home/airflow/sandbox/lib/python3.8/site-packages/airflow/example_dags/example_branch_python_dop_operator_3.py
[2022-04-02 16:19:42,268] {scheduler_job.py:643} INFO - DAG(s) dict_keys(['example_branch_dop_operator_v3']) retrieved from /home/airflow/sandbox/lib/python3.8/site-packages/airflow/example_dags/example_branch_python_dop_operator_3.py
[2022-04-02 16:19:42,305] {logging_mixin.py:104} INFO - [2022-04-02 16:19:42,305] {dag.py:1832} INFO - Sync 1 DAGs
[2022-04-02 16:19:42,333] {logging_mixin.py:104} INFO - [2022-04-02 16:19:42,333] {dag.py:2305} INFO - Setting next_dagrun for example_branch_dop_operator_v3 to 2022-03-31 00:00:00+00:00
[2022-04-02 16:19:42,366] {scheduler_job.py:190} INFO - Processing /home/airflow/sandbox/lib/python3.8/site-packages/airflow/example_dags/example_branch_python_dop_operator_3.py took 0.139 seconds
[2022-04-02 16:20:25,507] {scheduler_job.py:182} INFO - Started process (PID=3638) to work on /home/airflow/sandbox/lib/python3.8/site-packages/airflow/example_dags/example_branch_python_dop_operator_3.py
[2022-04-02 16:20:25,511] {scheduler_job.py:633} INFO - Processing file /home/airflow/sandbox/lib/python3.8/site-packages/airflow/example_dags/example_branch_python_dop_operator_3.py for tasks to queue
[2022-04-02 16:20:25,513] {logging_mixin.py:104} INFO - [2022-04-02 16:20:25,513] {dagbag.py:487} INFO - Filling up the DagBag from /home/airflow/sandbox/lib/python3.8/site-packages/airflow/example_dags/example_branch_python_dop_operator_3.py
[2022-04-02 16:20:25,546] {scheduler_job.py:643} INFO - DAG(s) dict_keys(['example_branch_dop_operator_v3']) retrieved from /home/airflow/sandbox/lib/python3.8/site-packages/airflow/example_dags/example_branch_python_dop_operator_3.py
[2022-04-02 16:20:25,565] {logging_mixin.py:104} INFO - [2022-04-02 16:20:25,564] {dag.py:1832} INFO - Sync 1 DAGs
[2022-04-02 16:20:25,590] {logging_mixin.py:104} INFO - [2022-04-02 16:20:25,590] {dag.py:2305} INFO - Setting next_dagrun for example_branch_dop_operator_v3 to 2022-03-31 00:00:00+00:00
[2022-04-02 16:20:25,613] {scheduler_job.py:190} INFO - Processing /home/airflow/sandbox/lib/python3.8/site-packages/airflow/example_dags/example_branch_python_dop_operator_3.py took 0.115 seconds
[2022-04-02 16:21:08,641] {scheduler_job.py:182} INFO - Started process (PID=3672) to work on /home/airflow/sandbox/lib/python3.8/site-packages/airflow/example_dags/example_branch_python_dop_operator_3.py
[2022-04-02 16:21:08,643] {scheduler_job.py:633} INFO - Processing file /home/airflow/sandbox/lib/python3.8/site-packages/airflow/example_dags/example_branch_python_dop_operator_3.py for tasks to queue
[2022-04-02 16:21:08,644] {logging_mixin.py:104} INFO - [2022-04-02 16:21:08,644] {dagbag.py:487} INFO - Filling up the DagBag from /home/airflow/sandbox/lib/python3.8/site-packages/airflow/example_dags/example_branch_python_dop_operator_3.py
[2022-04-02 16:21:08,677] {scheduler_job.py:643} INFO - DAG(s) dict_keys(['example_branch_dop_operator_v3']) retrieved from /home/airflow/sandbox/lib/python3.8/site-packages/airflow/example_dags/example_branch_python_dop_operator_3.py
[2022-04-02 16:21:08,697] {logging_mixin.py:104} INFO - [2022-04-02 16:21:08,697] {dag.py:1832} INFO - Sync 1 DAGs
[2022-04-02 16:21:08,730] {logging_mixin.py:104} INFO - [2022-04-02 16:21:08,730] {dag.py:2305} INFO - Setting next_dagrun for example_branch_dop_operator_v3 to 2022-03-31 00:00:00+00:00
[2022-04-02 16:21:08,762] {scheduler_job.py:190} INFO - Processing /home/airflow/sandbox/lib/python3.8/site-packages/airflow/example_dags/example_branch_python_dop_operator_3.py took 0.128 seconds
[2022-04-02 16:21:47,639] {scheduler_job.py:182} INFO - Started process (PID=3706) to work on /home/airflow/sandbox/lib/python3.8/site-packages/airflow/example_dags/example_branch_python_dop_operator_3.py
[2022-04-02 16:21:47,641] {scheduler_job.py:633} INFO - Processing file /home/airflow/sandbox/lib/python3.8/site-packages/airflow/example_dags/example_branch_python_dop_operator_3.py for tasks to queue
[2022-04-02 16:21:47,643] {logging_mixin.py:104} INFO - [2022-04-02 16:21:47,642] {dagbag.py:487} INFO - Filling up the DagBag from /home/airflow/sandbox/lib/python3.8/site-packages/airflow/example_dags/example_branch_python_dop_operator_3.py
[2022-04-02 16:21:47,674] {scheduler_job.py:643} INFO - DAG(s) dict_keys(['example_branch_dop_operator_v3']) retrieved from /home/airflow/sandbox/lib/python3.8/site-packages/airflow/example_dags/example_branch_python_dop_operator_3.py
[2022-04-02 16:21:47,702] {logging_mixin.py:104} INFO - [2022-04-02 16:21:47,701] {dag.py:1832} INFO - Sync 1 DAGs
[2022-04-02 16:21:47,742] {logging_mixin.py:104} INFO - [2022-04-02 16:21:47,742] {dag.py:2305} INFO - Setting next_dagrun for example_branch_dop_operator_v3 to 2022-03-31 00:00:00+00:00
[2022-04-02 16:21:47,776] {scheduler_job.py:190} INFO - Processing /home/airflow/sandbox/lib/python3.8/site-packages/airflow/example_dags/example_branch_python_dop_operator_3.py took 0.142 seconds
[2022-04-02 16:22:31,935] {scheduler_job.py:182} INFO - Started process (PID=3743) to work on /home/airflow/sandbox/lib/python3.8/site-packages/airflow/example_dags/example_branch_python_dop_operator_3.py
[2022-04-02 16:22:31,936] {scheduler_job.py:633} INFO - Processing file /home/airflow/sandbox/lib/python3.8/site-packages/airflow/example_dags/example_branch_python_dop_operator_3.py for tasks to queue
[2022-04-02 16:22:31,937] {logging_mixin.py:104} INFO - [2022-04-02 16:22:31,937] {dagbag.py:487} INFO - Filling up the DagBag from /home/airflow/sandbox/lib/python3.8/site-packages/airflow/example_dags/example_branch_python_dop_operator_3.py
[2022-04-02 16:22:31,951] {scheduler_job.py:643} INFO - DAG(s) dict_keys(['example_branch_dop_operator_v3']) retrieved from /home/airflow/sandbox/lib/python3.8/site-packages/airflow/example_dags/example_branch_python_dop_operator_3.py
[2022-04-02 16:22:31,970] {logging_mixin.py:104} INFO - [2022-04-02 16:22:31,970] {dag.py:1832} INFO - Sync 1 DAGs
[2022-04-02 16:22:31,984] {logging_mixin.py:104} INFO - [2022-04-02 16:22:31,984] {dag.py:2305} INFO - Setting next_dagrun for example_branch_dop_operator_v3 to 2022-03-31 00:00:00+00:00
[2022-04-02 16:22:32,011] {scheduler_job.py:190} INFO - Processing /home/airflow/sandbox/lib/python3.8/site-packages/airflow/example_dags/example_branch_python_dop_operator_3.py took 0.080 seconds
[2022-04-02 16:23:17,126] {scheduler_job.py:182} INFO - Started process (PID=3823) to work on /home/airflow/sandbox/lib/python3.8/site-packages/airflow/example_dags/example_branch_python_dop_operator_3.py
[2022-04-02 16:23:17,127] {scheduler_job.py:633} INFO - Processing file /home/airflow/sandbox/lib/python3.8/site-packages/airflow/example_dags/example_branch_python_dop_operator_3.py for tasks to queue
[2022-04-02 16:23:17,128] {logging_mixin.py:104} INFO - [2022-04-02 16:23:17,128] {dagbag.py:487} INFO - Filling up the DagBag from /home/airflow/sandbox/lib/python3.8/site-packages/airflow/example_dags/example_branch_python_dop_operator_3.py
[2022-04-02 16:23:17,139] {scheduler_job.py:643} INFO - DAG(s) dict_keys(['example_branch_dop_operator_v3']) retrieved from /home/airflow/sandbox/lib/python3.8/site-packages/airflow/example_dags/example_branch_python_dop_operator_3.py
[2022-04-02 16:23:17,161] {logging_mixin.py:104} INFO - [2022-04-02 16:23:17,161] {dag.py:1832} INFO - Sync 1 DAGs
[2022-04-02 16:23:17,198] {logging_mixin.py:104} INFO - [2022-04-02 16:23:17,198] {dag.py:2305} INFO - Setting next_dagrun for example_branch_dop_operator_v3 to 2022-03-31 00:00:00+00:00
[2022-04-02 16:23:17,232] {scheduler_job.py:190} INFO - Processing /home/airflow/sandbox/lib/python3.8/site-packages/airflow/example_dags/example_branch_python_dop_operator_3.py took 0.109 seconds
[2022-04-02 16:23:55,755] {scheduler_job.py:182} INFO - Started process (PID=3856) to work on /home/airflow/sandbox/lib/python3.8/site-packages/airflow/example_dags/example_branch_python_dop_operator_3.py
[2022-04-02 16:23:55,757] {scheduler_job.py:633} INFO - Processing file /home/airflow/sandbox/lib/python3.8/site-packages/airflow/example_dags/example_branch_python_dop_operator_3.py for tasks to queue
[2022-04-02 16:23:55,761] {logging_mixin.py:104} INFO - [2022-04-02 16:23:55,761] {dagbag.py:487} INFO - Filling up the DagBag from /home/airflow/sandbox/lib/python3.8/site-packages/airflow/example_dags/example_branch_python_dop_operator_3.py
[2022-04-02 16:23:55,781] {scheduler_job.py:643} INFO - DAG(s) dict_keys(['example_branch_dop_operator_v3']) retrieved from /home/airflow/sandbox/lib/python3.8/site-packages/airflow/example_dags/example_branch_python_dop_operator_3.py
[2022-04-02 16:23:55,799] {logging_mixin.py:104} INFO - [2022-04-02 16:23:55,799] {dag.py:1832} INFO - Sync 1 DAGs
[2022-04-02 16:23:55,817] {logging_mixin.py:104} INFO - [2022-04-02 16:23:55,817] {dag.py:2305} INFO - Setting next_dagrun for example_branch_dop_operator_v3 to 2022-03-31 00:00:00+00:00
[2022-04-02 16:23:55,844] {scheduler_job.py:190} INFO - Processing /home/airflow/sandbox/lib/python3.8/site-packages/airflow/example_dags/example_branch_python_dop_operator_3.py took 0.094 seconds
[2022-04-02 16:24:45,600] {scheduler_job.py:182} INFO - Started process (PID=3896) to work on /home/airflow/sandbox/lib/python3.8/site-packages/airflow/example_dags/example_branch_python_dop_operator_3.py
[2022-04-02 16:24:45,603] {scheduler_job.py:633} INFO - Processing file /home/airflow/sandbox/lib/python3.8/site-packages/airflow/example_dags/example_branch_python_dop_operator_3.py for tasks to queue
[2022-04-02 16:24:45,604] {logging_mixin.py:104} INFO - [2022-04-02 16:24:45,604] {dagbag.py:487} INFO - Filling up the DagBag from /home/airflow/sandbox/lib/python3.8/site-packages/airflow/example_dags/example_branch_python_dop_operator_3.py
[2022-04-02 16:24:45,633] {scheduler_job.py:643} INFO - DAG(s) dict_keys(['example_branch_dop_operator_v3']) retrieved from /home/airflow/sandbox/lib/python3.8/site-packages/airflow/example_dags/example_branch_python_dop_operator_3.py
[2022-04-02 16:24:45,656] {logging_mixin.py:104} INFO - [2022-04-02 16:24:45,656] {dag.py:1832} INFO - Sync 1 DAGs
[2022-04-02 16:24:45,687] {logging_mixin.py:104} INFO - [2022-04-02 16:24:45,687] {dag.py:2305} INFO - Setting next_dagrun for example_branch_dop_operator_v3 to 2022-03-31 00:00:00+00:00
[2022-04-02 16:24:45,722] {scheduler_job.py:190} INFO - Processing /home/airflow/sandbox/lib/python3.8/site-packages/airflow/example_dags/example_branch_python_dop_operator_3.py took 0.127 seconds
[2022-04-02 16:25:26,656] {scheduler_job.py:182} INFO - Started process (PID=3930) to work on /home/airflow/sandbox/lib/python3.8/site-packages/airflow/example_dags/example_branch_python_dop_operator_3.py
[2022-04-02 16:25:26,661] {scheduler_job.py:633} INFO - Processing file /home/airflow/sandbox/lib/python3.8/site-packages/airflow/example_dags/example_branch_python_dop_operator_3.py for tasks to queue
[2022-04-02 16:25:26,663] {logging_mixin.py:104} INFO - [2022-04-02 16:25:26,663] {dagbag.py:487} INFO - Filling up the DagBag from /home/airflow/sandbox/lib/python3.8/site-packages/airflow/example_dags/example_branch_python_dop_operator_3.py
[2022-04-02 16:25:26,688] {scheduler_job.py:643} INFO - DAG(s) dict_keys(['example_branch_dop_operator_v3']) retrieved from /home/airflow/sandbox/lib/python3.8/site-packages/airflow/example_dags/example_branch_python_dop_operator_3.py
[2022-04-02 16:25:26,716] {logging_mixin.py:104} INFO - [2022-04-02 16:25:26,715] {dag.py:1832} INFO - Sync 1 DAGs
[2022-04-02 16:25:26,749] {logging_mixin.py:104} INFO - [2022-04-02 16:25:26,749] {dag.py:2305} INFO - Setting next_dagrun for example_branch_dop_operator_v3 to 2022-03-31 00:00:00+00:00
[2022-04-02 16:25:26,786] {scheduler_job.py:190} INFO - Processing /home/airflow/sandbox/lib/python3.8/site-packages/airflow/example_dags/example_branch_python_dop_operator_3.py took 0.135 seconds
[2022-04-02 16:26:13,373] {scheduler_job.py:182} INFO - Started process (PID=3969) to work on /home/airflow/sandbox/lib/python3.8/site-packages/airflow/example_dags/example_branch_python_dop_operator_3.py
[2022-04-02 16:26:13,376] {scheduler_job.py:633} INFO - Processing file /home/airflow/sandbox/lib/python3.8/site-packages/airflow/example_dags/example_branch_python_dop_operator_3.py for tasks to queue
[2022-04-02 16:26:13,378] {logging_mixin.py:104} INFO - [2022-04-02 16:26:13,378] {dagbag.py:487} INFO - Filling up the DagBag from /home/airflow/sandbox/lib/python3.8/site-packages/airflow/example_dags/example_branch_python_dop_operator_3.py
[2022-04-02 16:26:13,403] {scheduler_job.py:643} INFO - DAG(s) dict_keys(['example_branch_dop_operator_v3']) retrieved from /home/airflow/sandbox/lib/python3.8/site-packages/airflow/example_dags/example_branch_python_dop_operator_3.py
[2022-04-02 16:26:13,434] {logging_mixin.py:104} INFO - [2022-04-02 16:26:13,434] {dag.py:1832} INFO - Sync 1 DAGs
[2022-04-02 16:26:13,464] {logging_mixin.py:104} INFO - [2022-04-02 16:26:13,464] {dag.py:2305} INFO - Setting next_dagrun for example_branch_dop_operator_v3 to 2022-03-31 00:00:00+00:00
[2022-04-02 16:26:13,492] {scheduler_job.py:190} INFO - Processing /home/airflow/sandbox/lib/python3.8/site-packages/airflow/example_dags/example_branch_python_dop_operator_3.py took 0.126 seconds
[2022-04-02 16:26:59,715] {scheduler_job.py:182} INFO - Started process (PID=4007) to work on /home/airflow/sandbox/lib/python3.8/site-packages/airflow/example_dags/example_branch_python_dop_operator_3.py
[2022-04-02 16:26:59,717] {scheduler_job.py:633} INFO - Processing file /home/airflow/sandbox/lib/python3.8/site-packages/airflow/example_dags/example_branch_python_dop_operator_3.py for tasks to queue
[2022-04-02 16:26:59,720] {logging_mixin.py:104} INFO - [2022-04-02 16:26:59,719] {dagbag.py:487} INFO - Filling up the DagBag from /home/airflow/sandbox/lib/python3.8/site-packages/airflow/example_dags/example_branch_python_dop_operator_3.py
[2022-04-02 16:26:59,742] {scheduler_job.py:643} INFO - DAG(s) dict_keys(['example_branch_dop_operator_v3']) retrieved from /home/airflow/sandbox/lib/python3.8/site-packages/airflow/example_dags/example_branch_python_dop_operator_3.py
[2022-04-02 16:26:59,767] {logging_mixin.py:104} INFO - [2022-04-02 16:26:59,767] {dag.py:1832} INFO - Sync 1 DAGs
[2022-04-02 16:26:59,794] {logging_mixin.py:104} INFO - [2022-04-02 16:26:59,793] {dag.py:2305} INFO - Setting next_dagrun for example_branch_dop_operator_v3 to 2022-03-31 00:00:00+00:00
[2022-04-02 16:26:59,828] {scheduler_job.py:190} INFO - Processing /home/airflow/sandbox/lib/python3.8/site-packages/airflow/example_dags/example_branch_python_dop_operator_3.py took 0.124 seconds
