[2022-04-02 16:13:54,278] {scheduler_job.py:182} INFO - Started process (PID=3095) to work on /home/airflow/sandbox/lib/python3.8/site-packages/airflow/example_dags/example_latest_only_with_trigger.py
[2022-04-02 16:13:54,280] {scheduler_job.py:633} INFO - Processing file /home/airflow/sandbox/lib/python3.8/site-packages/airflow/example_dags/example_latest_only_with_trigger.py for tasks to queue
[2022-04-02 16:13:54,281] {logging_mixin.py:104} INFO - [2022-04-02 16:13:54,280] {dagbag.py:487} INFO - Filling up the DagBag from /home/airflow/sandbox/lib/python3.8/site-packages/airflow/example_dags/example_latest_only_with_trigger.py
[2022-04-02 16:13:54,294] {scheduler_job.py:643} INFO - DAG(s) dict_keys(['latest_only_with_trigger']) retrieved from /home/airflow/sandbox/lib/python3.8/site-packages/airflow/example_dags/example_latest_only_with_trigger.py
[2022-04-02 16:13:54,897] {logging_mixin.py:104} INFO - [2022-04-02 16:13:54,897] {dag.py:1832} INFO - Sync 1 DAGs
[2022-04-02 16:13:54,902] {logging_mixin.py:104} INFO - [2022-04-02 16:13:54,902] {dag.py:2305} INFO - Setting next_dagrun for latest_only_with_trigger to 2022-03-31 00:00:00+00:00
[2022-04-02 16:13:54,928] {scheduler_job.py:190} INFO - Processing /home/airflow/sandbox/lib/python3.8/site-packages/airflow/example_dags/example_latest_only_with_trigger.py took 0.655 seconds
[2022-04-02 16:14:38,239] {scheduler_job.py:182} INFO - Started process (PID=3180) to work on /home/airflow/sandbox/lib/python3.8/site-packages/airflow/example_dags/example_latest_only_with_trigger.py
[2022-04-02 16:14:38,243] {scheduler_job.py:633} INFO - Processing file /home/airflow/sandbox/lib/python3.8/site-packages/airflow/example_dags/example_latest_only_with_trigger.py for tasks to queue
[2022-04-02 16:14:38,245] {logging_mixin.py:104} INFO - [2022-04-02 16:14:38,244] {dagbag.py:487} INFO - Filling up the DagBag from /home/airflow/sandbox/lib/python3.8/site-packages/airflow/example_dags/example_latest_only_with_trigger.py
[2022-04-02 16:14:38,262] {scheduler_job.py:643} INFO - DAG(s) dict_keys(['latest_only_with_trigger']) retrieved from /home/airflow/sandbox/lib/python3.8/site-packages/airflow/example_dags/example_latest_only_with_trigger.py
[2022-04-02 16:14:38,282] {logging_mixin.py:104} INFO - [2022-04-02 16:14:38,282] {dag.py:1832} INFO - Sync 1 DAGs
[2022-04-02 16:14:38,299] {logging_mixin.py:104} INFO - [2022-04-02 16:14:38,299] {dag.py:2305} INFO - Setting next_dagrun for latest_only_with_trigger to 2022-03-31 00:00:00+00:00
[2022-04-02 16:14:38,330] {scheduler_job.py:190} INFO - Processing /home/airflow/sandbox/lib/python3.8/site-packages/airflow/example_dags/example_latest_only_with_trigger.py took 0.100 seconds
[2022-04-02 16:15:18,417] {scheduler_job.py:182} INFO - Started process (PID=3212) to work on /home/airflow/sandbox/lib/python3.8/site-packages/airflow/example_dags/example_latest_only_with_trigger.py
[2022-04-02 16:15:18,420] {scheduler_job.py:633} INFO - Processing file /home/airflow/sandbox/lib/python3.8/site-packages/airflow/example_dags/example_latest_only_with_trigger.py for tasks to queue
[2022-04-02 16:15:18,422] {logging_mixin.py:104} INFO - [2022-04-02 16:15:18,422] {dagbag.py:487} INFO - Filling up the DagBag from /home/airflow/sandbox/lib/python3.8/site-packages/airflow/example_dags/example_latest_only_with_trigger.py
[2022-04-02 16:15:18,437] {scheduler_job.py:643} INFO - DAG(s) dict_keys(['latest_only_with_trigger']) retrieved from /home/airflow/sandbox/lib/python3.8/site-packages/airflow/example_dags/example_latest_only_with_trigger.py
[2022-04-02 16:15:18,448] {logging_mixin.py:104} INFO - [2022-04-02 16:15:18,448] {dag.py:1832} INFO - Sync 1 DAGs
[2022-04-02 16:15:18,462] {logging_mixin.py:104} INFO - [2022-04-02 16:15:18,462] {dag.py:2305} INFO - Setting next_dagrun for latest_only_with_trigger to 2022-03-31 00:00:00+00:00
[2022-04-02 16:15:18,495] {scheduler_job.py:190} INFO - Processing /home/airflow/sandbox/lib/python3.8/site-packages/airflow/example_dags/example_latest_only_with_trigger.py took 0.084 seconds
[2022-04-02 16:15:55,134] {scheduler_job.py:182} INFO - Started process (PID=3243) to work on /home/airflow/sandbox/lib/python3.8/site-packages/airflow/example_dags/example_latest_only_with_trigger.py
[2022-04-02 16:15:55,136] {scheduler_job.py:633} INFO - Processing file /home/airflow/sandbox/lib/python3.8/site-packages/airflow/example_dags/example_latest_only_with_trigger.py for tasks to queue
[2022-04-02 16:15:55,137] {logging_mixin.py:104} INFO - [2022-04-02 16:15:55,137] {dagbag.py:487} INFO - Filling up the DagBag from /home/airflow/sandbox/lib/python3.8/site-packages/airflow/example_dags/example_latest_only_with_trigger.py
[2022-04-02 16:15:55,160] {scheduler_job.py:643} INFO - DAG(s) dict_keys(['latest_only_with_trigger']) retrieved from /home/airflow/sandbox/lib/python3.8/site-packages/airflow/example_dags/example_latest_only_with_trigger.py
[2022-04-02 16:15:55,179] {logging_mixin.py:104} INFO - [2022-04-02 16:15:55,179] {dag.py:1832} INFO - Sync 1 DAGs
[2022-04-02 16:15:55,200] {logging_mixin.py:104} INFO - [2022-04-02 16:15:55,200] {dag.py:2305} INFO - Setting next_dagrun for latest_only_with_trigger to 2022-03-31 00:00:00+00:00
[2022-04-02 16:15:55,231] {scheduler_job.py:190} INFO - Processing /home/airflow/sandbox/lib/python3.8/site-packages/airflow/example_dags/example_latest_only_with_trigger.py took 0.104 seconds
[2022-04-02 16:16:32,953] {scheduler_job.py:182} INFO - Started process (PID=3274) to work on /home/airflow/sandbox/lib/python3.8/site-packages/airflow/example_dags/example_latest_only_with_trigger.py
[2022-04-02 16:16:32,956] {scheduler_job.py:633} INFO - Processing file /home/airflow/sandbox/lib/python3.8/site-packages/airflow/example_dags/example_latest_only_with_trigger.py for tasks to queue
[2022-04-02 16:16:32,958] {logging_mixin.py:104} INFO - [2022-04-02 16:16:32,957] {dagbag.py:487} INFO - Filling up the DagBag from /home/airflow/sandbox/lib/python3.8/site-packages/airflow/example_dags/example_latest_only_with_trigger.py
[2022-04-02 16:16:32,980] {scheduler_job.py:643} INFO - DAG(s) dict_keys(['latest_only_with_trigger']) retrieved from /home/airflow/sandbox/lib/python3.8/site-packages/airflow/example_dags/example_latest_only_with_trigger.py
[2022-04-02 16:16:33,024] {logging_mixin.py:104} INFO - [2022-04-02 16:16:33,023] {dag.py:1832} INFO - Sync 1 DAGs
[2022-04-02 16:16:33,053] {logging_mixin.py:104} INFO - [2022-04-02 16:16:33,053] {dag.py:2305} INFO - Setting next_dagrun for latest_only_with_trigger to 2022-03-31 00:00:00+00:00
[2022-04-02 16:16:33,086] {scheduler_job.py:190} INFO - Processing /home/airflow/sandbox/lib/python3.8/site-packages/airflow/example_dags/example_latest_only_with_trigger.py took 0.140 seconds
[2022-04-02 16:17:06,703] {scheduler_job.py:182} INFO - Started process (PID=3313) to work on /home/airflow/sandbox/lib/python3.8/site-packages/airflow/example_dags/example_latest_only_with_trigger.py
[2022-04-02 16:17:06,705] {scheduler_job.py:633} INFO - Processing file /home/airflow/sandbox/lib/python3.8/site-packages/airflow/example_dags/example_latest_only_with_trigger.py for tasks to queue
[2022-04-02 16:17:06,706] {logging_mixin.py:104} INFO - [2022-04-02 16:17:06,706] {dagbag.py:487} INFO - Filling up the DagBag from /home/airflow/sandbox/lib/python3.8/site-packages/airflow/example_dags/example_latest_only_with_trigger.py
[2022-04-02 16:17:06,724] {scheduler_job.py:643} INFO - DAG(s) dict_keys(['latest_only_with_trigger']) retrieved from /home/airflow/sandbox/lib/python3.8/site-packages/airflow/example_dags/example_latest_only_with_trigger.py
[2022-04-02 16:17:06,747] {logging_mixin.py:104} INFO - [2022-04-02 16:17:06,747] {dag.py:1832} INFO - Sync 1 DAGs
[2022-04-02 16:17:06,760] {logging_mixin.py:104} INFO - [2022-04-02 16:17:06,760] {dag.py:2305} INFO - Setting next_dagrun for latest_only_with_trigger to 2022-03-31 00:00:00+00:00
[2022-04-02 16:17:06,778] {scheduler_job.py:190} INFO - Processing /home/airflow/sandbox/lib/python3.8/site-packages/airflow/example_dags/example_latest_only_with_trigger.py took 0.079 seconds
[2022-04-02 16:17:44,091] {scheduler_job.py:182} INFO - Started process (PID=3345) to work on /home/airflow/sandbox/lib/python3.8/site-packages/airflow/example_dags/example_latest_only_with_trigger.py
[2022-04-02 16:17:44,093] {scheduler_job.py:633} INFO - Processing file /home/airflow/sandbox/lib/python3.8/site-packages/airflow/example_dags/example_latest_only_with_trigger.py for tasks to queue
[2022-04-02 16:17:44,096] {logging_mixin.py:104} INFO - [2022-04-02 16:17:44,095] {dagbag.py:487} INFO - Filling up the DagBag from /home/airflow/sandbox/lib/python3.8/site-packages/airflow/example_dags/example_latest_only_with_trigger.py
[2022-04-02 16:17:44,119] {scheduler_job.py:643} INFO - DAG(s) dict_keys(['latest_only_with_trigger']) retrieved from /home/airflow/sandbox/lib/python3.8/site-packages/airflow/example_dags/example_latest_only_with_trigger.py
[2022-04-02 16:17:44,150] {logging_mixin.py:104} INFO - [2022-04-02 16:17:44,150] {dag.py:1832} INFO - Sync 1 DAGs
[2022-04-02 16:17:44,171] {logging_mixin.py:104} INFO - [2022-04-02 16:17:44,171] {dag.py:2305} INFO - Setting next_dagrun for latest_only_with_trigger to 2022-03-31 00:00:00+00:00
[2022-04-02 16:17:44,196] {scheduler_job.py:190} INFO - Processing /home/airflow/sandbox/lib/python3.8/site-packages/airflow/example_dags/example_latest_only_with_trigger.py took 0.111 seconds
[2022-04-02 16:18:23,662] {scheduler_job.py:182} INFO - Started process (PID=3438) to work on /home/airflow/sandbox/lib/python3.8/site-packages/airflow/example_dags/example_latest_only_with_trigger.py
[2022-04-02 16:18:23,665] {scheduler_job.py:633} INFO - Processing file /home/airflow/sandbox/lib/python3.8/site-packages/airflow/example_dags/example_latest_only_with_trigger.py for tasks to queue
[2022-04-02 16:18:23,667] {logging_mixin.py:104} INFO - [2022-04-02 16:18:23,666] {dagbag.py:487} INFO - Filling up the DagBag from /home/airflow/sandbox/lib/python3.8/site-packages/airflow/example_dags/example_latest_only_with_trigger.py
[2022-04-02 16:18:23,684] {scheduler_job.py:643} INFO - DAG(s) dict_keys(['latest_only_with_trigger']) retrieved from /home/airflow/sandbox/lib/python3.8/site-packages/airflow/example_dags/example_latest_only_with_trigger.py
[2022-04-02 16:18:23,702] {logging_mixin.py:104} INFO - [2022-04-02 16:18:23,702] {dag.py:1832} INFO - Sync 1 DAGs
[2022-04-02 16:18:23,715] {logging_mixin.py:104} INFO - [2022-04-02 16:18:23,715] {dag.py:2305} INFO - Setting next_dagrun for latest_only_with_trigger to 2022-03-31 00:00:00+00:00
[2022-04-02 16:18:23,747] {scheduler_job.py:190} INFO - Processing /home/airflow/sandbox/lib/python3.8/site-packages/airflow/example_dags/example_latest_only_with_trigger.py took 0.092 seconds
[2022-04-02 16:19:00,457] {scheduler_job.py:182} INFO - Started process (PID=3469) to work on /home/airflow/sandbox/lib/python3.8/site-packages/airflow/example_dags/example_latest_only_with_trigger.py
[2022-04-02 16:19:00,458] {scheduler_job.py:633} INFO - Processing file /home/airflow/sandbox/lib/python3.8/site-packages/airflow/example_dags/example_latest_only_with_trigger.py for tasks to queue
[2022-04-02 16:19:00,459] {logging_mixin.py:104} INFO - [2022-04-02 16:19:00,459] {dagbag.py:487} INFO - Filling up the DagBag from /home/airflow/sandbox/lib/python3.8/site-packages/airflow/example_dags/example_latest_only_with_trigger.py
[2022-04-02 16:19:00,473] {scheduler_job.py:643} INFO - DAG(s) dict_keys(['latest_only_with_trigger']) retrieved from /home/airflow/sandbox/lib/python3.8/site-packages/airflow/example_dags/example_latest_only_with_trigger.py
[2022-04-02 16:19:00,496] {logging_mixin.py:104} INFO - [2022-04-02 16:19:00,496] {dag.py:1832} INFO - Sync 1 DAGs
[2022-04-02 16:19:00,514] {logging_mixin.py:104} INFO - [2022-04-02 16:19:00,514] {dag.py:2305} INFO - Setting next_dagrun for latest_only_with_trigger to 2022-03-31 00:00:00+00:00
[2022-04-02 16:19:00,536] {scheduler_job.py:190} INFO - Processing /home/airflow/sandbox/lib/python3.8/site-packages/airflow/example_dags/example_latest_only_with_trigger.py took 0.084 seconds
[2022-04-02 16:19:38,785] {scheduler_job.py:182} INFO - Started process (PID=3558) to work on /home/airflow/sandbox/lib/python3.8/site-packages/airflow/example_dags/example_latest_only_with_trigger.py
[2022-04-02 16:19:38,785] {scheduler_job.py:633} INFO - Processing file /home/airflow/sandbox/lib/python3.8/site-packages/airflow/example_dags/example_latest_only_with_trigger.py for tasks to queue
[2022-04-02 16:19:38,786] {logging_mixin.py:104} INFO - [2022-04-02 16:19:38,786] {dagbag.py:487} INFO - Filling up the DagBag from /home/airflow/sandbox/lib/python3.8/site-packages/airflow/example_dags/example_latest_only_with_trigger.py
[2022-04-02 16:19:38,796] {scheduler_job.py:643} INFO - DAG(s) dict_keys(['latest_only_with_trigger']) retrieved from /home/airflow/sandbox/lib/python3.8/site-packages/airflow/example_dags/example_latest_only_with_trigger.py
[2022-04-02 16:19:38,829] {logging_mixin.py:104} INFO - [2022-04-02 16:19:38,829] {dag.py:1832} INFO - Sync 1 DAGs
[2022-04-02 16:19:38,853] {logging_mixin.py:104} INFO - [2022-04-02 16:19:38,853] {dag.py:2305} INFO - Setting next_dagrun for latest_only_with_trigger to 2022-03-31 00:00:00+00:00
[2022-04-02 16:19:39,189] {scheduler_job.py:190} INFO - Processing /home/airflow/sandbox/lib/python3.8/site-packages/airflow/example_dags/example_latest_only_with_trigger.py took 0.420 seconds
[2022-04-02 16:20:19,032] {scheduler_job.py:182} INFO - Started process (PID=3632) to work on /home/airflow/sandbox/lib/python3.8/site-packages/airflow/example_dags/example_latest_only_with_trigger.py
[2022-04-02 16:20:19,035] {scheduler_job.py:633} INFO - Processing file /home/airflow/sandbox/lib/python3.8/site-packages/airflow/example_dags/example_latest_only_with_trigger.py for tasks to queue
[2022-04-02 16:20:19,036] {logging_mixin.py:104} INFO - [2022-04-02 16:20:19,036] {dagbag.py:487} INFO - Filling up the DagBag from /home/airflow/sandbox/lib/python3.8/site-packages/airflow/example_dags/example_latest_only_with_trigger.py
[2022-04-02 16:20:19,060] {scheduler_job.py:643} INFO - DAG(s) dict_keys(['latest_only_with_trigger']) retrieved from /home/airflow/sandbox/lib/python3.8/site-packages/airflow/example_dags/example_latest_only_with_trigger.py
[2022-04-02 16:20:19,077] {logging_mixin.py:104} INFO - [2022-04-02 16:20:19,077] {dag.py:1832} INFO - Sync 1 DAGs
[2022-04-02 16:20:19,091] {logging_mixin.py:104} INFO - [2022-04-02 16:20:19,091] {dag.py:2305} INFO - Setting next_dagrun for latest_only_with_trigger to 2022-03-31 00:00:00+00:00
[2022-04-02 16:20:19,129] {scheduler_job.py:190} INFO - Processing /home/airflow/sandbox/lib/python3.8/site-packages/airflow/example_dags/example_latest_only_with_trigger.py took 0.101 seconds
[2022-04-02 16:21:01,055] {scheduler_job.py:182} INFO - Started process (PID=3666) to work on /home/airflow/sandbox/lib/python3.8/site-packages/airflow/example_dags/example_latest_only_with_trigger.py
[2022-04-02 16:21:01,059] {scheduler_job.py:633} INFO - Processing file /home/airflow/sandbox/lib/python3.8/site-packages/airflow/example_dags/example_latest_only_with_trigger.py for tasks to queue
[2022-04-02 16:21:01,060] {logging_mixin.py:104} INFO - [2022-04-02 16:21:01,060] {dagbag.py:487} INFO - Filling up the DagBag from /home/airflow/sandbox/lib/python3.8/site-packages/airflow/example_dags/example_latest_only_with_trigger.py
[2022-04-02 16:21:01,075] {scheduler_job.py:643} INFO - DAG(s) dict_keys(['latest_only_with_trigger']) retrieved from /home/airflow/sandbox/lib/python3.8/site-packages/airflow/example_dags/example_latest_only_with_trigger.py
[2022-04-02 16:21:01,090] {logging_mixin.py:104} INFO - [2022-04-02 16:21:01,089] {dag.py:1832} INFO - Sync 1 DAGs
[2022-04-02 16:21:01,103] {logging_mixin.py:104} INFO - [2022-04-02 16:21:01,103] {dag.py:2305} INFO - Setting next_dagrun for latest_only_with_trigger to 2022-03-31 00:00:00+00:00
[2022-04-02 16:21:01,125] {scheduler_job.py:190} INFO - Processing /home/airflow/sandbox/lib/python3.8/site-packages/airflow/example_dags/example_latest_only_with_trigger.py took 0.076 seconds
[2022-04-02 16:21:34,450] {scheduler_job.py:182} INFO - Started process (PID=3694) to work on /home/airflow/sandbox/lib/python3.8/site-packages/airflow/example_dags/example_latest_only_with_trigger.py
[2022-04-02 16:21:34,451] {scheduler_job.py:633} INFO - Processing file /home/airflow/sandbox/lib/python3.8/site-packages/airflow/example_dags/example_latest_only_with_trigger.py for tasks to queue
[2022-04-02 16:21:34,452] {logging_mixin.py:104} INFO - [2022-04-02 16:21:34,451] {dagbag.py:487} INFO - Filling up the DagBag from /home/airflow/sandbox/lib/python3.8/site-packages/airflow/example_dags/example_latest_only_with_trigger.py
[2022-04-02 16:21:34,466] {scheduler_job.py:643} INFO - DAG(s) dict_keys(['latest_only_with_trigger']) retrieved from /home/airflow/sandbox/lib/python3.8/site-packages/airflow/example_dags/example_latest_only_with_trigger.py
[2022-04-02 16:21:34,481] {logging_mixin.py:104} INFO - [2022-04-02 16:21:34,480] {dag.py:1832} INFO - Sync 1 DAGs
[2022-04-02 16:21:34,499] {logging_mixin.py:104} INFO - [2022-04-02 16:21:34,499] {dag.py:2305} INFO - Setting next_dagrun for latest_only_with_trigger to 2022-03-31 00:00:00+00:00
[2022-04-02 16:21:34,523] {scheduler_job.py:190} INFO - Processing /home/airflow/sandbox/lib/python3.8/site-packages/airflow/example_dags/example_latest_only_with_trigger.py took 0.078 seconds
[2022-04-02 16:22:09,033] {scheduler_job.py:182} INFO - Started process (PID=3724) to work on /home/airflow/sandbox/lib/python3.8/site-packages/airflow/example_dags/example_latest_only_with_trigger.py
[2022-04-02 16:22:09,034] {scheduler_job.py:633} INFO - Processing file /home/airflow/sandbox/lib/python3.8/site-packages/airflow/example_dags/example_latest_only_with_trigger.py for tasks to queue
[2022-04-02 16:22:09,035] {logging_mixin.py:104} INFO - [2022-04-02 16:22:09,035] {dagbag.py:487} INFO - Filling up the DagBag from /home/airflow/sandbox/lib/python3.8/site-packages/airflow/example_dags/example_latest_only_with_trigger.py
[2022-04-02 16:22:09,051] {scheduler_job.py:643} INFO - DAG(s) dict_keys(['latest_only_with_trigger']) retrieved from /home/airflow/sandbox/lib/python3.8/site-packages/airflow/example_dags/example_latest_only_with_trigger.py
[2022-04-02 16:22:09,068] {logging_mixin.py:104} INFO - [2022-04-02 16:22:09,068] {dag.py:1832} INFO - Sync 1 DAGs
[2022-04-02 16:22:09,082] {logging_mixin.py:104} INFO - [2022-04-02 16:22:09,082] {dag.py:2305} INFO - Setting next_dagrun for latest_only_with_trigger to 2022-03-31 00:00:00+00:00
[2022-04-02 16:22:09,100] {scheduler_job.py:190} INFO - Processing /home/airflow/sandbox/lib/python3.8/site-packages/airflow/example_dags/example_latest_only_with_trigger.py took 0.070 seconds
[2022-04-02 16:22:44,698] {scheduler_job.py:182} INFO - Started process (PID=3753) to work on /home/airflow/sandbox/lib/python3.8/site-packages/airflow/example_dags/example_latest_only_with_trigger.py
[2022-04-02 16:22:44,700] {scheduler_job.py:633} INFO - Processing file /home/airflow/sandbox/lib/python3.8/site-packages/airflow/example_dags/example_latest_only_with_trigger.py for tasks to queue
[2022-04-02 16:22:44,701] {logging_mixin.py:104} INFO - [2022-04-02 16:22:44,701] {dagbag.py:487} INFO - Filling up the DagBag from /home/airflow/sandbox/lib/python3.8/site-packages/airflow/example_dags/example_latest_only_with_trigger.py
[2022-04-02 16:22:44,727] {scheduler_job.py:643} INFO - DAG(s) dict_keys(['latest_only_with_trigger']) retrieved from /home/airflow/sandbox/lib/python3.8/site-packages/airflow/example_dags/example_latest_only_with_trigger.py
[2022-04-02 16:22:44,750] {logging_mixin.py:104} INFO - [2022-04-02 16:22:44,750] {dag.py:1832} INFO - Sync 1 DAGs
[2022-04-02 16:22:44,774] {logging_mixin.py:104} INFO - [2022-04-02 16:22:44,774] {dag.py:2305} INFO - Setting next_dagrun for latest_only_with_trigger to 2022-03-31 00:00:00+00:00
[2022-04-02 16:22:44,804] {scheduler_job.py:190} INFO - Processing /home/airflow/sandbox/lib/python3.8/site-packages/airflow/example_dags/example_latest_only_with_trigger.py took 0.113 seconds
[2022-04-02 16:23:21,483] {scheduler_job.py:182} INFO - Started process (PID=3826) to work on /home/airflow/sandbox/lib/python3.8/site-packages/airflow/example_dags/example_latest_only_with_trigger.py
[2022-04-02 16:23:21,485] {scheduler_job.py:633} INFO - Processing file /home/airflow/sandbox/lib/python3.8/site-packages/airflow/example_dags/example_latest_only_with_trigger.py for tasks to queue
[2022-04-02 16:23:21,486] {logging_mixin.py:104} INFO - [2022-04-02 16:23:21,486] {dagbag.py:487} INFO - Filling up the DagBag from /home/airflow/sandbox/lib/python3.8/site-packages/airflow/example_dags/example_latest_only_with_trigger.py
[2022-04-02 16:23:21,511] {scheduler_job.py:643} INFO - DAG(s) dict_keys(['latest_only_with_trigger']) retrieved from /home/airflow/sandbox/lib/python3.8/site-packages/airflow/example_dags/example_latest_only_with_trigger.py
[2022-04-02 16:23:21,537] {logging_mixin.py:104} INFO - [2022-04-02 16:23:21,537] {dag.py:1832} INFO - Sync 1 DAGs
[2022-04-02 16:23:21,555] {logging_mixin.py:104} INFO - [2022-04-02 16:23:21,555] {dag.py:2305} INFO - Setting next_dagrun for latest_only_with_trigger to 2022-03-31 00:00:00+00:00
[2022-04-02 16:23:21,590] {scheduler_job.py:190} INFO - Processing /home/airflow/sandbox/lib/python3.8/site-packages/airflow/example_dags/example_latest_only_with_trigger.py took 0.113 seconds
[2022-04-02 16:24:00,945] {scheduler_job.py:182} INFO - Started process (PID=3860) to work on /home/airflow/sandbox/lib/python3.8/site-packages/airflow/example_dags/example_latest_only_with_trigger.py
[2022-04-02 16:24:00,949] {scheduler_job.py:633} INFO - Processing file /home/airflow/sandbox/lib/python3.8/site-packages/airflow/example_dags/example_latest_only_with_trigger.py for tasks to queue
[2022-04-02 16:24:00,950] {logging_mixin.py:104} INFO - [2022-04-02 16:24:00,950] {dagbag.py:487} INFO - Filling up the DagBag from /home/airflow/sandbox/lib/python3.8/site-packages/airflow/example_dags/example_latest_only_with_trigger.py
[2022-04-02 16:24:00,974] {scheduler_job.py:643} INFO - DAG(s) dict_keys(['latest_only_with_trigger']) retrieved from /home/airflow/sandbox/lib/python3.8/site-packages/airflow/example_dags/example_latest_only_with_trigger.py
[2022-04-02 16:24:01,003] {logging_mixin.py:104} INFO - [2022-04-02 16:24:01,003] {dag.py:1832} INFO - Sync 1 DAGs
[2022-04-02 16:24:01,025] {logging_mixin.py:104} INFO - [2022-04-02 16:24:01,025] {dag.py:2305} INFO - Setting next_dagrun for latest_only_with_trigger to 2022-03-31 00:00:00+00:00
[2022-04-02 16:24:01,056] {scheduler_job.py:190} INFO - Processing /home/airflow/sandbox/lib/python3.8/site-packages/airflow/example_dags/example_latest_only_with_trigger.py took 0.119 seconds
[2022-04-02 16:24:40,736] {scheduler_job.py:182} INFO - Started process (PID=3892) to work on /home/airflow/sandbox/lib/python3.8/site-packages/airflow/example_dags/example_latest_only_with_trigger.py
[2022-04-02 16:24:40,739] {scheduler_job.py:633} INFO - Processing file /home/airflow/sandbox/lib/python3.8/site-packages/airflow/example_dags/example_latest_only_with_trigger.py for tasks to queue
[2022-04-02 16:24:40,740] {logging_mixin.py:104} INFO - [2022-04-02 16:24:40,740] {dagbag.py:487} INFO - Filling up the DagBag from /home/airflow/sandbox/lib/python3.8/site-packages/airflow/example_dags/example_latest_only_with_trigger.py
[2022-04-02 16:24:40,764] {scheduler_job.py:643} INFO - DAG(s) dict_keys(['latest_only_with_trigger']) retrieved from /home/airflow/sandbox/lib/python3.8/site-packages/airflow/example_dags/example_latest_only_with_trigger.py
[2022-04-02 16:24:40,782] {logging_mixin.py:104} INFO - [2022-04-02 16:24:40,782] {dag.py:1832} INFO - Sync 1 DAGs
[2022-04-02 16:24:40,795] {logging_mixin.py:104} INFO - [2022-04-02 16:24:40,794] {dag.py:2305} INFO - Setting next_dagrun for latest_only_with_trigger to 2022-03-31 00:00:00+00:00
[2022-04-02 16:24:40,823] {scheduler_job.py:190} INFO - Processing /home/airflow/sandbox/lib/python3.8/site-packages/airflow/example_dags/example_latest_only_with_trigger.py took 0.093 seconds
[2022-04-02 16:25:20,112] {scheduler_job.py:182} INFO - Started process (PID=3925) to work on /home/airflow/sandbox/lib/python3.8/site-packages/airflow/example_dags/example_latest_only_with_trigger.py
[2022-04-02 16:25:20,117] {scheduler_job.py:633} INFO - Processing file /home/airflow/sandbox/lib/python3.8/site-packages/airflow/example_dags/example_latest_only_with_trigger.py for tasks to queue
[2022-04-02 16:25:20,118] {logging_mixin.py:104} INFO - [2022-04-02 16:25:20,118] {dagbag.py:487} INFO - Filling up the DagBag from /home/airflow/sandbox/lib/python3.8/site-packages/airflow/example_dags/example_latest_only_with_trigger.py
[2022-04-02 16:25:20,138] {scheduler_job.py:643} INFO - DAG(s) dict_keys(['latest_only_with_trigger']) retrieved from /home/airflow/sandbox/lib/python3.8/site-packages/airflow/example_dags/example_latest_only_with_trigger.py
[2022-04-02 16:25:20,166] {logging_mixin.py:104} INFO - [2022-04-02 16:25:20,166] {dag.py:1832} INFO - Sync 1 DAGs
[2022-04-02 16:25:20,188] {logging_mixin.py:104} INFO - [2022-04-02 16:25:20,188] {dag.py:2305} INFO - Setting next_dagrun for latest_only_with_trigger to 2022-03-31 00:00:00+00:00
[2022-04-02 16:25:20,228] {scheduler_job.py:190} INFO - Processing /home/airflow/sandbox/lib/python3.8/site-packages/airflow/example_dags/example_latest_only_with_trigger.py took 0.123 seconds
[2022-04-02 16:25:58,691] {scheduler_job.py:182} INFO - Started process (PID=3956) to work on /home/airflow/sandbox/lib/python3.8/site-packages/airflow/example_dags/example_latest_only_with_trigger.py
[2022-04-02 16:25:58,692] {scheduler_job.py:633} INFO - Processing file /home/airflow/sandbox/lib/python3.8/site-packages/airflow/example_dags/example_latest_only_with_trigger.py for tasks to queue
[2022-04-02 16:25:58,693] {logging_mixin.py:104} INFO - [2022-04-02 16:25:58,693] {dagbag.py:487} INFO - Filling up the DagBag from /home/airflow/sandbox/lib/python3.8/site-packages/airflow/example_dags/example_latest_only_with_trigger.py
[2022-04-02 16:25:58,706] {scheduler_job.py:643} INFO - DAG(s) dict_keys(['latest_only_with_trigger']) retrieved from /home/airflow/sandbox/lib/python3.8/site-packages/airflow/example_dags/example_latest_only_with_trigger.py
[2022-04-02 16:25:58,738] {logging_mixin.py:104} INFO - [2022-04-02 16:25:58,738] {dag.py:1832} INFO - Sync 1 DAGs
[2022-04-02 16:25:58,751] {logging_mixin.py:104} INFO - [2022-04-02 16:25:58,751] {dag.py:2305} INFO - Setting next_dagrun for latest_only_with_trigger to 2022-03-31 00:00:00+00:00
[2022-04-02 16:25:58,777] {scheduler_job.py:190} INFO - Processing /home/airflow/sandbox/lib/python3.8/site-packages/airflow/example_dags/example_latest_only_with_trigger.py took 0.091 seconds
[2022-04-02 16:26:35,060] {scheduler_job.py:182} INFO - Started process (PID=3987) to work on /home/airflow/sandbox/lib/python3.8/site-packages/airflow/example_dags/example_latest_only_with_trigger.py
[2022-04-02 16:26:35,061] {scheduler_job.py:633} INFO - Processing file /home/airflow/sandbox/lib/python3.8/site-packages/airflow/example_dags/example_latest_only_with_trigger.py for tasks to queue
[2022-04-02 16:26:35,062] {logging_mixin.py:104} INFO - [2022-04-02 16:26:35,062] {dagbag.py:487} INFO - Filling up the DagBag from /home/airflow/sandbox/lib/python3.8/site-packages/airflow/example_dags/example_latest_only_with_trigger.py
[2022-04-02 16:26:35,071] {scheduler_job.py:643} INFO - DAG(s) dict_keys(['latest_only_with_trigger']) retrieved from /home/airflow/sandbox/lib/python3.8/site-packages/airflow/example_dags/example_latest_only_with_trigger.py
[2022-04-02 16:26:35,085] {logging_mixin.py:104} INFO - [2022-04-02 16:26:35,085] {dag.py:1832} INFO - Sync 1 DAGs
[2022-04-02 16:26:35,104] {logging_mixin.py:104} INFO - [2022-04-02 16:26:35,104] {dag.py:2305} INFO - Setting next_dagrun for latest_only_with_trigger to 2022-03-31 00:00:00+00:00
[2022-04-02 16:26:35,123] {scheduler_job.py:190} INFO - Processing /home/airflow/sandbox/lib/python3.8/site-packages/airflow/example_dags/example_latest_only_with_trigger.py took 0.066 seconds
[2022-04-02 16:27:11,109] {scheduler_job.py:182} INFO - Started process (PID=4066) to work on /home/airflow/sandbox/lib/python3.8/site-packages/airflow/example_dags/example_latest_only_with_trigger.py
[2022-04-02 16:27:11,110] {scheduler_job.py:633} INFO - Processing file /home/airflow/sandbox/lib/python3.8/site-packages/airflow/example_dags/example_latest_only_with_trigger.py for tasks to queue
[2022-04-02 16:27:11,111] {logging_mixin.py:104} INFO - [2022-04-02 16:27:11,111] {dagbag.py:487} INFO - Filling up the DagBag from /home/airflow/sandbox/lib/python3.8/site-packages/airflow/example_dags/example_latest_only_with_trigger.py
[2022-04-02 16:27:11,135] {scheduler_job.py:643} INFO - DAG(s) dict_keys(['latest_only_with_trigger']) retrieved from /home/airflow/sandbox/lib/python3.8/site-packages/airflow/example_dags/example_latest_only_with_trigger.py
[2022-04-02 16:27:11,172] {logging_mixin.py:104} INFO - [2022-04-02 16:27:11,171] {dag.py:1832} INFO - Sync 1 DAGs
[2022-04-02 16:27:11,194] {logging_mixin.py:104} INFO - [2022-04-02 16:27:11,194] {dag.py:2305} INFO - Setting next_dagrun for latest_only_with_trigger to 2022-03-31 00:00:00+00:00
[2022-04-02 16:27:11,228] {scheduler_job.py:190} INFO - Processing /home/airflow/sandbox/lib/python3.8/site-packages/airflow/example_dags/example_latest_only_with_trigger.py took 0.124 seconds
