[2022-04-02 16:14:15,858] {scheduler_job.py:182} INFO - Started process (PID=3162) to work on /home/airflow/sandbox/lib/python3.8/site-packages/airflow/example_dags/example_branch_operator.py
[2022-04-02 16:14:15,859] {scheduler_job.py:633} INFO - Processing file /home/airflow/sandbox/lib/python3.8/site-packages/airflow/example_dags/example_branch_operator.py for tasks to queue
[2022-04-02 16:14:15,862] {logging_mixin.py:104} INFO - [2022-04-02 16:14:15,861] {dagbag.py:487} INFO - Filling up the DagBag from /home/airflow/sandbox/lib/python3.8/site-packages/airflow/example_dags/example_branch_operator.py
[2022-04-02 16:14:15,891] {scheduler_job.py:643} INFO - DAG(s) dict_keys(['example_branch_operator']) retrieved from /home/airflow/sandbox/lib/python3.8/site-packages/airflow/example_dags/example_branch_operator.py
[2022-04-02 16:14:16,364] {logging_mixin.py:104} INFO - [2022-04-02 16:14:16,363] {dag.py:1832} INFO - Sync 1 DAGs
[2022-04-02 16:14:16,381] {logging_mixin.py:104} INFO - [2022-04-02 16:14:16,380] {dag.py:2305} INFO - Setting next_dagrun for example_branch_operator to 2022-03-31 00:00:00+00:00
[2022-04-02 16:14:16,405] {scheduler_job.py:190} INFO - Processing /home/airflow/sandbox/lib/python3.8/site-packages/airflow/example_dags/example_branch_operator.py took 0.553 seconds
[2022-04-02 16:14:56,627] {scheduler_job.py:182} INFO - Started process (PID=3195) to work on /home/airflow/sandbox/lib/python3.8/site-packages/airflow/example_dags/example_branch_operator.py
[2022-04-02 16:14:56,629] {scheduler_job.py:633} INFO - Processing file /home/airflow/sandbox/lib/python3.8/site-packages/airflow/example_dags/example_branch_operator.py for tasks to queue
[2022-04-02 16:14:56,633] {logging_mixin.py:104} INFO - [2022-04-02 16:14:56,631] {dagbag.py:487} INFO - Filling up the DagBag from /home/airflow/sandbox/lib/python3.8/site-packages/airflow/example_dags/example_branch_operator.py
[2022-04-02 16:14:56,658] {scheduler_job.py:643} INFO - DAG(s) dict_keys(['example_branch_operator']) retrieved from /home/airflow/sandbox/lib/python3.8/site-packages/airflow/example_dags/example_branch_operator.py
[2022-04-02 16:14:56,686] {logging_mixin.py:104} INFO - [2022-04-02 16:14:56,686] {dag.py:1832} INFO - Sync 1 DAGs
[2022-04-02 16:14:56,711] {logging_mixin.py:104} INFO - [2022-04-02 16:14:56,711] {dag.py:2305} INFO - Setting next_dagrun for example_branch_operator to 2022-03-31 00:00:00+00:00
[2022-04-02 16:14:56,751] {scheduler_job.py:190} INFO - Processing /home/airflow/sandbox/lib/python3.8/site-packages/airflow/example_dags/example_branch_operator.py took 0.130 seconds
[2022-04-02 16:15:35,445] {scheduler_job.py:182} INFO - Started process (PID=3227) to work on /home/airflow/sandbox/lib/python3.8/site-packages/airflow/example_dags/example_branch_operator.py
[2022-04-02 16:15:35,449] {scheduler_job.py:633} INFO - Processing file /home/airflow/sandbox/lib/python3.8/site-packages/airflow/example_dags/example_branch_operator.py for tasks to queue
[2022-04-02 16:15:35,450] {logging_mixin.py:104} INFO - [2022-04-02 16:15:35,449] {dagbag.py:487} INFO - Filling up the DagBag from /home/airflow/sandbox/lib/python3.8/site-packages/airflow/example_dags/example_branch_operator.py
[2022-04-02 16:15:35,475] {scheduler_job.py:643} INFO - DAG(s) dict_keys(['example_branch_operator']) retrieved from /home/airflow/sandbox/lib/python3.8/site-packages/airflow/example_dags/example_branch_operator.py
[2022-04-02 16:15:35,507] {logging_mixin.py:104} INFO - [2022-04-02 16:15:35,506] {dag.py:1832} INFO - Sync 1 DAGs
[2022-04-02 16:15:35,531] {logging_mixin.py:104} INFO - [2022-04-02 16:15:35,531] {dag.py:2305} INFO - Setting next_dagrun for example_branch_operator to 2022-03-31 00:00:00+00:00
[2022-04-02 16:15:35,566] {scheduler_job.py:190} INFO - Processing /home/airflow/sandbox/lib/python3.8/site-packages/airflow/example_dags/example_branch_operator.py took 0.127 seconds
[2022-04-02 16:16:14,614] {scheduler_job.py:182} INFO - Started process (PID=3259) to work on /home/airflow/sandbox/lib/python3.8/site-packages/airflow/example_dags/example_branch_operator.py
[2022-04-02 16:16:14,617] {scheduler_job.py:633} INFO - Processing file /home/airflow/sandbox/lib/python3.8/site-packages/airflow/example_dags/example_branch_operator.py for tasks to queue
[2022-04-02 16:16:14,618] {logging_mixin.py:104} INFO - [2022-04-02 16:16:14,618] {dagbag.py:487} INFO - Filling up the DagBag from /home/airflow/sandbox/lib/python3.8/site-packages/airflow/example_dags/example_branch_operator.py
[2022-04-02 16:16:14,648] {scheduler_job.py:643} INFO - DAG(s) dict_keys(['example_branch_operator']) retrieved from /home/airflow/sandbox/lib/python3.8/site-packages/airflow/example_dags/example_branch_operator.py
[2022-04-02 16:16:14,682] {logging_mixin.py:104} INFO - [2022-04-02 16:16:14,682] {dag.py:1832} INFO - Sync 1 DAGs
[2022-04-02 16:16:14,722] {logging_mixin.py:104} INFO - [2022-04-02 16:16:14,722] {dag.py:2305} INFO - Setting next_dagrun for example_branch_operator to 2022-03-31 00:00:00+00:00
[2022-04-02 16:16:14,764] {scheduler_job.py:190} INFO - Processing /home/airflow/sandbox/lib/python3.8/site-packages/airflow/example_dags/example_branch_operator.py took 0.157 seconds
[2022-04-02 16:16:52,909] {scheduler_job.py:182} INFO - Started process (PID=3291) to work on /home/airflow/sandbox/lib/python3.8/site-packages/airflow/example_dags/example_branch_operator.py
[2022-04-02 16:16:52,910] {scheduler_job.py:633} INFO - Processing file /home/airflow/sandbox/lib/python3.8/site-packages/airflow/example_dags/example_branch_operator.py for tasks to queue
[2022-04-02 16:16:52,911] {logging_mixin.py:104} INFO - [2022-04-02 16:16:52,910] {dagbag.py:487} INFO - Filling up the DagBag from /home/airflow/sandbox/lib/python3.8/site-packages/airflow/example_dags/example_branch_operator.py
[2022-04-02 16:16:52,932] {scheduler_job.py:643} INFO - DAG(s) dict_keys(['example_branch_operator']) retrieved from /home/airflow/sandbox/lib/python3.8/site-packages/airflow/example_dags/example_branch_operator.py
[2022-04-02 16:16:52,951] {logging_mixin.py:104} INFO - [2022-04-02 16:16:52,951] {dag.py:1832} INFO - Sync 1 DAGs
[2022-04-02 16:16:52,969] {logging_mixin.py:104} INFO - [2022-04-02 16:16:52,969] {dag.py:2305} INFO - Setting next_dagrun for example_branch_operator to 2022-03-31 00:00:00+00:00
[2022-04-02 16:16:52,999] {scheduler_job.py:190} INFO - Processing /home/airflow/sandbox/lib/python3.8/site-packages/airflow/example_dags/example_branch_operator.py took 0.094 seconds
[2022-04-02 16:17:33,489] {scheduler_job.py:182} INFO - Started process (PID=3337) to work on /home/airflow/sandbox/lib/python3.8/site-packages/airflow/example_dags/example_branch_operator.py
[2022-04-02 16:17:33,491] {scheduler_job.py:633} INFO - Processing file /home/airflow/sandbox/lib/python3.8/site-packages/airflow/example_dags/example_branch_operator.py for tasks to queue
[2022-04-02 16:17:33,493] {logging_mixin.py:104} INFO - [2022-04-02 16:17:33,492] {dagbag.py:487} INFO - Filling up the DagBag from /home/airflow/sandbox/lib/python3.8/site-packages/airflow/example_dags/example_branch_operator.py
[2022-04-02 16:17:33,518] {scheduler_job.py:643} INFO - DAG(s) dict_keys(['example_branch_operator']) retrieved from /home/airflow/sandbox/lib/python3.8/site-packages/airflow/example_dags/example_branch_operator.py
[2022-04-02 16:17:33,551] {logging_mixin.py:104} INFO - [2022-04-02 16:17:33,550] {dag.py:1832} INFO - Sync 1 DAGs
[2022-04-02 16:17:33,578] {logging_mixin.py:104} INFO - [2022-04-02 16:17:33,578] {dag.py:2305} INFO - Setting next_dagrun for example_branch_operator to 2022-03-31 00:00:00+00:00
[2022-04-02 16:17:33,612] {scheduler_job.py:190} INFO - Processing /home/airflow/sandbox/lib/python3.8/site-packages/airflow/example_dags/example_branch_operator.py took 0.130 seconds
[2022-04-02 16:18:13,106] {scheduler_job.py:182} INFO - Started process (PID=3430) to work on /home/airflow/sandbox/lib/python3.8/site-packages/airflow/example_dags/example_branch_operator.py
[2022-04-02 16:18:13,108] {scheduler_job.py:633} INFO - Processing file /home/airflow/sandbox/lib/python3.8/site-packages/airflow/example_dags/example_branch_operator.py for tasks to queue
[2022-04-02 16:18:13,110] {logging_mixin.py:104} INFO - [2022-04-02 16:18:13,110] {dagbag.py:487} INFO - Filling up the DagBag from /home/airflow/sandbox/lib/python3.8/site-packages/airflow/example_dags/example_branch_operator.py
[2022-04-02 16:18:13,130] {scheduler_job.py:643} INFO - DAG(s) dict_keys(['example_branch_operator']) retrieved from /home/airflow/sandbox/lib/python3.8/site-packages/airflow/example_dags/example_branch_operator.py
[2022-04-02 16:18:13,146] {logging_mixin.py:104} INFO - [2022-04-02 16:18:13,145] {dag.py:1832} INFO - Sync 1 DAGs
[2022-04-02 16:18:13,159] {logging_mixin.py:104} INFO - [2022-04-02 16:18:13,159] {dag.py:2305} INFO - Setting next_dagrun for example_branch_operator to 2022-03-31 00:00:00+00:00
[2022-04-02 16:18:13,188] {scheduler_job.py:190} INFO - Processing /home/airflow/sandbox/lib/python3.8/site-packages/airflow/example_dags/example_branch_operator.py took 0.089 seconds
[2022-04-02 16:18:50,647] {scheduler_job.py:182} INFO - Started process (PID=3461) to work on /home/airflow/sandbox/lib/python3.8/site-packages/airflow/example_dags/example_branch_operator.py
[2022-04-02 16:18:50,649] {scheduler_job.py:633} INFO - Processing file /home/airflow/sandbox/lib/python3.8/site-packages/airflow/example_dags/example_branch_operator.py for tasks to queue
[2022-04-02 16:18:50,651] {logging_mixin.py:104} INFO - [2022-04-02 16:18:50,651] {dagbag.py:487} INFO - Filling up the DagBag from /home/airflow/sandbox/lib/python3.8/site-packages/airflow/example_dags/example_branch_operator.py
[2022-04-02 16:18:50,680] {scheduler_job.py:643} INFO - DAG(s) dict_keys(['example_branch_operator']) retrieved from /home/airflow/sandbox/lib/python3.8/site-packages/airflow/example_dags/example_branch_operator.py
[2022-04-02 16:18:50,712] {logging_mixin.py:104} INFO - [2022-04-02 16:18:50,712] {dag.py:1832} INFO - Sync 1 DAGs
[2022-04-02 16:18:50,732] {logging_mixin.py:104} INFO - [2022-04-02 16:18:50,732] {dag.py:2305} INFO - Setting next_dagrun for example_branch_operator to 2022-03-31 00:00:00+00:00
[2022-04-02 16:18:50,752] {scheduler_job.py:190} INFO - Processing /home/airflow/sandbox/lib/python3.8/site-packages/airflow/example_dags/example_branch_operator.py took 0.112 seconds
[2022-04-02 16:19:27,979] {scheduler_job.py:182} INFO - Started process (PID=3492) to work on /home/airflow/sandbox/lib/python3.8/site-packages/airflow/example_dags/example_branch_operator.py
[2022-04-02 16:19:27,981] {scheduler_job.py:633} INFO - Processing file /home/airflow/sandbox/lib/python3.8/site-packages/airflow/example_dags/example_branch_operator.py for tasks to queue
[2022-04-02 16:19:27,982] {logging_mixin.py:104} INFO - [2022-04-02 16:19:27,982] {dagbag.py:487} INFO - Filling up the DagBag from /home/airflow/sandbox/lib/python3.8/site-packages/airflow/example_dags/example_branch_operator.py
[2022-04-02 16:19:28,004] {scheduler_job.py:643} INFO - DAG(s) dict_keys(['example_branch_operator']) retrieved from /home/airflow/sandbox/lib/python3.8/site-packages/airflow/example_dags/example_branch_operator.py
[2022-04-02 16:19:28,026] {logging_mixin.py:104} INFO - [2022-04-02 16:19:28,026] {dag.py:1832} INFO - Sync 1 DAGs
[2022-04-02 16:19:28,041] {logging_mixin.py:104} INFO - [2022-04-02 16:19:28,040] {dag.py:2305} INFO - Setting next_dagrun for example_branch_operator to 2022-03-31 00:00:00+00:00
[2022-04-02 16:19:28,060] {scheduler_job.py:190} INFO - Processing /home/airflow/sandbox/lib/python3.8/site-packages/airflow/example_dags/example_branch_operator.py took 0.084 seconds
[2022-04-02 16:20:13,005] {scheduler_job.py:182} INFO - Started process (PID=3627) to work on /home/airflow/sandbox/lib/python3.8/site-packages/airflow/example_dags/example_branch_operator.py
[2022-04-02 16:20:13,007] {scheduler_job.py:633} INFO - Processing file /home/airflow/sandbox/lib/python3.8/site-packages/airflow/example_dags/example_branch_operator.py for tasks to queue
[2022-04-02 16:20:13,008] {logging_mixin.py:104} INFO - [2022-04-02 16:20:13,008] {dagbag.py:487} INFO - Filling up the DagBag from /home/airflow/sandbox/lib/python3.8/site-packages/airflow/example_dags/example_branch_operator.py
[2022-04-02 16:20:13,047] {scheduler_job.py:643} INFO - DAG(s) dict_keys(['example_branch_operator']) retrieved from /home/airflow/sandbox/lib/python3.8/site-packages/airflow/example_dags/example_branch_operator.py
[2022-04-02 16:20:13,084] {logging_mixin.py:104} INFO - [2022-04-02 16:20:13,083] {dag.py:1832} INFO - Sync 1 DAGs
[2022-04-02 16:20:13,109] {logging_mixin.py:104} INFO - [2022-04-02 16:20:13,109] {dag.py:2305} INFO - Setting next_dagrun for example_branch_operator to 2022-03-31 00:00:00+00:00
[2022-04-02 16:20:13,130] {scheduler_job.py:190} INFO - Processing /home/airflow/sandbox/lib/python3.8/site-packages/airflow/example_dags/example_branch_operator.py took 0.134 seconds
[2022-04-02 16:20:56,391] {scheduler_job.py:182} INFO - Started process (PID=3662) to work on /home/airflow/sandbox/lib/python3.8/site-packages/airflow/example_dags/example_branch_operator.py
[2022-04-02 16:20:56,393] {scheduler_job.py:633} INFO - Processing file /home/airflow/sandbox/lib/python3.8/site-packages/airflow/example_dags/example_branch_operator.py for tasks to queue
[2022-04-02 16:20:56,394] {logging_mixin.py:104} INFO - [2022-04-02 16:20:56,393] {dagbag.py:487} INFO - Filling up the DagBag from /home/airflow/sandbox/lib/python3.8/site-packages/airflow/example_dags/example_branch_operator.py
[2022-04-02 16:20:56,418] {scheduler_job.py:643} INFO - DAG(s) dict_keys(['example_branch_operator']) retrieved from /home/airflow/sandbox/lib/python3.8/site-packages/airflow/example_dags/example_branch_operator.py
[2022-04-02 16:20:56,440] {logging_mixin.py:104} INFO - [2022-04-02 16:20:56,440] {dag.py:1832} INFO - Sync 1 DAGs
[2022-04-02 16:20:56,456] {logging_mixin.py:104} INFO - [2022-04-02 16:20:56,456] {dag.py:2305} INFO - Setting next_dagrun for example_branch_operator to 2022-03-31 00:00:00+00:00
[2022-04-02 16:20:56,483] {scheduler_job.py:190} INFO - Processing /home/airflow/sandbox/lib/python3.8/site-packages/airflow/example_dags/example_branch_operator.py took 0.098 seconds
[2022-04-02 16:21:37,918] {scheduler_job.py:182} INFO - Started process (PID=3697) to work on /home/airflow/sandbox/lib/python3.8/site-packages/airflow/example_dags/example_branch_operator.py
[2022-04-02 16:21:37,920] {scheduler_job.py:633} INFO - Processing file /home/airflow/sandbox/lib/python3.8/site-packages/airflow/example_dags/example_branch_operator.py for tasks to queue
[2022-04-02 16:21:37,922] {logging_mixin.py:104} INFO - [2022-04-02 16:21:37,922] {dagbag.py:487} INFO - Filling up the DagBag from /home/airflow/sandbox/lib/python3.8/site-packages/airflow/example_dags/example_branch_operator.py
[2022-04-02 16:21:37,957] {scheduler_job.py:643} INFO - DAG(s) dict_keys(['example_branch_operator']) retrieved from /home/airflow/sandbox/lib/python3.8/site-packages/airflow/example_dags/example_branch_operator.py
[2022-04-02 16:21:37,980] {logging_mixin.py:104} INFO - [2022-04-02 16:21:37,980] {dag.py:1832} INFO - Sync 1 DAGs
[2022-04-02 16:21:37,991] {logging_mixin.py:104} INFO - [2022-04-02 16:21:37,991] {dag.py:2305} INFO - Setting next_dagrun for example_branch_operator to 2022-03-31 00:00:00+00:00
[2022-04-02 16:21:38,012] {scheduler_job.py:190} INFO - Processing /home/airflow/sandbox/lib/python3.8/site-packages/airflow/example_dags/example_branch_operator.py took 0.096 seconds
[2022-04-02 16:22:19,366] {scheduler_job.py:182} INFO - Started process (PID=3733) to work on /home/airflow/sandbox/lib/python3.8/site-packages/airflow/example_dags/example_branch_operator.py
[2022-04-02 16:22:19,367] {scheduler_job.py:633} INFO - Processing file /home/airflow/sandbox/lib/python3.8/site-packages/airflow/example_dags/example_branch_operator.py for tasks to queue
[2022-04-02 16:22:19,368] {logging_mixin.py:104} INFO - [2022-04-02 16:22:19,368] {dagbag.py:487} INFO - Filling up the DagBag from /home/airflow/sandbox/lib/python3.8/site-packages/airflow/example_dags/example_branch_operator.py
[2022-04-02 16:22:19,388] {scheduler_job.py:643} INFO - DAG(s) dict_keys(['example_branch_operator']) retrieved from /home/airflow/sandbox/lib/python3.8/site-packages/airflow/example_dags/example_branch_operator.py
[2022-04-02 16:22:19,422] {logging_mixin.py:104} INFO - [2022-04-02 16:22:19,422] {dag.py:1832} INFO - Sync 1 DAGs
[2022-04-02 16:22:19,450] {logging_mixin.py:104} INFO - [2022-04-02 16:22:19,449] {dag.py:2305} INFO - Setting next_dagrun for example_branch_operator to 2022-03-31 00:00:00+00:00
[2022-04-02 16:22:19,475] {scheduler_job.py:190} INFO - Processing /home/airflow/sandbox/lib/python3.8/site-packages/airflow/example_dags/example_branch_operator.py took 0.114 seconds
[2022-04-02 16:22:58,378] {scheduler_job.py:182} INFO - Started process (PID=3769) to work on /home/airflow/sandbox/lib/python3.8/site-packages/airflow/example_dags/example_branch_operator.py
[2022-04-02 16:22:58,392] {scheduler_job.py:633} INFO - Processing file /home/airflow/sandbox/lib/python3.8/site-packages/airflow/example_dags/example_branch_operator.py for tasks to queue
[2022-04-02 16:22:58,393] {logging_mixin.py:104} INFO - [2022-04-02 16:22:58,393] {dagbag.py:487} INFO - Filling up the DagBag from /home/airflow/sandbox/lib/python3.8/site-packages/airflow/example_dags/example_branch_operator.py
[2022-04-02 16:22:58,437] {scheduler_job.py:643} INFO - DAG(s) dict_keys(['example_branch_operator']) retrieved from /home/airflow/sandbox/lib/python3.8/site-packages/airflow/example_dags/example_branch_operator.py
[2022-04-02 16:22:58,474] {logging_mixin.py:104} INFO - [2022-04-02 16:22:58,474] {dag.py:1832} INFO - Sync 1 DAGs
[2022-04-02 16:22:58,500] {logging_mixin.py:104} INFO - [2022-04-02 16:22:58,500] {dag.py:2305} INFO - Setting next_dagrun for example_branch_operator to 2022-03-31 00:00:00+00:00
[2022-04-02 16:22:58,529] {scheduler_job.py:190} INFO - Processing /home/airflow/sandbox/lib/python3.8/site-packages/airflow/example_dags/example_branch_operator.py took 0.156 seconds
[2022-04-02 16:23:35,731] {scheduler_job.py:182} INFO - Started process (PID=3840) to work on /home/airflow/sandbox/lib/python3.8/site-packages/airflow/example_dags/example_branch_operator.py
[2022-04-02 16:23:35,732] {scheduler_job.py:633} INFO - Processing file /home/airflow/sandbox/lib/python3.8/site-packages/airflow/example_dags/example_branch_operator.py for tasks to queue
[2022-04-02 16:23:35,733] {logging_mixin.py:104} INFO - [2022-04-02 16:23:35,733] {dagbag.py:487} INFO - Filling up the DagBag from /home/airflow/sandbox/lib/python3.8/site-packages/airflow/example_dags/example_branch_operator.py
[2022-04-02 16:23:35,749] {scheduler_job.py:643} INFO - DAG(s) dict_keys(['example_branch_operator']) retrieved from /home/airflow/sandbox/lib/python3.8/site-packages/airflow/example_dags/example_branch_operator.py
[2022-04-02 16:23:35,764] {logging_mixin.py:104} INFO - [2022-04-02 16:23:35,764] {dag.py:1832} INFO - Sync 1 DAGs
[2022-04-02 16:23:35,776] {logging_mixin.py:104} INFO - [2022-04-02 16:23:35,776] {dag.py:2305} INFO - Setting next_dagrun for example_branch_operator to 2022-03-31 00:00:00+00:00
[2022-04-02 16:23:35,804] {scheduler_job.py:190} INFO - Processing /home/airflow/sandbox/lib/python3.8/site-packages/airflow/example_dags/example_branch_operator.py took 0.075 seconds
[2022-04-02 16:24:19,971] {scheduler_job.py:182} INFO - Started process (PID=3876) to work on /home/airflow/sandbox/lib/python3.8/site-packages/airflow/example_dags/example_branch_operator.py
[2022-04-02 16:24:19,973] {scheduler_job.py:633} INFO - Processing file /home/airflow/sandbox/lib/python3.8/site-packages/airflow/example_dags/example_branch_operator.py for tasks to queue
[2022-04-02 16:24:19,975] {logging_mixin.py:104} INFO - [2022-04-02 16:24:19,974] {dagbag.py:487} INFO - Filling up the DagBag from /home/airflow/sandbox/lib/python3.8/site-packages/airflow/example_dags/example_branch_operator.py
[2022-04-02 16:24:20,003] {scheduler_job.py:643} INFO - DAG(s) dict_keys(['example_branch_operator']) retrieved from /home/airflow/sandbox/lib/python3.8/site-packages/airflow/example_dags/example_branch_operator.py
[2022-04-02 16:24:20,031] {logging_mixin.py:104} INFO - [2022-04-02 16:24:20,031] {dag.py:1832} INFO - Sync 1 DAGs
[2022-04-02 16:24:20,052] {logging_mixin.py:104} INFO - [2022-04-02 16:24:20,052] {dag.py:2305} INFO - Setting next_dagrun for example_branch_operator to 2022-03-31 00:00:00+00:00
[2022-04-02 16:24:20,089] {scheduler_job.py:190} INFO - Processing /home/airflow/sandbox/lib/python3.8/site-packages/airflow/example_dags/example_branch_operator.py took 0.125 seconds
[2022-04-02 16:25:03,244] {scheduler_job.py:182} INFO - Started process (PID=3911) to work on /home/airflow/sandbox/lib/python3.8/site-packages/airflow/example_dags/example_branch_operator.py
[2022-04-02 16:25:03,247] {scheduler_job.py:633} INFO - Processing file /home/airflow/sandbox/lib/python3.8/site-packages/airflow/example_dags/example_branch_operator.py for tasks to queue
[2022-04-02 16:25:03,250] {logging_mixin.py:104} INFO - [2022-04-02 16:25:03,249] {dagbag.py:487} INFO - Filling up the DagBag from /home/airflow/sandbox/lib/python3.8/site-packages/airflow/example_dags/example_branch_operator.py
[2022-04-02 16:25:03,281] {scheduler_job.py:643} INFO - DAG(s) dict_keys(['example_branch_operator']) retrieved from /home/airflow/sandbox/lib/python3.8/site-packages/airflow/example_dags/example_branch_operator.py
[2022-04-02 16:25:03,313] {logging_mixin.py:104} INFO - [2022-04-02 16:25:03,313] {dag.py:1832} INFO - Sync 1 DAGs
[2022-04-02 16:25:03,340] {logging_mixin.py:104} INFO - [2022-04-02 16:25:03,340] {dag.py:2305} INFO - Setting next_dagrun for example_branch_operator to 2022-03-31 00:00:00+00:00
[2022-04-02 16:25:03,371] {scheduler_job.py:190} INFO - Processing /home/airflow/sandbox/lib/python3.8/site-packages/airflow/example_dags/example_branch_operator.py took 0.135 seconds
[2022-04-02 16:25:42,509] {scheduler_job.py:182} INFO - Started process (PID=3943) to work on /home/airflow/sandbox/lib/python3.8/site-packages/airflow/example_dags/example_branch_operator.py
[2022-04-02 16:25:42,512] {scheduler_job.py:633} INFO - Processing file /home/airflow/sandbox/lib/python3.8/site-packages/airflow/example_dags/example_branch_operator.py for tasks to queue
[2022-04-02 16:25:42,513] {logging_mixin.py:104} INFO - [2022-04-02 16:25:42,513] {dagbag.py:487} INFO - Filling up the DagBag from /home/airflow/sandbox/lib/python3.8/site-packages/airflow/example_dags/example_branch_operator.py
[2022-04-02 16:25:42,542] {scheduler_job.py:643} INFO - DAG(s) dict_keys(['example_branch_operator']) retrieved from /home/airflow/sandbox/lib/python3.8/site-packages/airflow/example_dags/example_branch_operator.py
[2022-04-02 16:25:42,580] {logging_mixin.py:104} INFO - [2022-04-02 16:25:42,580] {dag.py:1832} INFO - Sync 1 DAGs
[2022-04-02 16:25:42,598] {logging_mixin.py:104} INFO - [2022-04-02 16:25:42,598] {dag.py:2305} INFO - Setting next_dagrun for example_branch_operator to 2022-03-31 00:00:00+00:00
[2022-04-02 16:25:42,626] {scheduler_job.py:190} INFO - Processing /home/airflow/sandbox/lib/python3.8/site-packages/airflow/example_dags/example_branch_operator.py took 0.122 seconds
[2022-04-02 16:26:21,072] {scheduler_job.py:182} INFO - Started process (PID=3975) to work on /home/airflow/sandbox/lib/python3.8/site-packages/airflow/example_dags/example_branch_operator.py
[2022-04-02 16:26:21,075] {scheduler_job.py:633} INFO - Processing file /home/airflow/sandbox/lib/python3.8/site-packages/airflow/example_dags/example_branch_operator.py for tasks to queue
[2022-04-02 16:26:21,076] {logging_mixin.py:104} INFO - [2022-04-02 16:26:21,076] {dagbag.py:487} INFO - Filling up the DagBag from /home/airflow/sandbox/lib/python3.8/site-packages/airflow/example_dags/example_branch_operator.py
[2022-04-02 16:26:21,117] {scheduler_job.py:643} INFO - DAG(s) dict_keys(['example_branch_operator']) retrieved from /home/airflow/sandbox/lib/python3.8/site-packages/airflow/example_dags/example_branch_operator.py
[2022-04-02 16:26:21,152] {logging_mixin.py:104} INFO - [2022-04-02 16:26:21,152] {dag.py:1832} INFO - Sync 1 DAGs
[2022-04-02 16:26:21,182] {logging_mixin.py:104} INFO - [2022-04-02 16:26:21,181] {dag.py:2305} INFO - Setting next_dagrun for example_branch_operator to 2022-03-31 00:00:00+00:00
[2022-04-02 16:26:21,219] {scheduler_job.py:190} INFO - Processing /home/airflow/sandbox/lib/python3.8/site-packages/airflow/example_dags/example_branch_operator.py took 0.154 seconds
[2022-04-02 16:27:05,490] {scheduler_job.py:182} INFO - Started process (PID=4012) to work on /home/airflow/sandbox/lib/python3.8/site-packages/airflow/example_dags/example_branch_operator.py
[2022-04-02 16:27:05,492] {scheduler_job.py:633} INFO - Processing file /home/airflow/sandbox/lib/python3.8/site-packages/airflow/example_dags/example_branch_operator.py for tasks to queue
[2022-04-02 16:27:05,493] {logging_mixin.py:104} INFO - [2022-04-02 16:27:05,493] {dagbag.py:487} INFO - Filling up the DagBag from /home/airflow/sandbox/lib/python3.8/site-packages/airflow/example_dags/example_branch_operator.py
[2022-04-02 16:27:05,509] {scheduler_job.py:643} INFO - DAG(s) dict_keys(['example_branch_operator']) retrieved from /home/airflow/sandbox/lib/python3.8/site-packages/airflow/example_dags/example_branch_operator.py
[2022-04-02 16:27:05,534] {logging_mixin.py:104} INFO - [2022-04-02 16:27:05,534] {dag.py:1832} INFO - Sync 1 DAGs
[2022-04-02 16:27:05,558] {logging_mixin.py:104} INFO - [2022-04-02 16:27:05,558] {dag.py:2305} INFO - Setting next_dagrun for example_branch_operator to 2022-03-31 00:00:00+00:00
[2022-04-02 16:27:05,583] {scheduler_job.py:190} INFO - Processing /home/airflow/sandbox/lib/python3.8/site-packages/airflow/example_dags/example_branch_operator.py took 0.096 seconds
