[2022-04-02 16:13:52,564] {scheduler_job.py:182} INFO - Started process (PID=3085) to work on /home/airflow/sandbox/lib/python3.8/site-packages/airflow/example_dags/example_latest_only.py
[2022-04-02 16:13:52,566] {scheduler_job.py:633} INFO - Processing file /home/airflow/sandbox/lib/python3.8/site-packages/airflow/example_dags/example_latest_only.py for tasks to queue
[2022-04-02 16:13:52,568] {logging_mixin.py:104} INFO - [2022-04-02 16:13:52,567] {dagbag.py:487} INFO - Filling up the DagBag from /home/airflow/sandbox/lib/python3.8/site-packages/airflow/example_dags/example_latest_only.py
[2022-04-02 16:13:52,583] {scheduler_job.py:643} INFO - DAG(s) dict_keys(['latest_only']) retrieved from /home/airflow/sandbox/lib/python3.8/site-packages/airflow/example_dags/example_latest_only.py
[2022-04-02 16:13:53,077] {logging_mixin.py:104} INFO - [2022-04-02 16:13:53,077] {dag.py:1832} INFO - Sync 1 DAGs
[2022-04-02 16:13:53,096] {logging_mixin.py:104} INFO - [2022-04-02 16:13:53,096] {dag.py:2305} INFO - Setting next_dagrun for latest_only to 2022-03-31 00:00:00+00:00
[2022-04-02 16:13:53,149] {scheduler_job.py:190} INFO - Processing /home/airflow/sandbox/lib/python3.8/site-packages/airflow/example_dags/example_latest_only.py took 0.592 seconds
[2022-04-02 16:14:36,968] {scheduler_job.py:182} INFO - Started process (PID=3179) to work on /home/airflow/sandbox/lib/python3.8/site-packages/airflow/example_dags/example_latest_only.py
[2022-04-02 16:14:36,970] {scheduler_job.py:633} INFO - Processing file /home/airflow/sandbox/lib/python3.8/site-packages/airflow/example_dags/example_latest_only.py for tasks to queue
[2022-04-02 16:14:36,973] {logging_mixin.py:104} INFO - [2022-04-02 16:14:36,972] {dagbag.py:487} INFO - Filling up the DagBag from /home/airflow/sandbox/lib/python3.8/site-packages/airflow/example_dags/example_latest_only.py
[2022-04-02 16:14:36,995] {scheduler_job.py:643} INFO - DAG(s) dict_keys(['latest_only']) retrieved from /home/airflow/sandbox/lib/python3.8/site-packages/airflow/example_dags/example_latest_only.py
[2022-04-02 16:14:37,023] {logging_mixin.py:104} INFO - [2022-04-02 16:14:37,023] {dag.py:1832} INFO - Sync 1 DAGs
[2022-04-02 16:14:37,038] {logging_mixin.py:104} INFO - [2022-04-02 16:14:37,037] {dag.py:2305} INFO - Setting next_dagrun for latest_only to 2022-03-31 00:00:00+00:00
[2022-04-02 16:14:37,074] {scheduler_job.py:190} INFO - Processing /home/airflow/sandbox/lib/python3.8/site-packages/airflow/example_dags/example_latest_only.py took 0.111 seconds
[2022-04-02 16:15:17,883] {scheduler_job.py:182} INFO - Started process (PID=3211) to work on /home/airflow/sandbox/lib/python3.8/site-packages/airflow/example_dags/example_latest_only.py
[2022-04-02 16:15:17,885] {scheduler_job.py:633} INFO - Processing file /home/airflow/sandbox/lib/python3.8/site-packages/airflow/example_dags/example_latest_only.py for tasks to queue
[2022-04-02 16:15:17,888] {logging_mixin.py:104} INFO - [2022-04-02 16:15:17,888] {dagbag.py:487} INFO - Filling up the DagBag from /home/airflow/sandbox/lib/python3.8/site-packages/airflow/example_dags/example_latest_only.py
[2022-04-02 16:15:17,924] {scheduler_job.py:643} INFO - DAG(s) dict_keys(['latest_only']) retrieved from /home/airflow/sandbox/lib/python3.8/site-packages/airflow/example_dags/example_latest_only.py
[2022-04-02 16:15:17,958] {logging_mixin.py:104} INFO - [2022-04-02 16:15:17,957] {dag.py:1832} INFO - Sync 1 DAGs
[2022-04-02 16:15:17,976] {logging_mixin.py:104} INFO - [2022-04-02 16:15:17,976] {dag.py:2305} INFO - Setting next_dagrun for latest_only to 2022-03-31 00:00:00+00:00
[2022-04-02 16:15:18,006] {scheduler_job.py:190} INFO - Processing /home/airflow/sandbox/lib/python3.8/site-packages/airflow/example_dags/example_latest_only.py took 0.129 seconds
[2022-04-02 16:15:54,750] {scheduler_job.py:182} INFO - Started process (PID=3242) to work on /home/airflow/sandbox/lib/python3.8/site-packages/airflow/example_dags/example_latest_only.py
[2022-04-02 16:15:54,752] {scheduler_job.py:633} INFO - Processing file /home/airflow/sandbox/lib/python3.8/site-packages/airflow/example_dags/example_latest_only.py for tasks to queue
[2022-04-02 16:15:54,753] {logging_mixin.py:104} INFO - [2022-04-02 16:15:54,753] {dagbag.py:487} INFO - Filling up the DagBag from /home/airflow/sandbox/lib/python3.8/site-packages/airflow/example_dags/example_latest_only.py
[2022-04-02 16:15:54,773] {scheduler_job.py:643} INFO - DAG(s) dict_keys(['latest_only']) retrieved from /home/airflow/sandbox/lib/python3.8/site-packages/airflow/example_dags/example_latest_only.py
[2022-04-02 16:15:54,798] {logging_mixin.py:104} INFO - [2022-04-02 16:15:54,798] {dag.py:1832} INFO - Sync 1 DAGs
[2022-04-02 16:15:54,823] {logging_mixin.py:104} INFO - [2022-04-02 16:15:54,823] {dag.py:2305} INFO - Setting next_dagrun for latest_only to 2022-03-31 00:00:00+00:00
[2022-04-02 16:15:54,861] {scheduler_job.py:190} INFO - Processing /home/airflow/sandbox/lib/python3.8/site-packages/airflow/example_dags/example_latest_only.py took 0.118 seconds
[2022-04-02 16:16:31,666] {scheduler_job.py:182} INFO - Started process (PID=3273) to work on /home/airflow/sandbox/lib/python3.8/site-packages/airflow/example_dags/example_latest_only.py
[2022-04-02 16:16:31,668] {scheduler_job.py:633} INFO - Processing file /home/airflow/sandbox/lib/python3.8/site-packages/airflow/example_dags/example_latest_only.py for tasks to queue
[2022-04-02 16:16:31,669] {logging_mixin.py:104} INFO - [2022-04-02 16:16:31,669] {dagbag.py:487} INFO - Filling up the DagBag from /home/airflow/sandbox/lib/python3.8/site-packages/airflow/example_dags/example_latest_only.py
[2022-04-02 16:16:31,688] {scheduler_job.py:643} INFO - DAG(s) dict_keys(['latest_only']) retrieved from /home/airflow/sandbox/lib/python3.8/site-packages/airflow/example_dags/example_latest_only.py
[2022-04-02 16:16:31,718] {logging_mixin.py:104} INFO - [2022-04-02 16:16:31,718] {dag.py:1832} INFO - Sync 1 DAGs
[2022-04-02 16:16:31,741] {logging_mixin.py:104} INFO - [2022-04-02 16:16:31,741] {dag.py:2305} INFO - Setting next_dagrun for latest_only to 2022-03-31 00:00:00+00:00
[2022-04-02 16:16:31,771] {scheduler_job.py:190} INFO - Processing /home/airflow/sandbox/lib/python3.8/site-packages/airflow/example_dags/example_latest_only.py took 0.110 seconds
[2022-04-02 16:17:05,438] {scheduler_job.py:182} INFO - Started process (PID=3312) to work on /home/airflow/sandbox/lib/python3.8/site-packages/airflow/example_dags/example_latest_only.py
[2022-04-02 16:17:05,441] {scheduler_job.py:633} INFO - Processing file /home/airflow/sandbox/lib/python3.8/site-packages/airflow/example_dags/example_latest_only.py for tasks to queue
[2022-04-02 16:17:05,443] {logging_mixin.py:104} INFO - [2022-04-02 16:17:05,442] {dagbag.py:487} INFO - Filling up the DagBag from /home/airflow/sandbox/lib/python3.8/site-packages/airflow/example_dags/example_latest_only.py
[2022-04-02 16:17:05,486] {scheduler_job.py:643} INFO - DAG(s) dict_keys(['latest_only']) retrieved from /home/airflow/sandbox/lib/python3.8/site-packages/airflow/example_dags/example_latest_only.py
[2022-04-02 16:17:05,514] {logging_mixin.py:104} INFO - [2022-04-02 16:17:05,513] {dag.py:1832} INFO - Sync 1 DAGs
[2022-04-02 16:17:05,538] {logging_mixin.py:104} INFO - [2022-04-02 16:17:05,538] {dag.py:2305} INFO - Setting next_dagrun for latest_only to 2022-03-31 00:00:00+00:00
[2022-04-02 16:17:05,573] {scheduler_job.py:190} INFO - Processing /home/airflow/sandbox/lib/python3.8/site-packages/airflow/example_dags/example_latest_only.py took 0.142 seconds
[2022-04-02 16:17:42,838] {scheduler_job.py:182} INFO - Started process (PID=3344) to work on /home/airflow/sandbox/lib/python3.8/site-packages/airflow/example_dags/example_latest_only.py
[2022-04-02 16:17:42,841] {scheduler_job.py:633} INFO - Processing file /home/airflow/sandbox/lib/python3.8/site-packages/airflow/example_dags/example_latest_only.py for tasks to queue
[2022-04-02 16:17:42,843] {logging_mixin.py:104} INFO - [2022-04-02 16:17:42,842] {dagbag.py:487} INFO - Filling up the DagBag from /home/airflow/sandbox/lib/python3.8/site-packages/airflow/example_dags/example_latest_only.py
[2022-04-02 16:17:42,865] {scheduler_job.py:643} INFO - DAG(s) dict_keys(['latest_only']) retrieved from /home/airflow/sandbox/lib/python3.8/site-packages/airflow/example_dags/example_latest_only.py
[2022-04-02 16:17:42,897] {logging_mixin.py:104} INFO - [2022-04-02 16:17:42,896] {dag.py:1832} INFO - Sync 1 DAGs
[2022-04-02 16:17:42,920] {logging_mixin.py:104} INFO - [2022-04-02 16:17:42,920] {dag.py:2305} INFO - Setting next_dagrun for latest_only to 2022-03-31 00:00:00+00:00
[2022-04-02 16:17:42,946] {scheduler_job.py:190} INFO - Processing /home/airflow/sandbox/lib/python3.8/site-packages/airflow/example_dags/example_latest_only.py took 0.114 seconds
[2022-04-02 16:18:22,391] {scheduler_job.py:182} INFO - Started process (PID=3437) to work on /home/airflow/sandbox/lib/python3.8/site-packages/airflow/example_dags/example_latest_only.py
[2022-04-02 16:18:22,393] {scheduler_job.py:633} INFO - Processing file /home/airflow/sandbox/lib/python3.8/site-packages/airflow/example_dags/example_latest_only.py for tasks to queue
[2022-04-02 16:18:22,394] {logging_mixin.py:104} INFO - [2022-04-02 16:18:22,394] {dagbag.py:487} INFO - Filling up the DagBag from /home/airflow/sandbox/lib/python3.8/site-packages/airflow/example_dags/example_latest_only.py
[2022-04-02 16:18:22,420] {scheduler_job.py:643} INFO - DAG(s) dict_keys(['latest_only']) retrieved from /home/airflow/sandbox/lib/python3.8/site-packages/airflow/example_dags/example_latest_only.py
[2022-04-02 16:18:22,459] {logging_mixin.py:104} INFO - [2022-04-02 16:18:22,459] {dag.py:1832} INFO - Sync 1 DAGs
[2022-04-02 16:18:22,474] {logging_mixin.py:104} INFO - [2022-04-02 16:18:22,474] {dag.py:2305} INFO - Setting next_dagrun for latest_only to 2022-03-31 00:00:00+00:00
[2022-04-02 16:18:22,507] {scheduler_job.py:190} INFO - Processing /home/airflow/sandbox/lib/python3.8/site-packages/airflow/example_dags/example_latest_only.py took 0.119 seconds
[2022-04-02 16:18:59,297] {scheduler_job.py:182} INFO - Started process (PID=3468) to work on /home/airflow/sandbox/lib/python3.8/site-packages/airflow/example_dags/example_latest_only.py
[2022-04-02 16:18:59,298] {scheduler_job.py:633} INFO - Processing file /home/airflow/sandbox/lib/python3.8/site-packages/airflow/example_dags/example_latest_only.py for tasks to queue
[2022-04-02 16:18:59,299] {logging_mixin.py:104} INFO - [2022-04-02 16:18:59,299] {dagbag.py:487} INFO - Filling up the DagBag from /home/airflow/sandbox/lib/python3.8/site-packages/airflow/example_dags/example_latest_only.py
[2022-04-02 16:18:59,309] {scheduler_job.py:643} INFO - DAG(s) dict_keys(['latest_only']) retrieved from /home/airflow/sandbox/lib/python3.8/site-packages/airflow/example_dags/example_latest_only.py
[2022-04-02 16:18:59,322] {logging_mixin.py:104} INFO - [2022-04-02 16:18:59,322] {dag.py:1832} INFO - Sync 1 DAGs
[2022-04-02 16:18:59,336] {logging_mixin.py:104} INFO - [2022-04-02 16:18:59,335] {dag.py:2305} INFO - Setting next_dagrun for latest_only to 2022-03-31 00:00:00+00:00
[2022-04-02 16:18:59,368] {scheduler_job.py:190} INFO - Processing /home/airflow/sandbox/lib/python3.8/site-packages/airflow/example_dags/example_latest_only.py took 0.076 seconds
[2022-04-02 16:19:38,002] {scheduler_job.py:182} INFO - Started process (PID=3556) to work on /home/airflow/sandbox/lib/python3.8/site-packages/airflow/example_dags/example_latest_only.py
[2022-04-02 16:19:38,005] {scheduler_job.py:633} INFO - Processing file /home/airflow/sandbox/lib/python3.8/site-packages/airflow/example_dags/example_latest_only.py for tasks to queue
[2022-04-02 16:19:38,011] {logging_mixin.py:104} INFO - [2022-04-02 16:19:38,011] {dagbag.py:487} INFO - Filling up the DagBag from /home/airflow/sandbox/lib/python3.8/site-packages/airflow/example_dags/example_latest_only.py
[2022-04-02 16:19:38,041] {scheduler_job.py:643} INFO - DAG(s) dict_keys(['latest_only']) retrieved from /home/airflow/sandbox/lib/python3.8/site-packages/airflow/example_dags/example_latest_only.py
[2022-04-02 16:19:38,111] {logging_mixin.py:104} INFO - [2022-04-02 16:19:38,111] {dag.py:1832} INFO - Sync 1 DAGs
[2022-04-02 16:19:38,181] {logging_mixin.py:104} INFO - [2022-04-02 16:19:38,181] {dag.py:2305} INFO - Setting next_dagrun for latest_only to 2022-03-31 00:00:00+00:00
[2022-04-02 16:19:38,545] {scheduler_job.py:190} INFO - Processing /home/airflow/sandbox/lib/python3.8/site-packages/airflow/example_dags/example_latest_only.py took 0.559 seconds
[2022-04-02 16:20:17,863] {scheduler_job.py:182} INFO - Started process (PID=3631) to work on /home/airflow/sandbox/lib/python3.8/site-packages/airflow/example_dags/example_latest_only.py
[2022-04-02 16:20:17,867] {scheduler_job.py:633} INFO - Processing file /home/airflow/sandbox/lib/python3.8/site-packages/airflow/example_dags/example_latest_only.py for tasks to queue
[2022-04-02 16:20:17,868] {logging_mixin.py:104} INFO - [2022-04-02 16:20:17,868] {dagbag.py:487} INFO - Filling up the DagBag from /home/airflow/sandbox/lib/python3.8/site-packages/airflow/example_dags/example_latest_only.py
[2022-04-02 16:20:17,888] {scheduler_job.py:643} INFO - DAG(s) dict_keys(['latest_only']) retrieved from /home/airflow/sandbox/lib/python3.8/site-packages/airflow/example_dags/example_latest_only.py
[2022-04-02 16:20:17,908] {logging_mixin.py:104} INFO - [2022-04-02 16:20:17,908] {dag.py:1832} INFO - Sync 1 DAGs
[2022-04-02 16:20:17,921] {logging_mixin.py:104} INFO - [2022-04-02 16:20:17,921] {dag.py:2305} INFO - Setting next_dagrun for latest_only to 2022-03-31 00:00:00+00:00
[2022-04-02 16:20:17,950] {scheduler_job.py:190} INFO - Processing /home/airflow/sandbox/lib/python3.8/site-packages/airflow/example_dags/example_latest_only.py took 0.093 seconds
[2022-04-02 16:20:52,250] {scheduler_job.py:182} INFO - Started process (PID=3658) to work on /home/airflow/sandbox/lib/python3.8/site-packages/airflow/example_dags/example_latest_only.py
[2022-04-02 16:20:52,252] {scheduler_job.py:633} INFO - Processing file /home/airflow/sandbox/lib/python3.8/site-packages/airflow/example_dags/example_latest_only.py for tasks to queue
[2022-04-02 16:20:52,253] {logging_mixin.py:104} INFO - [2022-04-02 16:20:52,253] {dagbag.py:487} INFO - Filling up the DagBag from /home/airflow/sandbox/lib/python3.8/site-packages/airflow/example_dags/example_latest_only.py
[2022-04-02 16:20:52,278] {scheduler_job.py:643} INFO - DAG(s) dict_keys(['latest_only']) retrieved from /home/airflow/sandbox/lib/python3.8/site-packages/airflow/example_dags/example_latest_only.py
[2022-04-02 16:20:52,307] {logging_mixin.py:104} INFO - [2022-04-02 16:20:52,307] {dag.py:1832} INFO - Sync 1 DAGs
[2022-04-02 16:20:52,327] {logging_mixin.py:104} INFO - [2022-04-02 16:20:52,327] {dag.py:2305} INFO - Setting next_dagrun for latest_only to 2022-03-31 00:00:00+00:00
[2022-04-02 16:20:52,359] {scheduler_job.py:190} INFO - Processing /home/airflow/sandbox/lib/python3.8/site-packages/airflow/example_dags/example_latest_only.py took 0.116 seconds
[2022-04-02 16:21:28,738] {scheduler_job.py:182} INFO - Started process (PID=3689) to work on /home/airflow/sandbox/lib/python3.8/site-packages/airflow/example_dags/example_latest_only.py
[2022-04-02 16:21:28,740] {scheduler_job.py:633} INFO - Processing file /home/airflow/sandbox/lib/python3.8/site-packages/airflow/example_dags/example_latest_only.py for tasks to queue
[2022-04-02 16:21:28,741] {logging_mixin.py:104} INFO - [2022-04-02 16:21:28,741] {dagbag.py:487} INFO - Filling up the DagBag from /home/airflow/sandbox/lib/python3.8/site-packages/airflow/example_dags/example_latest_only.py
[2022-04-02 16:21:28,760] {scheduler_job.py:643} INFO - DAG(s) dict_keys(['latest_only']) retrieved from /home/airflow/sandbox/lib/python3.8/site-packages/airflow/example_dags/example_latest_only.py
[2022-04-02 16:21:28,787] {logging_mixin.py:104} INFO - [2022-04-02 16:21:28,787] {dag.py:1832} INFO - Sync 1 DAGs
[2022-04-02 16:21:28,806] {logging_mixin.py:104} INFO - [2022-04-02 16:21:28,806] {dag.py:2305} INFO - Setting next_dagrun for latest_only to 2022-03-31 00:00:00+00:00
[2022-04-02 16:21:28,833] {scheduler_job.py:190} INFO - Processing /home/airflow/sandbox/lib/python3.8/site-packages/airflow/example_dags/example_latest_only.py took 0.103 seconds
[2022-04-02 16:22:07,902] {scheduler_job.py:182} INFO - Started process (PID=3723) to work on /home/airflow/sandbox/lib/python3.8/site-packages/airflow/example_dags/example_latest_only.py
[2022-04-02 16:22:07,903] {scheduler_job.py:633} INFO - Processing file /home/airflow/sandbox/lib/python3.8/site-packages/airflow/example_dags/example_latest_only.py for tasks to queue
[2022-04-02 16:22:07,903] {logging_mixin.py:104} INFO - [2022-04-02 16:22:07,903] {dagbag.py:487} INFO - Filling up the DagBag from /home/airflow/sandbox/lib/python3.8/site-packages/airflow/example_dags/example_latest_only.py
[2022-04-02 16:22:07,921] {scheduler_job.py:643} INFO - DAG(s) dict_keys(['latest_only']) retrieved from /home/airflow/sandbox/lib/python3.8/site-packages/airflow/example_dags/example_latest_only.py
[2022-04-02 16:22:07,936] {logging_mixin.py:104} INFO - [2022-04-02 16:22:07,936] {dag.py:1832} INFO - Sync 1 DAGs
[2022-04-02 16:22:07,945] {logging_mixin.py:104} INFO - [2022-04-02 16:22:07,945] {dag.py:2305} INFO - Setting next_dagrun for latest_only to 2022-03-31 00:00:00+00:00
[2022-04-02 16:22:07,960] {scheduler_job.py:190} INFO - Processing /home/airflow/sandbox/lib/python3.8/site-packages/airflow/example_dags/example_latest_only.py took 0.061 seconds
[2022-04-02 16:22:43,529] {scheduler_job.py:182} INFO - Started process (PID=3752) to work on /home/airflow/sandbox/lib/python3.8/site-packages/airflow/example_dags/example_latest_only.py
[2022-04-02 16:22:43,530] {scheduler_job.py:633} INFO - Processing file /home/airflow/sandbox/lib/python3.8/site-packages/airflow/example_dags/example_latest_only.py for tasks to queue
[2022-04-02 16:22:43,531] {logging_mixin.py:104} INFO - [2022-04-02 16:22:43,531] {dagbag.py:487} INFO - Filling up the DagBag from /home/airflow/sandbox/lib/python3.8/site-packages/airflow/example_dags/example_latest_only.py
[2022-04-02 16:22:43,544] {scheduler_job.py:643} INFO - DAG(s) dict_keys(['latest_only']) retrieved from /home/airflow/sandbox/lib/python3.8/site-packages/airflow/example_dags/example_latest_only.py
[2022-04-02 16:22:43,559] {logging_mixin.py:104} INFO - [2022-04-02 16:22:43,559] {dag.py:1832} INFO - Sync 1 DAGs
[2022-04-02 16:22:43,574] {logging_mixin.py:104} INFO - [2022-04-02 16:22:43,574] {dag.py:2305} INFO - Setting next_dagrun for latest_only to 2022-03-31 00:00:00+00:00
[2022-04-02 16:22:43,595] {scheduler_job.py:190} INFO - Processing /home/airflow/sandbox/lib/python3.8/site-packages/airflow/example_dags/example_latest_only.py took 0.069 seconds
[2022-04-02 16:23:20,214] {scheduler_job.py:182} INFO - Started process (PID=3825) to work on /home/airflow/sandbox/lib/python3.8/site-packages/airflow/example_dags/example_latest_only.py
[2022-04-02 16:23:20,216] {scheduler_job.py:633} INFO - Processing file /home/airflow/sandbox/lib/python3.8/site-packages/airflow/example_dags/example_latest_only.py for tasks to queue
[2022-04-02 16:23:20,218] {logging_mixin.py:104} INFO - [2022-04-02 16:23:20,218] {dagbag.py:487} INFO - Filling up the DagBag from /home/airflow/sandbox/lib/python3.8/site-packages/airflow/example_dags/example_latest_only.py
[2022-04-02 16:23:20,243] {scheduler_job.py:643} INFO - DAG(s) dict_keys(['latest_only']) retrieved from /home/airflow/sandbox/lib/python3.8/site-packages/airflow/example_dags/example_latest_only.py
[2022-04-02 16:23:20,265] {logging_mixin.py:104} INFO - [2022-04-02 16:23:20,265] {dag.py:1832} INFO - Sync 1 DAGs
[2022-04-02 16:23:20,297] {logging_mixin.py:104} INFO - [2022-04-02 16:23:20,297] {dag.py:2305} INFO - Setting next_dagrun for latest_only to 2022-03-31 00:00:00+00:00
[2022-04-02 16:23:20,318] {scheduler_job.py:190} INFO - Processing /home/airflow/sandbox/lib/python3.8/site-packages/airflow/example_dags/example_latest_only.py took 0.110 seconds
[2022-04-02 16:23:59,752] {scheduler_job.py:182} INFO - Started process (PID=3859) to work on /home/airflow/sandbox/lib/python3.8/site-packages/airflow/example_dags/example_latest_only.py
[2022-04-02 16:23:59,753] {scheduler_job.py:633} INFO - Processing file /home/airflow/sandbox/lib/python3.8/site-packages/airflow/example_dags/example_latest_only.py for tasks to queue
[2022-04-02 16:23:59,754] {logging_mixin.py:104} INFO - [2022-04-02 16:23:59,754] {dagbag.py:487} INFO - Filling up the DagBag from /home/airflow/sandbox/lib/python3.8/site-packages/airflow/example_dags/example_latest_only.py
[2022-04-02 16:23:59,762] {scheduler_job.py:643} INFO - DAG(s) dict_keys(['latest_only']) retrieved from /home/airflow/sandbox/lib/python3.8/site-packages/airflow/example_dags/example_latest_only.py
[2022-04-02 16:23:59,779] {logging_mixin.py:104} INFO - [2022-04-02 16:23:59,779] {dag.py:1832} INFO - Sync 1 DAGs
[2022-04-02 16:23:59,794] {logging_mixin.py:104} INFO - [2022-04-02 16:23:59,794] {dag.py:2305} INFO - Setting next_dagrun for latest_only to 2022-03-31 00:00:00+00:00
[2022-04-02 16:23:59,822] {scheduler_job.py:190} INFO - Processing /home/airflow/sandbox/lib/python3.8/site-packages/airflow/example_dags/example_latest_only.py took 0.072 seconds
[2022-04-02 16:24:39,475] {scheduler_job.py:182} INFO - Started process (PID=3891) to work on /home/airflow/sandbox/lib/python3.8/site-packages/airflow/example_dags/example_latest_only.py
[2022-04-02 16:24:39,479] {scheduler_job.py:633} INFO - Processing file /home/airflow/sandbox/lib/python3.8/site-packages/airflow/example_dags/example_latest_only.py for tasks to queue
[2022-04-02 16:24:39,480] {logging_mixin.py:104} INFO - [2022-04-02 16:24:39,480] {dagbag.py:487} INFO - Filling up the DagBag from /home/airflow/sandbox/lib/python3.8/site-packages/airflow/example_dags/example_latest_only.py
[2022-04-02 16:24:39,502] {scheduler_job.py:643} INFO - DAG(s) dict_keys(['latest_only']) retrieved from /home/airflow/sandbox/lib/python3.8/site-packages/airflow/example_dags/example_latest_only.py
[2022-04-02 16:24:39,538] {logging_mixin.py:104} INFO - [2022-04-02 16:24:39,537] {dag.py:1832} INFO - Sync 1 DAGs
[2022-04-02 16:24:39,557] {logging_mixin.py:104} INFO - [2022-04-02 16:24:39,557] {dag.py:2305} INFO - Setting next_dagrun for latest_only to 2022-03-31 00:00:00+00:00
[2022-04-02 16:24:39,587] {scheduler_job.py:190} INFO - Processing /home/airflow/sandbox/lib/python3.8/site-packages/airflow/example_dags/example_latest_only.py took 0.119 seconds
[2022-04-02 16:25:18,825] {scheduler_job.py:182} INFO - Started process (PID=3924) to work on /home/airflow/sandbox/lib/python3.8/site-packages/airflow/example_dags/example_latest_only.py
[2022-04-02 16:25:18,828] {scheduler_job.py:633} INFO - Processing file /home/airflow/sandbox/lib/python3.8/site-packages/airflow/example_dags/example_latest_only.py for tasks to queue
[2022-04-02 16:25:18,829] {logging_mixin.py:104} INFO - [2022-04-02 16:25:18,829] {dagbag.py:487} INFO - Filling up the DagBag from /home/airflow/sandbox/lib/python3.8/site-packages/airflow/example_dags/example_latest_only.py
[2022-04-02 16:25:18,839] {scheduler_job.py:643} INFO - DAG(s) dict_keys(['latest_only']) retrieved from /home/airflow/sandbox/lib/python3.8/site-packages/airflow/example_dags/example_latest_only.py
[2022-04-02 16:25:18,867] {logging_mixin.py:104} INFO - [2022-04-02 16:25:18,867] {dag.py:1832} INFO - Sync 1 DAGs
[2022-04-02 16:25:18,887] {logging_mixin.py:104} INFO - [2022-04-02 16:25:18,887] {dag.py:2305} INFO - Setting next_dagrun for latest_only to 2022-03-31 00:00:00+00:00
[2022-04-02 16:25:18,921] {scheduler_job.py:190} INFO - Processing /home/airflow/sandbox/lib/python3.8/site-packages/airflow/example_dags/example_latest_only.py took 0.102 seconds
[2022-04-02 16:25:57,441] {scheduler_job.py:182} INFO - Started process (PID=3955) to work on /home/airflow/sandbox/lib/python3.8/site-packages/airflow/example_dags/example_latest_only.py
[2022-04-02 16:25:57,443] {scheduler_job.py:633} INFO - Processing file /home/airflow/sandbox/lib/python3.8/site-packages/airflow/example_dags/example_latest_only.py for tasks to queue
[2022-04-02 16:25:57,444] {logging_mixin.py:104} INFO - [2022-04-02 16:25:57,444] {dagbag.py:487} INFO - Filling up the DagBag from /home/airflow/sandbox/lib/python3.8/site-packages/airflow/example_dags/example_latest_only.py
[2022-04-02 16:25:57,469] {scheduler_job.py:643} INFO - DAG(s) dict_keys(['latest_only']) retrieved from /home/airflow/sandbox/lib/python3.8/site-packages/airflow/example_dags/example_latest_only.py
[2022-04-02 16:25:57,504] {logging_mixin.py:104} INFO - [2022-04-02 16:25:57,504] {dag.py:1832} INFO - Sync 1 DAGs
[2022-04-02 16:25:57,515] {logging_mixin.py:104} INFO - [2022-04-02 16:25:57,515] {dag.py:2305} INFO - Setting next_dagrun for latest_only to 2022-03-31 00:00:00+00:00
[2022-04-02 16:25:57,548] {scheduler_job.py:190} INFO - Processing /home/airflow/sandbox/lib/python3.8/site-packages/airflow/example_dags/example_latest_only.py took 0.110 seconds
[2022-04-02 16:26:34,067] {scheduler_job.py:182} INFO - Started process (PID=3986) to work on /home/airflow/sandbox/lib/python3.8/site-packages/airflow/example_dags/example_latest_only.py
[2022-04-02 16:26:34,068] {scheduler_job.py:633} INFO - Processing file /home/airflow/sandbox/lib/python3.8/site-packages/airflow/example_dags/example_latest_only.py for tasks to queue
[2022-04-02 16:26:34,069] {logging_mixin.py:104} INFO - [2022-04-02 16:26:34,069] {dagbag.py:487} INFO - Filling up the DagBag from /home/airflow/sandbox/lib/python3.8/site-packages/airflow/example_dags/example_latest_only.py
[2022-04-02 16:26:34,086] {scheduler_job.py:643} INFO - DAG(s) dict_keys(['latest_only']) retrieved from /home/airflow/sandbox/lib/python3.8/site-packages/airflow/example_dags/example_latest_only.py
[2022-04-02 16:26:34,111] {logging_mixin.py:104} INFO - [2022-04-02 16:26:34,111] {dag.py:1832} INFO - Sync 1 DAGs
[2022-04-02 16:26:34,121] {logging_mixin.py:104} INFO - [2022-04-02 16:26:34,121] {dag.py:2305} INFO - Setting next_dagrun for latest_only to 2022-03-31 00:00:00+00:00
[2022-04-02 16:26:34,148] {scheduler_job.py:190} INFO - Processing /home/airflow/sandbox/lib/python3.8/site-packages/airflow/example_dags/example_latest_only.py took 0.086 seconds
[2022-04-02 16:27:10,584] {scheduler_job.py:182} INFO - Started process (PID=4060) to work on /home/airflow/sandbox/lib/python3.8/site-packages/airflow/example_dags/example_latest_only.py
[2022-04-02 16:27:10,589] {scheduler_job.py:633} INFO - Processing file /home/airflow/sandbox/lib/python3.8/site-packages/airflow/example_dags/example_latest_only.py for tasks to queue
[2022-04-02 16:27:10,590] {logging_mixin.py:104} INFO - [2022-04-02 16:27:10,590] {dagbag.py:487} INFO - Filling up the DagBag from /home/airflow/sandbox/lib/python3.8/site-packages/airflow/example_dags/example_latest_only.py
[2022-04-02 16:27:10,608] {scheduler_job.py:643} INFO - DAG(s) dict_keys(['latest_only']) retrieved from /home/airflow/sandbox/lib/python3.8/site-packages/airflow/example_dags/example_latest_only.py
[2022-04-02 16:27:10,637] {logging_mixin.py:104} INFO - [2022-04-02 16:27:10,637] {dag.py:1832} INFO - Sync 1 DAGs
[2022-04-02 16:27:10,656] {logging_mixin.py:104} INFO - [2022-04-02 16:27:10,656] {dag.py:2305} INFO - Setting next_dagrun for latest_only to 2022-03-31 00:00:00+00:00
[2022-04-02 16:27:10,688] {scheduler_job.py:190} INFO - Processing /home/airflow/sandbox/lib/python3.8/site-packages/airflow/example_dags/example_latest_only.py took 0.107 seconds
