[2022-04-02 16:14:11,763] {scheduler_job.py:182} INFO - Started process (PID=3159) to work on /home/airflow/sandbox/lib/python3.8/site-packages/airflow/example_dags/example_trigger_controller_dag.py
[2022-04-02 16:14:11,765] {scheduler_job.py:633} INFO - Processing file /home/airflow/sandbox/lib/python3.8/site-packages/airflow/example_dags/example_trigger_controller_dag.py for tasks to queue
[2022-04-02 16:14:11,767] {logging_mixin.py:104} INFO - [2022-04-02 16:14:11,767] {dagbag.py:487} INFO - Filling up the DagBag from /home/airflow/sandbox/lib/python3.8/site-packages/airflow/example_dags/example_trigger_controller_dag.py
[2022-04-02 16:14:11,785] {scheduler_job.py:643} INFO - DAG(s) dict_keys(['example_trigger_controller_dag']) retrieved from /home/airflow/sandbox/lib/python3.8/site-packages/airflow/example_dags/example_trigger_controller_dag.py
[2022-04-02 16:14:12,173] {logging_mixin.py:104} INFO - [2022-04-02 16:14:12,173] {dag.py:1832} INFO - Sync 1 DAGs
[2022-04-02 16:14:12,189] {logging_mixin.py:104} INFO - [2022-04-02 16:14:12,188] {dag.py:2305} INFO - Setting next_dagrun for example_trigger_controller_dag to 2022-03-31 00:00:00+00:00
[2022-04-02 16:14:12,221] {scheduler_job.py:190} INFO - Processing /home/airflow/sandbox/lib/python3.8/site-packages/airflow/example_dags/example_trigger_controller_dag.py took 0.464 seconds
[2022-04-02 16:14:53,510] {scheduler_job.py:182} INFO - Started process (PID=3192) to work on /home/airflow/sandbox/lib/python3.8/site-packages/airflow/example_dags/example_trigger_controller_dag.py
[2022-04-02 16:14:53,514] {scheduler_job.py:633} INFO - Processing file /home/airflow/sandbox/lib/python3.8/site-packages/airflow/example_dags/example_trigger_controller_dag.py for tasks to queue
[2022-04-02 16:14:53,516] {logging_mixin.py:104} INFO - [2022-04-02 16:14:53,516] {dagbag.py:487} INFO - Filling up the DagBag from /home/airflow/sandbox/lib/python3.8/site-packages/airflow/example_dags/example_trigger_controller_dag.py
[2022-04-02 16:14:53,528] {scheduler_job.py:643} INFO - DAG(s) dict_keys(['example_trigger_controller_dag']) retrieved from /home/airflow/sandbox/lib/python3.8/site-packages/airflow/example_dags/example_trigger_controller_dag.py
[2022-04-02 16:14:53,563] {logging_mixin.py:104} INFO - [2022-04-02 16:14:53,562] {dag.py:1832} INFO - Sync 1 DAGs
[2022-04-02 16:14:53,583] {logging_mixin.py:104} INFO - [2022-04-02 16:14:53,583] {dag.py:2305} INFO - Setting next_dagrun for example_trigger_controller_dag to 2022-03-31 00:00:00+00:00
[2022-04-02 16:14:53,606] {scheduler_job.py:190} INFO - Processing /home/airflow/sandbox/lib/python3.8/site-packages/airflow/example_dags/example_trigger_controller_dag.py took 0.101 seconds
[2022-04-02 16:15:32,488] {scheduler_job.py:182} INFO - Started process (PID=3224) to work on /home/airflow/sandbox/lib/python3.8/site-packages/airflow/example_dags/example_trigger_controller_dag.py
[2022-04-02 16:15:32,490] {scheduler_job.py:633} INFO - Processing file /home/airflow/sandbox/lib/python3.8/site-packages/airflow/example_dags/example_trigger_controller_dag.py for tasks to queue
[2022-04-02 16:15:32,491] {logging_mixin.py:104} INFO - [2022-04-02 16:15:32,491] {dagbag.py:487} INFO - Filling up the DagBag from /home/airflow/sandbox/lib/python3.8/site-packages/airflow/example_dags/example_trigger_controller_dag.py
[2022-04-02 16:15:32,511] {scheduler_job.py:643} INFO - DAG(s) dict_keys(['example_trigger_controller_dag']) retrieved from /home/airflow/sandbox/lib/python3.8/site-packages/airflow/example_dags/example_trigger_controller_dag.py
[2022-04-02 16:15:32,534] {logging_mixin.py:104} INFO - [2022-04-02 16:15:32,534] {dag.py:1832} INFO - Sync 1 DAGs
[2022-04-02 16:15:32,560] {logging_mixin.py:104} INFO - [2022-04-02 16:15:32,559] {dag.py:2305} INFO - Setting next_dagrun for example_trigger_controller_dag to 2022-03-31 00:00:00+00:00
[2022-04-02 16:15:32,595] {scheduler_job.py:190} INFO - Processing /home/airflow/sandbox/lib/python3.8/site-packages/airflow/example_dags/example_trigger_controller_dag.py took 0.117 seconds
[2022-04-02 16:16:10,799] {scheduler_job.py:182} INFO - Started process (PID=3256) to work on /home/airflow/sandbox/lib/python3.8/site-packages/airflow/example_dags/example_trigger_controller_dag.py
[2022-04-02 16:16:10,802] {scheduler_job.py:633} INFO - Processing file /home/airflow/sandbox/lib/python3.8/site-packages/airflow/example_dags/example_trigger_controller_dag.py for tasks to queue
[2022-04-02 16:16:10,803] {logging_mixin.py:104} INFO - [2022-04-02 16:16:10,802] {dagbag.py:487} INFO - Filling up the DagBag from /home/airflow/sandbox/lib/python3.8/site-packages/airflow/example_dags/example_trigger_controller_dag.py
[2022-04-02 16:16:10,817] {scheduler_job.py:643} INFO - DAG(s) dict_keys(['example_trigger_controller_dag']) retrieved from /home/airflow/sandbox/lib/python3.8/site-packages/airflow/example_dags/example_trigger_controller_dag.py
[2022-04-02 16:16:10,845] {logging_mixin.py:104} INFO - [2022-04-02 16:16:10,845] {dag.py:1832} INFO - Sync 1 DAGs
[2022-04-02 16:16:10,871] {logging_mixin.py:104} INFO - [2022-04-02 16:16:10,871] {dag.py:2305} INFO - Setting next_dagrun for example_trigger_controller_dag to 2022-03-31 00:00:00+00:00
[2022-04-02 16:16:10,908] {scheduler_job.py:190} INFO - Processing /home/airflow/sandbox/lib/python3.8/site-packages/airflow/example_dags/example_trigger_controller_dag.py took 0.117 seconds
[2022-04-02 16:16:49,269] {scheduler_job.py:182} INFO - Started process (PID=3288) to work on /home/airflow/sandbox/lib/python3.8/site-packages/airflow/example_dags/example_trigger_controller_dag.py
[2022-04-02 16:16:49,270] {scheduler_job.py:633} INFO - Processing file /home/airflow/sandbox/lib/python3.8/site-packages/airflow/example_dags/example_trigger_controller_dag.py for tasks to queue
[2022-04-02 16:16:49,271] {logging_mixin.py:104} INFO - [2022-04-02 16:16:49,271] {dagbag.py:487} INFO - Filling up the DagBag from /home/airflow/sandbox/lib/python3.8/site-packages/airflow/example_dags/example_trigger_controller_dag.py
[2022-04-02 16:16:49,283] {scheduler_job.py:643} INFO - DAG(s) dict_keys(['example_trigger_controller_dag']) retrieved from /home/airflow/sandbox/lib/python3.8/site-packages/airflow/example_dags/example_trigger_controller_dag.py
[2022-04-02 16:16:49,301] {logging_mixin.py:104} INFO - [2022-04-02 16:16:49,301] {dag.py:1832} INFO - Sync 1 DAGs
[2022-04-02 16:16:49,324] {logging_mixin.py:104} INFO - [2022-04-02 16:16:49,324] {dag.py:2305} INFO - Setting next_dagrun for example_trigger_controller_dag to 2022-03-31 00:00:00+00:00
[2022-04-02 16:16:49,352] {scheduler_job.py:190} INFO - Processing /home/airflow/sandbox/lib/python3.8/site-packages/airflow/example_dags/example_trigger_controller_dag.py took 0.089 seconds
[2022-04-02 16:17:26,930] {scheduler_job.py:182} INFO - Started process (PID=3332) to work on /home/airflow/sandbox/lib/python3.8/site-packages/airflow/example_dags/example_trigger_controller_dag.py
[2022-04-02 16:17:26,933] {scheduler_job.py:633} INFO - Processing file /home/airflow/sandbox/lib/python3.8/site-packages/airflow/example_dags/example_trigger_controller_dag.py for tasks to queue
[2022-04-02 16:17:26,935] {logging_mixin.py:104} INFO - [2022-04-02 16:17:26,935] {dagbag.py:487} INFO - Filling up the DagBag from /home/airflow/sandbox/lib/python3.8/site-packages/airflow/example_dags/example_trigger_controller_dag.py
[2022-04-02 16:17:26,948] {scheduler_job.py:643} INFO - DAG(s) dict_keys(['example_trigger_controller_dag']) retrieved from /home/airflow/sandbox/lib/python3.8/site-packages/airflow/example_dags/example_trigger_controller_dag.py
[2022-04-02 16:17:26,971] {logging_mixin.py:104} INFO - [2022-04-02 16:17:26,971] {dag.py:1832} INFO - Sync 1 DAGs
[2022-04-02 16:17:26,992] {logging_mixin.py:104} INFO - [2022-04-02 16:17:26,992] {dag.py:2305} INFO - Setting next_dagrun for example_trigger_controller_dag to 2022-03-31 00:00:00+00:00
[2022-04-02 16:17:27,023] {scheduler_job.py:190} INFO - Processing /home/airflow/sandbox/lib/python3.8/site-packages/airflow/example_dags/example_trigger_controller_dag.py took 0.098 seconds
[2022-04-02 16:18:10,256] {scheduler_job.py:182} INFO - Started process (PID=3427) to work on /home/airflow/sandbox/lib/python3.8/site-packages/airflow/example_dags/example_trigger_controller_dag.py
[2022-04-02 16:18:10,258] {scheduler_job.py:633} INFO - Processing file /home/airflow/sandbox/lib/python3.8/site-packages/airflow/example_dags/example_trigger_controller_dag.py for tasks to queue
[2022-04-02 16:18:10,259] {logging_mixin.py:104} INFO - [2022-04-02 16:18:10,259] {dagbag.py:487} INFO - Filling up the DagBag from /home/airflow/sandbox/lib/python3.8/site-packages/airflow/example_dags/example_trigger_controller_dag.py
[2022-04-02 16:18:10,274] {scheduler_job.py:643} INFO - DAG(s) dict_keys(['example_trigger_controller_dag']) retrieved from /home/airflow/sandbox/lib/python3.8/site-packages/airflow/example_dags/example_trigger_controller_dag.py
[2022-04-02 16:18:10,328] {logging_mixin.py:104} INFO - [2022-04-02 16:18:10,328] {dag.py:1832} INFO - Sync 1 DAGs
[2022-04-02 16:18:10,349] {logging_mixin.py:104} INFO - [2022-04-02 16:18:10,349] {dag.py:2305} INFO - Setting next_dagrun for example_trigger_controller_dag to 2022-03-31 00:00:00+00:00
[2022-04-02 16:18:10,381] {scheduler_job.py:190} INFO - Processing /home/airflow/sandbox/lib/python3.8/site-packages/airflow/example_dags/example_trigger_controller_dag.py took 0.130 seconds
[2022-04-02 16:18:47,804] {scheduler_job.py:182} INFO - Started process (PID=3458) to work on /home/airflow/sandbox/lib/python3.8/site-packages/airflow/example_dags/example_trigger_controller_dag.py
[2022-04-02 16:18:47,808] {scheduler_job.py:633} INFO - Processing file /home/airflow/sandbox/lib/python3.8/site-packages/airflow/example_dags/example_trigger_controller_dag.py for tasks to queue
[2022-04-02 16:18:47,809] {logging_mixin.py:104} INFO - [2022-04-02 16:18:47,809] {dagbag.py:487} INFO - Filling up the DagBag from /home/airflow/sandbox/lib/python3.8/site-packages/airflow/example_dags/example_trigger_controller_dag.py
[2022-04-02 16:18:47,829] {scheduler_job.py:643} INFO - DAG(s) dict_keys(['example_trigger_controller_dag']) retrieved from /home/airflow/sandbox/lib/python3.8/site-packages/airflow/example_dags/example_trigger_controller_dag.py
[2022-04-02 16:18:47,858] {logging_mixin.py:104} INFO - [2022-04-02 16:18:47,858] {dag.py:1832} INFO - Sync 1 DAGs
[2022-04-02 16:18:47,887] {logging_mixin.py:104} INFO - [2022-04-02 16:18:47,887] {dag.py:2305} INFO - Setting next_dagrun for example_trigger_controller_dag to 2022-03-31 00:00:00+00:00
[2022-04-02 16:18:47,915] {scheduler_job.py:190} INFO - Processing /home/airflow/sandbox/lib/python3.8/site-packages/airflow/example_dags/example_trigger_controller_dag.py took 0.116 seconds
[2022-04-02 16:19:25,117] {scheduler_job.py:182} INFO - Started process (PID=3489) to work on /home/airflow/sandbox/lib/python3.8/site-packages/airflow/example_dags/example_trigger_controller_dag.py
[2022-04-02 16:19:25,118] {scheduler_job.py:633} INFO - Processing file /home/airflow/sandbox/lib/python3.8/site-packages/airflow/example_dags/example_trigger_controller_dag.py for tasks to queue
[2022-04-02 16:19:25,119] {logging_mixin.py:104} INFO - [2022-04-02 16:19:25,119] {dagbag.py:487} INFO - Filling up the DagBag from /home/airflow/sandbox/lib/python3.8/site-packages/airflow/example_dags/example_trigger_controller_dag.py
[2022-04-02 16:19:25,130] {scheduler_job.py:643} INFO - DAG(s) dict_keys(['example_trigger_controller_dag']) retrieved from /home/airflow/sandbox/lib/python3.8/site-packages/airflow/example_dags/example_trigger_controller_dag.py
[2022-04-02 16:19:25,154] {logging_mixin.py:104} INFO - [2022-04-02 16:19:25,154] {dag.py:1832} INFO - Sync 1 DAGs
[2022-04-02 16:19:25,170] {logging_mixin.py:104} INFO - [2022-04-02 16:19:25,170] {dag.py:2305} INFO - Setting next_dagrun for example_trigger_controller_dag to 2022-03-31 00:00:00+00:00
[2022-04-02 16:19:25,193] {scheduler_job.py:190} INFO - Processing /home/airflow/sandbox/lib/python3.8/site-packages/airflow/example_dags/example_trigger_controller_dag.py took 0.079 seconds
[2022-04-02 16:20:10,438] {scheduler_job.py:182} INFO - Started process (PID=3624) to work on /home/airflow/sandbox/lib/python3.8/site-packages/airflow/example_dags/example_trigger_controller_dag.py
[2022-04-02 16:20:10,439] {scheduler_job.py:633} INFO - Processing file /home/airflow/sandbox/lib/python3.8/site-packages/airflow/example_dags/example_trigger_controller_dag.py for tasks to queue
[2022-04-02 16:20:10,440] {logging_mixin.py:104} INFO - [2022-04-02 16:20:10,440] {dagbag.py:487} INFO - Filling up the DagBag from /home/airflow/sandbox/lib/python3.8/site-packages/airflow/example_dags/example_trigger_controller_dag.py
[2022-04-02 16:20:10,453] {scheduler_job.py:643} INFO - DAG(s) dict_keys(['example_trigger_controller_dag']) retrieved from /home/airflow/sandbox/lib/python3.8/site-packages/airflow/example_dags/example_trigger_controller_dag.py
[2022-04-02 16:20:10,484] {logging_mixin.py:104} INFO - [2022-04-02 16:20:10,483] {dag.py:1832} INFO - Sync 1 DAGs
[2022-04-02 16:20:10,496] {logging_mixin.py:104} INFO - [2022-04-02 16:20:10,495] {dag.py:2305} INFO - Setting next_dagrun for example_trigger_controller_dag to 2022-03-31 00:00:00+00:00
[2022-04-02 16:20:10,521] {scheduler_job.py:190} INFO - Processing /home/airflow/sandbox/lib/python3.8/site-packages/airflow/example_dags/example_trigger_controller_dag.py took 0.089 seconds
[2022-04-02 16:20:53,513] {scheduler_job.py:182} INFO - Started process (PID=3659) to work on /home/airflow/sandbox/lib/python3.8/site-packages/airflow/example_dags/example_trigger_controller_dag.py
[2022-04-02 16:20:53,518] {scheduler_job.py:633} INFO - Processing file /home/airflow/sandbox/lib/python3.8/site-packages/airflow/example_dags/example_trigger_controller_dag.py for tasks to queue
[2022-04-02 16:20:53,520] {logging_mixin.py:104} INFO - [2022-04-02 16:20:53,519] {dagbag.py:487} INFO - Filling up the DagBag from /home/airflow/sandbox/lib/python3.8/site-packages/airflow/example_dags/example_trigger_controller_dag.py
[2022-04-02 16:20:53,542] {scheduler_job.py:643} INFO - DAG(s) dict_keys(['example_trigger_controller_dag']) retrieved from /home/airflow/sandbox/lib/python3.8/site-packages/airflow/example_dags/example_trigger_controller_dag.py
[2022-04-02 16:20:53,571] {logging_mixin.py:104} INFO - [2022-04-02 16:20:53,570] {dag.py:1832} INFO - Sync 1 DAGs
[2022-04-02 16:20:53,582] {logging_mixin.py:104} INFO - [2022-04-02 16:20:53,582] {dag.py:2305} INFO - Setting next_dagrun for example_trigger_controller_dag to 2022-03-31 00:00:00+00:00
[2022-04-02 16:20:53,618] {scheduler_job.py:190} INFO - Processing /home/airflow/sandbox/lib/python3.8/site-packages/airflow/example_dags/example_trigger_controller_dag.py took 0.112 seconds
[2022-04-02 16:21:29,519] {scheduler_job.py:182} INFO - Started process (PID=3690) to work on /home/airflow/sandbox/lib/python3.8/site-packages/airflow/example_dags/example_trigger_controller_dag.py
[2022-04-02 16:21:29,521] {scheduler_job.py:633} INFO - Processing file /home/airflow/sandbox/lib/python3.8/site-packages/airflow/example_dags/example_trigger_controller_dag.py for tasks to queue
[2022-04-02 16:21:29,522] {logging_mixin.py:104} INFO - [2022-04-02 16:21:29,522] {dagbag.py:487} INFO - Filling up the DagBag from /home/airflow/sandbox/lib/python3.8/site-packages/airflow/example_dags/example_trigger_controller_dag.py
[2022-04-02 16:21:29,535] {scheduler_job.py:643} INFO - DAG(s) dict_keys(['example_trigger_controller_dag']) retrieved from /home/airflow/sandbox/lib/python3.8/site-packages/airflow/example_dags/example_trigger_controller_dag.py
[2022-04-02 16:21:29,549] {logging_mixin.py:104} INFO - [2022-04-02 16:21:29,549] {dag.py:1832} INFO - Sync 1 DAGs
[2022-04-02 16:21:29,572] {logging_mixin.py:104} INFO - [2022-04-02 16:21:29,572] {dag.py:2305} INFO - Setting next_dagrun for example_trigger_controller_dag to 2022-03-31 00:00:00+00:00
[2022-04-02 16:21:29,603] {scheduler_job.py:190} INFO - Processing /home/airflow/sandbox/lib/python3.8/site-packages/airflow/example_dags/example_trigger_controller_dag.py took 0.090 seconds
[2022-04-02 16:22:11,333] {scheduler_job.py:182} INFO - Started process (PID=3726) to work on /home/airflow/sandbox/lib/python3.8/site-packages/airflow/example_dags/example_trigger_controller_dag.py
[2022-04-02 16:22:11,334] {scheduler_job.py:633} INFO - Processing file /home/airflow/sandbox/lib/python3.8/site-packages/airflow/example_dags/example_trigger_controller_dag.py for tasks to queue
[2022-04-02 16:22:11,335] {logging_mixin.py:104} INFO - [2022-04-02 16:22:11,335] {dagbag.py:487} INFO - Filling up the DagBag from /home/airflow/sandbox/lib/python3.8/site-packages/airflow/example_dags/example_trigger_controller_dag.py
[2022-04-02 16:22:11,356] {scheduler_job.py:643} INFO - DAG(s) dict_keys(['example_trigger_controller_dag']) retrieved from /home/airflow/sandbox/lib/python3.8/site-packages/airflow/example_dags/example_trigger_controller_dag.py
[2022-04-02 16:22:11,380] {logging_mixin.py:104} INFO - [2022-04-02 16:22:11,380] {dag.py:1832} INFO - Sync 1 DAGs
[2022-04-02 16:22:11,407] {logging_mixin.py:104} INFO - [2022-04-02 16:22:11,407] {dag.py:2305} INFO - Setting next_dagrun for example_trigger_controller_dag to 2022-03-31 00:00:00+00:00
[2022-04-02 16:22:11,438] {scheduler_job.py:190} INFO - Processing /home/airflow/sandbox/lib/python3.8/site-packages/airflow/example_dags/example_trigger_controller_dag.py took 0.112 seconds
[2022-04-02 16:22:50,845] {scheduler_job.py:182} INFO - Started process (PID=3758) to work on /home/airflow/sandbox/lib/python3.8/site-packages/airflow/example_dags/example_trigger_controller_dag.py
[2022-04-02 16:22:50,847] {scheduler_job.py:633} INFO - Processing file /home/airflow/sandbox/lib/python3.8/site-packages/airflow/example_dags/example_trigger_controller_dag.py for tasks to queue
[2022-04-02 16:22:50,849] {logging_mixin.py:104} INFO - [2022-04-02 16:22:50,848] {dagbag.py:487} INFO - Filling up the DagBag from /home/airflow/sandbox/lib/python3.8/site-packages/airflow/example_dags/example_trigger_controller_dag.py
[2022-04-02 16:22:50,872] {scheduler_job.py:643} INFO - DAG(s) dict_keys(['example_trigger_controller_dag']) retrieved from /home/airflow/sandbox/lib/python3.8/site-packages/airflow/example_dags/example_trigger_controller_dag.py
[2022-04-02 16:22:50,901] {logging_mixin.py:104} INFO - [2022-04-02 16:22:50,900] {dag.py:1832} INFO - Sync 1 DAGs
[2022-04-02 16:22:50,928] {logging_mixin.py:104} INFO - [2022-04-02 16:22:50,927] {dag.py:2305} INFO - Setting next_dagrun for example_trigger_controller_dag to 2022-03-31 00:00:00+00:00
[2022-04-02 16:22:50,963] {scheduler_job.py:190} INFO - Processing /home/airflow/sandbox/lib/python3.8/site-packages/airflow/example_dags/example_trigger_controller_dag.py took 0.123 seconds
[2022-04-02 16:23:31,499] {scheduler_job.py:182} INFO - Started process (PID=3836) to work on /home/airflow/sandbox/lib/python3.8/site-packages/airflow/example_dags/example_trigger_controller_dag.py
[2022-04-02 16:23:31,501] {scheduler_job.py:633} INFO - Processing file /home/airflow/sandbox/lib/python3.8/site-packages/airflow/example_dags/example_trigger_controller_dag.py for tasks to queue
[2022-04-02 16:23:31,503] {logging_mixin.py:104} INFO - [2022-04-02 16:23:31,503] {dagbag.py:487} INFO - Filling up the DagBag from /home/airflow/sandbox/lib/python3.8/site-packages/airflow/example_dags/example_trigger_controller_dag.py
[2022-04-02 16:23:31,521] {scheduler_job.py:643} INFO - DAG(s) dict_keys(['example_trigger_controller_dag']) retrieved from /home/airflow/sandbox/lib/python3.8/site-packages/airflow/example_dags/example_trigger_controller_dag.py
[2022-04-02 16:23:31,542] {logging_mixin.py:104} INFO - [2022-04-02 16:23:31,542] {dag.py:1832} INFO - Sync 1 DAGs
[2022-04-02 16:23:31,561] {logging_mixin.py:104} INFO - [2022-04-02 16:23:31,561] {dag.py:2305} INFO - Setting next_dagrun for example_trigger_controller_dag to 2022-03-31 00:00:00+00:00
[2022-04-02 16:23:31,591] {scheduler_job.py:190} INFO - Processing /home/airflow/sandbox/lib/python3.8/site-packages/airflow/example_dags/example_trigger_controller_dag.py took 0.097 seconds
[2022-04-02 16:24:11,838] {scheduler_job.py:182} INFO - Started process (PID=3869) to work on /home/airflow/sandbox/lib/python3.8/site-packages/airflow/example_dags/example_trigger_controller_dag.py
[2022-04-02 16:24:11,840] {scheduler_job.py:633} INFO - Processing file /home/airflow/sandbox/lib/python3.8/site-packages/airflow/example_dags/example_trigger_controller_dag.py for tasks to queue
[2022-04-02 16:24:11,841] {logging_mixin.py:104} INFO - [2022-04-02 16:24:11,841] {dagbag.py:487} INFO - Filling up the DagBag from /home/airflow/sandbox/lib/python3.8/site-packages/airflow/example_dags/example_trigger_controller_dag.py
[2022-04-02 16:24:11,861] {scheduler_job.py:643} INFO - DAG(s) dict_keys(['example_trigger_controller_dag']) retrieved from /home/airflow/sandbox/lib/python3.8/site-packages/airflow/example_dags/example_trigger_controller_dag.py
[2022-04-02 16:24:11,885] {logging_mixin.py:104} INFO - [2022-04-02 16:24:11,885] {dag.py:1832} INFO - Sync 1 DAGs
[2022-04-02 16:24:11,908] {logging_mixin.py:104} INFO - [2022-04-02 16:24:11,907] {dag.py:2305} INFO - Setting next_dagrun for example_trigger_controller_dag to 2022-03-31 00:00:00+00:00
[2022-04-02 16:24:11,935] {scheduler_job.py:190} INFO - Processing /home/airflow/sandbox/lib/python3.8/site-packages/airflow/example_dags/example_trigger_controller_dag.py took 0.104 seconds
[2022-04-02 16:24:53,877] {scheduler_job.py:182} INFO - Started process (PID=3904) to work on /home/airflow/sandbox/lib/python3.8/site-packages/airflow/example_dags/example_trigger_controller_dag.py
[2022-04-02 16:24:53,878] {scheduler_job.py:633} INFO - Processing file /home/airflow/sandbox/lib/python3.8/site-packages/airflow/example_dags/example_trigger_controller_dag.py for tasks to queue
[2022-04-02 16:24:53,879] {logging_mixin.py:104} INFO - [2022-04-02 16:24:53,879] {dagbag.py:487} INFO - Filling up the DagBag from /home/airflow/sandbox/lib/python3.8/site-packages/airflow/example_dags/example_trigger_controller_dag.py
[2022-04-02 16:24:53,900] {scheduler_job.py:643} INFO - DAG(s) dict_keys(['example_trigger_controller_dag']) retrieved from /home/airflow/sandbox/lib/python3.8/site-packages/airflow/example_dags/example_trigger_controller_dag.py
[2022-04-02 16:24:53,926] {logging_mixin.py:104} INFO - [2022-04-02 16:24:53,926] {dag.py:1832} INFO - Sync 1 DAGs
[2022-04-02 16:24:53,959] {logging_mixin.py:104} INFO - [2022-04-02 16:24:53,958] {dag.py:2305} INFO - Setting next_dagrun for example_trigger_controller_dag to 2022-03-31 00:00:00+00:00
[2022-04-02 16:24:53,990] {scheduler_job.py:190} INFO - Processing /home/airflow/sandbox/lib/python3.8/site-packages/airflow/example_dags/example_trigger_controller_dag.py took 0.122 seconds
[2022-04-02 16:25:34,103] {scheduler_job.py:182} INFO - Started process (PID=3936) to work on /home/airflow/sandbox/lib/python3.8/site-packages/airflow/example_dags/example_trigger_controller_dag.py
[2022-04-02 16:25:34,107] {scheduler_job.py:633} INFO - Processing file /home/airflow/sandbox/lib/python3.8/site-packages/airflow/example_dags/example_trigger_controller_dag.py for tasks to queue
[2022-04-02 16:25:34,109] {logging_mixin.py:104} INFO - [2022-04-02 16:25:34,108] {dagbag.py:487} INFO - Filling up the DagBag from /home/airflow/sandbox/lib/python3.8/site-packages/airflow/example_dags/example_trigger_controller_dag.py
[2022-04-02 16:25:34,128] {scheduler_job.py:643} INFO - DAG(s) dict_keys(['example_trigger_controller_dag']) retrieved from /home/airflow/sandbox/lib/python3.8/site-packages/airflow/example_dags/example_trigger_controller_dag.py
[2022-04-02 16:25:34,150] {logging_mixin.py:104} INFO - [2022-04-02 16:25:34,150] {dag.py:1832} INFO - Sync 1 DAGs
[2022-04-02 16:25:34,163] {logging_mixin.py:104} INFO - [2022-04-02 16:25:34,163] {dag.py:2305} INFO - Setting next_dagrun for example_trigger_controller_dag to 2022-03-31 00:00:00+00:00
[2022-04-02 16:25:34,182] {scheduler_job.py:190} INFO - Processing /home/airflow/sandbox/lib/python3.8/site-packages/airflow/example_dags/example_trigger_controller_dag.py took 0.085 seconds
[2022-04-02 16:26:11,735] {scheduler_job.py:182} INFO - Started process (PID=3967) to work on /home/airflow/sandbox/lib/python3.8/site-packages/airflow/example_dags/example_trigger_controller_dag.py
[2022-04-02 16:26:11,737] {scheduler_job.py:633} INFO - Processing file /home/airflow/sandbox/lib/python3.8/site-packages/airflow/example_dags/example_trigger_controller_dag.py for tasks to queue
[2022-04-02 16:26:11,738] {logging_mixin.py:104} INFO - [2022-04-02 16:26:11,738] {dagbag.py:487} INFO - Filling up the DagBag from /home/airflow/sandbox/lib/python3.8/site-packages/airflow/example_dags/example_trigger_controller_dag.py
[2022-04-02 16:26:11,754] {scheduler_job.py:643} INFO - DAG(s) dict_keys(['example_trigger_controller_dag']) retrieved from /home/airflow/sandbox/lib/python3.8/site-packages/airflow/example_dags/example_trigger_controller_dag.py
[2022-04-02 16:26:11,782] {logging_mixin.py:104} INFO - [2022-04-02 16:26:11,781] {dag.py:1832} INFO - Sync 1 DAGs
[2022-04-02 16:26:11,794] {logging_mixin.py:104} INFO - [2022-04-02 16:26:11,794] {dag.py:2305} INFO - Setting next_dagrun for example_trigger_controller_dag to 2022-03-31 00:00:00+00:00
[2022-04-02 16:26:11,816] {scheduler_job.py:190} INFO - Processing /home/airflow/sandbox/lib/python3.8/site-packages/airflow/example_dags/example_trigger_controller_dag.py took 0.090 seconds
[2022-04-02 16:26:56,010] {scheduler_job.py:182} INFO - Started process (PID=4004) to work on /home/airflow/sandbox/lib/python3.8/site-packages/airflow/example_dags/example_trigger_controller_dag.py
[2022-04-02 16:26:56,012] {scheduler_job.py:633} INFO - Processing file /home/airflow/sandbox/lib/python3.8/site-packages/airflow/example_dags/example_trigger_controller_dag.py for tasks to queue
[2022-04-02 16:26:56,013] {logging_mixin.py:104} INFO - [2022-04-02 16:26:56,012] {dagbag.py:487} INFO - Filling up the DagBag from /home/airflow/sandbox/lib/python3.8/site-packages/airflow/example_dags/example_trigger_controller_dag.py
[2022-04-02 16:26:56,027] {scheduler_job.py:643} INFO - DAG(s) dict_keys(['example_trigger_controller_dag']) retrieved from /home/airflow/sandbox/lib/python3.8/site-packages/airflow/example_dags/example_trigger_controller_dag.py
[2022-04-02 16:26:56,053] {logging_mixin.py:104} INFO - [2022-04-02 16:26:56,053] {dag.py:1832} INFO - Sync 1 DAGs
[2022-04-02 16:26:56,074] {logging_mixin.py:104} INFO - [2022-04-02 16:26:56,074] {dag.py:2305} INFO - Setting next_dagrun for example_trigger_controller_dag to 2022-03-31 00:00:00+00:00
[2022-04-02 16:26:56,110] {scheduler_job.py:190} INFO - Processing /home/airflow/sandbox/lib/python3.8/site-packages/airflow/example_dags/example_trigger_controller_dag.py took 0.107 seconds
