[2022-04-02 16:13:57,465] {scheduler_job.py:182} INFO - Started process (PID=3139) to work on /home/airflow/sandbox/lib/python3.8/site-packages/airflow/example_dags/example_xcomargs.py
[2022-04-02 16:13:57,467] {scheduler_job.py:633} INFO - Processing file /home/airflow/sandbox/lib/python3.8/site-packages/airflow/example_dags/example_xcomargs.py for tasks to queue
[2022-04-02 16:13:57,468] {logging_mixin.py:104} INFO - [2022-04-02 16:13:57,468] {dagbag.py:487} INFO - Filling up the DagBag from /home/airflow/sandbox/lib/python3.8/site-packages/airflow/example_dags/example_xcomargs.py
[2022-04-02 16:13:57,501] {scheduler_job.py:643} INFO - DAG(s) dict_keys(['example_xcom_args', 'example_xcom_args_with_operators']) retrieved from /home/airflow/sandbox/lib/python3.8/site-packages/airflow/example_dags/example_xcomargs.py
[2022-04-02 16:13:57,997] {logging_mixin.py:104} INFO - [2022-04-02 16:13:57,997] {dag.py:1832} INFO - Sync 2 DAGs
[2022-04-02 16:13:58,020] {logging_mixin.py:104} INFO - [2022-04-02 16:13:58,020] {dag.py:2305} INFO - Setting next_dagrun for example_xcom_args to None
[2022-04-02 16:13:58,022] {logging_mixin.py:104} INFO - [2022-04-02 16:13:58,022] {dag.py:2305} INFO - Setting next_dagrun for example_xcom_args_with_operators to None
[2022-04-02 16:13:58,059] {scheduler_job.py:190} INFO - Processing /home/airflow/sandbox/lib/python3.8/site-packages/airflow/example_dags/example_xcomargs.py took 0.599 seconds
[2022-04-02 16:14:40,497] {scheduler_job.py:182} INFO - Started process (PID=3182) to work on /home/airflow/sandbox/lib/python3.8/site-packages/airflow/example_dags/example_xcomargs.py
[2022-04-02 16:14:40,500] {scheduler_job.py:633} INFO - Processing file /home/airflow/sandbox/lib/python3.8/site-packages/airflow/example_dags/example_xcomargs.py for tasks to queue
[2022-04-02 16:14:40,502] {logging_mixin.py:104} INFO - [2022-04-02 16:14:40,502] {dagbag.py:487} INFO - Filling up the DagBag from /home/airflow/sandbox/lib/python3.8/site-packages/airflow/example_dags/example_xcomargs.py
[2022-04-02 16:14:40,546] {scheduler_job.py:643} INFO - DAG(s) dict_keys(['example_xcom_args', 'example_xcom_args_with_operators']) retrieved from /home/airflow/sandbox/lib/python3.8/site-packages/airflow/example_dags/example_xcomargs.py
[2022-04-02 16:14:40,947] {logging_mixin.py:104} INFO - [2022-04-02 16:14:40,946] {dag.py:1832} INFO - Sync 2 DAGs
[2022-04-02 16:14:40,966] {logging_mixin.py:104} INFO - [2022-04-02 16:14:40,966] {dag.py:2305} INFO - Setting next_dagrun for example_xcom_args to None
[2022-04-02 16:14:40,968] {logging_mixin.py:104} INFO - [2022-04-02 16:14:40,968] {dag.py:2305} INFO - Setting next_dagrun for example_xcom_args_with_operators to None
[2022-04-02 16:14:40,998] {scheduler_job.py:190} INFO - Processing /home/airflow/sandbox/lib/python3.8/site-packages/airflow/example_dags/example_xcomargs.py took 0.511 seconds
[2022-04-02 16:15:20,741] {scheduler_job.py:182} INFO - Started process (PID=3214) to work on /home/airflow/sandbox/lib/python3.8/site-packages/airflow/example_dags/example_xcomargs.py
[2022-04-02 16:15:20,743] {scheduler_job.py:633} INFO - Processing file /home/airflow/sandbox/lib/python3.8/site-packages/airflow/example_dags/example_xcomargs.py for tasks to queue
[2022-04-02 16:15:20,744] {logging_mixin.py:104} INFO - [2022-04-02 16:15:20,744] {dagbag.py:487} INFO - Filling up the DagBag from /home/airflow/sandbox/lib/python3.8/site-packages/airflow/example_dags/example_xcomargs.py
[2022-04-02 16:15:20,762] {scheduler_job.py:643} INFO - DAG(s) dict_keys(['example_xcom_args', 'example_xcom_args_with_operators']) retrieved from /home/airflow/sandbox/lib/python3.8/site-packages/airflow/example_dags/example_xcomargs.py
[2022-04-02 16:15:21,210] {logging_mixin.py:104} INFO - [2022-04-02 16:15:21,210] {dag.py:1832} INFO - Sync 2 DAGs
[2022-04-02 16:15:21,220] {logging_mixin.py:104} INFO - [2022-04-02 16:15:21,220] {dag.py:2305} INFO - Setting next_dagrun for example_xcom_args to None
[2022-04-02 16:15:21,221] {logging_mixin.py:104} INFO - [2022-04-02 16:15:21,221] {dag.py:2305} INFO - Setting next_dagrun for example_xcom_args_with_operators to None
[2022-04-02 16:15:21,243] {scheduler_job.py:190} INFO - Processing /home/airflow/sandbox/lib/python3.8/site-packages/airflow/example_dags/example_xcomargs.py took 0.511 seconds
[2022-04-02 16:15:57,500] {scheduler_job.py:182} INFO - Started process (PID=3245) to work on /home/airflow/sandbox/lib/python3.8/site-packages/airflow/example_dags/example_xcomargs.py
[2022-04-02 16:15:57,501] {scheduler_job.py:633} INFO - Processing file /home/airflow/sandbox/lib/python3.8/site-packages/airflow/example_dags/example_xcomargs.py for tasks to queue
[2022-04-02 16:15:57,502] {logging_mixin.py:104} INFO - [2022-04-02 16:15:57,502] {dagbag.py:487} INFO - Filling up the DagBag from /home/airflow/sandbox/lib/python3.8/site-packages/airflow/example_dags/example_xcomargs.py
[2022-04-02 16:15:57,520] {scheduler_job.py:643} INFO - DAG(s) dict_keys(['example_xcom_args', 'example_xcom_args_with_operators']) retrieved from /home/airflow/sandbox/lib/python3.8/site-packages/airflow/example_dags/example_xcomargs.py
[2022-04-02 16:15:57,923] {logging_mixin.py:104} INFO - [2022-04-02 16:15:57,923] {dag.py:1832} INFO - Sync 2 DAGs
[2022-04-02 16:15:57,939] {logging_mixin.py:104} INFO - [2022-04-02 16:15:57,939] {dag.py:2305} INFO - Setting next_dagrun for example_xcom_args to None
[2022-04-02 16:15:57,941] {logging_mixin.py:104} INFO - [2022-04-02 16:15:57,941] {dag.py:2305} INFO - Setting next_dagrun for example_xcom_args_with_operators to None
[2022-04-02 16:15:57,973] {scheduler_job.py:190} INFO - Processing /home/airflow/sandbox/lib/python3.8/site-packages/airflow/example_dags/example_xcomargs.py took 0.479 seconds
[2022-04-02 16:16:35,444] {scheduler_job.py:182} INFO - Started process (PID=3276) to work on /home/airflow/sandbox/lib/python3.8/site-packages/airflow/example_dags/example_xcomargs.py
[2022-04-02 16:16:35,447] {scheduler_job.py:633} INFO - Processing file /home/airflow/sandbox/lib/python3.8/site-packages/airflow/example_dags/example_xcomargs.py for tasks to queue
[2022-04-02 16:16:35,448] {logging_mixin.py:104} INFO - [2022-04-02 16:16:35,448] {dagbag.py:487} INFO - Filling up the DagBag from /home/airflow/sandbox/lib/python3.8/site-packages/airflow/example_dags/example_xcomargs.py
[2022-04-02 16:16:35,469] {scheduler_job.py:643} INFO - DAG(s) dict_keys(['example_xcom_args', 'example_xcom_args_with_operators']) retrieved from /home/airflow/sandbox/lib/python3.8/site-packages/airflow/example_dags/example_xcomargs.py
[2022-04-02 16:16:35,841] {logging_mixin.py:104} INFO - [2022-04-02 16:16:35,841] {dag.py:1832} INFO - Sync 2 DAGs
[2022-04-02 16:16:35,853] {logging_mixin.py:104} INFO - [2022-04-02 16:16:35,852] {dag.py:2305} INFO - Setting next_dagrun for example_xcom_args to None
[2022-04-02 16:16:35,854] {logging_mixin.py:104} INFO - [2022-04-02 16:16:35,854] {dag.py:2305} INFO - Setting next_dagrun for example_xcom_args_with_operators to None
[2022-04-02 16:16:35,885] {scheduler_job.py:190} INFO - Processing /home/airflow/sandbox/lib/python3.8/site-packages/airflow/example_dags/example_xcomargs.py took 0.445 seconds
[2022-04-02 16:17:13,754] {scheduler_job.py:182} INFO - Started process (PID=3319) to work on /home/airflow/sandbox/lib/python3.8/site-packages/airflow/example_dags/example_xcomargs.py
[2022-04-02 16:17:13,756] {scheduler_job.py:633} INFO - Processing file /home/airflow/sandbox/lib/python3.8/site-packages/airflow/example_dags/example_xcomargs.py for tasks to queue
[2022-04-02 16:17:13,758] {logging_mixin.py:104} INFO - [2022-04-02 16:17:13,758] {dagbag.py:487} INFO - Filling up the DagBag from /home/airflow/sandbox/lib/python3.8/site-packages/airflow/example_dags/example_xcomargs.py
[2022-04-02 16:17:13,793] {scheduler_job.py:643} INFO - DAG(s) dict_keys(['example_xcom_args', 'example_xcom_args_with_operators']) retrieved from /home/airflow/sandbox/lib/python3.8/site-packages/airflow/example_dags/example_xcomargs.py
[2022-04-02 16:17:14,237] {logging_mixin.py:104} INFO - [2022-04-02 16:17:14,237] {dag.py:1832} INFO - Sync 2 DAGs
[2022-04-02 16:17:14,257] {logging_mixin.py:104} INFO - [2022-04-02 16:17:14,257] {dag.py:2305} INFO - Setting next_dagrun for example_xcom_args to None
[2022-04-02 16:17:14,258] {logging_mixin.py:104} INFO - [2022-04-02 16:17:14,258] {dag.py:2305} INFO - Setting next_dagrun for example_xcom_args_with_operators to None
[2022-04-02 16:17:14,285] {scheduler_job.py:190} INFO - Processing /home/airflow/sandbox/lib/python3.8/site-packages/airflow/example_dags/example_xcomargs.py took 0.538 seconds
[2022-04-02 16:17:47,898] {scheduler_job.py:182} INFO - Started process (PID=3348) to work on /home/airflow/sandbox/lib/python3.8/site-packages/airflow/example_dags/example_xcomargs.py
[2022-04-02 16:17:47,900] {scheduler_job.py:633} INFO - Processing file /home/airflow/sandbox/lib/python3.8/site-packages/airflow/example_dags/example_xcomargs.py for tasks to queue
[2022-04-02 16:17:47,901] {logging_mixin.py:104} INFO - [2022-04-02 16:17:47,900] {dagbag.py:487} INFO - Filling up the DagBag from /home/airflow/sandbox/lib/python3.8/site-packages/airflow/example_dags/example_xcomargs.py
[2022-04-02 16:17:47,932] {scheduler_job.py:643} INFO - DAG(s) dict_keys(['example_xcom_args', 'example_xcom_args_with_operators']) retrieved from /home/airflow/sandbox/lib/python3.8/site-packages/airflow/example_dags/example_xcomargs.py
[2022-04-02 16:17:47,968] {logging_mixin.py:104} INFO - [2022-04-02 16:17:47,968] {dag.py:1832} INFO - Sync 2 DAGs
[2022-04-02 16:17:47,979] {logging_mixin.py:104} INFO - [2022-04-02 16:17:47,979] {dag.py:2305} INFO - Setting next_dagrun for example_xcom_args to None
[2022-04-02 16:17:47,980] {logging_mixin.py:104} INFO - [2022-04-02 16:17:47,980] {dag.py:2305} INFO - Setting next_dagrun for example_xcom_args_with_operators to None
[2022-04-02 16:17:48,004] {scheduler_job.py:190} INFO - Processing /home/airflow/sandbox/lib/python3.8/site-packages/airflow/example_dags/example_xcomargs.py took 0.112 seconds
[2022-04-02 16:18:26,136] {scheduler_job.py:182} INFO - Started process (PID=3441) to work on /home/airflow/sandbox/lib/python3.8/site-packages/airflow/example_dags/example_xcomargs.py
[2022-04-02 16:18:26,138] {scheduler_job.py:633} INFO - Processing file /home/airflow/sandbox/lib/python3.8/site-packages/airflow/example_dags/example_xcomargs.py for tasks to queue
[2022-04-02 16:18:26,140] {logging_mixin.py:104} INFO - [2022-04-02 16:18:26,139] {dagbag.py:487} INFO - Filling up the DagBag from /home/airflow/sandbox/lib/python3.8/site-packages/airflow/example_dags/example_xcomargs.py
[2022-04-02 16:18:26,174] {scheduler_job.py:643} INFO - DAG(s) dict_keys(['example_xcom_args', 'example_xcom_args_with_operators']) retrieved from /home/airflow/sandbox/lib/python3.8/site-packages/airflow/example_dags/example_xcomargs.py
[2022-04-02 16:18:26,585] {logging_mixin.py:104} INFO - [2022-04-02 16:18:26,585] {dag.py:1832} INFO - Sync 2 DAGs
[2022-04-02 16:18:26,600] {logging_mixin.py:104} INFO - [2022-04-02 16:18:26,600] {dag.py:2305} INFO - Setting next_dagrun for example_xcom_args to None
[2022-04-02 16:18:26,602] {logging_mixin.py:104} INFO - [2022-04-02 16:18:26,602] {dag.py:2305} INFO - Setting next_dagrun for example_xcom_args_with_operators to None
[2022-04-02 16:18:26,624] {scheduler_job.py:190} INFO - Processing /home/airflow/sandbox/lib/python3.8/site-packages/airflow/example_dags/example_xcomargs.py took 0.496 seconds
[2022-04-02 16:19:04,179] {scheduler_job.py:182} INFO - Started process (PID=3472) to work on /home/airflow/sandbox/lib/python3.8/site-packages/airflow/example_dags/example_xcomargs.py
[2022-04-02 16:19:04,180] {scheduler_job.py:633} INFO - Processing file /home/airflow/sandbox/lib/python3.8/site-packages/airflow/example_dags/example_xcomargs.py for tasks to queue
[2022-04-02 16:19:04,181] {logging_mixin.py:104} INFO - [2022-04-02 16:19:04,181] {dagbag.py:487} INFO - Filling up the DagBag from /home/airflow/sandbox/lib/python3.8/site-packages/airflow/example_dags/example_xcomargs.py
[2022-04-02 16:19:04,211] {scheduler_job.py:643} INFO - DAG(s) dict_keys(['example_xcom_args', 'example_xcom_args_with_operators']) retrieved from /home/airflow/sandbox/lib/python3.8/site-packages/airflow/example_dags/example_xcomargs.py
[2022-04-02 16:19:04,487] {logging_mixin.py:104} INFO - [2022-04-02 16:19:04,487] {dag.py:1832} INFO - Sync 2 DAGs
[2022-04-02 16:19:04,493] {logging_mixin.py:104} INFO - [2022-04-02 16:19:04,493] {dag.py:2305} INFO - Setting next_dagrun for example_xcom_args to None
[2022-04-02 16:19:04,494] {logging_mixin.py:104} INFO - [2022-04-02 16:19:04,494] {dag.py:2305} INFO - Setting next_dagrun for example_xcom_args_with_operators to None
[2022-04-02 16:19:04,519] {scheduler_job.py:190} INFO - Processing /home/airflow/sandbox/lib/python3.8/site-packages/airflow/example_dags/example_xcomargs.py took 0.349 seconds
[2022-04-02 16:19:43,518] {scheduler_job.py:182} INFO - Started process (PID=3603) to work on /home/airflow/sandbox/lib/python3.8/site-packages/airflow/example_dags/example_xcomargs.py
[2022-04-02 16:19:43,523] {scheduler_job.py:633} INFO - Processing file /home/airflow/sandbox/lib/python3.8/site-packages/airflow/example_dags/example_xcomargs.py for tasks to queue
[2022-04-02 16:19:43,525] {logging_mixin.py:104} INFO - [2022-04-02 16:19:43,525] {dagbag.py:487} INFO - Filling up the DagBag from /home/airflow/sandbox/lib/python3.8/site-packages/airflow/example_dags/example_xcomargs.py
[2022-04-02 16:19:43,559] {scheduler_job.py:643} INFO - DAG(s) dict_keys(['example_xcom_args', 'example_xcom_args_with_operators']) retrieved from /home/airflow/sandbox/lib/python3.8/site-packages/airflow/example_dags/example_xcomargs.py
[2022-04-02 16:19:43,982] {logging_mixin.py:104} INFO - [2022-04-02 16:19:43,982] {dag.py:1832} INFO - Sync 2 DAGs
[2022-04-02 16:19:44,004] {logging_mixin.py:104} INFO - [2022-04-02 16:19:44,004] {dag.py:2305} INFO - Setting next_dagrun for example_xcom_args to None
[2022-04-02 16:19:44,005] {logging_mixin.py:104} INFO - [2022-04-02 16:19:44,005] {dag.py:2305} INFO - Setting next_dagrun for example_xcom_args_with_operators to None
[2022-04-02 16:19:44,040] {scheduler_job.py:190} INFO - Processing /home/airflow/sandbox/lib/python3.8/site-packages/airflow/example_dags/example_xcomargs.py took 0.530 seconds
[2022-04-02 16:20:21,477] {scheduler_job.py:182} INFO - Started process (PID=3634) to work on /home/airflow/sandbox/lib/python3.8/site-packages/airflow/example_dags/example_xcomargs.py
[2022-04-02 16:20:21,480] {scheduler_job.py:633} INFO - Processing file /home/airflow/sandbox/lib/python3.8/site-packages/airflow/example_dags/example_xcomargs.py for tasks to queue
[2022-04-02 16:20:21,481] {logging_mixin.py:104} INFO - [2022-04-02 16:20:21,481] {dagbag.py:487} INFO - Filling up the DagBag from /home/airflow/sandbox/lib/python3.8/site-packages/airflow/example_dags/example_xcomargs.py
[2022-04-02 16:20:21,506] {scheduler_job.py:643} INFO - DAG(s) dict_keys(['example_xcom_args', 'example_xcom_args_with_operators']) retrieved from /home/airflow/sandbox/lib/python3.8/site-packages/airflow/example_dags/example_xcomargs.py
[2022-04-02 16:20:22,033] {logging_mixin.py:104} INFO - [2022-04-02 16:20:22,033] {dag.py:1832} INFO - Sync 2 DAGs
[2022-04-02 16:20:22,053] {logging_mixin.py:104} INFO - [2022-04-02 16:20:22,053] {dag.py:2305} INFO - Setting next_dagrun for example_xcom_args to None
[2022-04-02 16:20:22,055] {logging_mixin.py:104} INFO - [2022-04-02 16:20:22,055] {dag.py:2305} INFO - Setting next_dagrun for example_xcom_args_with_operators to None
[2022-04-02 16:20:22,092] {scheduler_job.py:190} INFO - Processing /home/airflow/sandbox/lib/python3.8/site-packages/airflow/example_dags/example_xcomargs.py took 0.625 seconds
[2022-04-02 16:21:03,348] {scheduler_job.py:182} INFO - Started process (PID=3668) to work on /home/airflow/sandbox/lib/python3.8/site-packages/airflow/example_dags/example_xcomargs.py
[2022-04-02 16:21:03,349] {scheduler_job.py:633} INFO - Processing file /home/airflow/sandbox/lib/python3.8/site-packages/airflow/example_dags/example_xcomargs.py for tasks to queue
[2022-04-02 16:21:03,350] {logging_mixin.py:104} INFO - [2022-04-02 16:21:03,350] {dagbag.py:487} INFO - Filling up the DagBag from /home/airflow/sandbox/lib/python3.8/site-packages/airflow/example_dags/example_xcomargs.py
[2022-04-02 16:21:03,378] {scheduler_job.py:643} INFO - DAG(s) dict_keys(['example_xcom_args', 'example_xcom_args_with_operators']) retrieved from /home/airflow/sandbox/lib/python3.8/site-packages/airflow/example_dags/example_xcomargs.py
[2022-04-02 16:21:03,768] {logging_mixin.py:104} INFO - [2022-04-02 16:21:03,767] {dag.py:1832} INFO - Sync 2 DAGs
[2022-04-02 16:21:03,778] {logging_mixin.py:104} INFO - [2022-04-02 16:21:03,778] {dag.py:2305} INFO - Setting next_dagrun for example_xcom_args to None
[2022-04-02 16:21:03,779] {logging_mixin.py:104} INFO - [2022-04-02 16:21:03,779] {dag.py:2305} INFO - Setting next_dagrun for example_xcom_args_with_operators to None
[2022-04-02 16:21:03,813] {scheduler_job.py:190} INFO - Processing /home/airflow/sandbox/lib/python3.8/site-packages/airflow/example_dags/example_xcomargs.py took 0.468 seconds
[2022-04-02 16:21:43,633] {scheduler_job.py:182} INFO - Started process (PID=3702) to work on /home/airflow/sandbox/lib/python3.8/site-packages/airflow/example_dags/example_xcomargs.py
[2022-04-02 16:21:43,634] {scheduler_job.py:633} INFO - Processing file /home/airflow/sandbox/lib/python3.8/site-packages/airflow/example_dags/example_xcomargs.py for tasks to queue
[2022-04-02 16:21:43,635] {logging_mixin.py:104} INFO - [2022-04-02 16:21:43,635] {dagbag.py:487} INFO - Filling up the DagBag from /home/airflow/sandbox/lib/python3.8/site-packages/airflow/example_dags/example_xcomargs.py
[2022-04-02 16:21:43,667] {scheduler_job.py:643} INFO - DAG(s) dict_keys(['example_xcom_args', 'example_xcom_args_with_operators']) retrieved from /home/airflow/sandbox/lib/python3.8/site-packages/airflow/example_dags/example_xcomargs.py
[2022-04-02 16:21:44,033] {logging_mixin.py:104} INFO - [2022-04-02 16:21:44,032] {dag.py:1832} INFO - Sync 2 DAGs
[2022-04-02 16:21:44,049] {logging_mixin.py:104} INFO - [2022-04-02 16:21:44,049] {dag.py:2305} INFO - Setting next_dagrun for example_xcom_args to None
[2022-04-02 16:21:44,050] {logging_mixin.py:104} INFO - [2022-04-02 16:21:44,050] {dag.py:2305} INFO - Setting next_dagrun for example_xcom_args_with_operators to None
[2022-04-02 16:21:44,075] {scheduler_job.py:190} INFO - Processing /home/airflow/sandbox/lib/python3.8/site-packages/airflow/example_dags/example_xcomargs.py took 0.446 seconds
[2022-04-02 16:22:16,796] {scheduler_job.py:182} INFO - Started process (PID=3731) to work on /home/airflow/sandbox/lib/python3.8/site-packages/airflow/example_dags/example_xcomargs.py
[2022-04-02 16:22:16,797] {scheduler_job.py:633} INFO - Processing file /home/airflow/sandbox/lib/python3.8/site-packages/airflow/example_dags/example_xcomargs.py for tasks to queue
[2022-04-02 16:22:16,798] {logging_mixin.py:104} INFO - [2022-04-02 16:22:16,798] {dagbag.py:487} INFO - Filling up the DagBag from /home/airflow/sandbox/lib/python3.8/site-packages/airflow/example_dags/example_xcomargs.py
[2022-04-02 16:22:16,832] {scheduler_job.py:643} INFO - DAG(s) dict_keys(['example_xcom_args', 'example_xcom_args_with_operators']) retrieved from /home/airflow/sandbox/lib/python3.8/site-packages/airflow/example_dags/example_xcomargs.py
[2022-04-02 16:22:17,156] {logging_mixin.py:104} INFO - [2022-04-02 16:22:17,156] {dag.py:1832} INFO - Sync 2 DAGs
[2022-04-02 16:22:17,171] {logging_mixin.py:104} INFO - [2022-04-02 16:22:17,171] {dag.py:2305} INFO - Setting next_dagrun for example_xcom_args to None
[2022-04-02 16:22:17,173] {logging_mixin.py:104} INFO - [2022-04-02 16:22:17,173] {dag.py:2305} INFO - Setting next_dagrun for example_xcom_args_with_operators to None
[2022-04-02 16:22:17,203] {scheduler_job.py:190} INFO - Processing /home/airflow/sandbox/lib/python3.8/site-packages/airflow/example_dags/example_xcomargs.py took 0.410 seconds
[2022-04-02 16:22:54,887] {scheduler_job.py:182} INFO - Started process (PID=3761) to work on /home/airflow/sandbox/lib/python3.8/site-packages/airflow/example_dags/example_xcomargs.py
[2022-04-02 16:22:54,889] {scheduler_job.py:633} INFO - Processing file /home/airflow/sandbox/lib/python3.8/site-packages/airflow/example_dags/example_xcomargs.py for tasks to queue
[2022-04-02 16:22:54,890] {logging_mixin.py:104} INFO - [2022-04-02 16:22:54,890] {dagbag.py:487} INFO - Filling up the DagBag from /home/airflow/sandbox/lib/python3.8/site-packages/airflow/example_dags/example_xcomargs.py
[2022-04-02 16:22:54,925] {scheduler_job.py:643} INFO - DAG(s) dict_keys(['example_xcom_args', 'example_xcom_args_with_operators']) retrieved from /home/airflow/sandbox/lib/python3.8/site-packages/airflow/example_dags/example_xcomargs.py
[2022-04-02 16:22:55,322] {logging_mixin.py:104} INFO - [2022-04-02 16:22:55,322] {dag.py:1832} INFO - Sync 2 DAGs
[2022-04-02 16:22:55,334] {logging_mixin.py:104} INFO - [2022-04-02 16:22:55,334] {dag.py:2305} INFO - Setting next_dagrun for example_xcom_args to None
[2022-04-02 16:22:55,335] {logging_mixin.py:104} INFO - [2022-04-02 16:22:55,335] {dag.py:2305} INFO - Setting next_dagrun for example_xcom_args_with_operators to None
[2022-04-02 16:22:55,357] {scheduler_job.py:190} INFO - Processing /home/airflow/sandbox/lib/python3.8/site-packages/airflow/example_dags/example_xcomargs.py took 0.476 seconds
[2022-04-02 16:23:27,709] {scheduler_job.py:182} INFO - Started process (PID=3833) to work on /home/airflow/sandbox/lib/python3.8/site-packages/airflow/example_dags/example_xcomargs.py
[2022-04-02 16:23:27,710] {scheduler_job.py:633} INFO - Processing file /home/airflow/sandbox/lib/python3.8/site-packages/airflow/example_dags/example_xcomargs.py for tasks to queue
[2022-04-02 16:23:27,711] {logging_mixin.py:104} INFO - [2022-04-02 16:23:27,711] {dagbag.py:487} INFO - Filling up the DagBag from /home/airflow/sandbox/lib/python3.8/site-packages/airflow/example_dags/example_xcomargs.py
[2022-04-02 16:23:27,734] {scheduler_job.py:643} INFO - DAG(s) dict_keys(['example_xcom_args', 'example_xcom_args_with_operators']) retrieved from /home/airflow/sandbox/lib/python3.8/site-packages/airflow/example_dags/example_xcomargs.py
[2022-04-02 16:23:28,153] {logging_mixin.py:104} INFO - [2022-04-02 16:23:28,152] {dag.py:1832} INFO - Sync 2 DAGs
[2022-04-02 16:23:28,172] {logging_mixin.py:104} INFO - [2022-04-02 16:23:28,172] {dag.py:2305} INFO - Setting next_dagrun for example_xcom_args to None
[2022-04-02 16:23:28,173] {logging_mixin.py:104} INFO - [2022-04-02 16:23:28,173] {dag.py:2305} INFO - Setting next_dagrun for example_xcom_args_with_operators to None
[2022-04-02 16:23:28,200] {scheduler_job.py:190} INFO - Processing /home/airflow/sandbox/lib/python3.8/site-packages/airflow/example_dags/example_xcomargs.py took 0.495 seconds
[2022-04-02 16:24:06,531] {scheduler_job.py:182} INFO - Started process (PID=3865) to work on /home/airflow/sandbox/lib/python3.8/site-packages/airflow/example_dags/example_xcomargs.py
[2022-04-02 16:24:06,533] {scheduler_job.py:633} INFO - Processing file /home/airflow/sandbox/lib/python3.8/site-packages/airflow/example_dags/example_xcomargs.py for tasks to queue
[2022-04-02 16:24:06,535] {logging_mixin.py:104} INFO - [2022-04-02 16:24:06,534] {dagbag.py:487} INFO - Filling up the DagBag from /home/airflow/sandbox/lib/python3.8/site-packages/airflow/example_dags/example_xcomargs.py
[2022-04-02 16:24:06,570] {scheduler_job.py:643} INFO - DAG(s) dict_keys(['example_xcom_args', 'example_xcom_args_with_operators']) retrieved from /home/airflow/sandbox/lib/python3.8/site-packages/airflow/example_dags/example_xcomargs.py
[2022-04-02 16:24:07,013] {logging_mixin.py:104} INFO - [2022-04-02 16:24:07,013] {dag.py:1832} INFO - Sync 2 DAGs
[2022-04-02 16:24:07,029] {logging_mixin.py:104} INFO - [2022-04-02 16:24:07,029] {dag.py:2305} INFO - Setting next_dagrun for example_xcom_args to None
[2022-04-02 16:24:07,032] {logging_mixin.py:104} INFO - [2022-04-02 16:24:07,031] {dag.py:2305} INFO - Setting next_dagrun for example_xcom_args_with_operators to None
[2022-04-02 16:24:07,065] {scheduler_job.py:190} INFO - Processing /home/airflow/sandbox/lib/python3.8/site-packages/airflow/example_dags/example_xcomargs.py took 0.541 seconds
[2022-04-02 16:24:46,874] {scheduler_job.py:182} INFO - Started process (PID=3897) to work on /home/airflow/sandbox/lib/python3.8/site-packages/airflow/example_dags/example_xcomargs.py
[2022-04-02 16:24:46,876] {scheduler_job.py:633} INFO - Processing file /home/airflow/sandbox/lib/python3.8/site-packages/airflow/example_dags/example_xcomargs.py for tasks to queue
[2022-04-02 16:24:46,878] {logging_mixin.py:104} INFO - [2022-04-02 16:24:46,877] {dagbag.py:487} INFO - Filling up the DagBag from /home/airflow/sandbox/lib/python3.8/site-packages/airflow/example_dags/example_xcomargs.py
[2022-04-02 16:24:46,901] {scheduler_job.py:643} INFO - DAG(s) dict_keys(['example_xcom_args', 'example_xcom_args_with_operators']) retrieved from /home/airflow/sandbox/lib/python3.8/site-packages/airflow/example_dags/example_xcomargs.py
[2022-04-02 16:24:47,377] {logging_mixin.py:104} INFO - [2022-04-02 16:24:47,377] {dag.py:1832} INFO - Sync 2 DAGs
[2022-04-02 16:24:47,394] {logging_mixin.py:104} INFO - [2022-04-02 16:24:47,393] {dag.py:2305} INFO - Setting next_dagrun for example_xcom_args to None
[2022-04-02 16:24:47,395] {logging_mixin.py:104} INFO - [2022-04-02 16:24:47,395] {dag.py:2305} INFO - Setting next_dagrun for example_xcom_args_with_operators to None
[2022-04-02 16:24:47,424] {scheduler_job.py:190} INFO - Processing /home/airflow/sandbox/lib/python3.8/site-packages/airflow/example_dags/example_xcomargs.py took 0.567 seconds
[2022-04-02 16:25:22,604] {scheduler_job.py:182} INFO - Started process (PID=3927) to work on /home/airflow/sandbox/lib/python3.8/site-packages/airflow/example_dags/example_xcomargs.py
[2022-04-02 16:25:22,607] {scheduler_job.py:633} INFO - Processing file /home/airflow/sandbox/lib/python3.8/site-packages/airflow/example_dags/example_xcomargs.py for tasks to queue
[2022-04-02 16:25:22,608] {logging_mixin.py:104} INFO - [2022-04-02 16:25:22,607] {dagbag.py:487} INFO - Filling up the DagBag from /home/airflow/sandbox/lib/python3.8/site-packages/airflow/example_dags/example_xcomargs.py
[2022-04-02 16:25:22,640] {scheduler_job.py:643} INFO - DAG(s) dict_keys(['example_xcom_args', 'example_xcom_args_with_operators']) retrieved from /home/airflow/sandbox/lib/python3.8/site-packages/airflow/example_dags/example_xcomargs.py
[2022-04-02 16:25:23,085] {logging_mixin.py:104} INFO - [2022-04-02 16:25:23,085] {dag.py:1832} INFO - Sync 2 DAGs
[2022-04-02 16:25:23,102] {logging_mixin.py:104} INFO - [2022-04-02 16:25:23,102] {dag.py:2305} INFO - Setting next_dagrun for example_xcom_args to None
[2022-04-02 16:25:23,103] {logging_mixin.py:104} INFO - [2022-04-02 16:25:23,103] {dag.py:2305} INFO - Setting next_dagrun for example_xcom_args_with_operators to None
[2022-04-02 16:25:23,129] {scheduler_job.py:190} INFO - Processing /home/airflow/sandbox/lib/python3.8/site-packages/airflow/example_dags/example_xcomargs.py took 0.531 seconds
[2022-04-02 16:26:01,075] {scheduler_job.py:182} INFO - Started process (PID=3958) to work on /home/airflow/sandbox/lib/python3.8/site-packages/airflow/example_dags/example_xcomargs.py
[2022-04-02 16:26:01,077] {scheduler_job.py:633} INFO - Processing file /home/airflow/sandbox/lib/python3.8/site-packages/airflow/example_dags/example_xcomargs.py for tasks to queue
[2022-04-02 16:26:01,080] {logging_mixin.py:104} INFO - [2022-04-02 16:26:01,080] {dagbag.py:487} INFO - Filling up the DagBag from /home/airflow/sandbox/lib/python3.8/site-packages/airflow/example_dags/example_xcomargs.py
[2022-04-02 16:26:01,118] {scheduler_job.py:643} INFO - DAG(s) dict_keys(['example_xcom_args', 'example_xcom_args_with_operators']) retrieved from /home/airflow/sandbox/lib/python3.8/site-packages/airflow/example_dags/example_xcomargs.py
[2022-04-02 16:26:01,583] {logging_mixin.py:104} INFO - [2022-04-02 16:26:01,583] {dag.py:1832} INFO - Sync 2 DAGs
[2022-04-02 16:26:01,601] {logging_mixin.py:104} INFO - [2022-04-02 16:26:01,601] {dag.py:2305} INFO - Setting next_dagrun for example_xcom_args to None
[2022-04-02 16:26:01,602] {logging_mixin.py:104} INFO - [2022-04-02 16:26:01,602] {dag.py:2305} INFO - Setting next_dagrun for example_xcom_args_with_operators to None
[2022-04-02 16:26:01,635] {scheduler_job.py:190} INFO - Processing /home/airflow/sandbox/lib/python3.8/site-packages/airflow/example_dags/example_xcomargs.py took 0.568 seconds
[2022-04-02 16:26:37,476] {scheduler_job.py:182} INFO - Started process (PID=3989) to work on /home/airflow/sandbox/lib/python3.8/site-packages/airflow/example_dags/example_xcomargs.py
[2022-04-02 16:26:37,478] {scheduler_job.py:633} INFO - Processing file /home/airflow/sandbox/lib/python3.8/site-packages/airflow/example_dags/example_xcomargs.py for tasks to queue
[2022-04-02 16:26:37,479] {logging_mixin.py:104} INFO - [2022-04-02 16:26:37,479] {dagbag.py:487} INFO - Filling up the DagBag from /home/airflow/sandbox/lib/python3.8/site-packages/airflow/example_dags/example_xcomargs.py
[2022-04-02 16:26:37,513] {scheduler_job.py:643} INFO - DAG(s) dict_keys(['example_xcom_args', 'example_xcom_args_with_operators']) retrieved from /home/airflow/sandbox/lib/python3.8/site-packages/airflow/example_dags/example_xcomargs.py
[2022-04-02 16:26:37,820] {logging_mixin.py:104} INFO - [2022-04-02 16:26:37,820] {dag.py:1832} INFO - Sync 2 DAGs
[2022-04-02 16:26:37,826] {logging_mixin.py:104} INFO - [2022-04-02 16:26:37,826] {dag.py:2305} INFO - Setting next_dagrun for example_xcom_args to None
[2022-04-02 16:26:37,827] {logging_mixin.py:104} INFO - [2022-04-02 16:26:37,827] {dag.py:2305} INFO - Setting next_dagrun for example_xcom_args_with_operators to None
[2022-04-02 16:26:37,850] {scheduler_job.py:190} INFO - Processing /home/airflow/sandbox/lib/python3.8/site-packages/airflow/example_dags/example_xcomargs.py took 0.381 seconds
