[2022-04-02 16:14:23,799] {scheduler_job.py:182} INFO - Started process (PID=3168) to work on /home/airflow/sandbox/lib/python3.8/site-packages/airflow/example_dags/example_xcom.py
[2022-04-02 16:14:23,802] {scheduler_job.py:633} INFO - Processing file /home/airflow/sandbox/lib/python3.8/site-packages/airflow/example_dags/example_xcom.py for tasks to queue
[2022-04-02 16:14:23,803] {logging_mixin.py:104} INFO - [2022-04-02 16:14:23,803] {dagbag.py:487} INFO - Filling up the DagBag from /home/airflow/sandbox/lib/python3.8/site-packages/airflow/example_dags/example_xcom.py
[2022-04-02 16:14:23,816] {scheduler_job.py:643} INFO - DAG(s) dict_keys(['example_xcom']) retrieved from /home/airflow/sandbox/lib/python3.8/site-packages/airflow/example_dags/example_xcom.py
[2022-04-02 16:14:24,306] {logging_mixin.py:104} INFO - [2022-04-02 16:14:24,306] {dag.py:1832} INFO - Sync 1 DAGs
[2022-04-02 16:14:24,316] {logging_mixin.py:104} INFO - [2022-04-02 16:14:24,316] {dag.py:2305} INFO - Setting next_dagrun for example_xcom to 2022-03-31 00:00:00+00:00
[2022-04-02 16:14:24,343] {scheduler_job.py:190} INFO - Processing /home/airflow/sandbox/lib/python3.8/site-packages/airflow/example_dags/example_xcom.py took 0.550 seconds
[2022-04-02 16:15:10,856] {scheduler_job.py:182} INFO - Started process (PID=3205) to work on /home/airflow/sandbox/lib/python3.8/site-packages/airflow/example_dags/example_xcom.py
[2022-04-02 16:15:10,861] {scheduler_job.py:633} INFO - Processing file /home/airflow/sandbox/lib/python3.8/site-packages/airflow/example_dags/example_xcom.py for tasks to queue
[2022-04-02 16:15:10,863] {logging_mixin.py:104} INFO - [2022-04-02 16:15:10,862] {dagbag.py:487} INFO - Filling up the DagBag from /home/airflow/sandbox/lib/python3.8/site-packages/airflow/example_dags/example_xcom.py
[2022-04-02 16:15:10,892] {scheduler_job.py:643} INFO - DAG(s) dict_keys(['example_xcom']) retrieved from /home/airflow/sandbox/lib/python3.8/site-packages/airflow/example_dags/example_xcom.py
[2022-04-02 16:15:10,913] {logging_mixin.py:104} INFO - [2022-04-02 16:15:10,912] {dag.py:1832} INFO - Sync 1 DAGs
[2022-04-02 16:15:10,927] {logging_mixin.py:104} INFO - [2022-04-02 16:15:10,926] {dag.py:2305} INFO - Setting next_dagrun for example_xcom to 2022-03-31 00:00:00+00:00
[2022-04-02 16:15:10,960] {scheduler_job.py:190} INFO - Processing /home/airflow/sandbox/lib/python3.8/site-packages/airflow/example_dags/example_xcom.py took 0.114 seconds
[2022-04-02 16:15:49,214] {scheduler_job.py:182} INFO - Started process (PID=3237) to work on /home/airflow/sandbox/lib/python3.8/site-packages/airflow/example_dags/example_xcom.py
[2022-04-02 16:15:49,216] {scheduler_job.py:633} INFO - Processing file /home/airflow/sandbox/lib/python3.8/site-packages/airflow/example_dags/example_xcom.py for tasks to queue
[2022-04-02 16:15:49,218] {logging_mixin.py:104} INFO - [2022-04-02 16:15:49,217] {dagbag.py:487} INFO - Filling up the DagBag from /home/airflow/sandbox/lib/python3.8/site-packages/airflow/example_dags/example_xcom.py
[2022-04-02 16:15:49,232] {scheduler_job.py:643} INFO - DAG(s) dict_keys(['example_xcom']) retrieved from /home/airflow/sandbox/lib/python3.8/site-packages/airflow/example_dags/example_xcom.py
[2022-04-02 16:15:49,259] {logging_mixin.py:104} INFO - [2022-04-02 16:15:49,258] {dag.py:1832} INFO - Sync 1 DAGs
[2022-04-02 16:15:49,291] {logging_mixin.py:104} INFO - [2022-04-02 16:15:49,290] {dag.py:2305} INFO - Setting next_dagrun for example_xcom to 2022-03-31 00:00:00+00:00
[2022-04-02 16:15:49,335] {scheduler_job.py:190} INFO - Processing /home/airflow/sandbox/lib/python3.8/site-packages/airflow/example_dags/example_xcom.py took 0.130 seconds
[2022-04-02 16:16:27,668] {scheduler_job.py:182} INFO - Started process (PID=3269) to work on /home/airflow/sandbox/lib/python3.8/site-packages/airflow/example_dags/example_xcom.py
[2022-04-02 16:16:27,670] {scheduler_job.py:633} INFO - Processing file /home/airflow/sandbox/lib/python3.8/site-packages/airflow/example_dags/example_xcom.py for tasks to queue
[2022-04-02 16:16:27,672] {logging_mixin.py:104} INFO - [2022-04-02 16:16:27,671] {dagbag.py:487} INFO - Filling up the DagBag from /home/airflow/sandbox/lib/python3.8/site-packages/airflow/example_dags/example_xcom.py
[2022-04-02 16:16:27,694] {scheduler_job.py:643} INFO - DAG(s) dict_keys(['example_xcom']) retrieved from /home/airflow/sandbox/lib/python3.8/site-packages/airflow/example_dags/example_xcom.py
[2022-04-02 16:16:27,724] {logging_mixin.py:104} INFO - [2022-04-02 16:16:27,724] {dag.py:1832} INFO - Sync 1 DAGs
[2022-04-02 16:16:27,746] {logging_mixin.py:104} INFO - [2022-04-02 16:16:27,746] {dag.py:2305} INFO - Setting next_dagrun for example_xcom to 2022-03-31 00:00:00+00:00
[2022-04-02 16:16:27,770] {scheduler_job.py:190} INFO - Processing /home/airflow/sandbox/lib/python3.8/site-packages/airflow/example_dags/example_xcom.py took 0.108 seconds
[2022-04-02 16:17:10,144] {scheduler_job.py:182} INFO - Started process (PID=3316) to work on /home/airflow/sandbox/lib/python3.8/site-packages/airflow/example_dags/example_xcom.py
[2022-04-02 16:17:10,145] {scheduler_job.py:633} INFO - Processing file /home/airflow/sandbox/lib/python3.8/site-packages/airflow/example_dags/example_xcom.py for tasks to queue
[2022-04-02 16:17:10,146] {logging_mixin.py:104} INFO - [2022-04-02 16:17:10,146] {dagbag.py:487} INFO - Filling up the DagBag from /home/airflow/sandbox/lib/python3.8/site-packages/airflow/example_dags/example_xcom.py
[2022-04-02 16:17:10,168] {scheduler_job.py:643} INFO - DAG(s) dict_keys(['example_xcom']) retrieved from /home/airflow/sandbox/lib/python3.8/site-packages/airflow/example_dags/example_xcom.py
[2022-04-02 16:17:10,186] {logging_mixin.py:104} INFO - [2022-04-02 16:17:10,186] {dag.py:1832} INFO - Sync 1 DAGs
[2022-04-02 16:17:10,197] {logging_mixin.py:104} INFO - [2022-04-02 16:17:10,197] {dag.py:2305} INFO - Setting next_dagrun for example_xcom to 2022-03-31 00:00:00+00:00
[2022-04-02 16:17:10,221] {scheduler_job.py:190} INFO - Processing /home/airflow/sandbox/lib/python3.8/site-packages/airflow/example_dags/example_xcom.py took 0.082 seconds
[2022-04-02 16:17:54,426] {scheduler_job.py:182} INFO - Started process (PID=3353) to work on /home/airflow/sandbox/lib/python3.8/site-packages/airflow/example_dags/example_xcom.py
[2022-04-02 16:17:54,428] {scheduler_job.py:633} INFO - Processing file /home/airflow/sandbox/lib/python3.8/site-packages/airflow/example_dags/example_xcom.py for tasks to queue
[2022-04-02 16:17:54,430] {logging_mixin.py:104} INFO - [2022-04-02 16:17:54,430] {dagbag.py:487} INFO - Filling up the DagBag from /home/airflow/sandbox/lib/python3.8/site-packages/airflow/example_dags/example_xcom.py
[2022-04-02 16:17:54,453] {scheduler_job.py:643} INFO - DAG(s) dict_keys(['example_xcom']) retrieved from /home/airflow/sandbox/lib/python3.8/site-packages/airflow/example_dags/example_xcom.py
[2022-04-02 16:17:54,484] {logging_mixin.py:104} INFO - [2022-04-02 16:17:54,483] {dag.py:1832} INFO - Sync 1 DAGs
[2022-04-02 16:17:54,511] {logging_mixin.py:104} INFO - [2022-04-02 16:17:54,511] {dag.py:2305} INFO - Setting next_dagrun for example_xcom to 2022-03-31 00:00:00+00:00
[2022-04-02 16:17:54,538] {scheduler_job.py:190} INFO - Processing /home/airflow/sandbox/lib/python3.8/site-packages/airflow/example_dags/example_xcom.py took 0.119 seconds
[2022-04-02 16:18:33,266] {scheduler_job.py:182} INFO - Started process (PID=3446) to work on /home/airflow/sandbox/lib/python3.8/site-packages/airflow/example_dags/example_xcom.py
[2022-04-02 16:18:33,268] {scheduler_job.py:633} INFO - Processing file /home/airflow/sandbox/lib/python3.8/site-packages/airflow/example_dags/example_xcom.py for tasks to queue
[2022-04-02 16:18:33,269] {logging_mixin.py:104} INFO - [2022-04-02 16:18:33,269] {dagbag.py:487} INFO - Filling up the DagBag from /home/airflow/sandbox/lib/python3.8/site-packages/airflow/example_dags/example_xcom.py
[2022-04-02 16:18:33,301] {scheduler_job.py:643} INFO - DAG(s) dict_keys(['example_xcom']) retrieved from /home/airflow/sandbox/lib/python3.8/site-packages/airflow/example_dags/example_xcom.py
[2022-04-02 16:18:33,333] {logging_mixin.py:104} INFO - [2022-04-02 16:18:33,333] {dag.py:1832} INFO - Sync 1 DAGs
[2022-04-02 16:18:33,356] {logging_mixin.py:104} INFO - [2022-04-02 16:18:33,356] {dag.py:2305} INFO - Setting next_dagrun for example_xcom to 2022-03-31 00:00:00+00:00
[2022-04-02 16:18:33,389] {scheduler_job.py:190} INFO - Processing /home/airflow/sandbox/lib/python3.8/site-packages/airflow/example_dags/example_xcom.py took 0.129 seconds
[2022-04-02 16:19:11,796] {scheduler_job.py:182} INFO - Started process (PID=3478) to work on /home/airflow/sandbox/lib/python3.8/site-packages/airflow/example_dags/example_xcom.py
[2022-04-02 16:19:11,800] {scheduler_job.py:633} INFO - Processing file /home/airflow/sandbox/lib/python3.8/site-packages/airflow/example_dags/example_xcom.py for tasks to queue
[2022-04-02 16:19:11,801] {logging_mixin.py:104} INFO - [2022-04-02 16:19:11,801] {dagbag.py:487} INFO - Filling up the DagBag from /home/airflow/sandbox/lib/python3.8/site-packages/airflow/example_dags/example_xcom.py
[2022-04-02 16:19:11,823] {scheduler_job.py:643} INFO - DAG(s) dict_keys(['example_xcom']) retrieved from /home/airflow/sandbox/lib/python3.8/site-packages/airflow/example_dags/example_xcom.py
[2022-04-02 16:19:11,854] {logging_mixin.py:104} INFO - [2022-04-02 16:19:11,853] {dag.py:1832} INFO - Sync 1 DAGs
[2022-04-02 16:19:11,872] {logging_mixin.py:104} INFO - [2022-04-02 16:19:11,872] {dag.py:2305} INFO - Setting next_dagrun for example_xcom to 2022-03-31 00:00:00+00:00
[2022-04-02 16:19:11,898] {scheduler_job.py:190} INFO - Processing /home/airflow/sandbox/lib/python3.8/site-packages/airflow/example_dags/example_xcom.py took 0.108 seconds
[2022-04-02 16:19:53,900] {scheduler_job.py:182} INFO - Started process (PID=3611) to work on /home/airflow/sandbox/lib/python3.8/site-packages/airflow/example_dags/example_xcom.py
[2022-04-02 16:19:53,901] {scheduler_job.py:633} INFO - Processing file /home/airflow/sandbox/lib/python3.8/site-packages/airflow/example_dags/example_xcom.py for tasks to queue
[2022-04-02 16:19:53,903] {logging_mixin.py:104} INFO - [2022-04-02 16:19:53,902] {dagbag.py:487} INFO - Filling up the DagBag from /home/airflow/sandbox/lib/python3.8/site-packages/airflow/example_dags/example_xcom.py
[2022-04-02 16:19:53,919] {scheduler_job.py:643} INFO - DAG(s) dict_keys(['example_xcom']) retrieved from /home/airflow/sandbox/lib/python3.8/site-packages/airflow/example_dags/example_xcom.py
[2022-04-02 16:19:53,944] {logging_mixin.py:104} INFO - [2022-04-02 16:19:53,944] {dag.py:1832} INFO - Sync 1 DAGs
[2022-04-02 16:19:53,957] {logging_mixin.py:104} INFO - [2022-04-02 16:19:53,957] {dag.py:2305} INFO - Setting next_dagrun for example_xcom to 2022-03-31 00:00:00+00:00
[2022-04-02 16:19:53,973] {scheduler_job.py:190} INFO - Processing /home/airflow/sandbox/lib/python3.8/site-packages/airflow/example_dags/example_xcom.py took 0.075 seconds
[2022-04-02 16:20:35,349] {scheduler_job.py:182} INFO - Started process (PID=3645) to work on /home/airflow/sandbox/lib/python3.8/site-packages/airflow/example_dags/example_xcom.py
[2022-04-02 16:20:35,355] {scheduler_job.py:633} INFO - Processing file /home/airflow/sandbox/lib/python3.8/site-packages/airflow/example_dags/example_xcom.py for tasks to queue
[2022-04-02 16:20:35,356] {logging_mixin.py:104} INFO - [2022-04-02 16:20:35,356] {dagbag.py:487} INFO - Filling up the DagBag from /home/airflow/sandbox/lib/python3.8/site-packages/airflow/example_dags/example_xcom.py
[2022-04-02 16:20:35,378] {scheduler_job.py:643} INFO - DAG(s) dict_keys(['example_xcom']) retrieved from /home/airflow/sandbox/lib/python3.8/site-packages/airflow/example_dags/example_xcom.py
[2022-04-02 16:20:35,403] {logging_mixin.py:104} INFO - [2022-04-02 16:20:35,403] {dag.py:1832} INFO - Sync 1 DAGs
[2022-04-02 16:20:35,425] {logging_mixin.py:104} INFO - [2022-04-02 16:20:35,424] {dag.py:2305} INFO - Setting next_dagrun for example_xcom to 2022-03-31 00:00:00+00:00
[2022-04-02 16:20:35,460] {scheduler_job.py:190} INFO - Processing /home/airflow/sandbox/lib/python3.8/site-packages/airflow/example_dags/example_xcom.py took 0.116 seconds
[2022-04-02 16:21:15,824] {scheduler_job.py:182} INFO - Started process (PID=3679) to work on /home/airflow/sandbox/lib/python3.8/site-packages/airflow/example_dags/example_xcom.py
[2022-04-02 16:21:15,825] {scheduler_job.py:633} INFO - Processing file /home/airflow/sandbox/lib/python3.8/site-packages/airflow/example_dags/example_xcom.py for tasks to queue
[2022-04-02 16:21:15,826] {logging_mixin.py:104} INFO - [2022-04-02 16:21:15,826] {dagbag.py:487} INFO - Filling up the DagBag from /home/airflow/sandbox/lib/python3.8/site-packages/airflow/example_dags/example_xcom.py
[2022-04-02 16:21:15,840] {scheduler_job.py:643} INFO - DAG(s) dict_keys(['example_xcom']) retrieved from /home/airflow/sandbox/lib/python3.8/site-packages/airflow/example_dags/example_xcom.py
[2022-04-02 16:21:15,855] {logging_mixin.py:104} INFO - [2022-04-02 16:21:15,854] {dag.py:1832} INFO - Sync 1 DAGs
[2022-04-02 16:21:15,866] {logging_mixin.py:104} INFO - [2022-04-02 16:21:15,865] {dag.py:2305} INFO - Setting next_dagrun for example_xcom to 2022-03-31 00:00:00+00:00
[2022-04-02 16:21:15,886] {scheduler_job.py:190} INFO - Processing /home/airflow/sandbox/lib/python3.8/site-packages/airflow/example_dags/example_xcom.py took 0.069 seconds
[2022-04-02 16:21:57,152] {scheduler_job.py:182} INFO - Started process (PID=3713) to work on /home/airflow/sandbox/lib/python3.8/site-packages/airflow/example_dags/example_xcom.py
[2022-04-02 16:21:57,155] {scheduler_job.py:633} INFO - Processing file /home/airflow/sandbox/lib/python3.8/site-packages/airflow/example_dags/example_xcom.py for tasks to queue
[2022-04-02 16:21:57,156] {logging_mixin.py:104} INFO - [2022-04-02 16:21:57,156] {dagbag.py:487} INFO - Filling up the DagBag from /home/airflow/sandbox/lib/python3.8/site-packages/airflow/example_dags/example_xcom.py
[2022-04-02 16:21:57,184] {scheduler_job.py:643} INFO - DAG(s) dict_keys(['example_xcom']) retrieved from /home/airflow/sandbox/lib/python3.8/site-packages/airflow/example_dags/example_xcom.py
[2022-04-02 16:21:57,214] {logging_mixin.py:104} INFO - [2022-04-02 16:21:57,214] {dag.py:1832} INFO - Sync 1 DAGs
[2022-04-02 16:21:57,238] {logging_mixin.py:104} INFO - [2022-04-02 16:21:57,238] {dag.py:2305} INFO - Setting next_dagrun for example_xcom to 2022-03-31 00:00:00+00:00
[2022-04-02 16:21:57,270] {scheduler_job.py:190} INFO - Processing /home/airflow/sandbox/lib/python3.8/site-packages/airflow/example_dags/example_xcom.py took 0.123 seconds
[2022-04-02 16:22:40,498] {scheduler_job.py:182} INFO - Started process (PID=3750) to work on /home/airflow/sandbox/lib/python3.8/site-packages/airflow/example_dags/example_xcom.py
[2022-04-02 16:22:40,500] {scheduler_job.py:633} INFO - Processing file /home/airflow/sandbox/lib/python3.8/site-packages/airflow/example_dags/example_xcom.py for tasks to queue
[2022-04-02 16:22:40,502] {logging_mixin.py:104} INFO - [2022-04-02 16:22:40,501] {dagbag.py:487} INFO - Filling up the DagBag from /home/airflow/sandbox/lib/python3.8/site-packages/airflow/example_dags/example_xcom.py
[2022-04-02 16:22:40,523] {scheduler_job.py:643} INFO - DAG(s) dict_keys(['example_xcom']) retrieved from /home/airflow/sandbox/lib/python3.8/site-packages/airflow/example_dags/example_xcom.py
[2022-04-02 16:22:40,553] {logging_mixin.py:104} INFO - [2022-04-02 16:22:40,553] {dag.py:1832} INFO - Sync 1 DAGs
[2022-04-02 16:22:40,567] {logging_mixin.py:104} INFO - [2022-04-02 16:22:40,567] {dag.py:2305} INFO - Setting next_dagrun for example_xcom to 2022-03-31 00:00:00+00:00
[2022-04-02 16:22:40,590] {scheduler_job.py:190} INFO - Processing /home/airflow/sandbox/lib/python3.8/site-packages/airflow/example_dags/example_xcom.py took 0.101 seconds
[2022-04-02 16:23:24,963] {scheduler_job.py:182} INFO - Started process (PID=3829) to work on /home/airflow/sandbox/lib/python3.8/site-packages/airflow/example_dags/example_xcom.py
[2022-04-02 16:23:24,966] {scheduler_job.py:633} INFO - Processing file /home/airflow/sandbox/lib/python3.8/site-packages/airflow/example_dags/example_xcom.py for tasks to queue
[2022-04-02 16:23:24,968] {logging_mixin.py:104} INFO - [2022-04-02 16:23:24,968] {dagbag.py:487} INFO - Filling up the DagBag from /home/airflow/sandbox/lib/python3.8/site-packages/airflow/example_dags/example_xcom.py
[2022-04-02 16:23:24,985] {scheduler_job.py:643} INFO - DAG(s) dict_keys(['example_xcom']) retrieved from /home/airflow/sandbox/lib/python3.8/site-packages/airflow/example_dags/example_xcom.py
[2022-04-02 16:23:25,002] {logging_mixin.py:104} INFO - [2022-04-02 16:23:25,002] {dag.py:1832} INFO - Sync 1 DAGs
[2022-04-02 16:23:25,014] {logging_mixin.py:104} INFO - [2022-04-02 16:23:25,014] {dag.py:2305} INFO - Setting next_dagrun for example_xcom to 2022-03-31 00:00:00+00:00
[2022-04-02 16:23:25,035] {scheduler_job.py:190} INFO - Processing /home/airflow/sandbox/lib/python3.8/site-packages/airflow/example_dags/example_xcom.py took 0.079 seconds
[2022-04-02 16:24:04,437] {scheduler_job.py:182} INFO - Started process (PID=3863) to work on /home/airflow/sandbox/lib/python3.8/site-packages/airflow/example_dags/example_xcom.py
[2022-04-02 16:24:04,441] {scheduler_job.py:633} INFO - Processing file /home/airflow/sandbox/lib/python3.8/site-packages/airflow/example_dags/example_xcom.py for tasks to queue
[2022-04-02 16:24:04,442] {logging_mixin.py:104} INFO - [2022-04-02 16:24:04,442] {dagbag.py:487} INFO - Filling up the DagBag from /home/airflow/sandbox/lib/python3.8/site-packages/airflow/example_dags/example_xcom.py
[2022-04-02 16:24:04,467] {scheduler_job.py:643} INFO - DAG(s) dict_keys(['example_xcom']) retrieved from /home/airflow/sandbox/lib/python3.8/site-packages/airflow/example_dags/example_xcom.py
[2022-04-02 16:24:04,500] {logging_mixin.py:104} INFO - [2022-04-02 16:24:04,500] {dag.py:1832} INFO - Sync 1 DAGs
[2022-04-02 16:24:04,521] {logging_mixin.py:104} INFO - [2022-04-02 16:24:04,521] {dag.py:2305} INFO - Setting next_dagrun for example_xcom to 2022-03-31 00:00:00+00:00
[2022-04-02 16:24:04,558] {scheduler_job.py:190} INFO - Processing /home/airflow/sandbox/lib/python3.8/site-packages/airflow/example_dags/example_xcom.py took 0.127 seconds
[2022-04-02 16:24:44,352] {scheduler_job.py:182} INFO - Started process (PID=3895) to work on /home/airflow/sandbox/lib/python3.8/site-packages/airflow/example_dags/example_xcom.py
[2022-04-02 16:24:44,355] {scheduler_job.py:633} INFO - Processing file /home/airflow/sandbox/lib/python3.8/site-packages/airflow/example_dags/example_xcom.py for tasks to queue
[2022-04-02 16:24:44,356] {logging_mixin.py:104} INFO - [2022-04-02 16:24:44,356] {dagbag.py:487} INFO - Filling up the DagBag from /home/airflow/sandbox/lib/python3.8/site-packages/airflow/example_dags/example_xcom.py
[2022-04-02 16:24:44,379] {scheduler_job.py:643} INFO - DAG(s) dict_keys(['example_xcom']) retrieved from /home/airflow/sandbox/lib/python3.8/site-packages/airflow/example_dags/example_xcom.py
[2022-04-02 16:24:44,402] {logging_mixin.py:104} INFO - [2022-04-02 16:24:44,402] {dag.py:1832} INFO - Sync 1 DAGs
[2022-04-02 16:24:44,425] {logging_mixin.py:104} INFO - [2022-04-02 16:24:44,424] {dag.py:2305} INFO - Setting next_dagrun for example_xcom to 2022-03-31 00:00:00+00:00
[2022-04-02 16:24:44,459] {scheduler_job.py:190} INFO - Processing /home/airflow/sandbox/lib/python3.8/site-packages/airflow/example_dags/example_xcom.py took 0.113 seconds
[2022-04-02 16:25:25,406] {scheduler_job.py:182} INFO - Started process (PID=3929) to work on /home/airflow/sandbox/lib/python3.8/site-packages/airflow/example_dags/example_xcom.py
[2022-04-02 16:25:25,411] {scheduler_job.py:633} INFO - Processing file /home/airflow/sandbox/lib/python3.8/site-packages/airflow/example_dags/example_xcom.py for tasks to queue
[2022-04-02 16:25:25,412] {logging_mixin.py:104} INFO - [2022-04-02 16:25:25,412] {dagbag.py:487} INFO - Filling up the DagBag from /home/airflow/sandbox/lib/python3.8/site-packages/airflow/example_dags/example_xcom.py
[2022-04-02 16:25:25,434] {scheduler_job.py:643} INFO - DAG(s) dict_keys(['example_xcom']) retrieved from /home/airflow/sandbox/lib/python3.8/site-packages/airflow/example_dags/example_xcom.py
[2022-04-02 16:25:25,458] {logging_mixin.py:104} INFO - [2022-04-02 16:25:25,458] {dag.py:1832} INFO - Sync 1 DAGs
[2022-04-02 16:25:25,474] {logging_mixin.py:104} INFO - [2022-04-02 16:25:25,474] {dag.py:2305} INFO - Setting next_dagrun for example_xcom to 2022-03-31 00:00:00+00:00
[2022-04-02 16:25:25,503] {scheduler_job.py:190} INFO - Processing /home/airflow/sandbox/lib/python3.8/site-packages/airflow/example_dags/example_xcom.py took 0.103 seconds
[2022-04-02 16:26:04,539] {scheduler_job.py:182} INFO - Started process (PID=3961) to work on /home/airflow/sandbox/lib/python3.8/site-packages/airflow/example_dags/example_xcom.py
[2022-04-02 16:26:04,541] {scheduler_job.py:633} INFO - Processing file /home/airflow/sandbox/lib/python3.8/site-packages/airflow/example_dags/example_xcom.py for tasks to queue
[2022-04-02 16:26:04,543] {logging_mixin.py:104} INFO - [2022-04-02 16:26:04,542] {dagbag.py:487} INFO - Filling up the DagBag from /home/airflow/sandbox/lib/python3.8/site-packages/airflow/example_dags/example_xcom.py
[2022-04-02 16:26:04,569] {scheduler_job.py:643} INFO - DAG(s) dict_keys(['example_xcom']) retrieved from /home/airflow/sandbox/lib/python3.8/site-packages/airflow/example_dags/example_xcom.py
[2022-04-02 16:26:04,600] {logging_mixin.py:104} INFO - [2022-04-02 16:26:04,600] {dag.py:1832} INFO - Sync 1 DAGs
[2022-04-02 16:26:04,621] {logging_mixin.py:104} INFO - [2022-04-02 16:26:04,621] {dag.py:2305} INFO - Setting next_dagrun for example_xcom to 2022-03-31 00:00:00+00:00
[2022-04-02 16:26:04,650] {scheduler_job.py:190} INFO - Processing /home/airflow/sandbox/lib/python3.8/site-packages/airflow/example_dags/example_xcom.py took 0.117 seconds
[2022-04-02 16:26:49,415] {scheduler_job.py:182} INFO - Started process (PID=3999) to work on /home/airflow/sandbox/lib/python3.8/site-packages/airflow/example_dags/example_xcom.py
[2022-04-02 16:26:49,417] {scheduler_job.py:633} INFO - Processing file /home/airflow/sandbox/lib/python3.8/site-packages/airflow/example_dags/example_xcom.py for tasks to queue
[2022-04-02 16:26:49,419] {logging_mixin.py:104} INFO - [2022-04-02 16:26:49,418] {dagbag.py:487} INFO - Filling up the DagBag from /home/airflow/sandbox/lib/python3.8/site-packages/airflow/example_dags/example_xcom.py
[2022-04-02 16:26:49,436] {scheduler_job.py:643} INFO - DAG(s) dict_keys(['example_xcom']) retrieved from /home/airflow/sandbox/lib/python3.8/site-packages/airflow/example_dags/example_xcom.py
[2022-04-02 16:26:49,467] {logging_mixin.py:104} INFO - [2022-04-02 16:26:49,467] {dag.py:1832} INFO - Sync 1 DAGs
[2022-04-02 16:26:49,502] {logging_mixin.py:104} INFO - [2022-04-02 16:26:49,502] {dag.py:2305} INFO - Setting next_dagrun for example_xcom to 2022-03-31 00:00:00+00:00
[2022-04-02 16:26:49,537] {scheduler_job.py:190} INFO - Processing /home/airflow/sandbox/lib/python3.8/site-packages/airflow/example_dags/example_xcom.py took 0.128 seconds
