[2022-04-02 16:13:36,031] {scheduler_job.py:182} INFO - Started process (PID=2917) to work on /home/airflow/sandbox/lib/python3.8/site-packages/airflow/example_dags/example_short_circuit_operator.py
[2022-04-02 16:13:36,033] {scheduler_job.py:633} INFO - Processing file /home/airflow/sandbox/lib/python3.8/site-packages/airflow/example_dags/example_short_circuit_operator.py for tasks to queue
[2022-04-02 16:13:36,034] {logging_mixin.py:104} INFO - [2022-04-02 16:13:36,034] {dagbag.py:487} INFO - Filling up the DagBag from /home/airflow/sandbox/lib/python3.8/site-packages/airflow/example_dags/example_short_circuit_operator.py
[2022-04-02 16:13:36,064] {scheduler_job.py:643} INFO - DAG(s) dict_keys(['example_short_circuit_operator']) retrieved from /home/airflow/sandbox/lib/python3.8/site-packages/airflow/example_dags/example_short_circuit_operator.py
[2022-04-02 16:13:36,619] {logging_mixin.py:104} INFO - [2022-04-02 16:13:36,619] {dag.py:1832} INFO - Sync 1 DAGs
[2022-04-02 16:13:36,644] {logging_mixin.py:104} INFO - [2022-04-02 16:13:36,644] {dag.py:2305} INFO - Setting next_dagrun for example_short_circuit_operator to 2022-03-31 00:00:00+00:00
[2022-04-02 16:13:36,689] {scheduler_job.py:190} INFO - Processing /home/airflow/sandbox/lib/python3.8/site-packages/airflow/example_dags/example_short_circuit_operator.py took 0.667 seconds
[2022-04-02 16:14:35,210] {scheduler_job.py:182} INFO - Started process (PID=3177) to work on /home/airflow/sandbox/lib/python3.8/site-packages/airflow/example_dags/example_short_circuit_operator.py
[2022-04-02 16:14:35,211] {scheduler_job.py:633} INFO - Processing file /home/airflow/sandbox/lib/python3.8/site-packages/airflow/example_dags/example_short_circuit_operator.py for tasks to queue
[2022-04-02 16:14:35,212] {logging_mixin.py:104} INFO - [2022-04-02 16:14:35,212] {dagbag.py:487} INFO - Filling up the DagBag from /home/airflow/sandbox/lib/python3.8/site-packages/airflow/example_dags/example_short_circuit_operator.py
[2022-04-02 16:14:35,225] {scheduler_job.py:643} INFO - DAG(s) dict_keys(['example_short_circuit_operator']) retrieved from /home/airflow/sandbox/lib/python3.8/site-packages/airflow/example_dags/example_short_circuit_operator.py
[2022-04-02 16:14:35,256] {logging_mixin.py:104} INFO - [2022-04-02 16:14:35,256] {dag.py:1832} INFO - Sync 1 DAGs
[2022-04-02 16:14:35,269] {logging_mixin.py:104} INFO - [2022-04-02 16:14:35,268] {dag.py:2305} INFO - Setting next_dagrun for example_short_circuit_operator to 2022-03-31 00:00:00+00:00
[2022-04-02 16:14:35,313] {scheduler_job.py:190} INFO - Processing /home/airflow/sandbox/lib/python3.8/site-packages/airflow/example_dags/example_short_circuit_operator.py took 0.107 seconds
[2022-04-02 16:15:15,546] {scheduler_job.py:182} INFO - Started process (PID=3209) to work on /home/airflow/sandbox/lib/python3.8/site-packages/airflow/example_dags/example_short_circuit_operator.py
[2022-04-02 16:15:15,547] {scheduler_job.py:633} INFO - Processing file /home/airflow/sandbox/lib/python3.8/site-packages/airflow/example_dags/example_short_circuit_operator.py for tasks to queue
[2022-04-02 16:15:15,548] {logging_mixin.py:104} INFO - [2022-04-02 16:15:15,548] {dagbag.py:487} INFO - Filling up the DagBag from /home/airflow/sandbox/lib/python3.8/site-packages/airflow/example_dags/example_short_circuit_operator.py
[2022-04-02 16:15:15,566] {scheduler_job.py:643} INFO - DAG(s) dict_keys(['example_short_circuit_operator']) retrieved from /home/airflow/sandbox/lib/python3.8/site-packages/airflow/example_dags/example_short_circuit_operator.py
[2022-04-02 16:15:15,579] {logging_mixin.py:104} INFO - [2022-04-02 16:15:15,579] {dag.py:1832} INFO - Sync 1 DAGs
[2022-04-02 16:15:15,590] {logging_mixin.py:104} INFO - [2022-04-02 16:15:15,590] {dag.py:2305} INFO - Setting next_dagrun for example_short_circuit_operator to 2022-03-31 00:00:00+00:00
[2022-04-02 16:15:15,610] {scheduler_job.py:190} INFO - Processing /home/airflow/sandbox/lib/python3.8/site-packages/airflow/example_dags/example_short_circuit_operator.py took 0.066 seconds
[2022-04-02 16:15:52,406] {scheduler_job.py:182} INFO - Started process (PID=3240) to work on /home/airflow/sandbox/lib/python3.8/site-packages/airflow/example_dags/example_short_circuit_operator.py
[2022-04-02 16:15:52,408] {scheduler_job.py:633} INFO - Processing file /home/airflow/sandbox/lib/python3.8/site-packages/airflow/example_dags/example_short_circuit_operator.py for tasks to queue
[2022-04-02 16:15:52,408] {logging_mixin.py:104} INFO - [2022-04-02 16:15:52,408] {dagbag.py:487} INFO - Filling up the DagBag from /home/airflow/sandbox/lib/python3.8/site-packages/airflow/example_dags/example_short_circuit_operator.py
[2022-04-02 16:15:52,419] {scheduler_job.py:643} INFO - DAG(s) dict_keys(['example_short_circuit_operator']) retrieved from /home/airflow/sandbox/lib/python3.8/site-packages/airflow/example_dags/example_short_circuit_operator.py
[2022-04-02 16:15:52,438] {logging_mixin.py:104} INFO - [2022-04-02 16:15:52,437] {dag.py:1832} INFO - Sync 1 DAGs
[2022-04-02 16:15:52,451] {logging_mixin.py:104} INFO - [2022-04-02 16:15:52,451] {dag.py:2305} INFO - Setting next_dagrun for example_short_circuit_operator to 2022-03-31 00:00:00+00:00
[2022-04-02 16:15:52,475] {scheduler_job.py:190} INFO - Processing /home/airflow/sandbox/lib/python3.8/site-packages/airflow/example_dags/example_short_circuit_operator.py took 0.073 seconds
[2022-04-02 16:16:30,088] {scheduler_job.py:182} INFO - Started process (PID=3271) to work on /home/airflow/sandbox/lib/python3.8/site-packages/airflow/example_dags/example_short_circuit_operator.py
[2022-04-02 16:16:30,091] {scheduler_job.py:633} INFO - Processing file /home/airflow/sandbox/lib/python3.8/site-packages/airflow/example_dags/example_short_circuit_operator.py for tasks to queue
[2022-04-02 16:16:30,092] {logging_mixin.py:104} INFO - [2022-04-02 16:16:30,092] {dagbag.py:487} INFO - Filling up the DagBag from /home/airflow/sandbox/lib/python3.8/site-packages/airflow/example_dags/example_short_circuit_operator.py
[2022-04-02 16:16:30,115] {scheduler_job.py:643} INFO - DAG(s) dict_keys(['example_short_circuit_operator']) retrieved from /home/airflow/sandbox/lib/python3.8/site-packages/airflow/example_dags/example_short_circuit_operator.py
[2022-04-02 16:16:30,147] {logging_mixin.py:104} INFO - [2022-04-02 16:16:30,147] {dag.py:1832} INFO - Sync 1 DAGs
[2022-04-02 16:16:30,166] {logging_mixin.py:104} INFO - [2022-04-02 16:16:30,166] {dag.py:2305} INFO - Setting next_dagrun for example_short_circuit_operator to 2022-03-31 00:00:00+00:00
[2022-04-02 16:16:30,196] {scheduler_job.py:190} INFO - Processing /home/airflow/sandbox/lib/python3.8/site-packages/airflow/example_dags/example_short_circuit_operator.py took 0.113 seconds
[2022-04-02 16:17:03,224] {scheduler_job.py:182} INFO - Started process (PID=3310) to work on /home/airflow/sandbox/lib/python3.8/site-packages/airflow/example_dags/example_short_circuit_operator.py
[2022-04-02 16:17:03,227] {scheduler_job.py:633} INFO - Processing file /home/airflow/sandbox/lib/python3.8/site-packages/airflow/example_dags/example_short_circuit_operator.py for tasks to queue
[2022-04-02 16:17:03,228] {logging_mixin.py:104} INFO - [2022-04-02 16:17:03,228] {dagbag.py:487} INFO - Filling up the DagBag from /home/airflow/sandbox/lib/python3.8/site-packages/airflow/example_dags/example_short_circuit_operator.py
[2022-04-02 16:17:03,247] {scheduler_job.py:643} INFO - DAG(s) dict_keys(['example_short_circuit_operator']) retrieved from /home/airflow/sandbox/lib/python3.8/site-packages/airflow/example_dags/example_short_circuit_operator.py
[2022-04-02 16:17:03,259] {logging_mixin.py:104} INFO - [2022-04-02 16:17:03,259] {dag.py:1832} INFO - Sync 1 DAGs
[2022-04-02 16:17:03,269] {logging_mixin.py:104} INFO - [2022-04-02 16:17:03,269] {dag.py:2305} INFO - Setting next_dagrun for example_short_circuit_operator to 2022-03-31 00:00:00+00:00
[2022-04-02 16:17:03,291] {scheduler_job.py:190} INFO - Processing /home/airflow/sandbox/lib/python3.8/site-packages/airflow/example_dags/example_short_circuit_operator.py took 0.071 seconds
[2022-04-02 16:17:40,560] {scheduler_job.py:182} INFO - Started process (PID=3342) to work on /home/airflow/sandbox/lib/python3.8/site-packages/airflow/example_dags/example_short_circuit_operator.py
[2022-04-02 16:17:40,564] {scheduler_job.py:633} INFO - Processing file /home/airflow/sandbox/lib/python3.8/site-packages/airflow/example_dags/example_short_circuit_operator.py for tasks to queue
[2022-04-02 16:17:40,566] {logging_mixin.py:104} INFO - [2022-04-02 16:17:40,566] {dagbag.py:487} INFO - Filling up the DagBag from /home/airflow/sandbox/lib/python3.8/site-packages/airflow/example_dags/example_short_circuit_operator.py
[2022-04-02 16:17:40,590] {scheduler_job.py:643} INFO - DAG(s) dict_keys(['example_short_circuit_operator']) retrieved from /home/airflow/sandbox/lib/python3.8/site-packages/airflow/example_dags/example_short_circuit_operator.py
[2022-04-02 16:17:40,619] {logging_mixin.py:104} INFO - [2022-04-02 16:17:40,619] {dag.py:1832} INFO - Sync 1 DAGs
[2022-04-02 16:17:40,642] {logging_mixin.py:104} INFO - [2022-04-02 16:17:40,642] {dag.py:2305} INFO - Setting next_dagrun for example_short_circuit_operator to 2022-03-31 00:00:00+00:00
[2022-04-02 16:17:40,674] {scheduler_job.py:190} INFO - Processing /home/airflow/sandbox/lib/python3.8/site-packages/airflow/example_dags/example_short_circuit_operator.py took 0.120 seconds
[2022-04-02 16:18:19,889] {scheduler_job.py:182} INFO - Started process (PID=3435) to work on /home/airflow/sandbox/lib/python3.8/site-packages/airflow/example_dags/example_short_circuit_operator.py
[2022-04-02 16:18:19,892] {scheduler_job.py:633} INFO - Processing file /home/airflow/sandbox/lib/python3.8/site-packages/airflow/example_dags/example_short_circuit_operator.py for tasks to queue
[2022-04-02 16:18:19,893] {logging_mixin.py:104} INFO - [2022-04-02 16:18:19,893] {dagbag.py:487} INFO - Filling up the DagBag from /home/airflow/sandbox/lib/python3.8/site-packages/airflow/example_dags/example_short_circuit_operator.py
[2022-04-02 16:18:19,920] {scheduler_job.py:643} INFO - DAG(s) dict_keys(['example_short_circuit_operator']) retrieved from /home/airflow/sandbox/lib/python3.8/site-packages/airflow/example_dags/example_short_circuit_operator.py
[2022-04-02 16:18:19,952] {logging_mixin.py:104} INFO - [2022-04-02 16:18:19,952] {dag.py:1832} INFO - Sync 1 DAGs
[2022-04-02 16:18:19,970] {logging_mixin.py:104} INFO - [2022-04-02 16:18:19,970] {dag.py:2305} INFO - Setting next_dagrun for example_short_circuit_operator to 2022-03-31 00:00:00+00:00
[2022-04-02 16:18:20,008] {scheduler_job.py:190} INFO - Processing /home/airflow/sandbox/lib/python3.8/site-packages/airflow/example_dags/example_short_circuit_operator.py took 0.126 seconds
[2022-04-02 16:18:56,873] {scheduler_job.py:182} INFO - Started process (PID=3466) to work on /home/airflow/sandbox/lib/python3.8/site-packages/airflow/example_dags/example_short_circuit_operator.py
[2022-04-02 16:18:56,874] {scheduler_job.py:633} INFO - Processing file /home/airflow/sandbox/lib/python3.8/site-packages/airflow/example_dags/example_short_circuit_operator.py for tasks to queue
[2022-04-02 16:18:56,875] {logging_mixin.py:104} INFO - [2022-04-02 16:18:56,875] {dagbag.py:487} INFO - Filling up the DagBag from /home/airflow/sandbox/lib/python3.8/site-packages/airflow/example_dags/example_short_circuit_operator.py
[2022-04-02 16:18:56,888] {scheduler_job.py:643} INFO - DAG(s) dict_keys(['example_short_circuit_operator']) retrieved from /home/airflow/sandbox/lib/python3.8/site-packages/airflow/example_dags/example_short_circuit_operator.py
[2022-04-02 16:18:56,905] {logging_mixin.py:104} INFO - [2022-04-02 16:18:56,905] {dag.py:1832} INFO - Sync 1 DAGs
[2022-04-02 16:18:56,915] {logging_mixin.py:104} INFO - [2022-04-02 16:18:56,915] {dag.py:2305} INFO - Setting next_dagrun for example_short_circuit_operator to 2022-03-31 00:00:00+00:00
[2022-04-02 16:18:56,941] {scheduler_job.py:190} INFO - Processing /home/airflow/sandbox/lib/python3.8/site-packages/airflow/example_dags/example_short_circuit_operator.py took 0.075 seconds
[2022-04-02 16:19:34,756] {scheduler_job.py:182} INFO - Started process (PID=3522) to work on /home/airflow/sandbox/lib/python3.8/site-packages/airflow/example_dags/example_short_circuit_operator.py
[2022-04-02 16:19:34,760] {scheduler_job.py:633} INFO - Processing file /home/airflow/sandbox/lib/python3.8/site-packages/airflow/example_dags/example_short_circuit_operator.py for tasks to queue
[2022-04-02 16:19:34,771] {logging_mixin.py:104} INFO - [2022-04-02 16:19:34,771] {dagbag.py:487} INFO - Filling up the DagBag from /home/airflow/sandbox/lib/python3.8/site-packages/airflow/example_dags/example_short_circuit_operator.py
[2022-04-02 16:19:34,789] {scheduler_job.py:643} INFO - DAG(s) dict_keys(['example_short_circuit_operator']) retrieved from /home/airflow/sandbox/lib/python3.8/site-packages/airflow/example_dags/example_short_circuit_operator.py
[2022-04-02 16:19:34,849] {logging_mixin.py:104} INFO - [2022-04-02 16:19:34,848] {dag.py:1832} INFO - Sync 1 DAGs
[2022-04-02 16:19:34,904] {logging_mixin.py:104} INFO - [2022-04-02 16:19:34,904] {dag.py:2305} INFO - Setting next_dagrun for example_short_circuit_operator to 2022-03-31 00:00:00+00:00
[2022-04-02 16:19:35,349] {scheduler_job.py:190} INFO - Processing /home/airflow/sandbox/lib/python3.8/site-packages/airflow/example_dags/example_short_circuit_operator.py took 0.596 seconds
[2022-04-02 16:20:09,189] {scheduler_job.py:182} INFO - Started process (PID=3623) to work on /home/airflow/sandbox/lib/python3.8/site-packages/airflow/example_dags/example_short_circuit_operator.py
[2022-04-02 16:20:09,191] {scheduler_job.py:633} INFO - Processing file /home/airflow/sandbox/lib/python3.8/site-packages/airflow/example_dags/example_short_circuit_operator.py for tasks to queue
[2022-04-02 16:20:09,193] {logging_mixin.py:104} INFO - [2022-04-02 16:20:09,192] {dagbag.py:487} INFO - Filling up the DagBag from /home/airflow/sandbox/lib/python3.8/site-packages/airflow/example_dags/example_short_circuit_operator.py
[2022-04-02 16:20:09,221] {scheduler_job.py:643} INFO - DAG(s) dict_keys(['example_short_circuit_operator']) retrieved from /home/airflow/sandbox/lib/python3.8/site-packages/airflow/example_dags/example_short_circuit_operator.py
[2022-04-02 16:20:09,242] {logging_mixin.py:104} INFO - [2022-04-02 16:20:09,241] {dag.py:1832} INFO - Sync 1 DAGs
[2022-04-02 16:20:09,266] {logging_mixin.py:104} INFO - [2022-04-02 16:20:09,266] {dag.py:2305} INFO - Setting next_dagrun for example_short_circuit_operator to 2022-03-31 00:00:00+00:00
[2022-04-02 16:20:09,297] {scheduler_job.py:190} INFO - Processing /home/airflow/sandbox/lib/python3.8/site-packages/airflow/example_dags/example_short_circuit_operator.py took 0.114 seconds
[2022-04-02 16:20:49,848] {scheduler_job.py:182} INFO - Started process (PID=3656) to work on /home/airflow/sandbox/lib/python3.8/site-packages/airflow/example_dags/example_short_circuit_operator.py
[2022-04-02 16:20:49,852] {scheduler_job.py:633} INFO - Processing file /home/airflow/sandbox/lib/python3.8/site-packages/airflow/example_dags/example_short_circuit_operator.py for tasks to queue
[2022-04-02 16:20:49,853] {logging_mixin.py:104} INFO - [2022-04-02 16:20:49,853] {dagbag.py:487} INFO - Filling up the DagBag from /home/airflow/sandbox/lib/python3.8/site-packages/airflow/example_dags/example_short_circuit_operator.py
[2022-04-02 16:20:49,883] {scheduler_job.py:643} INFO - DAG(s) dict_keys(['example_short_circuit_operator']) retrieved from /home/airflow/sandbox/lib/python3.8/site-packages/airflow/example_dags/example_short_circuit_operator.py
[2022-04-02 16:20:49,908] {logging_mixin.py:104} INFO - [2022-04-02 16:20:49,908] {dag.py:1832} INFO - Sync 1 DAGs
[2022-04-02 16:20:49,928] {logging_mixin.py:104} INFO - [2022-04-02 16:20:49,927] {dag.py:2305} INFO - Setting next_dagrun for example_short_circuit_operator to 2022-03-31 00:00:00+00:00
[2022-04-02 16:20:49,959] {scheduler_job.py:190} INFO - Processing /home/airflow/sandbox/lib/python3.8/site-packages/airflow/example_dags/example_short_circuit_operator.py took 0.118 seconds
[2022-04-02 16:21:26,295] {scheduler_job.py:182} INFO - Started process (PID=3687) to work on /home/airflow/sandbox/lib/python3.8/site-packages/airflow/example_dags/example_short_circuit_operator.py
[2022-04-02 16:21:26,298] {scheduler_job.py:633} INFO - Processing file /home/airflow/sandbox/lib/python3.8/site-packages/airflow/example_dags/example_short_circuit_operator.py for tasks to queue
[2022-04-02 16:21:26,299] {logging_mixin.py:104} INFO - [2022-04-02 16:21:26,298] {dagbag.py:487} INFO - Filling up the DagBag from /home/airflow/sandbox/lib/python3.8/site-packages/airflow/example_dags/example_short_circuit_operator.py
[2022-04-02 16:21:26,327] {scheduler_job.py:643} INFO - DAG(s) dict_keys(['example_short_circuit_operator']) retrieved from /home/airflow/sandbox/lib/python3.8/site-packages/airflow/example_dags/example_short_circuit_operator.py
[2022-04-02 16:21:26,352] {logging_mixin.py:104} INFO - [2022-04-02 16:21:26,351] {dag.py:1832} INFO - Sync 1 DAGs
[2022-04-02 16:21:26,376] {logging_mixin.py:104} INFO - [2022-04-02 16:21:26,375] {dag.py:2305} INFO - Setting next_dagrun for example_short_circuit_operator to 2022-03-31 00:00:00+00:00
[2022-04-02 16:21:26,406] {scheduler_job.py:190} INFO - Processing /home/airflow/sandbox/lib/python3.8/site-packages/airflow/example_dags/example_short_circuit_operator.py took 0.115 seconds
[2022-04-02 16:21:59,927] {scheduler_job.py:182} INFO - Started process (PID=3715) to work on /home/airflow/sandbox/lib/python3.8/site-packages/airflow/example_dags/example_short_circuit_operator.py
[2022-04-02 16:21:59,929] {scheduler_job.py:633} INFO - Processing file /home/airflow/sandbox/lib/python3.8/site-packages/airflow/example_dags/example_short_circuit_operator.py for tasks to queue
[2022-04-02 16:21:59,930] {logging_mixin.py:104} INFO - [2022-04-02 16:21:59,930] {dagbag.py:487} INFO - Filling up the DagBag from /home/airflow/sandbox/lib/python3.8/site-packages/airflow/example_dags/example_short_circuit_operator.py
[2022-04-02 16:21:59,960] {scheduler_job.py:643} INFO - DAG(s) dict_keys(['example_short_circuit_operator']) retrieved from /home/airflow/sandbox/lib/python3.8/site-packages/airflow/example_dags/example_short_circuit_operator.py
[2022-04-02 16:21:59,988] {logging_mixin.py:104} INFO - [2022-04-02 16:21:59,987] {dag.py:1832} INFO - Sync 1 DAGs
[2022-04-02 16:22:00,009] {logging_mixin.py:104} INFO - [2022-04-02 16:22:00,009] {dag.py:2305} INFO - Setting next_dagrun for example_short_circuit_operator to 2022-03-31 00:00:00+00:00
[2022-04-02 16:22:00,032] {scheduler_job.py:190} INFO - Processing /home/airflow/sandbox/lib/python3.8/site-packages/airflow/example_dags/example_short_circuit_operator.py took 0.113 seconds
[2022-04-02 16:22:34,772] {scheduler_job.py:182} INFO - Started process (PID=3745) to work on /home/airflow/sandbox/lib/python3.8/site-packages/airflow/example_dags/example_short_circuit_operator.py
[2022-04-02 16:22:34,773] {scheduler_job.py:633} INFO - Processing file /home/airflow/sandbox/lib/python3.8/site-packages/airflow/example_dags/example_short_circuit_operator.py for tasks to queue
[2022-04-02 16:22:34,773] {logging_mixin.py:104} INFO - [2022-04-02 16:22:34,773] {dagbag.py:487} INFO - Filling up the DagBag from /home/airflow/sandbox/lib/python3.8/site-packages/airflow/example_dags/example_short_circuit_operator.py
[2022-04-02 16:22:34,795] {scheduler_job.py:643} INFO - DAG(s) dict_keys(['example_short_circuit_operator']) retrieved from /home/airflow/sandbox/lib/python3.8/site-packages/airflow/example_dags/example_short_circuit_operator.py
[2022-04-02 16:22:34,826] {logging_mixin.py:104} INFO - [2022-04-02 16:22:34,826] {dag.py:1832} INFO - Sync 1 DAGs
[2022-04-02 16:22:34,846] {logging_mixin.py:104} INFO - [2022-04-02 16:22:34,846] {dag.py:2305} INFO - Setting next_dagrun for example_short_circuit_operator to 2022-03-31 00:00:00+00:00
[2022-04-02 16:22:34,882] {scheduler_job.py:190} INFO - Processing /home/airflow/sandbox/lib/python3.8/site-packages/airflow/example_dags/example_short_circuit_operator.py took 0.113 seconds
[2022-04-02 16:23:11,922] {scheduler_job.py:182} INFO - Started process (PID=3818) to work on /home/airflow/sandbox/lib/python3.8/site-packages/airflow/example_dags/example_short_circuit_operator.py
[2022-04-02 16:23:11,925] {scheduler_job.py:633} INFO - Processing file /home/airflow/sandbox/lib/python3.8/site-packages/airflow/example_dags/example_short_circuit_operator.py for tasks to queue
[2022-04-02 16:23:11,926] {logging_mixin.py:104} INFO - [2022-04-02 16:23:11,926] {dagbag.py:487} INFO - Filling up the DagBag from /home/airflow/sandbox/lib/python3.8/site-packages/airflow/example_dags/example_short_circuit_operator.py
[2022-04-02 16:23:11,938] {scheduler_job.py:643} INFO - DAG(s) dict_keys(['example_short_circuit_operator']) retrieved from /home/airflow/sandbox/lib/python3.8/site-packages/airflow/example_dags/example_short_circuit_operator.py
[2022-04-02 16:23:11,956] {logging_mixin.py:104} INFO - [2022-04-02 16:23:11,956] {dag.py:1832} INFO - Sync 1 DAGs
[2022-04-02 16:23:11,978] {logging_mixin.py:104} INFO - [2022-04-02 16:23:11,978] {dag.py:2305} INFO - Setting next_dagrun for example_short_circuit_operator to 2022-03-31 00:00:00+00:00
[2022-04-02 16:23:12,006] {scheduler_job.py:190} INFO - Processing /home/airflow/sandbox/lib/python3.8/site-packages/airflow/example_dags/example_short_circuit_operator.py took 0.091 seconds
[2022-04-02 16:23:49,200] {scheduler_job.py:182} INFO - Started process (PID=3851) to work on /home/airflow/sandbox/lib/python3.8/site-packages/airflow/example_dags/example_short_circuit_operator.py
[2022-04-02 16:23:49,201] {scheduler_job.py:633} INFO - Processing file /home/airflow/sandbox/lib/python3.8/site-packages/airflow/example_dags/example_short_circuit_operator.py for tasks to queue
[2022-04-02 16:23:49,202] {logging_mixin.py:104} INFO - [2022-04-02 16:23:49,202] {dagbag.py:487} INFO - Filling up the DagBag from /home/airflow/sandbox/lib/python3.8/site-packages/airflow/example_dags/example_short_circuit_operator.py
[2022-04-02 16:23:49,229] {scheduler_job.py:643} INFO - DAG(s) dict_keys(['example_short_circuit_operator']) retrieved from /home/airflow/sandbox/lib/python3.8/site-packages/airflow/example_dags/example_short_circuit_operator.py
[2022-04-02 16:23:49,250] {logging_mixin.py:104} INFO - [2022-04-02 16:23:49,250] {dag.py:1832} INFO - Sync 1 DAGs
[2022-04-02 16:23:49,275] {logging_mixin.py:104} INFO - [2022-04-02 16:23:49,275] {dag.py:2305} INFO - Setting next_dagrun for example_short_circuit_operator to 2022-03-31 00:00:00+00:00
[2022-04-02 16:23:49,300] {scheduler_job.py:190} INFO - Processing /home/airflow/sandbox/lib/python3.8/site-packages/airflow/example_dags/example_short_circuit_operator.py took 0.108 seconds
[2022-04-02 16:24:26,338] {scheduler_job.py:182} INFO - Started process (PID=3881) to work on /home/airflow/sandbox/lib/python3.8/site-packages/airflow/example_dags/example_short_circuit_operator.py
[2022-04-02 16:24:26,340] {scheduler_job.py:633} INFO - Processing file /home/airflow/sandbox/lib/python3.8/site-packages/airflow/example_dags/example_short_circuit_operator.py for tasks to queue
[2022-04-02 16:24:26,341] {logging_mixin.py:104} INFO - [2022-04-02 16:24:26,341] {dagbag.py:487} INFO - Filling up the DagBag from /home/airflow/sandbox/lib/python3.8/site-packages/airflow/example_dags/example_short_circuit_operator.py
[2022-04-02 16:24:26,355] {scheduler_job.py:643} INFO - DAG(s) dict_keys(['example_short_circuit_operator']) retrieved from /home/airflow/sandbox/lib/python3.8/site-packages/airflow/example_dags/example_short_circuit_operator.py
[2022-04-02 16:24:26,367] {logging_mixin.py:104} INFO - [2022-04-02 16:24:26,366] {dag.py:1832} INFO - Sync 1 DAGs
[2022-04-02 16:24:26,389] {logging_mixin.py:104} INFO - [2022-04-02 16:24:26,389] {dag.py:2305} INFO - Setting next_dagrun for example_short_circuit_operator to 2022-03-31 00:00:00+00:00
[2022-04-02 16:24:26,420] {scheduler_job.py:190} INFO - Processing /home/airflow/sandbox/lib/python3.8/site-packages/airflow/example_dags/example_short_circuit_operator.py took 0.089 seconds
[2022-04-02 16:24:59,246] {scheduler_job.py:182} INFO - Started process (PID=3908) to work on /home/airflow/sandbox/lib/python3.8/site-packages/airflow/example_dags/example_short_circuit_operator.py
[2022-04-02 16:24:59,248] {scheduler_job.py:633} INFO - Processing file /home/airflow/sandbox/lib/python3.8/site-packages/airflow/example_dags/example_short_circuit_operator.py for tasks to queue
[2022-04-02 16:24:59,249] {logging_mixin.py:104} INFO - [2022-04-02 16:24:59,249] {dagbag.py:487} INFO - Filling up the DagBag from /home/airflow/sandbox/lib/python3.8/site-packages/airflow/example_dags/example_short_circuit_operator.py
[2022-04-02 16:24:59,274] {scheduler_job.py:643} INFO - DAG(s) dict_keys(['example_short_circuit_operator']) retrieved from /home/airflow/sandbox/lib/python3.8/site-packages/airflow/example_dags/example_short_circuit_operator.py
[2022-04-02 16:24:59,303] {logging_mixin.py:104} INFO - [2022-04-02 16:24:59,302] {dag.py:1832} INFO - Sync 1 DAGs
[2022-04-02 16:24:59,312] {logging_mixin.py:104} INFO - [2022-04-02 16:24:59,312] {dag.py:2305} INFO - Setting next_dagrun for example_short_circuit_operator to 2022-03-31 00:00:00+00:00
[2022-04-02 16:24:59,340] {scheduler_job.py:190} INFO - Processing /home/airflow/sandbox/lib/python3.8/site-packages/airflow/example_dags/example_short_circuit_operator.py took 0.100 seconds
[2022-04-02 16:25:38,667] {scheduler_job.py:182} INFO - Started process (PID=3940) to work on /home/airflow/sandbox/lib/python3.8/site-packages/airflow/example_dags/example_short_circuit_operator.py
[2022-04-02 16:25:38,670] {scheduler_job.py:633} INFO - Processing file /home/airflow/sandbox/lib/python3.8/site-packages/airflow/example_dags/example_short_circuit_operator.py for tasks to queue
[2022-04-02 16:25:38,672] {logging_mixin.py:104} INFO - [2022-04-02 16:25:38,672] {dagbag.py:487} INFO - Filling up the DagBag from /home/airflow/sandbox/lib/python3.8/site-packages/airflow/example_dags/example_short_circuit_operator.py
[2022-04-02 16:25:38,694] {scheduler_job.py:643} INFO - DAG(s) dict_keys(['example_short_circuit_operator']) retrieved from /home/airflow/sandbox/lib/python3.8/site-packages/airflow/example_dags/example_short_circuit_operator.py
[2022-04-02 16:25:38,727] {logging_mixin.py:104} INFO - [2022-04-02 16:25:38,727] {dag.py:1832} INFO - Sync 1 DAGs
[2022-04-02 16:25:38,740] {logging_mixin.py:104} INFO - [2022-04-02 16:25:38,739] {dag.py:2305} INFO - Setting next_dagrun for example_short_circuit_operator to 2022-03-31 00:00:00+00:00
[2022-04-02 16:25:38,762] {scheduler_job.py:190} INFO - Processing /home/airflow/sandbox/lib/python3.8/site-packages/airflow/example_dags/example_short_circuit_operator.py took 0.101 seconds
[2022-04-02 16:26:16,300] {scheduler_job.py:182} INFO - Started process (PID=3971) to work on /home/airflow/sandbox/lib/python3.8/site-packages/airflow/example_dags/example_short_circuit_operator.py
[2022-04-02 16:26:16,301] {scheduler_job.py:633} INFO - Processing file /home/airflow/sandbox/lib/python3.8/site-packages/airflow/example_dags/example_short_circuit_operator.py for tasks to queue
[2022-04-02 16:26:16,302] {logging_mixin.py:104} INFO - [2022-04-02 16:26:16,301] {dagbag.py:487} INFO - Filling up the DagBag from /home/airflow/sandbox/lib/python3.8/site-packages/airflow/example_dags/example_short_circuit_operator.py
[2022-04-02 16:26:16,314] {scheduler_job.py:643} INFO - DAG(s) dict_keys(['example_short_circuit_operator']) retrieved from /home/airflow/sandbox/lib/python3.8/site-packages/airflow/example_dags/example_short_circuit_operator.py
[2022-04-02 16:26:16,335] {logging_mixin.py:104} INFO - [2022-04-02 16:26:16,335] {dag.py:1832} INFO - Sync 1 DAGs
[2022-04-02 16:26:16,346] {logging_mixin.py:104} INFO - [2022-04-02 16:26:16,346] {dag.py:2305} INFO - Setting next_dagrun for example_short_circuit_operator to 2022-03-31 00:00:00+00:00
[2022-04-02 16:26:16,364] {scheduler_job.py:190} INFO - Processing /home/airflow/sandbox/lib/python3.8/site-packages/airflow/example_dags/example_short_circuit_operator.py took 0.067 seconds
[2022-04-02 16:26:51,912] {scheduler_job.py:182} INFO - Started process (PID=4001) to work on /home/airflow/sandbox/lib/python3.8/site-packages/airflow/example_dags/example_short_circuit_operator.py
[2022-04-02 16:26:51,915] {scheduler_job.py:633} INFO - Processing file /home/airflow/sandbox/lib/python3.8/site-packages/airflow/example_dags/example_short_circuit_operator.py for tasks to queue
[2022-04-02 16:26:51,916] {logging_mixin.py:104} INFO - [2022-04-02 16:26:51,916] {dagbag.py:487} INFO - Filling up the DagBag from /home/airflow/sandbox/lib/python3.8/site-packages/airflow/example_dags/example_short_circuit_operator.py
[2022-04-02 16:26:51,942] {scheduler_job.py:643} INFO - DAG(s) dict_keys(['example_short_circuit_operator']) retrieved from /home/airflow/sandbox/lib/python3.8/site-packages/airflow/example_dags/example_short_circuit_operator.py
[2022-04-02 16:26:51,975] {logging_mixin.py:104} INFO - [2022-04-02 16:26:51,975] {dag.py:1832} INFO - Sync 1 DAGs
[2022-04-02 16:26:51,995] {logging_mixin.py:104} INFO - [2022-04-02 16:26:51,995] {dag.py:2305} INFO - Setting next_dagrun for example_short_circuit_operator to 2022-03-31 00:00:00+00:00
[2022-04-02 16:26:52,024] {scheduler_job.py:190} INFO - Processing /home/airflow/sandbox/lib/python3.8/site-packages/airflow/example_dags/example_short_circuit_operator.py took 0.118 seconds
