[2022-04-02 16:14:00,709] {scheduler_job.py:182} INFO - Started process (PID=3151) to work on /home/airflow/sandbox/lib/python3.8/site-packages/airflow/example_dags/example_kubernetes_executor.py
[2022-04-02 16:14:00,710] {scheduler_job.py:633} INFO - Processing file /home/airflow/sandbox/lib/python3.8/site-packages/airflow/example_dags/example_kubernetes_executor.py for tasks to queue
[2022-04-02 16:14:00,711] {logging_mixin.py:104} INFO - [2022-04-02 16:14:00,711] {dagbag.py:487} INFO - Filling up the DagBag from /home/airflow/sandbox/lib/python3.8/site-packages/airflow/example_dags/example_kubernetes_executor.py
[2022-04-02 16:14:00,722] {scheduler_job.py:643} INFO - DAG(s) dict_keys(['example_kubernetes_executor']) retrieved from /home/airflow/sandbox/lib/python3.8/site-packages/airflow/example_dags/example_kubernetes_executor.py
[2022-04-02 16:14:01,044] {logging_mixin.py:104} INFO - [2022-04-02 16:14:01,044] {dag.py:1832} INFO - Sync 1 DAGs
[2022-04-02 16:14:01,054] {logging_mixin.py:104} INFO - [2022-04-02 16:14:01,054] {dag.py:2305} INFO - Setting next_dagrun for example_kubernetes_executor to None
[2022-04-02 16:14:01,085] {scheduler_job.py:190} INFO - Processing /home/airflow/sandbox/lib/python3.8/site-packages/airflow/example_dags/example_kubernetes_executor.py took 0.379 seconds
[2022-04-02 16:14:43,463] {scheduler_job.py:182} INFO - Started process (PID=3184) to work on /home/airflow/sandbox/lib/python3.8/site-packages/airflow/example_dags/example_kubernetes_executor.py
[2022-04-02 16:14:43,466] {scheduler_job.py:633} INFO - Processing file /home/airflow/sandbox/lib/python3.8/site-packages/airflow/example_dags/example_kubernetes_executor.py for tasks to queue
[2022-04-02 16:14:43,468] {logging_mixin.py:104} INFO - [2022-04-02 16:14:43,467] {dagbag.py:487} INFO - Filling up the DagBag from /home/airflow/sandbox/lib/python3.8/site-packages/airflow/example_dags/example_kubernetes_executor.py
[2022-04-02 16:14:43,482] {scheduler_job.py:643} INFO - DAG(s) dict_keys(['example_kubernetes_executor']) retrieved from /home/airflow/sandbox/lib/python3.8/site-packages/airflow/example_dags/example_kubernetes_executor.py
[2022-04-02 16:14:43,496] {logging_mixin.py:104} INFO - [2022-04-02 16:14:43,496] {dag.py:1832} INFO - Sync 1 DAGs
[2022-04-02 16:14:43,509] {logging_mixin.py:104} INFO - [2022-04-02 16:14:43,508] {dag.py:2305} INFO - Setting next_dagrun for example_kubernetes_executor to None
[2022-04-02 16:14:43,532] {scheduler_job.py:190} INFO - Processing /home/airflow/sandbox/lib/python3.8/site-packages/airflow/example_dags/example_kubernetes_executor.py took 0.073 seconds
[2022-04-02 16:15:23,125] {scheduler_job.py:182} INFO - Started process (PID=3216) to work on /home/airflow/sandbox/lib/python3.8/site-packages/airflow/example_dags/example_kubernetes_executor.py
[2022-04-02 16:15:23,128] {scheduler_job.py:633} INFO - Processing file /home/airflow/sandbox/lib/python3.8/site-packages/airflow/example_dags/example_kubernetes_executor.py for tasks to queue
[2022-04-02 16:15:23,129] {logging_mixin.py:104} INFO - [2022-04-02 16:15:23,129] {dagbag.py:487} INFO - Filling up the DagBag from /home/airflow/sandbox/lib/python3.8/site-packages/airflow/example_dags/example_kubernetes_executor.py
[2022-04-02 16:15:23,154] {scheduler_job.py:643} INFO - DAG(s) dict_keys(['example_kubernetes_executor']) retrieved from /home/airflow/sandbox/lib/python3.8/site-packages/airflow/example_dags/example_kubernetes_executor.py
[2022-04-02 16:15:23,170] {logging_mixin.py:104} INFO - [2022-04-02 16:15:23,170] {dag.py:1832} INFO - Sync 1 DAGs
[2022-04-02 16:15:23,194] {logging_mixin.py:104} INFO - [2022-04-02 16:15:23,193] {dag.py:2305} INFO - Setting next_dagrun for example_kubernetes_executor to None
[2022-04-02 16:15:23,221] {scheduler_job.py:190} INFO - Processing /home/airflow/sandbox/lib/python3.8/site-packages/airflow/example_dags/example_kubernetes_executor.py took 0.101 seconds
[2022-04-02 16:16:01,610] {scheduler_job.py:182} INFO - Started process (PID=3248) to work on /home/airflow/sandbox/lib/python3.8/site-packages/airflow/example_dags/example_kubernetes_executor.py
[2022-04-02 16:16:01,612] {scheduler_job.py:633} INFO - Processing file /home/airflow/sandbox/lib/python3.8/site-packages/airflow/example_dags/example_kubernetes_executor.py for tasks to queue
[2022-04-02 16:16:01,613] {logging_mixin.py:104} INFO - [2022-04-02 16:16:01,613] {dagbag.py:487} INFO - Filling up the DagBag from /home/airflow/sandbox/lib/python3.8/site-packages/airflow/example_dags/example_kubernetes_executor.py
[2022-04-02 16:16:01,640] {scheduler_job.py:643} INFO - DAG(s) dict_keys(['example_kubernetes_executor']) retrieved from /home/airflow/sandbox/lib/python3.8/site-packages/airflow/example_dags/example_kubernetes_executor.py
[2022-04-02 16:16:01,668] {logging_mixin.py:104} INFO - [2022-04-02 16:16:01,667] {dag.py:1832} INFO - Sync 1 DAGs
[2022-04-02 16:16:01,693] {logging_mixin.py:104} INFO - [2022-04-02 16:16:01,693] {dag.py:2305} INFO - Setting next_dagrun for example_kubernetes_executor to None
[2022-04-02 16:16:01,724] {scheduler_job.py:190} INFO - Processing /home/airflow/sandbox/lib/python3.8/site-packages/airflow/example_dags/example_kubernetes_executor.py took 0.121 seconds
[2022-04-02 16:16:40,790] {scheduler_job.py:182} INFO - Started process (PID=3280) to work on /home/airflow/sandbox/lib/python3.8/site-packages/airflow/example_dags/example_kubernetes_executor.py
[2022-04-02 16:16:40,793] {scheduler_job.py:633} INFO - Processing file /home/airflow/sandbox/lib/python3.8/site-packages/airflow/example_dags/example_kubernetes_executor.py for tasks to queue
[2022-04-02 16:16:40,794] {logging_mixin.py:104} INFO - [2022-04-02 16:16:40,794] {dagbag.py:487} INFO - Filling up the DagBag from /home/airflow/sandbox/lib/python3.8/site-packages/airflow/example_dags/example_kubernetes_executor.py
[2022-04-02 16:16:40,808] {scheduler_job.py:643} INFO - DAG(s) dict_keys(['example_kubernetes_executor']) retrieved from /home/airflow/sandbox/lib/python3.8/site-packages/airflow/example_dags/example_kubernetes_executor.py
[2022-04-02 16:16:40,821] {logging_mixin.py:104} INFO - [2022-04-02 16:16:40,821] {dag.py:1832} INFO - Sync 1 DAGs
[2022-04-02 16:16:40,849] {logging_mixin.py:104} INFO - [2022-04-02 16:16:40,849] {dag.py:2305} INFO - Setting next_dagrun for example_kubernetes_executor to None
[2022-04-02 16:16:40,883] {scheduler_job.py:190} INFO - Processing /home/airflow/sandbox/lib/python3.8/site-packages/airflow/example_dags/example_kubernetes_executor.py took 0.099 seconds
[2022-04-02 16:17:16,030] {scheduler_job.py:182} INFO - Started process (PID=3321) to work on /home/airflow/sandbox/lib/python3.8/site-packages/airflow/example_dags/example_kubernetes_executor.py
[2022-04-02 16:17:16,032] {scheduler_job.py:633} INFO - Processing file /home/airflow/sandbox/lib/python3.8/site-packages/airflow/example_dags/example_kubernetes_executor.py for tasks to queue
[2022-04-02 16:17:16,033] {logging_mixin.py:104} INFO - [2022-04-02 16:17:16,033] {dagbag.py:487} INFO - Filling up the DagBag from /home/airflow/sandbox/lib/python3.8/site-packages/airflow/example_dags/example_kubernetes_executor.py
[2022-04-02 16:17:16,057] {scheduler_job.py:643} INFO - DAG(s) dict_keys(['example_kubernetes_executor']) retrieved from /home/airflow/sandbox/lib/python3.8/site-packages/airflow/example_dags/example_kubernetes_executor.py
[2022-04-02 16:17:16,081] {logging_mixin.py:104} INFO - [2022-04-02 16:17:16,081] {dag.py:1832} INFO - Sync 1 DAGs
[2022-04-02 16:17:16,103] {logging_mixin.py:104} INFO - [2022-04-02 16:17:16,102] {dag.py:2305} INFO - Setting next_dagrun for example_kubernetes_executor to None
[2022-04-02 16:17:16,135] {scheduler_job.py:190} INFO - Processing /home/airflow/sandbox/lib/python3.8/site-packages/airflow/example_dags/example_kubernetes_executor.py took 0.114 seconds
[2022-04-02 16:17:50,375] {scheduler_job.py:182} INFO - Started process (PID=3350) to work on /home/airflow/sandbox/lib/python3.8/site-packages/airflow/example_dags/example_kubernetes_executor.py
[2022-04-02 16:17:50,376] {scheduler_job.py:633} INFO - Processing file /home/airflow/sandbox/lib/python3.8/site-packages/airflow/example_dags/example_kubernetes_executor.py for tasks to queue
[2022-04-02 16:17:50,377] {logging_mixin.py:104} INFO - [2022-04-02 16:17:50,377] {dagbag.py:487} INFO - Filling up the DagBag from /home/airflow/sandbox/lib/python3.8/site-packages/airflow/example_dags/example_kubernetes_executor.py
[2022-04-02 16:17:50,386] {scheduler_job.py:643} INFO - DAG(s) dict_keys(['example_kubernetes_executor']) retrieved from /home/airflow/sandbox/lib/python3.8/site-packages/airflow/example_dags/example_kubernetes_executor.py
[2022-04-02 16:17:50,408] {logging_mixin.py:104} INFO - [2022-04-02 16:17:50,408] {dag.py:1832} INFO - Sync 1 DAGs
[2022-04-02 16:17:50,434] {logging_mixin.py:104} INFO - [2022-04-02 16:17:50,434] {dag.py:2305} INFO - Setting next_dagrun for example_kubernetes_executor to None
[2022-04-02 16:17:50,461] {scheduler_job.py:190} INFO - Processing /home/airflow/sandbox/lib/python3.8/site-packages/airflow/example_dags/example_kubernetes_executor.py took 0.090 seconds
[2022-04-02 16:18:29,001] {scheduler_job.py:182} INFO - Started process (PID=3443) to work on /home/airflow/sandbox/lib/python3.8/site-packages/airflow/example_dags/example_kubernetes_executor.py
[2022-04-02 16:18:29,002] {scheduler_job.py:633} INFO - Processing file /home/airflow/sandbox/lib/python3.8/site-packages/airflow/example_dags/example_kubernetes_executor.py for tasks to queue
[2022-04-02 16:18:29,003] {logging_mixin.py:104} INFO - [2022-04-02 16:18:29,003] {dagbag.py:487} INFO - Filling up the DagBag from /home/airflow/sandbox/lib/python3.8/site-packages/airflow/example_dags/example_kubernetes_executor.py
[2022-04-02 16:18:29,027] {scheduler_job.py:643} INFO - DAG(s) dict_keys(['example_kubernetes_executor']) retrieved from /home/airflow/sandbox/lib/python3.8/site-packages/airflow/example_dags/example_kubernetes_executor.py
[2022-04-02 16:18:29,060] {logging_mixin.py:104} INFO - [2022-04-02 16:18:29,060] {dag.py:1832} INFO - Sync 1 DAGs
[2022-04-02 16:18:29,082] {logging_mixin.py:104} INFO - [2022-04-02 16:18:29,082] {dag.py:2305} INFO - Setting next_dagrun for example_kubernetes_executor to None
[2022-04-02 16:18:29,120] {scheduler_job.py:190} INFO - Processing /home/airflow/sandbox/lib/python3.8/site-packages/airflow/example_dags/example_kubernetes_executor.py took 0.124 seconds
[2022-04-02 16:19:06,506] {scheduler_job.py:182} INFO - Started process (PID=3474) to work on /home/airflow/sandbox/lib/python3.8/site-packages/airflow/example_dags/example_kubernetes_executor.py
[2022-04-02 16:19:06,511] {scheduler_job.py:633} INFO - Processing file /home/airflow/sandbox/lib/python3.8/site-packages/airflow/example_dags/example_kubernetes_executor.py for tasks to queue
[2022-04-02 16:19:06,512] {logging_mixin.py:104} INFO - [2022-04-02 16:19:06,512] {dagbag.py:487} INFO - Filling up the DagBag from /home/airflow/sandbox/lib/python3.8/site-packages/airflow/example_dags/example_kubernetes_executor.py
[2022-04-02 16:19:06,539] {scheduler_job.py:643} INFO - DAG(s) dict_keys(['example_kubernetes_executor']) retrieved from /home/airflow/sandbox/lib/python3.8/site-packages/airflow/example_dags/example_kubernetes_executor.py
[2022-04-02 16:19:06,572] {logging_mixin.py:104} INFO - [2022-04-02 16:19:06,572] {dag.py:1832} INFO - Sync 1 DAGs
[2022-04-02 16:19:06,595] {logging_mixin.py:104} INFO - [2022-04-02 16:19:06,594] {dag.py:2305} INFO - Setting next_dagrun for example_kubernetes_executor to None
[2022-04-02 16:19:06,629] {scheduler_job.py:190} INFO - Processing /home/airflow/sandbox/lib/python3.8/site-packages/airflow/example_dags/example_kubernetes_executor.py took 0.130 seconds
[2022-04-02 16:19:46,006] {scheduler_job.py:182} INFO - Started process (PID=3605) to work on /home/airflow/sandbox/lib/python3.8/site-packages/airflow/example_dags/example_kubernetes_executor.py
[2022-04-02 16:19:46,008] {scheduler_job.py:633} INFO - Processing file /home/airflow/sandbox/lib/python3.8/site-packages/airflow/example_dags/example_kubernetes_executor.py for tasks to queue
[2022-04-02 16:19:46,008] {logging_mixin.py:104} INFO - [2022-04-02 16:19:46,008] {dagbag.py:487} INFO - Filling up the DagBag from /home/airflow/sandbox/lib/python3.8/site-packages/airflow/example_dags/example_kubernetes_executor.py
[2022-04-02 16:19:46,022] {scheduler_job.py:643} INFO - DAG(s) dict_keys(['example_kubernetes_executor']) retrieved from /home/airflow/sandbox/lib/python3.8/site-packages/airflow/example_dags/example_kubernetes_executor.py
[2022-04-02 16:19:46,036] {logging_mixin.py:104} INFO - [2022-04-02 16:19:46,036] {dag.py:1832} INFO - Sync 1 DAGs
[2022-04-02 16:19:46,048] {logging_mixin.py:104} INFO - [2022-04-02 16:19:46,048] {dag.py:2305} INFO - Setting next_dagrun for example_kubernetes_executor to None
[2022-04-02 16:19:46,074] {scheduler_job.py:190} INFO - Processing /home/airflow/sandbox/lib/python3.8/site-packages/airflow/example_dags/example_kubernetes_executor.py took 0.073 seconds
[2022-04-02 16:20:24,346] {scheduler_job.py:182} INFO - Started process (PID=3636) to work on /home/airflow/sandbox/lib/python3.8/site-packages/airflow/example_dags/example_kubernetes_executor.py
[2022-04-02 16:20:24,348] {scheduler_job.py:633} INFO - Processing file /home/airflow/sandbox/lib/python3.8/site-packages/airflow/example_dags/example_kubernetes_executor.py for tasks to queue
[2022-04-02 16:20:24,349] {logging_mixin.py:104} INFO - [2022-04-02 16:20:24,349] {dagbag.py:487} INFO - Filling up the DagBag from /home/airflow/sandbox/lib/python3.8/site-packages/airflow/example_dags/example_kubernetes_executor.py
[2022-04-02 16:20:24,371] {scheduler_job.py:643} INFO - DAG(s) dict_keys(['example_kubernetes_executor']) retrieved from /home/airflow/sandbox/lib/python3.8/site-packages/airflow/example_dags/example_kubernetes_executor.py
[2022-04-02 16:20:24,399] {logging_mixin.py:104} INFO - [2022-04-02 16:20:24,398] {dag.py:1832} INFO - Sync 1 DAGs
[2022-04-02 16:20:24,415] {logging_mixin.py:104} INFO - [2022-04-02 16:20:24,415] {dag.py:2305} INFO - Setting next_dagrun for example_kubernetes_executor to None
[2022-04-02 16:20:24,446] {scheduler_job.py:190} INFO - Processing /home/airflow/sandbox/lib/python3.8/site-packages/airflow/example_dags/example_kubernetes_executor.py took 0.103 seconds
[2022-04-02 16:21:06,217] {scheduler_job.py:182} INFO - Started process (PID=3670) to work on /home/airflow/sandbox/lib/python3.8/site-packages/airflow/example_dags/example_kubernetes_executor.py
[2022-04-02 16:21:06,220] {scheduler_job.py:633} INFO - Processing file /home/airflow/sandbox/lib/python3.8/site-packages/airflow/example_dags/example_kubernetes_executor.py for tasks to queue
[2022-04-02 16:21:06,220] {logging_mixin.py:104} INFO - [2022-04-02 16:21:06,220] {dagbag.py:487} INFO - Filling up the DagBag from /home/airflow/sandbox/lib/python3.8/site-packages/airflow/example_dags/example_kubernetes_executor.py
[2022-04-02 16:21:06,237] {scheduler_job.py:643} INFO - DAG(s) dict_keys(['example_kubernetes_executor']) retrieved from /home/airflow/sandbox/lib/python3.8/site-packages/airflow/example_dags/example_kubernetes_executor.py
[2022-04-02 16:21:06,259] {logging_mixin.py:104} INFO - [2022-04-02 16:21:06,259] {dag.py:1832} INFO - Sync 1 DAGs
[2022-04-02 16:21:06,280] {logging_mixin.py:104} INFO - [2022-04-02 16:21:06,279] {dag.py:2305} INFO - Setting next_dagrun for example_kubernetes_executor to None
[2022-04-02 16:21:06,304] {scheduler_job.py:190} INFO - Processing /home/airflow/sandbox/lib/python3.8/site-packages/airflow/example_dags/example_kubernetes_executor.py took 0.093 seconds
[2022-04-02 16:21:45,937] {scheduler_job.py:182} INFO - Started process (PID=3704) to work on /home/airflow/sandbox/lib/python3.8/site-packages/airflow/example_dags/example_kubernetes_executor.py
[2022-04-02 16:21:45,939] {scheduler_job.py:633} INFO - Processing file /home/airflow/sandbox/lib/python3.8/site-packages/airflow/example_dags/example_kubernetes_executor.py for tasks to queue
[2022-04-02 16:21:45,941] {logging_mixin.py:104} INFO - [2022-04-02 16:21:45,941] {dagbag.py:487} INFO - Filling up the DagBag from /home/airflow/sandbox/lib/python3.8/site-packages/airflow/example_dags/example_kubernetes_executor.py
[2022-04-02 16:21:45,962] {scheduler_job.py:643} INFO - DAG(s) dict_keys(['example_kubernetes_executor']) retrieved from /home/airflow/sandbox/lib/python3.8/site-packages/airflow/example_dags/example_kubernetes_executor.py
[2022-04-02 16:21:45,990] {logging_mixin.py:104} INFO - [2022-04-02 16:21:45,990] {dag.py:1832} INFO - Sync 1 DAGs
[2022-04-02 16:21:46,006] {logging_mixin.py:104} INFO - [2022-04-02 16:21:46,005] {dag.py:2305} INFO - Setting next_dagrun for example_kubernetes_executor to None
[2022-04-02 16:21:46,046] {scheduler_job.py:190} INFO - Processing /home/airflow/sandbox/lib/python3.8/site-packages/airflow/example_dags/example_kubernetes_executor.py took 0.115 seconds
[2022-04-02 16:22:24,433] {scheduler_job.py:182} INFO - Started process (PID=3737) to work on /home/airflow/sandbox/lib/python3.8/site-packages/airflow/example_dags/example_kubernetes_executor.py
[2022-04-02 16:22:24,435] {scheduler_job.py:633} INFO - Processing file /home/airflow/sandbox/lib/python3.8/site-packages/airflow/example_dags/example_kubernetes_executor.py for tasks to queue
[2022-04-02 16:22:24,437] {logging_mixin.py:104} INFO - [2022-04-02 16:22:24,437] {dagbag.py:487} INFO - Filling up the DagBag from /home/airflow/sandbox/lib/python3.8/site-packages/airflow/example_dags/example_kubernetes_executor.py
[2022-04-02 16:22:24,467] {scheduler_job.py:643} INFO - DAG(s) dict_keys(['example_kubernetes_executor']) retrieved from /home/airflow/sandbox/lib/python3.8/site-packages/airflow/example_dags/example_kubernetes_executor.py
[2022-04-02 16:22:24,488] {logging_mixin.py:104} INFO - [2022-04-02 16:22:24,488] {dag.py:1832} INFO - Sync 1 DAGs
[2022-04-02 16:22:24,501] {logging_mixin.py:104} INFO - [2022-04-02 16:22:24,501] {dag.py:2305} INFO - Setting next_dagrun for example_kubernetes_executor to None
[2022-04-02 16:22:24,532] {scheduler_job.py:190} INFO - Processing /home/airflow/sandbox/lib/python3.8/site-packages/airflow/example_dags/example_kubernetes_executor.py took 0.108 seconds
[2022-04-02 16:23:02,727] {scheduler_job.py:182} INFO - Started process (PID=3790) to work on /home/airflow/sandbox/lib/python3.8/site-packages/airflow/example_dags/example_kubernetes_executor.py
[2022-04-02 16:23:02,731] {scheduler_job.py:633} INFO - Processing file /home/airflow/sandbox/lib/python3.8/site-packages/airflow/example_dags/example_kubernetes_executor.py for tasks to queue
[2022-04-02 16:23:02,732] {logging_mixin.py:104} INFO - [2022-04-02 16:23:02,732] {dagbag.py:487} INFO - Filling up the DagBag from /home/airflow/sandbox/lib/python3.8/site-packages/airflow/example_dags/example_kubernetes_executor.py
[2022-04-02 16:23:02,744] {scheduler_job.py:643} INFO - DAG(s) dict_keys(['example_kubernetes_executor']) retrieved from /home/airflow/sandbox/lib/python3.8/site-packages/airflow/example_dags/example_kubernetes_executor.py
[2022-04-02 16:23:02,765] {logging_mixin.py:104} INFO - [2022-04-02 16:23:02,765] {dag.py:1832} INFO - Sync 1 DAGs
[2022-04-02 16:23:02,781] {logging_mixin.py:104} INFO - [2022-04-02 16:23:02,780] {dag.py:2305} INFO - Setting next_dagrun for example_kubernetes_executor to None
[2022-04-02 16:23:02,807] {scheduler_job.py:190} INFO - Processing /home/airflow/sandbox/lib/python3.8/site-packages/airflow/example_dags/example_kubernetes_executor.py took 0.087 seconds
[2022-04-02 16:23:39,890] {scheduler_job.py:182} INFO - Started process (PID=3844) to work on /home/airflow/sandbox/lib/python3.8/site-packages/airflow/example_dags/example_kubernetes_executor.py
[2022-04-02 16:23:39,893] {scheduler_job.py:633} INFO - Processing file /home/airflow/sandbox/lib/python3.8/site-packages/airflow/example_dags/example_kubernetes_executor.py for tasks to queue
[2022-04-02 16:23:39,893] {logging_mixin.py:104} INFO - [2022-04-02 16:23:39,893] {dagbag.py:487} INFO - Filling up the DagBag from /home/airflow/sandbox/lib/python3.8/site-packages/airflow/example_dags/example_kubernetes_executor.py
[2022-04-02 16:23:39,907] {scheduler_job.py:643} INFO - DAG(s) dict_keys(['example_kubernetes_executor']) retrieved from /home/airflow/sandbox/lib/python3.8/site-packages/airflow/example_dags/example_kubernetes_executor.py
[2022-04-02 16:23:39,930] {logging_mixin.py:104} INFO - [2022-04-02 16:23:39,930] {dag.py:1832} INFO - Sync 1 DAGs
[2022-04-02 16:23:39,947] {logging_mixin.py:104} INFO - [2022-04-02 16:23:39,947] {dag.py:2305} INFO - Setting next_dagrun for example_kubernetes_executor to None
[2022-04-02 16:23:39,975] {scheduler_job.py:190} INFO - Processing /home/airflow/sandbox/lib/python3.8/site-packages/airflow/example_dags/example_kubernetes_executor.py took 0.091 seconds
[2022-04-02 16:24:15,556] {scheduler_job.py:182} INFO - Started process (PID=3872) to work on /home/airflow/sandbox/lib/python3.8/site-packages/airflow/example_dags/example_kubernetes_executor.py
[2022-04-02 16:24:15,557] {scheduler_job.py:633} INFO - Processing file /home/airflow/sandbox/lib/python3.8/site-packages/airflow/example_dags/example_kubernetes_executor.py for tasks to queue
[2022-04-02 16:24:15,558] {logging_mixin.py:104} INFO - [2022-04-02 16:24:15,558] {dagbag.py:487} INFO - Filling up the DagBag from /home/airflow/sandbox/lib/python3.8/site-packages/airflow/example_dags/example_kubernetes_executor.py
[2022-04-02 16:24:15,570] {scheduler_job.py:643} INFO - DAG(s) dict_keys(['example_kubernetes_executor']) retrieved from /home/airflow/sandbox/lib/python3.8/site-packages/airflow/example_dags/example_kubernetes_executor.py
[2022-04-02 16:24:15,584] {logging_mixin.py:104} INFO - [2022-04-02 16:24:15,584] {dag.py:1832} INFO - Sync 1 DAGs
[2022-04-02 16:24:15,598] {logging_mixin.py:104} INFO - [2022-04-02 16:24:15,598] {dag.py:2305} INFO - Setting next_dagrun for example_kubernetes_executor to None
[2022-04-02 16:24:15,619] {scheduler_job.py:190} INFO - Processing /home/airflow/sandbox/lib/python3.8/site-packages/airflow/example_dags/example_kubernetes_executor.py took 0.066 seconds
[2022-04-02 16:24:49,566] {scheduler_job.py:182} INFO - Started process (PID=3900) to work on /home/airflow/sandbox/lib/python3.8/site-packages/airflow/example_dags/example_kubernetes_executor.py
[2022-04-02 16:24:49,568] {scheduler_job.py:633} INFO - Processing file /home/airflow/sandbox/lib/python3.8/site-packages/airflow/example_dags/example_kubernetes_executor.py for tasks to queue
[2022-04-02 16:24:49,568] {logging_mixin.py:104} INFO - [2022-04-02 16:24:49,568] {dagbag.py:487} INFO - Filling up the DagBag from /home/airflow/sandbox/lib/python3.8/site-packages/airflow/example_dags/example_kubernetes_executor.py
[2022-04-02 16:24:49,596] {scheduler_job.py:643} INFO - DAG(s) dict_keys(['example_kubernetes_executor']) retrieved from /home/airflow/sandbox/lib/python3.8/site-packages/airflow/example_dags/example_kubernetes_executor.py
[2022-04-02 16:24:49,620] {logging_mixin.py:104} INFO - [2022-04-02 16:24:49,620] {dag.py:1832} INFO - Sync 1 DAGs
[2022-04-02 16:24:49,639] {logging_mixin.py:104} INFO - [2022-04-02 16:24:49,638] {dag.py:2305} INFO - Setting next_dagrun for example_kubernetes_executor to None
[2022-04-02 16:24:49,657] {scheduler_job.py:190} INFO - Processing /home/airflow/sandbox/lib/python3.8/site-packages/airflow/example_dags/example_kubernetes_executor.py took 0.094 seconds
[2022-04-02 16:25:29,167] {scheduler_job.py:182} INFO - Started process (PID=3932) to work on /home/airflow/sandbox/lib/python3.8/site-packages/airflow/example_dags/example_kubernetes_executor.py
[2022-04-02 16:25:29,170] {scheduler_job.py:633} INFO - Processing file /home/airflow/sandbox/lib/python3.8/site-packages/airflow/example_dags/example_kubernetes_executor.py for tasks to queue
[2022-04-02 16:25:29,171] {logging_mixin.py:104} INFO - [2022-04-02 16:25:29,171] {dagbag.py:487} INFO - Filling up the DagBag from /home/airflow/sandbox/lib/python3.8/site-packages/airflow/example_dags/example_kubernetes_executor.py
[2022-04-02 16:25:29,196] {scheduler_job.py:643} INFO - DAG(s) dict_keys(['example_kubernetes_executor']) retrieved from /home/airflow/sandbox/lib/python3.8/site-packages/airflow/example_dags/example_kubernetes_executor.py
[2022-04-02 16:25:29,229] {logging_mixin.py:104} INFO - [2022-04-02 16:25:29,229] {dag.py:1832} INFO - Sync 1 DAGs
[2022-04-02 16:25:29,252] {logging_mixin.py:104} INFO - [2022-04-02 16:25:29,252] {dag.py:2305} INFO - Setting next_dagrun for example_kubernetes_executor to None
[2022-04-02 16:25:29,294] {scheduler_job.py:190} INFO - Processing /home/airflow/sandbox/lib/python3.8/site-packages/airflow/example_dags/example_kubernetes_executor.py took 0.133 seconds
[2022-04-02 16:26:06,814] {scheduler_job.py:182} INFO - Started process (PID=3963) to work on /home/airflow/sandbox/lib/python3.8/site-packages/airflow/example_dags/example_kubernetes_executor.py
[2022-04-02 16:26:06,817] {scheduler_job.py:633} INFO - Processing file /home/airflow/sandbox/lib/python3.8/site-packages/airflow/example_dags/example_kubernetes_executor.py for tasks to queue
[2022-04-02 16:26:06,819] {logging_mixin.py:104} INFO - [2022-04-02 16:26:06,818] {dagbag.py:487} INFO - Filling up the DagBag from /home/airflow/sandbox/lib/python3.8/site-packages/airflow/example_dags/example_kubernetes_executor.py
[2022-04-02 16:26:06,843] {scheduler_job.py:643} INFO - DAG(s) dict_keys(['example_kubernetes_executor']) retrieved from /home/airflow/sandbox/lib/python3.8/site-packages/airflow/example_dags/example_kubernetes_executor.py
[2022-04-02 16:26:06,869] {logging_mixin.py:104} INFO - [2022-04-02 16:26:06,869] {dag.py:1832} INFO - Sync 1 DAGs
[2022-04-02 16:26:06,881] {logging_mixin.py:104} INFO - [2022-04-02 16:26:06,881] {dag.py:2305} INFO - Setting next_dagrun for example_kubernetes_executor to None
[2022-04-02 16:26:06,906] {scheduler_job.py:190} INFO - Processing /home/airflow/sandbox/lib/python3.8/site-packages/airflow/example_dags/example_kubernetes_executor.py took 0.099 seconds
[2022-04-02 16:26:42,881] {scheduler_job.py:182} INFO - Started process (PID=3993) to work on /home/airflow/sandbox/lib/python3.8/site-packages/airflow/example_dags/example_kubernetes_executor.py
[2022-04-02 16:26:42,884] {scheduler_job.py:633} INFO - Processing file /home/airflow/sandbox/lib/python3.8/site-packages/airflow/example_dags/example_kubernetes_executor.py for tasks to queue
[2022-04-02 16:26:42,885] {logging_mixin.py:104} INFO - [2022-04-02 16:26:42,885] {dagbag.py:487} INFO - Filling up the DagBag from /home/airflow/sandbox/lib/python3.8/site-packages/airflow/example_dags/example_kubernetes_executor.py
[2022-04-02 16:26:42,908] {scheduler_job.py:643} INFO - DAG(s) dict_keys(['example_kubernetes_executor']) retrieved from /home/airflow/sandbox/lib/python3.8/site-packages/airflow/example_dags/example_kubernetes_executor.py
[2022-04-02 16:26:42,935] {logging_mixin.py:104} INFO - [2022-04-02 16:26:42,935] {dag.py:1832} INFO - Sync 1 DAGs
[2022-04-02 16:26:42,955] {logging_mixin.py:104} INFO - [2022-04-02 16:26:42,955] {dag.py:2305} INFO - Setting next_dagrun for example_kubernetes_executor to None
[2022-04-02 16:26:42,993] {scheduler_job.py:190} INFO - Processing /home/airflow/sandbox/lib/python3.8/site-packages/airflow/example_dags/example_kubernetes_executor.py took 0.121 seconds
