[2022-04-02 16:14:01,464] {scheduler_job.py:182} INFO - Started process (PID=3152) to work on /home/airflow/sandbox/lib/python3.8/site-packages/airflow/example_dags/example_branch_day_of_week_operator.py
[2022-04-02 16:14:01,465] {scheduler_job.py:633} INFO - Processing file /home/airflow/sandbox/lib/python3.8/site-packages/airflow/example_dags/example_branch_day_of_week_operator.py for tasks to queue
[2022-04-02 16:14:01,468] {logging_mixin.py:104} INFO - [2022-04-02 16:14:01,468] {dagbag.py:487} INFO - Filling up the DagBag from /home/airflow/sandbox/lib/python3.8/site-packages/airflow/example_dags/example_branch_day_of_week_operator.py
[2022-04-02 16:14:01,495] {scheduler_job.py:643} INFO - DAG(s) dict_keys(['example_weekday_branch_operator']) retrieved from /home/airflow/sandbox/lib/python3.8/site-packages/airflow/example_dags/example_branch_day_of_week_operator.py
[2022-04-02 16:14:01,813] {logging_mixin.py:104} INFO - [2022-04-02 16:14:01,813] {dag.py:1832} INFO - Sync 1 DAGs
[2022-04-02 16:14:01,827] {logging_mixin.py:104} INFO - [2022-04-02 16:14:01,827] {dag.py:2305} INFO - Setting next_dagrun for example_weekday_branch_operator to 2022-03-31 00:00:00+00:00
[2022-04-02 16:14:01,846] {scheduler_job.py:190} INFO - Processing /home/airflow/sandbox/lib/python3.8/site-packages/airflow/example_dags/example_branch_day_of_week_operator.py took 0.386 seconds
[2022-04-02 16:14:44,634] {scheduler_job.py:182} INFO - Started process (PID=3185) to work on /home/airflow/sandbox/lib/python3.8/site-packages/airflow/example_dags/example_branch_day_of_week_operator.py
[2022-04-02 16:14:44,638] {scheduler_job.py:633} INFO - Processing file /home/airflow/sandbox/lib/python3.8/site-packages/airflow/example_dags/example_branch_day_of_week_operator.py for tasks to queue
[2022-04-02 16:14:44,640] {logging_mixin.py:104} INFO - [2022-04-02 16:14:44,639] {dagbag.py:487} INFO - Filling up the DagBag from /home/airflow/sandbox/lib/python3.8/site-packages/airflow/example_dags/example_branch_day_of_week_operator.py
[2022-04-02 16:14:44,666] {scheduler_job.py:643} INFO - DAG(s) dict_keys(['example_weekday_branch_operator']) retrieved from /home/airflow/sandbox/lib/python3.8/site-packages/airflow/example_dags/example_branch_day_of_week_operator.py
[2022-04-02 16:14:44,712] {logging_mixin.py:104} INFO - [2022-04-02 16:14:44,712] {dag.py:1832} INFO - Sync 1 DAGs
[2022-04-02 16:14:44,731] {logging_mixin.py:104} INFO - [2022-04-02 16:14:44,731] {dag.py:2305} INFO - Setting next_dagrun for example_weekday_branch_operator to 2022-03-31 00:00:00+00:00
[2022-04-02 16:14:44,770] {scheduler_job.py:190} INFO - Processing /home/airflow/sandbox/lib/python3.8/site-packages/airflow/example_dags/example_branch_day_of_week_operator.py took 0.140 seconds
[2022-04-02 16:15:23,599] {scheduler_job.py:182} INFO - Started process (PID=3217) to work on /home/airflow/sandbox/lib/python3.8/site-packages/airflow/example_dags/example_branch_day_of_week_operator.py
[2022-04-02 16:15:23,602] {scheduler_job.py:633} INFO - Processing file /home/airflow/sandbox/lib/python3.8/site-packages/airflow/example_dags/example_branch_day_of_week_operator.py for tasks to queue
[2022-04-02 16:15:23,604] {logging_mixin.py:104} INFO - [2022-04-02 16:15:23,604] {dagbag.py:487} INFO - Filling up the DagBag from /home/airflow/sandbox/lib/python3.8/site-packages/airflow/example_dags/example_branch_day_of_week_operator.py
[2022-04-02 16:15:23,630] {scheduler_job.py:643} INFO - DAG(s) dict_keys(['example_weekday_branch_operator']) retrieved from /home/airflow/sandbox/lib/python3.8/site-packages/airflow/example_dags/example_branch_day_of_week_operator.py
[2022-04-02 16:15:23,653] {logging_mixin.py:104} INFO - [2022-04-02 16:15:23,653] {dag.py:1832} INFO - Sync 1 DAGs
[2022-04-02 16:15:23,675] {logging_mixin.py:104} INFO - [2022-04-02 16:15:23,675] {dag.py:2305} INFO - Setting next_dagrun for example_weekday_branch_operator to 2022-03-31 00:00:00+00:00
[2022-04-02 16:15:23,713] {scheduler_job.py:190} INFO - Processing /home/airflow/sandbox/lib/python3.8/site-packages/airflow/example_dags/example_branch_day_of_week_operator.py took 0.119 seconds
[2022-04-02 16:16:02,859] {scheduler_job.py:182} INFO - Started process (PID=3249) to work on /home/airflow/sandbox/lib/python3.8/site-packages/airflow/example_dags/example_branch_day_of_week_operator.py
[2022-04-02 16:16:02,861] {scheduler_job.py:633} INFO - Processing file /home/airflow/sandbox/lib/python3.8/site-packages/airflow/example_dags/example_branch_day_of_week_operator.py for tasks to queue
[2022-04-02 16:16:02,862] {logging_mixin.py:104} INFO - [2022-04-02 16:16:02,862] {dagbag.py:487} INFO - Filling up the DagBag from /home/airflow/sandbox/lib/python3.8/site-packages/airflow/example_dags/example_branch_day_of_week_operator.py
[2022-04-02 16:16:02,879] {scheduler_job.py:643} INFO - DAG(s) dict_keys(['example_weekday_branch_operator']) retrieved from /home/airflow/sandbox/lib/python3.8/site-packages/airflow/example_dags/example_branch_day_of_week_operator.py
[2022-04-02 16:16:02,899] {logging_mixin.py:104} INFO - [2022-04-02 16:16:02,899] {dag.py:1832} INFO - Sync 1 DAGs
[2022-04-02 16:16:02,919] {logging_mixin.py:104} INFO - [2022-04-02 16:16:02,919] {dag.py:2305} INFO - Setting next_dagrun for example_weekday_branch_operator to 2022-03-31 00:00:00+00:00
[2022-04-02 16:16:02,951] {scheduler_job.py:190} INFO - Processing /home/airflow/sandbox/lib/python3.8/site-packages/airflow/example_dags/example_branch_day_of_week_operator.py took 0.098 seconds
[2022-04-02 16:16:42,058] {scheduler_job.py:182} INFO - Started process (PID=3281) to work on /home/airflow/sandbox/lib/python3.8/site-packages/airflow/example_dags/example_branch_day_of_week_operator.py
[2022-04-02 16:16:42,059] {scheduler_job.py:633} INFO - Processing file /home/airflow/sandbox/lib/python3.8/site-packages/airflow/example_dags/example_branch_day_of_week_operator.py for tasks to queue
[2022-04-02 16:16:42,060] {logging_mixin.py:104} INFO - [2022-04-02 16:16:42,060] {dagbag.py:487} INFO - Filling up the DagBag from /home/airflow/sandbox/lib/python3.8/site-packages/airflow/example_dags/example_branch_day_of_week_operator.py
[2022-04-02 16:16:42,078] {scheduler_job.py:643} INFO - DAG(s) dict_keys(['example_weekday_branch_operator']) retrieved from /home/airflow/sandbox/lib/python3.8/site-packages/airflow/example_dags/example_branch_day_of_week_operator.py
[2022-04-02 16:16:42,095] {logging_mixin.py:104} INFO - [2022-04-02 16:16:42,095] {dag.py:1832} INFO - Sync 1 DAGs
[2022-04-02 16:16:42,107] {logging_mixin.py:104} INFO - [2022-04-02 16:16:42,107] {dag.py:2305} INFO - Setting next_dagrun for example_weekday_branch_operator to 2022-03-31 00:00:00+00:00
[2022-04-02 16:16:42,136] {scheduler_job.py:190} INFO - Processing /home/airflow/sandbox/lib/python3.8/site-packages/airflow/example_dags/example_branch_day_of_week_operator.py took 0.083 seconds
[2022-04-02 16:17:17,278] {scheduler_job.py:182} INFO - Started process (PID=3322) to work on /home/airflow/sandbox/lib/python3.8/site-packages/airflow/example_dags/example_branch_day_of_week_operator.py
[2022-04-02 16:17:17,279] {scheduler_job.py:633} INFO - Processing file /home/airflow/sandbox/lib/python3.8/site-packages/airflow/example_dags/example_branch_day_of_week_operator.py for tasks to queue
[2022-04-02 16:17:17,280] {logging_mixin.py:104} INFO - [2022-04-02 16:17:17,280] {dagbag.py:487} INFO - Filling up the DagBag from /home/airflow/sandbox/lib/python3.8/site-packages/airflow/example_dags/example_branch_day_of_week_operator.py
[2022-04-02 16:17:17,298] {scheduler_job.py:643} INFO - DAG(s) dict_keys(['example_weekday_branch_operator']) retrieved from /home/airflow/sandbox/lib/python3.8/site-packages/airflow/example_dags/example_branch_day_of_week_operator.py
[2022-04-02 16:17:17,331] {logging_mixin.py:104} INFO - [2022-04-02 16:17:17,331] {dag.py:1832} INFO - Sync 1 DAGs
[2022-04-02 16:17:17,355] {logging_mixin.py:104} INFO - [2022-04-02 16:17:17,354] {dag.py:2305} INFO - Setting next_dagrun for example_weekday_branch_operator to 2022-03-31 00:00:00+00:00
[2022-04-02 16:17:17,376] {scheduler_job.py:190} INFO - Processing /home/airflow/sandbox/lib/python3.8/site-packages/airflow/example_dags/example_branch_day_of_week_operator.py took 0.105 seconds
[2022-04-02 16:17:56,869] {scheduler_job.py:182} INFO - Started process (PID=3355) to work on /home/airflow/sandbox/lib/python3.8/site-packages/airflow/example_dags/example_branch_day_of_week_operator.py
[2022-04-02 16:17:56,871] {scheduler_job.py:633} INFO - Processing file /home/airflow/sandbox/lib/python3.8/site-packages/airflow/example_dags/example_branch_day_of_week_operator.py for tasks to queue
[2022-04-02 16:17:56,872] {logging_mixin.py:104} INFO - [2022-04-02 16:17:56,872] {dagbag.py:487} INFO - Filling up the DagBag from /home/airflow/sandbox/lib/python3.8/site-packages/airflow/example_dags/example_branch_day_of_week_operator.py
[2022-04-02 16:17:56,885] {scheduler_job.py:643} INFO - DAG(s) dict_keys(['example_weekday_branch_operator']) retrieved from /home/airflow/sandbox/lib/python3.8/site-packages/airflow/example_dags/example_branch_day_of_week_operator.py
[2022-04-02 16:17:56,902] {logging_mixin.py:104} INFO - [2022-04-02 16:17:56,902] {dag.py:1832} INFO - Sync 1 DAGs
[2022-04-02 16:17:56,927] {logging_mixin.py:104} INFO - [2022-04-02 16:17:56,927] {dag.py:2305} INFO - Setting next_dagrun for example_weekday_branch_operator to 2022-03-31 00:00:00+00:00
[2022-04-02 16:17:56,952] {scheduler_job.py:190} INFO - Processing /home/airflow/sandbox/lib/python3.8/site-packages/airflow/example_dags/example_branch_day_of_week_operator.py took 0.089 seconds
[2022-04-02 16:18:35,496] {scheduler_job.py:182} INFO - Started process (PID=3448) to work on /home/airflow/sandbox/lib/python3.8/site-packages/airflow/example_dags/example_branch_day_of_week_operator.py
[2022-04-02 16:18:35,501] {scheduler_job.py:633} INFO - Processing file /home/airflow/sandbox/lib/python3.8/site-packages/airflow/example_dags/example_branch_day_of_week_operator.py for tasks to queue
[2022-04-02 16:18:35,502] {logging_mixin.py:104} INFO - [2022-04-02 16:18:35,502] {dagbag.py:487} INFO - Filling up the DagBag from /home/airflow/sandbox/lib/python3.8/site-packages/airflow/example_dags/example_branch_day_of_week_operator.py
[2022-04-02 16:18:35,528] {scheduler_job.py:643} INFO - DAG(s) dict_keys(['example_weekday_branch_operator']) retrieved from /home/airflow/sandbox/lib/python3.8/site-packages/airflow/example_dags/example_branch_day_of_week_operator.py
[2022-04-02 16:18:35,561] {logging_mixin.py:104} INFO - [2022-04-02 16:18:35,561] {dag.py:1832} INFO - Sync 1 DAGs
[2022-04-02 16:18:35,577] {logging_mixin.py:104} INFO - [2022-04-02 16:18:35,577] {dag.py:2305} INFO - Setting next_dagrun for example_weekday_branch_operator to 2022-03-31 00:00:00+00:00
[2022-04-02 16:18:35,598] {scheduler_job.py:190} INFO - Processing /home/airflow/sandbox/lib/python3.8/site-packages/airflow/example_dags/example_branch_day_of_week_operator.py took 0.109 seconds
[2022-04-02 16:19:13,092] {scheduler_job.py:182} INFO - Started process (PID=3479) to work on /home/airflow/sandbox/lib/python3.8/site-packages/airflow/example_dags/example_branch_day_of_week_operator.py
[2022-04-02 16:19:13,094] {scheduler_job.py:633} INFO - Processing file /home/airflow/sandbox/lib/python3.8/site-packages/airflow/example_dags/example_branch_day_of_week_operator.py for tasks to queue
[2022-04-02 16:19:13,096] {logging_mixin.py:104} INFO - [2022-04-02 16:19:13,095] {dagbag.py:487} INFO - Filling up the DagBag from /home/airflow/sandbox/lib/python3.8/site-packages/airflow/example_dags/example_branch_day_of_week_operator.py
[2022-04-02 16:19:13,122] {scheduler_job.py:643} INFO - DAG(s) dict_keys(['example_weekday_branch_operator']) retrieved from /home/airflow/sandbox/lib/python3.8/site-packages/airflow/example_dags/example_branch_day_of_week_operator.py
[2022-04-02 16:19:13,151] {logging_mixin.py:104} INFO - [2022-04-02 16:19:13,151] {dag.py:1832} INFO - Sync 1 DAGs
[2022-04-02 16:19:13,190] {logging_mixin.py:104} INFO - [2022-04-02 16:19:13,190] {dag.py:2305} INFO - Setting next_dagrun for example_weekday_branch_operator to 2022-03-31 00:00:00+00:00
[2022-04-02 16:19:13,220] {scheduler_job.py:190} INFO - Processing /home/airflow/sandbox/lib/python3.8/site-packages/airflow/example_dags/example_branch_day_of_week_operator.py took 0.134 seconds
[2022-04-02 16:19:47,157] {scheduler_job.py:182} INFO - Started process (PID=3606) to work on /home/airflow/sandbox/lib/python3.8/site-packages/airflow/example_dags/example_branch_day_of_week_operator.py
[2022-04-02 16:19:47,158] {scheduler_job.py:633} INFO - Processing file /home/airflow/sandbox/lib/python3.8/site-packages/airflow/example_dags/example_branch_day_of_week_operator.py for tasks to queue
[2022-04-02 16:19:47,159] {logging_mixin.py:104} INFO - [2022-04-02 16:19:47,159] {dagbag.py:487} INFO - Filling up the DagBag from /home/airflow/sandbox/lib/python3.8/site-packages/airflow/example_dags/example_branch_day_of_week_operator.py
[2022-04-02 16:19:47,175] {scheduler_job.py:643} INFO - DAG(s) dict_keys(['example_weekday_branch_operator']) retrieved from /home/airflow/sandbox/lib/python3.8/site-packages/airflow/example_dags/example_branch_day_of_week_operator.py
[2022-04-02 16:19:47,193] {logging_mixin.py:104} INFO - [2022-04-02 16:19:47,193] {dag.py:1832} INFO - Sync 1 DAGs
[2022-04-02 16:19:47,209] {logging_mixin.py:104} INFO - [2022-04-02 16:19:47,209] {dag.py:2305} INFO - Setting next_dagrun for example_weekday_branch_operator to 2022-03-31 00:00:00+00:00
[2022-04-02 16:19:47,233] {scheduler_job.py:190} INFO - Processing /home/airflow/sandbox/lib/python3.8/site-packages/airflow/example_dags/example_branch_day_of_week_operator.py took 0.082 seconds
[2022-04-02 16:20:28,279] {scheduler_job.py:182} INFO - Started process (PID=3640) to work on /home/airflow/sandbox/lib/python3.8/site-packages/airflow/example_dags/example_branch_day_of_week_operator.py
[2022-04-02 16:20:28,281] {scheduler_job.py:633} INFO - Processing file /home/airflow/sandbox/lib/python3.8/site-packages/airflow/example_dags/example_branch_day_of_week_operator.py for tasks to queue
[2022-04-02 16:20:28,282] {logging_mixin.py:104} INFO - [2022-04-02 16:20:28,282] {dagbag.py:487} INFO - Filling up the DagBag from /home/airflow/sandbox/lib/python3.8/site-packages/airflow/example_dags/example_branch_day_of_week_operator.py
[2022-04-02 16:20:28,297] {scheduler_job.py:643} INFO - DAG(s) dict_keys(['example_weekday_branch_operator']) retrieved from /home/airflow/sandbox/lib/python3.8/site-packages/airflow/example_dags/example_branch_day_of_week_operator.py
[2022-04-02 16:20:28,318] {logging_mixin.py:104} INFO - [2022-04-02 16:20:28,318] {dag.py:1832} INFO - Sync 1 DAGs
[2022-04-02 16:20:28,339] {logging_mixin.py:104} INFO - [2022-04-02 16:20:28,339] {dag.py:2305} INFO - Setting next_dagrun for example_weekday_branch_operator to 2022-03-31 00:00:00+00:00
[2022-04-02 16:20:28,365] {scheduler_job.py:190} INFO - Processing /home/airflow/sandbox/lib/python3.8/site-packages/airflow/example_dags/example_branch_day_of_week_operator.py took 0.090 seconds
[2022-04-02 16:21:07,369] {scheduler_job.py:182} INFO - Started process (PID=3671) to work on /home/airflow/sandbox/lib/python3.8/site-packages/airflow/example_dags/example_branch_day_of_week_operator.py
[2022-04-02 16:21:07,371] {scheduler_job.py:633} INFO - Processing file /home/airflow/sandbox/lib/python3.8/site-packages/airflow/example_dags/example_branch_day_of_week_operator.py for tasks to queue
[2022-04-02 16:21:07,372] {logging_mixin.py:104} INFO - [2022-04-02 16:21:07,372] {dagbag.py:487} INFO - Filling up the DagBag from /home/airflow/sandbox/lib/python3.8/site-packages/airflow/example_dags/example_branch_day_of_week_operator.py
[2022-04-02 16:21:07,396] {scheduler_job.py:643} INFO - DAG(s) dict_keys(['example_weekday_branch_operator']) retrieved from /home/airflow/sandbox/lib/python3.8/site-packages/airflow/example_dags/example_branch_day_of_week_operator.py
[2022-04-02 16:21:07,427] {logging_mixin.py:104} INFO - [2022-04-02 16:21:07,427] {dag.py:1832} INFO - Sync 1 DAGs
[2022-04-02 16:21:07,443] {logging_mixin.py:104} INFO - [2022-04-02 16:21:07,443] {dag.py:2305} INFO - Setting next_dagrun for example_weekday_branch_operator to 2022-03-31 00:00:00+00:00
[2022-04-02 16:21:07,466] {scheduler_job.py:190} INFO - Processing /home/airflow/sandbox/lib/python3.8/site-packages/airflow/example_dags/example_branch_day_of_week_operator.py took 0.104 seconds
[2022-04-02 16:21:47,192] {scheduler_job.py:182} INFO - Started process (PID=3705) to work on /home/airflow/sandbox/lib/python3.8/site-packages/airflow/example_dags/example_branch_day_of_week_operator.py
[2022-04-02 16:21:47,194] {scheduler_job.py:633} INFO - Processing file /home/airflow/sandbox/lib/python3.8/site-packages/airflow/example_dags/example_branch_day_of_week_operator.py for tasks to queue
[2022-04-02 16:21:47,195] {logging_mixin.py:104} INFO - [2022-04-02 16:21:47,195] {dagbag.py:487} INFO - Filling up the DagBag from /home/airflow/sandbox/lib/python3.8/site-packages/airflow/example_dags/example_branch_day_of_week_operator.py
[2022-04-02 16:21:47,220] {scheduler_job.py:643} INFO - DAG(s) dict_keys(['example_weekday_branch_operator']) retrieved from /home/airflow/sandbox/lib/python3.8/site-packages/airflow/example_dags/example_branch_day_of_week_operator.py
[2022-04-02 16:21:47,242] {logging_mixin.py:104} INFO - [2022-04-02 16:21:47,242] {dag.py:1832} INFO - Sync 1 DAGs
[2022-04-02 16:21:47,267] {logging_mixin.py:104} INFO - [2022-04-02 16:21:47,266] {dag.py:2305} INFO - Setting next_dagrun for example_weekday_branch_operator to 2022-03-31 00:00:00+00:00
[2022-04-02 16:21:47,295] {scheduler_job.py:190} INFO - Processing /home/airflow/sandbox/lib/python3.8/site-packages/airflow/example_dags/example_branch_day_of_week_operator.py took 0.108 seconds
[2022-04-02 16:22:25,708] {scheduler_job.py:182} INFO - Started process (PID=3738) to work on /home/airflow/sandbox/lib/python3.8/site-packages/airflow/example_dags/example_branch_day_of_week_operator.py
[2022-04-02 16:22:25,712] {scheduler_job.py:633} INFO - Processing file /home/airflow/sandbox/lib/python3.8/site-packages/airflow/example_dags/example_branch_day_of_week_operator.py for tasks to queue
[2022-04-02 16:22:25,716] {logging_mixin.py:104} INFO - [2022-04-02 16:22:25,716] {dagbag.py:487} INFO - Filling up the DagBag from /home/airflow/sandbox/lib/python3.8/site-packages/airflow/example_dags/example_branch_day_of_week_operator.py
[2022-04-02 16:22:25,743] {scheduler_job.py:643} INFO - DAG(s) dict_keys(['example_weekday_branch_operator']) retrieved from /home/airflow/sandbox/lib/python3.8/site-packages/airflow/example_dags/example_branch_day_of_week_operator.py
[2022-04-02 16:22:25,759] {logging_mixin.py:104} INFO - [2022-04-02 16:22:25,758] {dag.py:1832} INFO - Sync 1 DAGs
[2022-04-02 16:22:25,774] {logging_mixin.py:104} INFO - [2022-04-02 16:22:25,774] {dag.py:2305} INFO - Setting next_dagrun for example_weekday_branch_operator to 2022-03-31 00:00:00+00:00
[2022-04-02 16:22:25,798] {scheduler_job.py:190} INFO - Processing /home/airflow/sandbox/lib/python3.8/site-packages/airflow/example_dags/example_branch_day_of_week_operator.py took 0.095 seconds
[2022-04-02 16:23:03,878] {scheduler_job.py:182} INFO - Started process (PID=3803) to work on /home/airflow/sandbox/lib/python3.8/site-packages/airflow/example_dags/example_branch_day_of_week_operator.py
[2022-04-02 16:23:03,882] {scheduler_job.py:633} INFO - Processing file /home/airflow/sandbox/lib/python3.8/site-packages/airflow/example_dags/example_branch_day_of_week_operator.py for tasks to queue
[2022-04-02 16:23:03,886] {logging_mixin.py:104} INFO - [2022-04-02 16:23:03,886] {dagbag.py:487} INFO - Filling up the DagBag from /home/airflow/sandbox/lib/python3.8/site-packages/airflow/example_dags/example_branch_day_of_week_operator.py
[2022-04-02 16:23:03,906] {scheduler_job.py:643} INFO - DAG(s) dict_keys(['example_weekday_branch_operator']) retrieved from /home/airflow/sandbox/lib/python3.8/site-packages/airflow/example_dags/example_branch_day_of_week_operator.py
[2022-04-02 16:23:03,932] {logging_mixin.py:104} INFO - [2022-04-02 16:23:03,932] {dag.py:1832} INFO - Sync 1 DAGs
[2022-04-02 16:23:03,953] {logging_mixin.py:104} INFO - [2022-04-02 16:23:03,952] {dag.py:2305} INFO - Setting next_dagrun for example_weekday_branch_operator to 2022-03-31 00:00:00+00:00
[2022-04-02 16:23:03,977] {scheduler_job.py:190} INFO - Processing /home/airflow/sandbox/lib/python3.8/site-packages/airflow/example_dags/example_branch_day_of_week_operator.py took 0.105 seconds
[2022-04-02 16:23:41,035] {scheduler_job.py:182} INFO - Started process (PID=3845) to work on /home/airflow/sandbox/lib/python3.8/site-packages/airflow/example_dags/example_branch_day_of_week_operator.py
[2022-04-02 16:23:41,038] {scheduler_job.py:633} INFO - Processing file /home/airflow/sandbox/lib/python3.8/site-packages/airflow/example_dags/example_branch_day_of_week_operator.py for tasks to queue
[2022-04-02 16:23:41,039] {logging_mixin.py:104} INFO - [2022-04-02 16:23:41,039] {dagbag.py:487} INFO - Filling up the DagBag from /home/airflow/sandbox/lib/python3.8/site-packages/airflow/example_dags/example_branch_day_of_week_operator.py
[2022-04-02 16:23:41,063] {scheduler_job.py:643} INFO - DAG(s) dict_keys(['example_weekday_branch_operator']) retrieved from /home/airflow/sandbox/lib/python3.8/site-packages/airflow/example_dags/example_branch_day_of_week_operator.py
[2022-04-02 16:23:41,091] {logging_mixin.py:104} INFO - [2022-04-02 16:23:41,091] {dag.py:1832} INFO - Sync 1 DAGs
[2022-04-02 16:23:41,117] {logging_mixin.py:104} INFO - [2022-04-02 16:23:41,117] {dag.py:2305} INFO - Setting next_dagrun for example_weekday_branch_operator to 2022-03-31 00:00:00+00:00
[2022-04-02 16:23:41,150] {scheduler_job.py:190} INFO - Processing /home/airflow/sandbox/lib/python3.8/site-packages/airflow/example_dags/example_branch_day_of_week_operator.py took 0.121 seconds
[2022-04-02 16:24:15,827] {scheduler_job.py:182} INFO - Started process (PID=3873) to work on /home/airflow/sandbox/lib/python3.8/site-packages/airflow/example_dags/example_branch_day_of_week_operator.py
[2022-04-02 16:24:15,829] {scheduler_job.py:633} INFO - Processing file /home/airflow/sandbox/lib/python3.8/site-packages/airflow/example_dags/example_branch_day_of_week_operator.py for tasks to queue
[2022-04-02 16:24:15,830] {logging_mixin.py:104} INFO - [2022-04-02 16:24:15,830] {dagbag.py:487} INFO - Filling up the DagBag from /home/airflow/sandbox/lib/python3.8/site-packages/airflow/example_dags/example_branch_day_of_week_operator.py
[2022-04-02 16:24:15,842] {scheduler_job.py:643} INFO - DAG(s) dict_keys(['example_weekday_branch_operator']) retrieved from /home/airflow/sandbox/lib/python3.8/site-packages/airflow/example_dags/example_branch_day_of_week_operator.py
[2022-04-02 16:24:15,855] {logging_mixin.py:104} INFO - [2022-04-02 16:24:15,855] {dag.py:1832} INFO - Sync 1 DAGs
[2022-04-02 16:24:15,879] {logging_mixin.py:104} INFO - [2022-04-02 16:24:15,879] {dag.py:2305} INFO - Setting next_dagrun for example_weekday_branch_operator to 2022-03-31 00:00:00+00:00
[2022-04-02 16:24:15,904] {scheduler_job.py:190} INFO - Processing /home/airflow/sandbox/lib/python3.8/site-packages/airflow/example_dags/example_branch_day_of_week_operator.py took 0.081 seconds
[2022-04-02 16:24:50,830] {scheduler_job.py:182} INFO - Started process (PID=3901) to work on /home/airflow/sandbox/lib/python3.8/site-packages/airflow/example_dags/example_branch_day_of_week_operator.py
[2022-04-02 16:24:50,833] {scheduler_job.py:633} INFO - Processing file /home/airflow/sandbox/lib/python3.8/site-packages/airflow/example_dags/example_branch_day_of_week_operator.py for tasks to queue
[2022-04-02 16:24:50,834] {logging_mixin.py:104} INFO - [2022-04-02 16:24:50,834] {dagbag.py:487} INFO - Filling up the DagBag from /home/airflow/sandbox/lib/python3.8/site-packages/airflow/example_dags/example_branch_day_of_week_operator.py
[2022-04-02 16:24:50,859] {scheduler_job.py:643} INFO - DAG(s) dict_keys(['example_weekday_branch_operator']) retrieved from /home/airflow/sandbox/lib/python3.8/site-packages/airflow/example_dags/example_branch_day_of_week_operator.py
[2022-04-02 16:24:50,874] {logging_mixin.py:104} INFO - [2022-04-02 16:24:50,874] {dag.py:1832} INFO - Sync 1 DAGs
[2022-04-02 16:24:50,893] {logging_mixin.py:104} INFO - [2022-04-02 16:24:50,893] {dag.py:2305} INFO - Setting next_dagrun for example_weekday_branch_operator to 2022-03-31 00:00:00+00:00
[2022-04-02 16:24:50,936] {scheduler_job.py:190} INFO - Processing /home/airflow/sandbox/lib/python3.8/site-packages/airflow/example_dags/example_branch_day_of_week_operator.py took 0.112 seconds
[2022-04-02 16:25:30,465] {scheduler_job.py:182} INFO - Started process (PID=3933) to work on /home/airflow/sandbox/lib/python3.8/site-packages/airflow/example_dags/example_branch_day_of_week_operator.py
[2022-04-02 16:25:30,470] {scheduler_job.py:633} INFO - Processing file /home/airflow/sandbox/lib/python3.8/site-packages/airflow/example_dags/example_branch_day_of_week_operator.py for tasks to queue
[2022-04-02 16:25:30,471] {logging_mixin.py:104} INFO - [2022-04-02 16:25:30,471] {dagbag.py:487} INFO - Filling up the DagBag from /home/airflow/sandbox/lib/python3.8/site-packages/airflow/example_dags/example_branch_day_of_week_operator.py
[2022-04-02 16:25:30,486] {scheduler_job.py:643} INFO - DAG(s) dict_keys(['example_weekday_branch_operator']) retrieved from /home/airflow/sandbox/lib/python3.8/site-packages/airflow/example_dags/example_branch_day_of_week_operator.py
[2022-04-02 16:25:30,504] {logging_mixin.py:104} INFO - [2022-04-02 16:25:30,503] {dag.py:1832} INFO - Sync 1 DAGs
[2022-04-02 16:25:30,528] {logging_mixin.py:104} INFO - [2022-04-02 16:25:30,527] {dag.py:2305} INFO - Setting next_dagrun for example_weekday_branch_operator to 2022-03-31 00:00:00+00:00
[2022-04-02 16:25:30,546] {scheduler_job.py:190} INFO - Processing /home/airflow/sandbox/lib/python3.8/site-packages/airflow/example_dags/example_branch_day_of_week_operator.py took 0.086 seconds
[2022-04-02 16:26:08,083] {scheduler_job.py:182} INFO - Started process (PID=3964) to work on /home/airflow/sandbox/lib/python3.8/site-packages/airflow/example_dags/example_branch_day_of_week_operator.py
[2022-04-02 16:26:08,086] {scheduler_job.py:633} INFO - Processing file /home/airflow/sandbox/lib/python3.8/site-packages/airflow/example_dags/example_branch_day_of_week_operator.py for tasks to queue
[2022-04-02 16:26:08,086] {logging_mixin.py:104} INFO - [2022-04-02 16:26:08,086] {dagbag.py:487} INFO - Filling up the DagBag from /home/airflow/sandbox/lib/python3.8/site-packages/airflow/example_dags/example_branch_day_of_week_operator.py
[2022-04-02 16:26:08,105] {scheduler_job.py:643} INFO - DAG(s) dict_keys(['example_weekday_branch_operator']) retrieved from /home/airflow/sandbox/lib/python3.8/site-packages/airflow/example_dags/example_branch_day_of_week_operator.py
[2022-04-02 16:26:08,144] {logging_mixin.py:104} INFO - [2022-04-02 16:26:08,144] {dag.py:1832} INFO - Sync 1 DAGs
[2022-04-02 16:26:08,189] {logging_mixin.py:104} INFO - [2022-04-02 16:26:08,189] {dag.py:2305} INFO - Setting next_dagrun for example_weekday_branch_operator to 2022-03-31 00:00:00+00:00
[2022-04-02 16:26:08,215] {scheduler_job.py:190} INFO - Processing /home/airflow/sandbox/lib/python3.8/site-packages/airflow/example_dags/example_branch_day_of_week_operator.py took 0.138 seconds
[2022-04-02 16:26:44,132] {scheduler_job.py:182} INFO - Started process (PID=3994) to work on /home/airflow/sandbox/lib/python3.8/site-packages/airflow/example_dags/example_branch_day_of_week_operator.py
[2022-04-02 16:26:44,134] {scheduler_job.py:633} INFO - Processing file /home/airflow/sandbox/lib/python3.8/site-packages/airflow/example_dags/example_branch_day_of_week_operator.py for tasks to queue
[2022-04-02 16:26:44,136] {logging_mixin.py:104} INFO - [2022-04-02 16:26:44,136] {dagbag.py:487} INFO - Filling up the DagBag from /home/airflow/sandbox/lib/python3.8/site-packages/airflow/example_dags/example_branch_day_of_week_operator.py
[2022-04-02 16:26:44,160] {scheduler_job.py:643} INFO - DAG(s) dict_keys(['example_weekday_branch_operator']) retrieved from /home/airflow/sandbox/lib/python3.8/site-packages/airflow/example_dags/example_branch_day_of_week_operator.py
[2022-04-02 16:26:44,192] {logging_mixin.py:104} INFO - [2022-04-02 16:26:44,192] {dag.py:1832} INFO - Sync 1 DAGs
[2022-04-02 16:26:44,220] {logging_mixin.py:104} INFO - [2022-04-02 16:26:44,220] {dag.py:2305} INFO - Setting next_dagrun for example_weekday_branch_operator to 2022-03-31 00:00:00+00:00
[2022-04-02 16:26:44,251] {scheduler_job.py:190} INFO - Processing /home/airflow/sandbox/lib/python3.8/site-packages/airflow/example_dags/example_branch_day_of_week_operator.py took 0.127 seconds
