[2022-04-02 16:14:21,360] {scheduler_job.py:182} INFO - Started process (PID=3166) to work on /home/airflow/sandbox/lib/python3.8/site-packages/airflow/example_dags/example_dag_decorator.py
[2022-04-02 16:14:21,361] {scheduler_job.py:633} INFO - Processing file /home/airflow/sandbox/lib/python3.8/site-packages/airflow/example_dags/example_dag_decorator.py for tasks to queue
[2022-04-02 16:14:21,363] {logging_mixin.py:104} INFO - [2022-04-02 16:14:21,363] {dagbag.py:487} INFO - Filling up the DagBag from /home/airflow/sandbox/lib/python3.8/site-packages/airflow/example_dags/example_dag_decorator.py
[2022-04-02 16:14:21,401] {scheduler_job.py:643} INFO - DAG(s) dict_keys(['example_dag_decorator']) retrieved from /home/airflow/sandbox/lib/python3.8/site-packages/airflow/example_dags/example_dag_decorator.py
[2022-04-02 16:14:21,809] {logging_mixin.py:104} INFO - [2022-04-02 16:14:21,809] {dag.py:1832} INFO - Sync 1 DAGs
[2022-04-02 16:14:21,823] {logging_mixin.py:104} INFO - [2022-04-02 16:14:21,823] {dag.py:2305} INFO - Setting next_dagrun for example_dag_decorator to None
[2022-04-02 16:14:21,844] {scheduler_job.py:190} INFO - Processing /home/airflow/sandbox/lib/python3.8/site-packages/airflow/example_dags/example_dag_decorator.py took 0.488 seconds
[2022-04-02 16:15:01,916] {scheduler_job.py:182} INFO - Started process (PID=3199) to work on /home/airflow/sandbox/lib/python3.8/site-packages/airflow/example_dags/example_dag_decorator.py
[2022-04-02 16:15:01,919] {scheduler_job.py:633} INFO - Processing file /home/airflow/sandbox/lib/python3.8/site-packages/airflow/example_dags/example_dag_decorator.py for tasks to queue
[2022-04-02 16:15:01,920] {logging_mixin.py:104} INFO - [2022-04-02 16:15:01,920] {dagbag.py:487} INFO - Filling up the DagBag from /home/airflow/sandbox/lib/python3.8/site-packages/airflow/example_dags/example_dag_decorator.py
[2022-04-02 16:15:01,954] {scheduler_job.py:643} INFO - DAG(s) dict_keys(['example_dag_decorator']) retrieved from /home/airflow/sandbox/lib/python3.8/site-packages/airflow/example_dags/example_dag_decorator.py
[2022-04-02 16:15:02,341] {logging_mixin.py:104} INFO - [2022-04-02 16:15:02,341] {dag.py:1832} INFO - Sync 1 DAGs
[2022-04-02 16:15:02,358] {logging_mixin.py:104} INFO - [2022-04-02 16:15:02,358] {dag.py:2305} INFO - Setting next_dagrun for example_dag_decorator to None
[2022-04-02 16:15:02,379] {scheduler_job.py:190} INFO - Processing /home/airflow/sandbox/lib/python3.8/site-packages/airflow/example_dags/example_dag_decorator.py took 0.470 seconds
[2022-04-02 16:15:40,740] {scheduler_job.py:182} INFO - Started process (PID=3231) to work on /home/airflow/sandbox/lib/python3.8/site-packages/airflow/example_dags/example_dag_decorator.py
[2022-04-02 16:15:40,742] {scheduler_job.py:633} INFO - Processing file /home/airflow/sandbox/lib/python3.8/site-packages/airflow/example_dags/example_dag_decorator.py for tasks to queue
[2022-04-02 16:15:40,745] {logging_mixin.py:104} INFO - [2022-04-02 16:15:40,744] {dagbag.py:487} INFO - Filling up the DagBag from /home/airflow/sandbox/lib/python3.8/site-packages/airflow/example_dags/example_dag_decorator.py
[2022-04-02 16:15:40,770] {scheduler_job.py:643} INFO - DAG(s) dict_keys(['example_dag_decorator']) retrieved from /home/airflow/sandbox/lib/python3.8/site-packages/airflow/example_dags/example_dag_decorator.py
[2022-04-02 16:15:41,179] {logging_mixin.py:104} INFO - [2022-04-02 16:15:41,179] {dag.py:1832} INFO - Sync 1 DAGs
[2022-04-02 16:15:41,188] {logging_mixin.py:104} INFO - [2022-04-02 16:15:41,186] {dag.py:2305} INFO - Setting next_dagrun for example_dag_decorator to None
[2022-04-02 16:15:41,214] {scheduler_job.py:190} INFO - Processing /home/airflow/sandbox/lib/python3.8/site-packages/airflow/example_dags/example_dag_decorator.py took 0.484 seconds
[2022-04-02 16:16:25,654] {scheduler_job.py:182} INFO - Started process (PID=3267) to work on /home/airflow/sandbox/lib/python3.8/site-packages/airflow/example_dags/example_dag_decorator.py
[2022-04-02 16:16:25,657] {scheduler_job.py:633} INFO - Processing file /home/airflow/sandbox/lib/python3.8/site-packages/airflow/example_dags/example_dag_decorator.py for tasks to queue
[2022-04-02 16:16:25,659] {logging_mixin.py:104} INFO - [2022-04-02 16:16:25,659] {dagbag.py:487} INFO - Filling up the DagBag from /home/airflow/sandbox/lib/python3.8/site-packages/airflow/example_dags/example_dag_decorator.py
[2022-04-02 16:16:25,683] {scheduler_job.py:643} INFO - DAG(s) dict_keys(['example_dag_decorator']) retrieved from /home/airflow/sandbox/lib/python3.8/site-packages/airflow/example_dags/example_dag_decorator.py
[2022-04-02 16:16:26,155] {logging_mixin.py:104} INFO - [2022-04-02 16:16:26,155] {dag.py:1832} INFO - Sync 1 DAGs
[2022-04-02 16:16:26,169] {logging_mixin.py:104} INFO - [2022-04-02 16:16:26,169] {dag.py:2305} INFO - Setting next_dagrun for example_dag_decorator to None
[2022-04-02 16:16:26,199] {scheduler_job.py:190} INFO - Processing /home/airflow/sandbox/lib/python3.8/site-packages/airflow/example_dags/example_dag_decorator.py took 0.550 seconds
[2022-04-02 16:17:07,849] {scheduler_job.py:182} INFO - Started process (PID=3314) to work on /home/airflow/sandbox/lib/python3.8/site-packages/airflow/example_dags/example_dag_decorator.py
[2022-04-02 16:17:07,851] {scheduler_job.py:633} INFO - Processing file /home/airflow/sandbox/lib/python3.8/site-packages/airflow/example_dags/example_dag_decorator.py for tasks to queue
[2022-04-02 16:17:07,853] {logging_mixin.py:104} INFO - [2022-04-02 16:17:07,853] {dagbag.py:487} INFO - Filling up the DagBag from /home/airflow/sandbox/lib/python3.8/site-packages/airflow/example_dags/example_dag_decorator.py
[2022-04-02 16:17:07,883] {scheduler_job.py:643} INFO - DAG(s) dict_keys(['example_dag_decorator']) retrieved from /home/airflow/sandbox/lib/python3.8/site-packages/airflow/example_dags/example_dag_decorator.py
[2022-04-02 16:17:08,324] {logging_mixin.py:104} INFO - [2022-04-02 16:17:08,324] {dag.py:1832} INFO - Sync 1 DAGs
[2022-04-02 16:17:08,339] {logging_mixin.py:104} INFO - [2022-04-02 16:17:08,339] {dag.py:2305} INFO - Setting next_dagrun for example_dag_decorator to None
[2022-04-02 16:17:08,367] {scheduler_job.py:190} INFO - Processing /home/airflow/sandbox/lib/python3.8/site-packages/airflow/example_dags/example_dag_decorator.py took 0.524 seconds
[2022-04-02 16:17:51,545] {scheduler_job.py:182} INFO - Started process (PID=3351) to work on /home/airflow/sandbox/lib/python3.8/site-packages/airflow/example_dags/example_dag_decorator.py
[2022-04-02 16:17:51,547] {scheduler_job.py:633} INFO - Processing file /home/airflow/sandbox/lib/python3.8/site-packages/airflow/example_dags/example_dag_decorator.py for tasks to queue
[2022-04-02 16:17:51,549] {logging_mixin.py:104} INFO - [2022-04-02 16:17:51,549] {dagbag.py:487} INFO - Filling up the DagBag from /home/airflow/sandbox/lib/python3.8/site-packages/airflow/example_dags/example_dag_decorator.py
[2022-04-02 16:17:51,586] {scheduler_job.py:643} INFO - DAG(s) dict_keys(['example_dag_decorator']) retrieved from /home/airflow/sandbox/lib/python3.8/site-packages/airflow/example_dags/example_dag_decorator.py
[2022-04-02 16:17:51,961] {logging_mixin.py:104} INFO - [2022-04-02 16:17:51,961] {dag.py:1832} INFO - Sync 1 DAGs
[2022-04-02 16:17:51,974] {logging_mixin.py:104} INFO - [2022-04-02 16:17:51,974] {dag.py:2305} INFO - Setting next_dagrun for example_dag_decorator to None
[2022-04-02 16:17:52,004] {scheduler_job.py:190} INFO - Processing /home/airflow/sandbox/lib/python3.8/site-packages/airflow/example_dags/example_dag_decorator.py took 0.466 seconds
[2022-04-02 16:18:30,302] {scheduler_job.py:182} INFO - Started process (PID=3444) to work on /home/airflow/sandbox/lib/python3.8/site-packages/airflow/example_dags/example_dag_decorator.py
[2022-04-02 16:18:30,303] {scheduler_job.py:633} INFO - Processing file /home/airflow/sandbox/lib/python3.8/site-packages/airflow/example_dags/example_dag_decorator.py for tasks to queue
[2022-04-02 16:18:30,303] {logging_mixin.py:104} INFO - [2022-04-02 16:18:30,303] {dagbag.py:487} INFO - Filling up the DagBag from /home/airflow/sandbox/lib/python3.8/site-packages/airflow/example_dags/example_dag_decorator.py
[2022-04-02 16:18:30,321] {scheduler_job.py:643} INFO - DAG(s) dict_keys(['example_dag_decorator']) retrieved from /home/airflow/sandbox/lib/python3.8/site-packages/airflow/example_dags/example_dag_decorator.py
[2022-04-02 16:18:30,816] {logging_mixin.py:104} INFO - [2022-04-02 16:18:30,815] {dag.py:1832} INFO - Sync 1 DAGs
[2022-04-02 16:18:30,832] {logging_mixin.py:104} INFO - [2022-04-02 16:18:30,832] {dag.py:2305} INFO - Setting next_dagrun for example_dag_decorator to None
[2022-04-02 16:18:30,859] {scheduler_job.py:190} INFO - Processing /home/airflow/sandbox/lib/python3.8/site-packages/airflow/example_dags/example_dag_decorator.py took 0.562 seconds
[2022-04-02 16:19:09,051] {scheduler_job.py:182} INFO - Started process (PID=3476) to work on /home/airflow/sandbox/lib/python3.8/site-packages/airflow/example_dags/example_dag_decorator.py
[2022-04-02 16:19:09,054] {scheduler_job.py:633} INFO - Processing file /home/airflow/sandbox/lib/python3.8/site-packages/airflow/example_dags/example_dag_decorator.py for tasks to queue
[2022-04-02 16:19:09,055] {logging_mixin.py:104} INFO - [2022-04-02 16:19:09,055] {dagbag.py:487} INFO - Filling up the DagBag from /home/airflow/sandbox/lib/python3.8/site-packages/airflow/example_dags/example_dag_decorator.py
[2022-04-02 16:19:09,090] {scheduler_job.py:643} INFO - DAG(s) dict_keys(['example_dag_decorator']) retrieved from /home/airflow/sandbox/lib/python3.8/site-packages/airflow/example_dags/example_dag_decorator.py
[2022-04-02 16:19:09,570] {logging_mixin.py:104} INFO - [2022-04-02 16:19:09,570] {dag.py:1832} INFO - Sync 1 DAGs
[2022-04-02 16:19:09,586] {logging_mixin.py:104} INFO - [2022-04-02 16:19:09,586] {dag.py:2305} INFO - Setting next_dagrun for example_dag_decorator to None
[2022-04-02 16:19:09,617] {scheduler_job.py:190} INFO - Processing /home/airflow/sandbox/lib/python3.8/site-packages/airflow/example_dags/example_dag_decorator.py took 0.574 seconds
[2022-04-02 16:19:51,056] {scheduler_job.py:182} INFO - Started process (PID=3609) to work on /home/airflow/sandbox/lib/python3.8/site-packages/airflow/example_dags/example_dag_decorator.py
[2022-04-02 16:19:51,058] {scheduler_job.py:633} INFO - Processing file /home/airflow/sandbox/lib/python3.8/site-packages/airflow/example_dags/example_dag_decorator.py for tasks to queue
[2022-04-02 16:19:51,058] {logging_mixin.py:104} INFO - [2022-04-02 16:19:51,058] {dagbag.py:487} INFO - Filling up the DagBag from /home/airflow/sandbox/lib/python3.8/site-packages/airflow/example_dags/example_dag_decorator.py
[2022-04-02 16:19:51,093] {scheduler_job.py:643} INFO - DAG(s) dict_keys(['example_dag_decorator']) retrieved from /home/airflow/sandbox/lib/python3.8/site-packages/airflow/example_dags/example_dag_decorator.py
[2022-04-02 16:19:51,511] {logging_mixin.py:104} INFO - [2022-04-02 16:19:51,511] {dag.py:1832} INFO - Sync 1 DAGs
[2022-04-02 16:19:51,522] {logging_mixin.py:104} INFO - [2022-04-02 16:19:51,522] {dag.py:2305} INFO - Setting next_dagrun for example_dag_decorator to None
[2022-04-02 16:19:51,553] {scheduler_job.py:190} INFO - Processing /home/airflow/sandbox/lib/python3.8/site-packages/airflow/example_dags/example_dag_decorator.py took 0.500 seconds
[2022-04-02 16:20:32,307] {scheduler_job.py:182} INFO - Started process (PID=3643) to work on /home/airflow/sandbox/lib/python3.8/site-packages/airflow/example_dags/example_dag_decorator.py
[2022-04-02 16:20:32,310] {scheduler_job.py:633} INFO - Processing file /home/airflow/sandbox/lib/python3.8/site-packages/airflow/example_dags/example_dag_decorator.py for tasks to queue
[2022-04-02 16:20:32,312] {logging_mixin.py:104} INFO - [2022-04-02 16:20:32,312] {dagbag.py:487} INFO - Filling up the DagBag from /home/airflow/sandbox/lib/python3.8/site-packages/airflow/example_dags/example_dag_decorator.py
[2022-04-02 16:20:32,345] {scheduler_job.py:643} INFO - DAG(s) dict_keys(['example_dag_decorator']) retrieved from /home/airflow/sandbox/lib/python3.8/site-packages/airflow/example_dags/example_dag_decorator.py
[2022-04-02 16:20:32,828] {logging_mixin.py:104} INFO - [2022-04-02 16:20:32,827] {dag.py:1832} INFO - Sync 1 DAGs
[2022-04-02 16:20:32,843] {logging_mixin.py:104} INFO - [2022-04-02 16:20:32,842] {dag.py:2305} INFO - Setting next_dagrun for example_dag_decorator to None
[2022-04-02 16:20:32,869] {scheduler_job.py:190} INFO - Processing /home/airflow/sandbox/lib/python3.8/site-packages/airflow/example_dags/example_dag_decorator.py took 0.569 seconds
[2022-04-02 16:21:13,814] {scheduler_job.py:182} INFO - Started process (PID=3677) to work on /home/airflow/sandbox/lib/python3.8/site-packages/airflow/example_dags/example_dag_decorator.py
[2022-04-02 16:21:13,816] {scheduler_job.py:633} INFO - Processing file /home/airflow/sandbox/lib/python3.8/site-packages/airflow/example_dags/example_dag_decorator.py for tasks to queue
[2022-04-02 16:21:13,817] {logging_mixin.py:104} INFO - [2022-04-02 16:21:13,817] {dagbag.py:487} INFO - Filling up the DagBag from /home/airflow/sandbox/lib/python3.8/site-packages/airflow/example_dags/example_dag_decorator.py
[2022-04-02 16:21:13,858] {scheduler_job.py:643} INFO - DAG(s) dict_keys(['example_dag_decorator']) retrieved from /home/airflow/sandbox/lib/python3.8/site-packages/airflow/example_dags/example_dag_decorator.py
[2022-04-02 16:21:14,364] {logging_mixin.py:104} INFO - [2022-04-02 16:21:14,364] {dag.py:1832} INFO - Sync 1 DAGs
[2022-04-02 16:21:14,383] {logging_mixin.py:104} INFO - [2022-04-02 16:21:14,383] {dag.py:2305} INFO - Setting next_dagrun for example_dag_decorator to None
[2022-04-02 16:21:14,410] {scheduler_job.py:190} INFO - Processing /home/airflow/sandbox/lib/python3.8/site-packages/airflow/example_dags/example_dag_decorator.py took 0.602 seconds
[2022-04-02 16:21:54,221] {scheduler_job.py:182} INFO - Started process (PID=3711) to work on /home/airflow/sandbox/lib/python3.8/site-packages/airflow/example_dags/example_dag_decorator.py
[2022-04-02 16:21:54,223] {scheduler_job.py:633} INFO - Processing file /home/airflow/sandbox/lib/python3.8/site-packages/airflow/example_dags/example_dag_decorator.py for tasks to queue
[2022-04-02 16:21:54,225] {logging_mixin.py:104} INFO - [2022-04-02 16:21:54,225] {dagbag.py:487} INFO - Filling up the DagBag from /home/airflow/sandbox/lib/python3.8/site-packages/airflow/example_dags/example_dag_decorator.py
[2022-04-02 16:21:54,261] {scheduler_job.py:643} INFO - DAG(s) dict_keys(['example_dag_decorator']) retrieved from /home/airflow/sandbox/lib/python3.8/site-packages/airflow/example_dags/example_dag_decorator.py
[2022-04-02 16:21:54,713] {logging_mixin.py:104} INFO - [2022-04-02 16:21:54,712] {dag.py:1832} INFO - Sync 1 DAGs
[2022-04-02 16:21:54,721] {logging_mixin.py:104} INFO - [2022-04-02 16:21:54,721] {dag.py:2305} INFO - Setting next_dagrun for example_dag_decorator to None
[2022-04-02 16:21:54,756] {scheduler_job.py:190} INFO - Processing /home/airflow/sandbox/lib/python3.8/site-packages/airflow/example_dags/example_dag_decorator.py took 0.542 seconds
[2022-04-02 16:22:37,645] {scheduler_job.py:182} INFO - Started process (PID=3748) to work on /home/airflow/sandbox/lib/python3.8/site-packages/airflow/example_dags/example_dag_decorator.py
[2022-04-02 16:22:37,647] {scheduler_job.py:633} INFO - Processing file /home/airflow/sandbox/lib/python3.8/site-packages/airflow/example_dags/example_dag_decorator.py for tasks to queue
[2022-04-02 16:22:37,649] {logging_mixin.py:104} INFO - [2022-04-02 16:22:37,649] {dagbag.py:487} INFO - Filling up the DagBag from /home/airflow/sandbox/lib/python3.8/site-packages/airflow/example_dags/example_dag_decorator.py
[2022-04-02 16:22:37,676] {scheduler_job.py:643} INFO - DAG(s) dict_keys(['example_dag_decorator']) retrieved from /home/airflow/sandbox/lib/python3.8/site-packages/airflow/example_dags/example_dag_decorator.py
[2022-04-02 16:22:38,050] {logging_mixin.py:104} INFO - [2022-04-02 16:22:38,049] {dag.py:1832} INFO - Sync 1 DAGs
[2022-04-02 16:22:38,066] {logging_mixin.py:104} INFO - [2022-04-02 16:22:38,066] {dag.py:2305} INFO - Setting next_dagrun for example_dag_decorator to None
[2022-04-02 16:22:38,087] {scheduler_job.py:190} INFO - Processing /home/airflow/sandbox/lib/python3.8/site-packages/airflow/example_dags/example_dag_decorator.py took 0.446 seconds
[2022-04-02 16:23:15,641] {scheduler_job.py:182} INFO - Started process (PID=3821) to work on /home/airflow/sandbox/lib/python3.8/site-packages/airflow/example_dags/example_dag_decorator.py
[2022-04-02 16:23:15,644] {scheduler_job.py:633} INFO - Processing file /home/airflow/sandbox/lib/python3.8/site-packages/airflow/example_dags/example_dag_decorator.py for tasks to queue
[2022-04-02 16:23:15,645] {logging_mixin.py:104} INFO - [2022-04-02 16:23:15,645] {dagbag.py:487} INFO - Filling up the DagBag from /home/airflow/sandbox/lib/python3.8/site-packages/airflow/example_dags/example_dag_decorator.py
[2022-04-02 16:23:15,665] {scheduler_job.py:643} INFO - DAG(s) dict_keys(['example_dag_decorator']) retrieved from /home/airflow/sandbox/lib/python3.8/site-packages/airflow/example_dags/example_dag_decorator.py
[2022-04-02 16:23:16,070] {logging_mixin.py:104} INFO - [2022-04-02 16:23:16,070] {dag.py:1832} INFO - Sync 1 DAGs
[2022-04-02 16:23:16,078] {logging_mixin.py:104} INFO - [2022-04-02 16:23:16,078] {dag.py:2305} INFO - Setting next_dagrun for example_dag_decorator to None
[2022-04-02 16:23:16,100] {scheduler_job.py:190} INFO - Processing /home/airflow/sandbox/lib/python3.8/site-packages/airflow/example_dags/example_dag_decorator.py took 0.464 seconds
[2022-04-02 16:23:52,973] {scheduler_job.py:182} INFO - Started process (PID=3854) to work on /home/airflow/sandbox/lib/python3.8/site-packages/airflow/example_dags/example_dag_decorator.py
[2022-04-02 16:23:52,975] {scheduler_job.py:633} INFO - Processing file /home/airflow/sandbox/lib/python3.8/site-packages/airflow/example_dags/example_dag_decorator.py for tasks to queue
[2022-04-02 16:23:52,975] {logging_mixin.py:104} INFO - [2022-04-02 16:23:52,975] {dagbag.py:487} INFO - Filling up the DagBag from /home/airflow/sandbox/lib/python3.8/site-packages/airflow/example_dags/example_dag_decorator.py
[2022-04-02 16:23:52,990] {scheduler_job.py:643} INFO - DAG(s) dict_keys(['example_dag_decorator']) retrieved from /home/airflow/sandbox/lib/python3.8/site-packages/airflow/example_dags/example_dag_decorator.py
[2022-04-02 16:23:53,361] {logging_mixin.py:104} INFO - [2022-04-02 16:23:53,361] {dag.py:1832} INFO - Sync 1 DAGs
[2022-04-02 16:23:53,374] {logging_mixin.py:104} INFO - [2022-04-02 16:23:53,374] {dag.py:2305} INFO - Setting next_dagrun for example_dag_decorator to None
[2022-04-02 16:23:53,403] {scheduler_job.py:190} INFO - Processing /home/airflow/sandbox/lib/python3.8/site-packages/airflow/example_dags/example_dag_decorator.py took 0.432 seconds
[2022-04-02 16:24:32,720] {scheduler_job.py:182} INFO - Started process (PID=3886) to work on /home/airflow/sandbox/lib/python3.8/site-packages/airflow/example_dags/example_dag_decorator.py
[2022-04-02 16:24:32,722] {scheduler_job.py:633} INFO - Processing file /home/airflow/sandbox/lib/python3.8/site-packages/airflow/example_dags/example_dag_decorator.py for tasks to queue
[2022-04-02 16:24:32,724] {logging_mixin.py:104} INFO - [2022-04-02 16:24:32,723] {dagbag.py:487} INFO - Filling up the DagBag from /home/airflow/sandbox/lib/python3.8/site-packages/airflow/example_dags/example_dag_decorator.py
[2022-04-02 16:24:32,744] {scheduler_job.py:643} INFO - DAG(s) dict_keys(['example_dag_decorator']) retrieved from /home/airflow/sandbox/lib/python3.8/site-packages/airflow/example_dags/example_dag_decorator.py
[2022-04-02 16:24:33,152] {logging_mixin.py:104} INFO - [2022-04-02 16:24:33,152] {dag.py:1832} INFO - Sync 1 DAGs
[2022-04-02 16:24:33,171] {logging_mixin.py:104} INFO - [2022-04-02 16:24:33,171] {dag.py:2305} INFO - Setting next_dagrun for example_dag_decorator to None
[2022-04-02 16:24:33,199] {scheduler_job.py:190} INFO - Processing /home/airflow/sandbox/lib/python3.8/site-packages/airflow/example_dags/example_dag_decorator.py took 0.487 seconds
[2022-04-02 16:25:15,019] {scheduler_job.py:182} INFO - Started process (PID=3921) to work on /home/airflow/sandbox/lib/python3.8/site-packages/airflow/example_dags/example_dag_decorator.py
[2022-04-02 16:25:15,023] {scheduler_job.py:633} INFO - Processing file /home/airflow/sandbox/lib/python3.8/site-packages/airflow/example_dags/example_dag_decorator.py for tasks to queue
[2022-04-02 16:25:15,024] {logging_mixin.py:104} INFO - [2022-04-02 16:25:15,024] {dagbag.py:487} INFO - Filling up the DagBag from /home/airflow/sandbox/lib/python3.8/site-packages/airflow/example_dags/example_dag_decorator.py
[2022-04-02 16:25:15,044] {scheduler_job.py:643} INFO - DAG(s) dict_keys(['example_dag_decorator']) retrieved from /home/airflow/sandbox/lib/python3.8/site-packages/airflow/example_dags/example_dag_decorator.py
[2022-04-02 16:25:15,489] {logging_mixin.py:104} INFO - [2022-04-02 16:25:15,489] {dag.py:1832} INFO - Sync 1 DAGs
[2022-04-02 16:25:15,498] {logging_mixin.py:104} INFO - [2022-04-02 16:25:15,498] {dag.py:2305} INFO - Setting next_dagrun for example_dag_decorator to None
[2022-04-02 16:25:15,521] {scheduler_job.py:190} INFO - Processing /home/airflow/sandbox/lib/python3.8/site-packages/airflow/example_dags/example_dag_decorator.py took 0.507 seconds
[2022-04-02 16:25:54,779] {scheduler_job.py:182} INFO - Started process (PID=3953) to work on /home/airflow/sandbox/lib/python3.8/site-packages/airflow/example_dags/example_dag_decorator.py
[2022-04-02 16:25:54,781] {scheduler_job.py:633} INFO - Processing file /home/airflow/sandbox/lib/python3.8/site-packages/airflow/example_dags/example_dag_decorator.py for tasks to queue
[2022-04-02 16:25:54,782] {logging_mixin.py:104} INFO - [2022-04-02 16:25:54,782] {dagbag.py:487} INFO - Filling up the DagBag from /home/airflow/sandbox/lib/python3.8/site-packages/airflow/example_dags/example_dag_decorator.py
[2022-04-02 16:25:54,809] {scheduler_job.py:643} INFO - DAG(s) dict_keys(['example_dag_decorator']) retrieved from /home/airflow/sandbox/lib/python3.8/site-packages/airflow/example_dags/example_dag_decorator.py
[2022-04-02 16:25:55,172] {logging_mixin.py:104} INFO - [2022-04-02 16:25:55,172] {dag.py:1832} INFO - Sync 1 DAGs
[2022-04-02 16:25:55,188] {logging_mixin.py:104} INFO - [2022-04-02 16:25:55,188] {dag.py:2305} INFO - Setting next_dagrun for example_dag_decorator to None
[2022-04-02 16:25:55,225] {scheduler_job.py:190} INFO - Processing /home/airflow/sandbox/lib/python3.8/site-packages/airflow/example_dags/example_dag_decorator.py took 0.452 seconds
[2022-04-02 16:26:40,261] {scheduler_job.py:182} INFO - Started process (PID=3991) to work on /home/airflow/sandbox/lib/python3.8/site-packages/airflow/example_dags/example_dag_decorator.py
[2022-04-02 16:26:40,267] {scheduler_job.py:633} INFO - Processing file /home/airflow/sandbox/lib/python3.8/site-packages/airflow/example_dags/example_dag_decorator.py for tasks to queue
[2022-04-02 16:26:40,269] {logging_mixin.py:104} INFO - [2022-04-02 16:26:40,269] {dagbag.py:487} INFO - Filling up the DagBag from /home/airflow/sandbox/lib/python3.8/site-packages/airflow/example_dags/example_dag_decorator.py
[2022-04-02 16:26:40,290] {scheduler_job.py:643} INFO - DAG(s) dict_keys(['example_dag_decorator']) retrieved from /home/airflow/sandbox/lib/python3.8/site-packages/airflow/example_dags/example_dag_decorator.py
[2022-04-02 16:26:40,613] {logging_mixin.py:104} INFO - [2022-04-02 16:26:40,613] {dag.py:1832} INFO - Sync 1 DAGs
[2022-04-02 16:26:40,620] {logging_mixin.py:104} INFO - [2022-04-02 16:26:40,619] {dag.py:2305} INFO - Setting next_dagrun for example_dag_decorator to None
[2022-04-02 16:26:40,635] {scheduler_job.py:190} INFO - Processing /home/airflow/sandbox/lib/python3.8/site-packages/airflow/example_dags/example_dag_decorator.py took 0.380 seconds
