[2022-04-02 16:14:14,175] {scheduler_job.py:182} INFO - Started process (PID=3161) to work on /home/airflow/sandbox/lib/python3.8/site-packages/airflow/example_dags/example_python_operator.py
[2022-04-02 16:14:14,178] {scheduler_job.py:633} INFO - Processing file /home/airflow/sandbox/lib/python3.8/site-packages/airflow/example_dags/example_python_operator.py for tasks to queue
[2022-04-02 16:14:14,179] {logging_mixin.py:104} INFO - [2022-04-02 16:14:14,179] {dagbag.py:487} INFO - Filling up the DagBag from /home/airflow/sandbox/lib/python3.8/site-packages/airflow/example_dags/example_python_operator.py
[2022-04-02 16:14:14,218] {scheduler_job.py:643} INFO - DAG(s) dict_keys(['example_python_operator']) retrieved from /home/airflow/sandbox/lib/python3.8/site-packages/airflow/example_dags/example_python_operator.py
[2022-04-02 16:14:14,714] {logging_mixin.py:104} INFO - [2022-04-02 16:14:14,713] {dag.py:1832} INFO - Sync 1 DAGs
[2022-04-02 16:14:14,730] {logging_mixin.py:104} INFO - [2022-04-02 16:14:14,730] {dag.py:2305} INFO - Setting next_dagrun for example_python_operator to None
[2022-04-02 16:14:14,759] {scheduler_job.py:190} INFO - Processing /home/airflow/sandbox/lib/python3.8/site-packages/airflow/example_dags/example_python_operator.py took 0.591 seconds
[2022-04-02 16:14:55,946] {scheduler_job.py:182} INFO - Started process (PID=3194) to work on /home/airflow/sandbox/lib/python3.8/site-packages/airflow/example_dags/example_python_operator.py
[2022-04-02 16:14:55,948] {scheduler_job.py:633} INFO - Processing file /home/airflow/sandbox/lib/python3.8/site-packages/airflow/example_dags/example_python_operator.py for tasks to queue
[2022-04-02 16:14:55,950] {logging_mixin.py:104} INFO - [2022-04-02 16:14:55,950] {dagbag.py:487} INFO - Filling up the DagBag from /home/airflow/sandbox/lib/python3.8/site-packages/airflow/example_dags/example_python_operator.py
[2022-04-02 16:14:55,966] {scheduler_job.py:643} INFO - DAG(s) dict_keys(['example_python_operator']) retrieved from /home/airflow/sandbox/lib/python3.8/site-packages/airflow/example_dags/example_python_operator.py
[2022-04-02 16:14:55,993] {logging_mixin.py:104} INFO - [2022-04-02 16:14:55,992] {dag.py:1832} INFO - Sync 1 DAGs
[2022-04-02 16:14:56,013] {logging_mixin.py:104} INFO - [2022-04-02 16:14:56,013] {dag.py:2305} INFO - Setting next_dagrun for example_python_operator to None
[2022-04-02 16:14:56,048] {scheduler_job.py:190} INFO - Processing /home/airflow/sandbox/lib/python3.8/site-packages/airflow/example_dags/example_python_operator.py took 0.107 seconds
[2022-04-02 16:15:34,175] {scheduler_job.py:182} INFO - Started process (PID=3226) to work on /home/airflow/sandbox/lib/python3.8/site-packages/airflow/example_dags/example_python_operator.py
[2022-04-02 16:15:34,177] {scheduler_job.py:633} INFO - Processing file /home/airflow/sandbox/lib/python3.8/site-packages/airflow/example_dags/example_python_operator.py for tasks to queue
[2022-04-02 16:15:34,178] {logging_mixin.py:104} INFO - [2022-04-02 16:15:34,177] {dagbag.py:487} INFO - Filling up the DagBag from /home/airflow/sandbox/lib/python3.8/site-packages/airflow/example_dags/example_python_operator.py
[2022-04-02 16:15:34,204] {scheduler_job.py:643} INFO - DAG(s) dict_keys(['example_python_operator']) retrieved from /home/airflow/sandbox/lib/python3.8/site-packages/airflow/example_dags/example_python_operator.py
[2022-04-02 16:15:34,225] {logging_mixin.py:104} INFO - [2022-04-02 16:15:34,225] {dag.py:1832} INFO - Sync 1 DAGs
[2022-04-02 16:15:34,251] {logging_mixin.py:104} INFO - [2022-04-02 16:15:34,250] {dag.py:2305} INFO - Setting next_dagrun for example_python_operator to None
[2022-04-02 16:15:34,286] {scheduler_job.py:190} INFO - Processing /home/airflow/sandbox/lib/python3.8/site-packages/airflow/example_dags/example_python_operator.py took 0.118 seconds
[2022-04-02 16:16:13,365] {scheduler_job.py:182} INFO - Started process (PID=3258) to work on /home/airflow/sandbox/lib/python3.8/site-packages/airflow/example_dags/example_python_operator.py
[2022-04-02 16:16:13,370] {scheduler_job.py:633} INFO - Processing file /home/airflow/sandbox/lib/python3.8/site-packages/airflow/example_dags/example_python_operator.py for tasks to queue
[2022-04-02 16:16:13,372] {logging_mixin.py:104} INFO - [2022-04-02 16:16:13,372] {dagbag.py:487} INFO - Filling up the DagBag from /home/airflow/sandbox/lib/python3.8/site-packages/airflow/example_dags/example_python_operator.py
[2022-04-02 16:16:13,389] {scheduler_job.py:643} INFO - DAG(s) dict_keys(['example_python_operator']) retrieved from /home/airflow/sandbox/lib/python3.8/site-packages/airflow/example_dags/example_python_operator.py
[2022-04-02 16:16:13,419] {logging_mixin.py:104} INFO - [2022-04-02 16:16:13,419] {dag.py:1832} INFO - Sync 1 DAGs
[2022-04-02 16:16:13,432] {logging_mixin.py:104} INFO - [2022-04-02 16:16:13,432] {dag.py:2305} INFO - Setting next_dagrun for example_python_operator to None
[2022-04-02 16:16:13,450] {scheduler_job.py:190} INFO - Processing /home/airflow/sandbox/lib/python3.8/site-packages/airflow/example_dags/example_python_operator.py took 0.094 seconds
[2022-04-02 16:16:51,658] {scheduler_job.py:182} INFO - Started process (PID=3290) to work on /home/airflow/sandbox/lib/python3.8/site-packages/airflow/example_dags/example_python_operator.py
[2022-04-02 16:16:51,659] {scheduler_job.py:633} INFO - Processing file /home/airflow/sandbox/lib/python3.8/site-packages/airflow/example_dags/example_python_operator.py for tasks to queue
[2022-04-02 16:16:51,661] {logging_mixin.py:104} INFO - [2022-04-02 16:16:51,661] {dagbag.py:487} INFO - Filling up the DagBag from /home/airflow/sandbox/lib/python3.8/site-packages/airflow/example_dags/example_python_operator.py
[2022-04-02 16:16:51,683] {scheduler_job.py:643} INFO - DAG(s) dict_keys(['example_python_operator']) retrieved from /home/airflow/sandbox/lib/python3.8/site-packages/airflow/example_dags/example_python_operator.py
[2022-04-02 16:16:51,707] {logging_mixin.py:104} INFO - [2022-04-02 16:16:51,707] {dag.py:1832} INFO - Sync 1 DAGs
[2022-04-02 16:16:51,730] {logging_mixin.py:104} INFO - [2022-04-02 16:16:51,730] {dag.py:2305} INFO - Setting next_dagrun for example_python_operator to None
[2022-04-02 16:16:51,765] {scheduler_job.py:190} INFO - Processing /home/airflow/sandbox/lib/python3.8/site-packages/airflow/example_dags/example_python_operator.py took 0.113 seconds
[2022-04-02 16:17:32,224] {scheduler_job.py:182} INFO - Started process (PID=3336) to work on /home/airflow/sandbox/lib/python3.8/site-packages/airflow/example_dags/example_python_operator.py
[2022-04-02 16:17:32,226] {scheduler_job.py:633} INFO - Processing file /home/airflow/sandbox/lib/python3.8/site-packages/airflow/example_dags/example_python_operator.py for tasks to queue
[2022-04-02 16:17:32,228] {logging_mixin.py:104} INFO - [2022-04-02 16:17:32,227] {dagbag.py:487} INFO - Filling up the DagBag from /home/airflow/sandbox/lib/python3.8/site-packages/airflow/example_dags/example_python_operator.py
[2022-04-02 16:17:32,253] {scheduler_job.py:643} INFO - DAG(s) dict_keys(['example_python_operator']) retrieved from /home/airflow/sandbox/lib/python3.8/site-packages/airflow/example_dags/example_python_operator.py
[2022-04-02 16:17:32,284] {logging_mixin.py:104} INFO - [2022-04-02 16:17:32,284] {dag.py:1832} INFO - Sync 1 DAGs
[2022-04-02 16:17:32,321] {logging_mixin.py:104} INFO - [2022-04-02 16:17:32,321] {dag.py:2305} INFO - Setting next_dagrun for example_python_operator to None
[2022-04-02 16:17:32,351] {scheduler_job.py:190} INFO - Processing /home/airflow/sandbox/lib/python3.8/site-packages/airflow/example_dags/example_python_operator.py took 0.135 seconds
[2022-04-02 16:18:12,134] {scheduler_job.py:182} INFO - Started process (PID=3429) to work on /home/airflow/sandbox/lib/python3.8/site-packages/airflow/example_dags/example_python_operator.py
[2022-04-02 16:18:12,137] {scheduler_job.py:633} INFO - Processing file /home/airflow/sandbox/lib/python3.8/site-packages/airflow/example_dags/example_python_operator.py for tasks to queue
[2022-04-02 16:18:12,139] {logging_mixin.py:104} INFO - [2022-04-02 16:18:12,139] {dagbag.py:487} INFO - Filling up the DagBag from /home/airflow/sandbox/lib/python3.8/site-packages/airflow/example_dags/example_python_operator.py
[2022-04-02 16:18:12,157] {scheduler_job.py:643} INFO - DAG(s) dict_keys(['example_python_operator']) retrieved from /home/airflow/sandbox/lib/python3.8/site-packages/airflow/example_dags/example_python_operator.py
[2022-04-02 16:18:12,189] {logging_mixin.py:104} INFO - [2022-04-02 16:18:12,189] {dag.py:1832} INFO - Sync 1 DAGs
[2022-04-02 16:18:12,207] {logging_mixin.py:104} INFO - [2022-04-02 16:18:12,207] {dag.py:2305} INFO - Setting next_dagrun for example_python_operator to None
[2022-04-02 16:18:12,236] {scheduler_job.py:190} INFO - Processing /home/airflow/sandbox/lib/python3.8/site-packages/airflow/example_dags/example_python_operator.py took 0.106 seconds
[2022-04-02 16:18:50,232] {scheduler_job.py:182} INFO - Started process (PID=3460) to work on /home/airflow/sandbox/lib/python3.8/site-packages/airflow/example_dags/example_python_operator.py
[2022-04-02 16:18:50,235] {scheduler_job.py:633} INFO - Processing file /home/airflow/sandbox/lib/python3.8/site-packages/airflow/example_dags/example_python_operator.py for tasks to queue
[2022-04-02 16:18:50,236] {logging_mixin.py:104} INFO - [2022-04-02 16:18:50,236] {dagbag.py:487} INFO - Filling up the DagBag from /home/airflow/sandbox/lib/python3.8/site-packages/airflow/example_dags/example_python_operator.py
[2022-04-02 16:18:50,258] {scheduler_job.py:643} INFO - DAG(s) dict_keys(['example_python_operator']) retrieved from /home/airflow/sandbox/lib/python3.8/site-packages/airflow/example_dags/example_python_operator.py
[2022-04-02 16:18:50,283] {logging_mixin.py:104} INFO - [2022-04-02 16:18:50,283] {dag.py:1832} INFO - Sync 1 DAGs
[2022-04-02 16:18:50,300] {logging_mixin.py:104} INFO - [2022-04-02 16:18:50,300] {dag.py:2305} INFO - Setting next_dagrun for example_python_operator to None
[2022-04-02 16:18:50,337] {scheduler_job.py:190} INFO - Processing /home/airflow/sandbox/lib/python3.8/site-packages/airflow/example_dags/example_python_operator.py took 0.111 seconds
[2022-04-02 16:19:27,081] {scheduler_job.py:182} INFO - Started process (PID=3491) to work on /home/airflow/sandbox/lib/python3.8/site-packages/airflow/example_dags/example_python_operator.py
[2022-04-02 16:19:27,082] {scheduler_job.py:633} INFO - Processing file /home/airflow/sandbox/lib/python3.8/site-packages/airflow/example_dags/example_python_operator.py for tasks to queue
[2022-04-02 16:19:27,083] {logging_mixin.py:104} INFO - [2022-04-02 16:19:27,083] {dagbag.py:487} INFO - Filling up the DagBag from /home/airflow/sandbox/lib/python3.8/site-packages/airflow/example_dags/example_python_operator.py
[2022-04-02 16:19:27,099] {scheduler_job.py:643} INFO - DAG(s) dict_keys(['example_python_operator']) retrieved from /home/airflow/sandbox/lib/python3.8/site-packages/airflow/example_dags/example_python_operator.py
[2022-04-02 16:19:27,115] {logging_mixin.py:104} INFO - [2022-04-02 16:19:27,115] {dag.py:1832} INFO - Sync 1 DAGs
[2022-04-02 16:19:27,128] {logging_mixin.py:104} INFO - [2022-04-02 16:19:27,128] {dag.py:2305} INFO - Setting next_dagrun for example_python_operator to None
[2022-04-02 16:19:27,148] {scheduler_job.py:190} INFO - Processing /home/airflow/sandbox/lib/python3.8/site-packages/airflow/example_dags/example_python_operator.py took 0.070 seconds
[2022-04-02 16:20:12,701] {scheduler_job.py:182} INFO - Started process (PID=3626) to work on /home/airflow/sandbox/lib/python3.8/site-packages/airflow/example_dags/example_python_operator.py
[2022-04-02 16:20:12,704] {scheduler_job.py:633} INFO - Processing file /home/airflow/sandbox/lib/python3.8/site-packages/airflow/example_dags/example_python_operator.py for tasks to queue
[2022-04-02 16:20:12,705] {logging_mixin.py:104} INFO - [2022-04-02 16:20:12,705] {dagbag.py:487} INFO - Filling up the DagBag from /home/airflow/sandbox/lib/python3.8/site-packages/airflow/example_dags/example_python_operator.py
[2022-04-02 16:20:12,726] {scheduler_job.py:643} INFO - DAG(s) dict_keys(['example_python_operator']) retrieved from /home/airflow/sandbox/lib/python3.8/site-packages/airflow/example_dags/example_python_operator.py
[2022-04-02 16:20:12,741] {logging_mixin.py:104} INFO - [2022-04-02 16:20:12,741] {dag.py:1832} INFO - Sync 1 DAGs
[2022-04-02 16:20:12,757] {logging_mixin.py:104} INFO - [2022-04-02 16:20:12,757] {dag.py:2305} INFO - Setting next_dagrun for example_python_operator to None
[2022-04-02 16:20:12,782] {scheduler_job.py:190} INFO - Processing /home/airflow/sandbox/lib/python3.8/site-packages/airflow/example_dags/example_python_operator.py took 0.086 seconds
[2022-04-02 16:20:55,136] {scheduler_job.py:182} INFO - Started process (PID=3661) to work on /home/airflow/sandbox/lib/python3.8/site-packages/airflow/example_dags/example_python_operator.py
[2022-04-02 16:20:55,138] {scheduler_job.py:633} INFO - Processing file /home/airflow/sandbox/lib/python3.8/site-packages/airflow/example_dags/example_python_operator.py for tasks to queue
[2022-04-02 16:20:55,139] {logging_mixin.py:104} INFO - [2022-04-02 16:20:55,139] {dagbag.py:487} INFO - Filling up the DagBag from /home/airflow/sandbox/lib/python3.8/site-packages/airflow/example_dags/example_python_operator.py
[2022-04-02 16:20:55,166] {scheduler_job.py:643} INFO - DAG(s) dict_keys(['example_python_operator']) retrieved from /home/airflow/sandbox/lib/python3.8/site-packages/airflow/example_dags/example_python_operator.py
[2022-04-02 16:20:55,194] {logging_mixin.py:104} INFO - [2022-04-02 16:20:55,194] {dag.py:1832} INFO - Sync 1 DAGs
[2022-04-02 16:20:55,215] {logging_mixin.py:104} INFO - [2022-04-02 16:20:55,215] {dag.py:2305} INFO - Setting next_dagrun for example_python_operator to None
[2022-04-02 16:20:55,250] {scheduler_job.py:190} INFO - Processing /home/airflow/sandbox/lib/python3.8/site-packages/airflow/example_dags/example_python_operator.py took 0.120 seconds
[2022-04-02 16:21:36,745] {scheduler_job.py:182} INFO - Started process (PID=3696) to work on /home/airflow/sandbox/lib/python3.8/site-packages/airflow/example_dags/example_python_operator.py
[2022-04-02 16:21:36,747] {scheduler_job.py:633} INFO - Processing file /home/airflow/sandbox/lib/python3.8/site-packages/airflow/example_dags/example_python_operator.py for tasks to queue
[2022-04-02 16:21:36,748] {logging_mixin.py:104} INFO - [2022-04-02 16:21:36,748] {dagbag.py:487} INFO - Filling up the DagBag from /home/airflow/sandbox/lib/python3.8/site-packages/airflow/example_dags/example_python_operator.py
[2022-04-02 16:21:36,766] {scheduler_job.py:643} INFO - DAG(s) dict_keys(['example_python_operator']) retrieved from /home/airflow/sandbox/lib/python3.8/site-packages/airflow/example_dags/example_python_operator.py
[2022-04-02 16:21:36,782] {logging_mixin.py:104} INFO - [2022-04-02 16:21:36,782] {dag.py:1832} INFO - Sync 1 DAGs
[2022-04-02 16:21:36,793] {logging_mixin.py:104} INFO - [2022-04-02 16:21:36,793] {dag.py:2305} INFO - Setting next_dagrun for example_python_operator to None
[2022-04-02 16:21:36,815] {scheduler_job.py:190} INFO - Processing /home/airflow/sandbox/lib/python3.8/site-packages/airflow/example_dags/example_python_operator.py took 0.074 seconds
[2022-04-02 16:22:18,263] {scheduler_job.py:182} INFO - Started process (PID=3732) to work on /home/airflow/sandbox/lib/python3.8/site-packages/airflow/example_dags/example_python_operator.py
[2022-04-02 16:22:18,264] {scheduler_job.py:633} INFO - Processing file /home/airflow/sandbox/lib/python3.8/site-packages/airflow/example_dags/example_python_operator.py for tasks to queue
[2022-04-02 16:22:18,265] {logging_mixin.py:104} INFO - [2022-04-02 16:22:18,265] {dagbag.py:487} INFO - Filling up the DagBag from /home/airflow/sandbox/lib/python3.8/site-packages/airflow/example_dags/example_python_operator.py
[2022-04-02 16:22:18,286] {scheduler_job.py:643} INFO - DAG(s) dict_keys(['example_python_operator']) retrieved from /home/airflow/sandbox/lib/python3.8/site-packages/airflow/example_dags/example_python_operator.py
[2022-04-02 16:22:18,315] {logging_mixin.py:104} INFO - [2022-04-02 16:22:18,315] {dag.py:1832} INFO - Sync 1 DAGs
[2022-04-02 16:22:18,338] {logging_mixin.py:104} INFO - [2022-04-02 16:22:18,338] {dag.py:2305} INFO - Setting next_dagrun for example_python_operator to None
[2022-04-02 16:22:18,371] {scheduler_job.py:190} INFO - Processing /home/airflow/sandbox/lib/python3.8/site-packages/airflow/example_dags/example_python_operator.py took 0.110 seconds
[2022-04-02 16:22:57,019] {scheduler_job.py:182} INFO - Started process (PID=3763) to work on /home/airflow/sandbox/lib/python3.8/site-packages/airflow/example_dags/example_python_operator.py
[2022-04-02 16:22:57,021] {scheduler_job.py:633} INFO - Processing file /home/airflow/sandbox/lib/python3.8/site-packages/airflow/example_dags/example_python_operator.py for tasks to queue
[2022-04-02 16:22:57,023] {logging_mixin.py:104} INFO - [2022-04-02 16:22:57,023] {dagbag.py:487} INFO - Filling up the DagBag from /home/airflow/sandbox/lib/python3.8/site-packages/airflow/example_dags/example_python_operator.py
[2022-04-02 16:22:57,049] {scheduler_job.py:643} INFO - DAG(s) dict_keys(['example_python_operator']) retrieved from /home/airflow/sandbox/lib/python3.8/site-packages/airflow/example_dags/example_python_operator.py
[2022-04-02 16:22:57,080] {logging_mixin.py:104} INFO - [2022-04-02 16:22:57,080] {dag.py:1832} INFO - Sync 1 DAGs
[2022-04-02 16:22:57,098] {logging_mixin.py:104} INFO - [2022-04-02 16:22:57,098] {dag.py:2305} INFO - Setting next_dagrun for example_python_operator to None
[2022-04-02 16:22:57,125] {scheduler_job.py:190} INFO - Processing /home/airflow/sandbox/lib/python3.8/site-packages/airflow/example_dags/example_python_operator.py took 0.113 seconds
[2022-04-02 16:23:34,586] {scheduler_job.py:182} INFO - Started process (PID=3839) to work on /home/airflow/sandbox/lib/python3.8/site-packages/airflow/example_dags/example_python_operator.py
[2022-04-02 16:23:34,588] {scheduler_job.py:633} INFO - Processing file /home/airflow/sandbox/lib/python3.8/site-packages/airflow/example_dags/example_python_operator.py for tasks to queue
[2022-04-02 16:23:34,589] {logging_mixin.py:104} INFO - [2022-04-02 16:23:34,589] {dagbag.py:487} INFO - Filling up the DagBag from /home/airflow/sandbox/lib/python3.8/site-packages/airflow/example_dags/example_python_operator.py
[2022-04-02 16:23:34,599] {scheduler_job.py:643} INFO - DAG(s) dict_keys(['example_python_operator']) retrieved from /home/airflow/sandbox/lib/python3.8/site-packages/airflow/example_dags/example_python_operator.py
[2022-04-02 16:23:34,616] {logging_mixin.py:104} INFO - [2022-04-02 16:23:34,615] {dag.py:1832} INFO - Sync 1 DAGs
[2022-04-02 16:23:34,627] {logging_mixin.py:104} INFO - [2022-04-02 16:23:34,627] {dag.py:2305} INFO - Setting next_dagrun for example_python_operator to None
[2022-04-02 16:23:34,646] {scheduler_job.py:190} INFO - Processing /home/airflow/sandbox/lib/python3.8/site-packages/airflow/example_dags/example_python_operator.py took 0.064 seconds
[2022-04-02 16:24:14,322] {scheduler_job.py:182} INFO - Started process (PID=3871) to work on /home/airflow/sandbox/lib/python3.8/site-packages/airflow/example_dags/example_python_operator.py
[2022-04-02 16:24:14,323] {scheduler_job.py:633} INFO - Processing file /home/airflow/sandbox/lib/python3.8/site-packages/airflow/example_dags/example_python_operator.py for tasks to queue
[2022-04-02 16:24:14,324] {logging_mixin.py:104} INFO - [2022-04-02 16:24:14,324] {dagbag.py:487} INFO - Filling up the DagBag from /home/airflow/sandbox/lib/python3.8/site-packages/airflow/example_dags/example_python_operator.py
[2022-04-02 16:24:14,343] {scheduler_job.py:643} INFO - DAG(s) dict_keys(['example_python_operator']) retrieved from /home/airflow/sandbox/lib/python3.8/site-packages/airflow/example_dags/example_python_operator.py
[2022-04-02 16:24:14,363] {logging_mixin.py:104} INFO - [2022-04-02 16:24:14,363] {dag.py:1832} INFO - Sync 1 DAGs
[2022-04-02 16:24:14,387] {logging_mixin.py:104} INFO - [2022-04-02 16:24:14,387] {dag.py:2305} INFO - Setting next_dagrun for example_python_operator to None
[2022-04-02 16:24:14,413] {scheduler_job.py:190} INFO - Processing /home/airflow/sandbox/lib/python3.8/site-packages/airflow/example_dags/example_python_operator.py took 0.096 seconds
[2022-04-02 16:24:56,374] {scheduler_job.py:182} INFO - Started process (PID=3906) to work on /home/airflow/sandbox/lib/python3.8/site-packages/airflow/example_dags/example_python_operator.py
[2022-04-02 16:24:56,376] {scheduler_job.py:633} INFO - Processing file /home/airflow/sandbox/lib/python3.8/site-packages/airflow/example_dags/example_python_operator.py for tasks to queue
[2022-04-02 16:24:56,377] {logging_mixin.py:104} INFO - [2022-04-02 16:24:56,377] {dagbag.py:487} INFO - Filling up the DagBag from /home/airflow/sandbox/lib/python3.8/site-packages/airflow/example_dags/example_python_operator.py
[2022-04-02 16:24:56,389] {scheduler_job.py:643} INFO - DAG(s) dict_keys(['example_python_operator']) retrieved from /home/airflow/sandbox/lib/python3.8/site-packages/airflow/example_dags/example_python_operator.py
[2022-04-02 16:24:56,404] {logging_mixin.py:104} INFO - [2022-04-02 16:24:56,404] {dag.py:1832} INFO - Sync 1 DAGs
[2022-04-02 16:24:56,430] {logging_mixin.py:104} INFO - [2022-04-02 16:24:56,430] {dag.py:2305} INFO - Setting next_dagrun for example_python_operator to None
[2022-04-02 16:24:56,459] {scheduler_job.py:190} INFO - Processing /home/airflow/sandbox/lib/python3.8/site-packages/airflow/example_dags/example_python_operator.py took 0.088 seconds
[2022-04-02 16:25:35,778] {scheduler_job.py:182} INFO - Started process (PID=3938) to work on /home/airflow/sandbox/lib/python3.8/site-packages/airflow/example_dags/example_python_operator.py
[2022-04-02 16:25:35,781] {scheduler_job.py:633} INFO - Processing file /home/airflow/sandbox/lib/python3.8/site-packages/airflow/example_dags/example_python_operator.py for tasks to queue
[2022-04-02 16:25:35,783] {logging_mixin.py:104} INFO - [2022-04-02 16:25:35,783] {dagbag.py:487} INFO - Filling up the DagBag from /home/airflow/sandbox/lib/python3.8/site-packages/airflow/example_dags/example_python_operator.py
[2022-04-02 16:25:35,824] {scheduler_job.py:643} INFO - DAG(s) dict_keys(['example_python_operator']) retrieved from /home/airflow/sandbox/lib/python3.8/site-packages/airflow/example_dags/example_python_operator.py
[2022-04-02 16:25:35,854] {logging_mixin.py:104} INFO - [2022-04-02 16:25:35,853] {dag.py:1832} INFO - Sync 1 DAGs
[2022-04-02 16:25:35,869] {logging_mixin.py:104} INFO - [2022-04-02 16:25:35,869] {dag.py:2305} INFO - Setting next_dagrun for example_python_operator to None
[2022-04-02 16:25:35,901] {scheduler_job.py:190} INFO - Processing /home/airflow/sandbox/lib/python3.8/site-packages/airflow/example_dags/example_python_operator.py took 0.133 seconds
[2022-04-02 16:26:19,798] {scheduler_job.py:182} INFO - Started process (PID=3974) to work on /home/airflow/sandbox/lib/python3.8/site-packages/airflow/example_dags/example_python_operator.py
[2022-04-02 16:26:19,800] {scheduler_job.py:633} INFO - Processing file /home/airflow/sandbox/lib/python3.8/site-packages/airflow/example_dags/example_python_operator.py for tasks to queue
[2022-04-02 16:26:19,801] {logging_mixin.py:104} INFO - [2022-04-02 16:26:19,801] {dagbag.py:487} INFO - Filling up the DagBag from /home/airflow/sandbox/lib/python3.8/site-packages/airflow/example_dags/example_python_operator.py
[2022-04-02 16:26:19,827] {scheduler_job.py:643} INFO - DAG(s) dict_keys(['example_python_operator']) retrieved from /home/airflow/sandbox/lib/python3.8/site-packages/airflow/example_dags/example_python_operator.py
[2022-04-02 16:26:19,858] {logging_mixin.py:104} INFO - [2022-04-02 16:26:19,858] {dag.py:1832} INFO - Sync 1 DAGs
[2022-04-02 16:26:19,875] {logging_mixin.py:104} INFO - [2022-04-02 16:26:19,875] {dag.py:2305} INFO - Setting next_dagrun for example_python_operator to None
[2022-04-02 16:26:19,905] {scheduler_job.py:190} INFO - Processing /home/airflow/sandbox/lib/python3.8/site-packages/airflow/example_dags/example_python_operator.py took 0.114 seconds
[2022-04-02 16:26:58,522] {scheduler_job.py:182} INFO - Started process (PID=4006) to work on /home/airflow/sandbox/lib/python3.8/site-packages/airflow/example_dags/example_python_operator.py
[2022-04-02 16:26:58,525] {scheduler_job.py:633} INFO - Processing file /home/airflow/sandbox/lib/python3.8/site-packages/airflow/example_dags/example_python_operator.py for tasks to queue
[2022-04-02 16:26:58,527] {logging_mixin.py:104} INFO - [2022-04-02 16:26:58,527] {dagbag.py:487} INFO - Filling up the DagBag from /home/airflow/sandbox/lib/python3.8/site-packages/airflow/example_dags/example_python_operator.py
[2022-04-02 16:26:58,549] {scheduler_job.py:643} INFO - DAG(s) dict_keys(['example_python_operator']) retrieved from /home/airflow/sandbox/lib/python3.8/site-packages/airflow/example_dags/example_python_operator.py
[2022-04-02 16:26:58,566] {logging_mixin.py:104} INFO - [2022-04-02 16:26:58,566] {dag.py:1832} INFO - Sync 1 DAGs
[2022-04-02 16:26:58,580] {logging_mixin.py:104} INFO - [2022-04-02 16:26:58,580] {dag.py:2305} INFO - Setting next_dagrun for example_python_operator to None
[2022-04-02 16:26:58,604] {scheduler_job.py:190} INFO - Processing /home/airflow/sandbox/lib/python3.8/site-packages/airflow/example_dags/example_python_operator.py took 0.088 seconds
