[2022-04-02 16:13:59,164] {scheduler_job.py:182} INFO - Started process (PID=3149) to work on /home/airflow/sandbox/lib/python3.8/site-packages/airflow/example_dags/example_bash_operator.py
[2022-04-02 16:13:59,166] {scheduler_job.py:633} INFO - Processing file /home/airflow/sandbox/lib/python3.8/site-packages/airflow/example_dags/example_bash_operator.py for tasks to queue
[2022-04-02 16:13:59,167] {logging_mixin.py:104} INFO - [2022-04-02 16:13:59,167] {dagbag.py:487} INFO - Filling up the DagBag from /home/airflow/sandbox/lib/python3.8/site-packages/airflow/example_dags/example_bash_operator.py
[2022-04-02 16:13:59,182] {scheduler_job.py:643} INFO - DAG(s) dict_keys(['example_bash_operator']) retrieved from /home/airflow/sandbox/lib/python3.8/site-packages/airflow/example_dags/example_bash_operator.py
[2022-04-02 16:13:59,558] {logging_mixin.py:104} INFO - [2022-04-02 16:13:59,558] {dag.py:1832} INFO - Sync 1 DAGs
[2022-04-02 16:13:59,569] {logging_mixin.py:104} INFO - [2022-04-02 16:13:59,569] {dag.py:2305} INFO - Setting next_dagrun for example_bash_operator to 2022-03-31 00:00:00+00:00
[2022-04-02 16:13:59,587] {scheduler_job.py:190} INFO - Processing /home/airflow/sandbox/lib/python3.8/site-packages/airflow/example_dags/example_bash_operator.py took 0.428 seconds
[2022-04-02 16:14:42,198] {scheduler_job.py:182} INFO - Started process (PID=3183) to work on /home/airflow/sandbox/lib/python3.8/site-packages/airflow/example_dags/example_bash_operator.py
[2022-04-02 16:14:42,199] {scheduler_job.py:633} INFO - Processing file /home/airflow/sandbox/lib/python3.8/site-packages/airflow/example_dags/example_bash_operator.py for tasks to queue
[2022-04-02 16:14:42,200] {logging_mixin.py:104} INFO - [2022-04-02 16:14:42,199] {dagbag.py:487} INFO - Filling up the DagBag from /home/airflow/sandbox/lib/python3.8/site-packages/airflow/example_dags/example_bash_operator.py
[2022-04-02 16:14:42,229] {scheduler_job.py:643} INFO - DAG(s) dict_keys(['example_bash_operator']) retrieved from /home/airflow/sandbox/lib/python3.8/site-packages/airflow/example_dags/example_bash_operator.py
[2022-04-02 16:14:42,258] {logging_mixin.py:104} INFO - [2022-04-02 16:14:42,258] {dag.py:1832} INFO - Sync 1 DAGs
[2022-04-02 16:14:42,288] {logging_mixin.py:104} INFO - [2022-04-02 16:14:42,288] {dag.py:2305} INFO - Setting next_dagrun for example_bash_operator to 2022-03-31 00:00:00+00:00
[2022-04-02 16:14:42,329] {scheduler_job.py:190} INFO - Processing /home/airflow/sandbox/lib/python3.8/site-packages/airflow/example_dags/example_bash_operator.py took 0.134 seconds
[2022-04-02 16:15:22,347] {scheduler_job.py:182} INFO - Started process (PID=3215) to work on /home/airflow/sandbox/lib/python3.8/site-packages/airflow/example_dags/example_bash_operator.py
[2022-04-02 16:15:22,348] {scheduler_job.py:633} INFO - Processing file /home/airflow/sandbox/lib/python3.8/site-packages/airflow/example_dags/example_bash_operator.py for tasks to queue
[2022-04-02 16:15:22,349] {logging_mixin.py:104} INFO - [2022-04-02 16:15:22,348] {dagbag.py:487} INFO - Filling up the DagBag from /home/airflow/sandbox/lib/python3.8/site-packages/airflow/example_dags/example_bash_operator.py
[2022-04-02 16:15:22,360] {scheduler_job.py:643} INFO - DAG(s) dict_keys(['example_bash_operator']) retrieved from /home/airflow/sandbox/lib/python3.8/site-packages/airflow/example_dags/example_bash_operator.py
[2022-04-02 16:15:22,372] {logging_mixin.py:104} INFO - [2022-04-02 16:15:22,372] {dag.py:1832} INFO - Sync 1 DAGs
[2022-04-02 16:15:22,392] {logging_mixin.py:104} INFO - [2022-04-02 16:15:22,392] {dag.py:2305} INFO - Setting next_dagrun for example_bash_operator to 2022-03-31 00:00:00+00:00
[2022-04-02 16:15:22,424] {scheduler_job.py:190} INFO - Processing /home/airflow/sandbox/lib/python3.8/site-packages/airflow/example_dags/example_bash_operator.py took 0.081 seconds
[2022-04-02 16:16:00,339] {scheduler_job.py:182} INFO - Started process (PID=3247) to work on /home/airflow/sandbox/lib/python3.8/site-packages/airflow/example_dags/example_bash_operator.py
[2022-04-02 16:16:00,342] {scheduler_job.py:633} INFO - Processing file /home/airflow/sandbox/lib/python3.8/site-packages/airflow/example_dags/example_bash_operator.py for tasks to queue
[2022-04-02 16:16:00,343] {logging_mixin.py:104} INFO - [2022-04-02 16:16:00,343] {dagbag.py:487} INFO - Filling up the DagBag from /home/airflow/sandbox/lib/python3.8/site-packages/airflow/example_dags/example_bash_operator.py
[2022-04-02 16:16:00,369] {scheduler_job.py:643} INFO - DAG(s) dict_keys(['example_bash_operator']) retrieved from /home/airflow/sandbox/lib/python3.8/site-packages/airflow/example_dags/example_bash_operator.py
[2022-04-02 16:16:00,398] {logging_mixin.py:104} INFO - [2022-04-02 16:16:00,398] {dag.py:1832} INFO - Sync 1 DAGs
[2022-04-02 16:16:00,416] {logging_mixin.py:104} INFO - [2022-04-02 16:16:00,416] {dag.py:2305} INFO - Setting next_dagrun for example_bash_operator to 2022-03-31 00:00:00+00:00
[2022-04-02 16:16:00,440] {scheduler_job.py:190} INFO - Processing /home/airflow/sandbox/lib/python3.8/site-packages/airflow/example_dags/example_bash_operator.py took 0.109 seconds
[2022-04-02 16:16:39,509] {scheduler_job.py:182} INFO - Started process (PID=3279) to work on /home/airflow/sandbox/lib/python3.8/site-packages/airflow/example_dags/example_bash_operator.py
[2022-04-02 16:16:39,511] {scheduler_job.py:633} INFO - Processing file /home/airflow/sandbox/lib/python3.8/site-packages/airflow/example_dags/example_bash_operator.py for tasks to queue
[2022-04-02 16:16:39,512] {logging_mixin.py:104} INFO - [2022-04-02 16:16:39,512] {dagbag.py:487} INFO - Filling up the DagBag from /home/airflow/sandbox/lib/python3.8/site-packages/airflow/example_dags/example_bash_operator.py
[2022-04-02 16:16:39,535] {scheduler_job.py:643} INFO - DAG(s) dict_keys(['example_bash_operator']) retrieved from /home/airflow/sandbox/lib/python3.8/site-packages/airflow/example_dags/example_bash_operator.py
[2022-04-02 16:16:39,559] {logging_mixin.py:104} INFO - [2022-04-02 16:16:39,559] {dag.py:1832} INFO - Sync 1 DAGs
[2022-04-02 16:16:39,592] {logging_mixin.py:104} INFO - [2022-04-02 16:16:39,592] {dag.py:2305} INFO - Setting next_dagrun for example_bash_operator to 2022-03-31 00:00:00+00:00
[2022-04-02 16:16:39,629] {scheduler_job.py:190} INFO - Processing /home/airflow/sandbox/lib/python3.8/site-packages/airflow/example_dags/example_bash_operator.py took 0.128 seconds
[2022-04-02 16:17:14,734] {scheduler_job.py:182} INFO - Started process (PID=3320) to work on /home/airflow/sandbox/lib/python3.8/site-packages/airflow/example_dags/example_bash_operator.py
[2022-04-02 16:17:14,737] {scheduler_job.py:633} INFO - Processing file /home/airflow/sandbox/lib/python3.8/site-packages/airflow/example_dags/example_bash_operator.py for tasks to queue
[2022-04-02 16:17:14,739] {logging_mixin.py:104} INFO - [2022-04-02 16:17:14,738] {dagbag.py:487} INFO - Filling up the DagBag from /home/airflow/sandbox/lib/python3.8/site-packages/airflow/example_dags/example_bash_operator.py
[2022-04-02 16:17:14,761] {scheduler_job.py:643} INFO - DAG(s) dict_keys(['example_bash_operator']) retrieved from /home/airflow/sandbox/lib/python3.8/site-packages/airflow/example_dags/example_bash_operator.py
[2022-04-02 16:17:14,790] {logging_mixin.py:104} INFO - [2022-04-02 16:17:14,789] {dag.py:1832} INFO - Sync 1 DAGs
[2022-04-02 16:17:14,819] {logging_mixin.py:104} INFO - [2022-04-02 16:17:14,819] {dag.py:2305} INFO - Setting next_dagrun for example_bash_operator to 2022-03-31 00:00:00+00:00
[2022-04-02 16:17:14,858] {scheduler_job.py:190} INFO - Processing /home/airflow/sandbox/lib/python3.8/site-packages/airflow/example_dags/example_bash_operator.py took 0.134 seconds
[2022-04-02 16:17:49,139] {scheduler_job.py:182} INFO - Started process (PID=3349) to work on /home/airflow/sandbox/lib/python3.8/site-packages/airflow/example_dags/example_bash_operator.py
[2022-04-02 16:17:49,141] {scheduler_job.py:633} INFO - Processing file /home/airflow/sandbox/lib/python3.8/site-packages/airflow/example_dags/example_bash_operator.py for tasks to queue
[2022-04-02 16:17:49,142] {logging_mixin.py:104} INFO - [2022-04-02 16:17:49,142] {dagbag.py:487} INFO - Filling up the DagBag from /home/airflow/sandbox/lib/python3.8/site-packages/airflow/example_dags/example_bash_operator.py
[2022-04-02 16:17:49,171] {scheduler_job.py:643} INFO - DAG(s) dict_keys(['example_bash_operator']) retrieved from /home/airflow/sandbox/lib/python3.8/site-packages/airflow/example_dags/example_bash_operator.py
[2022-04-02 16:17:49,188] {logging_mixin.py:104} INFO - [2022-04-02 16:17:49,188] {dag.py:1832} INFO - Sync 1 DAGs
[2022-04-02 16:17:49,208] {logging_mixin.py:104} INFO - [2022-04-02 16:17:49,207] {dag.py:2305} INFO - Setting next_dagrun for example_bash_operator to 2022-03-31 00:00:00+00:00
[2022-04-02 16:17:49,239] {scheduler_job.py:190} INFO - Processing /home/airflow/sandbox/lib/python3.8/site-packages/airflow/example_dags/example_bash_operator.py took 0.106 seconds
[2022-04-02 16:18:27,740] {scheduler_job.py:182} INFO - Started process (PID=3442) to work on /home/airflow/sandbox/lib/python3.8/site-packages/airflow/example_dags/example_bash_operator.py
[2022-04-02 16:18:27,741] {scheduler_job.py:633} INFO - Processing file /home/airflow/sandbox/lib/python3.8/site-packages/airflow/example_dags/example_bash_operator.py for tasks to queue
[2022-04-02 16:18:27,742] {logging_mixin.py:104} INFO - [2022-04-02 16:18:27,742] {dagbag.py:487} INFO - Filling up the DagBag from /home/airflow/sandbox/lib/python3.8/site-packages/airflow/example_dags/example_bash_operator.py
[2022-04-02 16:18:27,769] {scheduler_job.py:643} INFO - DAG(s) dict_keys(['example_bash_operator']) retrieved from /home/airflow/sandbox/lib/python3.8/site-packages/airflow/example_dags/example_bash_operator.py
[2022-04-02 16:18:27,808] {logging_mixin.py:104} INFO - [2022-04-02 16:18:27,808] {dag.py:1832} INFO - Sync 1 DAGs
[2022-04-02 16:18:27,846] {logging_mixin.py:104} INFO - [2022-04-02 16:18:27,845] {dag.py:2305} INFO - Setting next_dagrun for example_bash_operator to 2022-03-31 00:00:00+00:00
[2022-04-02 16:18:27,886] {scheduler_job.py:190} INFO - Processing /home/airflow/sandbox/lib/python3.8/site-packages/airflow/example_dags/example_bash_operator.py took 0.149 seconds
[2022-04-02 16:19:05,650] {scheduler_job.py:182} INFO - Started process (PID=3473) to work on /home/airflow/sandbox/lib/python3.8/site-packages/airflow/example_dags/example_bash_operator.py
[2022-04-02 16:19:05,651] {scheduler_job.py:633} INFO - Processing file /home/airflow/sandbox/lib/python3.8/site-packages/airflow/example_dags/example_bash_operator.py for tasks to queue
[2022-04-02 16:19:05,652] {logging_mixin.py:104} INFO - [2022-04-02 16:19:05,652] {dagbag.py:487} INFO - Filling up the DagBag from /home/airflow/sandbox/lib/python3.8/site-packages/airflow/example_dags/example_bash_operator.py
[2022-04-02 16:19:05,674] {scheduler_job.py:643} INFO - DAG(s) dict_keys(['example_bash_operator']) retrieved from /home/airflow/sandbox/lib/python3.8/site-packages/airflow/example_dags/example_bash_operator.py
[2022-04-02 16:19:05,701] {logging_mixin.py:104} INFO - [2022-04-02 16:19:05,701] {dag.py:1832} INFO - Sync 1 DAGs
[2022-04-02 16:19:05,734] {logging_mixin.py:104} INFO - [2022-04-02 16:19:05,733] {dag.py:2305} INFO - Setting next_dagrun for example_bash_operator to 2022-03-31 00:00:00+00:00
[2022-04-02 16:19:05,760] {scheduler_job.py:190} INFO - Processing /home/airflow/sandbox/lib/python3.8/site-packages/airflow/example_dags/example_bash_operator.py took 0.116 seconds
[2022-04-02 16:19:44,833] {scheduler_job.py:182} INFO - Started process (PID=3604) to work on /home/airflow/sandbox/lib/python3.8/site-packages/airflow/example_dags/example_bash_operator.py
[2022-04-02 16:19:44,834] {scheduler_job.py:633} INFO - Processing file /home/airflow/sandbox/lib/python3.8/site-packages/airflow/example_dags/example_bash_operator.py for tasks to queue
[2022-04-02 16:19:44,837] {logging_mixin.py:104} INFO - [2022-04-02 16:19:44,837] {dagbag.py:487} INFO - Filling up the DagBag from /home/airflow/sandbox/lib/python3.8/site-packages/airflow/example_dags/example_bash_operator.py
[2022-04-02 16:19:44,866] {scheduler_job.py:643} INFO - DAG(s) dict_keys(['example_bash_operator']) retrieved from /home/airflow/sandbox/lib/python3.8/site-packages/airflow/example_dags/example_bash_operator.py
[2022-04-02 16:19:44,879] {logging_mixin.py:104} INFO - [2022-04-02 16:19:44,879] {dag.py:1832} INFO - Sync 1 DAGs
[2022-04-02 16:19:44,896] {logging_mixin.py:104} INFO - [2022-04-02 16:19:44,896] {dag.py:2305} INFO - Setting next_dagrun for example_bash_operator to 2022-03-31 00:00:00+00:00
[2022-04-02 16:19:44,917] {scheduler_job.py:190} INFO - Processing /home/airflow/sandbox/lib/python3.8/site-packages/airflow/example_dags/example_bash_operator.py took 0.090 seconds
[2022-04-02 16:20:23,213] {scheduler_job.py:182} INFO - Started process (PID=3635) to work on /home/airflow/sandbox/lib/python3.8/site-packages/airflow/example_dags/example_bash_operator.py
[2022-04-02 16:20:23,216] {scheduler_job.py:633} INFO - Processing file /home/airflow/sandbox/lib/python3.8/site-packages/airflow/example_dags/example_bash_operator.py for tasks to queue
[2022-04-02 16:20:23,217] {logging_mixin.py:104} INFO - [2022-04-02 16:20:23,217] {dagbag.py:487} INFO - Filling up the DagBag from /home/airflow/sandbox/lib/python3.8/site-packages/airflow/example_dags/example_bash_operator.py
[2022-04-02 16:20:23,239] {scheduler_job.py:643} INFO - DAG(s) dict_keys(['example_bash_operator']) retrieved from /home/airflow/sandbox/lib/python3.8/site-packages/airflow/example_dags/example_bash_operator.py
[2022-04-02 16:20:23,258] {logging_mixin.py:104} INFO - [2022-04-02 16:20:23,258] {dag.py:1832} INFO - Sync 1 DAGs
[2022-04-02 16:20:23,272] {logging_mixin.py:104} INFO - [2022-04-02 16:20:23,272] {dag.py:2305} INFO - Setting next_dagrun for example_bash_operator to 2022-03-31 00:00:00+00:00
[2022-04-02 16:20:23,298] {scheduler_job.py:190} INFO - Processing /home/airflow/sandbox/lib/python3.8/site-packages/airflow/example_dags/example_bash_operator.py took 0.091 seconds
[2022-04-02 16:21:04,936] {scheduler_job.py:182} INFO - Started process (PID=3669) to work on /home/airflow/sandbox/lib/python3.8/site-packages/airflow/example_dags/example_bash_operator.py
[2022-04-02 16:21:04,938] {scheduler_job.py:633} INFO - Processing file /home/airflow/sandbox/lib/python3.8/site-packages/airflow/example_dags/example_bash_operator.py for tasks to queue
[2022-04-02 16:21:04,939] {logging_mixin.py:104} INFO - [2022-04-02 16:21:04,939] {dagbag.py:487} INFO - Filling up the DagBag from /home/airflow/sandbox/lib/python3.8/site-packages/airflow/example_dags/example_bash_operator.py
[2022-04-02 16:21:04,972] {scheduler_job.py:643} INFO - DAG(s) dict_keys(['example_bash_operator']) retrieved from /home/airflow/sandbox/lib/python3.8/site-packages/airflow/example_dags/example_bash_operator.py
[2022-04-02 16:21:05,003] {logging_mixin.py:104} INFO - [2022-04-02 16:21:05,003] {dag.py:1832} INFO - Sync 1 DAGs
[2022-04-02 16:21:05,030] {logging_mixin.py:104} INFO - [2022-04-02 16:21:05,030] {dag.py:2305} INFO - Setting next_dagrun for example_bash_operator to 2022-03-31 00:00:00+00:00
[2022-04-02 16:21:05,069] {scheduler_job.py:190} INFO - Processing /home/airflow/sandbox/lib/python3.8/site-packages/airflow/example_dags/example_bash_operator.py took 0.139 seconds
[2022-04-02 16:21:44,673] {scheduler_job.py:182} INFO - Started process (PID=3703) to work on /home/airflow/sandbox/lib/python3.8/site-packages/airflow/example_dags/example_bash_operator.py
[2022-04-02 16:21:44,675] {scheduler_job.py:633} INFO - Processing file /home/airflow/sandbox/lib/python3.8/site-packages/airflow/example_dags/example_bash_operator.py for tasks to queue
[2022-04-02 16:21:44,676] {logging_mixin.py:104} INFO - [2022-04-02 16:21:44,676] {dagbag.py:487} INFO - Filling up the DagBag from /home/airflow/sandbox/lib/python3.8/site-packages/airflow/example_dags/example_bash_operator.py
[2022-04-02 16:21:44,693] {scheduler_job.py:643} INFO - DAG(s) dict_keys(['example_bash_operator']) retrieved from /home/airflow/sandbox/lib/python3.8/site-packages/airflow/example_dags/example_bash_operator.py
[2022-04-02 16:21:44,734] {logging_mixin.py:104} INFO - [2022-04-02 16:21:44,734] {dag.py:1832} INFO - Sync 1 DAGs
[2022-04-02 16:21:44,751] {logging_mixin.py:104} INFO - [2022-04-02 16:21:44,751] {dag.py:2305} INFO - Setting next_dagrun for example_bash_operator to 2022-03-31 00:00:00+00:00
[2022-04-02 16:21:44,771] {scheduler_job.py:190} INFO - Processing /home/airflow/sandbox/lib/python3.8/site-packages/airflow/example_dags/example_bash_operator.py took 0.102 seconds
[2022-04-02 16:22:23,186] {scheduler_job.py:182} INFO - Started process (PID=3736) to work on /home/airflow/sandbox/lib/python3.8/site-packages/airflow/example_dags/example_bash_operator.py
[2022-04-02 16:22:23,188] {scheduler_job.py:633} INFO - Processing file /home/airflow/sandbox/lib/python3.8/site-packages/airflow/example_dags/example_bash_operator.py for tasks to queue
[2022-04-02 16:22:23,190] {logging_mixin.py:104} INFO - [2022-04-02 16:22:23,189] {dagbag.py:487} INFO - Filling up the DagBag from /home/airflow/sandbox/lib/python3.8/site-packages/airflow/example_dags/example_bash_operator.py
[2022-04-02 16:22:23,219] {scheduler_job.py:643} INFO - DAG(s) dict_keys(['example_bash_operator']) retrieved from /home/airflow/sandbox/lib/python3.8/site-packages/airflow/example_dags/example_bash_operator.py
[2022-04-02 16:22:23,240] {logging_mixin.py:104} INFO - [2022-04-02 16:22:23,240] {dag.py:1832} INFO - Sync 1 DAGs
[2022-04-02 16:22:23,253] {logging_mixin.py:104} INFO - [2022-04-02 16:22:23,252] {dag.py:2305} INFO - Setting next_dagrun for example_bash_operator to 2022-03-31 00:00:00+00:00
[2022-04-02 16:22:23,276] {scheduler_job.py:190} INFO - Processing /home/airflow/sandbox/lib/python3.8/site-packages/airflow/example_dags/example_bash_operator.py took 0.101 seconds
[2022-04-02 16:23:01,436] {scheduler_job.py:182} INFO - Started process (PID=3789) to work on /home/airflow/sandbox/lib/python3.8/site-packages/airflow/example_dags/example_bash_operator.py
[2022-04-02 16:23:01,438] {scheduler_job.py:633} INFO - Processing file /home/airflow/sandbox/lib/python3.8/site-packages/airflow/example_dags/example_bash_operator.py for tasks to queue
[2022-04-02 16:23:01,438] {logging_mixin.py:104} INFO - [2022-04-02 16:23:01,438] {dagbag.py:487} INFO - Filling up the DagBag from /home/airflow/sandbox/lib/python3.8/site-packages/airflow/example_dags/example_bash_operator.py
[2022-04-02 16:23:01,465] {scheduler_job.py:643} INFO - DAG(s) dict_keys(['example_bash_operator']) retrieved from /home/airflow/sandbox/lib/python3.8/site-packages/airflow/example_dags/example_bash_operator.py
[2022-04-02 16:23:01,485] {logging_mixin.py:104} INFO - [2022-04-02 16:23:01,485] {dag.py:1832} INFO - Sync 1 DAGs
[2022-04-02 16:23:01,512] {logging_mixin.py:104} INFO - [2022-04-02 16:23:01,512] {dag.py:2305} INFO - Setting next_dagrun for example_bash_operator to 2022-03-31 00:00:00+00:00
[2022-04-02 16:23:01,546] {scheduler_job.py:190} INFO - Processing /home/airflow/sandbox/lib/python3.8/site-packages/airflow/example_dags/example_bash_operator.py took 0.116 seconds
[2022-04-02 16:23:32,655] {scheduler_job.py:182} INFO - Started process (PID=3837) to work on /home/airflow/sandbox/lib/python3.8/site-packages/airflow/example_dags/example_bash_operator.py
[2022-04-02 16:23:32,658] {scheduler_job.py:633} INFO - Processing file /home/airflow/sandbox/lib/python3.8/site-packages/airflow/example_dags/example_bash_operator.py for tasks to queue
[2022-04-02 16:23:32,659] {logging_mixin.py:104} INFO - [2022-04-02 16:23:32,659] {dagbag.py:487} INFO - Filling up the DagBag from /home/airflow/sandbox/lib/python3.8/site-packages/airflow/example_dags/example_bash_operator.py
[2022-04-02 16:23:32,690] {scheduler_job.py:643} INFO - DAG(s) dict_keys(['example_bash_operator']) retrieved from /home/airflow/sandbox/lib/python3.8/site-packages/airflow/example_dags/example_bash_operator.py
[2022-04-02 16:23:32,725] {logging_mixin.py:104} INFO - [2022-04-02 16:23:32,724] {dag.py:1832} INFO - Sync 1 DAGs
[2022-04-02 16:23:32,750] {logging_mixin.py:104} INFO - [2022-04-02 16:23:32,750] {dag.py:2305} INFO - Setting next_dagrun for example_bash_operator to 2022-03-31 00:00:00+00:00
[2022-04-02 16:23:32,787] {scheduler_job.py:190} INFO - Processing /home/airflow/sandbox/lib/python3.8/site-packages/airflow/example_dags/example_bash_operator.py took 0.137 seconds
[2022-04-02 16:24:08,220] {scheduler_job.py:182} INFO - Started process (PID=3866) to work on /home/airflow/sandbox/lib/python3.8/site-packages/airflow/example_dags/example_bash_operator.py
[2022-04-02 16:24:08,224] {scheduler_job.py:633} INFO - Processing file /home/airflow/sandbox/lib/python3.8/site-packages/airflow/example_dags/example_bash_operator.py for tasks to queue
[2022-04-02 16:24:08,225] {logging_mixin.py:104} INFO - [2022-04-02 16:24:08,225] {dagbag.py:487} INFO - Filling up the DagBag from /home/airflow/sandbox/lib/python3.8/site-packages/airflow/example_dags/example_bash_operator.py
[2022-04-02 16:24:08,246] {scheduler_job.py:643} INFO - DAG(s) dict_keys(['example_bash_operator']) retrieved from /home/airflow/sandbox/lib/python3.8/site-packages/airflow/example_dags/example_bash_operator.py
[2022-04-02 16:24:08,285] {logging_mixin.py:104} INFO - [2022-04-02 16:24:08,285] {dag.py:1832} INFO - Sync 1 DAGs
[2022-04-02 16:24:08,316] {logging_mixin.py:104} INFO - [2022-04-02 16:24:08,316] {dag.py:2305} INFO - Setting next_dagrun for example_bash_operator to 2022-03-31 00:00:00+00:00
[2022-04-02 16:24:08,343] {scheduler_job.py:190} INFO - Processing /home/airflow/sandbox/lib/python3.8/site-packages/airflow/example_dags/example_bash_operator.py took 0.129 seconds
[2022-04-02 16:24:48,315] {scheduler_job.py:182} INFO - Started process (PID=3899) to work on /home/airflow/sandbox/lib/python3.8/site-packages/airflow/example_dags/example_bash_operator.py
[2022-04-02 16:24:48,317] {scheduler_job.py:633} INFO - Processing file /home/airflow/sandbox/lib/python3.8/site-packages/airflow/example_dags/example_bash_operator.py for tasks to queue
[2022-04-02 16:24:48,318] {logging_mixin.py:104} INFO - [2022-04-02 16:24:48,318] {dagbag.py:487} INFO - Filling up the DagBag from /home/airflow/sandbox/lib/python3.8/site-packages/airflow/example_dags/example_bash_operator.py
[2022-04-02 16:24:48,345] {scheduler_job.py:643} INFO - DAG(s) dict_keys(['example_bash_operator']) retrieved from /home/airflow/sandbox/lib/python3.8/site-packages/airflow/example_dags/example_bash_operator.py
[2022-04-02 16:24:48,379] {logging_mixin.py:104} INFO - [2022-04-02 16:24:48,378] {dag.py:1832} INFO - Sync 1 DAGs
[2022-04-02 16:24:48,406] {logging_mixin.py:104} INFO - [2022-04-02 16:24:48,406] {dag.py:2305} INFO - Setting next_dagrun for example_bash_operator to 2022-03-31 00:00:00+00:00
[2022-04-02 16:24:48,442] {scheduler_job.py:190} INFO - Processing /home/airflow/sandbox/lib/python3.8/site-packages/airflow/example_dags/example_bash_operator.py took 0.133 seconds
[2022-04-02 16:25:27,919] {scheduler_job.py:182} INFO - Started process (PID=3931) to work on /home/airflow/sandbox/lib/python3.8/site-packages/airflow/example_dags/example_bash_operator.py
[2022-04-02 16:25:27,922] {scheduler_job.py:633} INFO - Processing file /home/airflow/sandbox/lib/python3.8/site-packages/airflow/example_dags/example_bash_operator.py for tasks to queue
[2022-04-02 16:25:27,923] {logging_mixin.py:104} INFO - [2022-04-02 16:25:27,923] {dagbag.py:487} INFO - Filling up the DagBag from /home/airflow/sandbox/lib/python3.8/site-packages/airflow/example_dags/example_bash_operator.py
[2022-04-02 16:25:27,948] {scheduler_job.py:643} INFO - DAG(s) dict_keys(['example_bash_operator']) retrieved from /home/airflow/sandbox/lib/python3.8/site-packages/airflow/example_dags/example_bash_operator.py
[2022-04-02 16:25:27,981] {logging_mixin.py:104} INFO - [2022-04-02 16:25:27,981] {dag.py:1832} INFO - Sync 1 DAGs
[2022-04-02 16:25:28,000] {logging_mixin.py:104} INFO - [2022-04-02 16:25:28,000] {dag.py:2305} INFO - Setting next_dagrun for example_bash_operator to 2022-03-31 00:00:00+00:00
[2022-04-02 16:25:28,020] {scheduler_job.py:190} INFO - Processing /home/airflow/sandbox/lib/python3.8/site-packages/airflow/example_dags/example_bash_operator.py took 0.108 seconds
[2022-04-02 16:26:05,798] {scheduler_job.py:182} INFO - Started process (PID=3962) to work on /home/airflow/sandbox/lib/python3.8/site-packages/airflow/example_dags/example_bash_operator.py
[2022-04-02 16:26:05,801] {scheduler_job.py:633} INFO - Processing file /home/airflow/sandbox/lib/python3.8/site-packages/airflow/example_dags/example_bash_operator.py for tasks to queue
[2022-04-02 16:26:05,803] {logging_mixin.py:104} INFO - [2022-04-02 16:26:05,802] {dagbag.py:487} INFO - Filling up the DagBag from /home/airflow/sandbox/lib/python3.8/site-packages/airflow/example_dags/example_bash_operator.py
[2022-04-02 16:26:05,829] {scheduler_job.py:643} INFO - DAG(s) dict_keys(['example_bash_operator']) retrieved from /home/airflow/sandbox/lib/python3.8/site-packages/airflow/example_dags/example_bash_operator.py
[2022-04-02 16:26:05,856] {logging_mixin.py:104} INFO - [2022-04-02 16:26:05,856] {dag.py:1832} INFO - Sync 1 DAGs
[2022-04-02 16:26:05,887] {logging_mixin.py:104} INFO - [2022-04-02 16:26:05,887] {dag.py:2305} INFO - Setting next_dagrun for example_bash_operator to 2022-03-31 00:00:00+00:00
[2022-04-02 16:26:05,930] {scheduler_job.py:190} INFO - Processing /home/airflow/sandbox/lib/python3.8/site-packages/airflow/example_dags/example_bash_operator.py took 0.139 seconds
[2022-04-02 16:26:41,738] {scheduler_job.py:182} INFO - Started process (PID=3992) to work on /home/airflow/sandbox/lib/python3.8/site-packages/airflow/example_dags/example_bash_operator.py
[2022-04-02 16:26:41,741] {scheduler_job.py:633} INFO - Processing file /home/airflow/sandbox/lib/python3.8/site-packages/airflow/example_dags/example_bash_operator.py for tasks to queue
[2022-04-02 16:26:41,742] {logging_mixin.py:104} INFO - [2022-04-02 16:26:41,742] {dagbag.py:487} INFO - Filling up the DagBag from /home/airflow/sandbox/lib/python3.8/site-packages/airflow/example_dags/example_bash_operator.py
[2022-04-02 16:26:41,767] {scheduler_job.py:643} INFO - DAG(s) dict_keys(['example_bash_operator']) retrieved from /home/airflow/sandbox/lib/python3.8/site-packages/airflow/example_dags/example_bash_operator.py
[2022-04-02 16:26:41,785] {logging_mixin.py:104} INFO - [2022-04-02 16:26:41,785] {dag.py:1832} INFO - Sync 1 DAGs
[2022-04-02 16:26:41,800] {logging_mixin.py:104} INFO - [2022-04-02 16:26:41,800] {dag.py:2305} INFO - Setting next_dagrun for example_bash_operator to 2022-03-31 00:00:00+00:00
[2022-04-02 16:26:41,825] {scheduler_job.py:190} INFO - Processing /home/airflow/sandbox/lib/python3.8/site-packages/airflow/example_dags/example_bash_operator.py took 0.093 seconds
