[2022-04-02 16:14:26,663] {scheduler_job.py:182} INFO - Started process (PID=3171) to work on /home/airflow/sandbox/lib/python3.8/site-packages/airflow/example_dags/example_complex.py
[2022-04-02 16:14:26,665] {scheduler_job.py:633} INFO - Processing file /home/airflow/sandbox/lib/python3.8/site-packages/airflow/example_dags/example_complex.py for tasks to queue
[2022-04-02 16:14:26,666] {logging_mixin.py:104} INFO - [2022-04-02 16:14:26,666] {dagbag.py:487} INFO - Filling up the DagBag from /home/airflow/sandbox/lib/python3.8/site-packages/airflow/example_dags/example_complex.py
[2022-04-02 16:14:26,693] {scheduler_job.py:643} INFO - DAG(s) dict_keys(['example_complex']) retrieved from /home/airflow/sandbox/lib/python3.8/site-packages/airflow/example_dags/example_complex.py
[2022-04-02 16:14:27,068] {logging_mixin.py:104} INFO - [2022-04-02 16:14:27,068] {dag.py:1832} INFO - Sync 1 DAGs
[2022-04-02 16:14:27,085] {logging_mixin.py:104} INFO - [2022-04-02 16:14:27,085] {dag.py:2305} INFO - Setting next_dagrun for example_complex to None
[2022-04-02 16:14:27,117] {scheduler_job.py:190} INFO - Processing /home/airflow/sandbox/lib/python3.8/site-packages/airflow/example_dags/example_complex.py took 0.461 seconds
[2022-04-02 16:15:13,130] {scheduler_job.py:182} INFO - Started process (PID=3207) to work on /home/airflow/sandbox/lib/python3.8/site-packages/airflow/example_dags/example_complex.py
[2022-04-02 16:15:13,132] {scheduler_job.py:633} INFO - Processing file /home/airflow/sandbox/lib/python3.8/site-packages/airflow/example_dags/example_complex.py for tasks to queue
[2022-04-02 16:15:13,133] {logging_mixin.py:104} INFO - [2022-04-02 16:15:13,133] {dagbag.py:487} INFO - Filling up the DagBag from /home/airflow/sandbox/lib/python3.8/site-packages/airflow/example_dags/example_complex.py
[2022-04-02 16:15:13,172] {scheduler_job.py:643} INFO - DAG(s) dict_keys(['example_complex']) retrieved from /home/airflow/sandbox/lib/python3.8/site-packages/airflow/example_dags/example_complex.py
[2022-04-02 16:15:13,212] {logging_mixin.py:104} INFO - [2022-04-02 16:15:13,212] {dag.py:1832} INFO - Sync 1 DAGs
[2022-04-02 16:15:13,224] {logging_mixin.py:104} INFO - [2022-04-02 16:15:13,224] {dag.py:2305} INFO - Setting next_dagrun for example_complex to None
[2022-04-02 16:15:13,245] {scheduler_job.py:190} INFO - Processing /home/airflow/sandbox/lib/python3.8/site-packages/airflow/example_dags/example_complex.py took 0.120 seconds
[2022-04-02 16:15:51,134] {scheduler_job.py:182} INFO - Started process (PID=3239) to work on /home/airflow/sandbox/lib/python3.8/site-packages/airflow/example_dags/example_complex.py
[2022-04-02 16:15:51,136] {scheduler_job.py:633} INFO - Processing file /home/airflow/sandbox/lib/python3.8/site-packages/airflow/example_dags/example_complex.py for tasks to queue
[2022-04-02 16:15:51,138] {logging_mixin.py:104} INFO - [2022-04-02 16:15:51,137] {dagbag.py:487} INFO - Filling up the DagBag from /home/airflow/sandbox/lib/python3.8/site-packages/airflow/example_dags/example_complex.py
[2022-04-02 16:15:51,177] {scheduler_job.py:643} INFO - DAG(s) dict_keys(['example_complex']) retrieved from /home/airflow/sandbox/lib/python3.8/site-packages/airflow/example_dags/example_complex.py
[2022-04-02 16:15:51,224] {logging_mixin.py:104} INFO - [2022-04-02 16:15:51,224] {dag.py:1832} INFO - Sync 1 DAGs
[2022-04-02 16:15:51,245] {logging_mixin.py:104} INFO - [2022-04-02 16:15:51,245] {dag.py:2305} INFO - Setting next_dagrun for example_complex to None
[2022-04-02 16:15:51,278] {scheduler_job.py:190} INFO - Processing /home/airflow/sandbox/lib/python3.8/site-packages/airflow/example_dags/example_complex.py took 0.149 seconds
[2022-04-02 16:16:36,954] {scheduler_job.py:182} INFO - Started process (PID=3277) to work on /home/airflow/sandbox/lib/python3.8/site-packages/airflow/example_dags/example_complex.py
[2022-04-02 16:16:36,957] {scheduler_job.py:633} INFO - Processing file /home/airflow/sandbox/lib/python3.8/site-packages/airflow/example_dags/example_complex.py for tasks to queue
[2022-04-02 16:16:36,958] {logging_mixin.py:104} INFO - [2022-04-02 16:16:36,958] {dagbag.py:487} INFO - Filling up the DagBag from /home/airflow/sandbox/lib/python3.8/site-packages/airflow/example_dags/example_complex.py
[2022-04-02 16:16:37,001] {scheduler_job.py:643} INFO - DAG(s) dict_keys(['example_complex']) retrieved from /home/airflow/sandbox/lib/python3.8/site-packages/airflow/example_dags/example_complex.py
[2022-04-02 16:16:37,039] {logging_mixin.py:104} INFO - [2022-04-02 16:16:37,038] {dag.py:1832} INFO - Sync 1 DAGs
[2022-04-02 16:16:37,060] {logging_mixin.py:104} INFO - [2022-04-02 16:16:37,060] {dag.py:2305} INFO - Setting next_dagrun for example_complex to None
[2022-04-02 16:16:37,094] {scheduler_job.py:190} INFO - Processing /home/airflow/sandbox/lib/python3.8/site-packages/airflow/example_dags/example_complex.py took 0.147 seconds
[2022-04-02 16:17:18,513] {scheduler_job.py:182} INFO - Started process (PID=3323) to work on /home/airflow/sandbox/lib/python3.8/site-packages/airflow/example_dags/example_complex.py
[2022-04-02 16:17:18,515] {scheduler_job.py:633} INFO - Processing file /home/airflow/sandbox/lib/python3.8/site-packages/airflow/example_dags/example_complex.py for tasks to queue
[2022-04-02 16:17:18,515] {logging_mixin.py:104} INFO - [2022-04-02 16:17:18,515] {dagbag.py:487} INFO - Filling up the DagBag from /home/airflow/sandbox/lib/python3.8/site-packages/airflow/example_dags/example_complex.py
[2022-04-02 16:17:18,536] {scheduler_job.py:643} INFO - DAG(s) dict_keys(['example_complex']) retrieved from /home/airflow/sandbox/lib/python3.8/site-packages/airflow/example_dags/example_complex.py
[2022-04-02 16:17:18,559] {logging_mixin.py:104} INFO - [2022-04-02 16:17:18,559] {dag.py:1832} INFO - Sync 1 DAGs
[2022-04-02 16:17:18,571] {logging_mixin.py:104} INFO - [2022-04-02 16:17:18,571] {dag.py:2305} INFO - Setting next_dagrun for example_complex to None
[2022-04-02 16:17:18,599] {scheduler_job.py:190} INFO - Processing /home/airflow/sandbox/lib/python3.8/site-packages/airflow/example_dags/example_complex.py took 0.089 seconds
[2022-04-02 16:18:05,233] {scheduler_job.py:182} INFO - Started process (PID=3423) to work on /home/airflow/sandbox/lib/python3.8/site-packages/airflow/example_dags/example_complex.py
[2022-04-02 16:18:05,234] {scheduler_job.py:633} INFO - Processing file /home/airflow/sandbox/lib/python3.8/site-packages/airflow/example_dags/example_complex.py for tasks to queue
[2022-04-02 16:18:05,234] {logging_mixin.py:104} INFO - [2022-04-02 16:18:05,234] {dagbag.py:487} INFO - Filling up the DagBag from /home/airflow/sandbox/lib/python3.8/site-packages/airflow/example_dags/example_complex.py
[2022-04-02 16:18:05,266] {scheduler_job.py:643} INFO - DAG(s) dict_keys(['example_complex']) retrieved from /home/airflow/sandbox/lib/python3.8/site-packages/airflow/example_dags/example_complex.py
[2022-04-02 16:18:05,287] {logging_mixin.py:104} INFO - [2022-04-02 16:18:05,287] {dag.py:1832} INFO - Sync 1 DAGs
[2022-04-02 16:18:05,296] {logging_mixin.py:104} INFO - [2022-04-02 16:18:05,296] {dag.py:2305} INFO - Setting next_dagrun for example_complex to None
[2022-04-02 16:18:05,317] {scheduler_job.py:190} INFO - Processing /home/airflow/sandbox/lib/python3.8/site-packages/airflow/example_dags/example_complex.py took 0.087 seconds
[2022-04-02 16:18:44,002] {scheduler_job.py:182} INFO - Started process (PID=3455) to work on /home/airflow/sandbox/lib/python3.8/site-packages/airflow/example_dags/example_complex.py
[2022-04-02 16:18:44,004] {scheduler_job.py:633} INFO - Processing file /home/airflow/sandbox/lib/python3.8/site-packages/airflow/example_dags/example_complex.py for tasks to queue
[2022-04-02 16:18:44,005] {logging_mixin.py:104} INFO - [2022-04-02 16:18:44,005] {dagbag.py:487} INFO - Filling up the DagBag from /home/airflow/sandbox/lib/python3.8/site-packages/airflow/example_dags/example_complex.py
[2022-04-02 16:18:44,035] {scheduler_job.py:643} INFO - DAG(s) dict_keys(['example_complex']) retrieved from /home/airflow/sandbox/lib/python3.8/site-packages/airflow/example_dags/example_complex.py
[2022-04-02 16:18:44,075] {logging_mixin.py:104} INFO - [2022-04-02 16:18:44,074] {dag.py:1832} INFO - Sync 1 DAGs
[2022-04-02 16:18:44,097] {logging_mixin.py:104} INFO - [2022-04-02 16:18:44,097] {dag.py:2305} INFO - Setting next_dagrun for example_complex to None
[2022-04-02 16:18:44,124] {scheduler_job.py:190} INFO - Processing /home/airflow/sandbox/lib/python3.8/site-packages/airflow/example_dags/example_complex.py took 0.128 seconds
[2022-04-02 16:19:30,386] {scheduler_job.py:182} INFO - Started process (PID=3494) to work on /home/airflow/sandbox/lib/python3.8/site-packages/airflow/example_dags/example_complex.py
[2022-04-02 16:19:30,388] {scheduler_job.py:633} INFO - Processing file /home/airflow/sandbox/lib/python3.8/site-packages/airflow/example_dags/example_complex.py for tasks to queue
[2022-04-02 16:19:30,388] {logging_mixin.py:104} INFO - [2022-04-02 16:19:30,388] {dagbag.py:487} INFO - Filling up the DagBag from /home/airflow/sandbox/lib/python3.8/site-packages/airflow/example_dags/example_complex.py
[2022-04-02 16:19:30,410] {scheduler_job.py:643} INFO - DAG(s) dict_keys(['example_complex']) retrieved from /home/airflow/sandbox/lib/python3.8/site-packages/airflow/example_dags/example_complex.py
[2022-04-02 16:19:30,433] {logging_mixin.py:104} INFO - [2022-04-02 16:19:30,433] {dag.py:1832} INFO - Sync 1 DAGs
[2022-04-02 16:19:30,449] {logging_mixin.py:104} INFO - [2022-04-02 16:19:30,448] {dag.py:2305} INFO - Setting next_dagrun for example_complex to None
[2022-04-02 16:19:30,471] {scheduler_job.py:190} INFO - Processing /home/airflow/sandbox/lib/python3.8/site-packages/airflow/example_dags/example_complex.py took 0.088 seconds
[2022-04-02 16:20:15,564] {scheduler_job.py:182} INFO - Started process (PID=3629) to work on /home/airflow/sandbox/lib/python3.8/site-packages/airflow/example_dags/example_complex.py
[2022-04-02 16:20:15,567] {scheduler_job.py:633} INFO - Processing file /home/airflow/sandbox/lib/python3.8/site-packages/airflow/example_dags/example_complex.py for tasks to queue
[2022-04-02 16:20:15,568] {logging_mixin.py:104} INFO - [2022-04-02 16:20:15,568] {dagbag.py:487} INFO - Filling up the DagBag from /home/airflow/sandbox/lib/python3.8/site-packages/airflow/example_dags/example_complex.py
[2022-04-02 16:20:15,589] {scheduler_job.py:643} INFO - DAG(s) dict_keys(['example_complex']) retrieved from /home/airflow/sandbox/lib/python3.8/site-packages/airflow/example_dags/example_complex.py
[2022-04-02 16:20:15,621] {logging_mixin.py:104} INFO - [2022-04-02 16:20:15,621] {dag.py:1832} INFO - Sync 1 DAGs
[2022-04-02 16:20:15,639] {logging_mixin.py:104} INFO - [2022-04-02 16:20:15,638] {dag.py:2305} INFO - Setting next_dagrun for example_complex to None
[2022-04-02 16:20:15,673] {scheduler_job.py:190} INFO - Processing /home/airflow/sandbox/lib/python3.8/site-packages/airflow/example_dags/example_complex.py took 0.113 seconds
[2022-04-02 16:20:58,553] {scheduler_job.py:182} INFO - Started process (PID=3664) to work on /home/airflow/sandbox/lib/python3.8/site-packages/airflow/example_dags/example_complex.py
[2022-04-02 16:20:58,554] {scheduler_job.py:633} INFO - Processing file /home/airflow/sandbox/lib/python3.8/site-packages/airflow/example_dags/example_complex.py for tasks to queue
[2022-04-02 16:20:58,555] {logging_mixin.py:104} INFO - [2022-04-02 16:20:58,555] {dagbag.py:487} INFO - Filling up the DagBag from /home/airflow/sandbox/lib/python3.8/site-packages/airflow/example_dags/example_complex.py
[2022-04-02 16:20:58,599] {scheduler_job.py:643} INFO - DAG(s) dict_keys(['example_complex']) retrieved from /home/airflow/sandbox/lib/python3.8/site-packages/airflow/example_dags/example_complex.py
[2022-04-02 16:20:58,645] {logging_mixin.py:104} INFO - [2022-04-02 16:20:58,645] {dag.py:1832} INFO - Sync 1 DAGs
[2022-04-02 16:20:58,678] {logging_mixin.py:104} INFO - [2022-04-02 16:20:58,678] {dag.py:2305} INFO - Setting next_dagrun for example_complex to None
[2022-04-02 16:20:58,710] {scheduler_job.py:190} INFO - Processing /home/airflow/sandbox/lib/python3.8/site-packages/airflow/example_dags/example_complex.py took 0.161 seconds
[2022-04-02 16:21:40,323] {scheduler_job.py:182} INFO - Started process (PID=3699) to work on /home/airflow/sandbox/lib/python3.8/site-packages/airflow/example_dags/example_complex.py
[2022-04-02 16:21:40,324] {scheduler_job.py:633} INFO - Processing file /home/airflow/sandbox/lib/python3.8/site-packages/airflow/example_dags/example_complex.py for tasks to queue
[2022-04-02 16:21:40,325] {logging_mixin.py:104} INFO - [2022-04-02 16:21:40,325] {dagbag.py:487} INFO - Filling up the DagBag from /home/airflow/sandbox/lib/python3.8/site-packages/airflow/example_dags/example_complex.py
[2022-04-02 16:21:40,347] {scheduler_job.py:643} INFO - DAG(s) dict_keys(['example_complex']) retrieved from /home/airflow/sandbox/lib/python3.8/site-packages/airflow/example_dags/example_complex.py
[2022-04-02 16:21:40,375] {logging_mixin.py:104} INFO - [2022-04-02 16:21:40,375] {dag.py:1832} INFO - Sync 1 DAGs
[2022-04-02 16:21:40,395] {logging_mixin.py:104} INFO - [2022-04-02 16:21:40,394] {dag.py:2305} INFO - Setting next_dagrun for example_complex to None
[2022-04-02 16:21:40,429] {scheduler_job.py:190} INFO - Processing /home/airflow/sandbox/lib/python3.8/site-packages/airflow/example_dags/example_complex.py took 0.110 seconds
[2022-04-02 16:22:21,919] {scheduler_job.py:182} INFO - Started process (PID=3735) to work on /home/airflow/sandbox/lib/python3.8/site-packages/airflow/example_dags/example_complex.py
[2022-04-02 16:22:21,921] {scheduler_job.py:633} INFO - Processing file /home/airflow/sandbox/lib/python3.8/site-packages/airflow/example_dags/example_complex.py for tasks to queue
[2022-04-02 16:22:21,921] {logging_mixin.py:104} INFO - [2022-04-02 16:22:21,921] {dagbag.py:487} INFO - Filling up the DagBag from /home/airflow/sandbox/lib/python3.8/site-packages/airflow/example_dags/example_complex.py
[2022-04-02 16:22:21,949] {scheduler_job.py:643} INFO - DAG(s) dict_keys(['example_complex']) retrieved from /home/airflow/sandbox/lib/python3.8/site-packages/airflow/example_dags/example_complex.py
[2022-04-02 16:22:21,975] {logging_mixin.py:104} INFO - [2022-04-02 16:22:21,974] {dag.py:1832} INFO - Sync 1 DAGs
[2022-04-02 16:22:22,002] {logging_mixin.py:104} INFO - [2022-04-02 16:22:22,001] {dag.py:2305} INFO - Setting next_dagrun for example_complex to None
[2022-04-02 16:22:22,025] {scheduler_job.py:190} INFO - Processing /home/airflow/sandbox/lib/python3.8/site-packages/airflow/example_dags/example_complex.py took 0.109 seconds
[2022-04-02 16:23:01,082] {scheduler_job.py:182} INFO - Started process (PID=3788) to work on /home/airflow/sandbox/lib/python3.8/site-packages/airflow/example_dags/example_complex.py
[2022-04-02 16:23:01,085] {scheduler_job.py:633} INFO - Processing file /home/airflow/sandbox/lib/python3.8/site-packages/airflow/example_dags/example_complex.py for tasks to queue
[2022-04-02 16:23:01,088] {logging_mixin.py:104} INFO - [2022-04-02 16:23:01,088] {dagbag.py:487} INFO - Filling up the DagBag from /home/airflow/sandbox/lib/python3.8/site-packages/airflow/example_dags/example_complex.py
[2022-04-02 16:23:01,118] {scheduler_job.py:643} INFO - DAG(s) dict_keys(['example_complex']) retrieved from /home/airflow/sandbox/lib/python3.8/site-packages/airflow/example_dags/example_complex.py
[2022-04-02 16:23:01,135] {logging_mixin.py:104} INFO - [2022-04-02 16:23:01,135] {dag.py:1832} INFO - Sync 1 DAGs
[2022-04-02 16:23:01,150] {logging_mixin.py:104} INFO - [2022-04-02 16:23:01,150] {dag.py:2305} INFO - Setting next_dagrun for example_complex to None
[2022-04-02 16:23:01,171] {scheduler_job.py:190} INFO - Processing /home/airflow/sandbox/lib/python3.8/site-packages/airflow/example_dags/example_complex.py took 0.099 seconds
[2022-04-02 16:23:38,595] {scheduler_job.py:182} INFO - Started process (PID=3843) to work on /home/airflow/sandbox/lib/python3.8/site-packages/airflow/example_dags/example_complex.py
[2022-04-02 16:23:38,598] {scheduler_job.py:633} INFO - Processing file /home/airflow/sandbox/lib/python3.8/site-packages/airflow/example_dags/example_complex.py for tasks to queue
[2022-04-02 16:23:38,600] {logging_mixin.py:104} INFO - [2022-04-02 16:23:38,600] {dagbag.py:487} INFO - Filling up the DagBag from /home/airflow/sandbox/lib/python3.8/site-packages/airflow/example_dags/example_complex.py
[2022-04-02 16:23:38,638] {scheduler_job.py:643} INFO - DAG(s) dict_keys(['example_complex']) retrieved from /home/airflow/sandbox/lib/python3.8/site-packages/airflow/example_dags/example_complex.py
[2022-04-02 16:23:38,676] {logging_mixin.py:104} INFO - [2022-04-02 16:23:38,676] {dag.py:1832} INFO - Sync 1 DAGs
[2022-04-02 16:23:38,698] {logging_mixin.py:104} INFO - [2022-04-02 16:23:38,698] {dag.py:2305} INFO - Setting next_dagrun for example_complex to None
[2022-04-02 16:23:38,736] {scheduler_job.py:190} INFO - Processing /home/airflow/sandbox/lib/python3.8/site-packages/airflow/example_dags/example_complex.py took 0.147 seconds
[2022-04-02 16:24:23,491] {scheduler_job.py:182} INFO - Started process (PID=3879) to work on /home/airflow/sandbox/lib/python3.8/site-packages/airflow/example_dags/example_complex.py
[2022-04-02 16:24:23,493] {scheduler_job.py:633} INFO - Processing file /home/airflow/sandbox/lib/python3.8/site-packages/airflow/example_dags/example_complex.py for tasks to queue
[2022-04-02 16:24:23,493] {logging_mixin.py:104} INFO - [2022-04-02 16:24:23,493] {dagbag.py:487} INFO - Filling up the DagBag from /home/airflow/sandbox/lib/python3.8/site-packages/airflow/example_dags/example_complex.py
[2022-04-02 16:24:23,528] {scheduler_job.py:643} INFO - DAG(s) dict_keys(['example_complex']) retrieved from /home/airflow/sandbox/lib/python3.8/site-packages/airflow/example_dags/example_complex.py
[2022-04-02 16:24:23,557] {logging_mixin.py:104} INFO - [2022-04-02 16:24:23,557] {dag.py:1832} INFO - Sync 1 DAGs
[2022-04-02 16:24:23,573] {logging_mixin.py:104} INFO - [2022-04-02 16:24:23,573] {dag.py:2305} INFO - Setting next_dagrun for example_complex to None
[2022-04-02 16:24:23,604] {scheduler_job.py:190} INFO - Processing /home/airflow/sandbox/lib/python3.8/site-packages/airflow/example_dags/example_complex.py took 0.116 seconds
[2022-04-02 16:25:05,971] {scheduler_job.py:182} INFO - Started process (PID=3914) to work on /home/airflow/sandbox/lib/python3.8/site-packages/airflow/example_dags/example_complex.py
[2022-04-02 16:25:05,974] {scheduler_job.py:633} INFO - Processing file /home/airflow/sandbox/lib/python3.8/site-packages/airflow/example_dags/example_complex.py for tasks to queue
[2022-04-02 16:25:05,975] {logging_mixin.py:104} INFO - [2022-04-02 16:25:05,975] {dagbag.py:487} INFO - Filling up the DagBag from /home/airflow/sandbox/lib/python3.8/site-packages/airflow/example_dags/example_complex.py
[2022-04-02 16:25:06,012] {scheduler_job.py:643} INFO - DAG(s) dict_keys(['example_complex']) retrieved from /home/airflow/sandbox/lib/python3.8/site-packages/airflow/example_dags/example_complex.py
[2022-04-02 16:25:06,040] {logging_mixin.py:104} INFO - [2022-04-02 16:25:06,040] {dag.py:1832} INFO - Sync 1 DAGs
[2022-04-02 16:25:06,059] {logging_mixin.py:104} INFO - [2022-04-02 16:25:06,059] {dag.py:2305} INFO - Setting next_dagrun for example_complex to None
[2022-04-02 16:25:06,089] {scheduler_job.py:190} INFO - Processing /home/airflow/sandbox/lib/python3.8/site-packages/airflow/example_dags/example_complex.py took 0.125 seconds
[2022-04-02 16:25:45,366] {scheduler_job.py:182} INFO - Started process (PID=3946) to work on /home/airflow/sandbox/lib/python3.8/site-packages/airflow/example_dags/example_complex.py
[2022-04-02 16:25:45,369] {scheduler_job.py:633} INFO - Processing file /home/airflow/sandbox/lib/python3.8/site-packages/airflow/example_dags/example_complex.py for tasks to queue
[2022-04-02 16:25:45,370] {logging_mixin.py:104} INFO - [2022-04-02 16:25:45,370] {dagbag.py:487} INFO - Filling up the DagBag from /home/airflow/sandbox/lib/python3.8/site-packages/airflow/example_dags/example_complex.py
[2022-04-02 16:25:45,400] {scheduler_job.py:643} INFO - DAG(s) dict_keys(['example_complex']) retrieved from /home/airflow/sandbox/lib/python3.8/site-packages/airflow/example_dags/example_complex.py
[2022-04-02 16:25:45,423] {logging_mixin.py:104} INFO - [2022-04-02 16:25:45,423] {dag.py:1832} INFO - Sync 1 DAGs
[2022-04-02 16:25:45,432] {logging_mixin.py:104} INFO - [2022-04-02 16:25:45,432] {dag.py:2305} INFO - Setting next_dagrun for example_complex to None
[2022-04-02 16:25:45,457] {scheduler_job.py:190} INFO - Processing /home/airflow/sandbox/lib/python3.8/site-packages/airflow/example_dags/example_complex.py took 0.095 seconds
[2022-04-02 16:26:31,230] {scheduler_job.py:182} INFO - Started process (PID=3984) to work on /home/airflow/sandbox/lib/python3.8/site-packages/airflow/example_dags/example_complex.py
[2022-04-02 16:26:31,241] {scheduler_job.py:633} INFO - Processing file /home/airflow/sandbox/lib/python3.8/site-packages/airflow/example_dags/example_complex.py for tasks to queue
[2022-04-02 16:26:31,242] {logging_mixin.py:104} INFO - [2022-04-02 16:26:31,242] {dagbag.py:487} INFO - Filling up the DagBag from /home/airflow/sandbox/lib/python3.8/site-packages/airflow/example_dags/example_complex.py
[2022-04-02 16:26:31,267] {scheduler_job.py:643} INFO - DAG(s) dict_keys(['example_complex']) retrieved from /home/airflow/sandbox/lib/python3.8/site-packages/airflow/example_dags/example_complex.py
[2022-04-02 16:26:31,287] {logging_mixin.py:104} INFO - [2022-04-02 16:26:31,287] {dag.py:1832} INFO - Sync 1 DAGs
[2022-04-02 16:26:31,295] {logging_mixin.py:104} INFO - [2022-04-02 16:26:31,295] {dag.py:2305} INFO - Setting next_dagrun for example_complex to None
[2022-04-02 16:26:31,314] {scheduler_job.py:190} INFO - Processing /home/airflow/sandbox/lib/python3.8/site-packages/airflow/example_dags/example_complex.py took 0.090 seconds
