[2022-04-02 16:14:17,556] {scheduler_job.py:182} INFO - Started process (PID=3163) to work on /home/airflow/sandbox/lib/python3.8/site-packages/airflow/example_dags/example_subdag_operator.py
[2022-04-02 16:14:17,558] {scheduler_job.py:633} INFO - Processing file /home/airflow/sandbox/lib/python3.8/site-packages/airflow/example_dags/example_subdag_operator.py for tasks to queue
[2022-04-02 16:14:17,559] {logging_mixin.py:104} INFO - [2022-04-02 16:14:17,559] {dagbag.py:487} INFO - Filling up the DagBag from /home/airflow/sandbox/lib/python3.8/site-packages/airflow/example_dags/example_subdag_operator.py
[2022-04-02 16:14:17,593] {scheduler_job.py:643} INFO - DAG(s) dict_keys(['example_subdag_operator.section-1', 'example_subdag_operator.section-2', 'example_subdag_operator']) retrieved from /home/airflow/sandbox/lib/python3.8/site-packages/airflow/example_dags/example_subdag_operator.py
[2022-04-02 16:14:17,968] {logging_mixin.py:104} INFO - [2022-04-02 16:14:17,967] {dag.py:1832} INFO - Sync 3 DAGs
[2022-04-02 16:14:17,982] {logging_mixin.py:104} INFO - [2022-04-02 16:14:17,982] {dag.py:2305} INFO - Setting next_dagrun for example_subdag_operator to 2022-03-31 00:00:00+00:00
[2022-04-02 16:14:17,984] {logging_mixin.py:104} INFO - [2022-04-02 16:14:17,983] {dag.py:2305} INFO - Setting next_dagrun for example_subdag_operator.section-1 to None
[2022-04-02 16:14:17,984] {logging_mixin.py:104} INFO - [2022-04-02 16:14:17,984] {dag.py:2305} INFO - Setting next_dagrun for example_subdag_operator.section-2 to None
[2022-04-02 16:14:18,009] {logging_mixin.py:104} INFO - [2022-04-02 16:14:18,009] {dag.py:1832} INFO - Sync 2 DAGs
[2022-04-02 16:14:18,018] {logging_mixin.py:104} INFO - [2022-04-02 16:14:18,018] {dag.py:2305} INFO - Setting next_dagrun for example_subdag_operator.section-1 to None
[2022-04-02 16:14:18,018] {logging_mixin.py:104} INFO - [2022-04-02 16:14:18,018] {dag.py:2305} INFO - Setting next_dagrun for example_subdag_operator.section-2 to None
[2022-04-02 16:14:18,039] {scheduler_job.py:190} INFO - Processing /home/airflow/sandbox/lib/python3.8/site-packages/airflow/example_dags/example_subdag_operator.py took 0.487 seconds
[2022-04-02 16:14:57,911] {scheduler_job.py:182} INFO - Started process (PID=3196) to work on /home/airflow/sandbox/lib/python3.8/site-packages/airflow/example_dags/example_subdag_operator.py
[2022-04-02 16:14:57,913] {scheduler_job.py:633} INFO - Processing file /home/airflow/sandbox/lib/python3.8/site-packages/airflow/example_dags/example_subdag_operator.py for tasks to queue
[2022-04-02 16:14:57,915] {logging_mixin.py:104} INFO - [2022-04-02 16:14:57,915] {dagbag.py:487} INFO - Filling up the DagBag from /home/airflow/sandbox/lib/python3.8/site-packages/airflow/example_dags/example_subdag_operator.py
[2022-04-02 16:14:57,948] {scheduler_job.py:643} INFO - DAG(s) dict_keys(['example_subdag_operator.section-1', 'example_subdag_operator.section-2', 'example_subdag_operator']) retrieved from /home/airflow/sandbox/lib/python3.8/site-packages/airflow/example_dags/example_subdag_operator.py
[2022-04-02 16:14:57,965] {logging_mixin.py:104} INFO - [2022-04-02 16:14:57,965] {dag.py:1832} INFO - Sync 3 DAGs
[2022-04-02 16:14:57,988] {logging_mixin.py:104} INFO - [2022-04-02 16:14:57,988] {dag.py:2305} INFO - Setting next_dagrun for example_subdag_operator to 2022-03-31 00:00:00+00:00
[2022-04-02 16:14:57,991] {logging_mixin.py:104} INFO - [2022-04-02 16:14:57,991] {dag.py:2305} INFO - Setting next_dagrun for example_subdag_operator.section-1 to None
[2022-04-02 16:14:57,991] {logging_mixin.py:104} INFO - [2022-04-02 16:14:57,991] {dag.py:2305} INFO - Setting next_dagrun for example_subdag_operator.section-2 to None
[2022-04-02 16:14:58,015] {logging_mixin.py:104} INFO - [2022-04-02 16:14:58,014] {dag.py:1832} INFO - Sync 2 DAGs
[2022-04-02 16:14:58,022] {logging_mixin.py:104} INFO - [2022-04-02 16:14:58,022] {dag.py:2305} INFO - Setting next_dagrun for example_subdag_operator.section-1 to None
[2022-04-02 16:14:58,023] {logging_mixin.py:104} INFO - [2022-04-02 16:14:58,023] {dag.py:2305} INFO - Setting next_dagrun for example_subdag_operator.section-2 to None
[2022-04-02 16:14:58,043] {scheduler_job.py:190} INFO - Processing /home/airflow/sandbox/lib/python3.8/site-packages/airflow/example_dags/example_subdag_operator.py took 0.139 seconds
[2022-04-02 16:15:36,716] {scheduler_job.py:182} INFO - Started process (PID=3228) to work on /home/airflow/sandbox/lib/python3.8/site-packages/airflow/example_dags/example_subdag_operator.py
[2022-04-02 16:15:36,719] {scheduler_job.py:633} INFO - Processing file /home/airflow/sandbox/lib/python3.8/site-packages/airflow/example_dags/example_subdag_operator.py for tasks to queue
[2022-04-02 16:15:36,720] {logging_mixin.py:104} INFO - [2022-04-02 16:15:36,720] {dagbag.py:487} INFO - Filling up the DagBag from /home/airflow/sandbox/lib/python3.8/site-packages/airflow/example_dags/example_subdag_operator.py
[2022-04-02 16:15:36,753] {scheduler_job.py:643} INFO - DAG(s) dict_keys(['example_subdag_operator.section-1', 'example_subdag_operator.section-2', 'example_subdag_operator']) retrieved from /home/airflow/sandbox/lib/python3.8/site-packages/airflow/example_dags/example_subdag_operator.py
[2022-04-02 16:15:36,767] {logging_mixin.py:104} INFO - [2022-04-02 16:15:36,767] {dag.py:1832} INFO - Sync 3 DAGs
[2022-04-02 16:15:36,787] {logging_mixin.py:104} INFO - [2022-04-02 16:15:36,787] {dag.py:2305} INFO - Setting next_dagrun for example_subdag_operator to 2022-03-31 00:00:00+00:00
[2022-04-02 16:15:36,788] {logging_mixin.py:104} INFO - [2022-04-02 16:15:36,788] {dag.py:2305} INFO - Setting next_dagrun for example_subdag_operator.section-1 to None
[2022-04-02 16:15:36,788] {logging_mixin.py:104} INFO - [2022-04-02 16:15:36,788] {dag.py:2305} INFO - Setting next_dagrun for example_subdag_operator.section-2 to None
[2022-04-02 16:15:36,808] {logging_mixin.py:104} INFO - [2022-04-02 16:15:36,807] {dag.py:1832} INFO - Sync 2 DAGs
[2022-04-02 16:15:36,817] {logging_mixin.py:104} INFO - [2022-04-02 16:15:36,817] {dag.py:2305} INFO - Setting next_dagrun for example_subdag_operator.section-1 to None
[2022-04-02 16:15:36,817] {logging_mixin.py:104} INFO - [2022-04-02 16:15:36,817] {dag.py:2305} INFO - Setting next_dagrun for example_subdag_operator.section-2 to None
[2022-04-02 16:15:36,844] {scheduler_job.py:190} INFO - Processing /home/airflow/sandbox/lib/python3.8/site-packages/airflow/example_dags/example_subdag_operator.py took 0.134 seconds
[2022-04-02 16:16:15,888] {scheduler_job.py:182} INFO - Started process (PID=3260) to work on /home/airflow/sandbox/lib/python3.8/site-packages/airflow/example_dags/example_subdag_operator.py
[2022-04-02 16:16:15,892] {scheduler_job.py:633} INFO - Processing file /home/airflow/sandbox/lib/python3.8/site-packages/airflow/example_dags/example_subdag_operator.py for tasks to queue
[2022-04-02 16:16:15,893] {logging_mixin.py:104} INFO - [2022-04-02 16:16:15,893] {dagbag.py:487} INFO - Filling up the DagBag from /home/airflow/sandbox/lib/python3.8/site-packages/airflow/example_dags/example_subdag_operator.py
[2022-04-02 16:16:15,942] {scheduler_job.py:643} INFO - DAG(s) dict_keys(['example_subdag_operator.section-1', 'example_subdag_operator.section-2', 'example_subdag_operator']) retrieved from /home/airflow/sandbox/lib/python3.8/site-packages/airflow/example_dags/example_subdag_operator.py
[2022-04-02 16:16:15,961] {logging_mixin.py:104} INFO - [2022-04-02 16:16:15,961] {dag.py:1832} INFO - Sync 3 DAGs
[2022-04-02 16:16:15,991] {logging_mixin.py:104} INFO - [2022-04-02 16:16:15,991] {dag.py:2305} INFO - Setting next_dagrun for example_subdag_operator to 2022-03-31 00:00:00+00:00
[2022-04-02 16:16:15,992] {logging_mixin.py:104} INFO - [2022-04-02 16:16:15,992] {dag.py:2305} INFO - Setting next_dagrun for example_subdag_operator.section-1 to None
[2022-04-02 16:16:15,993] {logging_mixin.py:104} INFO - [2022-04-02 16:16:15,993] {dag.py:2305} INFO - Setting next_dagrun for example_subdag_operator.section-2 to None
[2022-04-02 16:16:16,021] {logging_mixin.py:104} INFO - [2022-04-02 16:16:16,021] {dag.py:1832} INFO - Sync 2 DAGs
[2022-04-02 16:16:16,034] {logging_mixin.py:104} INFO - [2022-04-02 16:16:16,034] {dag.py:2305} INFO - Setting next_dagrun for example_subdag_operator.section-1 to None
[2022-04-02 16:16:16,034] {logging_mixin.py:104} INFO - [2022-04-02 16:16:16,034] {dag.py:2305} INFO - Setting next_dagrun for example_subdag_operator.section-2 to None
[2022-04-02 16:16:16,060] {scheduler_job.py:190} INFO - Processing /home/airflow/sandbox/lib/python3.8/site-packages/airflow/example_dags/example_subdag_operator.py took 0.178 seconds
[2022-04-02 16:16:53,289] {scheduler_job.py:182} INFO - Started process (PID=3292) to work on /home/airflow/sandbox/lib/python3.8/site-packages/airflow/example_dags/example_subdag_operator.py
[2022-04-02 16:16:53,294] {scheduler_job.py:633} INFO - Processing file /home/airflow/sandbox/lib/python3.8/site-packages/airflow/example_dags/example_subdag_operator.py for tasks to queue
[2022-04-02 16:16:53,296] {logging_mixin.py:104} INFO - [2022-04-02 16:16:53,296] {dagbag.py:487} INFO - Filling up the DagBag from /home/airflow/sandbox/lib/python3.8/site-packages/airflow/example_dags/example_subdag_operator.py
[2022-04-02 16:16:53,336] {scheduler_job.py:643} INFO - DAG(s) dict_keys(['example_subdag_operator.section-1', 'example_subdag_operator.section-2', 'example_subdag_operator']) retrieved from /home/airflow/sandbox/lib/python3.8/site-packages/airflow/example_dags/example_subdag_operator.py
[2022-04-02 16:16:53,354] {logging_mixin.py:104} INFO - [2022-04-02 16:16:53,354] {dag.py:1832} INFO - Sync 3 DAGs
[2022-04-02 16:16:53,378] {logging_mixin.py:104} INFO - [2022-04-02 16:16:53,378] {dag.py:2305} INFO - Setting next_dagrun for example_subdag_operator to 2022-03-31 00:00:00+00:00
[2022-04-02 16:16:53,381] {logging_mixin.py:104} INFO - [2022-04-02 16:16:53,380] {dag.py:2305} INFO - Setting next_dagrun for example_subdag_operator.section-1 to None
[2022-04-02 16:16:53,381] {logging_mixin.py:104} INFO - [2022-04-02 16:16:53,381] {dag.py:2305} INFO - Setting next_dagrun for example_subdag_operator.section-2 to None
[2022-04-02 16:16:53,406] {logging_mixin.py:104} INFO - [2022-04-02 16:16:53,406] {dag.py:1832} INFO - Sync 2 DAGs
[2022-04-02 16:16:53,415] {logging_mixin.py:104} INFO - [2022-04-02 16:16:53,415] {dag.py:2305} INFO - Setting next_dagrun for example_subdag_operator.section-1 to None
[2022-04-02 16:16:53,416] {logging_mixin.py:104} INFO - [2022-04-02 16:16:53,416] {dag.py:2305} INFO - Setting next_dagrun for example_subdag_operator.section-2 to None
[2022-04-02 16:16:53,438] {scheduler_job.py:190} INFO - Processing /home/airflow/sandbox/lib/python3.8/site-packages/airflow/example_dags/example_subdag_operator.py took 0.167 seconds
[2022-04-02 16:17:34,768] {scheduler_job.py:182} INFO - Started process (PID=3338) to work on /home/airflow/sandbox/lib/python3.8/site-packages/airflow/example_dags/example_subdag_operator.py
[2022-04-02 16:17:34,770] {scheduler_job.py:633} INFO - Processing file /home/airflow/sandbox/lib/python3.8/site-packages/airflow/example_dags/example_subdag_operator.py for tasks to queue
[2022-04-02 16:17:34,771] {logging_mixin.py:104} INFO - [2022-04-02 16:17:34,771] {dagbag.py:487} INFO - Filling up the DagBag from /home/airflow/sandbox/lib/python3.8/site-packages/airflow/example_dags/example_subdag_operator.py
[2022-04-02 16:17:34,808] {scheduler_job.py:643} INFO - DAG(s) dict_keys(['example_subdag_operator.section-1', 'example_subdag_operator.section-2', 'example_subdag_operator']) retrieved from /home/airflow/sandbox/lib/python3.8/site-packages/airflow/example_dags/example_subdag_operator.py
[2022-04-02 16:17:34,826] {logging_mixin.py:104} INFO - [2022-04-02 16:17:34,826] {dag.py:1832} INFO - Sync 3 DAGs
[2022-04-02 16:17:34,852] {logging_mixin.py:104} INFO - [2022-04-02 16:17:34,851] {dag.py:2305} INFO - Setting next_dagrun for example_subdag_operator to 2022-03-31 00:00:00+00:00
[2022-04-02 16:17:34,854] {logging_mixin.py:104} INFO - [2022-04-02 16:17:34,854] {dag.py:2305} INFO - Setting next_dagrun for example_subdag_operator.section-1 to None
[2022-04-02 16:17:34,854] {logging_mixin.py:104} INFO - [2022-04-02 16:17:34,854] {dag.py:2305} INFO - Setting next_dagrun for example_subdag_operator.section-2 to None
[2022-04-02 16:17:34,891] {logging_mixin.py:104} INFO - [2022-04-02 16:17:34,891] {dag.py:1832} INFO - Sync 2 DAGs
[2022-04-02 16:17:34,901] {logging_mixin.py:104} INFO - [2022-04-02 16:17:34,901] {dag.py:2305} INFO - Setting next_dagrun for example_subdag_operator.section-1 to None
[2022-04-02 16:17:34,902] {logging_mixin.py:104} INFO - [2022-04-02 16:17:34,902] {dag.py:2305} INFO - Setting next_dagrun for example_subdag_operator.section-2 to None
[2022-04-02 16:17:34,926] {scheduler_job.py:190} INFO - Processing /home/airflow/sandbox/lib/python3.8/site-packages/airflow/example_dags/example_subdag_operator.py took 0.164 seconds
[2022-04-02 16:18:14,280] {scheduler_job.py:182} INFO - Started process (PID=3431) to work on /home/airflow/sandbox/lib/python3.8/site-packages/airflow/example_dags/example_subdag_operator.py
[2022-04-02 16:18:14,282] {scheduler_job.py:633} INFO - Processing file /home/airflow/sandbox/lib/python3.8/site-packages/airflow/example_dags/example_subdag_operator.py for tasks to queue
[2022-04-02 16:18:14,283] {logging_mixin.py:104} INFO - [2022-04-02 16:18:14,283] {dagbag.py:487} INFO - Filling up the DagBag from /home/airflow/sandbox/lib/python3.8/site-packages/airflow/example_dags/example_subdag_operator.py
[2022-04-02 16:18:14,328] {scheduler_job.py:643} INFO - DAG(s) dict_keys(['example_subdag_operator.section-1', 'example_subdag_operator.section-2', 'example_subdag_operator']) retrieved from /home/airflow/sandbox/lib/python3.8/site-packages/airflow/example_dags/example_subdag_operator.py
[2022-04-02 16:18:14,341] {logging_mixin.py:104} INFO - [2022-04-02 16:18:14,340] {dag.py:1832} INFO - Sync 3 DAGs
[2022-04-02 16:18:14,348] {logging_mixin.py:104} INFO - [2022-04-02 16:18:14,348] {dag.py:2305} INFO - Setting next_dagrun for example_subdag_operator to 2022-03-31 00:00:00+00:00
[2022-04-02 16:18:14,351] {logging_mixin.py:104} INFO - [2022-04-02 16:18:14,350] {dag.py:2305} INFO - Setting next_dagrun for example_subdag_operator.section-1 to None
[2022-04-02 16:18:14,351] {logging_mixin.py:104} INFO - [2022-04-02 16:18:14,351] {dag.py:2305} INFO - Setting next_dagrun for example_subdag_operator.section-2 to None
[2022-04-02 16:18:14,393] {logging_mixin.py:104} INFO - [2022-04-02 16:18:14,392] {dag.py:1832} INFO - Sync 2 DAGs
[2022-04-02 16:18:14,403] {logging_mixin.py:104} INFO - [2022-04-02 16:18:14,403] {dag.py:2305} INFO - Setting next_dagrun for example_subdag_operator.section-1 to None
[2022-04-02 16:18:14,403] {logging_mixin.py:104} INFO - [2022-04-02 16:18:14,403] {dag.py:2305} INFO - Setting next_dagrun for example_subdag_operator.section-2 to None
[2022-04-02 16:18:14,425] {scheduler_job.py:190} INFO - Processing /home/airflow/sandbox/lib/python3.8/site-packages/airflow/example_dags/example_subdag_operator.py took 0.151 seconds
[2022-04-02 16:18:51,948] {scheduler_job.py:182} INFO - Started process (PID=3462) to work on /home/airflow/sandbox/lib/python3.8/site-packages/airflow/example_dags/example_subdag_operator.py
[2022-04-02 16:18:51,950] {scheduler_job.py:633} INFO - Processing file /home/airflow/sandbox/lib/python3.8/site-packages/airflow/example_dags/example_subdag_operator.py for tasks to queue
[2022-04-02 16:18:51,952] {logging_mixin.py:104} INFO - [2022-04-02 16:18:51,951] {dagbag.py:487} INFO - Filling up the DagBag from /home/airflow/sandbox/lib/python3.8/site-packages/airflow/example_dags/example_subdag_operator.py
[2022-04-02 16:18:52,000] {scheduler_job.py:643} INFO - DAG(s) dict_keys(['example_subdag_operator.section-1', 'example_subdag_operator.section-2', 'example_subdag_operator']) retrieved from /home/airflow/sandbox/lib/python3.8/site-packages/airflow/example_dags/example_subdag_operator.py
[2022-04-02 16:18:52,015] {logging_mixin.py:104} INFO - [2022-04-02 16:18:52,014] {dag.py:1832} INFO - Sync 3 DAGs
[2022-04-02 16:18:52,036] {logging_mixin.py:104} INFO - [2022-04-02 16:18:52,035] {dag.py:2305} INFO - Setting next_dagrun for example_subdag_operator to 2022-03-31 00:00:00+00:00
[2022-04-02 16:18:52,038] {logging_mixin.py:104} INFO - [2022-04-02 16:18:52,038] {dag.py:2305} INFO - Setting next_dagrun for example_subdag_operator.section-1 to None
[2022-04-02 16:18:52,040] {logging_mixin.py:104} INFO - [2022-04-02 16:18:52,040] {dag.py:2305} INFO - Setting next_dagrun for example_subdag_operator.section-2 to None
[2022-04-02 16:18:52,066] {logging_mixin.py:104} INFO - [2022-04-02 16:18:52,066] {dag.py:1832} INFO - Sync 2 DAGs
[2022-04-02 16:18:52,082] {logging_mixin.py:104} INFO - [2022-04-02 16:18:52,082] {dag.py:2305} INFO - Setting next_dagrun for example_subdag_operator.section-1 to None
[2022-04-02 16:18:52,083] {logging_mixin.py:104} INFO - [2022-04-02 16:18:52,083] {dag.py:2305} INFO - Setting next_dagrun for example_subdag_operator.section-2 to None
[2022-04-02 16:18:52,111] {scheduler_job.py:190} INFO - Processing /home/airflow/sandbox/lib/python3.8/site-packages/airflow/example_dags/example_subdag_operator.py took 0.169 seconds
[2022-04-02 16:19:29,133] {scheduler_job.py:182} INFO - Started process (PID=3493) to work on /home/airflow/sandbox/lib/python3.8/site-packages/airflow/example_dags/example_subdag_operator.py
[2022-04-02 16:19:29,134] {scheduler_job.py:633} INFO - Processing file /home/airflow/sandbox/lib/python3.8/site-packages/airflow/example_dags/example_subdag_operator.py for tasks to queue
[2022-04-02 16:19:29,135] {logging_mixin.py:104} INFO - [2022-04-02 16:19:29,135] {dagbag.py:487} INFO - Filling up the DagBag from /home/airflow/sandbox/lib/python3.8/site-packages/airflow/example_dags/example_subdag_operator.py
[2022-04-02 16:19:29,185] {scheduler_job.py:643} INFO - DAG(s) dict_keys(['example_subdag_operator.section-1', 'example_subdag_operator.section-2', 'example_subdag_operator']) retrieved from /home/airflow/sandbox/lib/python3.8/site-packages/airflow/example_dags/example_subdag_operator.py
[2022-04-02 16:19:29,199] {logging_mixin.py:104} INFO - [2022-04-02 16:19:29,198] {dag.py:1832} INFO - Sync 3 DAGs
[2022-04-02 16:19:29,215] {logging_mixin.py:104} INFO - [2022-04-02 16:19:29,215] {dag.py:2305} INFO - Setting next_dagrun for example_subdag_operator to 2022-03-31 00:00:00+00:00
[2022-04-02 16:19:29,216] {logging_mixin.py:104} INFO - [2022-04-02 16:19:29,216] {dag.py:2305} INFO - Setting next_dagrun for example_subdag_operator.section-1 to None
[2022-04-02 16:19:29,217] {logging_mixin.py:104} INFO - [2022-04-02 16:19:29,217] {dag.py:2305} INFO - Setting next_dagrun for example_subdag_operator.section-2 to None
[2022-04-02 16:19:29,234] {logging_mixin.py:104} INFO - [2022-04-02 16:19:29,234] {dag.py:1832} INFO - Sync 2 DAGs
[2022-04-02 16:19:29,244] {logging_mixin.py:104} INFO - [2022-04-02 16:19:29,243] {dag.py:2305} INFO - Setting next_dagrun for example_subdag_operator.section-1 to None
[2022-04-02 16:19:29,245] {logging_mixin.py:104} INFO - [2022-04-02 16:19:29,245] {dag.py:2305} INFO - Setting next_dagrun for example_subdag_operator.section-2 to None
[2022-04-02 16:19:29,261] {scheduler_job.py:190} INFO - Processing /home/airflow/sandbox/lib/python3.8/site-packages/airflow/example_dags/example_subdag_operator.py took 0.132 seconds
[2022-04-02 16:20:14,280] {scheduler_job.py:182} INFO - Started process (PID=3628) to work on /home/airflow/sandbox/lib/python3.8/site-packages/airflow/example_dags/example_subdag_operator.py
[2022-04-02 16:20:14,282] {scheduler_job.py:633} INFO - Processing file /home/airflow/sandbox/lib/python3.8/site-packages/airflow/example_dags/example_subdag_operator.py for tasks to queue
[2022-04-02 16:20:14,283] {logging_mixin.py:104} INFO - [2022-04-02 16:20:14,283] {dagbag.py:487} INFO - Filling up the DagBag from /home/airflow/sandbox/lib/python3.8/site-packages/airflow/example_dags/example_subdag_operator.py
[2022-04-02 16:20:14,319] {scheduler_job.py:643} INFO - DAG(s) dict_keys(['example_subdag_operator.section-1', 'example_subdag_operator.section-2', 'example_subdag_operator']) retrieved from /home/airflow/sandbox/lib/python3.8/site-packages/airflow/example_dags/example_subdag_operator.py
[2022-04-02 16:20:14,335] {logging_mixin.py:104} INFO - [2022-04-02 16:20:14,334] {dag.py:1832} INFO - Sync 3 DAGs
[2022-04-02 16:20:14,350] {logging_mixin.py:104} INFO - [2022-04-02 16:20:14,350] {dag.py:2305} INFO - Setting next_dagrun for example_subdag_operator to 2022-03-31 00:00:00+00:00
[2022-04-02 16:20:14,352] {logging_mixin.py:104} INFO - [2022-04-02 16:20:14,351] {dag.py:2305} INFO - Setting next_dagrun for example_subdag_operator.section-1 to None
[2022-04-02 16:20:14,353] {logging_mixin.py:104} INFO - [2022-04-02 16:20:14,353] {dag.py:2305} INFO - Setting next_dagrun for example_subdag_operator.section-2 to None
[2022-04-02 16:20:14,384] {logging_mixin.py:104} INFO - [2022-04-02 16:20:14,383] {dag.py:1832} INFO - Sync 2 DAGs
[2022-04-02 16:20:14,398] {logging_mixin.py:104} INFO - [2022-04-02 16:20:14,397] {dag.py:2305} INFO - Setting next_dagrun for example_subdag_operator.section-1 to None
[2022-04-02 16:20:14,398] {logging_mixin.py:104} INFO - [2022-04-02 16:20:14,398] {dag.py:2305} INFO - Setting next_dagrun for example_subdag_operator.section-2 to None
[2022-04-02 16:20:14,422] {scheduler_job.py:190} INFO - Processing /home/airflow/sandbox/lib/python3.8/site-packages/airflow/example_dags/example_subdag_operator.py took 0.146 seconds
[2022-04-02 16:20:57,641] {scheduler_job.py:182} INFO - Started process (PID=3663) to work on /home/airflow/sandbox/lib/python3.8/site-packages/airflow/example_dags/example_subdag_operator.py
[2022-04-02 16:20:57,644] {scheduler_job.py:633} INFO - Processing file /home/airflow/sandbox/lib/python3.8/site-packages/airflow/example_dags/example_subdag_operator.py for tasks to queue
[2022-04-02 16:20:57,645] {logging_mixin.py:104} INFO - [2022-04-02 16:20:57,645] {dagbag.py:487} INFO - Filling up the DagBag from /home/airflow/sandbox/lib/python3.8/site-packages/airflow/example_dags/example_subdag_operator.py
[2022-04-02 16:20:57,696] {scheduler_job.py:643} INFO - DAG(s) dict_keys(['example_subdag_operator.section-1', 'example_subdag_operator.section-2', 'example_subdag_operator']) retrieved from /home/airflow/sandbox/lib/python3.8/site-packages/airflow/example_dags/example_subdag_operator.py
[2022-04-02 16:20:57,721] {logging_mixin.py:104} INFO - [2022-04-02 16:20:57,721] {dag.py:1832} INFO - Sync 3 DAGs
[2022-04-02 16:20:57,744] {logging_mixin.py:104} INFO - [2022-04-02 16:20:57,744] {dag.py:2305} INFO - Setting next_dagrun for example_subdag_operator to 2022-03-31 00:00:00+00:00
[2022-04-02 16:20:57,746] {logging_mixin.py:104} INFO - [2022-04-02 16:20:57,746] {dag.py:2305} INFO - Setting next_dagrun for example_subdag_operator.section-1 to None
[2022-04-02 16:20:57,747] {logging_mixin.py:104} INFO - [2022-04-02 16:20:57,746] {dag.py:2305} INFO - Setting next_dagrun for example_subdag_operator.section-2 to None
[2022-04-02 16:20:57,766] {logging_mixin.py:104} INFO - [2022-04-02 16:20:57,766] {dag.py:1832} INFO - Sync 2 DAGs
[2022-04-02 16:20:57,775] {logging_mixin.py:104} INFO - [2022-04-02 16:20:57,775] {dag.py:2305} INFO - Setting next_dagrun for example_subdag_operator.section-1 to None
[2022-04-02 16:20:57,776] {logging_mixin.py:104} INFO - [2022-04-02 16:20:57,775] {dag.py:2305} INFO - Setting next_dagrun for example_subdag_operator.section-2 to None
[2022-04-02 16:20:57,796] {scheduler_job.py:190} INFO - Processing /home/airflow/sandbox/lib/python3.8/site-packages/airflow/example_dags/example_subdag_operator.py took 0.162 seconds
[2022-04-02 16:21:39,069] {scheduler_job.py:182} INFO - Started process (PID=3698) to work on /home/airflow/sandbox/lib/python3.8/site-packages/airflow/example_dags/example_subdag_operator.py
[2022-04-02 16:21:39,071] {scheduler_job.py:633} INFO - Processing file /home/airflow/sandbox/lib/python3.8/site-packages/airflow/example_dags/example_subdag_operator.py for tasks to queue
[2022-04-02 16:21:39,073] {logging_mixin.py:104} INFO - [2022-04-02 16:21:39,072] {dagbag.py:487} INFO - Filling up the DagBag from /home/airflow/sandbox/lib/python3.8/site-packages/airflow/example_dags/example_subdag_operator.py
[2022-04-02 16:21:39,101] {scheduler_job.py:643} INFO - DAG(s) dict_keys(['example_subdag_operator.section-1', 'example_subdag_operator.section-2', 'example_subdag_operator']) retrieved from /home/airflow/sandbox/lib/python3.8/site-packages/airflow/example_dags/example_subdag_operator.py
[2022-04-02 16:21:39,111] {logging_mixin.py:104} INFO - [2022-04-02 16:21:39,111] {dag.py:1832} INFO - Sync 3 DAGs
[2022-04-02 16:21:39,125] {logging_mixin.py:104} INFO - [2022-04-02 16:21:39,124] {dag.py:2305} INFO - Setting next_dagrun for example_subdag_operator to 2022-03-31 00:00:00+00:00
[2022-04-02 16:21:39,126] {logging_mixin.py:104} INFO - [2022-04-02 16:21:39,126] {dag.py:2305} INFO - Setting next_dagrun for example_subdag_operator.section-1 to None
[2022-04-02 16:21:39,126] {logging_mixin.py:104} INFO - [2022-04-02 16:21:39,126] {dag.py:2305} INFO - Setting next_dagrun for example_subdag_operator.section-2 to None
[2022-04-02 16:21:39,144] {logging_mixin.py:104} INFO - [2022-04-02 16:21:39,144] {dag.py:1832} INFO - Sync 2 DAGs
[2022-04-02 16:21:39,153] {logging_mixin.py:104} INFO - [2022-04-02 16:21:39,153] {dag.py:2305} INFO - Setting next_dagrun for example_subdag_operator.section-1 to None
[2022-04-02 16:21:39,153] {logging_mixin.py:104} INFO - [2022-04-02 16:21:39,153] {dag.py:2305} INFO - Setting next_dagrun for example_subdag_operator.section-2 to None
[2022-04-02 16:21:39,175] {scheduler_job.py:190} INFO - Processing /home/airflow/sandbox/lib/python3.8/site-packages/airflow/example_dags/example_subdag_operator.py took 0.114 seconds
[2022-04-02 16:22:20,677] {scheduler_job.py:182} INFO - Started process (PID=3734) to work on /home/airflow/sandbox/lib/python3.8/site-packages/airflow/example_dags/example_subdag_operator.py
[2022-04-02 16:22:20,680] {scheduler_job.py:633} INFO - Processing file /home/airflow/sandbox/lib/python3.8/site-packages/airflow/example_dags/example_subdag_operator.py for tasks to queue
[2022-04-02 16:22:20,681] {logging_mixin.py:104} INFO - [2022-04-02 16:22:20,681] {dagbag.py:487} INFO - Filling up the DagBag from /home/airflow/sandbox/lib/python3.8/site-packages/airflow/example_dags/example_subdag_operator.py
[2022-04-02 16:22:20,735] {scheduler_job.py:643} INFO - DAG(s) dict_keys(['example_subdag_operator.section-1', 'example_subdag_operator.section-2', 'example_subdag_operator']) retrieved from /home/airflow/sandbox/lib/python3.8/site-packages/airflow/example_dags/example_subdag_operator.py
[2022-04-02 16:22:20,766] {logging_mixin.py:104} INFO - [2022-04-02 16:22:20,766] {dag.py:1832} INFO - Sync 3 DAGs
[2022-04-02 16:22:20,789] {logging_mixin.py:104} INFO - [2022-04-02 16:22:20,788] {dag.py:2305} INFO - Setting next_dagrun for example_subdag_operator to 2022-03-31 00:00:00+00:00
[2022-04-02 16:22:20,791] {logging_mixin.py:104} INFO - [2022-04-02 16:22:20,790] {dag.py:2305} INFO - Setting next_dagrun for example_subdag_operator.section-1 to None
[2022-04-02 16:22:20,791] {logging_mixin.py:104} INFO - [2022-04-02 16:22:20,791] {dag.py:2305} INFO - Setting next_dagrun for example_subdag_operator.section-2 to None
[2022-04-02 16:22:20,817] {logging_mixin.py:104} INFO - [2022-04-02 16:22:20,817] {dag.py:1832} INFO - Sync 2 DAGs
[2022-04-02 16:22:20,823] {logging_mixin.py:104} INFO - [2022-04-02 16:22:20,823] {dag.py:2305} INFO - Setting next_dagrun for example_subdag_operator.section-1 to None
[2022-04-02 16:22:20,824] {logging_mixin.py:104} INFO - [2022-04-02 16:22:20,824] {dag.py:2305} INFO - Setting next_dagrun for example_subdag_operator.section-2 to None
[2022-04-02 16:22:20,841] {scheduler_job.py:190} INFO - Processing /home/airflow/sandbox/lib/python3.8/site-packages/airflow/example_dags/example_subdag_operator.py took 0.173 seconds
[2022-04-02 16:22:59,626] {scheduler_job.py:182} INFO - Started process (PID=3786) to work on /home/airflow/sandbox/lib/python3.8/site-packages/airflow/example_dags/example_subdag_operator.py
[2022-04-02 16:22:59,628] {scheduler_job.py:633} INFO - Processing file /home/airflow/sandbox/lib/python3.8/site-packages/airflow/example_dags/example_subdag_operator.py for tasks to queue
[2022-04-02 16:22:59,629] {logging_mixin.py:104} INFO - [2022-04-02 16:22:59,628] {dagbag.py:487} INFO - Filling up the DagBag from /home/airflow/sandbox/lib/python3.8/site-packages/airflow/example_dags/example_subdag_operator.py
[2022-04-02 16:22:59,676] {scheduler_job.py:643} INFO - DAG(s) dict_keys(['example_subdag_operator.section-1', 'example_subdag_operator.section-2', 'example_subdag_operator']) retrieved from /home/airflow/sandbox/lib/python3.8/site-packages/airflow/example_dags/example_subdag_operator.py
[2022-04-02 16:22:59,711] {logging_mixin.py:104} INFO - [2022-04-02 16:22:59,711] {dag.py:1832} INFO - Sync 3 DAGs
[2022-04-02 16:22:59,734] {logging_mixin.py:104} INFO - [2022-04-02 16:22:59,734] {dag.py:2305} INFO - Setting next_dagrun for example_subdag_operator to 2022-03-31 00:00:00+00:00
[2022-04-02 16:22:59,736] {logging_mixin.py:104} INFO - [2022-04-02 16:22:59,736] {dag.py:2305} INFO - Setting next_dagrun for example_subdag_operator.section-1 to None
[2022-04-02 16:22:59,736] {logging_mixin.py:104} INFO - [2022-04-02 16:22:59,736] {dag.py:2305} INFO - Setting next_dagrun for example_subdag_operator.section-2 to None
[2022-04-02 16:22:59,765] {logging_mixin.py:104} INFO - [2022-04-02 16:22:59,765] {dag.py:1832} INFO - Sync 2 DAGs
[2022-04-02 16:22:59,775] {logging_mixin.py:104} INFO - [2022-04-02 16:22:59,775] {dag.py:2305} INFO - Setting next_dagrun for example_subdag_operator.section-1 to None
[2022-04-02 16:22:59,775] {logging_mixin.py:104} INFO - [2022-04-02 16:22:59,775] {dag.py:2305} INFO - Setting next_dagrun for example_subdag_operator.section-2 to None
[2022-04-02 16:22:59,799] {scheduler_job.py:190} INFO - Processing /home/airflow/sandbox/lib/python3.8/site-packages/airflow/example_dags/example_subdag_operator.py took 0.178 seconds
[2022-04-02 16:23:36,879] {scheduler_job.py:182} INFO - Started process (PID=3841) to work on /home/airflow/sandbox/lib/python3.8/site-packages/airflow/example_dags/example_subdag_operator.py
[2022-04-02 16:23:36,894] {scheduler_job.py:633} INFO - Processing file /home/airflow/sandbox/lib/python3.8/site-packages/airflow/example_dags/example_subdag_operator.py for tasks to queue
[2022-04-02 16:23:36,896] {logging_mixin.py:104} INFO - [2022-04-02 16:23:36,895] {dagbag.py:487} INFO - Filling up the DagBag from /home/airflow/sandbox/lib/python3.8/site-packages/airflow/example_dags/example_subdag_operator.py
[2022-04-02 16:23:36,942] {scheduler_job.py:643} INFO - DAG(s) dict_keys(['example_subdag_operator.section-1', 'example_subdag_operator.section-2', 'example_subdag_operator']) retrieved from /home/airflow/sandbox/lib/python3.8/site-packages/airflow/example_dags/example_subdag_operator.py
[2022-04-02 16:23:36,965] {logging_mixin.py:104} INFO - [2022-04-02 16:23:36,965] {dag.py:1832} INFO - Sync 3 DAGs
[2022-04-02 16:23:36,993] {logging_mixin.py:104} INFO - [2022-04-02 16:23:36,992] {dag.py:2305} INFO - Setting next_dagrun for example_subdag_operator to 2022-03-31 00:00:00+00:00
[2022-04-02 16:23:36,995] {logging_mixin.py:104} INFO - [2022-04-02 16:23:36,994] {dag.py:2305} INFO - Setting next_dagrun for example_subdag_operator.section-1 to None
[2022-04-02 16:23:36,995] {logging_mixin.py:104} INFO - [2022-04-02 16:23:36,995] {dag.py:2305} INFO - Setting next_dagrun for example_subdag_operator.section-2 to None
[2022-04-02 16:23:37,024] {logging_mixin.py:104} INFO - [2022-04-02 16:23:37,024] {dag.py:1832} INFO - Sync 2 DAGs
[2022-04-02 16:23:37,037] {logging_mixin.py:104} INFO - [2022-04-02 16:23:37,037] {dag.py:2305} INFO - Setting next_dagrun for example_subdag_operator.section-1 to None
[2022-04-02 16:23:37,037] {logging_mixin.py:104} INFO - [2022-04-02 16:23:37,037] {dag.py:2305} INFO - Setting next_dagrun for example_subdag_operator.section-2 to None
[2022-04-02 16:23:37,065] {scheduler_job.py:190} INFO - Processing /home/airflow/sandbox/lib/python3.8/site-packages/airflow/example_dags/example_subdag_operator.py took 0.191 seconds
[2022-04-02 16:24:21,041] {scheduler_job.py:182} INFO - Started process (PID=3877) to work on /home/airflow/sandbox/lib/python3.8/site-packages/airflow/example_dags/example_subdag_operator.py
[2022-04-02 16:24:21,043] {scheduler_job.py:633} INFO - Processing file /home/airflow/sandbox/lib/python3.8/site-packages/airflow/example_dags/example_subdag_operator.py for tasks to queue
[2022-04-02 16:24:21,045] {logging_mixin.py:104} INFO - [2022-04-02 16:24:21,045] {dagbag.py:487} INFO - Filling up the DagBag from /home/airflow/sandbox/lib/python3.8/site-packages/airflow/example_dags/example_subdag_operator.py
[2022-04-02 16:24:21,089] {scheduler_job.py:643} INFO - DAG(s) dict_keys(['example_subdag_operator.section-1', 'example_subdag_operator.section-2', 'example_subdag_operator']) retrieved from /home/airflow/sandbox/lib/python3.8/site-packages/airflow/example_dags/example_subdag_operator.py
[2022-04-02 16:24:21,109] {logging_mixin.py:104} INFO - [2022-04-02 16:24:21,109] {dag.py:1832} INFO - Sync 3 DAGs
[2022-04-02 16:24:21,124] {logging_mixin.py:104} INFO - [2022-04-02 16:24:21,123] {dag.py:2305} INFO - Setting next_dagrun for example_subdag_operator to 2022-03-31 00:00:00+00:00
[2022-04-02 16:24:21,124] {logging_mixin.py:104} INFO - [2022-04-02 16:24:21,124] {dag.py:2305} INFO - Setting next_dagrun for example_subdag_operator.section-1 to None
[2022-04-02 16:24:21,125] {logging_mixin.py:104} INFO - [2022-04-02 16:24:21,125] {dag.py:2305} INFO - Setting next_dagrun for example_subdag_operator.section-2 to None
[2022-04-02 16:24:21,142] {logging_mixin.py:104} INFO - [2022-04-02 16:24:21,142] {dag.py:1832} INFO - Sync 2 DAGs
[2022-04-02 16:24:21,148] {logging_mixin.py:104} INFO - [2022-04-02 16:24:21,147] {dag.py:2305} INFO - Setting next_dagrun for example_subdag_operator.section-1 to None
[2022-04-02 16:24:21,148] {logging_mixin.py:104} INFO - [2022-04-02 16:24:21,148] {dag.py:2305} INFO - Setting next_dagrun for example_subdag_operator.section-2 to None
[2022-04-02 16:24:21,163] {scheduler_job.py:190} INFO - Processing /home/airflow/sandbox/lib/python3.8/site-packages/airflow/example_dags/example_subdag_operator.py took 0.130 seconds
[2022-04-02 16:25:03,563] {scheduler_job.py:182} INFO - Started process (PID=3912) to work on /home/airflow/sandbox/lib/python3.8/site-packages/airflow/example_dags/example_subdag_operator.py
[2022-04-02 16:25:03,565] {scheduler_job.py:633} INFO - Processing file /home/airflow/sandbox/lib/python3.8/site-packages/airflow/example_dags/example_subdag_operator.py for tasks to queue
[2022-04-02 16:25:03,565] {logging_mixin.py:104} INFO - [2022-04-02 16:25:03,565] {dagbag.py:487} INFO - Filling up the DagBag from /home/airflow/sandbox/lib/python3.8/site-packages/airflow/example_dags/example_subdag_operator.py
[2022-04-02 16:25:03,606] {scheduler_job.py:643} INFO - DAG(s) dict_keys(['example_subdag_operator.section-1', 'example_subdag_operator.section-2', 'example_subdag_operator']) retrieved from /home/airflow/sandbox/lib/python3.8/site-packages/airflow/example_dags/example_subdag_operator.py
[2022-04-02 16:25:03,621] {logging_mixin.py:104} INFO - [2022-04-02 16:25:03,621] {dag.py:1832} INFO - Sync 3 DAGs
[2022-04-02 16:25:03,637] {logging_mixin.py:104} INFO - [2022-04-02 16:25:03,637] {dag.py:2305} INFO - Setting next_dagrun for example_subdag_operator to 2022-03-31 00:00:00+00:00
[2022-04-02 16:25:03,639] {logging_mixin.py:104} INFO - [2022-04-02 16:25:03,639] {dag.py:2305} INFO - Setting next_dagrun for example_subdag_operator.section-1 to None
[2022-04-02 16:25:03,640] {logging_mixin.py:104} INFO - [2022-04-02 16:25:03,640] {dag.py:2305} INFO - Setting next_dagrun for example_subdag_operator.section-2 to None
[2022-04-02 16:25:03,664] {logging_mixin.py:104} INFO - [2022-04-02 16:25:03,664] {dag.py:1832} INFO - Sync 2 DAGs
[2022-04-02 16:25:03,671] {logging_mixin.py:104} INFO - [2022-04-02 16:25:03,671] {dag.py:2305} INFO - Setting next_dagrun for example_subdag_operator.section-1 to None
[2022-04-02 16:25:03,671] {logging_mixin.py:104} INFO - [2022-04-02 16:25:03,671] {dag.py:2305} INFO - Setting next_dagrun for example_subdag_operator.section-2 to None
[2022-04-02 16:25:03,684] {scheduler_job.py:190} INFO - Processing /home/airflow/sandbox/lib/python3.8/site-packages/airflow/example_dags/example_subdag_operator.py took 0.124 seconds
[2022-04-02 16:25:43,764] {scheduler_job.py:182} INFO - Started process (PID=3944) to work on /home/airflow/sandbox/lib/python3.8/site-packages/airflow/example_dags/example_subdag_operator.py
[2022-04-02 16:25:43,765] {scheduler_job.py:633} INFO - Processing file /home/airflow/sandbox/lib/python3.8/site-packages/airflow/example_dags/example_subdag_operator.py for tasks to queue
[2022-04-02 16:25:43,765] {logging_mixin.py:104} INFO - [2022-04-02 16:25:43,765] {dagbag.py:487} INFO - Filling up the DagBag from /home/airflow/sandbox/lib/python3.8/site-packages/airflow/example_dags/example_subdag_operator.py
[2022-04-02 16:25:43,789] {scheduler_job.py:643} INFO - DAG(s) dict_keys(['example_subdag_operator.section-1', 'example_subdag_operator.section-2', 'example_subdag_operator']) retrieved from /home/airflow/sandbox/lib/python3.8/site-packages/airflow/example_dags/example_subdag_operator.py
[2022-04-02 16:25:43,808] {logging_mixin.py:104} INFO - [2022-04-02 16:25:43,808] {dag.py:1832} INFO - Sync 3 DAGs
[2022-04-02 16:25:43,821] {logging_mixin.py:104} INFO - [2022-04-02 16:25:43,821] {dag.py:2305} INFO - Setting next_dagrun for example_subdag_operator to 2022-03-31 00:00:00+00:00
[2022-04-02 16:25:43,821] {logging_mixin.py:104} INFO - [2022-04-02 16:25:43,821] {dag.py:2305} INFO - Setting next_dagrun for example_subdag_operator.section-1 to None
[2022-04-02 16:25:43,822] {logging_mixin.py:104} INFO - [2022-04-02 16:25:43,822] {dag.py:2305} INFO - Setting next_dagrun for example_subdag_operator.section-2 to None
[2022-04-02 16:25:43,837] {logging_mixin.py:104} INFO - [2022-04-02 16:25:43,836] {dag.py:1832} INFO - Sync 2 DAGs
[2022-04-02 16:25:43,848] {logging_mixin.py:104} INFO - [2022-04-02 16:25:43,848] {dag.py:2305} INFO - Setting next_dagrun for example_subdag_operator.section-1 to None
[2022-04-02 16:25:43,849] {logging_mixin.py:104} INFO - [2022-04-02 16:25:43,849] {dag.py:2305} INFO - Setting next_dagrun for example_subdag_operator.section-2 to None
[2022-04-02 16:25:43,874] {scheduler_job.py:190} INFO - Processing /home/airflow/sandbox/lib/python3.8/site-packages/airflow/example_dags/example_subdag_operator.py took 0.112 seconds
[2022-04-02 16:26:22,318] {scheduler_job.py:182} INFO - Started process (PID=3976) to work on /home/airflow/sandbox/lib/python3.8/site-packages/airflow/example_dags/example_subdag_operator.py
[2022-04-02 16:26:22,319] {scheduler_job.py:633} INFO - Processing file /home/airflow/sandbox/lib/python3.8/site-packages/airflow/example_dags/example_subdag_operator.py for tasks to queue
[2022-04-02 16:26:22,321] {logging_mixin.py:104} INFO - [2022-04-02 16:26:22,321] {dagbag.py:487} INFO - Filling up the DagBag from /home/airflow/sandbox/lib/python3.8/site-packages/airflow/example_dags/example_subdag_operator.py
[2022-04-02 16:26:22,366] {scheduler_job.py:643} INFO - DAG(s) dict_keys(['example_subdag_operator.section-1', 'example_subdag_operator.section-2', 'example_subdag_operator']) retrieved from /home/airflow/sandbox/lib/python3.8/site-packages/airflow/example_dags/example_subdag_operator.py
[2022-04-02 16:26:22,387] {logging_mixin.py:104} INFO - [2022-04-02 16:26:22,387] {dag.py:1832} INFO - Sync 3 DAGs
[2022-04-02 16:26:22,399] {logging_mixin.py:104} INFO - [2022-04-02 16:26:22,399] {dag.py:2305} INFO - Setting next_dagrun for example_subdag_operator to 2022-03-31 00:00:00+00:00
[2022-04-02 16:26:22,400] {logging_mixin.py:104} INFO - [2022-04-02 16:26:22,400] {dag.py:2305} INFO - Setting next_dagrun for example_subdag_operator.section-1 to None
[2022-04-02 16:26:22,400] {logging_mixin.py:104} INFO - [2022-04-02 16:26:22,400] {dag.py:2305} INFO - Setting next_dagrun for example_subdag_operator.section-2 to None
[2022-04-02 16:26:22,422] {logging_mixin.py:104} INFO - [2022-04-02 16:26:22,422] {dag.py:1832} INFO - Sync 2 DAGs
[2022-04-02 16:26:22,433] {logging_mixin.py:104} INFO - [2022-04-02 16:26:22,432] {dag.py:2305} INFO - Setting next_dagrun for example_subdag_operator.section-1 to None
[2022-04-02 16:26:22,433] {logging_mixin.py:104} INFO - [2022-04-02 16:26:22,433] {dag.py:2305} INFO - Setting next_dagrun for example_subdag_operator.section-2 to None
[2022-04-02 16:26:22,460] {scheduler_job.py:190} INFO - Processing /home/airflow/sandbox/lib/python3.8/site-packages/airflow/example_dags/example_subdag_operator.py took 0.144 seconds
[2022-04-02 16:27:05,827] {scheduler_job.py:182} INFO - Started process (PID=4013) to work on /home/airflow/sandbox/lib/python3.8/site-packages/airflow/example_dags/example_subdag_operator.py
[2022-04-02 16:27:05,828] {scheduler_job.py:633} INFO - Processing file /home/airflow/sandbox/lib/python3.8/site-packages/airflow/example_dags/example_subdag_operator.py for tasks to queue
[2022-04-02 16:27:05,829] {logging_mixin.py:104} INFO - [2022-04-02 16:27:05,829] {dagbag.py:487} INFO - Filling up the DagBag from /home/airflow/sandbox/lib/python3.8/site-packages/airflow/example_dags/example_subdag_operator.py
[2022-04-02 16:27:05,878] {scheduler_job.py:643} INFO - DAG(s) dict_keys(['example_subdag_operator.section-1', 'example_subdag_operator.section-2', 'example_subdag_operator']) retrieved from /home/airflow/sandbox/lib/python3.8/site-packages/airflow/example_dags/example_subdag_operator.py
[2022-04-02 16:27:05,897] {logging_mixin.py:104} INFO - [2022-04-02 16:27:05,896] {dag.py:1832} INFO - Sync 3 DAGs
[2022-04-02 16:27:05,918] {logging_mixin.py:104} INFO - [2022-04-02 16:27:05,917] {dag.py:2305} INFO - Setting next_dagrun for example_subdag_operator to 2022-03-31 00:00:00+00:00
[2022-04-02 16:27:05,919] {logging_mixin.py:104} INFO - [2022-04-02 16:27:05,919] {dag.py:2305} INFO - Setting next_dagrun for example_subdag_operator.section-1 to None
[2022-04-02 16:27:05,919] {logging_mixin.py:104} INFO - [2022-04-02 16:27:05,919] {dag.py:2305} INFO - Setting next_dagrun for example_subdag_operator.section-2 to None
[2022-04-02 16:27:05,945] {logging_mixin.py:104} INFO - [2022-04-02 16:27:05,943] {dag.py:1832} INFO - Sync 2 DAGs
[2022-04-02 16:27:05,953] {logging_mixin.py:104} INFO - [2022-04-02 16:27:05,953] {dag.py:2305} INFO - Setting next_dagrun for example_subdag_operator.section-1 to None
[2022-04-02 16:27:05,954] {logging_mixin.py:104} INFO - [2022-04-02 16:27:05,954] {dag.py:2305} INFO - Setting next_dagrun for example_subdag_operator.section-2 to None
[2022-04-02 16:27:05,976] {scheduler_job.py:190} INFO - Processing /home/airflow/sandbox/lib/python3.8/site-packages/airflow/example_dags/example_subdag_operator.py took 0.153 seconds
