[2022-04-02 16:14:06,940] {scheduler_job.py:182} INFO - Started process (PID=3156) to work on /home/airflow/sandbox/lib/python3.8/site-packages/airflow/example_dags/example_branch_labels.py
[2022-04-02 16:14:06,944] {scheduler_job.py:633} INFO - Processing file /home/airflow/sandbox/lib/python3.8/site-packages/airflow/example_dags/example_branch_labels.py for tasks to queue
[2022-04-02 16:14:06,945] {logging_mixin.py:104} INFO - [2022-04-02 16:14:06,945] {dagbag.py:487} INFO - Filling up the DagBag from /home/airflow/sandbox/lib/python3.8/site-packages/airflow/example_dags/example_branch_labels.py
[2022-04-02 16:14:06,964] {scheduler_job.py:643} INFO - DAG(s) dict_keys(['example_branch_labels']) retrieved from /home/airflow/sandbox/lib/python3.8/site-packages/airflow/example_dags/example_branch_labels.py
[2022-04-02 16:14:07,391] {logging_mixin.py:104} INFO - [2022-04-02 16:14:07,391] {dag.py:1832} INFO - Sync 1 DAGs
[2022-04-02 16:14:07,416] {logging_mixin.py:104} INFO - [2022-04-02 16:14:07,415] {dag.py:2305} INFO - Setting next_dagrun for example_branch_labels to 2022-03-31 00:00:00+00:00
[2022-04-02 16:14:07,452] {scheduler_job.py:190} INFO - Processing /home/airflow/sandbox/lib/python3.8/site-packages/airflow/example_dags/example_branch_labels.py took 0.520 seconds
[2022-04-02 16:14:50,063] {scheduler_job.py:182} INFO - Started process (PID=3189) to work on /home/airflow/sandbox/lib/python3.8/site-packages/airflow/example_dags/example_branch_labels.py
[2022-04-02 16:14:50,066] {scheduler_job.py:633} INFO - Processing file /home/airflow/sandbox/lib/python3.8/site-packages/airflow/example_dags/example_branch_labels.py for tasks to queue
[2022-04-02 16:14:50,067] {logging_mixin.py:104} INFO - [2022-04-02 16:14:50,067] {dagbag.py:487} INFO - Filling up the DagBag from /home/airflow/sandbox/lib/python3.8/site-packages/airflow/example_dags/example_branch_labels.py
[2022-04-02 16:14:50,086] {scheduler_job.py:643} INFO - DAG(s) dict_keys(['example_branch_labels']) retrieved from /home/airflow/sandbox/lib/python3.8/site-packages/airflow/example_dags/example_branch_labels.py
[2022-04-02 16:14:50,104] {logging_mixin.py:104} INFO - [2022-04-02 16:14:50,104] {dag.py:1832} INFO - Sync 1 DAGs
[2022-04-02 16:14:50,133] {logging_mixin.py:104} INFO - [2022-04-02 16:14:50,133] {dag.py:2305} INFO - Setting next_dagrun for example_branch_labels to 2022-03-31 00:00:00+00:00
[2022-04-02 16:14:50,157] {scheduler_job.py:190} INFO - Processing /home/airflow/sandbox/lib/python3.8/site-packages/airflow/example_dags/example_branch_labels.py took 0.100 seconds
[2022-04-02 16:15:28,888] {scheduler_job.py:182} INFO - Started process (PID=3221) to work on /home/airflow/sandbox/lib/python3.8/site-packages/airflow/example_dags/example_branch_labels.py
[2022-04-02 16:15:28,891] {scheduler_job.py:633} INFO - Processing file /home/airflow/sandbox/lib/python3.8/site-packages/airflow/example_dags/example_branch_labels.py for tasks to queue
[2022-04-02 16:15:28,892] {logging_mixin.py:104} INFO - [2022-04-02 16:15:28,892] {dagbag.py:487} INFO - Filling up the DagBag from /home/airflow/sandbox/lib/python3.8/site-packages/airflow/example_dags/example_branch_labels.py
[2022-04-02 16:15:28,916] {scheduler_job.py:643} INFO - DAG(s) dict_keys(['example_branch_labels']) retrieved from /home/airflow/sandbox/lib/python3.8/site-packages/airflow/example_dags/example_branch_labels.py
[2022-04-02 16:15:28,946] {logging_mixin.py:104} INFO - [2022-04-02 16:15:28,945] {dag.py:1832} INFO - Sync 1 DAGs
[2022-04-02 16:15:28,974] {logging_mixin.py:104} INFO - [2022-04-02 16:15:28,974] {dag.py:2305} INFO - Setting next_dagrun for example_branch_labels to 2022-03-31 00:00:00+00:00
[2022-04-02 16:15:29,000] {scheduler_job.py:190} INFO - Processing /home/airflow/sandbox/lib/python3.8/site-packages/airflow/example_dags/example_branch_labels.py took 0.117 seconds
[2022-04-02 16:16:08,053] {scheduler_job.py:182} INFO - Started process (PID=3253) to work on /home/airflow/sandbox/lib/python3.8/site-packages/airflow/example_dags/example_branch_labels.py
[2022-04-02 16:16:08,057] {scheduler_job.py:633} INFO - Processing file /home/airflow/sandbox/lib/python3.8/site-packages/airflow/example_dags/example_branch_labels.py for tasks to queue
[2022-04-02 16:16:08,058] {logging_mixin.py:104} INFO - [2022-04-02 16:16:08,057] {dagbag.py:487} INFO - Filling up the DagBag from /home/airflow/sandbox/lib/python3.8/site-packages/airflow/example_dags/example_branch_labels.py
[2022-04-02 16:16:08,080] {scheduler_job.py:643} INFO - DAG(s) dict_keys(['example_branch_labels']) retrieved from /home/airflow/sandbox/lib/python3.8/site-packages/airflow/example_dags/example_branch_labels.py
[2022-04-02 16:16:08,110] {logging_mixin.py:104} INFO - [2022-04-02 16:16:08,110] {dag.py:1832} INFO - Sync 1 DAGs
[2022-04-02 16:16:08,133] {logging_mixin.py:104} INFO - [2022-04-02 16:16:08,133] {dag.py:2305} INFO - Setting next_dagrun for example_branch_labels to 2022-03-31 00:00:00+00:00
[2022-04-02 16:16:08,167] {scheduler_job.py:190} INFO - Processing /home/airflow/sandbox/lib/python3.8/site-packages/airflow/example_dags/example_branch_labels.py took 0.120 seconds
[2022-04-02 16:16:46,494] {scheduler_job.py:182} INFO - Started process (PID=3285) to work on /home/airflow/sandbox/lib/python3.8/site-packages/airflow/example_dags/example_branch_labels.py
[2022-04-02 16:16:46,498] {scheduler_job.py:633} INFO - Processing file /home/airflow/sandbox/lib/python3.8/site-packages/airflow/example_dags/example_branch_labels.py for tasks to queue
[2022-04-02 16:16:46,500] {logging_mixin.py:104} INFO - [2022-04-02 16:16:46,500] {dagbag.py:487} INFO - Filling up the DagBag from /home/airflow/sandbox/lib/python3.8/site-packages/airflow/example_dags/example_branch_labels.py
[2022-04-02 16:16:46,519] {scheduler_job.py:643} INFO - DAG(s) dict_keys(['example_branch_labels']) retrieved from /home/airflow/sandbox/lib/python3.8/site-packages/airflow/example_dags/example_branch_labels.py
[2022-04-02 16:16:46,553] {logging_mixin.py:104} INFO - [2022-04-02 16:16:46,553] {dag.py:1832} INFO - Sync 1 DAGs
[2022-04-02 16:16:46,580] {logging_mixin.py:104} INFO - [2022-04-02 16:16:46,580] {dag.py:2305} INFO - Setting next_dagrun for example_branch_labels to 2022-03-31 00:00:00+00:00
[2022-04-02 16:16:46,605] {scheduler_job.py:190} INFO - Processing /home/airflow/sandbox/lib/python3.8/site-packages/airflow/example_dags/example_branch_labels.py took 0.121 seconds
[2022-04-02 16:17:24,181] {scheduler_job.py:182} INFO - Started process (PID=3328) to work on /home/airflow/sandbox/lib/python3.8/site-packages/airflow/example_dags/example_branch_labels.py
[2022-04-02 16:17:24,183] {scheduler_job.py:633} INFO - Processing file /home/airflow/sandbox/lib/python3.8/site-packages/airflow/example_dags/example_branch_labels.py for tasks to queue
[2022-04-02 16:17:24,184] {logging_mixin.py:104} INFO - [2022-04-02 16:17:24,184] {dagbag.py:487} INFO - Filling up the DagBag from /home/airflow/sandbox/lib/python3.8/site-packages/airflow/example_dags/example_branch_labels.py
[2022-04-02 16:17:24,207] {scheduler_job.py:643} INFO - DAG(s) dict_keys(['example_branch_labels']) retrieved from /home/airflow/sandbox/lib/python3.8/site-packages/airflow/example_dags/example_branch_labels.py
[2022-04-02 16:17:24,238] {logging_mixin.py:104} INFO - [2022-04-02 16:17:24,238] {dag.py:1832} INFO - Sync 1 DAGs
[2022-04-02 16:17:24,263] {logging_mixin.py:104} INFO - [2022-04-02 16:17:24,263] {dag.py:2305} INFO - Setting next_dagrun for example_branch_labels to 2022-03-31 00:00:00+00:00
[2022-04-02 16:17:24,292] {scheduler_job.py:190} INFO - Processing /home/airflow/sandbox/lib/python3.8/site-packages/airflow/example_dags/example_branch_labels.py took 0.119 seconds
[2022-04-02 16:18:01,447] {scheduler_job.py:182} INFO - Started process (PID=3380) to work on /home/airflow/sandbox/lib/python3.8/site-packages/airflow/example_dags/example_branch_labels.py
[2022-04-02 16:18:01,450] {scheduler_job.py:633} INFO - Processing file /home/airflow/sandbox/lib/python3.8/site-packages/airflow/example_dags/example_branch_labels.py for tasks to queue
[2022-04-02 16:18:01,451] {logging_mixin.py:104} INFO - [2022-04-02 16:18:01,451] {dagbag.py:487} INFO - Filling up the DagBag from /home/airflow/sandbox/lib/python3.8/site-packages/airflow/example_dags/example_branch_labels.py
[2022-04-02 16:18:01,476] {scheduler_job.py:643} INFO - DAG(s) dict_keys(['example_branch_labels']) retrieved from /home/airflow/sandbox/lib/python3.8/site-packages/airflow/example_dags/example_branch_labels.py
[2022-04-02 16:18:01,509] {logging_mixin.py:104} INFO - [2022-04-02 16:18:01,508] {dag.py:1832} INFO - Sync 1 DAGs
[2022-04-02 16:18:01,519] {logging_mixin.py:104} INFO - [2022-04-02 16:18:01,519] {dag.py:2305} INFO - Setting next_dagrun for example_branch_labels to 2022-03-31 00:00:00+00:00
[2022-04-02 16:18:01,543] {scheduler_job.py:190} INFO - Processing /home/airflow/sandbox/lib/python3.8/site-packages/airflow/example_dags/example_branch_labels.py took 0.101 seconds
[2022-04-02 16:18:40,803] {scheduler_job.py:182} INFO - Started process (PID=3452) to work on /home/airflow/sandbox/lib/python3.8/site-packages/airflow/example_dags/example_branch_labels.py
[2022-04-02 16:18:40,805] {scheduler_job.py:633} INFO - Processing file /home/airflow/sandbox/lib/python3.8/site-packages/airflow/example_dags/example_branch_labels.py for tasks to queue
[2022-04-02 16:18:40,809] {logging_mixin.py:104} INFO - [2022-04-02 16:18:40,809] {dagbag.py:487} INFO - Filling up the DagBag from /home/airflow/sandbox/lib/python3.8/site-packages/airflow/example_dags/example_branch_labels.py
[2022-04-02 16:18:40,823] {scheduler_job.py:643} INFO - DAG(s) dict_keys(['example_branch_labels']) retrieved from /home/airflow/sandbox/lib/python3.8/site-packages/airflow/example_dags/example_branch_labels.py
[2022-04-02 16:18:40,845] {logging_mixin.py:104} INFO - [2022-04-02 16:18:40,845] {dag.py:1832} INFO - Sync 1 DAGs
[2022-04-02 16:18:40,869] {logging_mixin.py:104} INFO - [2022-04-02 16:18:40,869] {dag.py:2305} INFO - Setting next_dagrun for example_branch_labels to 2022-03-31 00:00:00+00:00
[2022-04-02 16:18:40,898] {scheduler_job.py:190} INFO - Processing /home/airflow/sandbox/lib/python3.8/site-packages/airflow/example_dags/example_branch_labels.py took 0.100 seconds
[2022-04-02 16:19:18,297] {scheduler_job.py:182} INFO - Started process (PID=3483) to work on /home/airflow/sandbox/lib/python3.8/site-packages/airflow/example_dags/example_branch_labels.py
[2022-04-02 16:19:18,298] {scheduler_job.py:633} INFO - Processing file /home/airflow/sandbox/lib/python3.8/site-packages/airflow/example_dags/example_branch_labels.py for tasks to queue
[2022-04-02 16:19:18,299] {logging_mixin.py:104} INFO - [2022-04-02 16:19:18,299] {dagbag.py:487} INFO - Filling up the DagBag from /home/airflow/sandbox/lib/python3.8/site-packages/airflow/example_dags/example_branch_labels.py
[2022-04-02 16:19:18,321] {scheduler_job.py:643} INFO - DAG(s) dict_keys(['example_branch_labels']) retrieved from /home/airflow/sandbox/lib/python3.8/site-packages/airflow/example_dags/example_branch_labels.py
[2022-04-02 16:19:18,353] {logging_mixin.py:104} INFO - [2022-04-02 16:19:18,353] {dag.py:1832} INFO - Sync 1 DAGs
[2022-04-02 16:19:18,376] {logging_mixin.py:104} INFO - [2022-04-02 16:19:18,376] {dag.py:2305} INFO - Setting next_dagrun for example_branch_labels to 2022-03-31 00:00:00+00:00
[2022-04-02 16:19:18,407] {scheduler_job.py:190} INFO - Processing /home/airflow/sandbox/lib/python3.8/site-packages/airflow/example_dags/example_branch_labels.py took 0.118 seconds
[2022-04-02 16:20:00,758] {scheduler_job.py:182} INFO - Started process (PID=3617) to work on /home/airflow/sandbox/lib/python3.8/site-packages/airflow/example_dags/example_branch_labels.py
[2022-04-02 16:20:00,759] {scheduler_job.py:633} INFO - Processing file /home/airflow/sandbox/lib/python3.8/site-packages/airflow/example_dags/example_branch_labels.py for tasks to queue
[2022-04-02 16:20:00,760] {logging_mixin.py:104} INFO - [2022-04-02 16:20:00,760] {dagbag.py:487} INFO - Filling up the DagBag from /home/airflow/sandbox/lib/python3.8/site-packages/airflow/example_dags/example_branch_labels.py
[2022-04-02 16:20:00,777] {scheduler_job.py:643} INFO - DAG(s) dict_keys(['example_branch_labels']) retrieved from /home/airflow/sandbox/lib/python3.8/site-packages/airflow/example_dags/example_branch_labels.py
[2022-04-02 16:20:00,811] {logging_mixin.py:104} INFO - [2022-04-02 16:20:00,811] {dag.py:1832} INFO - Sync 1 DAGs
[2022-04-02 16:20:00,831] {logging_mixin.py:104} INFO - [2022-04-02 16:20:00,830] {dag.py:2305} INFO - Setting next_dagrun for example_branch_labels to 2022-03-31 00:00:00+00:00
[2022-04-02 16:20:00,865] {scheduler_job.py:190} INFO - Processing /home/airflow/sandbox/lib/python3.8/site-packages/airflow/example_dags/example_branch_labels.py took 0.111 seconds
[2022-04-02 16:20:43,351] {scheduler_job.py:182} INFO - Started process (PID=3651) to work on /home/airflow/sandbox/lib/python3.8/site-packages/airflow/example_dags/example_branch_labels.py
[2022-04-02 16:20:43,353] {scheduler_job.py:633} INFO - Processing file /home/airflow/sandbox/lib/python3.8/site-packages/airflow/example_dags/example_branch_labels.py for tasks to queue
[2022-04-02 16:20:43,355] {logging_mixin.py:104} INFO - [2022-04-02 16:20:43,354] {dagbag.py:487} INFO - Filling up the DagBag from /home/airflow/sandbox/lib/python3.8/site-packages/airflow/example_dags/example_branch_labels.py
[2022-04-02 16:20:43,373] {scheduler_job.py:643} INFO - DAG(s) dict_keys(['example_branch_labels']) retrieved from /home/airflow/sandbox/lib/python3.8/site-packages/airflow/example_dags/example_branch_labels.py
[2022-04-02 16:20:43,389] {logging_mixin.py:104} INFO - [2022-04-02 16:20:43,389] {dag.py:1832} INFO - Sync 1 DAGs
[2022-04-02 16:20:43,406] {logging_mixin.py:104} INFO - [2022-04-02 16:20:43,406] {dag.py:2305} INFO - Setting next_dagrun for example_branch_labels to 2022-03-31 00:00:00+00:00
[2022-04-02 16:20:43,430] {scheduler_job.py:190} INFO - Processing /home/airflow/sandbox/lib/python3.8/site-packages/airflow/example_dags/example_branch_labels.py took 0.085 seconds
[2022-04-02 16:21:21,015] {scheduler_job.py:182} INFO - Started process (PID=3683) to work on /home/airflow/sandbox/lib/python3.8/site-packages/airflow/example_dags/example_branch_labels.py
[2022-04-02 16:21:21,017] {scheduler_job.py:633} INFO - Processing file /home/airflow/sandbox/lib/python3.8/site-packages/airflow/example_dags/example_branch_labels.py for tasks to queue
[2022-04-02 16:21:21,019] {logging_mixin.py:104} INFO - [2022-04-02 16:21:21,018] {dagbag.py:487} INFO - Filling up the DagBag from /home/airflow/sandbox/lib/python3.8/site-packages/airflow/example_dags/example_branch_labels.py
[2022-04-02 16:21:21,046] {scheduler_job.py:643} INFO - DAG(s) dict_keys(['example_branch_labels']) retrieved from /home/airflow/sandbox/lib/python3.8/site-packages/airflow/example_dags/example_branch_labels.py
[2022-04-02 16:21:21,076] {logging_mixin.py:104} INFO - [2022-04-02 16:21:21,075] {dag.py:1832} INFO - Sync 1 DAGs
[2022-04-02 16:21:21,104] {logging_mixin.py:104} INFO - [2022-04-02 16:21:21,103] {dag.py:2305} INFO - Setting next_dagrun for example_branch_labels to 2022-03-31 00:00:00+00:00
[2022-04-02 16:21:21,129] {scheduler_job.py:190} INFO - Processing /home/airflow/sandbox/lib/python3.8/site-packages/airflow/example_dags/example_branch_labels.py took 0.120 seconds
[2022-04-02 16:22:03,724] {scheduler_job.py:182} INFO - Started process (PID=3719) to work on /home/airflow/sandbox/lib/python3.8/site-packages/airflow/example_dags/example_branch_labels.py
[2022-04-02 16:22:03,725] {scheduler_job.py:633} INFO - Processing file /home/airflow/sandbox/lib/python3.8/site-packages/airflow/example_dags/example_branch_labels.py for tasks to queue
[2022-04-02 16:22:03,726] {logging_mixin.py:104} INFO - [2022-04-02 16:22:03,726] {dagbag.py:487} INFO - Filling up the DagBag from /home/airflow/sandbox/lib/python3.8/site-packages/airflow/example_dags/example_branch_labels.py
[2022-04-02 16:22:03,737] {scheduler_job.py:643} INFO - DAG(s) dict_keys(['example_branch_labels']) retrieved from /home/airflow/sandbox/lib/python3.8/site-packages/airflow/example_dags/example_branch_labels.py
[2022-04-02 16:22:03,754] {logging_mixin.py:104} INFO - [2022-04-02 16:22:03,754] {dag.py:1832} INFO - Sync 1 DAGs
[2022-04-02 16:22:03,781] {logging_mixin.py:104} INFO - [2022-04-02 16:22:03,781] {dag.py:2305} INFO - Setting next_dagrun for example_branch_labels to 2022-03-31 00:00:00+00:00
[2022-04-02 16:22:03,802] {scheduler_job.py:190} INFO - Processing /home/airflow/sandbox/lib/python3.8/site-packages/airflow/example_dags/example_branch_labels.py took 0.084 seconds
[2022-04-02 16:22:47,076] {scheduler_job.py:182} INFO - Started process (PID=3755) to work on /home/airflow/sandbox/lib/python3.8/site-packages/airflow/example_dags/example_branch_labels.py
[2022-04-02 16:22:47,078] {scheduler_job.py:633} INFO - Processing file /home/airflow/sandbox/lib/python3.8/site-packages/airflow/example_dags/example_branch_labels.py for tasks to queue
[2022-04-02 16:22:47,080] {logging_mixin.py:104} INFO - [2022-04-02 16:22:47,080] {dagbag.py:487} INFO - Filling up the DagBag from /home/airflow/sandbox/lib/python3.8/site-packages/airflow/example_dags/example_branch_labels.py
[2022-04-02 16:22:47,106] {scheduler_job.py:643} INFO - DAG(s) dict_keys(['example_branch_labels']) retrieved from /home/airflow/sandbox/lib/python3.8/site-packages/airflow/example_dags/example_branch_labels.py
[2022-04-02 16:22:47,130] {logging_mixin.py:104} INFO - [2022-04-02 16:22:47,129] {dag.py:1832} INFO - Sync 1 DAGs
[2022-04-02 16:22:47,155] {logging_mixin.py:104} INFO - [2022-04-02 16:22:47,155] {dag.py:2305} INFO - Setting next_dagrun for example_branch_labels to 2022-03-31 00:00:00+00:00
[2022-04-02 16:22:47,188] {scheduler_job.py:190} INFO - Processing /home/airflow/sandbox/lib/python3.8/site-packages/airflow/example_dags/example_branch_labels.py took 0.121 seconds
[2022-04-02 16:23:23,721] {scheduler_job.py:182} INFO - Started process (PID=3828) to work on /home/airflow/sandbox/lib/python3.8/site-packages/airflow/example_dags/example_branch_labels.py
[2022-04-02 16:23:23,725] {scheduler_job.py:633} INFO - Processing file /home/airflow/sandbox/lib/python3.8/site-packages/airflow/example_dags/example_branch_labels.py for tasks to queue
[2022-04-02 16:23:23,726] {logging_mixin.py:104} INFO - [2022-04-02 16:23:23,726] {dagbag.py:487} INFO - Filling up the DagBag from /home/airflow/sandbox/lib/python3.8/site-packages/airflow/example_dags/example_branch_labels.py
[2022-04-02 16:23:23,746] {scheduler_job.py:643} INFO - DAG(s) dict_keys(['example_branch_labels']) retrieved from /home/airflow/sandbox/lib/python3.8/site-packages/airflow/example_dags/example_branch_labels.py
[2022-04-02 16:23:23,768] {logging_mixin.py:104} INFO - [2022-04-02 16:23:23,768] {dag.py:1832} INFO - Sync 1 DAGs
[2022-04-02 16:23:23,791] {logging_mixin.py:104} INFO - [2022-04-02 16:23:23,791] {dag.py:2305} INFO - Setting next_dagrun for example_branch_labels to 2022-03-31 00:00:00+00:00
[2022-04-02 16:23:23,819] {scheduler_job.py:190} INFO - Processing /home/airflow/sandbox/lib/python3.8/site-packages/airflow/example_dags/example_branch_labels.py took 0.106 seconds
[2022-04-02 16:24:03,184] {scheduler_job.py:182} INFO - Started process (PID=3862) to work on /home/airflow/sandbox/lib/python3.8/site-packages/airflow/example_dags/example_branch_labels.py
[2022-04-02 16:24:03,185] {scheduler_job.py:633} INFO - Processing file /home/airflow/sandbox/lib/python3.8/site-packages/airflow/example_dags/example_branch_labels.py for tasks to queue
[2022-04-02 16:24:03,186] {logging_mixin.py:104} INFO - [2022-04-02 16:24:03,186] {dagbag.py:487} INFO - Filling up the DagBag from /home/airflow/sandbox/lib/python3.8/site-packages/airflow/example_dags/example_branch_labels.py
[2022-04-02 16:24:03,210] {scheduler_job.py:643} INFO - DAG(s) dict_keys(['example_branch_labels']) retrieved from /home/airflow/sandbox/lib/python3.8/site-packages/airflow/example_dags/example_branch_labels.py
[2022-04-02 16:24:03,228] {logging_mixin.py:104} INFO - [2022-04-02 16:24:03,228] {dag.py:1832} INFO - Sync 1 DAGs
[2022-04-02 16:24:03,250] {logging_mixin.py:104} INFO - [2022-04-02 16:24:03,250] {dag.py:2305} INFO - Setting next_dagrun for example_branch_labels to 2022-03-31 00:00:00+00:00
[2022-04-02 16:24:03,290] {scheduler_job.py:190} INFO - Processing /home/airflow/sandbox/lib/python3.8/site-packages/airflow/example_dags/example_branch_labels.py took 0.112 seconds
[2022-04-02 16:24:43,196] {scheduler_job.py:182} INFO - Started process (PID=3894) to work on /home/airflow/sandbox/lib/python3.8/site-packages/airflow/example_dags/example_branch_labels.py
[2022-04-02 16:24:43,197] {scheduler_job.py:633} INFO - Processing file /home/airflow/sandbox/lib/python3.8/site-packages/airflow/example_dags/example_branch_labels.py for tasks to queue
[2022-04-02 16:24:43,197] {logging_mixin.py:104} INFO - [2022-04-02 16:24:43,197] {dagbag.py:487} INFO - Filling up the DagBag from /home/airflow/sandbox/lib/python3.8/site-packages/airflow/example_dags/example_branch_labels.py
[2022-04-02 16:24:43,215] {scheduler_job.py:643} INFO - DAG(s) dict_keys(['example_branch_labels']) retrieved from /home/airflow/sandbox/lib/python3.8/site-packages/airflow/example_dags/example_branch_labels.py
[2022-04-02 16:24:43,234] {logging_mixin.py:104} INFO - [2022-04-02 16:24:43,234] {dag.py:1832} INFO - Sync 1 DAGs
[2022-04-02 16:24:43,249] {logging_mixin.py:104} INFO - [2022-04-02 16:24:43,249] {dag.py:2305} INFO - Setting next_dagrun for example_branch_labels to 2022-03-31 00:00:00+00:00
[2022-04-02 16:24:43,285] {scheduler_job.py:190} INFO - Processing /home/airflow/sandbox/lib/python3.8/site-packages/airflow/example_dags/example_branch_labels.py took 0.093 seconds
[2022-04-02 16:25:24,123] {scheduler_job.py:182} INFO - Started process (PID=3928) to work on /home/airflow/sandbox/lib/python3.8/site-packages/airflow/example_dags/example_branch_labels.py
[2022-04-02 16:25:24,126] {scheduler_job.py:633} INFO - Processing file /home/airflow/sandbox/lib/python3.8/site-packages/airflow/example_dags/example_branch_labels.py for tasks to queue
[2022-04-02 16:25:24,128] {logging_mixin.py:104} INFO - [2022-04-02 16:25:24,127] {dagbag.py:487} INFO - Filling up the DagBag from /home/airflow/sandbox/lib/python3.8/site-packages/airflow/example_dags/example_branch_labels.py
[2022-04-02 16:25:24,146] {scheduler_job.py:643} INFO - DAG(s) dict_keys(['example_branch_labels']) retrieved from /home/airflow/sandbox/lib/python3.8/site-packages/airflow/example_dags/example_branch_labels.py
[2022-04-02 16:25:24,172] {logging_mixin.py:104} INFO - [2022-04-02 16:25:24,172] {dag.py:1832} INFO - Sync 1 DAGs
[2022-04-02 16:25:24,191] {logging_mixin.py:104} INFO - [2022-04-02 16:25:24,191] {dag.py:2305} INFO - Setting next_dagrun for example_branch_labels to 2022-03-31 00:00:00+00:00
[2022-04-02 16:25:24,214] {scheduler_job.py:190} INFO - Processing /home/airflow/sandbox/lib/python3.8/site-packages/airflow/example_dags/example_branch_labels.py took 0.096 seconds
[2022-04-02 16:26:02,802] {scheduler_job.py:182} INFO - Started process (PID=3959) to work on /home/airflow/sandbox/lib/python3.8/site-packages/airflow/example_dags/example_branch_labels.py
[2022-04-02 16:26:02,804] {scheduler_job.py:633} INFO - Processing file /home/airflow/sandbox/lib/python3.8/site-packages/airflow/example_dags/example_branch_labels.py for tasks to queue
[2022-04-02 16:26:02,805] {logging_mixin.py:104} INFO - [2022-04-02 16:26:02,805] {dagbag.py:487} INFO - Filling up the DagBag from /home/airflow/sandbox/lib/python3.8/site-packages/airflow/example_dags/example_branch_labels.py
[2022-04-02 16:26:02,830] {scheduler_job.py:643} INFO - DAG(s) dict_keys(['example_branch_labels']) retrieved from /home/airflow/sandbox/lib/python3.8/site-packages/airflow/example_dags/example_branch_labels.py
[2022-04-02 16:26:02,869] {logging_mixin.py:104} INFO - [2022-04-02 16:26:02,869] {dag.py:1832} INFO - Sync 1 DAGs
[2022-04-02 16:26:02,888] {logging_mixin.py:104} INFO - [2022-04-02 16:26:02,888] {dag.py:2305} INFO - Setting next_dagrun for example_branch_labels to 2022-03-31 00:00:00+00:00
[2022-04-02 16:26:02,915] {scheduler_job.py:190} INFO - Processing /home/airflow/sandbox/lib/python3.8/site-packages/airflow/example_dags/example_branch_labels.py took 0.120 seconds
[2022-04-02 16:26:45,418] {scheduler_job.py:182} INFO - Started process (PID=3995) to work on /home/airflow/sandbox/lib/python3.8/site-packages/airflow/example_dags/example_branch_labels.py
[2022-04-02 16:26:45,420] {scheduler_job.py:633} INFO - Processing file /home/airflow/sandbox/lib/python3.8/site-packages/airflow/example_dags/example_branch_labels.py for tasks to queue
[2022-04-02 16:26:45,422] {logging_mixin.py:104} INFO - [2022-04-02 16:26:45,422] {dagbag.py:487} INFO - Filling up the DagBag from /home/airflow/sandbox/lib/python3.8/site-packages/airflow/example_dags/example_branch_labels.py
[2022-04-02 16:26:45,460] {scheduler_job.py:643} INFO - DAG(s) dict_keys(['example_branch_labels']) retrieved from /home/airflow/sandbox/lib/python3.8/site-packages/airflow/example_dags/example_branch_labels.py
[2022-04-02 16:26:45,476] {logging_mixin.py:104} INFO - [2022-04-02 16:26:45,476] {dag.py:1832} INFO - Sync 1 DAGs
[2022-04-02 16:26:45,493] {logging_mixin.py:104} INFO - [2022-04-02 16:26:45,493] {dag.py:2305} INFO - Setting next_dagrun for example_branch_labels to 2022-03-31 00:00:00+00:00
[2022-04-02 16:26:45,520] {scheduler_job.py:190} INFO - Processing /home/airflow/sandbox/lib/python3.8/site-packages/airflow/example_dags/example_branch_labels.py took 0.110 seconds
