[2022-04-02 16:14:22,972] {scheduler_job.py:182} INFO - Started process (PID=3167) to work on /home/airflow/sandbox/lib/python3.8/site-packages/airflow/example_dags/example_nested_branch_dag.py
[2022-04-02 16:14:22,973] {scheduler_job.py:633} INFO - Processing file /home/airflow/sandbox/lib/python3.8/site-packages/airflow/example_dags/example_nested_branch_dag.py for tasks to queue
[2022-04-02 16:14:22,973] {logging_mixin.py:104} INFO - [2022-04-02 16:14:22,973] {dagbag.py:487} INFO - Filling up the DagBag from /home/airflow/sandbox/lib/python3.8/site-packages/airflow/example_dags/example_nested_branch_dag.py
[2022-04-02 16:14:22,987] {scheduler_job.py:643} INFO - DAG(s) dict_keys(['example_nested_branch_dag']) retrieved from /home/airflow/sandbox/lib/python3.8/site-packages/airflow/example_dags/example_nested_branch_dag.py
[2022-04-02 16:14:23,401] {logging_mixin.py:104} INFO - [2022-04-02 16:14:23,400] {dag.py:1832} INFO - Sync 1 DAGs
[2022-04-02 16:14:23,424] {logging_mixin.py:104} INFO - [2022-04-02 16:14:23,423] {dag.py:2305} INFO - Setting next_dagrun for example_nested_branch_dag to 2022-03-31 00:00:00+00:00
[2022-04-02 16:14:23,459] {scheduler_job.py:190} INFO - Processing /home/airflow/sandbox/lib/python3.8/site-packages/airflow/example_dags/example_nested_branch_dag.py took 0.490 seconds
[2022-04-02 16:15:03,537] {scheduler_job.py:182} INFO - Started process (PID=3200) to work on /home/airflow/sandbox/lib/python3.8/site-packages/airflow/example_dags/example_nested_branch_dag.py
[2022-04-02 16:15:03,539] {scheduler_job.py:633} INFO - Processing file /home/airflow/sandbox/lib/python3.8/site-packages/airflow/example_dags/example_nested_branch_dag.py for tasks to queue
[2022-04-02 16:15:03,540] {logging_mixin.py:104} INFO - [2022-04-02 16:15:03,540] {dagbag.py:487} INFO - Filling up the DagBag from /home/airflow/sandbox/lib/python3.8/site-packages/airflow/example_dags/example_nested_branch_dag.py
[2022-04-02 16:15:03,575] {scheduler_job.py:643} INFO - DAG(s) dict_keys(['example_nested_branch_dag']) retrieved from /home/airflow/sandbox/lib/python3.8/site-packages/airflow/example_dags/example_nested_branch_dag.py
[2022-04-02 16:15:03,597] {logging_mixin.py:104} INFO - [2022-04-02 16:15:03,597] {dag.py:1832} INFO - Sync 1 DAGs
[2022-04-02 16:15:03,621] {logging_mixin.py:104} INFO - [2022-04-02 16:15:03,621] {dag.py:2305} INFO - Setting next_dagrun for example_nested_branch_dag to 2022-03-31 00:00:00+00:00
[2022-04-02 16:15:03,655] {scheduler_job.py:190} INFO - Processing /home/airflow/sandbox/lib/python3.8/site-packages/airflow/example_dags/example_nested_branch_dag.py took 0.127 seconds
[2022-04-02 16:15:42,319] {scheduler_job.py:182} INFO - Started process (PID=3232) to work on /home/airflow/sandbox/lib/python3.8/site-packages/airflow/example_dags/example_nested_branch_dag.py
[2022-04-02 16:15:42,321] {scheduler_job.py:633} INFO - Processing file /home/airflow/sandbox/lib/python3.8/site-packages/airflow/example_dags/example_nested_branch_dag.py for tasks to queue
[2022-04-02 16:15:42,322] {logging_mixin.py:104} INFO - [2022-04-02 16:15:42,321] {dagbag.py:487} INFO - Filling up the DagBag from /home/airflow/sandbox/lib/python3.8/site-packages/airflow/example_dags/example_nested_branch_dag.py
[2022-04-02 16:15:42,355] {scheduler_job.py:643} INFO - DAG(s) dict_keys(['example_nested_branch_dag']) retrieved from /home/airflow/sandbox/lib/python3.8/site-packages/airflow/example_dags/example_nested_branch_dag.py
[2022-04-02 16:15:42,384] {logging_mixin.py:104} INFO - [2022-04-02 16:15:42,383] {dag.py:1832} INFO - Sync 1 DAGs
[2022-04-02 16:15:42,418] {logging_mixin.py:104} INFO - [2022-04-02 16:15:42,418] {dag.py:2305} INFO - Setting next_dagrun for example_nested_branch_dag to 2022-03-31 00:00:00+00:00
[2022-04-02 16:15:42,455] {scheduler_job.py:190} INFO - Processing /home/airflow/sandbox/lib/python3.8/site-packages/airflow/example_dags/example_nested_branch_dag.py took 0.143 seconds
[2022-04-02 16:16:26,368] {scheduler_job.py:182} INFO - Started process (PID=3268) to work on /home/airflow/sandbox/lib/python3.8/site-packages/airflow/example_dags/example_nested_branch_dag.py
[2022-04-02 16:16:26,370] {scheduler_job.py:633} INFO - Processing file /home/airflow/sandbox/lib/python3.8/site-packages/airflow/example_dags/example_nested_branch_dag.py for tasks to queue
[2022-04-02 16:16:26,372] {logging_mixin.py:104} INFO - [2022-04-02 16:16:26,372] {dagbag.py:487} INFO - Filling up the DagBag from /home/airflow/sandbox/lib/python3.8/site-packages/airflow/example_dags/example_nested_branch_dag.py
[2022-04-02 16:16:26,405] {scheduler_job.py:643} INFO - DAG(s) dict_keys(['example_nested_branch_dag']) retrieved from /home/airflow/sandbox/lib/python3.8/site-packages/airflow/example_dags/example_nested_branch_dag.py
[2022-04-02 16:16:26,433] {logging_mixin.py:104} INFO - [2022-04-02 16:16:26,432] {dag.py:1832} INFO - Sync 1 DAGs
[2022-04-02 16:16:26,470] {logging_mixin.py:104} INFO - [2022-04-02 16:16:26,469] {dag.py:2305} INFO - Setting next_dagrun for example_nested_branch_dag to 2022-03-31 00:00:00+00:00
[2022-04-02 16:16:26,501] {scheduler_job.py:190} INFO - Processing /home/airflow/sandbox/lib/python3.8/site-packages/airflow/example_dags/example_nested_branch_dag.py took 0.143 seconds
[2022-04-02 16:17:09,436] {scheduler_job.py:182} INFO - Started process (PID=3315) to work on /home/airflow/sandbox/lib/python3.8/site-packages/airflow/example_dags/example_nested_branch_dag.py
[2022-04-02 16:17:09,438] {scheduler_job.py:633} INFO - Processing file /home/airflow/sandbox/lib/python3.8/site-packages/airflow/example_dags/example_nested_branch_dag.py for tasks to queue
[2022-04-02 16:17:09,439] {logging_mixin.py:104} INFO - [2022-04-02 16:17:09,439] {dagbag.py:487} INFO - Filling up the DagBag from /home/airflow/sandbox/lib/python3.8/site-packages/airflow/example_dags/example_nested_branch_dag.py
[2022-04-02 16:17:09,469] {scheduler_job.py:643} INFO - DAG(s) dict_keys(['example_nested_branch_dag']) retrieved from /home/airflow/sandbox/lib/python3.8/site-packages/airflow/example_dags/example_nested_branch_dag.py
[2022-04-02 16:17:09,492] {logging_mixin.py:104} INFO - [2022-04-02 16:17:09,492] {dag.py:1832} INFO - Sync 1 DAGs
[2022-04-02 16:17:09,508] {logging_mixin.py:104} INFO - [2022-04-02 16:17:09,508] {dag.py:2305} INFO - Setting next_dagrun for example_nested_branch_dag to 2022-03-31 00:00:00+00:00
[2022-04-02 16:17:09,556] {scheduler_job.py:190} INFO - Processing /home/airflow/sandbox/lib/python3.8/site-packages/airflow/example_dags/example_nested_branch_dag.py took 0.125 seconds
[2022-04-02 16:17:53,150] {scheduler_job.py:182} INFO - Started process (PID=3352) to work on /home/airflow/sandbox/lib/python3.8/site-packages/airflow/example_dags/example_nested_branch_dag.py
[2022-04-02 16:17:53,153] {scheduler_job.py:633} INFO - Processing file /home/airflow/sandbox/lib/python3.8/site-packages/airflow/example_dags/example_nested_branch_dag.py for tasks to queue
[2022-04-02 16:17:53,154] {logging_mixin.py:104} INFO - [2022-04-02 16:17:53,154] {dagbag.py:487} INFO - Filling up the DagBag from /home/airflow/sandbox/lib/python3.8/site-packages/airflow/example_dags/example_nested_branch_dag.py
[2022-04-02 16:17:53,191] {scheduler_job.py:643} INFO - DAG(s) dict_keys(['example_nested_branch_dag']) retrieved from /home/airflow/sandbox/lib/python3.8/site-packages/airflow/example_dags/example_nested_branch_dag.py
[2022-04-02 16:17:53,219] {logging_mixin.py:104} INFO - [2022-04-02 16:17:53,219] {dag.py:1832} INFO - Sync 1 DAGs
[2022-04-02 16:17:53,245] {logging_mixin.py:104} INFO - [2022-04-02 16:17:53,245] {dag.py:2305} INFO - Setting next_dagrun for example_nested_branch_dag to 2022-03-31 00:00:00+00:00
[2022-04-02 16:17:53,269] {scheduler_job.py:190} INFO - Processing /home/airflow/sandbox/lib/python3.8/site-packages/airflow/example_dags/example_nested_branch_dag.py took 0.127 seconds
[2022-04-02 16:18:32,009] {scheduler_job.py:182} INFO - Started process (PID=3445) to work on /home/airflow/sandbox/lib/python3.8/site-packages/airflow/example_dags/example_nested_branch_dag.py
[2022-04-02 16:18:32,011] {scheduler_job.py:633} INFO - Processing file /home/airflow/sandbox/lib/python3.8/site-packages/airflow/example_dags/example_nested_branch_dag.py for tasks to queue
[2022-04-02 16:18:32,013] {logging_mixin.py:104} INFO - [2022-04-02 16:18:32,012] {dagbag.py:487} INFO - Filling up the DagBag from /home/airflow/sandbox/lib/python3.8/site-packages/airflow/example_dags/example_nested_branch_dag.py
[2022-04-02 16:18:32,033] {scheduler_job.py:643} INFO - DAG(s) dict_keys(['example_nested_branch_dag']) retrieved from /home/airflow/sandbox/lib/python3.8/site-packages/airflow/example_dags/example_nested_branch_dag.py
[2022-04-02 16:18:32,064] {logging_mixin.py:104} INFO - [2022-04-02 16:18:32,064] {dag.py:1832} INFO - Sync 1 DAGs
[2022-04-02 16:18:32,092] {logging_mixin.py:104} INFO - [2022-04-02 16:18:32,092] {dag.py:2305} INFO - Setting next_dagrun for example_nested_branch_dag to 2022-03-31 00:00:00+00:00
[2022-04-02 16:18:32,128] {scheduler_job.py:190} INFO - Processing /home/airflow/sandbox/lib/python3.8/site-packages/airflow/example_dags/example_nested_branch_dag.py took 0.124 seconds
[2022-04-02 16:19:10,760] {scheduler_job.py:182} INFO - Started process (PID=3477) to work on /home/airflow/sandbox/lib/python3.8/site-packages/airflow/example_dags/example_nested_branch_dag.py
[2022-04-02 16:19:10,763] {scheduler_job.py:633} INFO - Processing file /home/airflow/sandbox/lib/python3.8/site-packages/airflow/example_dags/example_nested_branch_dag.py for tasks to queue
[2022-04-02 16:19:10,765] {logging_mixin.py:104} INFO - [2022-04-02 16:19:10,764] {dagbag.py:487} INFO - Filling up the DagBag from /home/airflow/sandbox/lib/python3.8/site-packages/airflow/example_dags/example_nested_branch_dag.py
[2022-04-02 16:19:10,792] {scheduler_job.py:643} INFO - DAG(s) dict_keys(['example_nested_branch_dag']) retrieved from /home/airflow/sandbox/lib/python3.8/site-packages/airflow/example_dags/example_nested_branch_dag.py
[2022-04-02 16:19:10,827] {logging_mixin.py:104} INFO - [2022-04-02 16:19:10,827] {dag.py:1832} INFO - Sync 1 DAGs
[2022-04-02 16:19:10,852] {logging_mixin.py:104} INFO - [2022-04-02 16:19:10,851] {dag.py:2305} INFO - Setting next_dagrun for example_nested_branch_dag to 2022-03-31 00:00:00+00:00
[2022-04-02 16:19:10,881] {scheduler_job.py:190} INFO - Processing /home/airflow/sandbox/lib/python3.8/site-packages/airflow/example_dags/example_nested_branch_dag.py took 0.126 seconds
[2022-04-02 16:19:52,640] {scheduler_job.py:182} INFO - Started process (PID=3610) to work on /home/airflow/sandbox/lib/python3.8/site-packages/airflow/example_dags/example_nested_branch_dag.py
[2022-04-02 16:19:52,642] {scheduler_job.py:633} INFO - Processing file /home/airflow/sandbox/lib/python3.8/site-packages/airflow/example_dags/example_nested_branch_dag.py for tasks to queue
[2022-04-02 16:19:52,644] {logging_mixin.py:104} INFO - [2022-04-02 16:19:52,644] {dagbag.py:487} INFO - Filling up the DagBag from /home/airflow/sandbox/lib/python3.8/site-packages/airflow/example_dags/example_nested_branch_dag.py
[2022-04-02 16:19:52,694] {scheduler_job.py:643} INFO - DAG(s) dict_keys(['example_nested_branch_dag']) retrieved from /home/airflow/sandbox/lib/python3.8/site-packages/airflow/example_dags/example_nested_branch_dag.py
[2022-04-02 16:19:52,734] {logging_mixin.py:104} INFO - [2022-04-02 16:19:52,733] {dag.py:1832} INFO - Sync 1 DAGs
[2022-04-02 16:19:52,770] {logging_mixin.py:104} INFO - [2022-04-02 16:19:52,770] {dag.py:2305} INFO - Setting next_dagrun for example_nested_branch_dag to 2022-03-31 00:00:00+00:00
[2022-04-02 16:19:52,808] {scheduler_job.py:190} INFO - Processing /home/airflow/sandbox/lib/python3.8/site-packages/airflow/example_dags/example_nested_branch_dag.py took 0.172 seconds
[2022-04-02 16:20:34,060] {scheduler_job.py:182} INFO - Started process (PID=3644) to work on /home/airflow/sandbox/lib/python3.8/site-packages/airflow/example_dags/example_nested_branch_dag.py
[2022-04-02 16:20:34,064] {scheduler_job.py:633} INFO - Processing file /home/airflow/sandbox/lib/python3.8/site-packages/airflow/example_dags/example_nested_branch_dag.py for tasks to queue
[2022-04-02 16:20:34,065] {logging_mixin.py:104} INFO - [2022-04-02 16:20:34,065] {dagbag.py:487} INFO - Filling up the DagBag from /home/airflow/sandbox/lib/python3.8/site-packages/airflow/example_dags/example_nested_branch_dag.py
[2022-04-02 16:20:34,095] {scheduler_job.py:643} INFO - DAG(s) dict_keys(['example_nested_branch_dag']) retrieved from /home/airflow/sandbox/lib/python3.8/site-packages/airflow/example_dags/example_nested_branch_dag.py
[2022-04-02 16:20:34,125] {logging_mixin.py:104} INFO - [2022-04-02 16:20:34,125] {dag.py:1832} INFO - Sync 1 DAGs
[2022-04-02 16:20:34,147] {logging_mixin.py:104} INFO - [2022-04-02 16:20:34,147] {dag.py:2305} INFO - Setting next_dagrun for example_nested_branch_dag to 2022-03-31 00:00:00+00:00
[2022-04-02 16:20:34,173] {scheduler_job.py:190} INFO - Processing /home/airflow/sandbox/lib/python3.8/site-packages/airflow/example_dags/example_nested_branch_dag.py took 0.119 seconds
[2022-04-02 16:21:15,514] {scheduler_job.py:182} INFO - Started process (PID=3678) to work on /home/airflow/sandbox/lib/python3.8/site-packages/airflow/example_dags/example_nested_branch_dag.py
[2022-04-02 16:21:15,516] {scheduler_job.py:633} INFO - Processing file /home/airflow/sandbox/lib/python3.8/site-packages/airflow/example_dags/example_nested_branch_dag.py for tasks to queue
[2022-04-02 16:21:15,518] {logging_mixin.py:104} INFO - [2022-04-02 16:21:15,517] {dagbag.py:487} INFO - Filling up the DagBag from /home/airflow/sandbox/lib/python3.8/site-packages/airflow/example_dags/example_nested_branch_dag.py
[2022-04-02 16:21:15,546] {scheduler_job.py:643} INFO - DAG(s) dict_keys(['example_nested_branch_dag']) retrieved from /home/airflow/sandbox/lib/python3.8/site-packages/airflow/example_dags/example_nested_branch_dag.py
[2022-04-02 16:21:15,579] {logging_mixin.py:104} INFO - [2022-04-02 16:21:15,579] {dag.py:1832} INFO - Sync 1 DAGs
[2022-04-02 16:21:15,601] {logging_mixin.py:104} INFO - [2022-04-02 16:21:15,601] {dag.py:2305} INFO - Setting next_dagrun for example_nested_branch_dag to 2022-03-31 00:00:00+00:00
[2022-04-02 16:21:15,630] {scheduler_job.py:190} INFO - Processing /home/airflow/sandbox/lib/python3.8/site-packages/airflow/example_dags/example_nested_branch_dag.py took 0.122 seconds
[2022-04-02 16:21:55,895] {scheduler_job.py:182} INFO - Started process (PID=3712) to work on /home/airflow/sandbox/lib/python3.8/site-packages/airflow/example_dags/example_nested_branch_dag.py
[2022-04-02 16:21:55,897] {scheduler_job.py:633} INFO - Processing file /home/airflow/sandbox/lib/python3.8/site-packages/airflow/example_dags/example_nested_branch_dag.py for tasks to queue
[2022-04-02 16:21:55,898] {logging_mixin.py:104} INFO - [2022-04-02 16:21:55,897] {dagbag.py:487} INFO - Filling up the DagBag from /home/airflow/sandbox/lib/python3.8/site-packages/airflow/example_dags/example_nested_branch_dag.py
[2022-04-02 16:21:55,927] {scheduler_job.py:643} INFO - DAG(s) dict_keys(['example_nested_branch_dag']) retrieved from /home/airflow/sandbox/lib/python3.8/site-packages/airflow/example_dags/example_nested_branch_dag.py
[2022-04-02 16:21:55,955] {logging_mixin.py:104} INFO - [2022-04-02 16:21:55,955] {dag.py:1832} INFO - Sync 1 DAGs
[2022-04-02 16:21:55,977] {logging_mixin.py:104} INFO - [2022-04-02 16:21:55,977] {dag.py:2305} INFO - Setting next_dagrun for example_nested_branch_dag to 2022-03-31 00:00:00+00:00
[2022-04-02 16:21:56,010] {scheduler_job.py:190} INFO - Processing /home/airflow/sandbox/lib/python3.8/site-packages/airflow/example_dags/example_nested_branch_dag.py took 0.119 seconds
[2022-04-02 16:22:39,232] {scheduler_job.py:182} INFO - Started process (PID=3749) to work on /home/airflow/sandbox/lib/python3.8/site-packages/airflow/example_dags/example_nested_branch_dag.py
[2022-04-02 16:22:39,233] {scheduler_job.py:633} INFO - Processing file /home/airflow/sandbox/lib/python3.8/site-packages/airflow/example_dags/example_nested_branch_dag.py for tasks to queue
[2022-04-02 16:22:39,234] {logging_mixin.py:104} INFO - [2022-04-02 16:22:39,234] {dagbag.py:487} INFO - Filling up the DagBag from /home/airflow/sandbox/lib/python3.8/site-packages/airflow/example_dags/example_nested_branch_dag.py
[2022-04-02 16:22:39,271] {scheduler_job.py:643} INFO - DAG(s) dict_keys(['example_nested_branch_dag']) retrieved from /home/airflow/sandbox/lib/python3.8/site-packages/airflow/example_dags/example_nested_branch_dag.py
[2022-04-02 16:22:39,305] {logging_mixin.py:104} INFO - [2022-04-02 16:22:39,305] {dag.py:1832} INFO - Sync 1 DAGs
[2022-04-02 16:22:39,320] {logging_mixin.py:104} INFO - [2022-04-02 16:22:39,320] {dag.py:2305} INFO - Setting next_dagrun for example_nested_branch_dag to 2022-03-31 00:00:00+00:00
[2022-04-02 16:22:39,352] {scheduler_job.py:190} INFO - Processing /home/airflow/sandbox/lib/python3.8/site-packages/airflow/example_dags/example_nested_branch_dag.py took 0.125 seconds
[2022-04-02 16:23:16,338] {scheduler_job.py:182} INFO - Started process (PID=3822) to work on /home/airflow/sandbox/lib/python3.8/site-packages/airflow/example_dags/example_nested_branch_dag.py
[2022-04-02 16:23:16,339] {scheduler_job.py:633} INFO - Processing file /home/airflow/sandbox/lib/python3.8/site-packages/airflow/example_dags/example_nested_branch_dag.py for tasks to queue
[2022-04-02 16:23:16,340] {logging_mixin.py:104} INFO - [2022-04-02 16:23:16,340] {dagbag.py:487} INFO - Filling up the DagBag from /home/airflow/sandbox/lib/python3.8/site-packages/airflow/example_dags/example_nested_branch_dag.py
[2022-04-02 16:23:16,360] {scheduler_job.py:643} INFO - DAG(s) dict_keys(['example_nested_branch_dag']) retrieved from /home/airflow/sandbox/lib/python3.8/site-packages/airflow/example_dags/example_nested_branch_dag.py
[2022-04-02 16:23:16,372] {logging_mixin.py:104} INFO - [2022-04-02 16:23:16,372] {dag.py:1832} INFO - Sync 1 DAGs
[2022-04-02 16:23:16,391] {logging_mixin.py:104} INFO - [2022-04-02 16:23:16,391] {dag.py:2305} INFO - Setting next_dagrun for example_nested_branch_dag to 2022-03-31 00:00:00+00:00
[2022-04-02 16:23:16,429] {scheduler_job.py:190} INFO - Processing /home/airflow/sandbox/lib/python3.8/site-packages/airflow/example_dags/example_nested_branch_dag.py took 0.096 seconds
[2022-04-02 16:23:54,476] {scheduler_job.py:182} INFO - Started process (PID=3855) to work on /home/airflow/sandbox/lib/python3.8/site-packages/airflow/example_dags/example_nested_branch_dag.py
[2022-04-02 16:23:54,478] {scheduler_job.py:633} INFO - Processing file /home/airflow/sandbox/lib/python3.8/site-packages/airflow/example_dags/example_nested_branch_dag.py for tasks to queue
[2022-04-02 16:23:54,479] {logging_mixin.py:104} INFO - [2022-04-02 16:23:54,479] {dagbag.py:487} INFO - Filling up the DagBag from /home/airflow/sandbox/lib/python3.8/site-packages/airflow/example_dags/example_nested_branch_dag.py
[2022-04-02 16:23:54,503] {scheduler_job.py:643} INFO - DAG(s) dict_keys(['example_nested_branch_dag']) retrieved from /home/airflow/sandbox/lib/python3.8/site-packages/airflow/example_dags/example_nested_branch_dag.py
[2022-04-02 16:23:54,536] {logging_mixin.py:104} INFO - [2022-04-02 16:23:54,535] {dag.py:1832} INFO - Sync 1 DAGs
[2022-04-02 16:23:54,563] {logging_mixin.py:104} INFO - [2022-04-02 16:23:54,563] {dag.py:2305} INFO - Setting next_dagrun for example_nested_branch_dag to 2022-03-31 00:00:00+00:00
[2022-04-02 16:23:54,591] {scheduler_job.py:190} INFO - Processing /home/airflow/sandbox/lib/python3.8/site-packages/airflow/example_dags/example_nested_branch_dag.py took 0.121 seconds
[2022-04-02 16:24:34,314] {scheduler_job.py:182} INFO - Started process (PID=3887) to work on /home/airflow/sandbox/lib/python3.8/site-packages/airflow/example_dags/example_nested_branch_dag.py
[2022-04-02 16:24:34,316] {scheduler_job.py:633} INFO - Processing file /home/airflow/sandbox/lib/python3.8/site-packages/airflow/example_dags/example_nested_branch_dag.py for tasks to queue
[2022-04-02 16:24:34,317] {logging_mixin.py:104} INFO - [2022-04-02 16:24:34,317] {dagbag.py:487} INFO - Filling up the DagBag from /home/airflow/sandbox/lib/python3.8/site-packages/airflow/example_dags/example_nested_branch_dag.py
[2022-04-02 16:24:34,342] {scheduler_job.py:643} INFO - DAG(s) dict_keys(['example_nested_branch_dag']) retrieved from /home/airflow/sandbox/lib/python3.8/site-packages/airflow/example_dags/example_nested_branch_dag.py
[2022-04-02 16:24:34,367] {logging_mixin.py:104} INFO - [2022-04-02 16:24:34,366] {dag.py:1832} INFO - Sync 1 DAGs
[2022-04-02 16:24:34,382] {logging_mixin.py:104} INFO - [2022-04-02 16:24:34,382] {dag.py:2305} INFO - Setting next_dagrun for example_nested_branch_dag to 2022-03-31 00:00:00+00:00
[2022-04-02 16:24:34,407] {scheduler_job.py:190} INFO - Processing /home/airflow/sandbox/lib/python3.8/site-packages/airflow/example_dags/example_nested_branch_dag.py took 0.102 seconds
[2022-04-02 16:25:16,575] {scheduler_job.py:182} INFO - Started process (PID=3922) to work on /home/airflow/sandbox/lib/python3.8/site-packages/airflow/example_dags/example_nested_branch_dag.py
[2022-04-02 16:25:16,577] {scheduler_job.py:633} INFO - Processing file /home/airflow/sandbox/lib/python3.8/site-packages/airflow/example_dags/example_nested_branch_dag.py for tasks to queue
[2022-04-02 16:25:16,578] {logging_mixin.py:104} INFO - [2022-04-02 16:25:16,578] {dagbag.py:487} INFO - Filling up the DagBag from /home/airflow/sandbox/lib/python3.8/site-packages/airflow/example_dags/example_nested_branch_dag.py
[2022-04-02 16:25:16,606] {scheduler_job.py:643} INFO - DAG(s) dict_keys(['example_nested_branch_dag']) retrieved from /home/airflow/sandbox/lib/python3.8/site-packages/airflow/example_dags/example_nested_branch_dag.py
[2022-04-02 16:25:16,639] {logging_mixin.py:104} INFO - [2022-04-02 16:25:16,639] {dag.py:1832} INFO - Sync 1 DAGs
[2022-04-02 16:25:16,655] {logging_mixin.py:104} INFO - [2022-04-02 16:25:16,655] {dag.py:2305} INFO - Setting next_dagrun for example_nested_branch_dag to 2022-03-31 00:00:00+00:00
[2022-04-02 16:25:16,678] {scheduler_job.py:190} INFO - Processing /home/airflow/sandbox/lib/python3.8/site-packages/airflow/example_dags/example_nested_branch_dag.py took 0.106 seconds
[2022-04-02 16:26:04,064] {scheduler_job.py:182} INFO - Started process (PID=3960) to work on /home/airflow/sandbox/lib/python3.8/site-packages/airflow/example_dags/example_nested_branch_dag.py
[2022-04-02 16:26:04,066] {scheduler_job.py:633} INFO - Processing file /home/airflow/sandbox/lib/python3.8/site-packages/airflow/example_dags/example_nested_branch_dag.py for tasks to queue
[2022-04-02 16:26:04,068] {logging_mixin.py:104} INFO - [2022-04-02 16:26:04,068] {dagbag.py:487} INFO - Filling up the DagBag from /home/airflow/sandbox/lib/python3.8/site-packages/airflow/example_dags/example_nested_branch_dag.py
[2022-04-02 16:26:04,094] {scheduler_job.py:643} INFO - DAG(s) dict_keys(['example_nested_branch_dag']) retrieved from /home/airflow/sandbox/lib/python3.8/site-packages/airflow/example_dags/example_nested_branch_dag.py
[2022-04-02 16:26:04,127] {logging_mixin.py:104} INFO - [2022-04-02 16:26:04,127] {dag.py:1832} INFO - Sync 1 DAGs
[2022-04-02 16:26:04,154] {logging_mixin.py:104} INFO - [2022-04-02 16:26:04,153] {dag.py:2305} INFO - Setting next_dagrun for example_nested_branch_dag to 2022-03-31 00:00:00+00:00
[2022-04-02 16:26:04,183] {scheduler_job.py:190} INFO - Processing /home/airflow/sandbox/lib/python3.8/site-packages/airflow/example_dags/example_nested_branch_dag.py took 0.127 seconds
[2022-04-02 16:26:49,085] {scheduler_job.py:182} INFO - Started process (PID=3998) to work on /home/airflow/sandbox/lib/python3.8/site-packages/airflow/example_dags/example_nested_branch_dag.py
[2022-04-02 16:26:49,088] {scheduler_job.py:633} INFO - Processing file /home/airflow/sandbox/lib/python3.8/site-packages/airflow/example_dags/example_nested_branch_dag.py for tasks to queue
[2022-04-02 16:26:49,089] {logging_mixin.py:104} INFO - [2022-04-02 16:26:49,089] {dagbag.py:487} INFO - Filling up the DagBag from /home/airflow/sandbox/lib/python3.8/site-packages/airflow/example_dags/example_nested_branch_dag.py
[2022-04-02 16:26:49,116] {scheduler_job.py:643} INFO - DAG(s) dict_keys(['example_nested_branch_dag']) retrieved from /home/airflow/sandbox/lib/python3.8/site-packages/airflow/example_dags/example_nested_branch_dag.py
[2022-04-02 16:26:49,127] {logging_mixin.py:104} INFO - [2022-04-02 16:26:49,127] {dag.py:1832} INFO - Sync 1 DAGs
[2022-04-02 16:26:49,138] {logging_mixin.py:104} INFO - [2022-04-02 16:26:49,138] {dag.py:2305} INFO - Setting next_dagrun for example_nested_branch_dag to 2022-03-31 00:00:00+00:00
[2022-04-02 16:26:49,159] {scheduler_job.py:190} INFO - Processing /home/airflow/sandbox/lib/python3.8/site-packages/airflow/example_dags/example_nested_branch_dag.py took 0.079 seconds
