[2022-04-02 16:13:18,452] {scheduler_job.py:182} INFO - Started process (PID=2693) to work on /home/airflow/sandbox/lib/python3.8/site-packages/airflow/example_dags/example_external_task_marker_dag.py
[2022-04-02 16:13:18,454] {scheduler_job.py:633} INFO - Processing file /home/airflow/sandbox/lib/python3.8/site-packages/airflow/example_dags/example_external_task_marker_dag.py for tasks to queue
[2022-04-02 16:13:18,455] {logging_mixin.py:104} INFO - [2022-04-02 16:13:18,455] {dagbag.py:487} INFO - Filling up the DagBag from /home/airflow/sandbox/lib/python3.8/site-packages/airflow/example_dags/example_external_task_marker_dag.py
[2022-04-02 16:13:18,469] {scheduler_job.py:643} INFO - DAG(s) dict_keys(['example_external_task_marker_parent', 'example_external_task_marker_child']) retrieved from /home/airflow/sandbox/lib/python3.8/site-packages/airflow/example_dags/example_external_task_marker_dag.py
[2022-04-02 16:13:18,484] {logging_mixin.py:104} INFO - [2022-04-02 16:13:18,484] {dag.py:1832} INFO - Sync 2 DAGs
[2022-04-02 16:13:18,497] {logging_mixin.py:104} INFO - [2022-04-02 16:13:18,497] {dag.py:2305} INFO - Setting next_dagrun for example_external_task_marker_child to None
[2022-04-02 16:13:18,499] {logging_mixin.py:104} INFO - [2022-04-02 16:13:18,499] {dag.py:2305} INFO - Setting next_dagrun for example_external_task_marker_parent to None
[2022-04-02 16:13:18,531] {scheduler_job.py:190} INFO - Processing /home/airflow/sandbox/lib/python3.8/site-packages/airflow/example_dags/example_external_task_marker_dag.py took 0.082 seconds
[2022-04-02 16:14:32,366] {scheduler_job.py:182} INFO - Started process (PID=3175) to work on /home/airflow/sandbox/lib/python3.8/site-packages/airflow/example_dags/example_external_task_marker_dag.py
[2022-04-02 16:14:32,367] {scheduler_job.py:633} INFO - Processing file /home/airflow/sandbox/lib/python3.8/site-packages/airflow/example_dags/example_external_task_marker_dag.py for tasks to queue
[2022-04-02 16:14:32,367] {logging_mixin.py:104} INFO - [2022-04-02 16:14:32,367] {dagbag.py:487} INFO - Filling up the DagBag from /home/airflow/sandbox/lib/python3.8/site-packages/airflow/example_dags/example_external_task_marker_dag.py
[2022-04-02 16:14:32,386] {scheduler_job.py:643} INFO - DAG(s) dict_keys(['example_external_task_marker_parent', 'example_external_task_marker_child']) retrieved from /home/airflow/sandbox/lib/python3.8/site-packages/airflow/example_dags/example_external_task_marker_dag.py
[2022-04-02 16:14:32,829] {logging_mixin.py:104} INFO - [2022-04-02 16:14:32,829] {dag.py:1832} INFO - Sync 2 DAGs
[2022-04-02 16:14:32,845] {logging_mixin.py:104} INFO - [2022-04-02 16:14:32,845] {dag.py:2305} INFO - Setting next_dagrun for example_external_task_marker_child to None
[2022-04-02 16:14:32,846] {logging_mixin.py:104} INFO - [2022-04-02 16:14:32,846] {dag.py:2305} INFO - Setting next_dagrun for example_external_task_marker_parent to None
[2022-04-02 16:14:32,880] {scheduler_job.py:190} INFO - Processing /home/airflow/sandbox/lib/python3.8/site-packages/airflow/example_dags/example_external_task_marker_dag.py took 0.519 seconds
[2022-04-02 16:15:07,509] {scheduler_job.py:182} INFO - Started process (PID=3203) to work on /home/airflow/sandbox/lib/python3.8/site-packages/airflow/example_dags/example_external_task_marker_dag.py
[2022-04-02 16:15:07,512] {scheduler_job.py:633} INFO - Processing file /home/airflow/sandbox/lib/python3.8/site-packages/airflow/example_dags/example_external_task_marker_dag.py for tasks to queue
[2022-04-02 16:15:07,514] {logging_mixin.py:104} INFO - [2022-04-02 16:15:07,514] {dagbag.py:487} INFO - Filling up the DagBag from /home/airflow/sandbox/lib/python3.8/site-packages/airflow/example_dags/example_external_task_marker_dag.py
[2022-04-02 16:15:07,532] {scheduler_job.py:643} INFO - DAG(s) dict_keys(['example_external_task_marker_parent', 'example_external_task_marker_child']) retrieved from /home/airflow/sandbox/lib/python3.8/site-packages/airflow/example_dags/example_external_task_marker_dag.py
[2022-04-02 16:15:07,972] {logging_mixin.py:104} INFO - [2022-04-02 16:15:07,972] {dag.py:1832} INFO - Sync 2 DAGs
[2022-04-02 16:15:07,988] {logging_mixin.py:104} INFO - [2022-04-02 16:15:07,988] {dag.py:2305} INFO - Setting next_dagrun for example_external_task_marker_child to None
[2022-04-02 16:15:07,989] {logging_mixin.py:104} INFO - [2022-04-02 16:15:07,989] {dag.py:2305} INFO - Setting next_dagrun for example_external_task_marker_parent to None
[2022-04-02 16:15:08,010] {scheduler_job.py:190} INFO - Processing /home/airflow/sandbox/lib/python3.8/site-packages/airflow/example_dags/example_external_task_marker_dag.py took 0.508 seconds
[2022-04-02 16:15:45,929] {scheduler_job.py:182} INFO - Started process (PID=3235) to work on /home/airflow/sandbox/lib/python3.8/site-packages/airflow/example_dags/example_external_task_marker_dag.py
[2022-04-02 16:15:45,931] {scheduler_job.py:633} INFO - Processing file /home/airflow/sandbox/lib/python3.8/site-packages/airflow/example_dags/example_external_task_marker_dag.py for tasks to queue
[2022-04-02 16:15:45,932] {logging_mixin.py:104} INFO - [2022-04-02 16:15:45,932] {dagbag.py:487} INFO - Filling up the DagBag from /home/airflow/sandbox/lib/python3.8/site-packages/airflow/example_dags/example_external_task_marker_dag.py
[2022-04-02 16:15:45,951] {scheduler_job.py:643} INFO - DAG(s) dict_keys(['example_external_task_marker_parent', 'example_external_task_marker_child']) retrieved from /home/airflow/sandbox/lib/python3.8/site-packages/airflow/example_dags/example_external_task_marker_dag.py
[2022-04-02 16:15:46,383] {logging_mixin.py:104} INFO - [2022-04-02 16:15:46,383] {dag.py:1832} INFO - Sync 2 DAGs
[2022-04-02 16:15:46,389] {logging_mixin.py:104} INFO - [2022-04-02 16:15:46,389] {dag.py:2305} INFO - Setting next_dagrun for example_external_task_marker_child to None
[2022-04-02 16:15:46,390] {logging_mixin.py:104} INFO - [2022-04-02 16:15:46,390] {dag.py:2305} INFO - Setting next_dagrun for example_external_task_marker_parent to None
[2022-04-02 16:15:46,415] {scheduler_job.py:190} INFO - Processing /home/airflow/sandbox/lib/python3.8/site-packages/airflow/example_dags/example_external_task_marker_dag.py took 0.493 seconds
[2022-04-02 16:16:22,361] {scheduler_job.py:182} INFO - Started process (PID=3265) to work on /home/airflow/sandbox/lib/python3.8/site-packages/airflow/example_dags/example_external_task_marker_dag.py
[2022-04-02 16:16:22,363] {scheduler_job.py:633} INFO - Processing file /home/airflow/sandbox/lib/python3.8/site-packages/airflow/example_dags/example_external_task_marker_dag.py for tasks to queue
[2022-04-02 16:16:22,364] {logging_mixin.py:104} INFO - [2022-04-02 16:16:22,364] {dagbag.py:487} INFO - Filling up the DagBag from /home/airflow/sandbox/lib/python3.8/site-packages/airflow/example_dags/example_external_task_marker_dag.py
[2022-04-02 16:16:22,386] {scheduler_job.py:643} INFO - DAG(s) dict_keys(['example_external_task_marker_parent', 'example_external_task_marker_child']) retrieved from /home/airflow/sandbox/lib/python3.8/site-packages/airflow/example_dags/example_external_task_marker_dag.py
[2022-04-02 16:16:22,814] {logging_mixin.py:104} INFO - [2022-04-02 16:16:22,814] {dag.py:1832} INFO - Sync 2 DAGs
[2022-04-02 16:16:22,842] {logging_mixin.py:104} INFO - [2022-04-02 16:16:22,841] {dag.py:2305} INFO - Setting next_dagrun for example_external_task_marker_child to None
[2022-04-02 16:16:22,843] {logging_mixin.py:104} INFO - [2022-04-02 16:16:22,843] {dag.py:2305} INFO - Setting next_dagrun for example_external_task_marker_parent to None
[2022-04-02 16:16:22,882] {scheduler_job.py:190} INFO - Processing /home/airflow/sandbox/lib/python3.8/site-packages/airflow/example_dags/example_external_task_marker_dag.py took 0.529 seconds
[2022-04-02 16:16:58,560] {scheduler_job.py:182} INFO - Started process (PID=3296) to work on /home/airflow/sandbox/lib/python3.8/site-packages/airflow/example_dags/example_external_task_marker_dag.py
[2022-04-02 16:16:58,563] {scheduler_job.py:633} INFO - Processing file /home/airflow/sandbox/lib/python3.8/site-packages/airflow/example_dags/example_external_task_marker_dag.py for tasks to queue
[2022-04-02 16:16:58,565] {logging_mixin.py:104} INFO - [2022-04-02 16:16:58,564] {dagbag.py:487} INFO - Filling up the DagBag from /home/airflow/sandbox/lib/python3.8/site-packages/airflow/example_dags/example_external_task_marker_dag.py
[2022-04-02 16:16:58,589] {scheduler_job.py:643} INFO - DAG(s) dict_keys(['example_external_task_marker_parent', 'example_external_task_marker_child']) retrieved from /home/airflow/sandbox/lib/python3.8/site-packages/airflow/example_dags/example_external_task_marker_dag.py
[2022-04-02 16:16:59,051] {logging_mixin.py:104} INFO - [2022-04-02 16:16:59,051] {dag.py:1832} INFO - Sync 2 DAGs
[2022-04-02 16:16:59,059] {logging_mixin.py:104} INFO - [2022-04-02 16:16:59,058] {dag.py:2305} INFO - Setting next_dagrun for example_external_task_marker_child to None
[2022-04-02 16:16:59,059] {logging_mixin.py:104} INFO - [2022-04-02 16:16:59,059] {dag.py:2305} INFO - Setting next_dagrun for example_external_task_marker_parent to None
[2022-04-02 16:16:59,081] {scheduler_job.py:190} INFO - Processing /home/airflow/sandbox/lib/python3.8/site-packages/airflow/example_dags/example_external_task_marker_dag.py took 0.528 seconds
[2022-04-02 16:17:37,652] {scheduler_job.py:182} INFO - Started process (PID=3340) to work on /home/airflow/sandbox/lib/python3.8/site-packages/airflow/example_dags/example_external_task_marker_dag.py
[2022-04-02 16:17:37,654] {scheduler_job.py:633} INFO - Processing file /home/airflow/sandbox/lib/python3.8/site-packages/airflow/example_dags/example_external_task_marker_dag.py for tasks to queue
[2022-04-02 16:17:37,656] {logging_mixin.py:104} INFO - [2022-04-02 16:17:37,655] {dagbag.py:487} INFO - Filling up the DagBag from /home/airflow/sandbox/lib/python3.8/site-packages/airflow/example_dags/example_external_task_marker_dag.py
[2022-04-02 16:17:37,673] {scheduler_job.py:643} INFO - DAG(s) dict_keys(['example_external_task_marker_parent', 'example_external_task_marker_child']) retrieved from /home/airflow/sandbox/lib/python3.8/site-packages/airflow/example_dags/example_external_task_marker_dag.py
[2022-04-02 16:17:38,090] {logging_mixin.py:104} INFO - [2022-04-02 16:17:38,090] {dag.py:1832} INFO - Sync 2 DAGs
[2022-04-02 16:17:38,108] {logging_mixin.py:104} INFO - [2022-04-02 16:17:38,107] {dag.py:2305} INFO - Setting next_dagrun for example_external_task_marker_child to None
[2022-04-02 16:17:38,109] {logging_mixin.py:104} INFO - [2022-04-02 16:17:38,109] {dag.py:2305} INFO - Setting next_dagrun for example_external_task_marker_parent to None
[2022-04-02 16:17:38,139] {scheduler_job.py:190} INFO - Processing /home/airflow/sandbox/lib/python3.8/site-packages/airflow/example_dags/example_external_task_marker_dag.py took 0.494 seconds
[2022-04-02 16:18:17,241] {scheduler_job.py:182} INFO - Started process (PID=3433) to work on /home/airflow/sandbox/lib/python3.8/site-packages/airflow/example_dags/example_external_task_marker_dag.py
[2022-04-02 16:18:17,243] {scheduler_job.py:633} INFO - Processing file /home/airflow/sandbox/lib/python3.8/site-packages/airflow/example_dags/example_external_task_marker_dag.py for tasks to queue
[2022-04-02 16:18:17,245] {logging_mixin.py:104} INFO - [2022-04-02 16:18:17,245] {dagbag.py:487} INFO - Filling up the DagBag from /home/airflow/sandbox/lib/python3.8/site-packages/airflow/example_dags/example_external_task_marker_dag.py
[2022-04-02 16:18:17,266] {scheduler_job.py:643} INFO - DAG(s) dict_keys(['example_external_task_marker_parent', 'example_external_task_marker_child']) retrieved from /home/airflow/sandbox/lib/python3.8/site-packages/airflow/example_dags/example_external_task_marker_dag.py
[2022-04-02 16:18:17,704] {logging_mixin.py:104} INFO - [2022-04-02 16:18:17,704] {dag.py:1832} INFO - Sync 2 DAGs
[2022-04-02 16:18:17,721] {logging_mixin.py:104} INFO - [2022-04-02 16:18:17,721] {dag.py:2305} INFO - Setting next_dagrun for example_external_task_marker_child to None
[2022-04-02 16:18:17,723] {logging_mixin.py:104} INFO - [2022-04-02 16:18:17,723] {dag.py:2305} INFO - Setting next_dagrun for example_external_task_marker_parent to None
[2022-04-02 16:18:17,763] {scheduler_job.py:190} INFO - Processing /home/airflow/sandbox/lib/python3.8/site-packages/airflow/example_dags/example_external_task_marker_dag.py took 0.527 seconds
[2022-04-02 16:18:54,486] {scheduler_job.py:182} INFO - Started process (PID=3464) to work on /home/airflow/sandbox/lib/python3.8/site-packages/airflow/example_dags/example_external_task_marker_dag.py
[2022-04-02 16:18:54,489] {scheduler_job.py:633} INFO - Processing file /home/airflow/sandbox/lib/python3.8/site-packages/airflow/example_dags/example_external_task_marker_dag.py for tasks to queue
[2022-04-02 16:18:54,490] {logging_mixin.py:104} INFO - [2022-04-02 16:18:54,490] {dagbag.py:487} INFO - Filling up the DagBag from /home/airflow/sandbox/lib/python3.8/site-packages/airflow/example_dags/example_external_task_marker_dag.py
[2022-04-02 16:18:54,514] {scheduler_job.py:643} INFO - DAG(s) dict_keys(['example_external_task_marker_parent', 'example_external_task_marker_child']) retrieved from /home/airflow/sandbox/lib/python3.8/site-packages/airflow/example_dags/example_external_task_marker_dag.py
[2022-04-02 16:18:54,547] {logging_mixin.py:104} INFO - [2022-04-02 16:18:54,547] {dag.py:1832} INFO - Sync 2 DAGs
[2022-04-02 16:18:54,570] {logging_mixin.py:104} INFO - [2022-04-02 16:18:54,569] {dag.py:2305} INFO - Setting next_dagrun for example_external_task_marker_child to None
[2022-04-02 16:18:54,571] {logging_mixin.py:104} INFO - [2022-04-02 16:18:54,571] {dag.py:2305} INFO - Setting next_dagrun for example_external_task_marker_parent to None
[2022-04-02 16:18:54,593] {scheduler_job.py:190} INFO - Processing /home/airflow/sandbox/lib/python3.8/site-packages/airflow/example_dags/example_external_task_marker_dag.py took 0.114 seconds
[2022-04-02 16:19:31,535] {scheduler_job.py:182} INFO - Started process (PID=3495) to work on /home/airflow/sandbox/lib/python3.8/site-packages/airflow/example_dags/example_external_task_marker_dag.py
[2022-04-02 16:19:31,536] {scheduler_job.py:633} INFO - Processing file /home/airflow/sandbox/lib/python3.8/site-packages/airflow/example_dags/example_external_task_marker_dag.py for tasks to queue
[2022-04-02 16:19:31,536] {logging_mixin.py:104} INFO - [2022-04-02 16:19:31,536] {dagbag.py:487} INFO - Filling up the DagBag from /home/airflow/sandbox/lib/python3.8/site-packages/airflow/example_dags/example_external_task_marker_dag.py
[2022-04-02 16:19:31,551] {scheduler_job.py:643} INFO - DAG(s) dict_keys(['example_external_task_marker_parent', 'example_external_task_marker_child']) retrieved from /home/airflow/sandbox/lib/python3.8/site-packages/airflow/example_dags/example_external_task_marker_dag.py
[2022-04-02 16:19:31,887] {logging_mixin.py:104} INFO - [2022-04-02 16:19:31,887] {dag.py:1832} INFO - Sync 2 DAGs
[2022-04-02 16:19:31,900] {logging_mixin.py:104} INFO - [2022-04-02 16:19:31,900] {dag.py:2305} INFO - Setting next_dagrun for example_external_task_marker_child to None
[2022-04-02 16:19:31,901] {logging_mixin.py:104} INFO - [2022-04-02 16:19:31,901] {dag.py:2305} INFO - Setting next_dagrun for example_external_task_marker_parent to None
[2022-04-02 16:19:31,923] {scheduler_job.py:190} INFO - Processing /home/airflow/sandbox/lib/python3.8/site-packages/airflow/example_dags/example_external_task_marker_dag.py took 0.392 seconds
[2022-04-02 16:20:05,783] {scheduler_job.py:182} INFO - Started process (PID=3621) to work on /home/airflow/sandbox/lib/python3.8/site-packages/airflow/example_dags/example_external_task_marker_dag.py
[2022-04-02 16:20:05,784] {scheduler_job.py:633} INFO - Processing file /home/airflow/sandbox/lib/python3.8/site-packages/airflow/example_dags/example_external_task_marker_dag.py for tasks to queue
[2022-04-02 16:20:05,785] {logging_mixin.py:104} INFO - [2022-04-02 16:20:05,785] {dagbag.py:487} INFO - Filling up the DagBag from /home/airflow/sandbox/lib/python3.8/site-packages/airflow/example_dags/example_external_task_marker_dag.py
[2022-04-02 16:20:05,801] {scheduler_job.py:643} INFO - DAG(s) dict_keys(['example_external_task_marker_parent', 'example_external_task_marker_child']) retrieved from /home/airflow/sandbox/lib/python3.8/site-packages/airflow/example_dags/example_external_task_marker_dag.py
[2022-04-02 16:20:06,221] {logging_mixin.py:104} INFO - [2022-04-02 16:20:06,221] {dag.py:1832} INFO - Sync 2 DAGs
[2022-04-02 16:20:06,237] {logging_mixin.py:104} INFO - [2022-04-02 16:20:06,237] {dag.py:2305} INFO - Setting next_dagrun for example_external_task_marker_child to None
[2022-04-02 16:20:06,239] {logging_mixin.py:104} INFO - [2022-04-02 16:20:06,239] {dag.py:2305} INFO - Setting next_dagrun for example_external_task_marker_parent to None
[2022-04-02 16:20:06,272] {scheduler_job.py:190} INFO - Processing /home/airflow/sandbox/lib/python3.8/site-packages/airflow/example_dags/example_external_task_marker_dag.py took 0.493 seconds
[2022-04-02 16:20:37,742] {scheduler_job.py:182} INFO - Started process (PID=3647) to work on /home/airflow/sandbox/lib/python3.8/site-packages/airflow/example_dags/example_external_task_marker_dag.py
[2022-04-02 16:20:37,744] {scheduler_job.py:633} INFO - Processing file /home/airflow/sandbox/lib/python3.8/site-packages/airflow/example_dags/example_external_task_marker_dag.py for tasks to queue
[2022-04-02 16:20:37,745] {logging_mixin.py:104} INFO - [2022-04-02 16:20:37,745] {dagbag.py:487} INFO - Filling up the DagBag from /home/airflow/sandbox/lib/python3.8/site-packages/airflow/example_dags/example_external_task_marker_dag.py
[2022-04-02 16:20:37,770] {scheduler_job.py:643} INFO - DAG(s) dict_keys(['example_external_task_marker_parent', 'example_external_task_marker_child']) retrieved from /home/airflow/sandbox/lib/python3.8/site-packages/airflow/example_dags/example_external_task_marker_dag.py
[2022-04-02 16:20:38,199] {logging_mixin.py:104} INFO - [2022-04-02 16:20:38,199] {dag.py:1832} INFO - Sync 2 DAGs
[2022-04-02 16:20:38,207] {logging_mixin.py:104} INFO - [2022-04-02 16:20:38,207] {dag.py:2305} INFO - Setting next_dagrun for example_external_task_marker_child to None
[2022-04-02 16:20:38,207] {logging_mixin.py:104} INFO - [2022-04-02 16:20:38,207] {dag.py:2305} INFO - Setting next_dagrun for example_external_task_marker_parent to None
[2022-04-02 16:20:38,240] {scheduler_job.py:190} INFO - Processing /home/airflow/sandbox/lib/python3.8/site-packages/airflow/example_dags/example_external_task_marker_dag.py took 0.504 seconds
[2022-04-02 16:21:10,214] {scheduler_job.py:182} INFO - Started process (PID=3674) to work on /home/airflow/sandbox/lib/python3.8/site-packages/airflow/example_dags/example_external_task_marker_dag.py
[2022-04-02 16:21:10,216] {scheduler_job.py:633} INFO - Processing file /home/airflow/sandbox/lib/python3.8/site-packages/airflow/example_dags/example_external_task_marker_dag.py for tasks to queue
[2022-04-02 16:21:10,217] {logging_mixin.py:104} INFO - [2022-04-02 16:21:10,217] {dagbag.py:487} INFO - Filling up the DagBag from /home/airflow/sandbox/lib/python3.8/site-packages/airflow/example_dags/example_external_task_marker_dag.py
[2022-04-02 16:21:10,239] {scheduler_job.py:643} INFO - DAG(s) dict_keys(['example_external_task_marker_parent', 'example_external_task_marker_child']) retrieved from /home/airflow/sandbox/lib/python3.8/site-packages/airflow/example_dags/example_external_task_marker_dag.py
[2022-04-02 16:21:10,637] {logging_mixin.py:104} INFO - [2022-04-02 16:21:10,636] {dag.py:1832} INFO - Sync 2 DAGs
[2022-04-02 16:21:10,652] {logging_mixin.py:104} INFO - [2022-04-02 16:21:10,652] {dag.py:2305} INFO - Setting next_dagrun for example_external_task_marker_child to None
[2022-04-02 16:21:10,653] {logging_mixin.py:104} INFO - [2022-04-02 16:21:10,653] {dag.py:2305} INFO - Setting next_dagrun for example_external_task_marker_parent to None
[2022-04-02 16:21:10,690] {scheduler_job.py:190} INFO - Processing /home/airflow/sandbox/lib/python3.8/site-packages/airflow/example_dags/example_external_task_marker_dag.py took 0.481 seconds
[2022-04-02 16:21:41,919] {scheduler_job.py:182} INFO - Started process (PID=3701) to work on /home/airflow/sandbox/lib/python3.8/site-packages/airflow/example_dags/example_external_task_marker_dag.py
[2022-04-02 16:21:41,922] {scheduler_job.py:633} INFO - Processing file /home/airflow/sandbox/lib/python3.8/site-packages/airflow/example_dags/example_external_task_marker_dag.py for tasks to queue
[2022-04-02 16:21:41,922] {logging_mixin.py:104} INFO - [2022-04-02 16:21:41,922] {dagbag.py:487} INFO - Filling up the DagBag from /home/airflow/sandbox/lib/python3.8/site-packages/airflow/example_dags/example_external_task_marker_dag.py
[2022-04-02 16:21:41,939] {scheduler_job.py:643} INFO - DAG(s) dict_keys(['example_external_task_marker_parent', 'example_external_task_marker_child']) retrieved from /home/airflow/sandbox/lib/python3.8/site-packages/airflow/example_dags/example_external_task_marker_dag.py
[2022-04-02 16:21:42,432] {logging_mixin.py:104} INFO - [2022-04-02 16:21:42,432] {dag.py:1832} INFO - Sync 2 DAGs
[2022-04-02 16:21:42,444] {logging_mixin.py:104} INFO - [2022-04-02 16:21:42,444] {dag.py:2305} INFO - Setting next_dagrun for example_external_task_marker_child to None
[2022-04-02 16:21:42,445] {logging_mixin.py:104} INFO - [2022-04-02 16:21:42,445] {dag.py:2305} INFO - Setting next_dagrun for example_external_task_marker_parent to None
[2022-04-02 16:21:42,481] {scheduler_job.py:190} INFO - Processing /home/airflow/sandbox/lib/python3.8/site-packages/airflow/example_dags/example_external_task_marker_dag.py took 0.565 seconds
[2022-04-02 16:22:15,189] {scheduler_job.py:182} INFO - Started process (PID=3730) to work on /home/airflow/sandbox/lib/python3.8/site-packages/airflow/example_dags/example_external_task_marker_dag.py
[2022-04-02 16:22:15,189] {scheduler_job.py:633} INFO - Processing file /home/airflow/sandbox/lib/python3.8/site-packages/airflow/example_dags/example_external_task_marker_dag.py for tasks to queue
[2022-04-02 16:22:15,190] {logging_mixin.py:104} INFO - [2022-04-02 16:22:15,190] {dagbag.py:487} INFO - Filling up the DagBag from /home/airflow/sandbox/lib/python3.8/site-packages/airflow/example_dags/example_external_task_marker_dag.py
[2022-04-02 16:22:15,200] {scheduler_job.py:643} INFO - DAG(s) dict_keys(['example_external_task_marker_parent', 'example_external_task_marker_child']) retrieved from /home/airflow/sandbox/lib/python3.8/site-packages/airflow/example_dags/example_external_task_marker_dag.py
[2022-04-02 16:22:15,608] {logging_mixin.py:104} INFO - [2022-04-02 16:22:15,608] {dag.py:1832} INFO - Sync 2 DAGs
[2022-04-02 16:22:15,627] {logging_mixin.py:104} INFO - [2022-04-02 16:22:15,627] {dag.py:2305} INFO - Setting next_dagrun for example_external_task_marker_child to None
[2022-04-02 16:22:15,629] {logging_mixin.py:104} INFO - [2022-04-02 16:22:15,628] {dag.py:2305} INFO - Setting next_dagrun for example_external_task_marker_parent to None
[2022-04-02 16:22:15,653] {scheduler_job.py:190} INFO - Processing /home/airflow/sandbox/lib/python3.8/site-packages/airflow/example_dags/example_external_task_marker_dag.py took 0.467 seconds
[2022-04-02 16:22:53,299] {scheduler_job.py:182} INFO - Started process (PID=3760) to work on /home/airflow/sandbox/lib/python3.8/site-packages/airflow/example_dags/example_external_task_marker_dag.py
[2022-04-02 16:22:53,301] {scheduler_job.py:633} INFO - Processing file /home/airflow/sandbox/lib/python3.8/site-packages/airflow/example_dags/example_external_task_marker_dag.py for tasks to queue
[2022-04-02 16:22:53,302] {logging_mixin.py:104} INFO - [2022-04-02 16:22:53,301] {dagbag.py:487} INFO - Filling up the DagBag from /home/airflow/sandbox/lib/python3.8/site-packages/airflow/example_dags/example_external_task_marker_dag.py
[2022-04-02 16:22:53,311] {scheduler_job.py:643} INFO - DAG(s) dict_keys(['example_external_task_marker_parent', 'example_external_task_marker_child']) retrieved from /home/airflow/sandbox/lib/python3.8/site-packages/airflow/example_dags/example_external_task_marker_dag.py
[2022-04-02 16:22:53,700] {logging_mixin.py:104} INFO - [2022-04-02 16:22:53,700] {dag.py:1832} INFO - Sync 2 DAGs
[2022-04-02 16:22:53,713] {logging_mixin.py:104} INFO - [2022-04-02 16:22:53,713] {dag.py:2305} INFO - Setting next_dagrun for example_external_task_marker_child to None
[2022-04-02 16:22:53,715] {logging_mixin.py:104} INFO - [2022-04-02 16:22:53,714] {dag.py:2305} INFO - Setting next_dagrun for example_external_task_marker_parent to None
[2022-04-02 16:22:53,774] {scheduler_job.py:190} INFO - Processing /home/airflow/sandbox/lib/python3.8/site-packages/airflow/example_dags/example_external_task_marker_dag.py took 0.478 seconds
[2022-04-02 16:23:27,286] {scheduler_job.py:182} INFO - Started process (PID=3832) to work on /home/airflow/sandbox/lib/python3.8/site-packages/airflow/example_dags/example_external_task_marker_dag.py
[2022-04-02 16:23:27,288] {scheduler_job.py:633} INFO - Processing file /home/airflow/sandbox/lib/python3.8/site-packages/airflow/example_dags/example_external_task_marker_dag.py for tasks to queue
[2022-04-02 16:23:27,289] {logging_mixin.py:104} INFO - [2022-04-02 16:23:27,289] {dagbag.py:487} INFO - Filling up the DagBag from /home/airflow/sandbox/lib/python3.8/site-packages/airflow/example_dags/example_external_task_marker_dag.py
[2022-04-02 16:23:27,297] {scheduler_job.py:643} INFO - DAG(s) dict_keys(['example_external_task_marker_parent', 'example_external_task_marker_child']) retrieved from /home/airflow/sandbox/lib/python3.8/site-packages/airflow/example_dags/example_external_task_marker_dag.py
[2022-04-02 16:23:27,331] {logging_mixin.py:104} INFO - [2022-04-02 16:23:27,330] {dag.py:1832} INFO - Sync 2 DAGs
[2022-04-02 16:23:27,356] {logging_mixin.py:104} INFO - [2022-04-02 16:23:27,355] {dag.py:2305} INFO - Setting next_dagrun for example_external_task_marker_child to None
[2022-04-02 16:23:27,358] {logging_mixin.py:104} INFO - [2022-04-02 16:23:27,358] {dag.py:2305} INFO - Setting next_dagrun for example_external_task_marker_parent to None
[2022-04-02 16:23:27,401] {scheduler_job.py:190} INFO - Processing /home/airflow/sandbox/lib/python3.8/site-packages/airflow/example_dags/example_external_task_marker_dag.py took 0.119 seconds
[2022-04-02 16:24:04,947] {scheduler_job.py:182} INFO - Started process (PID=3864) to work on /home/airflow/sandbox/lib/python3.8/site-packages/airflow/example_dags/example_external_task_marker_dag.py
[2022-04-02 16:24:04,949] {scheduler_job.py:633} INFO - Processing file /home/airflow/sandbox/lib/python3.8/site-packages/airflow/example_dags/example_external_task_marker_dag.py for tasks to queue
[2022-04-02 16:24:04,950] {logging_mixin.py:104} INFO - [2022-04-02 16:24:04,950] {dagbag.py:487} INFO - Filling up the DagBag from /home/airflow/sandbox/lib/python3.8/site-packages/airflow/example_dags/example_external_task_marker_dag.py
[2022-04-02 16:24:04,976] {scheduler_job.py:643} INFO - DAG(s) dict_keys(['example_external_task_marker_parent', 'example_external_task_marker_child']) retrieved from /home/airflow/sandbox/lib/python3.8/site-packages/airflow/example_dags/example_external_task_marker_dag.py
[2022-04-02 16:24:05,406] {logging_mixin.py:104} INFO - [2022-04-02 16:24:05,406] {dag.py:1832} INFO - Sync 2 DAGs
[2022-04-02 16:24:05,413] {logging_mixin.py:104} INFO - [2022-04-02 16:24:05,413] {dag.py:2305} INFO - Setting next_dagrun for example_external_task_marker_child to None
[2022-04-02 16:24:05,414] {logging_mixin.py:104} INFO - [2022-04-02 16:24:05,414] {dag.py:2305} INFO - Setting next_dagrun for example_external_task_marker_parent to None
[2022-04-02 16:24:05,438] {scheduler_job.py:190} INFO - Processing /home/airflow/sandbox/lib/python3.8/site-packages/airflow/example_dags/example_external_task_marker_dag.py took 0.498 seconds
[2022-04-02 16:24:37,978] {scheduler_job.py:182} INFO - Started process (PID=3890) to work on /home/airflow/sandbox/lib/python3.8/site-packages/airflow/example_dags/example_external_task_marker_dag.py
[2022-04-02 16:24:37,980] {scheduler_job.py:633} INFO - Processing file /home/airflow/sandbox/lib/python3.8/site-packages/airflow/example_dags/example_external_task_marker_dag.py for tasks to queue
[2022-04-02 16:24:37,981] {logging_mixin.py:104} INFO - [2022-04-02 16:24:37,981] {dagbag.py:487} INFO - Filling up the DagBag from /home/airflow/sandbox/lib/python3.8/site-packages/airflow/example_dags/example_external_task_marker_dag.py
[2022-04-02 16:24:38,004] {scheduler_job.py:643} INFO - DAG(s) dict_keys(['example_external_task_marker_parent', 'example_external_task_marker_child']) retrieved from /home/airflow/sandbox/lib/python3.8/site-packages/airflow/example_dags/example_external_task_marker_dag.py
[2022-04-02 16:24:38,349] {logging_mixin.py:104} INFO - [2022-04-02 16:24:38,348] {dag.py:1832} INFO - Sync 2 DAGs
[2022-04-02 16:24:38,360] {logging_mixin.py:104} INFO - [2022-04-02 16:24:38,360] {dag.py:2305} INFO - Setting next_dagrun for example_external_task_marker_child to None
[2022-04-02 16:24:38,361] {logging_mixin.py:104} INFO - [2022-04-02 16:24:38,361] {dag.py:2305} INFO - Setting next_dagrun for example_external_task_marker_parent to None
[2022-04-02 16:24:38,388] {scheduler_job.py:190} INFO - Processing /home/airflow/sandbox/lib/python3.8/site-packages/airflow/example_dags/example_external_task_marker_dag.py took 0.417 seconds
[2022-04-02 16:25:17,837] {scheduler_job.py:182} INFO - Started process (PID=3923) to work on /home/airflow/sandbox/lib/python3.8/site-packages/airflow/example_dags/example_external_task_marker_dag.py
[2022-04-02 16:25:17,840] {scheduler_job.py:633} INFO - Processing file /home/airflow/sandbox/lib/python3.8/site-packages/airflow/example_dags/example_external_task_marker_dag.py for tasks to queue
[2022-04-02 16:25:17,841] {logging_mixin.py:104} INFO - [2022-04-02 16:25:17,841] {dagbag.py:487} INFO - Filling up the DagBag from /home/airflow/sandbox/lib/python3.8/site-packages/airflow/example_dags/example_external_task_marker_dag.py
[2022-04-02 16:25:17,863] {scheduler_job.py:643} INFO - DAG(s) dict_keys(['example_external_task_marker_parent', 'example_external_task_marker_child']) retrieved from /home/airflow/sandbox/lib/python3.8/site-packages/airflow/example_dags/example_external_task_marker_dag.py
[2022-04-02 16:25:17,893] {logging_mixin.py:104} INFO - [2022-04-02 16:25:17,893] {dag.py:1832} INFO - Sync 2 DAGs
[2022-04-02 16:25:17,906] {logging_mixin.py:104} INFO - [2022-04-02 16:25:17,906] {dag.py:2305} INFO - Setting next_dagrun for example_external_task_marker_child to None
[2022-04-02 16:25:17,907] {logging_mixin.py:104} INFO - [2022-04-02 16:25:17,907] {dag.py:2305} INFO - Setting next_dagrun for example_external_task_marker_parent to None
[2022-04-02 16:25:17,931] {scheduler_job.py:190} INFO - Processing /home/airflow/sandbox/lib/python3.8/site-packages/airflow/example_dags/example_external_task_marker_dag.py took 0.100 seconds
[2022-04-02 16:25:55,830] {scheduler_job.py:182} INFO - Started process (PID=3954) to work on /home/airflow/sandbox/lib/python3.8/site-packages/airflow/example_dags/example_external_task_marker_dag.py
[2022-04-02 16:25:55,832] {scheduler_job.py:633} INFO - Processing file /home/airflow/sandbox/lib/python3.8/site-packages/airflow/example_dags/example_external_task_marker_dag.py for tasks to queue
[2022-04-02 16:25:55,833] {logging_mixin.py:104} INFO - [2022-04-02 16:25:55,833] {dagbag.py:487} INFO - Filling up the DagBag from /home/airflow/sandbox/lib/python3.8/site-packages/airflow/example_dags/example_external_task_marker_dag.py
[2022-04-02 16:25:55,856] {scheduler_job.py:643} INFO - DAG(s) dict_keys(['example_external_task_marker_parent', 'example_external_task_marker_child']) retrieved from /home/airflow/sandbox/lib/python3.8/site-packages/airflow/example_dags/example_external_task_marker_dag.py
[2022-04-02 16:25:56,290] {logging_mixin.py:104} INFO - [2022-04-02 16:25:56,290] {dag.py:1832} INFO - Sync 2 DAGs
[2022-04-02 16:25:56,303] {logging_mixin.py:104} INFO - [2022-04-02 16:25:56,303] {dag.py:2305} INFO - Setting next_dagrun for example_external_task_marker_child to None
[2022-04-02 16:25:56,304] {logging_mixin.py:104} INFO - [2022-04-02 16:25:56,304] {dag.py:2305} INFO - Setting next_dagrun for example_external_task_marker_parent to None
[2022-04-02 16:25:56,328] {scheduler_job.py:190} INFO - Processing /home/airflow/sandbox/lib/python3.8/site-packages/airflow/example_dags/example_external_task_marker_dag.py took 0.504 seconds
[2022-04-02 16:26:32,382] {scheduler_job.py:182} INFO - Started process (PID=3985) to work on /home/airflow/sandbox/lib/python3.8/site-packages/airflow/example_dags/example_external_task_marker_dag.py
[2022-04-02 16:26:32,387] {scheduler_job.py:633} INFO - Processing file /home/airflow/sandbox/lib/python3.8/site-packages/airflow/example_dags/example_external_task_marker_dag.py for tasks to queue
[2022-04-02 16:26:32,389] {logging_mixin.py:104} INFO - [2022-04-02 16:26:32,388] {dagbag.py:487} INFO - Filling up the DagBag from /home/airflow/sandbox/lib/python3.8/site-packages/airflow/example_dags/example_external_task_marker_dag.py
[2022-04-02 16:26:32,404] {scheduler_job.py:643} INFO - DAG(s) dict_keys(['example_external_task_marker_parent', 'example_external_task_marker_child']) retrieved from /home/airflow/sandbox/lib/python3.8/site-packages/airflow/example_dags/example_external_task_marker_dag.py
[2022-04-02 16:26:32,877] {logging_mixin.py:104} INFO - [2022-04-02 16:26:32,877] {dag.py:1832} INFO - Sync 2 DAGs
[2022-04-02 16:26:32,893] {logging_mixin.py:104} INFO - [2022-04-02 16:26:32,893] {dag.py:2305} INFO - Setting next_dagrun for example_external_task_marker_child to None
[2022-04-02 16:26:32,894] {logging_mixin.py:104} INFO - [2022-04-02 16:26:32,894] {dag.py:2305} INFO - Setting next_dagrun for example_external_task_marker_parent to None
[2022-04-02 16:26:32,928] {scheduler_job.py:190} INFO - Processing /home/airflow/sandbox/lib/python3.8/site-packages/airflow/example_dags/example_external_task_marker_dag.py took 0.552 seconds
[2022-04-02 16:27:08,831] {scheduler_job.py:182} INFO - Started process (PID=4022) to work on /home/airflow/sandbox/lib/python3.8/site-packages/airflow/example_dags/example_external_task_marker_dag.py
[2022-04-02 16:27:08,832] {scheduler_job.py:633} INFO - Processing file /home/airflow/sandbox/lib/python3.8/site-packages/airflow/example_dags/example_external_task_marker_dag.py for tasks to queue
[2022-04-02 16:27:08,833] {logging_mixin.py:104} INFO - [2022-04-02 16:27:08,833] {dagbag.py:487} INFO - Filling up the DagBag from /home/airflow/sandbox/lib/python3.8/site-packages/airflow/example_dags/example_external_task_marker_dag.py
[2022-04-02 16:27:08,861] {scheduler_job.py:643} INFO - DAG(s) dict_keys(['example_external_task_marker_parent', 'example_external_task_marker_child']) retrieved from /home/airflow/sandbox/lib/python3.8/site-packages/airflow/example_dags/example_external_task_marker_dag.py
[2022-04-02 16:27:09,320] {logging_mixin.py:104} INFO - [2022-04-02 16:27:09,320] {dag.py:1832} INFO - Sync 2 DAGs
[2022-04-02 16:27:09,352] {logging_mixin.py:104} INFO - [2022-04-02 16:27:09,352] {dag.py:2305} INFO - Setting next_dagrun for example_external_task_marker_child to None
[2022-04-02 16:27:09,359] {logging_mixin.py:104} INFO - [2022-04-02 16:27:09,358] {dag.py:2305} INFO - Setting next_dagrun for example_external_task_marker_parent to None
[2022-04-02 16:27:09,414] {scheduler_job.py:190} INFO - Processing /home/airflow/sandbox/lib/python3.8/site-packages/airflow/example_dags/example_external_task_marker_dag.py took 0.587 seconds
