[2022-04-02 16:14:19,792] {scheduler_job.py:182} INFO - Started process (PID=3165) to work on /home/airflow/sandbox/lib/python3.8/site-packages/airflow/example_dags/example_trigger_target_dag.py
[2022-04-02 16:14:19,793] {scheduler_job.py:633} INFO - Processing file /home/airflow/sandbox/lib/python3.8/site-packages/airflow/example_dags/example_trigger_target_dag.py for tasks to queue
[2022-04-02 16:14:19,794] {logging_mixin.py:104} INFO - [2022-04-02 16:14:19,794] {dagbag.py:487} INFO - Filling up the DagBag from /home/airflow/sandbox/lib/python3.8/site-packages/airflow/example_dags/example_trigger_target_dag.py
[2022-04-02 16:14:19,807] {scheduler_job.py:643} INFO - DAG(s) dict_keys(['example_trigger_target_dag']) retrieved from /home/airflow/sandbox/lib/python3.8/site-packages/airflow/example_dags/example_trigger_target_dag.py
[2022-04-02 16:14:20,186] {logging_mixin.py:104} INFO - [2022-04-02 16:14:20,186] {dag.py:1832} INFO - Sync 1 DAGs
[2022-04-02 16:14:20,202] {logging_mixin.py:104} INFO - [2022-04-02 16:14:20,202] {dag.py:2305} INFO - Setting next_dagrun for example_trigger_target_dag to None
[2022-04-02 16:14:20,232] {scheduler_job.py:190} INFO - Processing /home/airflow/sandbox/lib/python3.8/site-packages/airflow/example_dags/example_trigger_target_dag.py took 0.443 seconds
[2022-04-02 16:15:00,862] {scheduler_job.py:182} INFO - Started process (PID=3198) to work on /home/airflow/sandbox/lib/python3.8/site-packages/airflow/example_dags/example_trigger_target_dag.py
[2022-04-02 16:15:00,863] {scheduler_job.py:633} INFO - Processing file /home/airflow/sandbox/lib/python3.8/site-packages/airflow/example_dags/example_trigger_target_dag.py for tasks to queue
[2022-04-02 16:15:00,864] {logging_mixin.py:104} INFO - [2022-04-02 16:15:00,864] {dagbag.py:487} INFO - Filling up the DagBag from /home/airflow/sandbox/lib/python3.8/site-packages/airflow/example_dags/example_trigger_target_dag.py
[2022-04-02 16:15:00,886] {scheduler_job.py:643} INFO - DAG(s) dict_keys(['example_trigger_target_dag']) retrieved from /home/airflow/sandbox/lib/python3.8/site-packages/airflow/example_dags/example_trigger_target_dag.py
[2022-04-02 16:15:00,913] {logging_mixin.py:104} INFO - [2022-04-02 16:15:00,912] {dag.py:1832} INFO - Sync 1 DAGs
[2022-04-02 16:15:00,932] {logging_mixin.py:104} INFO - [2022-04-02 16:15:00,932] {dag.py:2305} INFO - Setting next_dagrun for example_trigger_target_dag to None
[2022-04-02 16:15:00,964] {scheduler_job.py:190} INFO - Processing /home/airflow/sandbox/lib/python3.8/site-packages/airflow/example_dags/example_trigger_target_dag.py took 0.108 seconds
[2022-04-02 16:15:39,447] {scheduler_job.py:182} INFO - Started process (PID=3230) to work on /home/airflow/sandbox/lib/python3.8/site-packages/airflow/example_dags/example_trigger_target_dag.py
[2022-04-02 16:15:39,449] {scheduler_job.py:633} INFO - Processing file /home/airflow/sandbox/lib/python3.8/site-packages/airflow/example_dags/example_trigger_target_dag.py for tasks to queue
[2022-04-02 16:15:39,451] {logging_mixin.py:104} INFO - [2022-04-02 16:15:39,450] {dagbag.py:487} INFO - Filling up the DagBag from /home/airflow/sandbox/lib/python3.8/site-packages/airflow/example_dags/example_trigger_target_dag.py
[2022-04-02 16:15:39,470] {scheduler_job.py:643} INFO - DAG(s) dict_keys(['example_trigger_target_dag']) retrieved from /home/airflow/sandbox/lib/python3.8/site-packages/airflow/example_dags/example_trigger_target_dag.py
[2022-04-02 16:15:39,499] {logging_mixin.py:104} INFO - [2022-04-02 16:15:39,498] {dag.py:1832} INFO - Sync 1 DAGs
[2022-04-02 16:15:39,524] {logging_mixin.py:104} INFO - [2022-04-02 16:15:39,524] {dag.py:2305} INFO - Setting next_dagrun for example_trigger_target_dag to None
[2022-04-02 16:15:39,549] {scheduler_job.py:190} INFO - Processing /home/airflow/sandbox/lib/python3.8/site-packages/airflow/example_dags/example_trigger_target_dag.py took 0.109 seconds
[2022-04-02 16:16:18,855] {scheduler_job.py:182} INFO - Started process (PID=3262) to work on /home/airflow/sandbox/lib/python3.8/site-packages/airflow/example_dags/example_trigger_target_dag.py
[2022-04-02 16:16:18,859] {scheduler_job.py:633} INFO - Processing file /home/airflow/sandbox/lib/python3.8/site-packages/airflow/example_dags/example_trigger_target_dag.py for tasks to queue
[2022-04-02 16:16:18,861] {logging_mixin.py:104} INFO - [2022-04-02 16:16:18,860] {dagbag.py:487} INFO - Filling up the DagBag from /home/airflow/sandbox/lib/python3.8/site-packages/airflow/example_dags/example_trigger_target_dag.py
[2022-04-02 16:16:18,886] {scheduler_job.py:643} INFO - DAG(s) dict_keys(['example_trigger_target_dag']) retrieved from /home/airflow/sandbox/lib/python3.8/site-packages/airflow/example_dags/example_trigger_target_dag.py
[2022-04-02 16:16:18,908] {logging_mixin.py:104} INFO - [2022-04-02 16:16:18,908] {dag.py:1832} INFO - Sync 1 DAGs
[2022-04-02 16:16:18,927] {logging_mixin.py:104} INFO - [2022-04-02 16:16:18,927] {dag.py:2305} INFO - Setting next_dagrun for example_trigger_target_dag to None
[2022-04-02 16:16:18,954] {scheduler_job.py:190} INFO - Processing /home/airflow/sandbox/lib/python3.8/site-packages/airflow/example_dags/example_trigger_target_dag.py took 0.105 seconds
[2022-04-02 16:17:01,956] {scheduler_job.py:182} INFO - Started process (PID=3309) to work on /home/airflow/sandbox/lib/python3.8/site-packages/airflow/example_dags/example_trigger_target_dag.py
[2022-04-02 16:17:01,958] {scheduler_job.py:633} INFO - Processing file /home/airflow/sandbox/lib/python3.8/site-packages/airflow/example_dags/example_trigger_target_dag.py for tasks to queue
[2022-04-02 16:17:01,959] {logging_mixin.py:104} INFO - [2022-04-02 16:17:01,959] {dagbag.py:487} INFO - Filling up the DagBag from /home/airflow/sandbox/lib/python3.8/site-packages/airflow/example_dags/example_trigger_target_dag.py
[2022-04-02 16:17:01,989] {scheduler_job.py:643} INFO - DAG(s) dict_keys(['example_trigger_target_dag']) retrieved from /home/airflow/sandbox/lib/python3.8/site-packages/airflow/example_dags/example_trigger_target_dag.py
[2022-04-02 16:17:02,021] {logging_mixin.py:104} INFO - [2022-04-02 16:17:02,021] {dag.py:1832} INFO - Sync 1 DAGs
[2022-04-02 16:17:02,047] {logging_mixin.py:104} INFO - [2022-04-02 16:17:02,047] {dag.py:2305} INFO - Setting next_dagrun for example_trigger_target_dag to None
[2022-04-02 16:17:02,068] {scheduler_job.py:190} INFO - Processing /home/airflow/sandbox/lib/python3.8/site-packages/airflow/example_dags/example_trigger_target_dag.py took 0.118 seconds
[2022-04-02 16:17:45,349] {scheduler_job.py:182} INFO - Started process (PID=3346) to work on /home/airflow/sandbox/lib/python3.8/site-packages/airflow/example_dags/example_trigger_target_dag.py
[2022-04-02 16:17:45,350] {scheduler_job.py:633} INFO - Processing file /home/airflow/sandbox/lib/python3.8/site-packages/airflow/example_dags/example_trigger_target_dag.py for tasks to queue
[2022-04-02 16:17:45,351] {logging_mixin.py:104} INFO - [2022-04-02 16:17:45,351] {dagbag.py:487} INFO - Filling up the DagBag from /home/airflow/sandbox/lib/python3.8/site-packages/airflow/example_dags/example_trigger_target_dag.py
[2022-04-02 16:17:45,375] {scheduler_job.py:643} INFO - DAG(s) dict_keys(['example_trigger_target_dag']) retrieved from /home/airflow/sandbox/lib/python3.8/site-packages/airflow/example_dags/example_trigger_target_dag.py
[2022-04-02 16:17:45,408] {logging_mixin.py:104} INFO - [2022-04-02 16:17:45,408] {dag.py:1832} INFO - Sync 1 DAGs
[2022-04-02 16:17:45,435] {logging_mixin.py:104} INFO - [2022-04-02 16:17:45,435] {dag.py:2305} INFO - Setting next_dagrun for example_trigger_target_dag to None
[2022-04-02 16:17:45,470] {scheduler_job.py:190} INFO - Processing /home/airflow/sandbox/lib/python3.8/site-packages/airflow/example_dags/example_trigger_target_dag.py took 0.127 seconds
[2022-04-02 16:18:25,179] {scheduler_job.py:182} INFO - Started process (PID=3440) to work on /home/airflow/sandbox/lib/python3.8/site-packages/airflow/example_dags/example_trigger_target_dag.py
[2022-04-02 16:18:25,182] {scheduler_job.py:633} INFO - Processing file /home/airflow/sandbox/lib/python3.8/site-packages/airflow/example_dags/example_trigger_target_dag.py for tasks to queue
[2022-04-02 16:18:25,183] {logging_mixin.py:104} INFO - [2022-04-02 16:18:25,183] {dagbag.py:487} INFO - Filling up the DagBag from /home/airflow/sandbox/lib/python3.8/site-packages/airflow/example_dags/example_trigger_target_dag.py
[2022-04-02 16:18:25,198] {scheduler_job.py:643} INFO - DAG(s) dict_keys(['example_trigger_target_dag']) retrieved from /home/airflow/sandbox/lib/python3.8/site-packages/airflow/example_dags/example_trigger_target_dag.py
[2022-04-02 16:18:25,223] {logging_mixin.py:104} INFO - [2022-04-02 16:18:25,222] {dag.py:1832} INFO - Sync 1 DAGs
[2022-04-02 16:18:25,242] {logging_mixin.py:104} INFO - [2022-04-02 16:18:25,242] {dag.py:2305} INFO - Setting next_dagrun for example_trigger_target_dag to None
[2022-04-02 16:18:25,285] {scheduler_job.py:190} INFO - Processing /home/airflow/sandbox/lib/python3.8/site-packages/airflow/example_dags/example_trigger_target_dag.py took 0.112 seconds
[2022-04-02 16:19:07,797] {scheduler_job.py:182} INFO - Started process (PID=3475) to work on /home/airflow/sandbox/lib/python3.8/site-packages/airflow/example_dags/example_trigger_target_dag.py
[2022-04-02 16:19:07,801] {scheduler_job.py:633} INFO - Processing file /home/airflow/sandbox/lib/python3.8/site-packages/airflow/example_dags/example_trigger_target_dag.py for tasks to queue
[2022-04-02 16:19:07,803] {logging_mixin.py:104} INFO - [2022-04-02 16:19:07,802] {dagbag.py:487} INFO - Filling up the DagBag from /home/airflow/sandbox/lib/python3.8/site-packages/airflow/example_dags/example_trigger_target_dag.py
[2022-04-02 16:19:07,827] {scheduler_job.py:643} INFO - DAG(s) dict_keys(['example_trigger_target_dag']) retrieved from /home/airflow/sandbox/lib/python3.8/site-packages/airflow/example_dags/example_trigger_target_dag.py
[2022-04-02 16:19:07,848] {logging_mixin.py:104} INFO - [2022-04-02 16:19:07,848] {dag.py:1832} INFO - Sync 1 DAGs
[2022-04-02 16:19:07,872] {logging_mixin.py:104} INFO - [2022-04-02 16:19:07,871] {dag.py:2305} INFO - Setting next_dagrun for example_trigger_target_dag to None
[2022-04-02 16:19:07,910] {scheduler_job.py:190} INFO - Processing /home/airflow/sandbox/lib/python3.8/site-packages/airflow/example_dags/example_trigger_target_dag.py took 0.119 seconds
[2022-04-02 16:19:49,888] {scheduler_job.py:182} INFO - Started process (PID=3608) to work on /home/airflow/sandbox/lib/python3.8/site-packages/airflow/example_dags/example_trigger_target_dag.py
[2022-04-02 16:19:49,890] {scheduler_job.py:633} INFO - Processing file /home/airflow/sandbox/lib/python3.8/site-packages/airflow/example_dags/example_trigger_target_dag.py for tasks to queue
[2022-04-02 16:19:49,892] {logging_mixin.py:104} INFO - [2022-04-02 16:19:49,892] {dagbag.py:487} INFO - Filling up the DagBag from /home/airflow/sandbox/lib/python3.8/site-packages/airflow/example_dags/example_trigger_target_dag.py
[2022-04-02 16:19:49,910] {scheduler_job.py:643} INFO - DAG(s) dict_keys(['example_trigger_target_dag']) retrieved from /home/airflow/sandbox/lib/python3.8/site-packages/airflow/example_dags/example_trigger_target_dag.py
[2022-04-02 16:19:49,930] {logging_mixin.py:104} INFO - [2022-04-02 16:19:49,930] {dag.py:1832} INFO - Sync 1 DAGs
[2022-04-02 16:19:49,948] {logging_mixin.py:104} INFO - [2022-04-02 16:19:49,948] {dag.py:2305} INFO - Setting next_dagrun for example_trigger_target_dag to None
[2022-04-02 16:19:49,971] {scheduler_job.py:190} INFO - Processing /home/airflow/sandbox/lib/python3.8/site-packages/airflow/example_dags/example_trigger_target_dag.py took 0.090 seconds
[2022-04-02 16:20:31,036] {scheduler_job.py:182} INFO - Started process (PID=3642) to work on /home/airflow/sandbox/lib/python3.8/site-packages/airflow/example_dags/example_trigger_target_dag.py
[2022-04-02 16:20:31,039] {scheduler_job.py:633} INFO - Processing file /home/airflow/sandbox/lib/python3.8/site-packages/airflow/example_dags/example_trigger_target_dag.py for tasks to queue
[2022-04-02 16:20:31,040] {logging_mixin.py:104} INFO - [2022-04-02 16:20:31,039] {dagbag.py:487} INFO - Filling up the DagBag from /home/airflow/sandbox/lib/python3.8/site-packages/airflow/example_dags/example_trigger_target_dag.py
[2022-04-02 16:20:31,068] {scheduler_job.py:643} INFO - DAG(s) dict_keys(['example_trigger_target_dag']) retrieved from /home/airflow/sandbox/lib/python3.8/site-packages/airflow/example_dags/example_trigger_target_dag.py
[2022-04-02 16:20:31,099] {logging_mixin.py:104} INFO - [2022-04-02 16:20:31,099] {dag.py:1832} INFO - Sync 1 DAGs
[2022-04-02 16:20:31,121] {logging_mixin.py:104} INFO - [2022-04-02 16:20:31,120] {dag.py:2305} INFO - Setting next_dagrun for example_trigger_target_dag to None
[2022-04-02 16:20:31,155] {scheduler_job.py:190} INFO - Processing /home/airflow/sandbox/lib/python3.8/site-packages/airflow/example_dags/example_trigger_target_dag.py took 0.124 seconds
[2022-04-02 16:21:13,507] {scheduler_job.py:182} INFO - Started process (PID=3676) to work on /home/airflow/sandbox/lib/python3.8/site-packages/airflow/example_dags/example_trigger_target_dag.py
[2022-04-02 16:21:13,509] {scheduler_job.py:633} INFO - Processing file /home/airflow/sandbox/lib/python3.8/site-packages/airflow/example_dags/example_trigger_target_dag.py for tasks to queue
[2022-04-02 16:21:13,511] {logging_mixin.py:104} INFO - [2022-04-02 16:21:13,510] {dagbag.py:487} INFO - Filling up the DagBag from /home/airflow/sandbox/lib/python3.8/site-packages/airflow/example_dags/example_trigger_target_dag.py
[2022-04-02 16:21:13,543] {scheduler_job.py:643} INFO - DAG(s) dict_keys(['example_trigger_target_dag']) retrieved from /home/airflow/sandbox/lib/python3.8/site-packages/airflow/example_dags/example_trigger_target_dag.py
[2022-04-02 16:21:13,573] {logging_mixin.py:104} INFO - [2022-04-02 16:21:13,573] {dag.py:1832} INFO - Sync 1 DAGs
[2022-04-02 16:21:13,596] {logging_mixin.py:104} INFO - [2022-04-02 16:21:13,596] {dag.py:2305} INFO - Setting next_dagrun for example_trigger_target_dag to None
[2022-04-02 16:21:13,625] {scheduler_job.py:190} INFO - Processing /home/airflow/sandbox/lib/python3.8/site-packages/airflow/example_dags/example_trigger_target_dag.py took 0.125 seconds
[2022-04-02 16:21:52,934] {scheduler_job.py:182} INFO - Started process (PID=3710) to work on /home/airflow/sandbox/lib/python3.8/site-packages/airflow/example_dags/example_trigger_target_dag.py
[2022-04-02 16:21:52,936] {scheduler_job.py:633} INFO - Processing file /home/airflow/sandbox/lib/python3.8/site-packages/airflow/example_dags/example_trigger_target_dag.py for tasks to queue
[2022-04-02 16:21:52,937] {logging_mixin.py:104} INFO - [2022-04-02 16:21:52,937] {dagbag.py:487} INFO - Filling up the DagBag from /home/airflow/sandbox/lib/python3.8/site-packages/airflow/example_dags/example_trigger_target_dag.py
[2022-04-02 16:21:52,956] {scheduler_job.py:643} INFO - DAG(s) dict_keys(['example_trigger_target_dag']) retrieved from /home/airflow/sandbox/lib/python3.8/site-packages/airflow/example_dags/example_trigger_target_dag.py
[2022-04-02 16:21:52,979] {logging_mixin.py:104} INFO - [2022-04-02 16:21:52,978] {dag.py:1832} INFO - Sync 1 DAGs
[2022-04-02 16:21:52,998] {logging_mixin.py:104} INFO - [2022-04-02 16:21:52,998] {dag.py:2305} INFO - Setting next_dagrun for example_trigger_target_dag to None
[2022-04-02 16:21:53,039] {scheduler_job.py:190} INFO - Processing /home/airflow/sandbox/lib/python3.8/site-packages/airflow/example_dags/example_trigger_target_dag.py took 0.116 seconds
[2022-04-02 16:22:30,799] {scheduler_job.py:182} INFO - Started process (PID=3742) to work on /home/airflow/sandbox/lib/python3.8/site-packages/airflow/example_dags/example_trigger_target_dag.py
[2022-04-02 16:22:30,801] {scheduler_job.py:633} INFO - Processing file /home/airflow/sandbox/lib/python3.8/site-packages/airflow/example_dags/example_trigger_target_dag.py for tasks to queue
[2022-04-02 16:22:30,802] {logging_mixin.py:104} INFO - [2022-04-02 16:22:30,802] {dagbag.py:487} INFO - Filling up the DagBag from /home/airflow/sandbox/lib/python3.8/site-packages/airflow/example_dags/example_trigger_target_dag.py
[2022-04-02 16:22:30,827] {scheduler_job.py:643} INFO - DAG(s) dict_keys(['example_trigger_target_dag']) retrieved from /home/airflow/sandbox/lib/python3.8/site-packages/airflow/example_dags/example_trigger_target_dag.py
[2022-04-02 16:22:30,842] {logging_mixin.py:104} INFO - [2022-04-02 16:22:30,842] {dag.py:1832} INFO - Sync 1 DAGs
[2022-04-02 16:22:30,854] {logging_mixin.py:104} INFO - [2022-04-02 16:22:30,854] {dag.py:2305} INFO - Setting next_dagrun for example_trigger_target_dag to None
[2022-04-02 16:22:30,877] {scheduler_job.py:190} INFO - Processing /home/airflow/sandbox/lib/python3.8/site-packages/airflow/example_dags/example_trigger_target_dag.py took 0.086 seconds
[2022-04-02 16:23:09,501] {scheduler_job.py:182} INFO - Started process (PID=3816) to work on /home/airflow/sandbox/lib/python3.8/site-packages/airflow/example_dags/example_trigger_target_dag.py
[2022-04-02 16:23:09,504] {scheduler_job.py:633} INFO - Processing file /home/airflow/sandbox/lib/python3.8/site-packages/airflow/example_dags/example_trigger_target_dag.py for tasks to queue
[2022-04-02 16:23:09,505] {logging_mixin.py:104} INFO - [2022-04-02 16:23:09,505] {dagbag.py:487} INFO - Filling up the DagBag from /home/airflow/sandbox/lib/python3.8/site-packages/airflow/example_dags/example_trigger_target_dag.py
[2022-04-02 16:23:09,518] {scheduler_job.py:643} INFO - DAG(s) dict_keys(['example_trigger_target_dag']) retrieved from /home/airflow/sandbox/lib/python3.8/site-packages/airflow/example_dags/example_trigger_target_dag.py
[2022-04-02 16:23:09,536] {logging_mixin.py:104} INFO - [2022-04-02 16:23:09,536] {dag.py:1832} INFO - Sync 1 DAGs
[2022-04-02 16:23:09,557] {logging_mixin.py:104} INFO - [2022-04-02 16:23:09,557] {dag.py:2305} INFO - Setting next_dagrun for example_trigger_target_dag to None
[2022-04-02 16:23:09,582] {scheduler_job.py:190} INFO - Processing /home/airflow/sandbox/lib/python3.8/site-packages/airflow/example_dags/example_trigger_target_dag.py took 0.085 seconds
[2022-04-02 16:23:46,654] {scheduler_job.py:182} INFO - Started process (PID=3849) to work on /home/airflow/sandbox/lib/python3.8/site-packages/airflow/example_dags/example_trigger_target_dag.py
[2022-04-02 16:23:46,656] {scheduler_job.py:633} INFO - Processing file /home/airflow/sandbox/lib/python3.8/site-packages/airflow/example_dags/example_trigger_target_dag.py for tasks to queue
[2022-04-02 16:23:46,657] {logging_mixin.py:104} INFO - [2022-04-02 16:23:46,657] {dagbag.py:487} INFO - Filling up the DagBag from /home/airflow/sandbox/lib/python3.8/site-packages/airflow/example_dags/example_trigger_target_dag.py
[2022-04-02 16:23:46,683] {scheduler_job.py:643} INFO - DAG(s) dict_keys(['example_trigger_target_dag']) retrieved from /home/airflow/sandbox/lib/python3.8/site-packages/airflow/example_dags/example_trigger_target_dag.py
[2022-04-02 16:23:46,709] {logging_mixin.py:104} INFO - [2022-04-02 16:23:46,709] {dag.py:1832} INFO - Sync 1 DAGs
[2022-04-02 16:23:46,722] {logging_mixin.py:104} INFO - [2022-04-02 16:23:46,722] {dag.py:2305} INFO - Setting next_dagrun for example_trigger_target_dag to None
[2022-04-02 16:23:46,744] {scheduler_job.py:190} INFO - Processing /home/airflow/sandbox/lib/python3.8/site-packages/airflow/example_dags/example_trigger_target_dag.py took 0.096 seconds
[2022-04-02 16:24:31,516] {scheduler_job.py:182} INFO - Started process (PID=3885) to work on /home/airflow/sandbox/lib/python3.8/site-packages/airflow/example_dags/example_trigger_target_dag.py
[2022-04-02 16:24:31,519] {scheduler_job.py:633} INFO - Processing file /home/airflow/sandbox/lib/python3.8/site-packages/airflow/example_dags/example_trigger_target_dag.py for tasks to queue
[2022-04-02 16:24:31,521] {logging_mixin.py:104} INFO - [2022-04-02 16:24:31,521] {dagbag.py:487} INFO - Filling up the DagBag from /home/airflow/sandbox/lib/python3.8/site-packages/airflow/example_dags/example_trigger_target_dag.py
[2022-04-02 16:24:31,552] {scheduler_job.py:643} INFO - DAG(s) dict_keys(['example_trigger_target_dag']) retrieved from /home/airflow/sandbox/lib/python3.8/site-packages/airflow/example_dags/example_trigger_target_dag.py
[2022-04-02 16:24:31,576] {logging_mixin.py:104} INFO - [2022-04-02 16:24:31,576] {dag.py:1832} INFO - Sync 1 DAGs
[2022-04-02 16:24:31,598] {logging_mixin.py:104} INFO - [2022-04-02 16:24:31,598] {dag.py:2305} INFO - Setting next_dagrun for example_trigger_target_dag to None
[2022-04-02 16:24:31,627] {scheduler_job.py:190} INFO - Processing /home/airflow/sandbox/lib/python3.8/site-packages/airflow/example_dags/example_trigger_target_dag.py took 0.118 seconds
[2022-04-02 16:25:13,726] {scheduler_job.py:182} INFO - Started process (PID=3920) to work on /home/airflow/sandbox/lib/python3.8/site-packages/airflow/example_dags/example_trigger_target_dag.py
[2022-04-02 16:25:13,731] {scheduler_job.py:633} INFO - Processing file /home/airflow/sandbox/lib/python3.8/site-packages/airflow/example_dags/example_trigger_target_dag.py for tasks to queue
[2022-04-02 16:25:13,732] {logging_mixin.py:104} INFO - [2022-04-02 16:25:13,732] {dagbag.py:487} INFO - Filling up the DagBag from /home/airflow/sandbox/lib/python3.8/site-packages/airflow/example_dags/example_trigger_target_dag.py
[2022-04-02 16:25:13,760] {scheduler_job.py:643} INFO - DAG(s) dict_keys(['example_trigger_target_dag']) retrieved from /home/airflow/sandbox/lib/python3.8/site-packages/airflow/example_dags/example_trigger_target_dag.py
[2022-04-02 16:25:13,788] {logging_mixin.py:104} INFO - [2022-04-02 16:25:13,787] {dag.py:1832} INFO - Sync 1 DAGs
[2022-04-02 16:25:13,813] {logging_mixin.py:104} INFO - [2022-04-02 16:25:13,813] {dag.py:2305} INFO - Setting next_dagrun for example_trigger_target_dag to None
[2022-04-02 16:25:13,852] {scheduler_job.py:190} INFO - Processing /home/airflow/sandbox/lib/python3.8/site-packages/airflow/example_dags/example_trigger_target_dag.py took 0.132 seconds
[2022-04-02 16:25:53,501] {scheduler_job.py:182} INFO - Started process (PID=3952) to work on /home/airflow/sandbox/lib/python3.8/site-packages/airflow/example_dags/example_trigger_target_dag.py
[2022-04-02 16:25:53,503] {scheduler_job.py:633} INFO - Processing file /home/airflow/sandbox/lib/python3.8/site-packages/airflow/example_dags/example_trigger_target_dag.py for tasks to queue
[2022-04-02 16:25:53,505] {logging_mixin.py:104} INFO - [2022-04-02 16:25:53,504] {dagbag.py:487} INFO - Filling up the DagBag from /home/airflow/sandbox/lib/python3.8/site-packages/airflow/example_dags/example_trigger_target_dag.py
[2022-04-02 16:25:53,529] {scheduler_job.py:643} INFO - DAG(s) dict_keys(['example_trigger_target_dag']) retrieved from /home/airflow/sandbox/lib/python3.8/site-packages/airflow/example_dags/example_trigger_target_dag.py
[2022-04-02 16:25:53,560] {logging_mixin.py:104} INFO - [2022-04-02 16:25:53,559] {dag.py:1832} INFO - Sync 1 DAGs
[2022-04-02 16:25:53,583] {logging_mixin.py:104} INFO - [2022-04-02 16:25:53,583] {dag.py:2305} INFO - Setting next_dagrun for example_trigger_target_dag to None
[2022-04-02 16:25:53,612] {scheduler_job.py:190} INFO - Processing /home/airflow/sandbox/lib/python3.8/site-packages/airflow/example_dags/example_trigger_target_dag.py took 0.118 seconds
[2022-04-02 16:26:38,969] {scheduler_job.py:182} INFO - Started process (PID=3990) to work on /home/airflow/sandbox/lib/python3.8/site-packages/airflow/example_dags/example_trigger_target_dag.py
[2022-04-02 16:26:38,971] {scheduler_job.py:633} INFO - Processing file /home/airflow/sandbox/lib/python3.8/site-packages/airflow/example_dags/example_trigger_target_dag.py for tasks to queue
[2022-04-02 16:26:38,972] {logging_mixin.py:104} INFO - [2022-04-02 16:26:38,972] {dagbag.py:487} INFO - Filling up the DagBag from /home/airflow/sandbox/lib/python3.8/site-packages/airflow/example_dags/example_trigger_target_dag.py
[2022-04-02 16:26:38,988] {scheduler_job.py:643} INFO - DAG(s) dict_keys(['example_trigger_target_dag']) retrieved from /home/airflow/sandbox/lib/python3.8/site-packages/airflow/example_dags/example_trigger_target_dag.py
[2022-04-02 16:26:39,027] {logging_mixin.py:104} INFO - [2022-04-02 16:26:39,027] {dag.py:1832} INFO - Sync 1 DAGs
[2022-04-02 16:26:39,052] {logging_mixin.py:104} INFO - [2022-04-02 16:26:39,052] {dag.py:2305} INFO - Setting next_dagrun for example_trigger_target_dag to None
[2022-04-02 16:26:39,076] {scheduler_job.py:190} INFO - Processing /home/airflow/sandbox/lib/python3.8/site-packages/airflow/example_dags/example_trigger_target_dag.py took 0.111 seconds
