[2022-04-02 16:14:06,162] {scheduler_job.py:182} INFO - Started process (PID=3155) to work on /home/airflow/sandbox/lib/python3.8/site-packages/airflow/example_dags/tutorial_etl_dag.py
[2022-04-02 16:14:06,164] {scheduler_job.py:633} INFO - Processing file /home/airflow/sandbox/lib/python3.8/site-packages/airflow/example_dags/tutorial_etl_dag.py for tasks to queue
[2022-04-02 16:14:06,165] {logging_mixin.py:104} INFO - [2022-04-02 16:14:06,165] {dagbag.py:487} INFO - Filling up the DagBag from /home/airflow/sandbox/lib/python3.8/site-packages/airflow/example_dags/tutorial_etl_dag.py
[2022-04-02 16:14:06,176] {scheduler_job.py:643} INFO - DAG(s) dict_keys(['tutorial_etl_dag']) retrieved from /home/airflow/sandbox/lib/python3.8/site-packages/airflow/example_dags/tutorial_etl_dag.py
[2022-04-02 16:14:06,623] {logging_mixin.py:104} INFO - [2022-04-02 16:14:06,623] {dag.py:1832} INFO - Sync 1 DAGs
[2022-04-02 16:14:06,633] {logging_mixin.py:104} INFO - [2022-04-02 16:14:06,633] {dag.py:2305} INFO - Setting next_dagrun for tutorial_etl_dag to None
[2022-04-02 16:14:06,667] {scheduler_job.py:190} INFO - Processing /home/airflow/sandbox/lib/python3.8/site-packages/airflow/example_dags/tutorial_etl_dag.py took 0.509 seconds
[2022-04-02 16:14:48,795] {scheduler_job.py:182} INFO - Started process (PID=3188) to work on /home/airflow/sandbox/lib/python3.8/site-packages/airflow/example_dags/tutorial_etl_dag.py
[2022-04-02 16:14:48,798] {scheduler_job.py:633} INFO - Processing file /home/airflow/sandbox/lib/python3.8/site-packages/airflow/example_dags/tutorial_etl_dag.py for tasks to queue
[2022-04-02 16:14:48,800] {logging_mixin.py:104} INFO - [2022-04-02 16:14:48,800] {dagbag.py:487} INFO - Filling up the DagBag from /home/airflow/sandbox/lib/python3.8/site-packages/airflow/example_dags/tutorial_etl_dag.py
[2022-04-02 16:14:48,822] {scheduler_job.py:643} INFO - DAG(s) dict_keys(['tutorial_etl_dag']) retrieved from /home/airflow/sandbox/lib/python3.8/site-packages/airflow/example_dags/tutorial_etl_dag.py
[2022-04-02 16:14:48,864] {logging_mixin.py:104} INFO - [2022-04-02 16:14:48,864] {dag.py:1832} INFO - Sync 1 DAGs
[2022-04-02 16:14:48,887] {logging_mixin.py:104} INFO - [2022-04-02 16:14:48,887] {dag.py:2305} INFO - Setting next_dagrun for tutorial_etl_dag to None
[2022-04-02 16:14:48,923] {scheduler_job.py:190} INFO - Processing /home/airflow/sandbox/lib/python3.8/site-packages/airflow/example_dags/tutorial_etl_dag.py took 0.136 seconds
[2022-04-02 16:15:27,822] {scheduler_job.py:182} INFO - Started process (PID=3220) to work on /home/airflow/sandbox/lib/python3.8/site-packages/airflow/example_dags/tutorial_etl_dag.py
[2022-04-02 16:15:27,825] {scheduler_job.py:633} INFO - Processing file /home/airflow/sandbox/lib/python3.8/site-packages/airflow/example_dags/tutorial_etl_dag.py for tasks to queue
[2022-04-02 16:15:27,826] {logging_mixin.py:104} INFO - [2022-04-02 16:15:27,826] {dagbag.py:487} INFO - Filling up the DagBag from /home/airflow/sandbox/lib/python3.8/site-packages/airflow/example_dags/tutorial_etl_dag.py
[2022-04-02 16:15:27,840] {scheduler_job.py:643} INFO - DAG(s) dict_keys(['tutorial_etl_dag']) retrieved from /home/airflow/sandbox/lib/python3.8/site-packages/airflow/example_dags/tutorial_etl_dag.py
[2022-04-02 16:15:27,858] {logging_mixin.py:104} INFO - [2022-04-02 16:15:27,858] {dag.py:1832} INFO - Sync 1 DAGs
[2022-04-02 16:15:27,879] {logging_mixin.py:104} INFO - [2022-04-02 16:15:27,879] {dag.py:2305} INFO - Setting next_dagrun for tutorial_etl_dag to None
[2022-04-02 16:15:27,910] {scheduler_job.py:190} INFO - Processing /home/airflow/sandbox/lib/python3.8/site-packages/airflow/example_dags/tutorial_etl_dag.py took 0.094 seconds
[2022-04-02 16:16:06,798] {scheduler_job.py:182} INFO - Started process (PID=3252) to work on /home/airflow/sandbox/lib/python3.8/site-packages/airflow/example_dags/tutorial_etl_dag.py
[2022-04-02 16:16:06,801] {scheduler_job.py:633} INFO - Processing file /home/airflow/sandbox/lib/python3.8/site-packages/airflow/example_dags/tutorial_etl_dag.py for tasks to queue
[2022-04-02 16:16:06,801] {logging_mixin.py:104} INFO - [2022-04-02 16:16:06,801] {dagbag.py:487} INFO - Filling up the DagBag from /home/airflow/sandbox/lib/python3.8/site-packages/airflow/example_dags/tutorial_etl_dag.py
[2022-04-02 16:16:06,823] {scheduler_job.py:643} INFO - DAG(s) dict_keys(['tutorial_etl_dag']) retrieved from /home/airflow/sandbox/lib/python3.8/site-packages/airflow/example_dags/tutorial_etl_dag.py
[2022-04-02 16:16:06,844] {logging_mixin.py:104} INFO - [2022-04-02 16:16:06,844] {dag.py:1832} INFO - Sync 1 DAGs
[2022-04-02 16:16:06,868] {logging_mixin.py:104} INFO - [2022-04-02 16:16:06,868] {dag.py:2305} INFO - Setting next_dagrun for tutorial_etl_dag to None
[2022-04-02 16:16:06,891] {scheduler_job.py:190} INFO - Processing /home/airflow/sandbox/lib/python3.8/site-packages/airflow/example_dags/tutorial_etl_dag.py took 0.099 seconds
[2022-04-02 16:16:45,248] {scheduler_job.py:182} INFO - Started process (PID=3284) to work on /home/airflow/sandbox/lib/python3.8/site-packages/airflow/example_dags/tutorial_etl_dag.py
[2022-04-02 16:16:45,250] {scheduler_job.py:633} INFO - Processing file /home/airflow/sandbox/lib/python3.8/site-packages/airflow/example_dags/tutorial_etl_dag.py for tasks to queue
[2022-04-02 16:16:45,252] {logging_mixin.py:104} INFO - [2022-04-02 16:16:45,252] {dagbag.py:487} INFO - Filling up the DagBag from /home/airflow/sandbox/lib/python3.8/site-packages/airflow/example_dags/tutorial_etl_dag.py
[2022-04-02 16:16:45,274] {scheduler_job.py:643} INFO - DAG(s) dict_keys(['tutorial_etl_dag']) retrieved from /home/airflow/sandbox/lib/python3.8/site-packages/airflow/example_dags/tutorial_etl_dag.py
[2022-04-02 16:16:45,305] {logging_mixin.py:104} INFO - [2022-04-02 16:16:45,304] {dag.py:1832} INFO - Sync 1 DAGs
[2022-04-02 16:16:45,325] {logging_mixin.py:104} INFO - [2022-04-02 16:16:45,325] {dag.py:2305} INFO - Setting next_dagrun for tutorial_etl_dag to None
[2022-04-02 16:16:45,355] {scheduler_job.py:190} INFO - Processing /home/airflow/sandbox/lib/python3.8/site-packages/airflow/example_dags/tutorial_etl_dag.py took 0.113 seconds
[2022-04-02 16:17:22,897] {scheduler_job.py:182} INFO - Started process (PID=3327) to work on /home/airflow/sandbox/lib/python3.8/site-packages/airflow/example_dags/tutorial_etl_dag.py
[2022-04-02 16:17:22,898] {scheduler_job.py:633} INFO - Processing file /home/airflow/sandbox/lib/python3.8/site-packages/airflow/example_dags/tutorial_etl_dag.py for tasks to queue
[2022-04-02 16:17:22,899] {logging_mixin.py:104} INFO - [2022-04-02 16:17:22,899] {dagbag.py:487} INFO - Filling up the DagBag from /home/airflow/sandbox/lib/python3.8/site-packages/airflow/example_dags/tutorial_etl_dag.py
[2022-04-02 16:17:22,920] {scheduler_job.py:643} INFO - DAG(s) dict_keys(['tutorial_etl_dag']) retrieved from /home/airflow/sandbox/lib/python3.8/site-packages/airflow/example_dags/tutorial_etl_dag.py
[2022-04-02 16:17:22,941] {logging_mixin.py:104} INFO - [2022-04-02 16:17:22,941] {dag.py:1832} INFO - Sync 1 DAGs
[2022-04-02 16:17:22,967] {logging_mixin.py:104} INFO - [2022-04-02 16:17:22,967] {dag.py:2305} INFO - Setting next_dagrun for tutorial_etl_dag to None
[2022-04-02 16:17:23,003] {scheduler_job.py:190} INFO - Processing /home/airflow/sandbox/lib/python3.8/site-packages/airflow/example_dags/tutorial_etl_dag.py took 0.109 seconds
[2022-04-02 16:18:00,198] {scheduler_job.py:182} INFO - Started process (PID=3379) to work on /home/airflow/sandbox/lib/python3.8/site-packages/airflow/example_dags/tutorial_etl_dag.py
[2022-04-02 16:18:00,200] {scheduler_job.py:633} INFO - Processing file /home/airflow/sandbox/lib/python3.8/site-packages/airflow/example_dags/tutorial_etl_dag.py for tasks to queue
[2022-04-02 16:18:00,202] {logging_mixin.py:104} INFO - [2022-04-02 16:18:00,202] {dagbag.py:487} INFO - Filling up the DagBag from /home/airflow/sandbox/lib/python3.8/site-packages/airflow/example_dags/tutorial_etl_dag.py
[2022-04-02 16:18:00,227] {scheduler_job.py:643} INFO - DAG(s) dict_keys(['tutorial_etl_dag']) retrieved from /home/airflow/sandbox/lib/python3.8/site-packages/airflow/example_dags/tutorial_etl_dag.py
[2022-04-02 16:18:00,258] {logging_mixin.py:104} INFO - [2022-04-02 16:18:00,258] {dag.py:1832} INFO - Sync 1 DAGs
[2022-04-02 16:18:00,282] {logging_mixin.py:104} INFO - [2022-04-02 16:18:00,282] {dag.py:2305} INFO - Setting next_dagrun for tutorial_etl_dag to None
[2022-04-02 16:18:00,312] {scheduler_job.py:190} INFO - Processing /home/airflow/sandbox/lib/python3.8/site-packages/airflow/example_dags/tutorial_etl_dag.py took 0.131 seconds
[2022-04-02 16:18:39,500] {scheduler_job.py:182} INFO - Started process (PID=3451) to work on /home/airflow/sandbox/lib/python3.8/site-packages/airflow/example_dags/tutorial_etl_dag.py
[2022-04-02 16:18:39,503] {scheduler_job.py:633} INFO - Processing file /home/airflow/sandbox/lib/python3.8/site-packages/airflow/example_dags/tutorial_etl_dag.py for tasks to queue
[2022-04-02 16:18:39,504] {logging_mixin.py:104} INFO - [2022-04-02 16:18:39,504] {dagbag.py:487} INFO - Filling up the DagBag from /home/airflow/sandbox/lib/python3.8/site-packages/airflow/example_dags/tutorial_etl_dag.py
[2022-04-02 16:18:39,529] {scheduler_job.py:643} INFO - DAG(s) dict_keys(['tutorial_etl_dag']) retrieved from /home/airflow/sandbox/lib/python3.8/site-packages/airflow/example_dags/tutorial_etl_dag.py
[2022-04-02 16:18:39,560] {logging_mixin.py:104} INFO - [2022-04-02 16:18:39,559] {dag.py:1832} INFO - Sync 1 DAGs
[2022-04-02 16:18:39,571] {logging_mixin.py:104} INFO - [2022-04-02 16:18:39,571] {dag.py:2305} INFO - Setting next_dagrun for tutorial_etl_dag to None
[2022-04-02 16:18:39,596] {scheduler_job.py:190} INFO - Processing /home/airflow/sandbox/lib/python3.8/site-packages/airflow/example_dags/tutorial_etl_dag.py took 0.102 seconds
[2022-04-02 16:19:17,081] {scheduler_job.py:182} INFO - Started process (PID=3482) to work on /home/airflow/sandbox/lib/python3.8/site-packages/airflow/example_dags/tutorial_etl_dag.py
[2022-04-02 16:19:17,083] {scheduler_job.py:633} INFO - Processing file /home/airflow/sandbox/lib/python3.8/site-packages/airflow/example_dags/tutorial_etl_dag.py for tasks to queue
[2022-04-02 16:19:17,084] {logging_mixin.py:104} INFO - [2022-04-02 16:19:17,084] {dagbag.py:487} INFO - Filling up the DagBag from /home/airflow/sandbox/lib/python3.8/site-packages/airflow/example_dags/tutorial_etl_dag.py
[2022-04-02 16:19:17,109] {scheduler_job.py:643} INFO - DAG(s) dict_keys(['tutorial_etl_dag']) retrieved from /home/airflow/sandbox/lib/python3.8/site-packages/airflow/example_dags/tutorial_etl_dag.py
[2022-04-02 16:19:17,124] {logging_mixin.py:104} INFO - [2022-04-02 16:19:17,124] {dag.py:1832} INFO - Sync 1 DAGs
[2022-04-02 16:19:17,132] {logging_mixin.py:104} INFO - [2022-04-02 16:19:17,132] {dag.py:2305} INFO - Setting next_dagrun for tutorial_etl_dag to None
[2022-04-02 16:19:17,163] {scheduler_job.py:190} INFO - Processing /home/airflow/sandbox/lib/python3.8/site-packages/airflow/example_dags/tutorial_etl_dag.py took 0.089 seconds
[2022-04-02 16:20:00,240] {scheduler_job.py:182} INFO - Started process (PID=3616) to work on /home/airflow/sandbox/lib/python3.8/site-packages/airflow/example_dags/tutorial_etl_dag.py
[2022-04-02 16:20:00,241] {scheduler_job.py:633} INFO - Processing file /home/airflow/sandbox/lib/python3.8/site-packages/airflow/example_dags/tutorial_etl_dag.py for tasks to queue
[2022-04-02 16:20:00,242] {logging_mixin.py:104} INFO - [2022-04-02 16:20:00,242] {dagbag.py:487} INFO - Filling up the DagBag from /home/airflow/sandbox/lib/python3.8/site-packages/airflow/example_dags/tutorial_etl_dag.py
[2022-04-02 16:20:00,260] {scheduler_job.py:643} INFO - DAG(s) dict_keys(['tutorial_etl_dag']) retrieved from /home/airflow/sandbox/lib/python3.8/site-packages/airflow/example_dags/tutorial_etl_dag.py
[2022-04-02 16:20:00,294] {logging_mixin.py:104} INFO - [2022-04-02 16:20:00,294] {dag.py:1832} INFO - Sync 1 DAGs
[2022-04-02 16:20:00,319] {logging_mixin.py:104} INFO - [2022-04-02 16:20:00,319] {dag.py:2305} INFO - Setting next_dagrun for tutorial_etl_dag to None
[2022-04-02 16:20:00,352] {scheduler_job.py:190} INFO - Processing /home/airflow/sandbox/lib/python3.8/site-packages/airflow/example_dags/tutorial_etl_dag.py took 0.115 seconds
[2022-04-02 16:20:42,297] {scheduler_job.py:182} INFO - Started process (PID=3650) to work on /home/airflow/sandbox/lib/python3.8/site-packages/airflow/example_dags/tutorial_etl_dag.py
[2022-04-02 16:20:42,300] {scheduler_job.py:633} INFO - Processing file /home/airflow/sandbox/lib/python3.8/site-packages/airflow/example_dags/tutorial_etl_dag.py for tasks to queue
[2022-04-02 16:20:42,301] {logging_mixin.py:104} INFO - [2022-04-02 16:20:42,301] {dagbag.py:487} INFO - Filling up the DagBag from /home/airflow/sandbox/lib/python3.8/site-packages/airflow/example_dags/tutorial_etl_dag.py
[2022-04-02 16:20:42,317] {scheduler_job.py:643} INFO - DAG(s) dict_keys(['tutorial_etl_dag']) retrieved from /home/airflow/sandbox/lib/python3.8/site-packages/airflow/example_dags/tutorial_etl_dag.py
[2022-04-02 16:20:42,334] {logging_mixin.py:104} INFO - [2022-04-02 16:20:42,333] {dag.py:1832} INFO - Sync 1 DAGs
[2022-04-02 16:20:42,342] {logging_mixin.py:104} INFO - [2022-04-02 16:20:42,342] {dag.py:2305} INFO - Setting next_dagrun for tutorial_etl_dag to None
[2022-04-02 16:20:42,363] {scheduler_job.py:190} INFO - Processing /home/airflow/sandbox/lib/python3.8/site-packages/airflow/example_dags/tutorial_etl_dag.py took 0.071 seconds
[2022-04-02 16:21:19,869] {scheduler_job.py:182} INFO - Started process (PID=3682) to work on /home/airflow/sandbox/lib/python3.8/site-packages/airflow/example_dags/tutorial_etl_dag.py
[2022-04-02 16:21:19,872] {scheduler_job.py:633} INFO - Processing file /home/airflow/sandbox/lib/python3.8/site-packages/airflow/example_dags/tutorial_etl_dag.py for tasks to queue
[2022-04-02 16:21:19,873] {logging_mixin.py:104} INFO - [2022-04-02 16:21:19,873] {dagbag.py:487} INFO - Filling up the DagBag from /home/airflow/sandbox/lib/python3.8/site-packages/airflow/example_dags/tutorial_etl_dag.py
[2022-04-02 16:21:19,901] {scheduler_job.py:643} INFO - DAG(s) dict_keys(['tutorial_etl_dag']) retrieved from /home/airflow/sandbox/lib/python3.8/site-packages/airflow/example_dags/tutorial_etl_dag.py
[2022-04-02 16:21:19,923] {logging_mixin.py:104} INFO - [2022-04-02 16:21:19,923] {dag.py:1832} INFO - Sync 1 DAGs
[2022-04-02 16:21:19,946] {logging_mixin.py:104} INFO - [2022-04-02 16:21:19,946] {dag.py:2305} INFO - Setting next_dagrun for tutorial_etl_dag to None
[2022-04-02 16:21:19,991] {scheduler_job.py:190} INFO - Processing /home/airflow/sandbox/lib/python3.8/site-packages/airflow/example_dags/tutorial_etl_dag.py took 0.128 seconds
[2022-04-02 16:22:02,466] {scheduler_job.py:182} INFO - Started process (PID=3718) to work on /home/airflow/sandbox/lib/python3.8/site-packages/airflow/example_dags/tutorial_etl_dag.py
[2022-04-02 16:22:02,468] {scheduler_job.py:633} INFO - Processing file /home/airflow/sandbox/lib/python3.8/site-packages/airflow/example_dags/tutorial_etl_dag.py for tasks to queue
[2022-04-02 16:22:02,470] {logging_mixin.py:104} INFO - [2022-04-02 16:22:02,469] {dagbag.py:487} INFO - Filling up the DagBag from /home/airflow/sandbox/lib/python3.8/site-packages/airflow/example_dags/tutorial_etl_dag.py
[2022-04-02 16:22:02,492] {scheduler_job.py:643} INFO - DAG(s) dict_keys(['tutorial_etl_dag']) retrieved from /home/airflow/sandbox/lib/python3.8/site-packages/airflow/example_dags/tutorial_etl_dag.py
[2022-04-02 16:22:02,511] {logging_mixin.py:104} INFO - [2022-04-02 16:22:02,511] {dag.py:1832} INFO - Sync 1 DAGs
[2022-04-02 16:22:02,543] {logging_mixin.py:104} INFO - [2022-04-02 16:22:02,543] {dag.py:2305} INFO - Setting next_dagrun for tutorial_etl_dag to None
[2022-04-02 16:22:02,580] {scheduler_job.py:190} INFO - Processing /home/airflow/sandbox/lib/python3.8/site-packages/airflow/example_dags/tutorial_etl_dag.py took 0.120 seconds
[2022-04-02 16:22:36,507] {scheduler_job.py:182} INFO - Started process (PID=3747) to work on /home/airflow/sandbox/lib/python3.8/site-packages/airflow/example_dags/tutorial_etl_dag.py
[2022-04-02 16:22:36,510] {scheduler_job.py:633} INFO - Processing file /home/airflow/sandbox/lib/python3.8/site-packages/airflow/example_dags/tutorial_etl_dag.py for tasks to queue
[2022-04-02 16:22:36,511] {logging_mixin.py:104} INFO - [2022-04-02 16:22:36,511] {dagbag.py:487} INFO - Filling up the DagBag from /home/airflow/sandbox/lib/python3.8/site-packages/airflow/example_dags/tutorial_etl_dag.py
[2022-04-02 16:22:36,523] {scheduler_job.py:643} INFO - DAG(s) dict_keys(['tutorial_etl_dag']) retrieved from /home/airflow/sandbox/lib/python3.8/site-packages/airflow/example_dags/tutorial_etl_dag.py
[2022-04-02 16:22:36,534] {logging_mixin.py:104} INFO - [2022-04-02 16:22:36,534] {dag.py:1832} INFO - Sync 1 DAGs
[2022-04-02 16:22:36,546] {logging_mixin.py:104} INFO - [2022-04-02 16:22:36,545] {dag.py:2305} INFO - Setting next_dagrun for tutorial_etl_dag to None
[2022-04-02 16:22:36,577] {scheduler_job.py:190} INFO - Processing /home/airflow/sandbox/lib/python3.8/site-packages/airflow/example_dags/tutorial_etl_dag.py took 0.077 seconds
[2022-04-02 16:23:14,373] {scheduler_job.py:182} INFO - Started process (PID=3820) to work on /home/airflow/sandbox/lib/python3.8/site-packages/airflow/example_dags/tutorial_etl_dag.py
[2022-04-02 16:23:14,374] {scheduler_job.py:633} INFO - Processing file /home/airflow/sandbox/lib/python3.8/site-packages/airflow/example_dags/tutorial_etl_dag.py for tasks to queue
[2022-04-02 16:23:14,375] {logging_mixin.py:104} INFO - [2022-04-02 16:23:14,375] {dagbag.py:487} INFO - Filling up the DagBag from /home/airflow/sandbox/lib/python3.8/site-packages/airflow/example_dags/tutorial_etl_dag.py
[2022-04-02 16:23:14,396] {scheduler_job.py:643} INFO - DAG(s) dict_keys(['tutorial_etl_dag']) retrieved from /home/airflow/sandbox/lib/python3.8/site-packages/airflow/example_dags/tutorial_etl_dag.py
[2022-04-02 16:23:14,423] {logging_mixin.py:104} INFO - [2022-04-02 16:23:14,422] {dag.py:1832} INFO - Sync 1 DAGs
[2022-04-02 16:23:14,446] {logging_mixin.py:104} INFO - [2022-04-02 16:23:14,446] {dag.py:2305} INFO - Setting next_dagrun for tutorial_etl_dag to None
[2022-04-02 16:23:14,477] {scheduler_job.py:190} INFO - Processing /home/airflow/sandbox/lib/python3.8/site-packages/airflow/example_dags/tutorial_etl_dag.py took 0.109 seconds
[2022-04-02 16:23:51,732] {scheduler_job.py:182} INFO - Started process (PID=3853) to work on /home/airflow/sandbox/lib/python3.8/site-packages/airflow/example_dags/tutorial_etl_dag.py
[2022-04-02 16:23:51,733] {scheduler_job.py:633} INFO - Processing file /home/airflow/sandbox/lib/python3.8/site-packages/airflow/example_dags/tutorial_etl_dag.py for tasks to queue
[2022-04-02 16:23:51,735] {logging_mixin.py:104} INFO - [2022-04-02 16:23:51,735] {dagbag.py:487} INFO - Filling up the DagBag from /home/airflow/sandbox/lib/python3.8/site-packages/airflow/example_dags/tutorial_etl_dag.py
[2022-04-02 16:23:51,753] {scheduler_job.py:643} INFO - DAG(s) dict_keys(['tutorial_etl_dag']) retrieved from /home/airflow/sandbox/lib/python3.8/site-packages/airflow/example_dags/tutorial_etl_dag.py
[2022-04-02 16:23:51,782] {logging_mixin.py:104} INFO - [2022-04-02 16:23:51,782] {dag.py:1832} INFO - Sync 1 DAGs
[2022-04-02 16:23:51,802] {logging_mixin.py:104} INFO - [2022-04-02 16:23:51,801] {dag.py:2305} INFO - Setting next_dagrun for tutorial_etl_dag to None
[2022-04-02 16:23:51,830] {scheduler_job.py:190} INFO - Processing /home/airflow/sandbox/lib/python3.8/site-packages/airflow/example_dags/tutorial_etl_dag.py took 0.102 seconds
[2022-04-02 16:24:28,783] {scheduler_job.py:182} INFO - Started process (PID=3883) to work on /home/airflow/sandbox/lib/python3.8/site-packages/airflow/example_dags/tutorial_etl_dag.py
[2022-04-02 16:24:28,784] {scheduler_job.py:633} INFO - Processing file /home/airflow/sandbox/lib/python3.8/site-packages/airflow/example_dags/tutorial_etl_dag.py for tasks to queue
[2022-04-02 16:24:28,785] {logging_mixin.py:104} INFO - [2022-04-02 16:24:28,785] {dagbag.py:487} INFO - Filling up the DagBag from /home/airflow/sandbox/lib/python3.8/site-packages/airflow/example_dags/tutorial_etl_dag.py
[2022-04-02 16:24:28,804] {scheduler_job.py:643} INFO - DAG(s) dict_keys(['tutorial_etl_dag']) retrieved from /home/airflow/sandbox/lib/python3.8/site-packages/airflow/example_dags/tutorial_etl_dag.py
[2022-04-02 16:24:28,835] {logging_mixin.py:104} INFO - [2022-04-02 16:24:28,835] {dag.py:1832} INFO - Sync 1 DAGs
[2022-04-02 16:24:28,849] {logging_mixin.py:104} INFO - [2022-04-02 16:24:28,849] {dag.py:2305} INFO - Setting next_dagrun for tutorial_etl_dag to None
[2022-04-02 16:24:28,873] {scheduler_job.py:190} INFO - Processing /home/airflow/sandbox/lib/python3.8/site-packages/airflow/example_dags/tutorial_etl_dag.py took 0.094 seconds
[2022-04-02 16:25:10,869] {scheduler_job.py:182} INFO - Started process (PID=3918) to work on /home/airflow/sandbox/lib/python3.8/site-packages/airflow/example_dags/tutorial_etl_dag.py
[2022-04-02 16:25:10,871] {scheduler_job.py:633} INFO - Processing file /home/airflow/sandbox/lib/python3.8/site-packages/airflow/example_dags/tutorial_etl_dag.py for tasks to queue
[2022-04-02 16:25:10,873] {logging_mixin.py:104} INFO - [2022-04-02 16:25:10,873] {dagbag.py:487} INFO - Filling up the DagBag from /home/airflow/sandbox/lib/python3.8/site-packages/airflow/example_dags/tutorial_etl_dag.py
[2022-04-02 16:25:10,902] {scheduler_job.py:643} INFO - DAG(s) dict_keys(['tutorial_etl_dag']) retrieved from /home/airflow/sandbox/lib/python3.8/site-packages/airflow/example_dags/tutorial_etl_dag.py
[2022-04-02 16:25:10,945] {logging_mixin.py:104} INFO - [2022-04-02 16:25:10,944] {dag.py:1832} INFO - Sync 1 DAGs
[2022-04-02 16:25:10,972] {logging_mixin.py:104} INFO - [2022-04-02 16:25:10,972] {dag.py:2305} INFO - Setting next_dagrun for tutorial_etl_dag to None
[2022-04-02 16:25:11,000] {scheduler_job.py:190} INFO - Processing /home/airflow/sandbox/lib/python3.8/site-packages/airflow/example_dags/tutorial_etl_dag.py took 0.138 seconds
[2022-04-02 16:25:50,539] {scheduler_job.py:182} INFO - Started process (PID=3950) to work on /home/airflow/sandbox/lib/python3.8/site-packages/airflow/example_dags/tutorial_etl_dag.py
[2022-04-02 16:25:50,540] {scheduler_job.py:633} INFO - Processing file /home/airflow/sandbox/lib/python3.8/site-packages/airflow/example_dags/tutorial_etl_dag.py for tasks to queue
[2022-04-02 16:25:50,542] {logging_mixin.py:104} INFO - [2022-04-02 16:25:50,542] {dagbag.py:487} INFO - Filling up the DagBag from /home/airflow/sandbox/lib/python3.8/site-packages/airflow/example_dags/tutorial_etl_dag.py
[2022-04-02 16:25:50,566] {scheduler_job.py:643} INFO - DAG(s) dict_keys(['tutorial_etl_dag']) retrieved from /home/airflow/sandbox/lib/python3.8/site-packages/airflow/example_dags/tutorial_etl_dag.py
[2022-04-02 16:25:50,592] {logging_mixin.py:104} INFO - [2022-04-02 16:25:50,592] {dag.py:1832} INFO - Sync 1 DAGs
[2022-04-02 16:25:50,610] {logging_mixin.py:104} INFO - [2022-04-02 16:25:50,610] {dag.py:2305} INFO - Setting next_dagrun for tutorial_etl_dag to None
[2022-04-02 16:25:50,642] {scheduler_job.py:190} INFO - Processing /home/airflow/sandbox/lib/python3.8/site-packages/airflow/example_dags/tutorial_etl_dag.py took 0.109 seconds
[2022-04-02 16:26:27,106] {scheduler_job.py:182} INFO - Started process (PID=3981) to work on /home/airflow/sandbox/lib/python3.8/site-packages/airflow/example_dags/tutorial_etl_dag.py
[2022-04-02 16:26:27,108] {scheduler_job.py:633} INFO - Processing file /home/airflow/sandbox/lib/python3.8/site-packages/airflow/example_dags/tutorial_etl_dag.py for tasks to queue
[2022-04-02 16:26:27,109] {logging_mixin.py:104} INFO - [2022-04-02 16:26:27,109] {dagbag.py:487} INFO - Filling up the DagBag from /home/airflow/sandbox/lib/python3.8/site-packages/airflow/example_dags/tutorial_etl_dag.py
[2022-04-02 16:26:27,125] {scheduler_job.py:643} INFO - DAG(s) dict_keys(['tutorial_etl_dag']) retrieved from /home/airflow/sandbox/lib/python3.8/site-packages/airflow/example_dags/tutorial_etl_dag.py
[2022-04-02 16:26:27,153] {logging_mixin.py:104} INFO - [2022-04-02 16:26:27,153] {dag.py:1832} INFO - Sync 1 DAGs
[2022-04-02 16:26:27,165] {logging_mixin.py:104} INFO - [2022-04-02 16:26:27,165] {dag.py:2305} INFO - Setting next_dagrun for tutorial_etl_dag to None
[2022-04-02 16:26:27,202] {scheduler_job.py:190} INFO - Processing /home/airflow/sandbox/lib/python3.8/site-packages/airflow/example_dags/tutorial_etl_dag.py took 0.101 seconds
[2022-04-02 16:27:04,226] {scheduler_job.py:182} INFO - Started process (PID=4011) to work on /home/airflow/sandbox/lib/python3.8/site-packages/airflow/example_dags/tutorial_etl_dag.py
[2022-04-02 16:27:04,228] {scheduler_job.py:633} INFO - Processing file /home/airflow/sandbox/lib/python3.8/site-packages/airflow/example_dags/tutorial_etl_dag.py for tasks to queue
[2022-04-02 16:27:04,229] {logging_mixin.py:104} INFO - [2022-04-02 16:27:04,229] {dagbag.py:487} INFO - Filling up the DagBag from /home/airflow/sandbox/lib/python3.8/site-packages/airflow/example_dags/tutorial_etl_dag.py
[2022-04-02 16:27:04,254] {scheduler_job.py:643} INFO - DAG(s) dict_keys(['tutorial_etl_dag']) retrieved from /home/airflow/sandbox/lib/python3.8/site-packages/airflow/example_dags/tutorial_etl_dag.py
[2022-04-02 16:27:04,296] {logging_mixin.py:104} INFO - [2022-04-02 16:27:04,295] {dag.py:1832} INFO - Sync 1 DAGs
[2022-04-02 16:27:04,316] {logging_mixin.py:104} INFO - [2022-04-02 16:27:04,316] {dag.py:2305} INFO - Setting next_dagrun for tutorial_etl_dag to None
[2022-04-02 16:27:04,352] {scheduler_job.py:190} INFO - Processing /home/airflow/sandbox/lib/python3.8/site-packages/airflow/example_dags/tutorial_etl_dag.py took 0.134 seconds
