[2022-04-02 16:14:02,935] {scheduler_job.py:182} INFO - Started process (PID=3153) to work on /home/airflow/sandbox/lib/python3.8/site-packages/airflow/example_dags/tutorial_taskflow_api_etl_virtualenv.py
[2022-04-02 16:14:02,936] {scheduler_job.py:633} INFO - Processing file /home/airflow/sandbox/lib/python3.8/site-packages/airflow/example_dags/tutorial_taskflow_api_etl_virtualenv.py for tasks to queue
[2022-04-02 16:14:02,938] {logging_mixin.py:104} INFO - [2022-04-02 16:14:02,938] {dagbag.py:487} INFO - Filling up the DagBag from /home/airflow/sandbox/lib/python3.8/site-packages/airflow/example_dags/tutorial_taskflow_api_etl_virtualenv.py
[2022-04-02 16:14:02,961] {scheduler_job.py:643} INFO - DAG(s) dict_keys(['tutorial_taskflow_api_etl_virtualenv']) retrieved from /home/airflow/sandbox/lib/python3.8/site-packages/airflow/example_dags/tutorial_taskflow_api_etl_virtualenv.py
[2022-04-02 16:14:03,371] {logging_mixin.py:104} INFO - [2022-04-02 16:14:03,371] {dag.py:1832} INFO - Sync 1 DAGs
[2022-04-02 16:14:03,384] {logging_mixin.py:104} INFO - [2022-04-02 16:14:03,383] {dag.py:2305} INFO - Setting next_dagrun for tutorial_taskflow_api_etl_virtualenv to None
[2022-04-02 16:14:03,408] {scheduler_job.py:190} INFO - Processing /home/airflow/sandbox/lib/python3.8/site-packages/airflow/example_dags/tutorial_taskflow_api_etl_virtualenv.py took 0.476 seconds
[2022-04-02 16:14:45,904] {scheduler_job.py:182} INFO - Started process (PID=3186) to work on /home/airflow/sandbox/lib/python3.8/site-packages/airflow/example_dags/tutorial_taskflow_api_etl_virtualenv.py
[2022-04-02 16:14:45,908] {scheduler_job.py:633} INFO - Processing file /home/airflow/sandbox/lib/python3.8/site-packages/airflow/example_dags/tutorial_taskflow_api_etl_virtualenv.py for tasks to queue
[2022-04-02 16:14:45,909] {logging_mixin.py:104} INFO - [2022-04-02 16:14:45,908] {dagbag.py:487} INFO - Filling up the DagBag from /home/airflow/sandbox/lib/python3.8/site-packages/airflow/example_dags/tutorial_taskflow_api_etl_virtualenv.py
[2022-04-02 16:14:45,930] {scheduler_job.py:643} INFO - DAG(s) dict_keys(['tutorial_taskflow_api_etl_virtualenv']) retrieved from /home/airflow/sandbox/lib/python3.8/site-packages/airflow/example_dags/tutorial_taskflow_api_etl_virtualenv.py
[2022-04-02 16:14:46,344] {logging_mixin.py:104} INFO - [2022-04-02 16:14:46,344] {dag.py:1832} INFO - Sync 1 DAGs
[2022-04-02 16:14:46,358] {logging_mixin.py:104} INFO - [2022-04-02 16:14:46,358] {dag.py:2305} INFO - Setting next_dagrun for tutorial_taskflow_api_etl_virtualenv to None
[2022-04-02 16:14:46,393] {scheduler_job.py:190} INFO - Processing /home/airflow/sandbox/lib/python3.8/site-packages/airflow/example_dags/tutorial_taskflow_api_etl_virtualenv.py took 0.494 seconds
[2022-04-02 16:15:24,888] {scheduler_job.py:182} INFO - Started process (PID=3218) to work on /home/airflow/sandbox/lib/python3.8/site-packages/airflow/example_dags/tutorial_taskflow_api_etl_virtualenv.py
[2022-04-02 16:15:24,891] {scheduler_job.py:633} INFO - Processing file /home/airflow/sandbox/lib/python3.8/site-packages/airflow/example_dags/tutorial_taskflow_api_etl_virtualenv.py for tasks to queue
[2022-04-02 16:15:24,892] {logging_mixin.py:104} INFO - [2022-04-02 16:15:24,891] {dagbag.py:487} INFO - Filling up the DagBag from /home/airflow/sandbox/lib/python3.8/site-packages/airflow/example_dags/tutorial_taskflow_api_etl_virtualenv.py
[2022-04-02 16:15:24,914] {scheduler_job.py:643} INFO - DAG(s) dict_keys(['tutorial_taskflow_api_etl_virtualenv']) retrieved from /home/airflow/sandbox/lib/python3.8/site-packages/airflow/example_dags/tutorial_taskflow_api_etl_virtualenv.py
[2022-04-02 16:15:25,443] {logging_mixin.py:104} INFO - [2022-04-02 16:15:25,442] {dag.py:1832} INFO - Sync 1 DAGs
[2022-04-02 16:15:25,460] {logging_mixin.py:104} INFO - [2022-04-02 16:15:25,460] {dag.py:2305} INFO - Setting next_dagrun for tutorial_taskflow_api_etl_virtualenv to None
[2022-04-02 16:15:25,491] {scheduler_job.py:190} INFO - Processing /home/airflow/sandbox/lib/python3.8/site-packages/airflow/example_dags/tutorial_taskflow_api_etl_virtualenv.py took 0.610 seconds
[2022-04-02 16:16:04,112] {scheduler_job.py:182} INFO - Started process (PID=3250) to work on /home/airflow/sandbox/lib/python3.8/site-packages/airflow/example_dags/tutorial_taskflow_api_etl_virtualenv.py
[2022-04-02 16:16:04,114] {scheduler_job.py:633} INFO - Processing file /home/airflow/sandbox/lib/python3.8/site-packages/airflow/example_dags/tutorial_taskflow_api_etl_virtualenv.py for tasks to queue
[2022-04-02 16:16:04,116] {logging_mixin.py:104} INFO - [2022-04-02 16:16:04,116] {dagbag.py:487} INFO - Filling up the DagBag from /home/airflow/sandbox/lib/python3.8/site-packages/airflow/example_dags/tutorial_taskflow_api_etl_virtualenv.py
[2022-04-02 16:16:04,145] {scheduler_job.py:643} INFO - DAG(s) dict_keys(['tutorial_taskflow_api_etl_virtualenv']) retrieved from /home/airflow/sandbox/lib/python3.8/site-packages/airflow/example_dags/tutorial_taskflow_api_etl_virtualenv.py
[2022-04-02 16:16:04,641] {logging_mixin.py:104} INFO - [2022-04-02 16:16:04,641] {dag.py:1832} INFO - Sync 1 DAGs
[2022-04-02 16:16:04,658] {logging_mixin.py:104} INFO - [2022-04-02 16:16:04,658] {dag.py:2305} INFO - Setting next_dagrun for tutorial_taskflow_api_etl_virtualenv to None
[2022-04-02 16:16:04,687] {scheduler_job.py:190} INFO - Processing /home/airflow/sandbox/lib/python3.8/site-packages/airflow/example_dags/tutorial_taskflow_api_etl_virtualenv.py took 0.581 seconds
[2022-04-02 16:16:42,240] {scheduler_job.py:182} INFO - Started process (PID=3282) to work on /home/airflow/sandbox/lib/python3.8/site-packages/airflow/example_dags/tutorial_taskflow_api_etl_virtualenv.py
[2022-04-02 16:16:42,242] {scheduler_job.py:633} INFO - Processing file /home/airflow/sandbox/lib/python3.8/site-packages/airflow/example_dags/tutorial_taskflow_api_etl_virtualenv.py for tasks to queue
[2022-04-02 16:16:42,243] {logging_mixin.py:104} INFO - [2022-04-02 16:16:42,243] {dagbag.py:487} INFO - Filling up the DagBag from /home/airflow/sandbox/lib/python3.8/site-packages/airflow/example_dags/tutorial_taskflow_api_etl_virtualenv.py
[2022-04-02 16:16:42,266] {scheduler_job.py:643} INFO - DAG(s) dict_keys(['tutorial_taskflow_api_etl_virtualenv']) retrieved from /home/airflow/sandbox/lib/python3.8/site-packages/airflow/example_dags/tutorial_taskflow_api_etl_virtualenv.py
[2022-04-02 16:16:42,732] {logging_mixin.py:104} INFO - [2022-04-02 16:16:42,732] {dag.py:1832} INFO - Sync 1 DAGs
[2022-04-02 16:16:42,749] {logging_mixin.py:104} INFO - [2022-04-02 16:16:42,749] {dag.py:2305} INFO - Setting next_dagrun for tutorial_taskflow_api_etl_virtualenv to None
[2022-04-02 16:16:42,798] {scheduler_job.py:190} INFO - Processing /home/airflow/sandbox/lib/python3.8/site-packages/airflow/example_dags/tutorial_taskflow_api_etl_virtualenv.py took 0.566 seconds
[2022-04-02 16:17:20,029] {scheduler_job.py:182} INFO - Started process (PID=3325) to work on /home/airflow/sandbox/lib/python3.8/site-packages/airflow/example_dags/tutorial_taskflow_api_etl_virtualenv.py
[2022-04-02 16:17:20,030] {scheduler_job.py:633} INFO - Processing file /home/airflow/sandbox/lib/python3.8/site-packages/airflow/example_dags/tutorial_taskflow_api_etl_virtualenv.py for tasks to queue
[2022-04-02 16:17:20,031] {logging_mixin.py:104} INFO - [2022-04-02 16:17:20,031] {dagbag.py:487} INFO - Filling up the DagBag from /home/airflow/sandbox/lib/python3.8/site-packages/airflow/example_dags/tutorial_taskflow_api_etl_virtualenv.py
[2022-04-02 16:17:20,060] {scheduler_job.py:643} INFO - DAG(s) dict_keys(['tutorial_taskflow_api_etl_virtualenv']) retrieved from /home/airflow/sandbox/lib/python3.8/site-packages/airflow/example_dags/tutorial_taskflow_api_etl_virtualenv.py
[2022-04-02 16:17:20,472] {logging_mixin.py:104} INFO - [2022-04-02 16:17:20,472] {dag.py:1832} INFO - Sync 1 DAGs
[2022-04-02 16:17:20,493] {logging_mixin.py:104} INFO - [2022-04-02 16:17:20,493] {dag.py:2305} INFO - Setting next_dagrun for tutorial_taskflow_api_etl_virtualenv to None
[2022-04-02 16:17:20,523] {scheduler_job.py:190} INFO - Processing /home/airflow/sandbox/lib/python3.8/site-packages/airflow/example_dags/tutorial_taskflow_api_etl_virtualenv.py took 0.500 seconds
[2022-04-02 16:17:57,213] {scheduler_job.py:182} INFO - Started process (PID=3356) to work on /home/airflow/sandbox/lib/python3.8/site-packages/airflow/example_dags/tutorial_taskflow_api_etl_virtualenv.py
[2022-04-02 16:17:57,219] {scheduler_job.py:633} INFO - Processing file /home/airflow/sandbox/lib/python3.8/site-packages/airflow/example_dags/tutorial_taskflow_api_etl_virtualenv.py for tasks to queue
[2022-04-02 16:17:57,221] {logging_mixin.py:104} INFO - [2022-04-02 16:17:57,221] {dagbag.py:487} INFO - Filling up the DagBag from /home/airflow/sandbox/lib/python3.8/site-packages/airflow/example_dags/tutorial_taskflow_api_etl_virtualenv.py
[2022-04-02 16:17:57,253] {scheduler_job.py:643} INFO - DAG(s) dict_keys(['tutorial_taskflow_api_etl_virtualenv']) retrieved from /home/airflow/sandbox/lib/python3.8/site-packages/airflow/example_dags/tutorial_taskflow_api_etl_virtualenv.py
[2022-04-02 16:17:57,755] {logging_mixin.py:104} INFO - [2022-04-02 16:17:57,754] {dag.py:1832} INFO - Sync 1 DAGs
[2022-04-02 16:17:57,768] {logging_mixin.py:104} INFO - [2022-04-02 16:17:57,768] {dag.py:2305} INFO - Setting next_dagrun for tutorial_taskflow_api_etl_virtualenv to None
[2022-04-02 16:17:57,803] {scheduler_job.py:190} INFO - Processing /home/airflow/sandbox/lib/python3.8/site-packages/airflow/example_dags/tutorial_taskflow_api_etl_virtualenv.py took 0.593 seconds
[2022-04-02 16:18:36,749] {scheduler_job.py:182} INFO - Started process (PID=3449) to work on /home/airflow/sandbox/lib/python3.8/site-packages/airflow/example_dags/tutorial_taskflow_api_etl_virtualenv.py
[2022-04-02 16:18:36,750] {scheduler_job.py:633} INFO - Processing file /home/airflow/sandbox/lib/python3.8/site-packages/airflow/example_dags/tutorial_taskflow_api_etl_virtualenv.py for tasks to queue
[2022-04-02 16:18:36,752] {logging_mixin.py:104} INFO - [2022-04-02 16:18:36,752] {dagbag.py:487} INFO - Filling up the DagBag from /home/airflow/sandbox/lib/python3.8/site-packages/airflow/example_dags/tutorial_taskflow_api_etl_virtualenv.py
[2022-04-02 16:18:36,778] {scheduler_job.py:643} INFO - DAG(s) dict_keys(['tutorial_taskflow_api_etl_virtualenv']) retrieved from /home/airflow/sandbox/lib/python3.8/site-packages/airflow/example_dags/tutorial_taskflow_api_etl_virtualenv.py
[2022-04-02 16:18:37,250] {logging_mixin.py:104} INFO - [2022-04-02 16:18:37,250] {dag.py:1832} INFO - Sync 1 DAGs
[2022-04-02 16:18:37,261] {logging_mixin.py:104} INFO - [2022-04-02 16:18:37,261] {dag.py:2305} INFO - Setting next_dagrun for tutorial_taskflow_api_etl_virtualenv to None
[2022-04-02 16:18:37,306] {scheduler_job.py:190} INFO - Processing /home/airflow/sandbox/lib/python3.8/site-packages/airflow/example_dags/tutorial_taskflow_api_etl_virtualenv.py took 0.563 seconds
[2022-04-02 16:19:14,366] {scheduler_job.py:182} INFO - Started process (PID=3480) to work on /home/airflow/sandbox/lib/python3.8/site-packages/airflow/example_dags/tutorial_taskflow_api_etl_virtualenv.py
[2022-04-02 16:19:14,368] {scheduler_job.py:633} INFO - Processing file /home/airflow/sandbox/lib/python3.8/site-packages/airflow/example_dags/tutorial_taskflow_api_etl_virtualenv.py for tasks to queue
[2022-04-02 16:19:14,369] {logging_mixin.py:104} INFO - [2022-04-02 16:19:14,368] {dagbag.py:487} INFO - Filling up the DagBag from /home/airflow/sandbox/lib/python3.8/site-packages/airflow/example_dags/tutorial_taskflow_api_etl_virtualenv.py
[2022-04-02 16:19:14,397] {scheduler_job.py:643} INFO - DAG(s) dict_keys(['tutorial_taskflow_api_etl_virtualenv']) retrieved from /home/airflow/sandbox/lib/python3.8/site-packages/airflow/example_dags/tutorial_taskflow_api_etl_virtualenv.py
[2022-04-02 16:19:14,822] {logging_mixin.py:104} INFO - [2022-04-02 16:19:14,821] {dag.py:1832} INFO - Sync 1 DAGs
[2022-04-02 16:19:14,836] {logging_mixin.py:104} INFO - [2022-04-02 16:19:14,836] {dag.py:2305} INFO - Setting next_dagrun for tutorial_taskflow_api_etl_virtualenv to None
[2022-04-02 16:19:14,867] {scheduler_job.py:190} INFO - Processing /home/airflow/sandbox/lib/python3.8/site-packages/airflow/example_dags/tutorial_taskflow_api_etl_virtualenv.py took 0.506 seconds
[2022-04-02 16:19:57,502] {scheduler_job.py:182} INFO - Started process (PID=3614) to work on /home/airflow/sandbox/lib/python3.8/site-packages/airflow/example_dags/tutorial_taskflow_api_etl_virtualenv.py
[2022-04-02 16:19:57,503] {scheduler_job.py:633} INFO - Processing file /home/airflow/sandbox/lib/python3.8/site-packages/airflow/example_dags/tutorial_taskflow_api_etl_virtualenv.py for tasks to queue
[2022-04-02 16:19:57,504] {logging_mixin.py:104} INFO - [2022-04-02 16:19:57,504] {dagbag.py:487} INFO - Filling up the DagBag from /home/airflow/sandbox/lib/python3.8/site-packages/airflow/example_dags/tutorial_taskflow_api_etl_virtualenv.py
[2022-04-02 16:19:57,524] {scheduler_job.py:643} INFO - DAG(s) dict_keys(['tutorial_taskflow_api_etl_virtualenv']) retrieved from /home/airflow/sandbox/lib/python3.8/site-packages/airflow/example_dags/tutorial_taskflow_api_etl_virtualenv.py
[2022-04-02 16:19:57,842] {logging_mixin.py:104} INFO - [2022-04-02 16:19:57,842] {dag.py:1832} INFO - Sync 1 DAGs
[2022-04-02 16:19:57,852] {logging_mixin.py:104} INFO - [2022-04-02 16:19:57,852] {dag.py:2305} INFO - Setting next_dagrun for tutorial_taskflow_api_etl_virtualenv to None
[2022-04-02 16:19:57,874] {scheduler_job.py:190} INFO - Processing /home/airflow/sandbox/lib/python3.8/site-packages/airflow/example_dags/tutorial_taskflow_api_etl_virtualenv.py took 0.375 seconds
[2022-04-02 16:20:39,360] {scheduler_job.py:182} INFO - Started process (PID=3648) to work on /home/airflow/sandbox/lib/python3.8/site-packages/airflow/example_dags/tutorial_taskflow_api_etl_virtualenv.py
[2022-04-02 16:20:39,362] {scheduler_job.py:633} INFO - Processing file /home/airflow/sandbox/lib/python3.8/site-packages/airflow/example_dags/tutorial_taskflow_api_etl_virtualenv.py for tasks to queue
[2022-04-02 16:20:39,364] {logging_mixin.py:104} INFO - [2022-04-02 16:20:39,363] {dagbag.py:487} INFO - Filling up the DagBag from /home/airflow/sandbox/lib/python3.8/site-packages/airflow/example_dags/tutorial_taskflow_api_etl_virtualenv.py
[2022-04-02 16:20:39,384] {scheduler_job.py:643} INFO - DAG(s) dict_keys(['tutorial_taskflow_api_etl_virtualenv']) retrieved from /home/airflow/sandbox/lib/python3.8/site-packages/airflow/example_dags/tutorial_taskflow_api_etl_virtualenv.py
[2022-04-02 16:20:39,858] {logging_mixin.py:104} INFO - [2022-04-02 16:20:39,858] {dag.py:1832} INFO - Sync 1 DAGs
[2022-04-02 16:20:39,868] {logging_mixin.py:104} INFO - [2022-04-02 16:20:39,868] {dag.py:2305} INFO - Setting next_dagrun for tutorial_taskflow_api_etl_virtualenv to None
[2022-04-02 16:20:39,898] {scheduler_job.py:190} INFO - Processing /home/airflow/sandbox/lib/python3.8/site-packages/airflow/example_dags/tutorial_taskflow_api_etl_virtualenv.py took 0.543 seconds
[2022-04-02 16:21:17,026] {scheduler_job.py:182} INFO - Started process (PID=3680) to work on /home/airflow/sandbox/lib/python3.8/site-packages/airflow/example_dags/tutorial_taskflow_api_etl_virtualenv.py
[2022-04-02 16:21:17,028] {scheduler_job.py:633} INFO - Processing file /home/airflow/sandbox/lib/python3.8/site-packages/airflow/example_dags/tutorial_taskflow_api_etl_virtualenv.py for tasks to queue
[2022-04-02 16:21:17,029] {logging_mixin.py:104} INFO - [2022-04-02 16:21:17,029] {dagbag.py:487} INFO - Filling up the DagBag from /home/airflow/sandbox/lib/python3.8/site-packages/airflow/example_dags/tutorial_taskflow_api_etl_virtualenv.py
[2022-04-02 16:21:17,058] {scheduler_job.py:643} INFO - DAG(s) dict_keys(['tutorial_taskflow_api_etl_virtualenv']) retrieved from /home/airflow/sandbox/lib/python3.8/site-packages/airflow/example_dags/tutorial_taskflow_api_etl_virtualenv.py
[2022-04-02 16:21:17,415] {logging_mixin.py:104} INFO - [2022-04-02 16:21:17,415] {dag.py:1832} INFO - Sync 1 DAGs
[2022-04-02 16:21:17,425] {logging_mixin.py:104} INFO - [2022-04-02 16:21:17,425] {dag.py:2305} INFO - Setting next_dagrun for tutorial_taskflow_api_etl_virtualenv to None
[2022-04-02 16:21:17,452] {scheduler_job.py:190} INFO - Processing /home/airflow/sandbox/lib/python3.8/site-packages/airflow/example_dags/tutorial_taskflow_api_etl_virtualenv.py took 0.435 seconds
[2022-04-02 16:21:48,929] {scheduler_job.py:182} INFO - Started process (PID=3707) to work on /home/airflow/sandbox/lib/python3.8/site-packages/airflow/example_dags/tutorial_taskflow_api_etl_virtualenv.py
[2022-04-02 16:21:48,931] {scheduler_job.py:633} INFO - Processing file /home/airflow/sandbox/lib/python3.8/site-packages/airflow/example_dags/tutorial_taskflow_api_etl_virtualenv.py for tasks to queue
[2022-04-02 16:21:48,933] {logging_mixin.py:104} INFO - [2022-04-02 16:21:48,932] {dagbag.py:487} INFO - Filling up the DagBag from /home/airflow/sandbox/lib/python3.8/site-packages/airflow/example_dags/tutorial_taskflow_api_etl_virtualenv.py
[2022-04-02 16:21:48,969] {scheduler_job.py:643} INFO - DAG(s) dict_keys(['tutorial_taskflow_api_etl_virtualenv']) retrieved from /home/airflow/sandbox/lib/python3.8/site-packages/airflow/example_dags/tutorial_taskflow_api_etl_virtualenv.py
[2022-04-02 16:21:49,422] {logging_mixin.py:104} INFO - [2022-04-02 16:21:49,421] {dag.py:1832} INFO - Sync 1 DAGs
[2022-04-02 16:21:49,436] {logging_mixin.py:104} INFO - [2022-04-02 16:21:49,436] {dag.py:2305} INFO - Setting next_dagrun for tutorial_taskflow_api_etl_virtualenv to None
[2022-04-02 16:21:49,462] {scheduler_job.py:190} INFO - Processing /home/airflow/sandbox/lib/python3.8/site-packages/airflow/example_dags/tutorial_taskflow_api_etl_virtualenv.py took 0.538 seconds
[2022-04-02 16:22:26,857] {scheduler_job.py:182} INFO - Started process (PID=3739) to work on /home/airflow/sandbox/lib/python3.8/site-packages/airflow/example_dags/tutorial_taskflow_api_etl_virtualenv.py
[2022-04-02 16:22:26,870] {scheduler_job.py:633} INFO - Processing file /home/airflow/sandbox/lib/python3.8/site-packages/airflow/example_dags/tutorial_taskflow_api_etl_virtualenv.py for tasks to queue
[2022-04-02 16:22:26,872] {logging_mixin.py:104} INFO - [2022-04-02 16:22:26,872] {dagbag.py:487} INFO - Filling up the DagBag from /home/airflow/sandbox/lib/python3.8/site-packages/airflow/example_dags/tutorial_taskflow_api_etl_virtualenv.py
[2022-04-02 16:22:26,919] {scheduler_job.py:643} INFO - DAG(s) dict_keys(['tutorial_taskflow_api_etl_virtualenv']) retrieved from /home/airflow/sandbox/lib/python3.8/site-packages/airflow/example_dags/tutorial_taskflow_api_etl_virtualenv.py
[2022-04-02 16:22:27,267] {logging_mixin.py:104} INFO - [2022-04-02 16:22:27,267] {dag.py:1832} INFO - Sync 1 DAGs
[2022-04-02 16:22:27,277] {logging_mixin.py:104} INFO - [2022-04-02 16:22:27,276] {dag.py:2305} INFO - Setting next_dagrun for tutorial_taskflow_api_etl_virtualenv to None
[2022-04-02 16:22:27,297] {scheduler_job.py:190} INFO - Processing /home/airflow/sandbox/lib/python3.8/site-packages/airflow/example_dags/tutorial_taskflow_api_etl_virtualenv.py took 0.448 seconds
[2022-04-02 16:23:05,136] {scheduler_job.py:182} INFO - Started process (PID=3813) to work on /home/airflow/sandbox/lib/python3.8/site-packages/airflow/example_dags/tutorial_taskflow_api_etl_virtualenv.py
[2022-04-02 16:23:05,138] {scheduler_job.py:633} INFO - Processing file /home/airflow/sandbox/lib/python3.8/site-packages/airflow/example_dags/tutorial_taskflow_api_etl_virtualenv.py for tasks to queue
[2022-04-02 16:23:05,139] {logging_mixin.py:104} INFO - [2022-04-02 16:23:05,139] {dagbag.py:487} INFO - Filling up the DagBag from /home/airflow/sandbox/lib/python3.8/site-packages/airflow/example_dags/tutorial_taskflow_api_etl_virtualenv.py
[2022-04-02 16:23:05,155] {scheduler_job.py:643} INFO - DAG(s) dict_keys(['tutorial_taskflow_api_etl_virtualenv']) retrieved from /home/airflow/sandbox/lib/python3.8/site-packages/airflow/example_dags/tutorial_taskflow_api_etl_virtualenv.py
[2022-04-02 16:23:05,645] {logging_mixin.py:104} INFO - [2022-04-02 16:23:05,644] {dag.py:1832} INFO - Sync 1 DAGs
[2022-04-02 16:23:05,657] {logging_mixin.py:104} INFO - [2022-04-02 16:23:05,657] {dag.py:2305} INFO - Setting next_dagrun for tutorial_taskflow_api_etl_virtualenv to None
[2022-04-02 16:23:05,687] {scheduler_job.py:190} INFO - Processing /home/airflow/sandbox/lib/python3.8/site-packages/airflow/example_dags/tutorial_taskflow_api_etl_virtualenv.py took 0.559 seconds
[2022-04-02 16:23:42,289] {scheduler_job.py:182} INFO - Started process (PID=3846) to work on /home/airflow/sandbox/lib/python3.8/site-packages/airflow/example_dags/tutorial_taskflow_api_etl_virtualenv.py
[2022-04-02 16:23:42,291] {scheduler_job.py:633} INFO - Processing file /home/airflow/sandbox/lib/python3.8/site-packages/airflow/example_dags/tutorial_taskflow_api_etl_virtualenv.py for tasks to queue
[2022-04-02 16:23:42,292] {logging_mixin.py:104} INFO - [2022-04-02 16:23:42,292] {dagbag.py:487} INFO - Filling up the DagBag from /home/airflow/sandbox/lib/python3.8/site-packages/airflow/example_dags/tutorial_taskflow_api_etl_virtualenv.py
[2022-04-02 16:23:42,322] {scheduler_job.py:643} INFO - DAG(s) dict_keys(['tutorial_taskflow_api_etl_virtualenv']) retrieved from /home/airflow/sandbox/lib/python3.8/site-packages/airflow/example_dags/tutorial_taskflow_api_etl_virtualenv.py
[2022-04-02 16:23:42,788] {logging_mixin.py:104} INFO - [2022-04-02 16:23:42,788] {dag.py:1832} INFO - Sync 1 DAGs
[2022-04-02 16:23:42,800] {logging_mixin.py:104} INFO - [2022-04-02 16:23:42,800] {dag.py:2305} INFO - Setting next_dagrun for tutorial_taskflow_api_etl_virtualenv to None
[2022-04-02 16:23:42,835] {scheduler_job.py:190} INFO - Processing /home/airflow/sandbox/lib/python3.8/site-packages/airflow/example_dags/tutorial_taskflow_api_etl_virtualenv.py took 0.551 seconds
[2022-04-02 16:24:17,016] {scheduler_job.py:182} INFO - Started process (PID=3874) to work on /home/airflow/sandbox/lib/python3.8/site-packages/airflow/example_dags/tutorial_taskflow_api_etl_virtualenv.py
[2022-04-02 16:24:17,019] {scheduler_job.py:633} INFO - Processing file /home/airflow/sandbox/lib/python3.8/site-packages/airflow/example_dags/tutorial_taskflow_api_etl_virtualenv.py for tasks to queue
[2022-04-02 16:24:17,021] {logging_mixin.py:104} INFO - [2022-04-02 16:24:17,021] {dagbag.py:487} INFO - Filling up the DagBag from /home/airflow/sandbox/lib/python3.8/site-packages/airflow/example_dags/tutorial_taskflow_api_etl_virtualenv.py
[2022-04-02 16:24:17,057] {scheduler_job.py:643} INFO - DAG(s) dict_keys(['tutorial_taskflow_api_etl_virtualenv']) retrieved from /home/airflow/sandbox/lib/python3.8/site-packages/airflow/example_dags/tutorial_taskflow_api_etl_virtualenv.py
[2022-04-02 16:24:17,535] {logging_mixin.py:104} INFO - [2022-04-02 16:24:17,534] {dag.py:1832} INFO - Sync 1 DAGs
[2022-04-02 16:24:17,549] {logging_mixin.py:104} INFO - [2022-04-02 16:24:17,549] {dag.py:2305} INFO - Setting next_dagrun for tutorial_taskflow_api_etl_virtualenv to None
[2022-04-02 16:24:17,576] {scheduler_job.py:190} INFO - Processing /home/airflow/sandbox/lib/python3.8/site-packages/airflow/example_dags/tutorial_taskflow_api_etl_virtualenv.py took 0.566 seconds
[2022-04-02 16:25:00,494] {scheduler_job.py:182} INFO - Started process (PID=3909) to work on /home/airflow/sandbox/lib/python3.8/site-packages/airflow/example_dags/tutorial_taskflow_api_etl_virtualenv.py
[2022-04-02 16:25:00,496] {scheduler_job.py:633} INFO - Processing file /home/airflow/sandbox/lib/python3.8/site-packages/airflow/example_dags/tutorial_taskflow_api_etl_virtualenv.py for tasks to queue
[2022-04-02 16:25:00,497] {logging_mixin.py:104} INFO - [2022-04-02 16:25:00,497] {dagbag.py:487} INFO - Filling up the DagBag from /home/airflow/sandbox/lib/python3.8/site-packages/airflow/example_dags/tutorial_taskflow_api_etl_virtualenv.py
[2022-04-02 16:25:00,530] {scheduler_job.py:643} INFO - DAG(s) dict_keys(['tutorial_taskflow_api_etl_virtualenv']) retrieved from /home/airflow/sandbox/lib/python3.8/site-packages/airflow/example_dags/tutorial_taskflow_api_etl_virtualenv.py
[2022-04-02 16:25:01,029] {logging_mixin.py:104} INFO - [2022-04-02 16:25:01,029] {dag.py:1832} INFO - Sync 1 DAGs
[2022-04-02 16:25:01,036] {logging_mixin.py:104} INFO - [2022-04-02 16:25:01,036] {dag.py:2305} INFO - Setting next_dagrun for tutorial_taskflow_api_etl_virtualenv to None
[2022-04-02 16:25:01,060] {scheduler_job.py:190} INFO - Processing /home/airflow/sandbox/lib/python3.8/site-packages/airflow/example_dags/tutorial_taskflow_api_etl_virtualenv.py took 0.570 seconds
[2022-04-02 16:25:39,764] {scheduler_job.py:182} INFO - Started process (PID=3941) to work on /home/airflow/sandbox/lib/python3.8/site-packages/airflow/example_dags/tutorial_taskflow_api_etl_virtualenv.py
[2022-04-02 16:25:39,766] {scheduler_job.py:633} INFO - Processing file /home/airflow/sandbox/lib/python3.8/site-packages/airflow/example_dags/tutorial_taskflow_api_etl_virtualenv.py for tasks to queue
[2022-04-02 16:25:39,768] {logging_mixin.py:104} INFO - [2022-04-02 16:25:39,768] {dagbag.py:487} INFO - Filling up the DagBag from /home/airflow/sandbox/lib/python3.8/site-packages/airflow/example_dags/tutorial_taskflow_api_etl_virtualenv.py
[2022-04-02 16:25:39,799] {scheduler_job.py:643} INFO - DAG(s) dict_keys(['tutorial_taskflow_api_etl_virtualenv']) retrieved from /home/airflow/sandbox/lib/python3.8/site-packages/airflow/example_dags/tutorial_taskflow_api_etl_virtualenv.py
[2022-04-02 16:25:40,141] {logging_mixin.py:104} INFO - [2022-04-02 16:25:40,141] {dag.py:1832} INFO - Sync 1 DAGs
[2022-04-02 16:25:40,156] {logging_mixin.py:104} INFO - [2022-04-02 16:25:40,156] {dag.py:2305} INFO - Setting next_dagrun for tutorial_taskflow_api_etl_virtualenv to None
[2022-04-02 16:25:40,194] {scheduler_job.py:190} INFO - Processing /home/airflow/sandbox/lib/python3.8/site-packages/airflow/example_dags/tutorial_taskflow_api_etl_virtualenv.py took 0.436 seconds
[2022-04-02 16:26:17,392] {scheduler_job.py:182} INFO - Started process (PID=3972) to work on /home/airflow/sandbox/lib/python3.8/site-packages/airflow/example_dags/tutorial_taskflow_api_etl_virtualenv.py
[2022-04-02 16:26:17,394] {scheduler_job.py:633} INFO - Processing file /home/airflow/sandbox/lib/python3.8/site-packages/airflow/example_dags/tutorial_taskflow_api_etl_virtualenv.py for tasks to queue
[2022-04-02 16:26:17,395] {logging_mixin.py:104} INFO - [2022-04-02 16:26:17,395] {dagbag.py:487} INFO - Filling up the DagBag from /home/airflow/sandbox/lib/python3.8/site-packages/airflow/example_dags/tutorial_taskflow_api_etl_virtualenv.py
[2022-04-02 16:26:17,415] {scheduler_job.py:643} INFO - DAG(s) dict_keys(['tutorial_taskflow_api_etl_virtualenv']) retrieved from /home/airflow/sandbox/lib/python3.8/site-packages/airflow/example_dags/tutorial_taskflow_api_etl_virtualenv.py
[2022-04-02 16:26:17,910] {logging_mixin.py:104} INFO - [2022-04-02 16:26:17,910] {dag.py:1832} INFO - Sync 1 DAGs
[2022-04-02 16:26:17,917] {logging_mixin.py:104} INFO - [2022-04-02 16:26:17,917] {dag.py:2305} INFO - Setting next_dagrun for tutorial_taskflow_api_etl_virtualenv to None
[2022-04-02 16:26:17,950] {scheduler_job.py:190} INFO - Processing /home/airflow/sandbox/lib/python3.8/site-packages/airflow/example_dags/tutorial_taskflow_api_etl_virtualenv.py took 0.568 seconds
[2022-04-02 16:26:53,169] {scheduler_job.py:182} INFO - Started process (PID=4002) to work on /home/airflow/sandbox/lib/python3.8/site-packages/airflow/example_dags/tutorial_taskflow_api_etl_virtualenv.py
[2022-04-02 16:26:53,172] {scheduler_job.py:633} INFO - Processing file /home/airflow/sandbox/lib/python3.8/site-packages/airflow/example_dags/tutorial_taskflow_api_etl_virtualenv.py for tasks to queue
[2022-04-02 16:26:53,172] {logging_mixin.py:104} INFO - [2022-04-02 16:26:53,172] {dagbag.py:487} INFO - Filling up the DagBag from /home/airflow/sandbox/lib/python3.8/site-packages/airflow/example_dags/tutorial_taskflow_api_etl_virtualenv.py
[2022-04-02 16:26:53,198] {scheduler_job.py:643} INFO - DAG(s) dict_keys(['tutorial_taskflow_api_etl_virtualenv']) retrieved from /home/airflow/sandbox/lib/python3.8/site-packages/airflow/example_dags/tutorial_taskflow_api_etl_virtualenv.py
[2022-04-02 16:26:53,636] {logging_mixin.py:104} INFO - [2022-04-02 16:26:53,636] {dag.py:1832} INFO - Sync 1 DAGs
[2022-04-02 16:26:53,651] {logging_mixin.py:104} INFO - [2022-04-02 16:26:53,651] {dag.py:2305} INFO - Setting next_dagrun for tutorial_taskflow_api_etl_virtualenv to None
[2022-04-02 16:26:53,689] {scheduler_job.py:190} INFO - Processing /home/airflow/sandbox/lib/python3.8/site-packages/airflow/example_dags/tutorial_taskflow_api_etl_virtualenv.py took 0.528 seconds
