[2022-04-02 16:14:18,168] {scheduler_job.py:182} INFO - Started process (PID=3164) to work on /home/airflow/sandbox/lib/python3.8/site-packages/airflow/example_dags/tutorial_taskflow_api_etl.py
[2022-04-02 16:14:18,170] {scheduler_job.py:633} INFO - Processing file /home/airflow/sandbox/lib/python3.8/site-packages/airflow/example_dags/tutorial_taskflow_api_etl.py for tasks to queue
[2022-04-02 16:14:18,171] {logging_mixin.py:104} INFO - [2022-04-02 16:14:18,171] {dagbag.py:487} INFO - Filling up the DagBag from /home/airflow/sandbox/lib/python3.8/site-packages/airflow/example_dags/tutorial_taskflow_api_etl.py
[2022-04-02 16:14:18,204] {scheduler_job.py:643} INFO - DAG(s) dict_keys(['tutorial_taskflow_api_etl']) retrieved from /home/airflow/sandbox/lib/python3.8/site-packages/airflow/example_dags/tutorial_taskflow_api_etl.py
[2022-04-02 16:14:18,617] {logging_mixin.py:104} INFO - [2022-04-02 16:14:18,616] {dag.py:1832} INFO - Sync 1 DAGs
[2022-04-02 16:14:18,624] {logging_mixin.py:104} INFO - [2022-04-02 16:14:18,624] {dag.py:2305} INFO - Setting next_dagrun for tutorial_taskflow_api_etl to None
[2022-04-02 16:14:18,652] {scheduler_job.py:190} INFO - Processing /home/airflow/sandbox/lib/python3.8/site-packages/airflow/example_dags/tutorial_taskflow_api_etl.py took 0.491 seconds
[2022-04-02 16:14:59,190] {scheduler_job.py:182} INFO - Started process (PID=3197) to work on /home/airflow/sandbox/lib/python3.8/site-packages/airflow/example_dags/tutorial_taskflow_api_etl.py
[2022-04-02 16:14:59,193] {scheduler_job.py:633} INFO - Processing file /home/airflow/sandbox/lib/python3.8/site-packages/airflow/example_dags/tutorial_taskflow_api_etl.py for tasks to queue
[2022-04-02 16:14:59,195] {logging_mixin.py:104} INFO - [2022-04-02 16:14:59,194] {dagbag.py:487} INFO - Filling up the DagBag from /home/airflow/sandbox/lib/python3.8/site-packages/airflow/example_dags/tutorial_taskflow_api_etl.py
[2022-04-02 16:14:59,236] {scheduler_job.py:643} INFO - DAG(s) dict_keys(['tutorial_taskflow_api_etl']) retrieved from /home/airflow/sandbox/lib/python3.8/site-packages/airflow/example_dags/tutorial_taskflow_api_etl.py
[2022-04-02 16:14:59,674] {logging_mixin.py:104} INFO - [2022-04-02 16:14:59,674] {dag.py:1832} INFO - Sync 1 DAGs
[2022-04-02 16:14:59,700] {logging_mixin.py:104} INFO - [2022-04-02 16:14:59,700] {dag.py:2305} INFO - Setting next_dagrun for tutorial_taskflow_api_etl to None
[2022-04-02 16:14:59,724] {scheduler_job.py:190} INFO - Processing /home/airflow/sandbox/lib/python3.8/site-packages/airflow/example_dags/tutorial_taskflow_api_etl.py took 0.541 seconds
[2022-04-02 16:15:37,965] {scheduler_job.py:182} INFO - Started process (PID=3229) to work on /home/airflow/sandbox/lib/python3.8/site-packages/airflow/example_dags/tutorial_taskflow_api_etl.py
[2022-04-02 16:15:37,966] {scheduler_job.py:633} INFO - Processing file /home/airflow/sandbox/lib/python3.8/site-packages/airflow/example_dags/tutorial_taskflow_api_etl.py for tasks to queue
[2022-04-02 16:15:37,967] {logging_mixin.py:104} INFO - [2022-04-02 16:15:37,967] {dagbag.py:487} INFO - Filling up the DagBag from /home/airflow/sandbox/lib/python3.8/site-packages/airflow/example_dags/tutorial_taskflow_api_etl.py
[2022-04-02 16:15:37,996] {scheduler_job.py:643} INFO - DAG(s) dict_keys(['tutorial_taskflow_api_etl']) retrieved from /home/airflow/sandbox/lib/python3.8/site-packages/airflow/example_dags/tutorial_taskflow_api_etl.py
[2022-04-02 16:15:38,482] {logging_mixin.py:104} INFO - [2022-04-02 16:15:38,482] {dag.py:1832} INFO - Sync 1 DAGs
[2022-04-02 16:15:38,489] {logging_mixin.py:104} INFO - [2022-04-02 16:15:38,489] {dag.py:2305} INFO - Setting next_dagrun for tutorial_taskflow_api_etl to None
[2022-04-02 16:15:38,521] {scheduler_job.py:190} INFO - Processing /home/airflow/sandbox/lib/python3.8/site-packages/airflow/example_dags/tutorial_taskflow_api_etl.py took 0.563 seconds
[2022-04-02 16:16:17,175] {scheduler_job.py:182} INFO - Started process (PID=3261) to work on /home/airflow/sandbox/lib/python3.8/site-packages/airflow/example_dags/tutorial_taskflow_api_etl.py
[2022-04-02 16:16:17,180] {scheduler_job.py:633} INFO - Processing file /home/airflow/sandbox/lib/python3.8/site-packages/airflow/example_dags/tutorial_taskflow_api_etl.py for tasks to queue
[2022-04-02 16:16:17,181] {logging_mixin.py:104} INFO - [2022-04-02 16:16:17,181] {dagbag.py:487} INFO - Filling up the DagBag from /home/airflow/sandbox/lib/python3.8/site-packages/airflow/example_dags/tutorial_taskflow_api_etl.py
[2022-04-02 16:16:17,215] {scheduler_job.py:643} INFO - DAG(s) dict_keys(['tutorial_taskflow_api_etl']) retrieved from /home/airflow/sandbox/lib/python3.8/site-packages/airflow/example_dags/tutorial_taskflow_api_etl.py
[2022-04-02 16:16:17,681] {logging_mixin.py:104} INFO - [2022-04-02 16:16:17,681] {dag.py:1832} INFO - Sync 1 DAGs
[2022-04-02 16:16:17,699] {logging_mixin.py:104} INFO - [2022-04-02 16:16:17,699] {dag.py:2305} INFO - Setting next_dagrun for tutorial_taskflow_api_etl to None
[2022-04-02 16:16:17,726] {scheduler_job.py:190} INFO - Processing /home/airflow/sandbox/lib/python3.8/site-packages/airflow/example_dags/tutorial_taskflow_api_etl.py took 0.557 seconds
[2022-04-02 16:16:54,557] {scheduler_job.py:182} INFO - Started process (PID=3293) to work on /home/airflow/sandbox/lib/python3.8/site-packages/airflow/example_dags/tutorial_taskflow_api_etl.py
[2022-04-02 16:16:54,560] {scheduler_job.py:633} INFO - Processing file /home/airflow/sandbox/lib/python3.8/site-packages/airflow/example_dags/tutorial_taskflow_api_etl.py for tasks to queue
[2022-04-02 16:16:54,561] {logging_mixin.py:104} INFO - [2022-04-02 16:16:54,561] {dagbag.py:487} INFO - Filling up the DagBag from /home/airflow/sandbox/lib/python3.8/site-packages/airflow/example_dags/tutorial_taskflow_api_etl.py
[2022-04-02 16:16:54,590] {scheduler_job.py:643} INFO - DAG(s) dict_keys(['tutorial_taskflow_api_etl']) retrieved from /home/airflow/sandbox/lib/python3.8/site-packages/airflow/example_dags/tutorial_taskflow_api_etl.py
[2022-04-02 16:16:55,011] {logging_mixin.py:104} INFO - [2022-04-02 16:16:55,011] {dag.py:1832} INFO - Sync 1 DAGs
[2022-04-02 16:16:55,025] {logging_mixin.py:104} INFO - [2022-04-02 16:16:55,024] {dag.py:2305} INFO - Setting next_dagrun for tutorial_taskflow_api_etl to None
[2022-04-02 16:16:55,056] {scheduler_job.py:190} INFO - Processing /home/airflow/sandbox/lib/python3.8/site-packages/airflow/example_dags/tutorial_taskflow_api_etl.py took 0.503 seconds
[2022-04-02 16:17:36,023] {scheduler_job.py:182} INFO - Started process (PID=3339) to work on /home/airflow/sandbox/lib/python3.8/site-packages/airflow/example_dags/tutorial_taskflow_api_etl.py
[2022-04-02 16:17:36,025] {scheduler_job.py:633} INFO - Processing file /home/airflow/sandbox/lib/python3.8/site-packages/airflow/example_dags/tutorial_taskflow_api_etl.py for tasks to queue
[2022-04-02 16:17:36,026] {logging_mixin.py:104} INFO - [2022-04-02 16:17:36,026] {dagbag.py:487} INFO - Filling up the DagBag from /home/airflow/sandbox/lib/python3.8/site-packages/airflow/example_dags/tutorial_taskflow_api_etl.py
[2022-04-02 16:17:36,045] {scheduler_job.py:643} INFO - DAG(s) dict_keys(['tutorial_taskflow_api_etl']) retrieved from /home/airflow/sandbox/lib/python3.8/site-packages/airflow/example_dags/tutorial_taskflow_api_etl.py
[2022-04-02 16:17:36,453] {logging_mixin.py:104} INFO - [2022-04-02 16:17:36,453] {dag.py:1832} INFO - Sync 1 DAGs
[2022-04-02 16:17:36,472] {logging_mixin.py:104} INFO - [2022-04-02 16:17:36,472] {dag.py:2305} INFO - Setting next_dagrun for tutorial_taskflow_api_etl to None
[2022-04-02 16:17:36,510] {scheduler_job.py:190} INFO - Processing /home/airflow/sandbox/lib/python3.8/site-packages/airflow/example_dags/tutorial_taskflow_api_etl.py took 0.493 seconds
[2022-04-02 16:18:15,553] {scheduler_job.py:182} INFO - Started process (PID=3432) to work on /home/airflow/sandbox/lib/python3.8/site-packages/airflow/example_dags/tutorial_taskflow_api_etl.py
[2022-04-02 16:18:15,555] {scheduler_job.py:633} INFO - Processing file /home/airflow/sandbox/lib/python3.8/site-packages/airflow/example_dags/tutorial_taskflow_api_etl.py for tasks to queue
[2022-04-02 16:18:15,556] {logging_mixin.py:104} INFO - [2022-04-02 16:18:15,556] {dagbag.py:487} INFO - Filling up the DagBag from /home/airflow/sandbox/lib/python3.8/site-packages/airflow/example_dags/tutorial_taskflow_api_etl.py
[2022-04-02 16:18:15,584] {scheduler_job.py:643} INFO - DAG(s) dict_keys(['tutorial_taskflow_api_etl']) retrieved from /home/airflow/sandbox/lib/python3.8/site-packages/airflow/example_dags/tutorial_taskflow_api_etl.py
[2022-04-02 16:18:16,036] {logging_mixin.py:104} INFO - [2022-04-02 16:18:16,036] {dag.py:1832} INFO - Sync 1 DAGs
[2022-04-02 16:18:16,054] {logging_mixin.py:104} INFO - [2022-04-02 16:18:16,053] {dag.py:2305} INFO - Setting next_dagrun for tutorial_taskflow_api_etl to None
[2022-04-02 16:18:16,090] {scheduler_job.py:190} INFO - Processing /home/airflow/sandbox/lib/python3.8/site-packages/airflow/example_dags/tutorial_taskflow_api_etl.py took 0.545 seconds
[2022-04-02 16:19:02,504] {scheduler_job.py:182} INFO - Started process (PID=3471) to work on /home/airflow/sandbox/lib/python3.8/site-packages/airflow/example_dags/tutorial_taskflow_api_etl.py
[2022-04-02 16:19:02,505] {scheduler_job.py:633} INFO - Processing file /home/airflow/sandbox/lib/python3.8/site-packages/airflow/example_dags/tutorial_taskflow_api_etl.py for tasks to queue
[2022-04-02 16:19:02,506] {logging_mixin.py:104} INFO - [2022-04-02 16:19:02,506] {dagbag.py:487} INFO - Filling up the DagBag from /home/airflow/sandbox/lib/python3.8/site-packages/airflow/example_dags/tutorial_taskflow_api_etl.py
[2022-04-02 16:19:02,543] {scheduler_job.py:643} INFO - DAG(s) dict_keys(['tutorial_taskflow_api_etl']) retrieved from /home/airflow/sandbox/lib/python3.8/site-packages/airflow/example_dags/tutorial_taskflow_api_etl.py
[2022-04-02 16:19:02,999] {logging_mixin.py:104} INFO - [2022-04-02 16:19:02,999] {dag.py:1832} INFO - Sync 1 DAGs
[2022-04-02 16:19:03,011] {logging_mixin.py:104} INFO - [2022-04-02 16:19:03,011] {dag.py:2305} INFO - Setting next_dagrun for tutorial_taskflow_api_etl to None
[2022-04-02 16:19:03,036] {scheduler_job.py:190} INFO - Processing /home/airflow/sandbox/lib/python3.8/site-packages/airflow/example_dags/tutorial_taskflow_api_etl.py took 0.540 seconds
[2022-04-02 16:19:48,317] {scheduler_job.py:182} INFO - Started process (PID=3607) to work on /home/airflow/sandbox/lib/python3.8/site-packages/airflow/example_dags/tutorial_taskflow_api_etl.py
[2022-04-02 16:19:48,319] {scheduler_job.py:633} INFO - Processing file /home/airflow/sandbox/lib/python3.8/site-packages/airflow/example_dags/tutorial_taskflow_api_etl.py for tasks to queue
[2022-04-02 16:19:48,320] {logging_mixin.py:104} INFO - [2022-04-02 16:19:48,319] {dagbag.py:487} INFO - Filling up the DagBag from /home/airflow/sandbox/lib/python3.8/site-packages/airflow/example_dags/tutorial_taskflow_api_etl.py
[2022-04-02 16:19:48,338] {scheduler_job.py:643} INFO - DAG(s) dict_keys(['tutorial_taskflow_api_etl']) retrieved from /home/airflow/sandbox/lib/python3.8/site-packages/airflow/example_dags/tutorial_taskflow_api_etl.py
[2022-04-02 16:19:48,771] {logging_mixin.py:104} INFO - [2022-04-02 16:19:48,770] {dag.py:1832} INFO - Sync 1 DAGs
[2022-04-02 16:19:48,785] {logging_mixin.py:104} INFO - [2022-04-02 16:19:48,785] {dag.py:2305} INFO - Setting next_dagrun for tutorial_taskflow_api_etl to None
[2022-04-02 16:19:48,815] {scheduler_job.py:190} INFO - Processing /home/airflow/sandbox/lib/python3.8/site-packages/airflow/example_dags/tutorial_taskflow_api_etl.py took 0.501 seconds
[2022-04-02 16:20:29,455] {scheduler_job.py:182} INFO - Started process (PID=3641) to work on /home/airflow/sandbox/lib/python3.8/site-packages/airflow/example_dags/tutorial_taskflow_api_etl.py
[2022-04-02 16:20:29,459] {scheduler_job.py:633} INFO - Processing file /home/airflow/sandbox/lib/python3.8/site-packages/airflow/example_dags/tutorial_taskflow_api_etl.py for tasks to queue
[2022-04-02 16:20:29,460] {logging_mixin.py:104} INFO - [2022-04-02 16:20:29,460] {dagbag.py:487} INFO - Filling up the DagBag from /home/airflow/sandbox/lib/python3.8/site-packages/airflow/example_dags/tutorial_taskflow_api_etl.py
[2022-04-02 16:20:29,498] {scheduler_job.py:643} INFO - DAG(s) dict_keys(['tutorial_taskflow_api_etl']) retrieved from /home/airflow/sandbox/lib/python3.8/site-packages/airflow/example_dags/tutorial_taskflow_api_etl.py
[2022-04-02 16:20:29,888] {logging_mixin.py:104} INFO - [2022-04-02 16:20:29,887] {dag.py:1832} INFO - Sync 1 DAGs
[2022-04-02 16:20:29,901] {logging_mixin.py:104} INFO - [2022-04-02 16:20:29,901] {dag.py:2305} INFO - Setting next_dagrun for tutorial_taskflow_api_etl to None
[2022-04-02 16:20:29,930] {scheduler_job.py:190} INFO - Processing /home/airflow/sandbox/lib/python3.8/site-packages/airflow/example_dags/tutorial_taskflow_api_etl.py took 0.482 seconds
[2022-04-02 16:21:11,826] {scheduler_job.py:182} INFO - Started process (PID=3675) to work on /home/airflow/sandbox/lib/python3.8/site-packages/airflow/example_dags/tutorial_taskflow_api_etl.py
[2022-04-02 16:21:11,827] {scheduler_job.py:633} INFO - Processing file /home/airflow/sandbox/lib/python3.8/site-packages/airflow/example_dags/tutorial_taskflow_api_etl.py for tasks to queue
[2022-04-02 16:21:11,828] {logging_mixin.py:104} INFO - [2022-04-02 16:21:11,828] {dagbag.py:487} INFO - Filling up the DagBag from /home/airflow/sandbox/lib/python3.8/site-packages/airflow/example_dags/tutorial_taskflow_api_etl.py
[2022-04-02 16:21:11,854] {scheduler_job.py:643} INFO - DAG(s) dict_keys(['tutorial_taskflow_api_etl']) retrieved from /home/airflow/sandbox/lib/python3.8/site-packages/airflow/example_dags/tutorial_taskflow_api_etl.py
[2022-04-02 16:21:12,352] {logging_mixin.py:104} INFO - [2022-04-02 16:21:12,352] {dag.py:1832} INFO - Sync 1 DAGs
[2022-04-02 16:21:12,366] {logging_mixin.py:104} INFO - [2022-04-02 16:21:12,366] {dag.py:2305} INFO - Setting next_dagrun for tutorial_taskflow_api_etl to None
[2022-04-02 16:21:12,397] {scheduler_job.py:190} INFO - Processing /home/airflow/sandbox/lib/python3.8/site-packages/airflow/example_dags/tutorial_taskflow_api_etl.py took 0.578 seconds
[2022-04-02 16:21:51,805] {scheduler_job.py:182} INFO - Started process (PID=3709) to work on /home/airflow/sandbox/lib/python3.8/site-packages/airflow/example_dags/tutorial_taskflow_api_etl.py
[2022-04-02 16:21:51,807] {scheduler_job.py:633} INFO - Processing file /home/airflow/sandbox/lib/python3.8/site-packages/airflow/example_dags/tutorial_taskflow_api_etl.py for tasks to queue
[2022-04-02 16:21:51,808] {logging_mixin.py:104} INFO - [2022-04-02 16:21:51,808] {dagbag.py:487} INFO - Filling up the DagBag from /home/airflow/sandbox/lib/python3.8/site-packages/airflow/example_dags/tutorial_taskflow_api_etl.py
[2022-04-02 16:21:51,833] {scheduler_job.py:643} INFO - DAG(s) dict_keys(['tutorial_taskflow_api_etl']) retrieved from /home/airflow/sandbox/lib/python3.8/site-packages/airflow/example_dags/tutorial_taskflow_api_etl.py
[2022-04-02 16:21:52,306] {logging_mixin.py:104} INFO - [2022-04-02 16:21:52,306] {dag.py:1832} INFO - Sync 1 DAGs
[2022-04-02 16:21:52,326] {logging_mixin.py:104} INFO - [2022-04-02 16:21:52,326] {dag.py:2305} INFO - Setting next_dagrun for tutorial_taskflow_api_etl to None
[2022-04-02 16:21:52,357] {scheduler_job.py:190} INFO - Processing /home/airflow/sandbox/lib/python3.8/site-packages/airflow/example_dags/tutorial_taskflow_api_etl.py took 0.556 seconds
[2022-04-02 16:22:29,702] {scheduler_job.py:182} INFO - Started process (PID=3741) to work on /home/airflow/sandbox/lib/python3.8/site-packages/airflow/example_dags/tutorial_taskflow_api_etl.py
[2022-04-02 16:22:29,704] {scheduler_job.py:633} INFO - Processing file /home/airflow/sandbox/lib/python3.8/site-packages/airflow/example_dags/tutorial_taskflow_api_etl.py for tasks to queue
[2022-04-02 16:22:29,705] {logging_mixin.py:104} INFO - [2022-04-02 16:22:29,705] {dagbag.py:487} INFO - Filling up the DagBag from /home/airflow/sandbox/lib/python3.8/site-packages/airflow/example_dags/tutorial_taskflow_api_etl.py
[2022-04-02 16:22:29,733] {scheduler_job.py:643} INFO - DAG(s) dict_keys(['tutorial_taskflow_api_etl']) retrieved from /home/airflow/sandbox/lib/python3.8/site-packages/airflow/example_dags/tutorial_taskflow_api_etl.py
[2022-04-02 16:22:30,168] {logging_mixin.py:104} INFO - [2022-04-02 16:22:30,168] {dag.py:1832} INFO - Sync 1 DAGs
[2022-04-02 16:22:30,175] {logging_mixin.py:104} INFO - [2022-04-02 16:22:30,175] {dag.py:2305} INFO - Setting next_dagrun for tutorial_taskflow_api_etl to None
[2022-04-02 16:22:30,201] {scheduler_job.py:190} INFO - Processing /home/airflow/sandbox/lib/python3.8/site-packages/airflow/example_dags/tutorial_taskflow_api_etl.py took 0.503 seconds
[2022-04-02 16:23:07,931] {scheduler_job.py:182} INFO - Started process (PID=3815) to work on /home/airflow/sandbox/lib/python3.8/site-packages/airflow/example_dags/tutorial_taskflow_api_etl.py
[2022-04-02 16:23:07,934] {scheduler_job.py:633} INFO - Processing file /home/airflow/sandbox/lib/python3.8/site-packages/airflow/example_dags/tutorial_taskflow_api_etl.py for tasks to queue
[2022-04-02 16:23:07,935] {logging_mixin.py:104} INFO - [2022-04-02 16:23:07,935] {dagbag.py:487} INFO - Filling up the DagBag from /home/airflow/sandbox/lib/python3.8/site-packages/airflow/example_dags/tutorial_taskflow_api_etl.py
[2022-04-02 16:23:07,966] {scheduler_job.py:643} INFO - DAG(s) dict_keys(['tutorial_taskflow_api_etl']) retrieved from /home/airflow/sandbox/lib/python3.8/site-packages/airflow/example_dags/tutorial_taskflow_api_etl.py
[2022-04-02 16:23:08,336] {logging_mixin.py:104} INFO - [2022-04-02 16:23:08,336] {dag.py:1832} INFO - Sync 1 DAGs
[2022-04-02 16:23:08,344] {logging_mixin.py:104} INFO - [2022-04-02 16:23:08,344] {dag.py:2305} INFO - Setting next_dagrun for tutorial_taskflow_api_etl to None
[2022-04-02 16:23:08,366] {scheduler_job.py:190} INFO - Processing /home/airflow/sandbox/lib/python3.8/site-packages/airflow/example_dags/tutorial_taskflow_api_etl.py took 0.444 seconds
[2022-04-02 16:23:45,183] {scheduler_job.py:182} INFO - Started process (PID=3848) to work on /home/airflow/sandbox/lib/python3.8/site-packages/airflow/example_dags/tutorial_taskflow_api_etl.py
[2022-04-02 16:23:45,187] {scheduler_job.py:633} INFO - Processing file /home/airflow/sandbox/lib/python3.8/site-packages/airflow/example_dags/tutorial_taskflow_api_etl.py for tasks to queue
[2022-04-02 16:23:45,188] {logging_mixin.py:104} INFO - [2022-04-02 16:23:45,188] {dagbag.py:487} INFO - Filling up the DagBag from /home/airflow/sandbox/lib/python3.8/site-packages/airflow/example_dags/tutorial_taskflow_api_etl.py
[2022-04-02 16:23:45,220] {scheduler_job.py:643} INFO - DAG(s) dict_keys(['tutorial_taskflow_api_etl']) retrieved from /home/airflow/sandbox/lib/python3.8/site-packages/airflow/example_dags/tutorial_taskflow_api_etl.py
[2022-04-02 16:23:45,702] {logging_mixin.py:104} INFO - [2022-04-02 16:23:45,702] {dag.py:1832} INFO - Sync 1 DAGs
[2022-04-02 16:23:45,717] {logging_mixin.py:104} INFO - [2022-04-02 16:23:45,717] {dag.py:2305} INFO - Setting next_dagrun for tutorial_taskflow_api_etl to None
[2022-04-02 16:23:45,757] {scheduler_job.py:190} INFO - Processing /home/airflow/sandbox/lib/python3.8/site-packages/airflow/example_dags/tutorial_taskflow_api_etl.py took 0.580 seconds
[2022-04-02 16:24:29,937] {scheduler_job.py:182} INFO - Started process (PID=3884) to work on /home/airflow/sandbox/lib/python3.8/site-packages/airflow/example_dags/tutorial_taskflow_api_etl.py
[2022-04-02 16:24:29,938] {scheduler_job.py:633} INFO - Processing file /home/airflow/sandbox/lib/python3.8/site-packages/airflow/example_dags/tutorial_taskflow_api_etl.py for tasks to queue
[2022-04-02 16:24:29,938] {logging_mixin.py:104} INFO - [2022-04-02 16:24:29,938] {dagbag.py:487} INFO - Filling up the DagBag from /home/airflow/sandbox/lib/python3.8/site-packages/airflow/example_dags/tutorial_taskflow_api_etl.py
[2022-04-02 16:24:29,957] {scheduler_job.py:643} INFO - DAG(s) dict_keys(['tutorial_taskflow_api_etl']) retrieved from /home/airflow/sandbox/lib/python3.8/site-packages/airflow/example_dags/tutorial_taskflow_api_etl.py
[2022-04-02 16:24:30,373] {logging_mixin.py:104} INFO - [2022-04-02 16:24:30,373] {dag.py:1832} INFO - Sync 1 DAGs
[2022-04-02 16:24:30,389] {logging_mixin.py:104} INFO - [2022-04-02 16:24:30,389] {dag.py:2305} INFO - Setting next_dagrun for tutorial_taskflow_api_etl to None
[2022-04-02 16:24:30,422] {scheduler_job.py:190} INFO - Processing /home/airflow/sandbox/lib/python3.8/site-packages/airflow/example_dags/tutorial_taskflow_api_etl.py took 0.490 seconds
[2022-04-02 16:25:12,124] {scheduler_job.py:182} INFO - Started process (PID=3919) to work on /home/airflow/sandbox/lib/python3.8/site-packages/airflow/example_dags/tutorial_taskflow_api_etl.py
[2022-04-02 16:25:12,125] {scheduler_job.py:633} INFO - Processing file /home/airflow/sandbox/lib/python3.8/site-packages/airflow/example_dags/tutorial_taskflow_api_etl.py for tasks to queue
[2022-04-02 16:25:12,126] {logging_mixin.py:104} INFO - [2022-04-02 16:25:12,126] {dagbag.py:487} INFO - Filling up the DagBag from /home/airflow/sandbox/lib/python3.8/site-packages/airflow/example_dags/tutorial_taskflow_api_etl.py
[2022-04-02 16:25:12,152] {scheduler_job.py:643} INFO - DAG(s) dict_keys(['tutorial_taskflow_api_etl']) retrieved from /home/airflow/sandbox/lib/python3.8/site-packages/airflow/example_dags/tutorial_taskflow_api_etl.py
[2022-04-02 16:25:12,527] {logging_mixin.py:104} INFO - [2022-04-02 16:25:12,527] {dag.py:1832} INFO - Sync 1 DAGs
[2022-04-02 16:25:12,535] {logging_mixin.py:104} INFO - [2022-04-02 16:25:12,535] {dag.py:2305} INFO - Setting next_dagrun for tutorial_taskflow_api_etl to None
[2022-04-02 16:25:12,565] {scheduler_job.py:190} INFO - Processing /home/airflow/sandbox/lib/python3.8/site-packages/airflow/example_dags/tutorial_taskflow_api_etl.py took 0.447 seconds
[2022-04-02 16:25:51,818] {scheduler_job.py:182} INFO - Started process (PID=3951) to work on /home/airflow/sandbox/lib/python3.8/site-packages/airflow/example_dags/tutorial_taskflow_api_etl.py
[2022-04-02 16:25:51,820] {scheduler_job.py:633} INFO - Processing file /home/airflow/sandbox/lib/python3.8/site-packages/airflow/example_dags/tutorial_taskflow_api_etl.py for tasks to queue
[2022-04-02 16:25:51,821] {logging_mixin.py:104} INFO - [2022-04-02 16:25:51,821] {dagbag.py:487} INFO - Filling up the DagBag from /home/airflow/sandbox/lib/python3.8/site-packages/airflow/example_dags/tutorial_taskflow_api_etl.py
[2022-04-02 16:25:51,852] {scheduler_job.py:643} INFO - DAG(s) dict_keys(['tutorial_taskflow_api_etl']) retrieved from /home/airflow/sandbox/lib/python3.8/site-packages/airflow/example_dags/tutorial_taskflow_api_etl.py
[2022-04-02 16:25:52,308] {logging_mixin.py:104} INFO - [2022-04-02 16:25:52,308] {dag.py:1832} INFO - Sync 1 DAGs
[2022-04-02 16:25:52,322] {logging_mixin.py:104} INFO - [2022-04-02 16:25:52,322] {dag.py:2305} INFO - Setting next_dagrun for tutorial_taskflow_api_etl to None
[2022-04-02 16:25:52,347] {scheduler_job.py:190} INFO - Processing /home/airflow/sandbox/lib/python3.8/site-packages/airflow/example_dags/tutorial_taskflow_api_etl.py took 0.537 seconds
[2022-04-02 16:26:28,374] {scheduler_job.py:182} INFO - Started process (PID=3982) to work on /home/airflow/sandbox/lib/python3.8/site-packages/airflow/example_dags/tutorial_taskflow_api_etl.py
[2022-04-02 16:26:28,376] {scheduler_job.py:633} INFO - Processing file /home/airflow/sandbox/lib/python3.8/site-packages/airflow/example_dags/tutorial_taskflow_api_etl.py for tasks to queue
[2022-04-02 16:26:28,376] {logging_mixin.py:104} INFO - [2022-04-02 16:26:28,376] {dagbag.py:487} INFO - Filling up the DagBag from /home/airflow/sandbox/lib/python3.8/site-packages/airflow/example_dags/tutorial_taskflow_api_etl.py
[2022-04-02 16:26:28,398] {scheduler_job.py:643} INFO - DAG(s) dict_keys(['tutorial_taskflow_api_etl']) retrieved from /home/airflow/sandbox/lib/python3.8/site-packages/airflow/example_dags/tutorial_taskflow_api_etl.py
[2022-04-02 16:26:28,871] {logging_mixin.py:104} INFO - [2022-04-02 16:26:28,871] {dag.py:1832} INFO - Sync 1 DAGs
[2022-04-02 16:26:28,885] {logging_mixin.py:104} INFO - [2022-04-02 16:26:28,885] {dag.py:2305} INFO - Setting next_dagrun for tutorial_taskflow_api_etl to None
[2022-04-02 16:26:28,921] {scheduler_job.py:190} INFO - Processing /home/airflow/sandbox/lib/python3.8/site-packages/airflow/example_dags/tutorial_taskflow_api_etl.py took 0.549 seconds
[2022-04-02 16:27:07,128] {scheduler_job.py:182} INFO - Started process (PID=4014) to work on /home/airflow/sandbox/lib/python3.8/site-packages/airflow/example_dags/tutorial_taskflow_api_etl.py
[2022-04-02 16:27:07,130] {scheduler_job.py:633} INFO - Processing file /home/airflow/sandbox/lib/python3.8/site-packages/airflow/example_dags/tutorial_taskflow_api_etl.py for tasks to queue
[2022-04-02 16:27:07,135] {logging_mixin.py:104} INFO - [2022-04-02 16:27:07,134] {dagbag.py:487} INFO - Filling up the DagBag from /home/airflow/sandbox/lib/python3.8/site-packages/airflow/example_dags/tutorial_taskflow_api_etl.py
[2022-04-02 16:27:07,156] {scheduler_job.py:643} INFO - DAG(s) dict_keys(['tutorial_taskflow_api_etl']) retrieved from /home/airflow/sandbox/lib/python3.8/site-packages/airflow/example_dags/tutorial_taskflow_api_etl.py
[2022-04-02 16:27:07,633] {logging_mixin.py:104} INFO - [2022-04-02 16:27:07,632] {dag.py:1832} INFO - Sync 1 DAGs
[2022-04-02 16:27:07,652] {logging_mixin.py:104} INFO - [2022-04-02 16:27:07,652] {dag.py:2305} INFO - Setting next_dagrun for tutorial_taskflow_api_etl to None
[2022-04-02 16:27:07,690] {scheduler_job.py:190} INFO - Processing /home/airflow/sandbox/lib/python3.8/site-packages/airflow/example_dags/tutorial_taskflow_api_etl.py took 0.571 seconds
