[2022-04-16 10:53:39,855] {taskinstance.py:876} INFO - Dependencies all met for <TaskInstance: xcom_dag.processing_tasks.training_model_c 2022-04-16T10:53:30.535936+00:00 [queued]>
[2022-04-16 10:53:39,960] {taskinstance.py:876} INFO - Dependencies all met for <TaskInstance: xcom_dag.processing_tasks.training_model_c 2022-04-16T10:53:30.535936+00:00 [queued]>
[2022-04-16 10:53:39,967] {taskinstance.py:1067} INFO - 
--------------------------------------------------------------------------------
[2022-04-16 10:53:39,969] {taskinstance.py:1068} INFO - Starting attempt 1 of 1
[2022-04-16 10:53:39,976] {taskinstance.py:1069} INFO - 
--------------------------------------------------------------------------------
[2022-04-16 10:53:40,177] {taskinstance.py:1087} INFO - Executing <Task(PythonOperator): processing_tasks.training_model_c> on 2022-04-16T10:53:30.535936+00:00
[2022-04-16 10:53:40,223] {standard_task_runner.py:52} INFO - Started process 69733 to run task
[2022-04-16 10:53:40,262] {standard_task_runner.py:76} INFO - Running: ['airflow', 'tasks', 'run', 'xcom_dag', 'processing_tasks.training_model_c', '2022-04-16T10:53:30.535936+00:00', '--job-id', '96', '--pool', 'default_pool', '--raw', '--subdir', 'DAGS_FOLDER/xcom_dag.py', '--cfg-path', '/tmp/tmporv1_alu', '--error-file', '/tmp/tmp0cy0vor3']
[2022-04-16 10:53:40,286] {standard_task_runner.py:77} INFO - Job 96: Subtask processing_tasks.training_model_c
[2022-04-16 10:53:40,845] {logging_mixin.py:104} INFO - Running <TaskInstance: xcom_dag.processing_tasks.training_model_c 2022-04-16T10:53:30.535936+00:00 [running]> on host airflowvm
[2022-04-16 10:53:41,733] {taskinstance.py:1280} INFO - Exporting the following env vars:
AIRFLOW_CTX_DAG_OWNER=airflow
AIRFLOW_CTX_DAG_ID=xcom_dag
AIRFLOW_CTX_TASK_ID=processing_tasks.training_model_c
AIRFLOW_CTX_EXECUTION_DATE=2022-04-16T10:53:30.535936+00:00
AIRFLOW_CTX_DAG_RUN_ID=manual__2022-04-16T10:53:30.535936+00:00
[2022-04-16 10:53:41,739] {logging_mixin.py:104} INFO - model's accuracy: 8.209790854147156
[2022-04-16 10:53:41,993] {python.py:151} INFO - Done. Returned value was: None
[2022-04-16 10:53:42,148] {taskinstance.py:1184} INFO - Marking task as SUCCESS. dag_id=xcom_dag, task_id=processing_tasks.training_model_c, execution_date=20220416T105330, start_date=20220416T105339, end_date=20220416T105342
[2022-04-16 10:53:42,672] {taskinstance.py:1245} INFO - 1 downstream tasks scheduled from follow-on schedule check
[2022-04-16 10:53:42,719] {local_task_job.py:151} INFO - Task exited with return code 0
