[2022-04-16 08:44:52,562] {taskinstance.py:876} INFO - Dependencies all met for <TaskInstance: xcom_dag.downloading_data 2022-04-16T08:44:50.623562+00:00 [queued]>
[2022-04-16 08:44:52,618] {taskinstance.py:876} INFO - Dependencies all met for <TaskInstance: xcom_dag.downloading_data 2022-04-16T08:44:50.623562+00:00 [queued]>
[2022-04-16 08:44:52,625] {taskinstance.py:1067} INFO - 
--------------------------------------------------------------------------------
[2022-04-16 08:44:52,625] {taskinstance.py:1068} INFO - Starting attempt 1 of 1
[2022-04-16 08:44:52,626] {taskinstance.py:1069} INFO - 
--------------------------------------------------------------------------------
[2022-04-16 08:44:52,658] {taskinstance.py:1087} INFO - Executing <Task(BashOperator): downloading_data> on 2022-04-16T08:44:50.623562+00:00
[2022-04-16 08:44:52,662] {standard_task_runner.py:52} INFO - Started process 54053 to run task
[2022-04-16 08:44:52,693] {standard_task_runner.py:76} INFO - Running: ['airflow', 'tasks', 'run', 'xcom_dag', 'downloading_data', '2022-04-16T08:44:50.623562+00:00', '--job-id', '76', '--pool', 'default_pool', '--raw', '--subdir', 'DAGS_FOLDER/xcom_dag.py', '--cfg-path', '/tmp/tmpur7x79f3', '--error-file', '/tmp/tmpr3gkvv69']
[2022-04-16 08:44:52,714] {standard_task_runner.py:77} INFO - Job 76: Subtask downloading_data
[2022-04-16 08:44:53,030] {logging_mixin.py:104} INFO - Running <TaskInstance: xcom_dag.downloading_data 2022-04-16T08:44:50.623562+00:00 [running]> on host airflowvm
[2022-04-16 08:44:53,307] {taskinstance.py:1280} INFO - Exporting the following env vars:
AIRFLOW_CTX_DAG_OWNER=airflow
AIRFLOW_CTX_DAG_ID=xcom_dag
AIRFLOW_CTX_TASK_ID=downloading_data
AIRFLOW_CTX_EXECUTION_DATE=2022-04-16T08:44:50.623562+00:00
AIRFLOW_CTX_DAG_RUN_ID=manual__2022-04-16T08:44:50.623562+00:00
[2022-04-16 08:44:53,309] {subprocess.py:52} INFO - Tmp dir root location: 
 /tmp
[2022-04-16 08:44:53,309] {subprocess.py:63} INFO - Running command: ['bash', '-c', 'sleep 3']
[2022-04-16 08:44:53,326] {subprocess.py:75} INFO - Output:
[2022-04-16 08:44:56,334] {subprocess.py:83} INFO - Command exited with return code 0
[2022-04-16 08:44:56,450] {taskinstance.py:1184} INFO - Marking task as SUCCESS. dag_id=xcom_dag, task_id=downloading_data, execution_date=20220416T084450, start_date=20220416T084452, end_date=20220416T084456
[2022-04-16 08:44:56,613] {taskinstance.py:1245} INFO - 3 downstream tasks scheduled from follow-on schedule check
[2022-04-16 08:44:56,647] {local_task_job.py:151} INFO - Task exited with return code 0
