[2022-04-16 10:57:20,034] {taskinstance.py:876} INFO - Dependencies all met for <TaskInstance: xcom_dag.choose_best_model 2022-04-16T10:57:07.378101+00:00 [queued]>
[2022-04-16 10:57:20,065] {taskinstance.py:876} INFO - Dependencies all met for <TaskInstance: xcom_dag.choose_best_model 2022-04-16T10:57:07.378101+00:00 [queued]>
[2022-04-16 10:57:20,066] {taskinstance.py:1067} INFO - 
--------------------------------------------------------------------------------
[2022-04-16 10:57:20,066] {taskinstance.py:1068} INFO - Starting attempt 1 of 1
[2022-04-16 10:57:20,066] {taskinstance.py:1069} INFO - 
--------------------------------------------------------------------------------
[2022-04-16 10:57:20,109] {taskinstance.py:1087} INFO - Executing <Task(BranchPythonOperator): choose_best_model> on 2022-04-16T10:57:07.378101+00:00
[2022-04-16 10:57:20,115] {standard_task_runner.py:52} INFO - Started process 71440 to run task
[2022-04-16 10:57:20,133] {standard_task_runner.py:76} INFO - Running: ['airflow', 'tasks', 'run', 'xcom_dag', 'choose_best_model', '2022-04-16T10:57:07.378101+00:00', '--job-id', '102', '--pool', 'default_pool', '--raw', '--subdir', 'DAGS_FOLDER/xcom_dag.py', '--cfg-path', '/tmp/tmp9vmdl_wh', '--error-file', '/tmp/tmpw6aiwq9o']
[2022-04-16 10:57:20,135] {standard_task_runner.py:77} INFO - Job 102: Subtask choose_best_model
[2022-04-16 10:57:20,413] {logging_mixin.py:104} INFO - Running <TaskInstance: xcom_dag.choose_best_model 2022-04-16T10:57:07.378101+00:00 [running]> on host airflowvm
[2022-04-16 10:57:20,717] {taskinstance.py:1280} INFO - Exporting the following env vars:
AIRFLOW_CTX_DAG_OWNER=airflow
AIRFLOW_CTX_DAG_ID=xcom_dag
AIRFLOW_CTX_TASK_ID=choose_best_model
AIRFLOW_CTX_EXECUTION_DATE=2022-04-16T10:57:07.378101+00:00
AIRFLOW_CTX_DAG_RUN_ID=manual__2022-04-16T10:57:07.378101+00:00
[2022-04-16 10:57:20,722] {logging_mixin.py:104} INFO - choose best model
[2022-04-16 10:57:20,763] {python.py:151} INFO - Done. Returned value was: inaccurate
[2022-04-16 10:57:20,765] {skipmixin.py:124} INFO - Following branch inaccurate
[2022-04-16 10:57:20,807] {skipmixin.py:155} INFO - Skipping tasks ['accurate']
[2022-04-16 10:57:21,075] {taskinstance.py:1184} INFO - Marking task as SUCCESS. dag_id=xcom_dag, task_id=choose_best_model, execution_date=20220416T105707, start_date=20220416T105720, end_date=20220416T105721
[2022-04-16 10:57:21,246] {taskinstance.py:1245} INFO - 1 downstream tasks scheduled from follow-on schedule check
[2022-04-16 10:57:21,260] {local_task_job.py:151} INFO - Task exited with return code 0
