[2022-04-12 04:06:23,380] {scheduler_job.py:182} INFO - Started process (PID=83555) to work on /home/airflow/sandbox/lib/python3.8/site-packages/airflow/example_dags/example_kubernetes_executor_config.py
[2022-04-12 04:06:23,381] {scheduler_job.py:633} INFO - Processing file /home/airflow/sandbox/lib/python3.8/site-packages/airflow/example_dags/example_kubernetes_executor_config.py for tasks to queue
[2022-04-12 04:06:23,384] {logging_mixin.py:104} INFO - [2022-04-12 04:06:23,383] {dagbag.py:487} INFO - Filling up the DagBag from /home/airflow/sandbox/lib/python3.8/site-packages/airflow/example_dags/example_kubernetes_executor_config.py
[2022-04-12 04:06:23,395] {logging_mixin.py:104} INFO - [2022-04-12 04:06:23,395] {example_kubernetes_executor_config.py:175} WARNING - Could not import DAGs in example_kubernetes_executor_config.py: No module named 'kubernetes'
[2022-04-12 04:06:23,407] {logging_mixin.py:104} INFO - [2022-04-12 04:06:23,407] {example_kubernetes_executor_config.py:176} WARNING - Install kubernetes dependencies with: pip install apache-airflow['cncf.kubernetes']
[2022-04-12 04:06:23,407] {scheduler_job.py:645} WARNING - No viable dags retrieved from /home/airflow/sandbox/lib/python3.8/site-packages/airflow/example_dags/example_kubernetes_executor_config.py
[2022-04-12 04:06:23,442] {scheduler_job.py:190} INFO - Processing /home/airflow/sandbox/lib/python3.8/site-packages/airflow/example_dags/example_kubernetes_executor_config.py took 0.064 seconds
[2022-04-12 04:06:54,480] {scheduler_job.py:182} INFO - Started process (PID=83938) to work on /home/airflow/sandbox/lib/python3.8/site-packages/airflow/example_dags/example_kubernetes_executor_config.py
[2022-04-12 04:06:54,496] {scheduler_job.py:633} INFO - Processing file /home/airflow/sandbox/lib/python3.8/site-packages/airflow/example_dags/example_kubernetes_executor_config.py for tasks to queue
[2022-04-12 04:06:54,498] {logging_mixin.py:104} INFO - [2022-04-12 04:06:54,497] {dagbag.py:487} INFO - Filling up the DagBag from /home/airflow/sandbox/lib/python3.8/site-packages/airflow/example_dags/example_kubernetes_executor_config.py
[2022-04-12 04:06:54,520] {logging_mixin.py:104} INFO - [2022-04-12 04:06:54,520] {example_kubernetes_executor_config.py:175} WARNING - Could not import DAGs in example_kubernetes_executor_config.py: No module named 'kubernetes'
[2022-04-12 04:06:54,520] {logging_mixin.py:104} INFO - [2022-04-12 04:06:54,520] {example_kubernetes_executor_config.py:176} WARNING - Install kubernetes dependencies with: pip install apache-airflow['cncf.kubernetes']
[2022-04-12 04:06:54,521] {scheduler_job.py:645} WARNING - No viable dags retrieved from /home/airflow/sandbox/lib/python3.8/site-packages/airflow/example_dags/example_kubernetes_executor_config.py
[2022-04-12 04:06:54,606] {scheduler_job.py:190} INFO - Processing /home/airflow/sandbox/lib/python3.8/site-packages/airflow/example_dags/example_kubernetes_executor_config.py took 0.136 seconds
[2022-04-12 04:07:26,221] {scheduler_job.py:182} INFO - Started process (PID=84196) to work on /home/airflow/sandbox/lib/python3.8/site-packages/airflow/example_dags/example_kubernetes_executor_config.py
[2022-04-12 04:07:26,226] {scheduler_job.py:633} INFO - Processing file /home/airflow/sandbox/lib/python3.8/site-packages/airflow/example_dags/example_kubernetes_executor_config.py for tasks to queue
[2022-04-12 04:07:26,241] {logging_mixin.py:104} INFO - [2022-04-12 04:07:26,241] {dagbag.py:487} INFO - Filling up the DagBag from /home/airflow/sandbox/lib/python3.8/site-packages/airflow/example_dags/example_kubernetes_executor_config.py
[2022-04-12 04:07:26,253] {logging_mixin.py:104} INFO - [2022-04-12 04:07:26,253] {example_kubernetes_executor_config.py:175} WARNING - Could not import DAGs in example_kubernetes_executor_config.py: No module named 'kubernetes'
[2022-04-12 04:07:26,256] {logging_mixin.py:104} INFO - [2022-04-12 04:07:26,256] {example_kubernetes_executor_config.py:176} WARNING - Install kubernetes dependencies with: pip install apache-airflow['cncf.kubernetes']
[2022-04-12 04:07:26,259] {scheduler_job.py:645} WARNING - No viable dags retrieved from /home/airflow/sandbox/lib/python3.8/site-packages/airflow/example_dags/example_kubernetes_executor_config.py
[2022-04-12 04:07:26,325] {scheduler_job.py:190} INFO - Processing /home/airflow/sandbox/lib/python3.8/site-packages/airflow/example_dags/example_kubernetes_executor_config.py took 0.127 seconds
[2022-04-12 04:07:57,977] {scheduler_job.py:182} INFO - Started process (PID=84396) to work on /home/airflow/sandbox/lib/python3.8/site-packages/airflow/example_dags/example_kubernetes_executor_config.py
[2022-04-12 04:07:57,982] {scheduler_job.py:633} INFO - Processing file /home/airflow/sandbox/lib/python3.8/site-packages/airflow/example_dags/example_kubernetes_executor_config.py for tasks to queue
[2022-04-12 04:07:57,984] {logging_mixin.py:104} INFO - [2022-04-12 04:07:57,984] {dagbag.py:487} INFO - Filling up the DagBag from /home/airflow/sandbox/lib/python3.8/site-packages/airflow/example_dags/example_kubernetes_executor_config.py
[2022-04-12 04:07:57,994] {logging_mixin.py:104} INFO - [2022-04-12 04:07:57,994] {example_kubernetes_executor_config.py:175} WARNING - Could not import DAGs in example_kubernetes_executor_config.py: No module named 'kubernetes'
[2022-04-12 04:07:57,995] {logging_mixin.py:104} INFO - [2022-04-12 04:07:57,995] {example_kubernetes_executor_config.py:176} WARNING - Install kubernetes dependencies with: pip install apache-airflow['cncf.kubernetes']
[2022-04-12 04:07:57,995] {scheduler_job.py:645} WARNING - No viable dags retrieved from /home/airflow/sandbox/lib/python3.8/site-packages/airflow/example_dags/example_kubernetes_executor_config.py
[2022-04-12 04:07:58,030] {scheduler_job.py:190} INFO - Processing /home/airflow/sandbox/lib/python3.8/site-packages/airflow/example_dags/example_kubernetes_executor_config.py took 0.061 seconds
[2022-04-12 04:08:29,710] {scheduler_job.py:182} INFO - Started process (PID=84652) to work on /home/airflow/sandbox/lib/python3.8/site-packages/airflow/example_dags/example_kubernetes_executor_config.py
[2022-04-12 04:08:29,713] {scheduler_job.py:633} INFO - Processing file /home/airflow/sandbox/lib/python3.8/site-packages/airflow/example_dags/example_kubernetes_executor_config.py for tasks to queue
[2022-04-12 04:08:29,715] {logging_mixin.py:104} INFO - [2022-04-12 04:08:29,715] {dagbag.py:487} INFO - Filling up the DagBag from /home/airflow/sandbox/lib/python3.8/site-packages/airflow/example_dags/example_kubernetes_executor_config.py
[2022-04-12 04:08:29,729] {logging_mixin.py:104} INFO - [2022-04-12 04:08:29,729] {example_kubernetes_executor_config.py:175} WARNING - Could not import DAGs in example_kubernetes_executor_config.py: No module named 'kubernetes'
[2022-04-12 04:08:29,757] {logging_mixin.py:104} INFO - [2022-04-12 04:08:29,757] {example_kubernetes_executor_config.py:176} WARNING - Install kubernetes dependencies with: pip install apache-airflow['cncf.kubernetes']
[2022-04-12 04:08:29,758] {scheduler_job.py:645} WARNING - No viable dags retrieved from /home/airflow/sandbox/lib/python3.8/site-packages/airflow/example_dags/example_kubernetes_executor_config.py
[2022-04-12 04:08:29,851] {scheduler_job.py:190} INFO - Processing /home/airflow/sandbox/lib/python3.8/site-packages/airflow/example_dags/example_kubernetes_executor_config.py took 0.212 seconds
[2022-04-12 04:09:01,379] {scheduler_job.py:182} INFO - Started process (PID=84848) to work on /home/airflow/sandbox/lib/python3.8/site-packages/airflow/example_dags/example_kubernetes_executor_config.py
[2022-04-12 04:09:01,384] {scheduler_job.py:633} INFO - Processing file /home/airflow/sandbox/lib/python3.8/site-packages/airflow/example_dags/example_kubernetes_executor_config.py for tasks to queue
[2022-04-12 04:09:01,386] {logging_mixin.py:104} INFO - [2022-04-12 04:09:01,386] {dagbag.py:487} INFO - Filling up the DagBag from /home/airflow/sandbox/lib/python3.8/site-packages/airflow/example_dags/example_kubernetes_executor_config.py
[2022-04-12 04:09:01,400] {logging_mixin.py:104} INFO - [2022-04-12 04:09:01,400] {example_kubernetes_executor_config.py:175} WARNING - Could not import DAGs in example_kubernetes_executor_config.py: No module named 'kubernetes'
[2022-04-12 04:09:01,400] {logging_mixin.py:104} INFO - [2022-04-12 04:09:01,400] {example_kubernetes_executor_config.py:176} WARNING - Install kubernetes dependencies with: pip install apache-airflow['cncf.kubernetes']
[2022-04-12 04:09:01,401] {scheduler_job.py:645} WARNING - No viable dags retrieved from /home/airflow/sandbox/lib/python3.8/site-packages/airflow/example_dags/example_kubernetes_executor_config.py
[2022-04-12 04:09:01,445] {scheduler_job.py:190} INFO - Processing /home/airflow/sandbox/lib/python3.8/site-packages/airflow/example_dags/example_kubernetes_executor_config.py took 0.077 seconds
[2022-04-12 04:15:04,900] {scheduler_job.py:182} INFO - Started process (PID=85765) to work on /home/airflow/sandbox/lib/python3.8/site-packages/airflow/example_dags/example_kubernetes_executor_config.py
[2022-04-12 04:15:04,923] {scheduler_job.py:633} INFO - Processing file /home/airflow/sandbox/lib/python3.8/site-packages/airflow/example_dags/example_kubernetes_executor_config.py for tasks to queue
[2022-04-12 04:15:04,924] {logging_mixin.py:104} INFO - [2022-04-12 04:15:04,924] {dagbag.py:487} INFO - Filling up the DagBag from /home/airflow/sandbox/lib/python3.8/site-packages/airflow/example_dags/example_kubernetes_executor_config.py
[2022-04-12 04:15:04,948] {logging_mixin.py:104} INFO - [2022-04-12 04:15:04,948] {example_kubernetes_executor_config.py:175} WARNING - Could not import DAGs in example_kubernetes_executor_config.py: No module named 'kubernetes'
[2022-04-12 04:15:04,954] {logging_mixin.py:104} INFO - [2022-04-12 04:15:04,954] {example_kubernetes_executor_config.py:176} WARNING - Install kubernetes dependencies with: pip install apache-airflow['cncf.kubernetes']
[2022-04-12 04:15:04,955] {scheduler_job.py:645} WARNING - No viable dags retrieved from /home/airflow/sandbox/lib/python3.8/site-packages/airflow/example_dags/example_kubernetes_executor_config.py
[2022-04-12 04:15:05,025] {scheduler_job.py:190} INFO - Processing /home/airflow/sandbox/lib/python3.8/site-packages/airflow/example_dags/example_kubernetes_executor_config.py took 0.133 seconds
[2022-04-12 04:15:35,990] {scheduler_job.py:182} INFO - Started process (PID=86094) to work on /home/airflow/sandbox/lib/python3.8/site-packages/airflow/example_dags/example_kubernetes_executor_config.py
[2022-04-12 04:15:35,992] {scheduler_job.py:633} INFO - Processing file /home/airflow/sandbox/lib/python3.8/site-packages/airflow/example_dags/example_kubernetes_executor_config.py for tasks to queue
[2022-04-12 04:15:35,994] {logging_mixin.py:104} INFO - [2022-04-12 04:15:35,994] {dagbag.py:487} INFO - Filling up the DagBag from /home/airflow/sandbox/lib/python3.8/site-packages/airflow/example_dags/example_kubernetes_executor_config.py
[2022-04-12 04:15:36,020] {logging_mixin.py:104} INFO - [2022-04-12 04:15:36,020] {example_kubernetes_executor_config.py:175} WARNING - Could not import DAGs in example_kubernetes_executor_config.py: No module named 'kubernetes'
[2022-04-12 04:15:36,021] {logging_mixin.py:104} INFO - [2022-04-12 04:15:36,021] {example_kubernetes_executor_config.py:176} WARNING - Install kubernetes dependencies with: pip install apache-airflow['cncf.kubernetes']
[2022-04-12 04:15:36,021] {scheduler_job.py:645} WARNING - No viable dags retrieved from /home/airflow/sandbox/lib/python3.8/site-packages/airflow/example_dags/example_kubernetes_executor_config.py
[2022-04-12 04:15:36,120] {scheduler_job.py:190} INFO - Processing /home/airflow/sandbox/lib/python3.8/site-packages/airflow/example_dags/example_kubernetes_executor_config.py took 0.158 seconds
[2022-04-12 04:16:06,490] {scheduler_job.py:182} INFO - Started process (PID=86482) to work on /home/airflow/sandbox/lib/python3.8/site-packages/airflow/example_dags/example_kubernetes_executor_config.py
[2022-04-12 04:16:06,495] {scheduler_job.py:633} INFO - Processing file /home/airflow/sandbox/lib/python3.8/site-packages/airflow/example_dags/example_kubernetes_executor_config.py for tasks to queue
[2022-04-12 04:16:06,497] {logging_mixin.py:104} INFO - [2022-04-12 04:16:06,497] {dagbag.py:487} INFO - Filling up the DagBag from /home/airflow/sandbox/lib/python3.8/site-packages/airflow/example_dags/example_kubernetes_executor_config.py
[2022-04-12 04:16:06,513] {logging_mixin.py:104} INFO - [2022-04-12 04:16:06,513] {example_kubernetes_executor_config.py:175} WARNING - Could not import DAGs in example_kubernetes_executor_config.py: No module named 'kubernetes'
[2022-04-12 04:16:06,514] {logging_mixin.py:104} INFO - [2022-04-12 04:16:06,513] {example_kubernetes_executor_config.py:176} WARNING - Install kubernetes dependencies with: pip install apache-airflow['cncf.kubernetes']
[2022-04-12 04:16:06,514] {scheduler_job.py:645} WARNING - No viable dags retrieved from /home/airflow/sandbox/lib/python3.8/site-packages/airflow/example_dags/example_kubernetes_executor_config.py
[2022-04-12 04:16:06,574] {scheduler_job.py:190} INFO - Processing /home/airflow/sandbox/lib/python3.8/site-packages/airflow/example_dags/example_kubernetes_executor_config.py took 0.092 seconds
[2022-04-12 04:16:37,043] {scheduler_job.py:182} INFO - Started process (PID=86863) to work on /home/airflow/sandbox/lib/python3.8/site-packages/airflow/example_dags/example_kubernetes_executor_config.py
[2022-04-12 04:16:37,046] {scheduler_job.py:633} INFO - Processing file /home/airflow/sandbox/lib/python3.8/site-packages/airflow/example_dags/example_kubernetes_executor_config.py for tasks to queue
[2022-04-12 04:16:37,048] {logging_mixin.py:104} INFO - [2022-04-12 04:16:37,047] {dagbag.py:487} INFO - Filling up the DagBag from /home/airflow/sandbox/lib/python3.8/site-packages/airflow/example_dags/example_kubernetes_executor_config.py
[2022-04-12 04:16:37,058] {logging_mixin.py:104} INFO - [2022-04-12 04:16:37,058] {example_kubernetes_executor_config.py:175} WARNING - Could not import DAGs in example_kubernetes_executor_config.py: No module named 'kubernetes'
[2022-04-12 04:16:37,059] {logging_mixin.py:104} INFO - [2022-04-12 04:16:37,059] {example_kubernetes_executor_config.py:176} WARNING - Install kubernetes dependencies with: pip install apache-airflow['cncf.kubernetes']
[2022-04-12 04:16:37,059] {scheduler_job.py:645} WARNING - No viable dags retrieved from /home/airflow/sandbox/lib/python3.8/site-packages/airflow/example_dags/example_kubernetes_executor_config.py
[2022-04-12 04:16:37,091] {scheduler_job.py:190} INFO - Processing /home/airflow/sandbox/lib/python3.8/site-packages/airflow/example_dags/example_kubernetes_executor_config.py took 0.055 seconds
[2022-04-12 04:17:07,792] {scheduler_job.py:182} INFO - Started process (PID=87258) to work on /home/airflow/sandbox/lib/python3.8/site-packages/airflow/example_dags/example_kubernetes_executor_config.py
[2022-04-12 04:17:07,794] {scheduler_job.py:633} INFO - Processing file /home/airflow/sandbox/lib/python3.8/site-packages/airflow/example_dags/example_kubernetes_executor_config.py for tasks to queue
[2022-04-12 04:17:07,795] {logging_mixin.py:104} INFO - [2022-04-12 04:17:07,795] {dagbag.py:487} INFO - Filling up the DagBag from /home/airflow/sandbox/lib/python3.8/site-packages/airflow/example_dags/example_kubernetes_executor_config.py
[2022-04-12 04:17:07,806] {logging_mixin.py:104} INFO - [2022-04-12 04:17:07,805] {example_kubernetes_executor_config.py:175} WARNING - Could not import DAGs in example_kubernetes_executor_config.py: No module named 'kubernetes'
[2022-04-12 04:17:07,806] {logging_mixin.py:104} INFO - [2022-04-12 04:17:07,806] {example_kubernetes_executor_config.py:176} WARNING - Install kubernetes dependencies with: pip install apache-airflow['cncf.kubernetes']
[2022-04-12 04:17:07,813] {scheduler_job.py:645} WARNING - No viable dags retrieved from /home/airflow/sandbox/lib/python3.8/site-packages/airflow/example_dags/example_kubernetes_executor_config.py
[2022-04-12 04:17:07,877] {scheduler_job.py:190} INFO - Processing /home/airflow/sandbox/lib/python3.8/site-packages/airflow/example_dags/example_kubernetes_executor_config.py took 0.093 seconds
[2022-04-12 04:17:38,450] {scheduler_job.py:182} INFO - Started process (PID=87638) to work on /home/airflow/sandbox/lib/python3.8/site-packages/airflow/example_dags/example_kubernetes_executor_config.py
[2022-04-12 04:17:38,452] {scheduler_job.py:633} INFO - Processing file /home/airflow/sandbox/lib/python3.8/site-packages/airflow/example_dags/example_kubernetes_executor_config.py for tasks to queue
[2022-04-12 04:17:38,454] {logging_mixin.py:104} INFO - [2022-04-12 04:17:38,453] {dagbag.py:487} INFO - Filling up the DagBag from /home/airflow/sandbox/lib/python3.8/site-packages/airflow/example_dags/example_kubernetes_executor_config.py
[2022-04-12 04:17:38,466] {logging_mixin.py:104} INFO - [2022-04-12 04:17:38,466] {example_kubernetes_executor_config.py:175} WARNING - Could not import DAGs in example_kubernetes_executor_config.py: No module named 'kubernetes'
[2022-04-12 04:17:38,467] {logging_mixin.py:104} INFO - [2022-04-12 04:17:38,466] {example_kubernetes_executor_config.py:176} WARNING - Install kubernetes dependencies with: pip install apache-airflow['cncf.kubernetes']
[2022-04-12 04:17:38,467] {scheduler_job.py:645} WARNING - No viable dags retrieved from /home/airflow/sandbox/lib/python3.8/site-packages/airflow/example_dags/example_kubernetes_executor_config.py
[2022-04-12 04:17:38,502] {scheduler_job.py:190} INFO - Processing /home/airflow/sandbox/lib/python3.8/site-packages/airflow/example_dags/example_kubernetes_executor_config.py took 0.075 seconds
[2022-04-12 04:18:09,575] {scheduler_job.py:182} INFO - Started process (PID=88017) to work on /home/airflow/sandbox/lib/python3.8/site-packages/airflow/example_dags/example_kubernetes_executor_config.py
[2022-04-12 04:18:09,587] {scheduler_job.py:633} INFO - Processing file /home/airflow/sandbox/lib/python3.8/site-packages/airflow/example_dags/example_kubernetes_executor_config.py for tasks to queue
[2022-04-12 04:18:09,591] {logging_mixin.py:104} INFO - [2022-04-12 04:18:09,590] {dagbag.py:487} INFO - Filling up the DagBag from /home/airflow/sandbox/lib/python3.8/site-packages/airflow/example_dags/example_kubernetes_executor_config.py
[2022-04-12 04:18:09,613] {logging_mixin.py:104} INFO - [2022-04-12 04:18:09,613] {example_kubernetes_executor_config.py:175} WARNING - Could not import DAGs in example_kubernetes_executor_config.py: No module named 'kubernetes'
[2022-04-12 04:18:09,613] {logging_mixin.py:104} INFO - [2022-04-12 04:18:09,613] {example_kubernetes_executor_config.py:176} WARNING - Install kubernetes dependencies with: pip install apache-airflow['cncf.kubernetes']
[2022-04-12 04:18:09,614] {scheduler_job.py:645} WARNING - No viable dags retrieved from /home/airflow/sandbox/lib/python3.8/site-packages/airflow/example_dags/example_kubernetes_executor_config.py
[2022-04-12 04:18:09,662] {scheduler_job.py:190} INFO - Processing /home/airflow/sandbox/lib/python3.8/site-packages/airflow/example_dags/example_kubernetes_executor_config.py took 0.117 seconds
[2022-04-12 04:18:40,753] {scheduler_job.py:182} INFO - Started process (PID=88393) to work on /home/airflow/sandbox/lib/python3.8/site-packages/airflow/example_dags/example_kubernetes_executor_config.py
[2022-04-12 04:18:40,759] {scheduler_job.py:633} INFO - Processing file /home/airflow/sandbox/lib/python3.8/site-packages/airflow/example_dags/example_kubernetes_executor_config.py for tasks to queue
[2022-04-12 04:18:40,768] {logging_mixin.py:104} INFO - [2022-04-12 04:18:40,768] {dagbag.py:487} INFO - Filling up the DagBag from /home/airflow/sandbox/lib/python3.8/site-packages/airflow/example_dags/example_kubernetes_executor_config.py
[2022-04-12 04:18:40,815] {logging_mixin.py:104} INFO - [2022-04-12 04:18:40,815] {example_kubernetes_executor_config.py:175} WARNING - Could not import DAGs in example_kubernetes_executor_config.py: No module named 'kubernetes'
[2022-04-12 04:18:40,816] {logging_mixin.py:104} INFO - [2022-04-12 04:18:40,816] {example_kubernetes_executor_config.py:176} WARNING - Install kubernetes dependencies with: pip install apache-airflow['cncf.kubernetes']
[2022-04-12 04:18:40,817] {scheduler_job.py:645} WARNING - No viable dags retrieved from /home/airflow/sandbox/lib/python3.8/site-packages/airflow/example_dags/example_kubernetes_executor_config.py
[2022-04-12 04:18:40,931] {scheduler_job.py:190} INFO - Processing /home/airflow/sandbox/lib/python3.8/site-packages/airflow/example_dags/example_kubernetes_executor_config.py took 0.200 seconds
[2022-04-12 04:19:12,515] {scheduler_job.py:182} INFO - Started process (PID=88796) to work on /home/airflow/sandbox/lib/python3.8/site-packages/airflow/example_dags/example_kubernetes_executor_config.py
[2022-04-12 04:19:12,520] {scheduler_job.py:633} INFO - Processing file /home/airflow/sandbox/lib/python3.8/site-packages/airflow/example_dags/example_kubernetes_executor_config.py for tasks to queue
[2022-04-12 04:19:12,529] {logging_mixin.py:104} INFO - [2022-04-12 04:19:12,528] {dagbag.py:487} INFO - Filling up the DagBag from /home/airflow/sandbox/lib/python3.8/site-packages/airflow/example_dags/example_kubernetes_executor_config.py
[2022-04-12 04:19:12,561] {logging_mixin.py:104} INFO - [2022-04-12 04:19:12,561] {example_kubernetes_executor_config.py:175} WARNING - Could not import DAGs in example_kubernetes_executor_config.py: No module named 'kubernetes'
[2022-04-12 04:19:12,582] {logging_mixin.py:104} INFO - [2022-04-12 04:19:12,582] {example_kubernetes_executor_config.py:176} WARNING - Install kubernetes dependencies with: pip install apache-airflow['cncf.kubernetes']
[2022-04-12 04:19:12,583] {scheduler_job.py:645} WARNING - No viable dags retrieved from /home/airflow/sandbox/lib/python3.8/site-packages/airflow/example_dags/example_kubernetes_executor_config.py
[2022-04-12 04:19:12,729] {scheduler_job.py:190} INFO - Processing /home/airflow/sandbox/lib/python3.8/site-packages/airflow/example_dags/example_kubernetes_executor_config.py took 0.233 seconds
[2022-04-12 04:19:44,893] {scheduler_job.py:182} INFO - Started process (PID=89317) to work on /home/airflow/sandbox/lib/python3.8/site-packages/airflow/example_dags/example_kubernetes_executor_config.py
[2022-04-12 04:19:44,901] {scheduler_job.py:633} INFO - Processing file /home/airflow/sandbox/lib/python3.8/site-packages/airflow/example_dags/example_kubernetes_executor_config.py for tasks to queue
[2022-04-12 04:19:44,919] {logging_mixin.py:104} INFO - [2022-04-12 04:19:44,919] {dagbag.py:487} INFO - Filling up the DagBag from /home/airflow/sandbox/lib/python3.8/site-packages/airflow/example_dags/example_kubernetes_executor_config.py
[2022-04-12 04:19:45,013] {logging_mixin.py:104} INFO - [2022-04-12 04:19:45,013] {example_kubernetes_executor_config.py:175} WARNING - Could not import DAGs in example_kubernetes_executor_config.py: No module named 'kubernetes'
[2022-04-12 04:19:45,013] {logging_mixin.py:104} INFO - [2022-04-12 04:19:45,013] {example_kubernetes_executor_config.py:176} WARNING - Install kubernetes dependencies with: pip install apache-airflow['cncf.kubernetes']
[2022-04-12 04:19:45,020] {scheduler_job.py:645} WARNING - No viable dags retrieved from /home/airflow/sandbox/lib/python3.8/site-packages/airflow/example_dags/example_kubernetes_executor_config.py
[2022-04-12 04:19:45,196] {scheduler_job.py:190} INFO - Processing /home/airflow/sandbox/lib/python3.8/site-packages/airflow/example_dags/example_kubernetes_executor_config.py took 0.368 seconds
[2022-04-12 04:20:15,496] {scheduler_job.py:182} INFO - Started process (PID=89802) to work on /home/airflow/sandbox/lib/python3.8/site-packages/airflow/example_dags/example_kubernetes_executor_config.py
[2022-04-12 04:20:15,510] {scheduler_job.py:633} INFO - Processing file /home/airflow/sandbox/lib/python3.8/site-packages/airflow/example_dags/example_kubernetes_executor_config.py for tasks to queue
[2022-04-12 04:20:15,512] {logging_mixin.py:104} INFO - [2022-04-12 04:20:15,512] {dagbag.py:487} INFO - Filling up the DagBag from /home/airflow/sandbox/lib/python3.8/site-packages/airflow/example_dags/example_kubernetes_executor_config.py
[2022-04-12 04:20:15,538] {logging_mixin.py:104} INFO - [2022-04-12 04:20:15,538] {example_kubernetes_executor_config.py:175} WARNING - Could not import DAGs in example_kubernetes_executor_config.py: No module named 'kubernetes'
[2022-04-12 04:20:15,539] {logging_mixin.py:104} INFO - [2022-04-12 04:20:15,539] {example_kubernetes_executor_config.py:176} WARNING - Install kubernetes dependencies with: pip install apache-airflow['cncf.kubernetes']
[2022-04-12 04:20:15,540] {scheduler_job.py:645} WARNING - No viable dags retrieved from /home/airflow/sandbox/lib/python3.8/site-packages/airflow/example_dags/example_kubernetes_executor_config.py
[2022-04-12 04:20:15,662] {scheduler_job.py:190} INFO - Processing /home/airflow/sandbox/lib/python3.8/site-packages/airflow/example_dags/example_kubernetes_executor_config.py took 0.187 seconds
[2022-04-12 04:20:49,286] {scheduler_job.py:182} INFO - Started process (PID=90155) to work on /home/airflow/sandbox/lib/python3.8/site-packages/airflow/example_dags/example_kubernetes_executor_config.py
[2022-04-12 04:20:49,305] {scheduler_job.py:633} INFO - Processing file /home/airflow/sandbox/lib/python3.8/site-packages/airflow/example_dags/example_kubernetes_executor_config.py for tasks to queue
[2022-04-12 04:20:49,308] {logging_mixin.py:104} INFO - [2022-04-12 04:20:49,307] {dagbag.py:487} INFO - Filling up the DagBag from /home/airflow/sandbox/lib/python3.8/site-packages/airflow/example_dags/example_kubernetes_executor_config.py
[2022-04-12 04:20:49,358] {logging_mixin.py:104} INFO - [2022-04-12 04:20:49,358] {example_kubernetes_executor_config.py:175} WARNING - Could not import DAGs in example_kubernetes_executor_config.py: No module named 'kubernetes'
[2022-04-12 04:20:49,360] {logging_mixin.py:104} INFO - [2022-04-12 04:20:49,359] {example_kubernetes_executor_config.py:176} WARNING - Install kubernetes dependencies with: pip install apache-airflow['cncf.kubernetes']
[2022-04-12 04:20:49,360] {scheduler_job.py:645} WARNING - No viable dags retrieved from /home/airflow/sandbox/lib/python3.8/site-packages/airflow/example_dags/example_kubernetes_executor_config.py
[2022-04-12 04:20:49,441] {scheduler_job.py:190} INFO - Processing /home/airflow/sandbox/lib/python3.8/site-packages/airflow/example_dags/example_kubernetes_executor_config.py took 0.192 seconds
[2022-04-12 04:21:22,731] {scheduler_job.py:182} INFO - Started process (PID=90351) to work on /home/airflow/sandbox/lib/python3.8/site-packages/airflow/example_dags/example_kubernetes_executor_config.py
[2022-04-12 04:21:22,734] {scheduler_job.py:633} INFO - Processing file /home/airflow/sandbox/lib/python3.8/site-packages/airflow/example_dags/example_kubernetes_executor_config.py for tasks to queue
[2022-04-12 04:21:22,736] {logging_mixin.py:104} INFO - [2022-04-12 04:21:22,736] {dagbag.py:487} INFO - Filling up the DagBag from /home/airflow/sandbox/lib/python3.8/site-packages/airflow/example_dags/example_kubernetes_executor_config.py
[2022-04-12 04:21:22,784] {logging_mixin.py:104} INFO - [2022-04-12 04:21:22,784] {example_kubernetes_executor_config.py:175} WARNING - Could not import DAGs in example_kubernetes_executor_config.py: No module named 'kubernetes'
[2022-04-12 04:21:22,785] {logging_mixin.py:104} INFO - [2022-04-12 04:21:22,785] {example_kubernetes_executor_config.py:176} WARNING - Install kubernetes dependencies with: pip install apache-airflow['cncf.kubernetes']
[2022-04-12 04:21:22,786] {scheduler_job.py:645} WARNING - No viable dags retrieved from /home/airflow/sandbox/lib/python3.8/site-packages/airflow/example_dags/example_kubernetes_executor_config.py
[2022-04-12 04:21:22,900] {scheduler_job.py:190} INFO - Processing /home/airflow/sandbox/lib/python3.8/site-packages/airflow/example_dags/example_kubernetes_executor_config.py took 0.226 seconds
[2022-04-12 04:21:53,824] {scheduler_job.py:182} INFO - Started process (PID=90545) to work on /home/airflow/sandbox/lib/python3.8/site-packages/airflow/example_dags/example_kubernetes_executor_config.py
[2022-04-12 04:21:53,840] {scheduler_job.py:633} INFO - Processing file /home/airflow/sandbox/lib/python3.8/site-packages/airflow/example_dags/example_kubernetes_executor_config.py for tasks to queue
[2022-04-12 04:21:53,848] {logging_mixin.py:104} INFO - [2022-04-12 04:21:53,848] {dagbag.py:487} INFO - Filling up the DagBag from /home/airflow/sandbox/lib/python3.8/site-packages/airflow/example_dags/example_kubernetes_executor_config.py
[2022-04-12 04:21:53,920] {logging_mixin.py:104} INFO - [2022-04-12 04:21:53,920] {example_kubernetes_executor_config.py:175} WARNING - Could not import DAGs in example_kubernetes_executor_config.py: No module named 'kubernetes'
[2022-04-12 04:21:53,921] {logging_mixin.py:104} INFO - [2022-04-12 04:21:53,921] {example_kubernetes_executor_config.py:176} WARNING - Install kubernetes dependencies with: pip install apache-airflow['cncf.kubernetes']
[2022-04-12 04:21:53,926] {scheduler_job.py:645} WARNING - No viable dags retrieved from /home/airflow/sandbox/lib/python3.8/site-packages/airflow/example_dags/example_kubernetes_executor_config.py
[2022-04-12 04:21:54,047] {scheduler_job.py:190} INFO - Processing /home/airflow/sandbox/lib/python3.8/site-packages/airflow/example_dags/example_kubernetes_executor_config.py took 0.244 seconds
[2022-04-12 04:22:24,450] {scheduler_job.py:182} INFO - Started process (PID=90902) to work on /home/airflow/sandbox/lib/python3.8/site-packages/airflow/example_dags/example_kubernetes_executor_config.py
[2022-04-12 04:22:24,454] {scheduler_job.py:633} INFO - Processing file /home/airflow/sandbox/lib/python3.8/site-packages/airflow/example_dags/example_kubernetes_executor_config.py for tasks to queue
[2022-04-12 04:22:24,457] {logging_mixin.py:104} INFO - [2022-04-12 04:22:24,456] {dagbag.py:487} INFO - Filling up the DagBag from /home/airflow/sandbox/lib/python3.8/site-packages/airflow/example_dags/example_kubernetes_executor_config.py
[2022-04-12 04:22:24,477] {logging_mixin.py:104} INFO - [2022-04-12 04:22:24,477] {example_kubernetes_executor_config.py:175} WARNING - Could not import DAGs in example_kubernetes_executor_config.py: No module named 'kubernetes'
[2022-04-12 04:22:24,478] {logging_mixin.py:104} INFO - [2022-04-12 04:22:24,478] {example_kubernetes_executor_config.py:176} WARNING - Install kubernetes dependencies with: pip install apache-airflow['cncf.kubernetes']
[2022-04-12 04:22:24,479] {scheduler_job.py:645} WARNING - No viable dags retrieved from /home/airflow/sandbox/lib/python3.8/site-packages/airflow/example_dags/example_kubernetes_executor_config.py
[2022-04-12 04:22:24,536] {scheduler_job.py:190} INFO - Processing /home/airflow/sandbox/lib/python3.8/site-packages/airflow/example_dags/example_kubernetes_executor_config.py took 0.100 seconds
[2022-04-12 04:22:54,658] {scheduler_job.py:182} INFO - Started process (PID=91102) to work on /home/airflow/sandbox/lib/python3.8/site-packages/airflow/example_dags/example_kubernetes_executor_config.py
[2022-04-12 04:22:54,662] {scheduler_job.py:633} INFO - Processing file /home/airflow/sandbox/lib/python3.8/site-packages/airflow/example_dags/example_kubernetes_executor_config.py for tasks to queue
[2022-04-12 04:22:54,666] {logging_mixin.py:104} INFO - [2022-04-12 04:22:54,665] {dagbag.py:487} INFO - Filling up the DagBag from /home/airflow/sandbox/lib/python3.8/site-packages/airflow/example_dags/example_kubernetes_executor_config.py
[2022-04-12 04:22:54,684] {logging_mixin.py:104} INFO - [2022-04-12 04:22:54,683] {example_kubernetes_executor_config.py:175} WARNING - Could not import DAGs in example_kubernetes_executor_config.py: No module named 'kubernetes'
[2022-04-12 04:22:54,685] {logging_mixin.py:104} INFO - [2022-04-12 04:22:54,685] {example_kubernetes_executor_config.py:176} WARNING - Install kubernetes dependencies with: pip install apache-airflow['cncf.kubernetes']
[2022-04-12 04:22:54,686] {scheduler_job.py:645} WARNING - No viable dags retrieved from /home/airflow/sandbox/lib/python3.8/site-packages/airflow/example_dags/example_kubernetes_executor_config.py
[2022-04-12 04:22:54,825] {scheduler_job.py:190} INFO - Processing /home/airflow/sandbox/lib/python3.8/site-packages/airflow/example_dags/example_kubernetes_executor_config.py took 0.178 seconds
[2022-04-12 04:23:25,356] {scheduler_job.py:182} INFO - Started process (PID=91301) to work on /home/airflow/sandbox/lib/python3.8/site-packages/airflow/example_dags/example_kubernetes_executor_config.py
[2022-04-12 04:23:25,361] {scheduler_job.py:633} INFO - Processing file /home/airflow/sandbox/lib/python3.8/site-packages/airflow/example_dags/example_kubernetes_executor_config.py for tasks to queue
[2022-04-12 04:23:25,363] {logging_mixin.py:104} INFO - [2022-04-12 04:23:25,363] {dagbag.py:487} INFO - Filling up the DagBag from /home/airflow/sandbox/lib/python3.8/site-packages/airflow/example_dags/example_kubernetes_executor_config.py
[2022-04-12 04:23:25,390] {logging_mixin.py:104} INFO - [2022-04-12 04:23:25,390] {example_kubernetes_executor_config.py:175} WARNING - Could not import DAGs in example_kubernetes_executor_config.py: No module named 'kubernetes'
[2022-04-12 04:23:25,392] {logging_mixin.py:104} INFO - [2022-04-12 04:23:25,392] {example_kubernetes_executor_config.py:176} WARNING - Install kubernetes dependencies with: pip install apache-airflow['cncf.kubernetes']
[2022-04-12 04:23:25,395] {scheduler_job.py:645} WARNING - No viable dags retrieved from /home/airflow/sandbox/lib/python3.8/site-packages/airflow/example_dags/example_kubernetes_executor_config.py
[2022-04-12 04:23:25,468] {scheduler_job.py:190} INFO - Processing /home/airflow/sandbox/lib/python3.8/site-packages/airflow/example_dags/example_kubernetes_executor_config.py took 0.124 seconds
[2022-04-12 04:23:55,700] {scheduler_job.py:182} INFO - Started process (PID=91501) to work on /home/airflow/sandbox/lib/python3.8/site-packages/airflow/example_dags/example_kubernetes_executor_config.py
[2022-04-12 04:23:55,715] {scheduler_job.py:633} INFO - Processing file /home/airflow/sandbox/lib/python3.8/site-packages/airflow/example_dags/example_kubernetes_executor_config.py for tasks to queue
[2022-04-12 04:23:55,718] {logging_mixin.py:104} INFO - [2022-04-12 04:23:55,718] {dagbag.py:487} INFO - Filling up the DagBag from /home/airflow/sandbox/lib/python3.8/site-packages/airflow/example_dags/example_kubernetes_executor_config.py
[2022-04-12 04:23:55,776] {logging_mixin.py:104} INFO - [2022-04-12 04:23:55,763] {example_kubernetes_executor_config.py:175} WARNING - Could not import DAGs in example_kubernetes_executor_config.py: No module named 'kubernetes'
[2022-04-12 04:23:55,778] {logging_mixin.py:104} INFO - [2022-04-12 04:23:55,777] {example_kubernetes_executor_config.py:176} WARNING - Install kubernetes dependencies with: pip install apache-airflow['cncf.kubernetes']
[2022-04-12 04:23:55,779] {scheduler_job.py:645} WARNING - No viable dags retrieved from /home/airflow/sandbox/lib/python3.8/site-packages/airflow/example_dags/example_kubernetes_executor_config.py
[2022-04-12 04:23:55,896] {scheduler_job.py:190} INFO - Processing /home/airflow/sandbox/lib/python3.8/site-packages/airflow/example_dags/example_kubernetes_executor_config.py took 0.224 seconds
[2022-04-12 04:24:27,294] {scheduler_job.py:182} INFO - Started process (PID=91698) to work on /home/airflow/sandbox/lib/python3.8/site-packages/airflow/example_dags/example_kubernetes_executor_config.py
[2022-04-12 04:24:27,299] {scheduler_job.py:633} INFO - Processing file /home/airflow/sandbox/lib/python3.8/site-packages/airflow/example_dags/example_kubernetes_executor_config.py for tasks to queue
[2022-04-12 04:24:27,313] {logging_mixin.py:104} INFO - [2022-04-12 04:24:27,312] {dagbag.py:487} INFO - Filling up the DagBag from /home/airflow/sandbox/lib/python3.8/site-packages/airflow/example_dags/example_kubernetes_executor_config.py
[2022-04-12 04:24:27,340] {logging_mixin.py:104} INFO - [2022-04-12 04:24:27,340] {example_kubernetes_executor_config.py:175} WARNING - Could not import DAGs in example_kubernetes_executor_config.py: No module named 'kubernetes'
[2022-04-12 04:24:27,342] {logging_mixin.py:104} INFO - [2022-04-12 04:24:27,341] {example_kubernetes_executor_config.py:176} WARNING - Install kubernetes dependencies with: pip install apache-airflow['cncf.kubernetes']
[2022-04-12 04:24:27,343] {scheduler_job.py:645} WARNING - No viable dags retrieved from /home/airflow/sandbox/lib/python3.8/site-packages/airflow/example_dags/example_kubernetes_executor_config.py
[2022-04-12 04:24:27,402] {scheduler_job.py:190} INFO - Processing /home/airflow/sandbox/lib/python3.8/site-packages/airflow/example_dags/example_kubernetes_executor_config.py took 0.176 seconds
[2022-04-12 04:24:59,396] {scheduler_job.py:182} INFO - Started process (PID=92137) to work on /home/airflow/sandbox/lib/python3.8/site-packages/airflow/example_dags/example_kubernetes_executor_config.py
[2022-04-12 04:24:59,423] {scheduler_job.py:633} INFO - Processing file /home/airflow/sandbox/lib/python3.8/site-packages/airflow/example_dags/example_kubernetes_executor_config.py for tasks to queue
[2022-04-12 04:24:59,425] {logging_mixin.py:104} INFO - [2022-04-12 04:24:59,424] {dagbag.py:487} INFO - Filling up the DagBag from /home/airflow/sandbox/lib/python3.8/site-packages/airflow/example_dags/example_kubernetes_executor_config.py
[2022-04-12 04:24:59,472] {logging_mixin.py:104} INFO - [2022-04-12 04:24:59,471] {example_kubernetes_executor_config.py:175} WARNING - Could not import DAGs in example_kubernetes_executor_config.py: No module named 'kubernetes'
[2022-04-12 04:24:59,486] {logging_mixin.py:104} INFO - [2022-04-12 04:24:59,486] {example_kubernetes_executor_config.py:176} WARNING - Install kubernetes dependencies with: pip install apache-airflow['cncf.kubernetes']
[2022-04-12 04:24:59,493] {scheduler_job.py:645} WARNING - No viable dags retrieved from /home/airflow/sandbox/lib/python3.8/site-packages/airflow/example_dags/example_kubernetes_executor_config.py
[2022-04-12 04:24:59,621] {scheduler_job.py:190} INFO - Processing /home/airflow/sandbox/lib/python3.8/site-packages/airflow/example_dags/example_kubernetes_executor_config.py took 0.236 seconds
[2022-04-12 04:25:31,838] {scheduler_job.py:182} INFO - Started process (PID=92333) to work on /home/airflow/sandbox/lib/python3.8/site-packages/airflow/example_dags/example_kubernetes_executor_config.py
[2022-04-12 04:25:31,885] {scheduler_job.py:633} INFO - Processing file /home/airflow/sandbox/lib/python3.8/site-packages/airflow/example_dags/example_kubernetes_executor_config.py for tasks to queue
[2022-04-12 04:25:31,887] {logging_mixin.py:104} INFO - [2022-04-12 04:25:31,887] {dagbag.py:487} INFO - Filling up the DagBag from /home/airflow/sandbox/lib/python3.8/site-packages/airflow/example_dags/example_kubernetes_executor_config.py
[2022-04-12 04:25:31,911] {logging_mixin.py:104} INFO - [2022-04-12 04:25:31,911] {example_kubernetes_executor_config.py:175} WARNING - Could not import DAGs in example_kubernetes_executor_config.py: No module named 'kubernetes'
[2022-04-12 04:25:31,915] {logging_mixin.py:104} INFO - [2022-04-12 04:25:31,915] {example_kubernetes_executor_config.py:176} WARNING - Install kubernetes dependencies with: pip install apache-airflow['cncf.kubernetes']
[2022-04-12 04:25:31,948] {scheduler_job.py:645} WARNING - No viable dags retrieved from /home/airflow/sandbox/lib/python3.8/site-packages/airflow/example_dags/example_kubernetes_executor_config.py
[2022-04-12 04:25:32,064] {scheduler_job.py:190} INFO - Processing /home/airflow/sandbox/lib/python3.8/site-packages/airflow/example_dags/example_kubernetes_executor_config.py took 0.256 seconds
[2022-04-12 04:26:03,451] {scheduler_job.py:182} INFO - Started process (PID=92527) to work on /home/airflow/sandbox/lib/python3.8/site-packages/airflow/example_dags/example_kubernetes_executor_config.py
[2022-04-12 04:26:03,466] {scheduler_job.py:633} INFO - Processing file /home/airflow/sandbox/lib/python3.8/site-packages/airflow/example_dags/example_kubernetes_executor_config.py for tasks to queue
[2022-04-12 04:26:03,468] {logging_mixin.py:104} INFO - [2022-04-12 04:26:03,468] {dagbag.py:487} INFO - Filling up the DagBag from /home/airflow/sandbox/lib/python3.8/site-packages/airflow/example_dags/example_kubernetes_executor_config.py
[2022-04-12 04:26:03,499] {logging_mixin.py:104} INFO - [2022-04-12 04:26:03,499] {example_kubernetes_executor_config.py:175} WARNING - Could not import DAGs in example_kubernetes_executor_config.py: No module named 'kubernetes'
[2022-04-12 04:26:03,514] {logging_mixin.py:104} INFO - [2022-04-12 04:26:03,513] {example_kubernetes_executor_config.py:176} WARNING - Install kubernetes dependencies with: pip install apache-airflow['cncf.kubernetes']
[2022-04-12 04:26:03,515] {scheduler_job.py:645} WARNING - No viable dags retrieved from /home/airflow/sandbox/lib/python3.8/site-packages/airflow/example_dags/example_kubernetes_executor_config.py
[2022-04-12 04:26:03,635] {scheduler_job.py:190} INFO - Processing /home/airflow/sandbox/lib/python3.8/site-packages/airflow/example_dags/example_kubernetes_executor_config.py took 0.203 seconds
[2022-04-12 04:26:34,592] {scheduler_job.py:182} INFO - Started process (PID=92723) to work on /home/airflow/sandbox/lib/python3.8/site-packages/airflow/example_dags/example_kubernetes_executor_config.py
[2022-04-12 04:26:34,598] {scheduler_job.py:633} INFO - Processing file /home/airflow/sandbox/lib/python3.8/site-packages/airflow/example_dags/example_kubernetes_executor_config.py for tasks to queue
[2022-04-12 04:26:34,625] {logging_mixin.py:104} INFO - [2022-04-12 04:26:34,615] {dagbag.py:487} INFO - Filling up the DagBag from /home/airflow/sandbox/lib/python3.8/site-packages/airflow/example_dags/example_kubernetes_executor_config.py
[2022-04-12 04:26:34,673] {logging_mixin.py:104} INFO - [2022-04-12 04:26:34,672] {example_kubernetes_executor_config.py:175} WARNING - Could not import DAGs in example_kubernetes_executor_config.py: No module named 'kubernetes'
[2022-04-12 04:26:34,674] {logging_mixin.py:104} INFO - [2022-04-12 04:26:34,674] {example_kubernetes_executor_config.py:176} WARNING - Install kubernetes dependencies with: pip install apache-airflow['cncf.kubernetes']
[2022-04-12 04:26:34,675] {scheduler_job.py:645} WARNING - No viable dags retrieved from /home/airflow/sandbox/lib/python3.8/site-packages/airflow/example_dags/example_kubernetes_executor_config.py
[2022-04-12 04:26:34,823] {scheduler_job.py:190} INFO - Processing /home/airflow/sandbox/lib/python3.8/site-packages/airflow/example_dags/example_kubernetes_executor_config.py took 0.303 seconds
[2022-04-12 04:27:06,776] {scheduler_job.py:182} INFO - Started process (PID=92932) to work on /home/airflow/sandbox/lib/python3.8/site-packages/airflow/example_dags/example_kubernetes_executor_config.py
[2022-04-12 04:27:06,779] {scheduler_job.py:633} INFO - Processing file /home/airflow/sandbox/lib/python3.8/site-packages/airflow/example_dags/example_kubernetes_executor_config.py for tasks to queue
[2022-04-12 04:27:06,785] {logging_mixin.py:104} INFO - [2022-04-12 04:27:06,784] {dagbag.py:487} INFO - Filling up the DagBag from /home/airflow/sandbox/lib/python3.8/site-packages/airflow/example_dags/example_kubernetes_executor_config.py
[2022-04-12 04:27:06,839] {logging_mixin.py:104} INFO - [2022-04-12 04:27:06,838] {example_kubernetes_executor_config.py:175} WARNING - Could not import DAGs in example_kubernetes_executor_config.py: No module named 'kubernetes'
[2022-04-12 04:27:06,870] {logging_mixin.py:104} INFO - [2022-04-12 04:27:06,870] {example_kubernetes_executor_config.py:176} WARNING - Install kubernetes dependencies with: pip install apache-airflow['cncf.kubernetes']
[2022-04-12 04:27:06,871] {scheduler_job.py:645} WARNING - No viable dags retrieved from /home/airflow/sandbox/lib/python3.8/site-packages/airflow/example_dags/example_kubernetes_executor_config.py
[2022-04-12 04:27:07,027] {scheduler_job.py:190} INFO - Processing /home/airflow/sandbox/lib/python3.8/site-packages/airflow/example_dags/example_kubernetes_executor_config.py took 0.290 seconds
[2022-04-12 04:27:37,556] {scheduler_job.py:182} INFO - Started process (PID=93126) to work on /home/airflow/sandbox/lib/python3.8/site-packages/airflow/example_dags/example_kubernetes_executor_config.py
[2022-04-12 04:27:37,631] {scheduler_job.py:633} INFO - Processing file /home/airflow/sandbox/lib/python3.8/site-packages/airflow/example_dags/example_kubernetes_executor_config.py for tasks to queue
[2022-04-12 04:27:37,651] {logging_mixin.py:104} INFO - [2022-04-12 04:27:37,651] {dagbag.py:487} INFO - Filling up the DagBag from /home/airflow/sandbox/lib/python3.8/site-packages/airflow/example_dags/example_kubernetes_executor_config.py
[2022-04-12 04:27:37,687] {logging_mixin.py:104} INFO - [2022-04-12 04:27:37,685] {example_kubernetes_executor_config.py:175} WARNING - Could not import DAGs in example_kubernetes_executor_config.py: No module named 'kubernetes'
[2022-04-12 04:27:37,687] {logging_mixin.py:104} INFO - [2022-04-12 04:27:37,687] {example_kubernetes_executor_config.py:176} WARNING - Install kubernetes dependencies with: pip install apache-airflow['cncf.kubernetes']
[2022-04-12 04:27:37,688] {scheduler_job.py:645} WARNING - No viable dags retrieved from /home/airflow/sandbox/lib/python3.8/site-packages/airflow/example_dags/example_kubernetes_executor_config.py
[2022-04-12 04:27:37,755] {scheduler_job.py:190} INFO - Processing /home/airflow/sandbox/lib/python3.8/site-packages/airflow/example_dags/example_kubernetes_executor_config.py took 0.211 seconds
[2022-04-12 04:28:08,349] {scheduler_job.py:182} INFO - Started process (PID=93325) to work on /home/airflow/sandbox/lib/python3.8/site-packages/airflow/example_dags/example_kubernetes_executor_config.py
[2022-04-12 04:28:08,362] {scheduler_job.py:633} INFO - Processing file /home/airflow/sandbox/lib/python3.8/site-packages/airflow/example_dags/example_kubernetes_executor_config.py for tasks to queue
[2022-04-12 04:28:08,365] {logging_mixin.py:104} INFO - [2022-04-12 04:28:08,365] {dagbag.py:487} INFO - Filling up the DagBag from /home/airflow/sandbox/lib/python3.8/site-packages/airflow/example_dags/example_kubernetes_executor_config.py
[2022-04-12 04:28:08,392] {logging_mixin.py:104} INFO - [2022-04-12 04:28:08,392] {example_kubernetes_executor_config.py:175} WARNING - Could not import DAGs in example_kubernetes_executor_config.py: No module named 'kubernetes'
[2022-04-12 04:28:08,399] {logging_mixin.py:104} INFO - [2022-04-12 04:28:08,399] {example_kubernetes_executor_config.py:176} WARNING - Install kubernetes dependencies with: pip install apache-airflow['cncf.kubernetes']
[2022-04-12 04:28:08,399] {scheduler_job.py:645} WARNING - No viable dags retrieved from /home/airflow/sandbox/lib/python3.8/site-packages/airflow/example_dags/example_kubernetes_executor_config.py
[2022-04-12 04:28:08,521] {scheduler_job.py:190} INFO - Processing /home/airflow/sandbox/lib/python3.8/site-packages/airflow/example_dags/example_kubernetes_executor_config.py took 0.179 seconds
[2022-04-12 04:28:39,650] {scheduler_job.py:182} INFO - Started process (PID=93521) to work on /home/airflow/sandbox/lib/python3.8/site-packages/airflow/example_dags/example_kubernetes_executor_config.py
[2022-04-12 04:28:39,685] {scheduler_job.py:633} INFO - Processing file /home/airflow/sandbox/lib/python3.8/site-packages/airflow/example_dags/example_kubernetes_executor_config.py for tasks to queue
[2022-04-12 04:28:39,687] {logging_mixin.py:104} INFO - [2022-04-12 04:28:39,686] {dagbag.py:487} INFO - Filling up the DagBag from /home/airflow/sandbox/lib/python3.8/site-packages/airflow/example_dags/example_kubernetes_executor_config.py
[2022-04-12 04:28:39,819] {logging_mixin.py:104} INFO - [2022-04-12 04:28:39,819] {example_kubernetes_executor_config.py:175} WARNING - Could not import DAGs in example_kubernetes_executor_config.py: No module named 'kubernetes'
[2022-04-12 04:28:39,832] {logging_mixin.py:104} INFO - [2022-04-12 04:28:39,826] {example_kubernetes_executor_config.py:176} WARNING - Install kubernetes dependencies with: pip install apache-airflow['cncf.kubernetes']
[2022-04-12 04:28:39,840] {scheduler_job.py:645} WARNING - No viable dags retrieved from /home/airflow/sandbox/lib/python3.8/site-packages/airflow/example_dags/example_kubernetes_executor_config.py
[2022-04-12 04:28:40,027] {scheduler_job.py:190} INFO - Processing /home/airflow/sandbox/lib/python3.8/site-packages/airflow/example_dags/example_kubernetes_executor_config.py took 0.409 seconds
[2022-04-12 04:30:46,516] {scheduler_job.py:182} INFO - Started process (PID=94168) to work on /home/airflow/sandbox/lib/python3.8/site-packages/airflow/example_dags/example_kubernetes_executor_config.py
[2022-04-12 04:30:46,521] {scheduler_job.py:633} INFO - Processing file /home/airflow/sandbox/lib/python3.8/site-packages/airflow/example_dags/example_kubernetes_executor_config.py for tasks to queue
[2022-04-12 04:30:46,528] {logging_mixin.py:104} INFO - [2022-04-12 04:30:46,527] {dagbag.py:487} INFO - Filling up the DagBag from /home/airflow/sandbox/lib/python3.8/site-packages/airflow/example_dags/example_kubernetes_executor_config.py
[2022-04-12 04:30:46,582] {logging_mixin.py:104} INFO - [2022-04-12 04:30:46,582] {example_kubernetes_executor_config.py:175} WARNING - Could not import DAGs in example_kubernetes_executor_config.py: No module named 'kubernetes'
[2022-04-12 04:30:46,598] {logging_mixin.py:104} INFO - [2022-04-12 04:30:46,597] {example_kubernetes_executor_config.py:176} WARNING - Install kubernetes dependencies with: pip install apache-airflow['cncf.kubernetes']
[2022-04-12 04:30:46,611] {scheduler_job.py:645} WARNING - No viable dags retrieved from /home/airflow/sandbox/lib/python3.8/site-packages/airflow/example_dags/example_kubernetes_executor_config.py
[2022-04-12 04:30:46,792] {scheduler_job.py:190} INFO - Processing /home/airflow/sandbox/lib/python3.8/site-packages/airflow/example_dags/example_kubernetes_executor_config.py took 0.322 seconds
[2022-04-12 04:31:21,616] {scheduler_job.py:182} INFO - Started process (PID=94370) to work on /home/airflow/sandbox/lib/python3.8/site-packages/airflow/example_dags/example_kubernetes_executor_config.py
[2022-04-12 04:31:21,621] {scheduler_job.py:633} INFO - Processing file /home/airflow/sandbox/lib/python3.8/site-packages/airflow/example_dags/example_kubernetes_executor_config.py for tasks to queue
[2022-04-12 04:31:21,622] {logging_mixin.py:104} INFO - [2022-04-12 04:31:21,622] {dagbag.py:487} INFO - Filling up the DagBag from /home/airflow/sandbox/lib/python3.8/site-packages/airflow/example_dags/example_kubernetes_executor_config.py
[2022-04-12 04:31:21,647] {logging_mixin.py:104} INFO - [2022-04-12 04:31:21,647] {example_kubernetes_executor_config.py:175} WARNING - Could not import DAGs in example_kubernetes_executor_config.py: No module named 'kubernetes'
[2022-04-12 04:31:21,671] {logging_mixin.py:104} INFO - [2022-04-12 04:31:21,671] {example_kubernetes_executor_config.py:176} WARNING - Install kubernetes dependencies with: pip install apache-airflow['cncf.kubernetes']
[2022-04-12 04:31:21,672] {scheduler_job.py:645} WARNING - No viable dags retrieved from /home/airflow/sandbox/lib/python3.8/site-packages/airflow/example_dags/example_kubernetes_executor_config.py
[2022-04-12 04:31:21,795] {scheduler_job.py:190} INFO - Processing /home/airflow/sandbox/lib/python3.8/site-packages/airflow/example_dags/example_kubernetes_executor_config.py took 0.186 seconds
[2022-04-12 04:31:53,323] {scheduler_job.py:182} INFO - Started process (PID=94569) to work on /home/airflow/sandbox/lib/python3.8/site-packages/airflow/example_dags/example_kubernetes_executor_config.py
[2022-04-12 04:31:53,333] {scheduler_job.py:633} INFO - Processing file /home/airflow/sandbox/lib/python3.8/site-packages/airflow/example_dags/example_kubernetes_executor_config.py for tasks to queue
[2022-04-12 04:31:53,336] {logging_mixin.py:104} INFO - [2022-04-12 04:31:53,336] {dagbag.py:487} INFO - Filling up the DagBag from /home/airflow/sandbox/lib/python3.8/site-packages/airflow/example_dags/example_kubernetes_executor_config.py
[2022-04-12 04:31:53,358] {logging_mixin.py:104} INFO - [2022-04-12 04:31:53,358] {example_kubernetes_executor_config.py:175} WARNING - Could not import DAGs in example_kubernetes_executor_config.py: No module named 'kubernetes'
[2022-04-12 04:31:53,359] {logging_mixin.py:104} INFO - [2022-04-12 04:31:53,359] {example_kubernetes_executor_config.py:176} WARNING - Install kubernetes dependencies with: pip install apache-airflow['cncf.kubernetes']
[2022-04-12 04:31:53,360] {scheduler_job.py:645} WARNING - No viable dags retrieved from /home/airflow/sandbox/lib/python3.8/site-packages/airflow/example_dags/example_kubernetes_executor_config.py
[2022-04-12 04:31:53,448] {scheduler_job.py:190} INFO - Processing /home/airflow/sandbox/lib/python3.8/site-packages/airflow/example_dags/example_kubernetes_executor_config.py took 0.146 seconds
[2022-04-12 04:32:25,964] {scheduler_job.py:182} INFO - Started process (PID=94768) to work on /home/airflow/sandbox/lib/python3.8/site-packages/airflow/example_dags/example_kubernetes_executor_config.py
[2022-04-12 04:32:25,973] {scheduler_job.py:633} INFO - Processing file /home/airflow/sandbox/lib/python3.8/site-packages/airflow/example_dags/example_kubernetes_executor_config.py for tasks to queue
[2022-04-12 04:32:25,983] {logging_mixin.py:104} INFO - [2022-04-12 04:32:25,982] {dagbag.py:487} INFO - Filling up the DagBag from /home/airflow/sandbox/lib/python3.8/site-packages/airflow/example_dags/example_kubernetes_executor_config.py
[2022-04-12 04:32:26,061] {logging_mixin.py:104} INFO - [2022-04-12 04:32:26,060] {example_kubernetes_executor_config.py:175} WARNING - Could not import DAGs in example_kubernetes_executor_config.py: No module named 'kubernetes'
[2022-04-12 04:32:26,071] {logging_mixin.py:104} INFO - [2022-04-12 04:32:26,071] {example_kubernetes_executor_config.py:176} WARNING - Install kubernetes dependencies with: pip install apache-airflow['cncf.kubernetes']
[2022-04-12 04:32:26,072] {scheduler_job.py:645} WARNING - No viable dags retrieved from /home/airflow/sandbox/lib/python3.8/site-packages/airflow/example_dags/example_kubernetes_executor_config.py
[2022-04-12 04:32:26,212] {scheduler_job.py:190} INFO - Processing /home/airflow/sandbox/lib/python3.8/site-packages/airflow/example_dags/example_kubernetes_executor_config.py took 0.273 seconds
