[2022-04-12 04:06:19,579] {scheduler_job.py:182} INFO - Started process (PID=83385) to work on /home/airflow/sandbox/lib/python3.8/site-packages/airflow/example_dags/example_subdag_operator.py
[2022-04-12 04:06:19,593] {scheduler_job.py:633} INFO - Processing file /home/airflow/sandbox/lib/python3.8/site-packages/airflow/example_dags/example_subdag_operator.py for tasks to queue
[2022-04-12 04:06:19,612] {logging_mixin.py:104} INFO - [2022-04-12 04:06:19,612] {dagbag.py:487} INFO - Filling up the DagBag from /home/airflow/sandbox/lib/python3.8/site-packages/airflow/example_dags/example_subdag_operator.py
[2022-04-12 04:06:19,813] {scheduler_job.py:643} INFO - DAG(s) dict_keys(['example_subdag_operator.section-1', 'example_subdag_operator.section-2', 'example_subdag_operator']) retrieved from /home/airflow/sandbox/lib/python3.8/site-packages/airflow/example_dags/example_subdag_operator.py
[2022-04-12 04:06:21,134] {logging_mixin.py:104} INFO - [2022-04-12 04:06:21,134] {dag.py:1832} INFO - Sync 3 DAGs
[2022-04-12 04:06:21,208] {logging_mixin.py:104} INFO - [2022-04-12 04:06:21,208] {dag.py:2305} INFO - Setting next_dagrun for example_subdag_operator to 2022-04-10 00:00:00+00:00
[2022-04-12 04:06:21,216] {logging_mixin.py:104} INFO - [2022-04-12 04:06:21,216] {dag.py:2305} INFO - Setting next_dagrun for example_subdag_operator.section-1 to None
[2022-04-12 04:06:21,217] {logging_mixin.py:104} INFO - [2022-04-12 04:06:21,217] {dag.py:2305} INFO - Setting next_dagrun for example_subdag_operator.section-2 to None
[2022-04-12 04:06:21,282] {logging_mixin.py:104} INFO - [2022-04-12 04:06:21,282] {dag.py:1832} INFO - Sync 2 DAGs
[2022-04-12 04:06:21,303] {logging_mixin.py:104} INFO - [2022-04-12 04:06:21,303] {dag.py:2305} INFO - Setting next_dagrun for example_subdag_operator.section-1 to None
[2022-04-12 04:06:21,306] {logging_mixin.py:104} INFO - [2022-04-12 04:06:21,306] {dag.py:2305} INFO - Setting next_dagrun for example_subdag_operator.section-2 to None
[2022-04-12 04:06:21,381] {scheduler_job.py:190} INFO - Processing /home/airflow/sandbox/lib/python3.8/site-packages/airflow/example_dags/example_subdag_operator.py took 1.805 seconds
[2022-04-12 04:06:51,664] {scheduler_job.py:182} INFO - Started process (PID=83907) to work on /home/airflow/sandbox/lib/python3.8/site-packages/airflow/example_dags/example_subdag_operator.py
[2022-04-12 04:06:51,667] {scheduler_job.py:633} INFO - Processing file /home/airflow/sandbox/lib/python3.8/site-packages/airflow/example_dags/example_subdag_operator.py for tasks to queue
[2022-04-12 04:06:51,669] {logging_mixin.py:104} INFO - [2022-04-12 04:06:51,668] {dagbag.py:487} INFO - Filling up the DagBag from /home/airflow/sandbox/lib/python3.8/site-packages/airflow/example_dags/example_subdag_operator.py
[2022-04-12 04:06:51,746] {scheduler_job.py:643} INFO - DAG(s) dict_keys(['example_subdag_operator.section-1', 'example_subdag_operator.section-2', 'example_subdag_operator']) retrieved from /home/airflow/sandbox/lib/python3.8/site-packages/airflow/example_dags/example_subdag_operator.py
[2022-04-12 04:06:51,776] {logging_mixin.py:104} INFO - [2022-04-12 04:06:51,776] {dag.py:1832} INFO - Sync 3 DAGs
[2022-04-12 04:06:51,835] {logging_mixin.py:104} INFO - [2022-04-12 04:06:51,835] {dag.py:2305} INFO - Setting next_dagrun for example_subdag_operator to 2022-04-10 00:00:00+00:00
[2022-04-12 04:06:51,837] {logging_mixin.py:104} INFO - [2022-04-12 04:06:51,837] {dag.py:2305} INFO - Setting next_dagrun for example_subdag_operator.section-1 to None
[2022-04-12 04:06:51,840] {logging_mixin.py:104} INFO - [2022-04-12 04:06:51,840] {dag.py:2305} INFO - Setting next_dagrun for example_subdag_operator.section-2 to None
[2022-04-12 04:06:51,858] {logging_mixin.py:104} INFO - [2022-04-12 04:06:51,858] {dag.py:1832} INFO - Sync 2 DAGs
[2022-04-12 04:06:51,871] {logging_mixin.py:104} INFO - [2022-04-12 04:06:51,871] {dag.py:2305} INFO - Setting next_dagrun for example_subdag_operator.section-1 to None
[2022-04-12 04:06:51,872] {logging_mixin.py:104} INFO - [2022-04-12 04:06:51,872] {dag.py:2305} INFO - Setting next_dagrun for example_subdag_operator.section-2 to None
[2022-04-12 04:06:51,888] {scheduler_job.py:190} INFO - Processing /home/airflow/sandbox/lib/python3.8/site-packages/airflow/example_dags/example_subdag_operator.py took 0.231 seconds
[2022-04-12 04:07:22,333] {scheduler_job.py:182} INFO - Started process (PID=84161) to work on /home/airflow/sandbox/lib/python3.8/site-packages/airflow/example_dags/example_subdag_operator.py
[2022-04-12 04:07:22,340] {scheduler_job.py:633} INFO - Processing file /home/airflow/sandbox/lib/python3.8/site-packages/airflow/example_dags/example_subdag_operator.py for tasks to queue
[2022-04-12 04:07:22,354] {logging_mixin.py:104} INFO - [2022-04-12 04:07:22,353] {dagbag.py:487} INFO - Filling up the DagBag from /home/airflow/sandbox/lib/python3.8/site-packages/airflow/example_dags/example_subdag_operator.py
[2022-04-12 04:07:22,518] {scheduler_job.py:643} INFO - DAG(s) dict_keys(['example_subdag_operator.section-1', 'example_subdag_operator.section-2', 'example_subdag_operator']) retrieved from /home/airflow/sandbox/lib/python3.8/site-packages/airflow/example_dags/example_subdag_operator.py
[2022-04-12 04:07:22,571] {logging_mixin.py:104} INFO - [2022-04-12 04:07:22,571] {dag.py:1832} INFO - Sync 3 DAGs
[2022-04-12 04:07:22,617] {logging_mixin.py:104} INFO - [2022-04-12 04:07:22,617] {dag.py:2305} INFO - Setting next_dagrun for example_subdag_operator to 2022-04-10 00:00:00+00:00
[2022-04-12 04:07:22,619] {logging_mixin.py:104} INFO - [2022-04-12 04:07:22,619] {dag.py:2305} INFO - Setting next_dagrun for example_subdag_operator.section-1 to None
[2022-04-12 04:07:22,626] {logging_mixin.py:104} INFO - [2022-04-12 04:07:22,626] {dag.py:2305} INFO - Setting next_dagrun for example_subdag_operator.section-2 to None
[2022-04-12 04:07:22,647] {logging_mixin.py:104} INFO - [2022-04-12 04:07:22,647] {dag.py:1832} INFO - Sync 2 DAGs
[2022-04-12 04:07:22,691] {logging_mixin.py:104} INFO - [2022-04-12 04:07:22,690] {dag.py:2305} INFO - Setting next_dagrun for example_subdag_operator.section-1 to None
[2022-04-12 04:07:22,692] {logging_mixin.py:104} INFO - [2022-04-12 04:07:22,692] {dag.py:2305} INFO - Setting next_dagrun for example_subdag_operator.section-2 to None
[2022-04-12 04:07:22,708] {scheduler_job.py:190} INFO - Processing /home/airflow/sandbox/lib/python3.8/site-packages/airflow/example_dags/example_subdag_operator.py took 0.387 seconds
[2022-04-12 04:07:52,987] {scheduler_job.py:182} INFO - Started process (PID=84361) to work on /home/airflow/sandbox/lib/python3.8/site-packages/airflow/example_dags/example_subdag_operator.py
[2022-04-12 04:07:52,994] {scheduler_job.py:633} INFO - Processing file /home/airflow/sandbox/lib/python3.8/site-packages/airflow/example_dags/example_subdag_operator.py for tasks to queue
[2022-04-12 04:07:53,001] {logging_mixin.py:104} INFO - [2022-04-12 04:07:53,001] {dagbag.py:487} INFO - Filling up the DagBag from /home/airflow/sandbox/lib/python3.8/site-packages/airflow/example_dags/example_subdag_operator.py
[2022-04-12 04:07:53,122] {scheduler_job.py:643} INFO - DAG(s) dict_keys(['example_subdag_operator.section-1', 'example_subdag_operator.section-2', 'example_subdag_operator']) retrieved from /home/airflow/sandbox/lib/python3.8/site-packages/airflow/example_dags/example_subdag_operator.py
[2022-04-12 04:07:53,161] {logging_mixin.py:104} INFO - [2022-04-12 04:07:53,161] {dag.py:1832} INFO - Sync 3 DAGs
[2022-04-12 04:07:53,242] {logging_mixin.py:104} INFO - [2022-04-12 04:07:53,241] {dag.py:2305} INFO - Setting next_dagrun for example_subdag_operator to 2022-04-10 00:00:00+00:00
[2022-04-12 04:07:53,245] {logging_mixin.py:104} INFO - [2022-04-12 04:07:53,244] {dag.py:2305} INFO - Setting next_dagrun for example_subdag_operator.section-1 to None
[2022-04-12 04:07:53,253] {logging_mixin.py:104} INFO - [2022-04-12 04:07:53,252] {dag.py:2305} INFO - Setting next_dagrun for example_subdag_operator.section-2 to None
[2022-04-12 04:07:53,315] {logging_mixin.py:104} INFO - [2022-04-12 04:07:53,315] {dag.py:1832} INFO - Sync 2 DAGs
[2022-04-12 04:07:53,344] {logging_mixin.py:104} INFO - [2022-04-12 04:07:53,344] {dag.py:2305} INFO - Setting next_dagrun for example_subdag_operator.section-1 to None
[2022-04-12 04:07:53,345] {logging_mixin.py:104} INFO - [2022-04-12 04:07:53,345] {dag.py:2305} INFO - Setting next_dagrun for example_subdag_operator.section-2 to None
[2022-04-12 04:07:53,361] {scheduler_job.py:190} INFO - Processing /home/airflow/sandbox/lib/python3.8/site-packages/airflow/example_dags/example_subdag_operator.py took 0.386 seconds
[2022-04-12 04:08:23,781] {scheduler_job.py:182} INFO - Started process (PID=84620) to work on /home/airflow/sandbox/lib/python3.8/site-packages/airflow/example_dags/example_subdag_operator.py
[2022-04-12 04:08:23,788] {scheduler_job.py:633} INFO - Processing file /home/airflow/sandbox/lib/python3.8/site-packages/airflow/example_dags/example_subdag_operator.py for tasks to queue
[2022-04-12 04:08:23,796] {logging_mixin.py:104} INFO - [2022-04-12 04:08:23,796] {dagbag.py:487} INFO - Filling up the DagBag from /home/airflow/sandbox/lib/python3.8/site-packages/airflow/example_dags/example_subdag_operator.py
[2022-04-12 04:08:23,926] {scheduler_job.py:643} INFO - DAG(s) dict_keys(['example_subdag_operator.section-1', 'example_subdag_operator.section-2', 'example_subdag_operator']) retrieved from /home/airflow/sandbox/lib/python3.8/site-packages/airflow/example_dags/example_subdag_operator.py
[2022-04-12 04:08:24,004] {logging_mixin.py:104} INFO - [2022-04-12 04:08:24,004] {dag.py:1832} INFO - Sync 3 DAGs
[2022-04-12 04:08:24,064] {logging_mixin.py:104} INFO - [2022-04-12 04:08:24,064] {dag.py:2305} INFO - Setting next_dagrun for example_subdag_operator to 2022-04-10 00:00:00+00:00
[2022-04-12 04:08:24,066] {logging_mixin.py:104} INFO - [2022-04-12 04:08:24,066] {dag.py:2305} INFO - Setting next_dagrun for example_subdag_operator.section-1 to None
[2022-04-12 04:08:24,069] {logging_mixin.py:104} INFO - [2022-04-12 04:08:24,069] {dag.py:2305} INFO - Setting next_dagrun for example_subdag_operator.section-2 to None
[2022-04-12 04:08:24,094] {logging_mixin.py:104} INFO - [2022-04-12 04:08:24,093] {dag.py:1832} INFO - Sync 2 DAGs
[2022-04-12 04:08:24,120] {logging_mixin.py:104} INFO - [2022-04-12 04:08:24,120] {dag.py:2305} INFO - Setting next_dagrun for example_subdag_operator.section-1 to None
[2022-04-12 04:08:24,120] {logging_mixin.py:104} INFO - [2022-04-12 04:08:24,120] {dag.py:2305} INFO - Setting next_dagrun for example_subdag_operator.section-2 to None
[2022-04-12 04:08:24,134] {scheduler_job.py:190} INFO - Processing /home/airflow/sandbox/lib/python3.8/site-packages/airflow/example_dags/example_subdag_operator.py took 0.364 seconds
[2022-04-12 04:08:54,488] {scheduler_job.py:182} INFO - Started process (PID=84819) to work on /home/airflow/sandbox/lib/python3.8/site-packages/airflow/example_dags/example_subdag_operator.py
[2022-04-12 04:08:54,504] {scheduler_job.py:633} INFO - Processing file /home/airflow/sandbox/lib/python3.8/site-packages/airflow/example_dags/example_subdag_operator.py for tasks to queue
[2022-04-12 04:08:54,506] {logging_mixin.py:104} INFO - [2022-04-12 04:08:54,505] {dagbag.py:487} INFO - Filling up the DagBag from /home/airflow/sandbox/lib/python3.8/site-packages/airflow/example_dags/example_subdag_operator.py
[2022-04-12 04:08:54,634] {scheduler_job.py:643} INFO - DAG(s) dict_keys(['example_subdag_operator.section-1', 'example_subdag_operator.section-2', 'example_subdag_operator']) retrieved from /home/airflow/sandbox/lib/python3.8/site-packages/airflow/example_dags/example_subdag_operator.py
[2022-04-12 04:08:54,705] {logging_mixin.py:104} INFO - [2022-04-12 04:08:54,705] {dag.py:1832} INFO - Sync 3 DAGs
[2022-04-12 04:08:54,783] {logging_mixin.py:104} INFO - [2022-04-12 04:08:54,782] {dag.py:2305} INFO - Setting next_dagrun for example_subdag_operator to 2022-04-10 00:00:00+00:00
[2022-04-12 04:08:54,785] {logging_mixin.py:104} INFO - [2022-04-12 04:08:54,784] {dag.py:2305} INFO - Setting next_dagrun for example_subdag_operator.section-1 to None
[2022-04-12 04:08:54,788] {logging_mixin.py:104} INFO - [2022-04-12 04:08:54,788] {dag.py:2305} INFO - Setting next_dagrun for example_subdag_operator.section-2 to None
[2022-04-12 04:08:54,828] {logging_mixin.py:104} INFO - [2022-04-12 04:08:54,828] {dag.py:1832} INFO - Sync 2 DAGs
[2022-04-12 04:08:54,842] {logging_mixin.py:104} INFO - [2022-04-12 04:08:54,841] {dag.py:2305} INFO - Setting next_dagrun for example_subdag_operator.section-1 to None
[2022-04-12 04:08:54,842] {logging_mixin.py:104} INFO - [2022-04-12 04:08:54,842] {dag.py:2305} INFO - Setting next_dagrun for example_subdag_operator.section-2 to None
[2022-04-12 04:08:54,858] {scheduler_job.py:190} INFO - Processing /home/airflow/sandbox/lib/python3.8/site-packages/airflow/example_dags/example_subdag_operator.py took 0.379 seconds
[2022-04-12 04:14:57,568] {scheduler_job.py:182} INFO - Started process (PID=85719) to work on /home/airflow/sandbox/lib/python3.8/site-packages/airflow/example_dags/example_subdag_operator.py
[2022-04-12 04:14:57,609] {scheduler_job.py:633} INFO - Processing file /home/airflow/sandbox/lib/python3.8/site-packages/airflow/example_dags/example_subdag_operator.py for tasks to queue
[2022-04-12 04:14:57,611] {logging_mixin.py:104} INFO - [2022-04-12 04:14:57,611] {dagbag.py:487} INFO - Filling up the DagBag from /home/airflow/sandbox/lib/python3.8/site-packages/airflow/example_dags/example_subdag_operator.py
[2022-04-12 04:14:57,821] {scheduler_job.py:643} INFO - DAG(s) dict_keys(['example_subdag_operator.section-1', 'example_subdag_operator.section-2', 'example_subdag_operator']) retrieved from /home/airflow/sandbox/lib/python3.8/site-packages/airflow/example_dags/example_subdag_operator.py
[2022-04-12 04:14:57,924] {logging_mixin.py:104} INFO - [2022-04-12 04:14:57,924] {dag.py:1832} INFO - Sync 3 DAGs
[2022-04-12 04:14:58,035] {logging_mixin.py:104} INFO - [2022-04-12 04:14:58,035] {dag.py:2305} INFO - Setting next_dagrun for example_subdag_operator to 2022-04-10 00:00:00+00:00
[2022-04-12 04:14:58,038] {logging_mixin.py:104} INFO - [2022-04-12 04:14:58,038] {dag.py:2305} INFO - Setting next_dagrun for example_subdag_operator.section-1 to None
[2022-04-12 04:14:58,041] {logging_mixin.py:104} INFO - [2022-04-12 04:14:58,041] {dag.py:2305} INFO - Setting next_dagrun for example_subdag_operator.section-2 to None
[2022-04-12 04:14:59,603] {logging_mixin.py:104} INFO - [2022-04-12 04:14:59,603] {dag.py:1832} INFO - Sync 2 DAGs
[2022-04-12 04:15:00,098] {logging_mixin.py:104} INFO - [2022-04-12 04:15:00,098] {dag.py:2305} INFO - Setting next_dagrun for example_subdag_operator.section-1 to None
[2022-04-12 04:15:00,100] {logging_mixin.py:104} INFO - [2022-04-12 04:15:00,100] {dag.py:2305} INFO - Setting next_dagrun for example_subdag_operator.section-2 to None
[2022-04-12 04:15:01,781] {scheduler_job.py:190} INFO - Processing /home/airflow/sandbox/lib/python3.8/site-packages/airflow/example_dags/example_subdag_operator.py took 4.222 seconds
[2022-04-12 04:15:32,101] {scheduler_job.py:182} INFO - Started process (PID=86044) to work on /home/airflow/sandbox/lib/python3.8/site-packages/airflow/example_dags/example_subdag_operator.py
[2022-04-12 04:15:32,102] {scheduler_job.py:633} INFO - Processing file /home/airflow/sandbox/lib/python3.8/site-packages/airflow/example_dags/example_subdag_operator.py for tasks to queue
[2022-04-12 04:15:32,108] {logging_mixin.py:104} INFO - [2022-04-12 04:15:32,108] {dagbag.py:487} INFO - Filling up the DagBag from /home/airflow/sandbox/lib/python3.8/site-packages/airflow/example_dags/example_subdag_operator.py
[2022-04-12 04:15:32,321] {scheduler_job.py:643} INFO - DAG(s) dict_keys(['example_subdag_operator.section-1', 'example_subdag_operator.section-2', 'example_subdag_operator']) retrieved from /home/airflow/sandbox/lib/python3.8/site-packages/airflow/example_dags/example_subdag_operator.py
[2022-04-12 04:15:32,414] {logging_mixin.py:104} INFO - [2022-04-12 04:15:32,414] {dag.py:1832} INFO - Sync 3 DAGs
[2022-04-12 04:15:32,495] {logging_mixin.py:104} INFO - [2022-04-12 04:15:32,495] {dag.py:2305} INFO - Setting next_dagrun for example_subdag_operator to 2022-04-10 00:00:00+00:00
[2022-04-12 04:15:32,497] {logging_mixin.py:104} INFO - [2022-04-12 04:15:32,497] {dag.py:2305} INFO - Setting next_dagrun for example_subdag_operator.section-1 to None
[2022-04-12 04:15:32,497] {logging_mixin.py:104} INFO - [2022-04-12 04:15:32,497] {dag.py:2305} INFO - Setting next_dagrun for example_subdag_operator.section-2 to None
[2022-04-12 04:15:32,572] {logging_mixin.py:104} INFO - [2022-04-12 04:15:32,572] {dag.py:1832} INFO - Sync 2 DAGs
[2022-04-12 04:15:32,611] {logging_mixin.py:104} INFO - [2022-04-12 04:15:32,611] {dag.py:2305} INFO - Setting next_dagrun for example_subdag_operator.section-1 to None
[2022-04-12 04:15:32,612] {logging_mixin.py:104} INFO - [2022-04-12 04:15:32,611] {dag.py:2305} INFO - Setting next_dagrun for example_subdag_operator.section-2 to None
[2022-04-12 04:15:32,697] {scheduler_job.py:190} INFO - Processing /home/airflow/sandbox/lib/python3.8/site-packages/airflow/example_dags/example_subdag_operator.py took 0.614 seconds
[2022-04-12 04:16:02,932] {scheduler_job.py:182} INFO - Started process (PID=86438) to work on /home/airflow/sandbox/lib/python3.8/site-packages/airflow/example_dags/example_subdag_operator.py
[2022-04-12 04:16:02,934] {scheduler_job.py:633} INFO - Processing file /home/airflow/sandbox/lib/python3.8/site-packages/airflow/example_dags/example_subdag_operator.py for tasks to queue
[2022-04-12 04:16:02,936] {logging_mixin.py:104} INFO - [2022-04-12 04:16:02,935] {dagbag.py:487} INFO - Filling up the DagBag from /home/airflow/sandbox/lib/python3.8/site-packages/airflow/example_dags/example_subdag_operator.py
[2022-04-12 04:16:03,057] {scheduler_job.py:643} INFO - DAG(s) dict_keys(['example_subdag_operator.section-1', 'example_subdag_operator.section-2', 'example_subdag_operator']) retrieved from /home/airflow/sandbox/lib/python3.8/site-packages/airflow/example_dags/example_subdag_operator.py
[2022-04-12 04:16:03,084] {logging_mixin.py:104} INFO - [2022-04-12 04:16:03,084] {dag.py:1832} INFO - Sync 3 DAGs
[2022-04-12 04:16:03,112] {logging_mixin.py:104} INFO - [2022-04-12 04:16:03,112] {dag.py:2305} INFO - Setting next_dagrun for example_subdag_operator to 2022-04-10 00:00:00+00:00
[2022-04-12 04:16:03,114] {logging_mixin.py:104} INFO - [2022-04-12 04:16:03,114] {dag.py:2305} INFO - Setting next_dagrun for example_subdag_operator.section-1 to None
[2022-04-12 04:16:03,115] {logging_mixin.py:104} INFO - [2022-04-12 04:16:03,115] {dag.py:2305} INFO - Setting next_dagrun for example_subdag_operator.section-2 to None
[2022-04-12 04:16:03,134] {logging_mixin.py:104} INFO - [2022-04-12 04:16:03,134] {dag.py:1832} INFO - Sync 2 DAGs
[2022-04-12 04:16:03,159] {logging_mixin.py:104} INFO - [2022-04-12 04:16:03,158] {dag.py:2305} INFO - Setting next_dagrun for example_subdag_operator.section-1 to None
[2022-04-12 04:16:03,159] {logging_mixin.py:104} INFO - [2022-04-12 04:16:03,159] {dag.py:2305} INFO - Setting next_dagrun for example_subdag_operator.section-2 to None
[2022-04-12 04:16:03,189] {scheduler_job.py:190} INFO - Processing /home/airflow/sandbox/lib/python3.8/site-packages/airflow/example_dags/example_subdag_operator.py took 0.278 seconds
[2022-04-12 04:16:33,590] {scheduler_job.py:182} INFO - Started process (PID=86817) to work on /home/airflow/sandbox/lib/python3.8/site-packages/airflow/example_dags/example_subdag_operator.py
[2022-04-12 04:16:33,594] {scheduler_job.py:633} INFO - Processing file /home/airflow/sandbox/lib/python3.8/site-packages/airflow/example_dags/example_subdag_operator.py for tasks to queue
[2022-04-12 04:16:33,595] {logging_mixin.py:104} INFO - [2022-04-12 04:16:33,595] {dagbag.py:487} INFO - Filling up the DagBag from /home/airflow/sandbox/lib/python3.8/site-packages/airflow/example_dags/example_subdag_operator.py
[2022-04-12 04:16:33,650] {scheduler_job.py:643} INFO - DAG(s) dict_keys(['example_subdag_operator.section-1', 'example_subdag_operator.section-2', 'example_subdag_operator']) retrieved from /home/airflow/sandbox/lib/python3.8/site-packages/airflow/example_dags/example_subdag_operator.py
[2022-04-12 04:16:33,682] {logging_mixin.py:104} INFO - [2022-04-12 04:16:33,681] {dag.py:1832} INFO - Sync 3 DAGs
[2022-04-12 04:16:33,710] {logging_mixin.py:104} INFO - [2022-04-12 04:16:33,710] {dag.py:2305} INFO - Setting next_dagrun for example_subdag_operator to 2022-04-10 00:00:00+00:00
[2022-04-12 04:16:33,712] {logging_mixin.py:104} INFO - [2022-04-12 04:16:33,712] {dag.py:2305} INFO - Setting next_dagrun for example_subdag_operator.section-1 to None
[2022-04-12 04:16:33,713] {logging_mixin.py:104} INFO - [2022-04-12 04:16:33,713] {dag.py:2305} INFO - Setting next_dagrun for example_subdag_operator.section-2 to None
[2022-04-12 04:16:33,743] {logging_mixin.py:104} INFO - [2022-04-12 04:16:33,743] {dag.py:1832} INFO - Sync 2 DAGs
[2022-04-12 04:16:33,757] {logging_mixin.py:104} INFO - [2022-04-12 04:16:33,757] {dag.py:2305} INFO - Setting next_dagrun for example_subdag_operator.section-1 to None
[2022-04-12 04:16:33,758] {logging_mixin.py:104} INFO - [2022-04-12 04:16:33,758] {dag.py:2305} INFO - Setting next_dagrun for example_subdag_operator.section-2 to None
[2022-04-12 04:16:33,773] {scheduler_job.py:190} INFO - Processing /home/airflow/sandbox/lib/python3.8/site-packages/airflow/example_dags/example_subdag_operator.py took 0.191 seconds
[2022-04-12 04:17:04,401] {scheduler_job.py:182} INFO - Started process (PID=87200) to work on /home/airflow/sandbox/lib/python3.8/site-packages/airflow/example_dags/example_subdag_operator.py
[2022-04-12 04:17:04,403] {scheduler_job.py:633} INFO - Processing file /home/airflow/sandbox/lib/python3.8/site-packages/airflow/example_dags/example_subdag_operator.py for tasks to queue
[2022-04-12 04:17:04,404] {logging_mixin.py:104} INFO - [2022-04-12 04:17:04,404] {dagbag.py:487} INFO - Filling up the DagBag from /home/airflow/sandbox/lib/python3.8/site-packages/airflow/example_dags/example_subdag_operator.py
[2022-04-12 04:17:04,462] {scheduler_job.py:643} INFO - DAG(s) dict_keys(['example_subdag_operator.section-1', 'example_subdag_operator.section-2', 'example_subdag_operator']) retrieved from /home/airflow/sandbox/lib/python3.8/site-packages/airflow/example_dags/example_subdag_operator.py
[2022-04-12 04:17:04,488] {logging_mixin.py:104} INFO - [2022-04-12 04:17:04,487] {dag.py:1832} INFO - Sync 3 DAGs
[2022-04-12 04:17:04,521] {logging_mixin.py:104} INFO - [2022-04-12 04:17:04,520] {dag.py:2305} INFO - Setting next_dagrun for example_subdag_operator to 2022-04-10 00:00:00+00:00
[2022-04-12 04:17:04,522] {logging_mixin.py:104} INFO - [2022-04-12 04:17:04,522] {dag.py:2305} INFO - Setting next_dagrun for example_subdag_operator.section-1 to None
[2022-04-12 04:17:04,523] {logging_mixin.py:104} INFO - [2022-04-12 04:17:04,523] {dag.py:2305} INFO - Setting next_dagrun for example_subdag_operator.section-2 to None
[2022-04-12 04:17:04,553] {logging_mixin.py:104} INFO - [2022-04-12 04:17:04,553] {dag.py:1832} INFO - Sync 2 DAGs
[2022-04-12 04:17:04,570] {logging_mixin.py:104} INFO - [2022-04-12 04:17:04,570] {dag.py:2305} INFO - Setting next_dagrun for example_subdag_operator.section-1 to None
[2022-04-12 04:17:04,570] {logging_mixin.py:104} INFO - [2022-04-12 04:17:04,570] {dag.py:2305} INFO - Setting next_dagrun for example_subdag_operator.section-2 to None
[2022-04-12 04:17:04,584] {scheduler_job.py:190} INFO - Processing /home/airflow/sandbox/lib/python3.8/site-packages/airflow/example_dags/example_subdag_operator.py took 0.191 seconds
[2022-04-12 04:17:34,880] {scheduler_job.py:182} INFO - Started process (PID=87580) to work on /home/airflow/sandbox/lib/python3.8/site-packages/airflow/example_dags/example_subdag_operator.py
[2022-04-12 04:17:34,882] {scheduler_job.py:633} INFO - Processing file /home/airflow/sandbox/lib/python3.8/site-packages/airflow/example_dags/example_subdag_operator.py for tasks to queue
[2022-04-12 04:17:34,883] {logging_mixin.py:104} INFO - [2022-04-12 04:17:34,883] {dagbag.py:487} INFO - Filling up the DagBag from /home/airflow/sandbox/lib/python3.8/site-packages/airflow/example_dags/example_subdag_operator.py
[2022-04-12 04:17:34,948] {scheduler_job.py:643} INFO - DAG(s) dict_keys(['example_subdag_operator.section-1', 'example_subdag_operator.section-2', 'example_subdag_operator']) retrieved from /home/airflow/sandbox/lib/python3.8/site-packages/airflow/example_dags/example_subdag_operator.py
[2022-04-12 04:17:34,972] {logging_mixin.py:104} INFO - [2022-04-12 04:17:34,971] {dag.py:1832} INFO - Sync 3 DAGs
[2022-04-12 04:17:35,000] {logging_mixin.py:104} INFO - [2022-04-12 04:17:35,000] {dag.py:2305} INFO - Setting next_dagrun for example_subdag_operator to 2022-04-10 00:00:00+00:00
[2022-04-12 04:17:35,003] {logging_mixin.py:104} INFO - [2022-04-12 04:17:35,003] {dag.py:2305} INFO - Setting next_dagrun for example_subdag_operator.section-1 to None
[2022-04-12 04:17:35,003] {logging_mixin.py:104} INFO - [2022-04-12 04:17:35,003] {dag.py:2305} INFO - Setting next_dagrun for example_subdag_operator.section-2 to None
[2022-04-12 04:17:35,033] {logging_mixin.py:104} INFO - [2022-04-12 04:17:35,033] {dag.py:1832} INFO - Sync 2 DAGs
[2022-04-12 04:17:35,047] {logging_mixin.py:104} INFO - [2022-04-12 04:17:35,047] {dag.py:2305} INFO - Setting next_dagrun for example_subdag_operator.section-1 to None
[2022-04-12 04:17:35,048] {logging_mixin.py:104} INFO - [2022-04-12 04:17:35,048] {dag.py:2305} INFO - Setting next_dagrun for example_subdag_operator.section-2 to None
[2022-04-12 04:17:35,060] {scheduler_job.py:190} INFO - Processing /home/airflow/sandbox/lib/python3.8/site-packages/airflow/example_dags/example_subdag_operator.py took 0.188 seconds
[2022-04-12 04:18:05,887] {scheduler_job.py:182} INFO - Started process (PID=87959) to work on /home/airflow/sandbox/lib/python3.8/site-packages/airflow/example_dags/example_subdag_operator.py
[2022-04-12 04:18:05,892] {scheduler_job.py:633} INFO - Processing file /home/airflow/sandbox/lib/python3.8/site-packages/airflow/example_dags/example_subdag_operator.py for tasks to queue
[2022-04-12 04:18:05,895] {logging_mixin.py:104} INFO - [2022-04-12 04:18:05,894] {dagbag.py:487} INFO - Filling up the DagBag from /home/airflow/sandbox/lib/python3.8/site-packages/airflow/example_dags/example_subdag_operator.py
[2022-04-12 04:18:05,987] {scheduler_job.py:643} INFO - DAG(s) dict_keys(['example_subdag_operator.section-1', 'example_subdag_operator.section-2', 'example_subdag_operator']) retrieved from /home/airflow/sandbox/lib/python3.8/site-packages/airflow/example_dags/example_subdag_operator.py
[2022-04-12 04:18:06,029] {logging_mixin.py:104} INFO - [2022-04-12 04:18:06,029] {dag.py:1832} INFO - Sync 3 DAGs
[2022-04-12 04:18:06,067] {logging_mixin.py:104} INFO - [2022-04-12 04:18:06,066] {dag.py:2305} INFO - Setting next_dagrun for example_subdag_operator to 2022-04-10 00:00:00+00:00
[2022-04-12 04:18:06,069] {logging_mixin.py:104} INFO - [2022-04-12 04:18:06,069] {dag.py:2305} INFO - Setting next_dagrun for example_subdag_operator.section-1 to None
[2022-04-12 04:18:06,070] {logging_mixin.py:104} INFO - [2022-04-12 04:18:06,070] {dag.py:2305} INFO - Setting next_dagrun for example_subdag_operator.section-2 to None
[2022-04-12 04:18:06,104] {logging_mixin.py:104} INFO - [2022-04-12 04:18:06,103] {dag.py:1832} INFO - Sync 2 DAGs
[2022-04-12 04:18:06,123] {logging_mixin.py:104} INFO - [2022-04-12 04:18:06,123] {dag.py:2305} INFO - Setting next_dagrun for example_subdag_operator.section-1 to None
[2022-04-12 04:18:06,124] {logging_mixin.py:104} INFO - [2022-04-12 04:18:06,124] {dag.py:2305} INFO - Setting next_dagrun for example_subdag_operator.section-2 to None
[2022-04-12 04:18:06,144] {scheduler_job.py:190} INFO - Processing /home/airflow/sandbox/lib/python3.8/site-packages/airflow/example_dags/example_subdag_operator.py took 0.268 seconds
[2022-04-12 04:18:37,189] {scheduler_job.py:182} INFO - Started process (PID=88351) to work on /home/airflow/sandbox/lib/python3.8/site-packages/airflow/example_dags/example_subdag_operator.py
[2022-04-12 04:18:37,217] {scheduler_job.py:633} INFO - Processing file /home/airflow/sandbox/lib/python3.8/site-packages/airflow/example_dags/example_subdag_operator.py for tasks to queue
[2022-04-12 04:18:37,219] {logging_mixin.py:104} INFO - [2022-04-12 04:18:37,219] {dagbag.py:487} INFO - Filling up the DagBag from /home/airflow/sandbox/lib/python3.8/site-packages/airflow/example_dags/example_subdag_operator.py
[2022-04-12 04:18:37,388] {scheduler_job.py:643} INFO - DAG(s) dict_keys(['example_subdag_operator.section-1', 'example_subdag_operator.section-2', 'example_subdag_operator']) retrieved from /home/airflow/sandbox/lib/python3.8/site-packages/airflow/example_dags/example_subdag_operator.py
[2022-04-12 04:18:37,469] {logging_mixin.py:104} INFO - [2022-04-12 04:18:37,469] {dag.py:1832} INFO - Sync 3 DAGs
[2022-04-12 04:18:37,558] {logging_mixin.py:104} INFO - [2022-04-12 04:18:37,557] {dag.py:2305} INFO - Setting next_dagrun for example_subdag_operator to 2022-04-10 00:00:00+00:00
[2022-04-12 04:18:37,582] {logging_mixin.py:104} INFO - [2022-04-12 04:18:37,581] {dag.py:2305} INFO - Setting next_dagrun for example_subdag_operator.section-1 to None
[2022-04-12 04:18:37,585] {logging_mixin.py:104} INFO - [2022-04-12 04:18:37,585] {dag.py:2305} INFO - Setting next_dagrun for example_subdag_operator.section-2 to None
[2022-04-12 04:18:37,727] {logging_mixin.py:104} INFO - [2022-04-12 04:18:37,727] {dag.py:1832} INFO - Sync 2 DAGs
[2022-04-12 04:18:37,813] {logging_mixin.py:104} INFO - [2022-04-12 04:18:37,812] {dag.py:2305} INFO - Setting next_dagrun for example_subdag_operator.section-1 to None
[2022-04-12 04:18:37,818] {logging_mixin.py:104} INFO - [2022-04-12 04:18:37,818] {dag.py:2305} INFO - Setting next_dagrun for example_subdag_operator.section-2 to None
[2022-04-12 04:18:37,871] {scheduler_job.py:190} INFO - Processing /home/airflow/sandbox/lib/python3.8/site-packages/airflow/example_dags/example_subdag_operator.py took 0.691 seconds
[2022-04-12 04:19:09,067] {scheduler_job.py:182} INFO - Started process (PID=88745) to work on /home/airflow/sandbox/lib/python3.8/site-packages/airflow/example_dags/example_subdag_operator.py
[2022-04-12 04:19:09,073] {scheduler_job.py:633} INFO - Processing file /home/airflow/sandbox/lib/python3.8/site-packages/airflow/example_dags/example_subdag_operator.py for tasks to queue
[2022-04-12 04:19:09,082] {logging_mixin.py:104} INFO - [2022-04-12 04:19:09,081] {dagbag.py:487} INFO - Filling up the DagBag from /home/airflow/sandbox/lib/python3.8/site-packages/airflow/example_dags/example_subdag_operator.py
[2022-04-12 04:19:09,221] {scheduler_job.py:643} INFO - DAG(s) dict_keys(['example_subdag_operator.section-1', 'example_subdag_operator.section-2', 'example_subdag_operator']) retrieved from /home/airflow/sandbox/lib/python3.8/site-packages/airflow/example_dags/example_subdag_operator.py
[2022-04-12 04:19:09,279] {logging_mixin.py:104} INFO - [2022-04-12 04:19:09,279] {dag.py:1832} INFO - Sync 3 DAGs
[2022-04-12 04:19:09,359] {logging_mixin.py:104} INFO - [2022-04-12 04:19:09,358] {dag.py:2305} INFO - Setting next_dagrun for example_subdag_operator to 2022-04-10 00:00:00+00:00
[2022-04-12 04:19:09,369] {logging_mixin.py:104} INFO - [2022-04-12 04:19:09,369] {dag.py:2305} INFO - Setting next_dagrun for example_subdag_operator.section-1 to None
[2022-04-12 04:19:09,369] {logging_mixin.py:104} INFO - [2022-04-12 04:19:09,369] {dag.py:2305} INFO - Setting next_dagrun for example_subdag_operator.section-2 to None
[2022-04-12 04:19:09,464] {logging_mixin.py:104} INFO - [2022-04-12 04:19:09,464] {dag.py:1832} INFO - Sync 2 DAGs
[2022-04-12 04:19:09,508] {logging_mixin.py:104} INFO - [2022-04-12 04:19:09,507] {dag.py:2305} INFO - Setting next_dagrun for example_subdag_operator.section-1 to None
[2022-04-12 04:19:09,508] {logging_mixin.py:104} INFO - [2022-04-12 04:19:09,508] {dag.py:2305} INFO - Setting next_dagrun for example_subdag_operator.section-2 to None
[2022-04-12 04:19:09,614] {scheduler_job.py:190} INFO - Processing /home/airflow/sandbox/lib/python3.8/site-packages/airflow/example_dags/example_subdag_operator.py took 0.567 seconds
[2022-04-12 04:19:40,390] {scheduler_job.py:182} INFO - Started process (PID=89154) to work on /home/airflow/sandbox/lib/python3.8/site-packages/airflow/example_dags/example_subdag_operator.py
[2022-04-12 04:19:40,408] {scheduler_job.py:633} INFO - Processing file /home/airflow/sandbox/lib/python3.8/site-packages/airflow/example_dags/example_subdag_operator.py for tasks to queue
[2022-04-12 04:19:40,410] {logging_mixin.py:104} INFO - [2022-04-12 04:19:40,409] {dagbag.py:487} INFO - Filling up the DagBag from /home/airflow/sandbox/lib/python3.8/site-packages/airflow/example_dags/example_subdag_operator.py
[2022-04-12 04:19:40,600] {scheduler_job.py:643} INFO - DAG(s) dict_keys(['example_subdag_operator.section-1', 'example_subdag_operator.section-2', 'example_subdag_operator']) retrieved from /home/airflow/sandbox/lib/python3.8/site-packages/airflow/example_dags/example_subdag_operator.py
[2022-04-12 04:19:40,656] {logging_mixin.py:104} INFO - [2022-04-12 04:19:40,656] {dag.py:1832} INFO - Sync 3 DAGs
[2022-04-12 04:19:40,762] {logging_mixin.py:104} INFO - [2022-04-12 04:19:40,761] {dag.py:2305} INFO - Setting next_dagrun for example_subdag_operator to 2022-04-10 00:00:00+00:00
[2022-04-12 04:19:40,777] {logging_mixin.py:104} INFO - [2022-04-12 04:19:40,777] {dag.py:2305} INFO - Setting next_dagrun for example_subdag_operator.section-1 to None
[2022-04-12 04:19:40,777] {logging_mixin.py:104} INFO - [2022-04-12 04:19:40,777] {dag.py:2305} INFO - Setting next_dagrun for example_subdag_operator.section-2 to None
[2022-04-12 04:19:40,986] {logging_mixin.py:104} INFO - [2022-04-12 04:19:40,986] {dag.py:1832} INFO - Sync 2 DAGs
[2022-04-12 04:19:41,059] {logging_mixin.py:104} INFO - [2022-04-12 04:19:41,059] {dag.py:2305} INFO - Setting next_dagrun for example_subdag_operator.section-1 to None
[2022-04-12 04:19:41,061] {logging_mixin.py:104} INFO - [2022-04-12 04:19:41,061] {dag.py:2305} INFO - Setting next_dagrun for example_subdag_operator.section-2 to None
[2022-04-12 04:19:41,150] {scheduler_job.py:190} INFO - Processing /home/airflow/sandbox/lib/python3.8/site-packages/airflow/example_dags/example_subdag_operator.py took 0.781 seconds
[2022-04-12 04:20:12,143] {scheduler_job.py:182} INFO - Started process (PID=89755) to work on /home/airflow/sandbox/lib/python3.8/site-packages/airflow/example_dags/example_subdag_operator.py
[2022-04-12 04:20:12,165] {scheduler_job.py:633} INFO - Processing file /home/airflow/sandbox/lib/python3.8/site-packages/airflow/example_dags/example_subdag_operator.py for tasks to queue
[2022-04-12 04:20:12,167] {logging_mixin.py:104} INFO - [2022-04-12 04:20:12,167] {dagbag.py:487} INFO - Filling up the DagBag from /home/airflow/sandbox/lib/python3.8/site-packages/airflow/example_dags/example_subdag_operator.py
[2022-04-12 04:20:12,294] {scheduler_job.py:643} INFO - DAG(s) dict_keys(['example_subdag_operator.section-1', 'example_subdag_operator.section-2', 'example_subdag_operator']) retrieved from /home/airflow/sandbox/lib/python3.8/site-packages/airflow/example_dags/example_subdag_operator.py
[2022-04-12 04:20:12,370] {logging_mixin.py:104} INFO - [2022-04-12 04:20:12,370] {dag.py:1832} INFO - Sync 3 DAGs
[2022-04-12 04:20:12,486] {logging_mixin.py:104} INFO - [2022-04-12 04:20:12,486] {dag.py:2305} INFO - Setting next_dagrun for example_subdag_operator to 2022-04-10 00:00:00+00:00
[2022-04-12 04:20:12,490] {logging_mixin.py:104} INFO - [2022-04-12 04:20:12,490] {dag.py:2305} INFO - Setting next_dagrun for example_subdag_operator.section-1 to None
[2022-04-12 04:20:12,497] {logging_mixin.py:104} INFO - [2022-04-12 04:20:12,496] {dag.py:2305} INFO - Setting next_dagrun for example_subdag_operator.section-2 to None
[2022-04-12 04:20:12,557] {logging_mixin.py:104} INFO - [2022-04-12 04:20:12,556] {dag.py:1832} INFO - Sync 2 DAGs
[2022-04-12 04:20:12,633] {logging_mixin.py:104} INFO - [2022-04-12 04:20:12,633] {dag.py:2305} INFO - Setting next_dagrun for example_subdag_operator.section-1 to None
[2022-04-12 04:20:12,633] {logging_mixin.py:104} INFO - [2022-04-12 04:20:12,633] {dag.py:2305} INFO - Setting next_dagrun for example_subdag_operator.section-2 to None
[2022-04-12 04:20:12,679] {scheduler_job.py:190} INFO - Processing /home/airflow/sandbox/lib/python3.8/site-packages/airflow/example_dags/example_subdag_operator.py took 0.542 seconds
[2022-04-12 04:20:43,060] {scheduler_job.py:182} INFO - Started process (PID=90119) to work on /home/airflow/sandbox/lib/python3.8/site-packages/airflow/example_dags/example_subdag_operator.py
[2022-04-12 04:20:43,065] {scheduler_job.py:633} INFO - Processing file /home/airflow/sandbox/lib/python3.8/site-packages/airflow/example_dags/example_subdag_operator.py for tasks to queue
[2022-04-12 04:20:43,067] {logging_mixin.py:104} INFO - [2022-04-12 04:20:43,067] {dagbag.py:487} INFO - Filling up the DagBag from /home/airflow/sandbox/lib/python3.8/site-packages/airflow/example_dags/example_subdag_operator.py
[2022-04-12 04:20:43,198] {scheduler_job.py:643} INFO - DAG(s) dict_keys(['example_subdag_operator.section-1', 'example_subdag_operator.section-2', 'example_subdag_operator']) retrieved from /home/airflow/sandbox/lib/python3.8/site-packages/airflow/example_dags/example_subdag_operator.py
[2022-04-12 04:20:43,254] {logging_mixin.py:104} INFO - [2022-04-12 04:20:43,254] {dag.py:1832} INFO - Sync 3 DAGs
[2022-04-12 04:20:43,324] {logging_mixin.py:104} INFO - [2022-04-12 04:20:43,324] {dag.py:2305} INFO - Setting next_dagrun for example_subdag_operator to 2022-04-10 00:00:00+00:00
[2022-04-12 04:20:43,335] {logging_mixin.py:104} INFO - [2022-04-12 04:20:43,334] {dag.py:2305} INFO - Setting next_dagrun for example_subdag_operator.section-1 to None
[2022-04-12 04:20:43,336] {logging_mixin.py:104} INFO - [2022-04-12 04:20:43,336] {dag.py:2305} INFO - Setting next_dagrun for example_subdag_operator.section-2 to None
[2022-04-12 04:20:43,365] {logging_mixin.py:104} INFO - [2022-04-12 04:20:43,365] {dag.py:1832} INFO - Sync 2 DAGs
[2022-04-12 04:20:43,424] {logging_mixin.py:104} INFO - [2022-04-12 04:20:43,423] {dag.py:2305} INFO - Setting next_dagrun for example_subdag_operator.section-1 to None
[2022-04-12 04:20:43,438] {logging_mixin.py:104} INFO - [2022-04-12 04:20:43,438] {dag.py:2305} INFO - Setting next_dagrun for example_subdag_operator.section-2 to None
[2022-04-12 04:20:43,592] {scheduler_job.py:190} INFO - Processing /home/airflow/sandbox/lib/python3.8/site-packages/airflow/example_dags/example_subdag_operator.py took 0.546 seconds
[2022-04-12 04:21:13,803] {scheduler_job.py:182} INFO - Started process (PID=90318) to work on /home/airflow/sandbox/lib/python3.8/site-packages/airflow/example_dags/example_subdag_operator.py
[2022-04-12 04:21:13,807] {scheduler_job.py:633} INFO - Processing file /home/airflow/sandbox/lib/python3.8/site-packages/airflow/example_dags/example_subdag_operator.py for tasks to queue
[2022-04-12 04:21:13,809] {logging_mixin.py:104} INFO - [2022-04-12 04:21:13,809] {dagbag.py:487} INFO - Filling up the DagBag from /home/airflow/sandbox/lib/python3.8/site-packages/airflow/example_dags/example_subdag_operator.py
[2022-04-12 04:21:13,952] {scheduler_job.py:643} INFO - DAG(s) dict_keys(['example_subdag_operator.section-1', 'example_subdag_operator.section-2', 'example_subdag_operator']) retrieved from /home/airflow/sandbox/lib/python3.8/site-packages/airflow/example_dags/example_subdag_operator.py
[2022-04-12 04:21:14,021] {logging_mixin.py:104} INFO - [2022-04-12 04:21:14,020] {dag.py:1832} INFO - Sync 3 DAGs
[2022-04-12 04:21:14,117] {logging_mixin.py:104} INFO - [2022-04-12 04:21:14,116] {dag.py:2305} INFO - Setting next_dagrun for example_subdag_operator to 2022-04-10 00:00:00+00:00
[2022-04-12 04:21:14,134] {logging_mixin.py:104} INFO - [2022-04-12 04:21:14,134] {dag.py:2305} INFO - Setting next_dagrun for example_subdag_operator.section-1 to None
[2022-04-12 04:21:14,134] {logging_mixin.py:104} INFO - [2022-04-12 04:21:14,134] {dag.py:2305} INFO - Setting next_dagrun for example_subdag_operator.section-2 to None
[2022-04-12 04:21:14,173] {logging_mixin.py:104} INFO - [2022-04-12 04:21:14,172] {dag.py:1832} INFO - Sync 2 DAGs
[2022-04-12 04:21:14,200] {logging_mixin.py:104} INFO - [2022-04-12 04:21:14,200] {dag.py:2305} INFO - Setting next_dagrun for example_subdag_operator.section-1 to None
[2022-04-12 04:21:14,201] {logging_mixin.py:104} INFO - [2022-04-12 04:21:14,201] {dag.py:2305} INFO - Setting next_dagrun for example_subdag_operator.section-2 to None
[2022-04-12 04:21:14,234] {scheduler_job.py:190} INFO - Processing /home/airflow/sandbox/lib/python3.8/site-packages/airflow/example_dags/example_subdag_operator.py took 0.453 seconds
[2022-04-12 04:21:46,444] {scheduler_job.py:182} INFO - Started process (PID=90515) to work on /home/airflow/sandbox/lib/python3.8/site-packages/airflow/example_dags/example_subdag_operator.py
[2022-04-12 04:21:46,463] {scheduler_job.py:633} INFO - Processing file /home/airflow/sandbox/lib/python3.8/site-packages/airflow/example_dags/example_subdag_operator.py for tasks to queue
[2022-04-12 04:21:46,466] {logging_mixin.py:104} INFO - [2022-04-12 04:21:46,465] {dagbag.py:487} INFO - Filling up the DagBag from /home/airflow/sandbox/lib/python3.8/site-packages/airflow/example_dags/example_subdag_operator.py
[2022-04-12 04:21:46,636] {scheduler_job.py:643} INFO - DAG(s) dict_keys(['example_subdag_operator.section-1', 'example_subdag_operator.section-2', 'example_subdag_operator']) retrieved from /home/airflow/sandbox/lib/python3.8/site-packages/airflow/example_dags/example_subdag_operator.py
[2022-04-12 04:21:46,713] {logging_mixin.py:104} INFO - [2022-04-12 04:21:46,713] {dag.py:1832} INFO - Sync 3 DAGs
[2022-04-12 04:21:46,770] {logging_mixin.py:104} INFO - [2022-04-12 04:21:46,770] {dag.py:2305} INFO - Setting next_dagrun for example_subdag_operator to 2022-04-10 00:00:00+00:00
[2022-04-12 04:21:46,777] {logging_mixin.py:104} INFO - [2022-04-12 04:21:46,777] {dag.py:2305} INFO - Setting next_dagrun for example_subdag_operator.section-1 to None
[2022-04-12 04:21:46,782] {logging_mixin.py:104} INFO - [2022-04-12 04:21:46,782] {dag.py:2305} INFO - Setting next_dagrun for example_subdag_operator.section-2 to None
[2022-04-12 04:21:46,973] {logging_mixin.py:104} INFO - [2022-04-12 04:21:46,973] {dag.py:1832} INFO - Sync 2 DAGs
[2022-04-12 04:21:47,051] {logging_mixin.py:104} INFO - [2022-04-12 04:21:47,050] {dag.py:2305} INFO - Setting next_dagrun for example_subdag_operator.section-1 to None
[2022-04-12 04:21:47,051] {logging_mixin.py:104} INFO - [2022-04-12 04:21:47,051] {dag.py:2305} INFO - Setting next_dagrun for example_subdag_operator.section-2 to None
[2022-04-12 04:21:47,156] {scheduler_job.py:190} INFO - Processing /home/airflow/sandbox/lib/python3.8/site-packages/airflow/example_dags/example_subdag_operator.py took 0.737 seconds
[2022-04-12 04:22:18,105] {scheduler_job.py:182} INFO - Started process (PID=90834) to work on /home/airflow/sandbox/lib/python3.8/site-packages/airflow/example_dags/example_subdag_operator.py
[2022-04-12 04:22:18,118] {scheduler_job.py:633} INFO - Processing file /home/airflow/sandbox/lib/python3.8/site-packages/airflow/example_dags/example_subdag_operator.py for tasks to queue
[2022-04-12 04:22:18,120] {logging_mixin.py:104} INFO - [2022-04-12 04:22:18,120] {dagbag.py:487} INFO - Filling up the DagBag from /home/airflow/sandbox/lib/python3.8/site-packages/airflow/example_dags/example_subdag_operator.py
[2022-04-12 04:22:18,325] {scheduler_job.py:643} INFO - DAG(s) dict_keys(['example_subdag_operator.section-1', 'example_subdag_operator.section-2', 'example_subdag_operator']) retrieved from /home/airflow/sandbox/lib/python3.8/site-packages/airflow/example_dags/example_subdag_operator.py
[2022-04-12 04:22:18,380] {logging_mixin.py:104} INFO - [2022-04-12 04:22:18,379] {dag.py:1832} INFO - Sync 3 DAGs
[2022-04-12 04:22:18,448] {logging_mixin.py:104} INFO - [2022-04-12 04:22:18,448] {dag.py:2305} INFO - Setting next_dagrun for example_subdag_operator to 2022-04-10 00:00:00+00:00
[2022-04-12 04:22:18,453] {logging_mixin.py:104} INFO - [2022-04-12 04:22:18,453] {dag.py:2305} INFO - Setting next_dagrun for example_subdag_operator.section-1 to None
[2022-04-12 04:22:18,460] {logging_mixin.py:104} INFO - [2022-04-12 04:22:18,459] {dag.py:2305} INFO - Setting next_dagrun for example_subdag_operator.section-2 to None
[2022-04-12 04:22:18,551] {logging_mixin.py:104} INFO - [2022-04-12 04:22:18,551] {dag.py:1832} INFO - Sync 2 DAGs
[2022-04-12 04:22:18,636] {logging_mixin.py:104} INFO - [2022-04-12 04:22:18,635] {dag.py:2305} INFO - Setting next_dagrun for example_subdag_operator.section-1 to None
[2022-04-12 04:22:18,637] {logging_mixin.py:104} INFO - [2022-04-12 04:22:18,637] {dag.py:2305} INFO - Setting next_dagrun for example_subdag_operator.section-2 to None
[2022-04-12 04:22:18,966] {scheduler_job.py:190} INFO - Processing /home/airflow/sandbox/lib/python3.8/site-packages/airflow/example_dags/example_subdag_operator.py took 0.882 seconds
[2022-04-12 04:22:49,666] {scheduler_job.py:182} INFO - Started process (PID=91076) to work on /home/airflow/sandbox/lib/python3.8/site-packages/airflow/example_dags/example_subdag_operator.py
[2022-04-12 04:22:49,670] {scheduler_job.py:633} INFO - Processing file /home/airflow/sandbox/lib/python3.8/site-packages/airflow/example_dags/example_subdag_operator.py for tasks to queue
[2022-04-12 04:22:49,673] {logging_mixin.py:104} INFO - [2022-04-12 04:22:49,672] {dagbag.py:487} INFO - Filling up the DagBag from /home/airflow/sandbox/lib/python3.8/site-packages/airflow/example_dags/example_subdag_operator.py
[2022-04-12 04:22:49,910] {scheduler_job.py:643} INFO - DAG(s) dict_keys(['example_subdag_operator.section-1', 'example_subdag_operator.section-2', 'example_subdag_operator']) retrieved from /home/airflow/sandbox/lib/python3.8/site-packages/airflow/example_dags/example_subdag_operator.py
[2022-04-12 04:22:49,956] {logging_mixin.py:104} INFO - [2022-04-12 04:22:49,956] {dag.py:1832} INFO - Sync 3 DAGs
[2022-04-12 04:22:50,026] {logging_mixin.py:104} INFO - [2022-04-12 04:22:50,026] {dag.py:2305} INFO - Setting next_dagrun for example_subdag_operator to 2022-04-10 00:00:00+00:00
[2022-04-12 04:22:50,033] {logging_mixin.py:104} INFO - [2022-04-12 04:22:50,033] {dag.py:2305} INFO - Setting next_dagrun for example_subdag_operator.section-1 to None
[2022-04-12 04:22:50,034] {logging_mixin.py:104} INFO - [2022-04-12 04:22:50,034] {dag.py:2305} INFO - Setting next_dagrun for example_subdag_operator.section-2 to None
[2022-04-12 04:22:50,069] {logging_mixin.py:104} INFO - [2022-04-12 04:22:50,068] {dag.py:1832} INFO - Sync 2 DAGs
[2022-04-12 04:22:50,118] {logging_mixin.py:104} INFO - [2022-04-12 04:22:50,117] {dag.py:2305} INFO - Setting next_dagrun for example_subdag_operator.section-1 to None
[2022-04-12 04:22:50,119] {logging_mixin.py:104} INFO - [2022-04-12 04:22:50,119] {dag.py:2305} INFO - Setting next_dagrun for example_subdag_operator.section-2 to None
[2022-04-12 04:22:50,144] {scheduler_job.py:190} INFO - Processing /home/airflow/sandbox/lib/python3.8/site-packages/airflow/example_dags/example_subdag_operator.py took 0.511 seconds
[2022-04-12 04:23:20,961] {scheduler_job.py:182} INFO - Started process (PID=91275) to work on /home/airflow/sandbox/lib/python3.8/site-packages/airflow/example_dags/example_subdag_operator.py
[2022-04-12 04:23:20,965] {scheduler_job.py:633} INFO - Processing file /home/airflow/sandbox/lib/python3.8/site-packages/airflow/example_dags/example_subdag_operator.py for tasks to queue
[2022-04-12 04:23:20,993] {logging_mixin.py:104} INFO - [2022-04-12 04:23:20,992] {dagbag.py:487} INFO - Filling up the DagBag from /home/airflow/sandbox/lib/python3.8/site-packages/airflow/example_dags/example_subdag_operator.py
[2022-04-12 04:23:21,264] {scheduler_job.py:643} INFO - DAG(s) dict_keys(['example_subdag_operator.section-1', 'example_subdag_operator.section-2', 'example_subdag_operator']) retrieved from /home/airflow/sandbox/lib/python3.8/site-packages/airflow/example_dags/example_subdag_operator.py
[2022-04-12 04:23:21,363] {logging_mixin.py:104} INFO - [2022-04-12 04:23:21,362] {dag.py:1832} INFO - Sync 3 DAGs
[2022-04-12 04:23:21,480] {logging_mixin.py:104} INFO - [2022-04-12 04:23:21,480] {dag.py:2305} INFO - Setting next_dagrun for example_subdag_operator to 2022-04-10 00:00:00+00:00
[2022-04-12 04:23:21,492] {logging_mixin.py:104} INFO - [2022-04-12 04:23:21,491] {dag.py:2305} INFO - Setting next_dagrun for example_subdag_operator.section-1 to None
[2022-04-12 04:23:21,493] {logging_mixin.py:104} INFO - [2022-04-12 04:23:21,492] {dag.py:2305} INFO - Setting next_dagrun for example_subdag_operator.section-2 to None
[2022-04-12 04:23:21,581] {logging_mixin.py:104} INFO - [2022-04-12 04:23:21,581] {dag.py:1832} INFO - Sync 2 DAGs
[2022-04-12 04:23:21,672] {logging_mixin.py:104} INFO - [2022-04-12 04:23:21,672] {dag.py:2305} INFO - Setting next_dagrun for example_subdag_operator.section-1 to None
[2022-04-12 04:23:21,673] {logging_mixin.py:104} INFO - [2022-04-12 04:23:21,673] {dag.py:2305} INFO - Setting next_dagrun for example_subdag_operator.section-2 to None
[2022-04-12 04:23:21,828] {scheduler_job.py:190} INFO - Processing /home/airflow/sandbox/lib/python3.8/site-packages/airflow/example_dags/example_subdag_operator.py took 0.925 seconds
[2022-04-12 04:23:52,100] {scheduler_job.py:182} INFO - Started process (PID=91469) to work on /home/airflow/sandbox/lib/python3.8/site-packages/airflow/example_dags/example_subdag_operator.py
[2022-04-12 04:23:52,108] {scheduler_job.py:633} INFO - Processing file /home/airflow/sandbox/lib/python3.8/site-packages/airflow/example_dags/example_subdag_operator.py for tasks to queue
[2022-04-12 04:23:52,128] {logging_mixin.py:104} INFO - [2022-04-12 04:23:52,127] {dagbag.py:487} INFO - Filling up the DagBag from /home/airflow/sandbox/lib/python3.8/site-packages/airflow/example_dags/example_subdag_operator.py
[2022-04-12 04:23:52,344] {scheduler_job.py:643} INFO - DAG(s) dict_keys(['example_subdag_operator.section-1', 'example_subdag_operator.section-2', 'example_subdag_operator']) retrieved from /home/airflow/sandbox/lib/python3.8/site-packages/airflow/example_dags/example_subdag_operator.py
[2022-04-12 04:23:52,419] {logging_mixin.py:104} INFO - [2022-04-12 04:23:52,419] {dag.py:1832} INFO - Sync 3 DAGs
[2022-04-12 04:23:52,500] {logging_mixin.py:104} INFO - [2022-04-12 04:23:52,500] {dag.py:2305} INFO - Setting next_dagrun for example_subdag_operator to 2022-04-10 00:00:00+00:00
[2022-04-12 04:23:52,525] {logging_mixin.py:104} INFO - [2022-04-12 04:23:52,525] {dag.py:2305} INFO - Setting next_dagrun for example_subdag_operator.section-1 to None
[2022-04-12 04:23:52,540] {logging_mixin.py:104} INFO - [2022-04-12 04:23:52,539] {dag.py:2305} INFO - Setting next_dagrun for example_subdag_operator.section-2 to None
[2022-04-12 04:23:52,638] {logging_mixin.py:104} INFO - [2022-04-12 04:23:52,637] {dag.py:1832} INFO - Sync 2 DAGs
[2022-04-12 04:23:52,662] {logging_mixin.py:104} INFO - [2022-04-12 04:23:52,662] {dag.py:2305} INFO - Setting next_dagrun for example_subdag_operator.section-1 to None
[2022-04-12 04:23:52,665] {logging_mixin.py:104} INFO - [2022-04-12 04:23:52,664] {dag.py:2305} INFO - Setting next_dagrun for example_subdag_operator.section-2 to None
[2022-04-12 04:23:52,686] {scheduler_job.py:190} INFO - Processing /home/airflow/sandbox/lib/python3.8/site-packages/airflow/example_dags/example_subdag_operator.py took 0.613 seconds
[2022-04-12 04:24:23,434] {scheduler_job.py:182} INFO - Started process (PID=91667) to work on /home/airflow/sandbox/lib/python3.8/site-packages/airflow/example_dags/example_subdag_operator.py
[2022-04-12 04:24:23,439] {scheduler_job.py:633} INFO - Processing file /home/airflow/sandbox/lib/python3.8/site-packages/airflow/example_dags/example_subdag_operator.py for tasks to queue
[2022-04-12 04:24:23,454] {logging_mixin.py:104} INFO - [2022-04-12 04:24:23,454] {dagbag.py:487} INFO - Filling up the DagBag from /home/airflow/sandbox/lib/python3.8/site-packages/airflow/example_dags/example_subdag_operator.py
[2022-04-12 04:24:23,791] {scheduler_job.py:643} INFO - DAG(s) dict_keys(['example_subdag_operator.section-1', 'example_subdag_operator.section-2', 'example_subdag_operator']) retrieved from /home/airflow/sandbox/lib/python3.8/site-packages/airflow/example_dags/example_subdag_operator.py
[2022-04-12 04:24:23,872] {logging_mixin.py:104} INFO - [2022-04-12 04:24:23,872] {dag.py:1832} INFO - Sync 3 DAGs
[2022-04-12 04:24:24,080] {logging_mixin.py:104} INFO - [2022-04-12 04:24:24,079] {dag.py:2305} INFO - Setting next_dagrun for example_subdag_operator to 2022-04-10 00:00:00+00:00
[2022-04-12 04:24:24,089] {logging_mixin.py:104} INFO - [2022-04-12 04:24:24,089] {dag.py:2305} INFO - Setting next_dagrun for example_subdag_operator.section-1 to None
[2022-04-12 04:24:24,090] {logging_mixin.py:104} INFO - [2022-04-12 04:24:24,090] {dag.py:2305} INFO - Setting next_dagrun for example_subdag_operator.section-2 to None
[2022-04-12 04:24:24,521] {logging_mixin.py:104} INFO - [2022-04-12 04:24:24,521] {dag.py:1832} INFO - Sync 2 DAGs
[2022-04-12 04:24:24,597] {logging_mixin.py:104} INFO - [2022-04-12 04:24:24,597] {dag.py:2305} INFO - Setting next_dagrun for example_subdag_operator.section-1 to None
[2022-04-12 04:24:24,598] {logging_mixin.py:104} INFO - [2022-04-12 04:24:24,598] {dag.py:2305} INFO - Setting next_dagrun for example_subdag_operator.section-2 to None
[2022-04-12 04:24:24,723] {scheduler_job.py:190} INFO - Processing /home/airflow/sandbox/lib/python3.8/site-packages/airflow/example_dags/example_subdag_operator.py took 1.350 seconds
[2022-04-12 04:24:55,295] {scheduler_job.py:182} INFO - Started process (PID=92101) to work on /home/airflow/sandbox/lib/python3.8/site-packages/airflow/example_dags/example_subdag_operator.py
[2022-04-12 04:24:55,309] {scheduler_job.py:633} INFO - Processing file /home/airflow/sandbox/lib/python3.8/site-packages/airflow/example_dags/example_subdag_operator.py for tasks to queue
[2022-04-12 04:24:55,312] {logging_mixin.py:104} INFO - [2022-04-12 04:24:55,312] {dagbag.py:487} INFO - Filling up the DagBag from /home/airflow/sandbox/lib/python3.8/site-packages/airflow/example_dags/example_subdag_operator.py
[2022-04-12 04:24:55,566] {scheduler_job.py:643} INFO - DAG(s) dict_keys(['example_subdag_operator.section-1', 'example_subdag_operator.section-2', 'example_subdag_operator']) retrieved from /home/airflow/sandbox/lib/python3.8/site-packages/airflow/example_dags/example_subdag_operator.py
[2022-04-12 04:24:55,721] {logging_mixin.py:104} INFO - [2022-04-12 04:24:55,721] {dag.py:1832} INFO - Sync 3 DAGs
[2022-04-12 04:24:55,804] {logging_mixin.py:104} INFO - [2022-04-12 04:24:55,803] {dag.py:2305} INFO - Setting next_dagrun for example_subdag_operator to 2022-04-10 00:00:00+00:00
[2022-04-12 04:24:55,824] {logging_mixin.py:104} INFO - [2022-04-12 04:24:55,824] {dag.py:2305} INFO - Setting next_dagrun for example_subdag_operator.section-1 to None
[2022-04-12 04:24:55,831] {logging_mixin.py:104} INFO - [2022-04-12 04:24:55,830] {dag.py:2305} INFO - Setting next_dagrun for example_subdag_operator.section-2 to None
[2022-04-12 04:24:55,930] {logging_mixin.py:104} INFO - [2022-04-12 04:24:55,929] {dag.py:1832} INFO - Sync 2 DAGs
[2022-04-12 04:24:56,023] {logging_mixin.py:104} INFO - [2022-04-12 04:24:56,022] {dag.py:2305} INFO - Setting next_dagrun for example_subdag_operator.section-1 to None
[2022-04-12 04:24:56,033] {logging_mixin.py:104} INFO - [2022-04-12 04:24:56,033] {dag.py:2305} INFO - Setting next_dagrun for example_subdag_operator.section-2 to None
[2022-04-12 04:24:56,175] {scheduler_job.py:190} INFO - Processing /home/airflow/sandbox/lib/python3.8/site-packages/airflow/example_dags/example_subdag_operator.py took 0.915 seconds
[2022-04-12 04:25:27,516] {scheduler_job.py:182} INFO - Started process (PID=92297) to work on /home/airflow/sandbox/lib/python3.8/site-packages/airflow/example_dags/example_subdag_operator.py
[2022-04-12 04:25:27,519] {scheduler_job.py:633} INFO - Processing file /home/airflow/sandbox/lib/python3.8/site-packages/airflow/example_dags/example_subdag_operator.py for tasks to queue
[2022-04-12 04:25:27,533] {logging_mixin.py:104} INFO - [2022-04-12 04:25:27,532] {dagbag.py:487} INFO - Filling up the DagBag from /home/airflow/sandbox/lib/python3.8/site-packages/airflow/example_dags/example_subdag_operator.py
[2022-04-12 04:25:27,661] {scheduler_job.py:643} INFO - DAG(s) dict_keys(['example_subdag_operator.section-1', 'example_subdag_operator.section-2', 'example_subdag_operator']) retrieved from /home/airflow/sandbox/lib/python3.8/site-packages/airflow/example_dags/example_subdag_operator.py
[2022-04-12 04:25:27,704] {logging_mixin.py:104} INFO - [2022-04-12 04:25:27,704] {dag.py:1832} INFO - Sync 3 DAGs
[2022-04-12 04:25:27,855] {logging_mixin.py:104} INFO - [2022-04-12 04:25:27,854] {dag.py:2305} INFO - Setting next_dagrun for example_subdag_operator to 2022-04-10 00:00:00+00:00
[2022-04-12 04:25:27,860] {logging_mixin.py:104} INFO - [2022-04-12 04:25:27,859] {dag.py:2305} INFO - Setting next_dagrun for example_subdag_operator.section-1 to None
[2022-04-12 04:25:27,861] {logging_mixin.py:104} INFO - [2022-04-12 04:25:27,860] {dag.py:2305} INFO - Setting next_dagrun for example_subdag_operator.section-2 to None
[2022-04-12 04:25:28,086] {logging_mixin.py:104} INFO - [2022-04-12 04:25:28,085] {dag.py:1832} INFO - Sync 2 DAGs
[2022-04-12 04:25:28,227] {logging_mixin.py:104} INFO - [2022-04-12 04:25:28,227] {dag.py:2305} INFO - Setting next_dagrun for example_subdag_operator.section-1 to None
[2022-04-12 04:25:28,236] {logging_mixin.py:104} INFO - [2022-04-12 04:25:28,235] {dag.py:2305} INFO - Setting next_dagrun for example_subdag_operator.section-2 to None
[2022-04-12 04:25:28,356] {scheduler_job.py:190} INFO - Processing /home/airflow/sandbox/lib/python3.8/site-packages/airflow/example_dags/example_subdag_operator.py took 0.871 seconds
[2022-04-12 04:25:59,662] {scheduler_job.py:182} INFO - Started process (PID=92496) to work on /home/airflow/sandbox/lib/python3.8/site-packages/airflow/example_dags/example_subdag_operator.py
[2022-04-12 04:25:59,665] {scheduler_job.py:633} INFO - Processing file /home/airflow/sandbox/lib/python3.8/site-packages/airflow/example_dags/example_subdag_operator.py for tasks to queue
[2022-04-12 04:25:59,667] {logging_mixin.py:104} INFO - [2022-04-12 04:25:59,666] {dagbag.py:487} INFO - Filling up the DagBag from /home/airflow/sandbox/lib/python3.8/site-packages/airflow/example_dags/example_subdag_operator.py
[2022-04-12 04:25:59,838] {scheduler_job.py:643} INFO - DAG(s) dict_keys(['example_subdag_operator.section-1', 'example_subdag_operator.section-2', 'example_subdag_operator']) retrieved from /home/airflow/sandbox/lib/python3.8/site-packages/airflow/example_dags/example_subdag_operator.py
[2022-04-12 04:25:59,883] {logging_mixin.py:104} INFO - [2022-04-12 04:25:59,883] {dag.py:1832} INFO - Sync 3 DAGs
[2022-04-12 04:25:59,997] {logging_mixin.py:104} INFO - [2022-04-12 04:25:59,997] {dag.py:2305} INFO - Setting next_dagrun for example_subdag_operator to 2022-04-10 00:00:00+00:00
[2022-04-12 04:26:00,014] {logging_mixin.py:104} INFO - [2022-04-12 04:26:00,013] {dag.py:2305} INFO - Setting next_dagrun for example_subdag_operator.section-1 to None
[2022-04-12 04:26:00,017] {logging_mixin.py:104} INFO - [2022-04-12 04:26:00,017] {dag.py:2305} INFO - Setting next_dagrun for example_subdag_operator.section-2 to None
[2022-04-12 04:26:00,257] {logging_mixin.py:104} INFO - [2022-04-12 04:26:00,257] {dag.py:1832} INFO - Sync 2 DAGs
[2022-04-12 04:26:00,315] {logging_mixin.py:104} INFO - [2022-04-12 04:26:00,315] {dag.py:2305} INFO - Setting next_dagrun for example_subdag_operator.section-1 to None
[2022-04-12 04:26:00,316] {logging_mixin.py:104} INFO - [2022-04-12 04:26:00,316] {dag.py:2305} INFO - Setting next_dagrun for example_subdag_operator.section-2 to None
[2022-04-12 04:26:00,458] {scheduler_job.py:190} INFO - Processing /home/airflow/sandbox/lib/python3.8/site-packages/airflow/example_dags/example_subdag_operator.py took 0.816 seconds
[2022-04-12 04:26:30,712] {scheduler_job.py:182} INFO - Started process (PID=92689) to work on /home/airflow/sandbox/lib/python3.8/site-packages/airflow/example_dags/example_subdag_operator.py
[2022-04-12 04:26:30,745] {scheduler_job.py:633} INFO - Processing file /home/airflow/sandbox/lib/python3.8/site-packages/airflow/example_dags/example_subdag_operator.py for tasks to queue
[2022-04-12 04:26:30,750] {logging_mixin.py:104} INFO - [2022-04-12 04:26:30,749] {dagbag.py:487} INFO - Filling up the DagBag from /home/airflow/sandbox/lib/python3.8/site-packages/airflow/example_dags/example_subdag_operator.py
[2022-04-12 04:26:31,016] {scheduler_job.py:643} INFO - DAG(s) dict_keys(['example_subdag_operator.section-1', 'example_subdag_operator.section-2', 'example_subdag_operator']) retrieved from /home/airflow/sandbox/lib/python3.8/site-packages/airflow/example_dags/example_subdag_operator.py
[2022-04-12 04:26:31,138] {logging_mixin.py:104} INFO - [2022-04-12 04:26:31,138] {dag.py:1832} INFO - Sync 3 DAGs
[2022-04-12 04:26:31,217] {logging_mixin.py:104} INFO - [2022-04-12 04:26:31,217] {dag.py:2305} INFO - Setting next_dagrun for example_subdag_operator to 2022-04-10 00:00:00+00:00
[2022-04-12 04:26:31,225] {logging_mixin.py:104} INFO - [2022-04-12 04:26:31,224] {dag.py:2305} INFO - Setting next_dagrun for example_subdag_operator.section-1 to None
[2022-04-12 04:26:31,226] {logging_mixin.py:104} INFO - [2022-04-12 04:26:31,226] {dag.py:2305} INFO - Setting next_dagrun for example_subdag_operator.section-2 to None
[2022-04-12 04:26:31,301] {logging_mixin.py:104} INFO - [2022-04-12 04:26:31,301] {dag.py:1832} INFO - Sync 2 DAGs
[2022-04-12 04:26:31,374] {logging_mixin.py:104} INFO - [2022-04-12 04:26:31,373] {dag.py:2305} INFO - Setting next_dagrun for example_subdag_operator.section-1 to None
[2022-04-12 04:26:31,375] {logging_mixin.py:104} INFO - [2022-04-12 04:26:31,374] {dag.py:2305} INFO - Setting next_dagrun for example_subdag_operator.section-2 to None
[2022-04-12 04:26:31,437] {scheduler_job.py:190} INFO - Processing /home/airflow/sandbox/lib/python3.8/site-packages/airflow/example_dags/example_subdag_operator.py took 0.783 seconds
[2022-04-12 04:27:01,822] {scheduler_job.py:182} INFO - Started process (PID=92887) to work on /home/airflow/sandbox/lib/python3.8/site-packages/airflow/example_dags/example_subdag_operator.py
[2022-04-12 04:27:01,825] {scheduler_job.py:633} INFO - Processing file /home/airflow/sandbox/lib/python3.8/site-packages/airflow/example_dags/example_subdag_operator.py for tasks to queue
[2022-04-12 04:27:01,841] {logging_mixin.py:104} INFO - [2022-04-12 04:27:01,841] {dagbag.py:487} INFO - Filling up the DagBag from /home/airflow/sandbox/lib/python3.8/site-packages/airflow/example_dags/example_subdag_operator.py
[2022-04-12 04:27:02,109] {scheduler_job.py:643} INFO - DAG(s) dict_keys(['example_subdag_operator.section-1', 'example_subdag_operator.section-2', 'example_subdag_operator']) retrieved from /home/airflow/sandbox/lib/python3.8/site-packages/airflow/example_dags/example_subdag_operator.py
[2022-04-12 04:27:02,220] {logging_mixin.py:104} INFO - [2022-04-12 04:27:02,220] {dag.py:1832} INFO - Sync 3 DAGs
[2022-04-12 04:27:02,397] {logging_mixin.py:104} INFO - [2022-04-12 04:27:02,396] {dag.py:2305} INFO - Setting next_dagrun for example_subdag_operator to 2022-04-10 00:00:00+00:00
[2022-04-12 04:27:02,410] {logging_mixin.py:104} INFO - [2022-04-12 04:27:02,409] {dag.py:2305} INFO - Setting next_dagrun for example_subdag_operator.section-1 to None
[2022-04-12 04:27:02,426] {logging_mixin.py:104} INFO - [2022-04-12 04:27:02,425] {dag.py:2305} INFO - Setting next_dagrun for example_subdag_operator.section-2 to None
[2022-04-12 04:27:02,588] {logging_mixin.py:104} INFO - [2022-04-12 04:27:02,588] {dag.py:1832} INFO - Sync 2 DAGs
[2022-04-12 04:27:02,674] {logging_mixin.py:104} INFO - [2022-04-12 04:27:02,674] {dag.py:2305} INFO - Setting next_dagrun for example_subdag_operator.section-1 to None
[2022-04-12 04:27:02,682] {logging_mixin.py:104} INFO - [2022-04-12 04:27:02,682] {dag.py:2305} INFO - Setting next_dagrun for example_subdag_operator.section-2 to None
[2022-04-12 04:27:03,043] {scheduler_job.py:190} INFO - Processing /home/airflow/sandbox/lib/python3.8/site-packages/airflow/example_dags/example_subdag_operator.py took 1.259 seconds
[2022-04-12 04:27:33,529] {scheduler_job.py:182} INFO - Started process (PID=93091) to work on /home/airflow/sandbox/lib/python3.8/site-packages/airflow/example_dags/example_subdag_operator.py
[2022-04-12 04:27:33,533] {scheduler_job.py:633} INFO - Processing file /home/airflow/sandbox/lib/python3.8/site-packages/airflow/example_dags/example_subdag_operator.py for tasks to queue
[2022-04-12 04:27:33,539] {logging_mixin.py:104} INFO - [2022-04-12 04:27:33,539] {dagbag.py:487} INFO - Filling up the DagBag from /home/airflow/sandbox/lib/python3.8/site-packages/airflow/example_dags/example_subdag_operator.py
[2022-04-12 04:27:33,824] {scheduler_job.py:643} INFO - DAG(s) dict_keys(['example_subdag_operator.section-1', 'example_subdag_operator.section-2', 'example_subdag_operator']) retrieved from /home/airflow/sandbox/lib/python3.8/site-packages/airflow/example_dags/example_subdag_operator.py
[2022-04-12 04:27:33,955] {logging_mixin.py:104} INFO - [2022-04-12 04:27:33,955] {dag.py:1832} INFO - Sync 3 DAGs
[2022-04-12 04:27:34,045] {logging_mixin.py:104} INFO - [2022-04-12 04:27:34,045] {dag.py:2305} INFO - Setting next_dagrun for example_subdag_operator to 2022-04-10 00:00:00+00:00
[2022-04-12 04:27:34,051] {logging_mixin.py:104} INFO - [2022-04-12 04:27:34,051] {dag.py:2305} INFO - Setting next_dagrun for example_subdag_operator.section-1 to None
[2022-04-12 04:27:34,055] {logging_mixin.py:104} INFO - [2022-04-12 04:27:34,055] {dag.py:2305} INFO - Setting next_dagrun for example_subdag_operator.section-2 to None
[2022-04-12 04:27:34,128] {logging_mixin.py:104} INFO - [2022-04-12 04:27:34,128] {dag.py:1832} INFO - Sync 2 DAGs
[2022-04-12 04:27:34,158] {logging_mixin.py:104} INFO - [2022-04-12 04:27:34,158] {dag.py:2305} INFO - Setting next_dagrun for example_subdag_operator.section-1 to None
[2022-04-12 04:27:34,159] {logging_mixin.py:104} INFO - [2022-04-12 04:27:34,159] {dag.py:2305} INFO - Setting next_dagrun for example_subdag_operator.section-2 to None
[2022-04-12 04:27:34,193] {scheduler_job.py:190} INFO - Processing /home/airflow/sandbox/lib/python3.8/site-packages/airflow/example_dags/example_subdag_operator.py took 0.705 seconds
[2022-04-12 04:28:04,413] {scheduler_job.py:182} INFO - Started process (PID=93290) to work on /home/airflow/sandbox/lib/python3.8/site-packages/airflow/example_dags/example_subdag_operator.py
[2022-04-12 04:28:04,436] {scheduler_job.py:633} INFO - Processing file /home/airflow/sandbox/lib/python3.8/site-packages/airflow/example_dags/example_subdag_operator.py for tasks to queue
[2022-04-12 04:28:04,443] {logging_mixin.py:104} INFO - [2022-04-12 04:28:04,442] {dagbag.py:487} INFO - Filling up the DagBag from /home/airflow/sandbox/lib/python3.8/site-packages/airflow/example_dags/example_subdag_operator.py
[2022-04-12 04:28:04,672] {scheduler_job.py:643} INFO - DAG(s) dict_keys(['example_subdag_operator.section-1', 'example_subdag_operator.section-2', 'example_subdag_operator']) retrieved from /home/airflow/sandbox/lib/python3.8/site-packages/airflow/example_dags/example_subdag_operator.py
[2022-04-12 04:28:04,755] {logging_mixin.py:104} INFO - [2022-04-12 04:28:04,755] {dag.py:1832} INFO - Sync 3 DAGs
[2022-04-12 04:28:04,907] {logging_mixin.py:104} INFO - [2022-04-12 04:28:04,882] {dag.py:2305} INFO - Setting next_dagrun for example_subdag_operator to 2022-04-10 00:00:00+00:00
[2022-04-12 04:28:04,910] {logging_mixin.py:104} INFO - [2022-04-12 04:28:04,910] {dag.py:2305} INFO - Setting next_dagrun for example_subdag_operator.section-1 to None
[2022-04-12 04:28:04,911] {logging_mixin.py:104} INFO - [2022-04-12 04:28:04,911] {dag.py:2305} INFO - Setting next_dagrun for example_subdag_operator.section-2 to None
[2022-04-12 04:28:05,061] {logging_mixin.py:104} INFO - [2022-04-12 04:28:05,061] {dag.py:1832} INFO - Sync 2 DAGs
[2022-04-12 04:28:05,090] {logging_mixin.py:104} INFO - [2022-04-12 04:28:05,089] {dag.py:2305} INFO - Setting next_dagrun for example_subdag_operator.section-1 to None
[2022-04-12 04:28:05,091] {logging_mixin.py:104} INFO - [2022-04-12 04:28:05,091] {dag.py:2305} INFO - Setting next_dagrun for example_subdag_operator.section-2 to None
[2022-04-12 04:28:05,120] {scheduler_job.py:190} INFO - Processing /home/airflow/sandbox/lib/python3.8/site-packages/airflow/example_dags/example_subdag_operator.py took 0.739 seconds
[2022-04-12 04:28:35,370] {scheduler_job.py:182} INFO - Started process (PID=93490) to work on /home/airflow/sandbox/lib/python3.8/site-packages/airflow/example_dags/example_subdag_operator.py
[2022-04-12 04:28:35,391] {scheduler_job.py:633} INFO - Processing file /home/airflow/sandbox/lib/python3.8/site-packages/airflow/example_dags/example_subdag_operator.py for tasks to queue
[2022-04-12 04:28:35,392] {logging_mixin.py:104} INFO - [2022-04-12 04:28:35,392] {dagbag.py:487} INFO - Filling up the DagBag from /home/airflow/sandbox/lib/python3.8/site-packages/airflow/example_dags/example_subdag_operator.py
[2022-04-12 04:28:35,507] {scheduler_job.py:643} INFO - DAG(s) dict_keys(['example_subdag_operator.section-1', 'example_subdag_operator.section-2', 'example_subdag_operator']) retrieved from /home/airflow/sandbox/lib/python3.8/site-packages/airflow/example_dags/example_subdag_operator.py
[2022-04-12 04:28:35,571] {logging_mixin.py:104} INFO - [2022-04-12 04:28:35,562] {dag.py:1832} INFO - Sync 3 DAGs
[2022-04-12 04:28:35,621] {logging_mixin.py:104} INFO - [2022-04-12 04:28:35,620] {dag.py:2305} INFO - Setting next_dagrun for example_subdag_operator to 2022-04-10 00:00:00+00:00
[2022-04-12 04:28:35,624] {logging_mixin.py:104} INFO - [2022-04-12 04:28:35,624] {dag.py:2305} INFO - Setting next_dagrun for example_subdag_operator.section-1 to None
[2022-04-12 04:28:35,628] {logging_mixin.py:104} INFO - [2022-04-12 04:28:35,627] {dag.py:2305} INFO - Setting next_dagrun for example_subdag_operator.section-2 to None
[2022-04-12 04:28:35,662] {logging_mixin.py:104} INFO - [2022-04-12 04:28:35,662] {dag.py:1832} INFO - Sync 2 DAGs
[2022-04-12 04:28:35,698] {logging_mixin.py:104} INFO - [2022-04-12 04:28:35,698] {dag.py:2305} INFO - Setting next_dagrun for example_subdag_operator.section-1 to None
[2022-04-12 04:28:35,699] {logging_mixin.py:104} INFO - [2022-04-12 04:28:35,699] {dag.py:2305} INFO - Setting next_dagrun for example_subdag_operator.section-2 to None
[2022-04-12 04:28:35,715] {scheduler_job.py:190} INFO - Processing /home/airflow/sandbox/lib/python3.8/site-packages/airflow/example_dags/example_subdag_operator.py took 0.353 seconds
[2022-04-12 04:29:06,108] {scheduler_job.py:182} INFO - Started process (PID=93689) to work on /home/airflow/sandbox/lib/python3.8/site-packages/airflow/example_dags/example_subdag_operator.py
[2022-04-12 04:29:06,111] {scheduler_job.py:633} INFO - Processing file /home/airflow/sandbox/lib/python3.8/site-packages/airflow/example_dags/example_subdag_operator.py for tasks to queue
[2022-04-12 04:29:06,112] {logging_mixin.py:104} INFO - [2022-04-12 04:29:06,112] {dagbag.py:487} INFO - Filling up the DagBag from /home/airflow/sandbox/lib/python3.8/site-packages/airflow/example_dags/example_subdag_operator.py
[2022-04-12 04:29:06,383] {scheduler_job.py:643} INFO - DAG(s) dict_keys(['example_subdag_operator.section-1', 'example_subdag_operator.section-2', 'example_subdag_operator']) retrieved from /home/airflow/sandbox/lib/python3.8/site-packages/airflow/example_dags/example_subdag_operator.py
[2022-04-12 04:30:17,360] {logging_mixin.py:104} INFO - [2022-04-12 04:30:17,360] {dag.py:1832} INFO - Sync 3 DAGs
[2022-04-12 04:30:42,604] {scheduler_job.py:182} INFO - Started process (PID=94135) to work on /home/airflow/sandbox/lib/python3.8/site-packages/airflow/example_dags/example_subdag_operator.py
[2022-04-12 04:30:42,609] {scheduler_job.py:633} INFO - Processing file /home/airflow/sandbox/lib/python3.8/site-packages/airflow/example_dags/example_subdag_operator.py for tasks to queue
[2022-04-12 04:30:42,613] {logging_mixin.py:104} INFO - [2022-04-12 04:30:42,612] {dagbag.py:487} INFO - Filling up the DagBag from /home/airflow/sandbox/lib/python3.8/site-packages/airflow/example_dags/example_subdag_operator.py
[2022-04-12 04:30:42,762] {scheduler_job.py:643} INFO - DAG(s) dict_keys(['example_subdag_operator.section-1', 'example_subdag_operator.section-2', 'example_subdag_operator']) retrieved from /home/airflow/sandbox/lib/python3.8/site-packages/airflow/example_dags/example_subdag_operator.py
[2022-04-12 04:30:42,811] {logging_mixin.py:104} INFO - [2022-04-12 04:30:42,811] {dag.py:1832} INFO - Sync 3 DAGs
[2022-04-12 04:30:42,887] {logging_mixin.py:104} INFO - [2022-04-12 04:30:42,887] {dag.py:2305} INFO - Setting next_dagrun for example_subdag_operator to 2022-04-10 00:00:00+00:00
[2022-04-12 04:30:42,890] {logging_mixin.py:104} INFO - [2022-04-12 04:30:42,890] {dag.py:2305} INFO - Setting next_dagrun for example_subdag_operator.section-1 to None
[2022-04-12 04:30:42,895] {logging_mixin.py:104} INFO - [2022-04-12 04:30:42,895] {dag.py:2305} INFO - Setting next_dagrun for example_subdag_operator.section-2 to None
[2022-04-12 04:30:42,916] {logging_mixin.py:104} INFO - [2022-04-12 04:30:42,915] {dag.py:1832} INFO - Sync 2 DAGs
[2022-04-12 04:30:42,935] {logging_mixin.py:104} INFO - [2022-04-12 04:30:42,935] {dag.py:2305} INFO - Setting next_dagrun for example_subdag_operator.section-1 to None
[2022-04-12 04:30:42,936] {logging_mixin.py:104} INFO - [2022-04-12 04:30:42,936] {dag.py:2305} INFO - Setting next_dagrun for example_subdag_operator.section-2 to None
[2022-04-12 04:30:42,955] {scheduler_job.py:190} INFO - Processing /home/airflow/sandbox/lib/python3.8/site-packages/airflow/example_dags/example_subdag_operator.py took 0.371 seconds
[2022-04-12 04:31:16,929] {scheduler_job.py:182} INFO - Started process (PID=94333) to work on /home/airflow/sandbox/lib/python3.8/site-packages/airflow/example_dags/example_subdag_operator.py
[2022-04-12 04:31:16,954] {scheduler_job.py:633} INFO - Processing file /home/airflow/sandbox/lib/python3.8/site-packages/airflow/example_dags/example_subdag_operator.py for tasks to queue
[2022-04-12 04:31:16,957] {logging_mixin.py:104} INFO - [2022-04-12 04:31:16,957] {dagbag.py:487} INFO - Filling up the DagBag from /home/airflow/sandbox/lib/python3.8/site-packages/airflow/example_dags/example_subdag_operator.py
[2022-04-12 04:31:17,218] {scheduler_job.py:643} INFO - DAG(s) dict_keys(['example_subdag_operator.section-1', 'example_subdag_operator.section-2', 'example_subdag_operator']) retrieved from /home/airflow/sandbox/lib/python3.8/site-packages/airflow/example_dags/example_subdag_operator.py
[2022-04-12 04:31:17,268] {logging_mixin.py:104} INFO - [2022-04-12 04:31:17,268] {dag.py:1832} INFO - Sync 3 DAGs
[2022-04-12 04:31:17,397] {logging_mixin.py:104} INFO - [2022-04-12 04:31:17,397] {dag.py:2305} INFO - Setting next_dagrun for example_subdag_operator to 2022-04-10 00:00:00+00:00
[2022-04-12 04:31:17,402] {logging_mixin.py:104} INFO - [2022-04-12 04:31:17,401] {dag.py:2305} INFO - Setting next_dagrun for example_subdag_operator.section-1 to None
[2022-04-12 04:31:17,403] {logging_mixin.py:104} INFO - [2022-04-12 04:31:17,403] {dag.py:2305} INFO - Setting next_dagrun for example_subdag_operator.section-2 to None
[2022-04-12 04:31:17,534] {logging_mixin.py:104} INFO - [2022-04-12 04:31:17,534] {dag.py:1832} INFO - Sync 2 DAGs
[2022-04-12 04:31:17,646] {logging_mixin.py:104} INFO - [2022-04-12 04:31:17,646] {dag.py:2305} INFO - Setting next_dagrun for example_subdag_operator.section-1 to None
[2022-04-12 04:31:17,661] {logging_mixin.py:104} INFO - [2022-04-12 04:31:17,661] {dag.py:2305} INFO - Setting next_dagrun for example_subdag_operator.section-2 to None
[2022-04-12 04:31:17,983] {scheduler_job.py:190} INFO - Processing /home/airflow/sandbox/lib/python3.8/site-packages/airflow/example_dags/example_subdag_operator.py took 1.068 seconds
[2022-04-12 04:31:48,639] {scheduler_job.py:182} INFO - Started process (PID=94535) to work on /home/airflow/sandbox/lib/python3.8/site-packages/airflow/example_dags/example_subdag_operator.py
[2022-04-12 04:31:48,648] {scheduler_job.py:633} INFO - Processing file /home/airflow/sandbox/lib/python3.8/site-packages/airflow/example_dags/example_subdag_operator.py for tasks to queue
[2022-04-12 04:31:48,651] {logging_mixin.py:104} INFO - [2022-04-12 04:31:48,651] {dagbag.py:487} INFO - Filling up the DagBag from /home/airflow/sandbox/lib/python3.8/site-packages/airflow/example_dags/example_subdag_operator.py
[2022-04-12 04:31:48,727] {scheduler_job.py:643} INFO - DAG(s) dict_keys(['example_subdag_operator.section-1', 'example_subdag_operator.section-2', 'example_subdag_operator']) retrieved from /home/airflow/sandbox/lib/python3.8/site-packages/airflow/example_dags/example_subdag_operator.py
[2022-04-12 04:31:48,754] {logging_mixin.py:104} INFO - [2022-04-12 04:31:48,753] {dag.py:1832} INFO - Sync 3 DAGs
[2022-04-12 04:31:48,784] {logging_mixin.py:104} INFO - [2022-04-12 04:31:48,784] {dag.py:2305} INFO - Setting next_dagrun for example_subdag_operator to 2022-04-10 00:00:00+00:00
[2022-04-12 04:31:48,786] {logging_mixin.py:104} INFO - [2022-04-12 04:31:48,786] {dag.py:2305} INFO - Setting next_dagrun for example_subdag_operator.section-1 to None
[2022-04-12 04:31:48,788] {logging_mixin.py:104} INFO - [2022-04-12 04:31:48,787] {dag.py:2305} INFO - Setting next_dagrun for example_subdag_operator.section-2 to None
[2022-04-12 04:31:48,818] {logging_mixin.py:104} INFO - [2022-04-12 04:31:48,818] {dag.py:1832} INFO - Sync 2 DAGs
[2022-04-12 04:31:48,832] {logging_mixin.py:104} INFO - [2022-04-12 04:31:48,831] {dag.py:2305} INFO - Setting next_dagrun for example_subdag_operator.section-1 to None
[2022-04-12 04:31:48,832] {logging_mixin.py:104} INFO - [2022-04-12 04:31:48,832] {dag.py:2305} INFO - Setting next_dagrun for example_subdag_operator.section-2 to None
[2022-04-12 04:31:48,845] {scheduler_job.py:190} INFO - Processing /home/airflow/sandbox/lib/python3.8/site-packages/airflow/example_dags/example_subdag_operator.py took 0.221 seconds
[2022-04-12 04:32:22,221] {scheduler_job.py:182} INFO - Started process (PID=94732) to work on /home/airflow/sandbox/lib/python3.8/site-packages/airflow/example_dags/example_subdag_operator.py
[2022-04-12 04:32:22,243] {scheduler_job.py:633} INFO - Processing file /home/airflow/sandbox/lib/python3.8/site-packages/airflow/example_dags/example_subdag_operator.py for tasks to queue
[2022-04-12 04:32:22,245] {logging_mixin.py:104} INFO - [2022-04-12 04:32:22,245] {dagbag.py:487} INFO - Filling up the DagBag from /home/airflow/sandbox/lib/python3.8/site-packages/airflow/example_dags/example_subdag_operator.py
[2022-04-12 04:32:22,445] {scheduler_job.py:643} INFO - DAG(s) dict_keys(['example_subdag_operator.section-1', 'example_subdag_operator.section-2', 'example_subdag_operator']) retrieved from /home/airflow/sandbox/lib/python3.8/site-packages/airflow/example_dags/example_subdag_operator.py
[2022-04-12 04:32:22,518] {logging_mixin.py:104} INFO - [2022-04-12 04:32:22,518] {dag.py:1832} INFO - Sync 3 DAGs
[2022-04-12 04:32:22,594] {logging_mixin.py:104} INFO - [2022-04-12 04:32:22,594] {dag.py:2305} INFO - Setting next_dagrun for example_subdag_operator to 2022-04-10 00:00:00+00:00
[2022-04-12 04:32:22,615] {logging_mixin.py:104} INFO - [2022-04-12 04:32:22,614] {dag.py:2305} INFO - Setting next_dagrun for example_subdag_operator.section-1 to None
[2022-04-12 04:32:22,615] {logging_mixin.py:104} INFO - [2022-04-12 04:32:22,615] {dag.py:2305} INFO - Setting next_dagrun for example_subdag_operator.section-2 to None
[2022-04-12 04:32:22,714] {logging_mixin.py:104} INFO - [2022-04-12 04:32:22,713] {dag.py:1832} INFO - Sync 2 DAGs
[2022-04-12 04:32:22,741] {logging_mixin.py:104} INFO - [2022-04-12 04:32:22,740] {dag.py:2305} INFO - Setting next_dagrun for example_subdag_operator.section-1 to None
[2022-04-12 04:32:22,741] {logging_mixin.py:104} INFO - [2022-04-12 04:32:22,741] {dag.py:2305} INFO - Setting next_dagrun for example_subdag_operator.section-2 to None
[2022-04-12 04:32:22,790] {scheduler_job.py:190} INFO - Processing /home/airflow/sandbox/lib/python3.8/site-packages/airflow/example_dags/example_subdag_operator.py took 0.577 seconds
