[2022-04-12 04:05:57,894] {scheduler_job.py:182} INFO - Started process (PID=82624) to work on /home/airflow/sandbox/lib/python3.8/site-packages/airflow/example_dags/example_branch_datetime_operator.py
[2022-04-12 04:05:57,945] {scheduler_job.py:633} INFO - Processing file /home/airflow/sandbox/lib/python3.8/site-packages/airflow/example_dags/example_branch_datetime_operator.py for tasks to queue
[2022-04-12 04:05:57,954] {logging_mixin.py:104} INFO - [2022-04-12 04:05:57,954] {dagbag.py:487} INFO - Filling up the DagBag from /home/airflow/sandbox/lib/python3.8/site-packages/airflow/example_dags/example_branch_datetime_operator.py
[2022-04-12 04:05:58,046] {scheduler_job.py:643} INFO - DAG(s) dict_keys(['example_branch_datetime_operator_2']) retrieved from /home/airflow/sandbox/lib/python3.8/site-packages/airflow/example_dags/example_branch_datetime_operator.py
[2022-04-12 04:06:02,546] {logging_mixin.py:104} INFO - [2022-04-12 04:06:02,546] {dag.py:1832} INFO - Sync 1 DAGs
[2022-04-12 04:06:02,715] {logging_mixin.py:104} INFO - [2022-04-12 04:06:02,715] {dag.py:2305} INFO - Setting next_dagrun for example_branch_datetime_operator_2 to 2022-04-10 00:00:00+00:00
[2022-04-12 04:06:02,925] {scheduler_job.py:190} INFO - Processing /home/airflow/sandbox/lib/python3.8/site-packages/airflow/example_dags/example_branch_datetime_operator.py took 5.035 seconds
[2022-04-12 04:06:33,541] {scheduler_job.py:182} INFO - Started process (PID=83816) to work on /home/airflow/sandbox/lib/python3.8/site-packages/airflow/example_dags/example_branch_datetime_operator.py
[2022-04-12 04:06:33,543] {scheduler_job.py:633} INFO - Processing file /home/airflow/sandbox/lib/python3.8/site-packages/airflow/example_dags/example_branch_datetime_operator.py for tasks to queue
[2022-04-12 04:06:33,556] {logging_mixin.py:104} INFO - [2022-04-12 04:06:33,556] {dagbag.py:487} INFO - Filling up the DagBag from /home/airflow/sandbox/lib/python3.8/site-packages/airflow/example_dags/example_branch_datetime_operator.py
[2022-04-12 04:06:33,563] {scheduler_job.py:643} INFO - DAG(s) dict_keys(['example_branch_datetime_operator_2']) retrieved from /home/airflow/sandbox/lib/python3.8/site-packages/airflow/example_dags/example_branch_datetime_operator.py
[2022-04-12 04:06:33,605] {logging_mixin.py:104} INFO - [2022-04-12 04:06:33,605] {dag.py:1832} INFO - Sync 1 DAGs
[2022-04-12 04:06:33,635] {logging_mixin.py:104} INFO - [2022-04-12 04:06:33,635] {dag.py:2305} INFO - Setting next_dagrun for example_branch_datetime_operator_2 to 2022-04-10 00:00:00+00:00
[2022-04-12 04:06:33,709] {scheduler_job.py:190} INFO - Processing /home/airflow/sandbox/lib/python3.8/site-packages/airflow/example_dags/example_branch_datetime_operator.py took 0.171 seconds
[2022-04-12 04:07:04,684] {scheduler_job.py:182} INFO - Started process (PID=84045) to work on /home/airflow/sandbox/lib/python3.8/site-packages/airflow/example_dags/example_branch_datetime_operator.py
[2022-04-12 04:07:04,687] {scheduler_job.py:633} INFO - Processing file /home/airflow/sandbox/lib/python3.8/site-packages/airflow/example_dags/example_branch_datetime_operator.py for tasks to queue
[2022-04-12 04:07:04,688] {logging_mixin.py:104} INFO - [2022-04-12 04:07:04,688] {dagbag.py:487} INFO - Filling up the DagBag from /home/airflow/sandbox/lib/python3.8/site-packages/airflow/example_dags/example_branch_datetime_operator.py
[2022-04-12 04:07:04,716] {scheduler_job.py:643} INFO - DAG(s) dict_keys(['example_branch_datetime_operator_2']) retrieved from /home/airflow/sandbox/lib/python3.8/site-packages/airflow/example_dags/example_branch_datetime_operator.py
[2022-04-12 04:07:04,889] {logging_mixin.py:104} INFO - [2022-04-12 04:07:04,889] {dag.py:1832} INFO - Sync 1 DAGs
[2022-04-12 04:07:04,950] {logging_mixin.py:104} INFO - [2022-04-12 04:07:04,950] {dag.py:2305} INFO - Setting next_dagrun for example_branch_datetime_operator_2 to 2022-04-10 00:00:00+00:00
[2022-04-12 04:07:04,996] {scheduler_job.py:190} INFO - Processing /home/airflow/sandbox/lib/python3.8/site-packages/airflow/example_dags/example_branch_datetime_operator.py took 0.336 seconds
[2022-04-12 04:07:36,063] {scheduler_job.py:182} INFO - Started process (PID=84274) to work on /home/airflow/sandbox/lib/python3.8/site-packages/airflow/example_dags/example_branch_datetime_operator.py
[2022-04-12 04:07:36,068] {scheduler_job.py:633} INFO - Processing file /home/airflow/sandbox/lib/python3.8/site-packages/airflow/example_dags/example_branch_datetime_operator.py for tasks to queue
[2022-04-12 04:07:36,071] {logging_mixin.py:104} INFO - [2022-04-12 04:07:36,071] {dagbag.py:487} INFO - Filling up the DagBag from /home/airflow/sandbox/lib/python3.8/site-packages/airflow/example_dags/example_branch_datetime_operator.py
[2022-04-12 04:07:36,100] {scheduler_job.py:643} INFO - DAG(s) dict_keys(['example_branch_datetime_operator_2']) retrieved from /home/airflow/sandbox/lib/python3.8/site-packages/airflow/example_dags/example_branch_datetime_operator.py
[2022-04-12 04:07:36,203] {logging_mixin.py:104} INFO - [2022-04-12 04:07:36,203] {dag.py:1832} INFO - Sync 1 DAGs
[2022-04-12 04:07:36,262] {logging_mixin.py:104} INFO - [2022-04-12 04:07:36,262] {dag.py:2305} INFO - Setting next_dagrun for example_branch_datetime_operator_2 to 2022-04-10 00:00:00+00:00
[2022-04-12 04:07:36,715] {scheduler_job.py:190} INFO - Processing /home/airflow/sandbox/lib/python3.8/site-packages/airflow/example_dags/example_branch_datetime_operator.py took 0.676 seconds
[2022-04-12 04:08:07,170] {scheduler_job.py:182} INFO - Started process (PID=84519) to work on /home/airflow/sandbox/lib/python3.8/site-packages/airflow/example_dags/example_branch_datetime_operator.py
[2022-04-12 04:08:07,181] {scheduler_job.py:633} INFO - Processing file /home/airflow/sandbox/lib/python3.8/site-packages/airflow/example_dags/example_branch_datetime_operator.py for tasks to queue
[2022-04-12 04:08:07,183] {logging_mixin.py:104} INFO - [2022-04-12 04:08:07,182] {dagbag.py:487} INFO - Filling up the DagBag from /home/airflow/sandbox/lib/python3.8/site-packages/airflow/example_dags/example_branch_datetime_operator.py
[2022-04-12 04:08:07,215] {scheduler_job.py:643} INFO - DAG(s) dict_keys(['example_branch_datetime_operator_2']) retrieved from /home/airflow/sandbox/lib/python3.8/site-packages/airflow/example_dags/example_branch_datetime_operator.py
[2022-04-12 04:08:07,326] {logging_mixin.py:104} INFO - [2022-04-12 04:08:07,326] {dag.py:1832} INFO - Sync 1 DAGs
[2022-04-12 04:08:07,412] {logging_mixin.py:104} INFO - [2022-04-12 04:08:07,411] {dag.py:2305} INFO - Setting next_dagrun for example_branch_datetime_operator_2 to 2022-04-10 00:00:00+00:00
[2022-04-12 04:08:07,687] {scheduler_job.py:190} INFO - Processing /home/airflow/sandbox/lib/python3.8/site-packages/airflow/example_dags/example_branch_datetime_operator.py took 0.536 seconds
[2022-04-12 04:08:38,223] {scheduler_job.py:182} INFO - Started process (PID=84733) to work on /home/airflow/sandbox/lib/python3.8/site-packages/airflow/example_dags/example_branch_datetime_operator.py
[2022-04-12 04:08:38,229] {scheduler_job.py:633} INFO - Processing file /home/airflow/sandbox/lib/python3.8/site-packages/airflow/example_dags/example_branch_datetime_operator.py for tasks to queue
[2022-04-12 04:08:38,234] {logging_mixin.py:104} INFO - [2022-04-12 04:08:38,234] {dagbag.py:487} INFO - Filling up the DagBag from /home/airflow/sandbox/lib/python3.8/site-packages/airflow/example_dags/example_branch_datetime_operator.py
[2022-04-12 04:08:38,286] {scheduler_job.py:643} INFO - DAG(s) dict_keys(['example_branch_datetime_operator_2']) retrieved from /home/airflow/sandbox/lib/python3.8/site-packages/airflow/example_dags/example_branch_datetime_operator.py
[2022-04-12 04:08:38,452] {logging_mixin.py:104} INFO - [2022-04-12 04:08:38,452] {dag.py:1832} INFO - Sync 1 DAGs
[2022-04-12 04:08:38,553] {logging_mixin.py:104} INFO - [2022-04-12 04:08:38,553] {dag.py:2305} INFO - Setting next_dagrun for example_branch_datetime_operator_2 to 2022-04-10 00:00:00+00:00
[2022-04-12 04:08:38,656] {scheduler_job.py:190} INFO - Processing /home/airflow/sandbox/lib/python3.8/site-packages/airflow/example_dags/example_branch_datetime_operator.py took 0.454 seconds
[2022-04-12 04:09:09,514] {scheduler_job.py:182} INFO - Started process (PID=84992) to work on /home/airflow/sandbox/lib/python3.8/site-packages/airflow/example_dags/example_branch_datetime_operator.py
[2022-04-12 04:09:09,538] {scheduler_job.py:633} INFO - Processing file /home/airflow/sandbox/lib/python3.8/site-packages/airflow/example_dags/example_branch_datetime_operator.py for tasks to queue
[2022-04-12 04:09:09,544] {logging_mixin.py:104} INFO - [2022-04-12 04:09:09,544] {dagbag.py:487} INFO - Filling up the DagBag from /home/airflow/sandbox/lib/python3.8/site-packages/airflow/example_dags/example_branch_datetime_operator.py
[2022-04-12 04:09:09,588] {scheduler_job.py:643} INFO - DAG(s) dict_keys(['example_branch_datetime_operator_2']) retrieved from /home/airflow/sandbox/lib/python3.8/site-packages/airflow/example_dags/example_branch_datetime_operator.py
[2022-04-12 04:09:09,718] {logging_mixin.py:104} INFO - [2022-04-12 04:09:09,718] {dag.py:1832} INFO - Sync 1 DAGs
[2022-04-12 04:09:09,777] {logging_mixin.py:104} INFO - [2022-04-12 04:09:09,777] {dag.py:2305} INFO - Setting next_dagrun for example_branch_datetime_operator_2 to 2022-04-10 00:00:00+00:00
[2022-04-12 04:09:10,289] {scheduler_job.py:190} INFO - Processing /home/airflow/sandbox/lib/python3.8/site-packages/airflow/example_dags/example_branch_datetime_operator.py took 0.800 seconds
[2022-04-12 04:14:48,359] {scheduler_job.py:182} INFO - Started process (PID=85524) to work on /home/airflow/sandbox/lib/python3.8/site-packages/airflow/example_dags/example_branch_datetime_operator.py
[2022-04-12 04:14:48,379] {scheduler_job.py:633} INFO - Processing file /home/airflow/sandbox/lib/python3.8/site-packages/airflow/example_dags/example_branch_datetime_operator.py for tasks to queue
[2022-04-12 04:14:48,393] {logging_mixin.py:104} INFO - [2022-04-12 04:14:48,393] {dagbag.py:487} INFO - Filling up the DagBag from /home/airflow/sandbox/lib/python3.8/site-packages/airflow/example_dags/example_branch_datetime_operator.py
[2022-04-12 04:14:48,487] {scheduler_job.py:643} INFO - DAG(s) dict_keys(['example_branch_datetime_operator_2']) retrieved from /home/airflow/sandbox/lib/python3.8/site-packages/airflow/example_dags/example_branch_datetime_operator.py
[2022-04-12 04:14:48,661] {logging_mixin.py:104} INFO - [2022-04-12 04:14:48,661] {dag.py:1832} INFO - Sync 1 DAGs
[2022-04-12 04:14:48,835] {logging_mixin.py:104} INFO - [2022-04-12 04:14:48,834] {dag.py:2305} INFO - Setting next_dagrun for example_branch_datetime_operator_2 to 2022-04-10 00:00:00+00:00
[2022-04-12 04:14:48,995] {scheduler_job.py:190} INFO - Processing /home/airflow/sandbox/lib/python3.8/site-packages/airflow/example_dags/example_branch_datetime_operator.py took 0.667 seconds
[2022-04-12 04:15:20,009] {scheduler_job.py:182} INFO - Started process (PID=85876) to work on /home/airflow/sandbox/lib/python3.8/site-packages/airflow/example_dags/example_branch_datetime_operator.py
[2022-04-12 04:15:20,018] {scheduler_job.py:633} INFO - Processing file /home/airflow/sandbox/lib/python3.8/site-packages/airflow/example_dags/example_branch_datetime_operator.py for tasks to queue
[2022-04-12 04:15:20,020] {logging_mixin.py:104} INFO - [2022-04-12 04:15:20,019] {dagbag.py:487} INFO - Filling up the DagBag from /home/airflow/sandbox/lib/python3.8/site-packages/airflow/example_dags/example_branch_datetime_operator.py
[2022-04-12 04:15:20,047] {scheduler_job.py:643} INFO - DAG(s) dict_keys(['example_branch_datetime_operator_2']) retrieved from /home/airflow/sandbox/lib/python3.8/site-packages/airflow/example_dags/example_branch_datetime_operator.py
[2022-04-12 04:15:20,164] {logging_mixin.py:104} INFO - [2022-04-12 04:15:20,163] {dag.py:1832} INFO - Sync 1 DAGs
[2022-04-12 04:15:20,251] {logging_mixin.py:104} INFO - [2022-04-12 04:15:20,251] {dag.py:2305} INFO - Setting next_dagrun for example_branch_datetime_operator_2 to 2022-04-10 00:00:00+00:00
[2022-04-12 04:15:20,491] {scheduler_job.py:190} INFO - Processing /home/airflow/sandbox/lib/python3.8/site-packages/airflow/example_dags/example_branch_datetime_operator.py took 0.489 seconds
[2022-04-12 04:15:52,207] {scheduler_job.py:182} INFO - Started process (PID=86271) to work on /home/airflow/sandbox/lib/python3.8/site-packages/airflow/example_dags/example_branch_datetime_operator.py
[2022-04-12 04:15:52,235] {scheduler_job.py:633} INFO - Processing file /home/airflow/sandbox/lib/python3.8/site-packages/airflow/example_dags/example_branch_datetime_operator.py for tasks to queue
[2022-04-12 04:15:52,238] {logging_mixin.py:104} INFO - [2022-04-12 04:15:52,238] {dagbag.py:487} INFO - Filling up the DagBag from /home/airflow/sandbox/lib/python3.8/site-packages/airflow/example_dags/example_branch_datetime_operator.py
[2022-04-12 04:15:52,303] {scheduler_job.py:643} INFO - DAG(s) dict_keys(['example_branch_datetime_operator_2']) retrieved from /home/airflow/sandbox/lib/python3.8/site-packages/airflow/example_dags/example_branch_datetime_operator.py
[2022-04-12 04:15:52,466] {logging_mixin.py:104} INFO - [2022-04-12 04:15:52,466] {dag.py:1832} INFO - Sync 1 DAGs
[2022-04-12 04:15:52,556] {logging_mixin.py:104} INFO - [2022-04-12 04:15:52,555] {dag.py:2305} INFO - Setting next_dagrun for example_branch_datetime_operator_2 to 2022-04-10 00:00:00+00:00
[2022-04-12 04:15:52,618] {scheduler_job.py:190} INFO - Processing /home/airflow/sandbox/lib/python3.8/site-packages/airflow/example_dags/example_branch_datetime_operator.py took 0.421 seconds
[2022-04-12 04:16:24,143] {scheduler_job.py:182} INFO - Started process (PID=86664) to work on /home/airflow/sandbox/lib/python3.8/site-packages/airflow/example_dags/example_branch_datetime_operator.py
[2022-04-12 04:16:24,148] {scheduler_job.py:633} INFO - Processing file /home/airflow/sandbox/lib/python3.8/site-packages/airflow/example_dags/example_branch_datetime_operator.py for tasks to queue
[2022-04-12 04:16:24,158] {logging_mixin.py:104} INFO - [2022-04-12 04:16:24,158] {dagbag.py:487} INFO - Filling up the DagBag from /home/airflow/sandbox/lib/python3.8/site-packages/airflow/example_dags/example_branch_datetime_operator.py
[2022-04-12 04:16:24,189] {scheduler_job.py:643} INFO - DAG(s) dict_keys(['example_branch_datetime_operator_2']) retrieved from /home/airflow/sandbox/lib/python3.8/site-packages/airflow/example_dags/example_branch_datetime_operator.py
[2022-04-12 04:16:24,329] {logging_mixin.py:104} INFO - [2022-04-12 04:16:24,329] {dag.py:1832} INFO - Sync 1 DAGs
[2022-04-12 04:16:24,404] {logging_mixin.py:104} INFO - [2022-04-12 04:16:24,404] {dag.py:2305} INFO - Setting next_dagrun for example_branch_datetime_operator_2 to 2022-04-10 00:00:00+00:00
[2022-04-12 04:16:24,500] {scheduler_job.py:190} INFO - Processing /home/airflow/sandbox/lib/python3.8/site-packages/airflow/example_dags/example_branch_datetime_operator.py took 0.364 seconds
[2022-04-12 04:16:55,190] {scheduler_job.py:182} INFO - Started process (PID=87043) to work on /home/airflow/sandbox/lib/python3.8/site-packages/airflow/example_dags/example_branch_datetime_operator.py
[2022-04-12 04:16:55,208] {scheduler_job.py:633} INFO - Processing file /home/airflow/sandbox/lib/python3.8/site-packages/airflow/example_dags/example_branch_datetime_operator.py for tasks to queue
[2022-04-12 04:16:55,209] {logging_mixin.py:104} INFO - [2022-04-12 04:16:55,209] {dagbag.py:487} INFO - Filling up the DagBag from /home/airflow/sandbox/lib/python3.8/site-packages/airflow/example_dags/example_branch_datetime_operator.py
[2022-04-12 04:16:55,260] {scheduler_job.py:643} INFO - DAG(s) dict_keys(['example_branch_datetime_operator_2']) retrieved from /home/airflow/sandbox/lib/python3.8/site-packages/airflow/example_dags/example_branch_datetime_operator.py
[2022-04-12 04:16:55,456] {logging_mixin.py:104} INFO - [2022-04-12 04:16:55,455] {dag.py:1832} INFO - Sync 1 DAGs
[2022-04-12 04:16:55,511] {logging_mixin.py:104} INFO - [2022-04-12 04:16:55,510] {dag.py:2305} INFO - Setting next_dagrun for example_branch_datetime_operator_2 to 2022-04-10 00:00:00+00:00
[2022-04-12 04:16:55,574] {scheduler_job.py:190} INFO - Processing /home/airflow/sandbox/lib/python3.8/site-packages/airflow/example_dags/example_branch_datetime_operator.py took 0.390 seconds
[2022-04-12 04:17:25,921] {scheduler_job.py:182} INFO - Started process (PID=87422) to work on /home/airflow/sandbox/lib/python3.8/site-packages/airflow/example_dags/example_branch_datetime_operator.py
[2022-04-12 04:17:25,924] {scheduler_job.py:633} INFO - Processing file /home/airflow/sandbox/lib/python3.8/site-packages/airflow/example_dags/example_branch_datetime_operator.py for tasks to queue
[2022-04-12 04:17:25,925] {logging_mixin.py:104} INFO - [2022-04-12 04:17:25,925] {dagbag.py:487} INFO - Filling up the DagBag from /home/airflow/sandbox/lib/python3.8/site-packages/airflow/example_dags/example_branch_datetime_operator.py
[2022-04-12 04:17:25,939] {scheduler_job.py:643} INFO - DAG(s) dict_keys(['example_branch_datetime_operator_2']) retrieved from /home/airflow/sandbox/lib/python3.8/site-packages/airflow/example_dags/example_branch_datetime_operator.py
[2022-04-12 04:17:25,996] {logging_mixin.py:104} INFO - [2022-04-12 04:17:25,995] {dag.py:1832} INFO - Sync 1 DAGs
[2022-04-12 04:17:26,030] {logging_mixin.py:104} INFO - [2022-04-12 04:17:26,030] {dag.py:2305} INFO - Setting next_dagrun for example_branch_datetime_operator_2 to 2022-04-10 00:00:00+00:00
[2022-04-12 04:17:26,071] {scheduler_job.py:190} INFO - Processing /home/airflow/sandbox/lib/python3.8/site-packages/airflow/example_dags/example_branch_datetime_operator.py took 0.157 seconds
[2022-04-12 04:17:56,881] {scheduler_job.py:182} INFO - Started process (PID=87815) to work on /home/airflow/sandbox/lib/python3.8/site-packages/airflow/example_dags/example_branch_datetime_operator.py
[2022-04-12 04:17:56,923] {scheduler_job.py:633} INFO - Processing file /home/airflow/sandbox/lib/python3.8/site-packages/airflow/example_dags/example_branch_datetime_operator.py for tasks to queue
[2022-04-12 04:17:56,926] {logging_mixin.py:104} INFO - [2022-04-12 04:17:56,926] {dagbag.py:487} INFO - Filling up the DagBag from /home/airflow/sandbox/lib/python3.8/site-packages/airflow/example_dags/example_branch_datetime_operator.py
[2022-04-12 04:17:56,968] {scheduler_job.py:643} INFO - DAG(s) dict_keys(['example_branch_datetime_operator_2']) retrieved from /home/airflow/sandbox/lib/python3.8/site-packages/airflow/example_dags/example_branch_datetime_operator.py
[2022-04-12 04:17:57,094] {logging_mixin.py:104} INFO - [2022-04-12 04:17:57,094] {dag.py:1832} INFO - Sync 1 DAGs
[2022-04-12 04:17:57,211] {logging_mixin.py:104} INFO - [2022-04-12 04:17:57,211] {dag.py:2305} INFO - Setting next_dagrun for example_branch_datetime_operator_2 to 2022-04-10 00:00:00+00:00
[2022-04-12 04:17:57,275] {scheduler_job.py:190} INFO - Processing /home/airflow/sandbox/lib/python3.8/site-packages/airflow/example_dags/example_branch_datetime_operator.py took 0.403 seconds
[2022-04-12 04:18:27,496] {scheduler_job.py:182} INFO - Started process (PID=88188) to work on /home/airflow/sandbox/lib/python3.8/site-packages/airflow/example_dags/example_branch_datetime_operator.py
[2022-04-12 04:18:27,535] {scheduler_job.py:633} INFO - Processing file /home/airflow/sandbox/lib/python3.8/site-packages/airflow/example_dags/example_branch_datetime_operator.py for tasks to queue
[2022-04-12 04:18:27,548] {logging_mixin.py:104} INFO - [2022-04-12 04:18:27,548] {dagbag.py:487} INFO - Filling up the DagBag from /home/airflow/sandbox/lib/python3.8/site-packages/airflow/example_dags/example_branch_datetime_operator.py
[2022-04-12 04:18:27,571] {scheduler_job.py:643} INFO - DAG(s) dict_keys(['example_branch_datetime_operator_2']) retrieved from /home/airflow/sandbox/lib/python3.8/site-packages/airflow/example_dags/example_branch_datetime_operator.py
[2022-04-12 04:18:27,758] {logging_mixin.py:104} INFO - [2022-04-12 04:18:27,757] {dag.py:1832} INFO - Sync 1 DAGs
[2022-04-12 04:18:27,815] {logging_mixin.py:104} INFO - [2022-04-12 04:18:27,814] {dag.py:2305} INFO - Setting next_dagrun for example_branch_datetime_operator_2 to 2022-04-10 00:00:00+00:00
[2022-04-12 04:18:27,861] {scheduler_job.py:190} INFO - Processing /home/airflow/sandbox/lib/python3.8/site-packages/airflow/example_dags/example_branch_datetime_operator.py took 0.415 seconds
[2022-04-12 04:18:58,272] {scheduler_job.py:182} INFO - Started process (PID=88584) to work on /home/airflow/sandbox/lib/python3.8/site-packages/airflow/example_dags/example_branch_datetime_operator.py
[2022-04-12 04:18:58,278] {scheduler_job.py:633} INFO - Processing file /home/airflow/sandbox/lib/python3.8/site-packages/airflow/example_dags/example_branch_datetime_operator.py for tasks to queue
[2022-04-12 04:18:58,280] {logging_mixin.py:104} INFO - [2022-04-12 04:18:58,280] {dagbag.py:487} INFO - Filling up the DagBag from /home/airflow/sandbox/lib/python3.8/site-packages/airflow/example_dags/example_branch_datetime_operator.py
[2022-04-12 04:18:58,303] {scheduler_job.py:643} INFO - DAG(s) dict_keys(['example_branch_datetime_operator_2']) retrieved from /home/airflow/sandbox/lib/python3.8/site-packages/airflow/example_dags/example_branch_datetime_operator.py
[2022-04-12 04:18:58,389] {logging_mixin.py:104} INFO - [2022-04-12 04:18:58,389] {dag.py:1832} INFO - Sync 1 DAGs
[2022-04-12 04:18:58,434] {logging_mixin.py:104} INFO - [2022-04-12 04:18:58,434] {dag.py:2305} INFO - Setting next_dagrun for example_branch_datetime_operator_2 to 2022-04-10 00:00:00+00:00
[2022-04-12 04:18:58,517] {scheduler_job.py:190} INFO - Processing /home/airflow/sandbox/lib/python3.8/site-packages/airflow/example_dags/example_branch_datetime_operator.py took 0.259 seconds
[2022-04-12 04:19:28,692] {scheduler_job.py:182} INFO - Started process (PID=88961) to work on /home/airflow/sandbox/lib/python3.8/site-packages/airflow/example_dags/example_branch_datetime_operator.py
[2022-04-12 04:19:28,695] {scheduler_job.py:633} INFO - Processing file /home/airflow/sandbox/lib/python3.8/site-packages/airflow/example_dags/example_branch_datetime_operator.py for tasks to queue
[2022-04-12 04:19:28,698] {logging_mixin.py:104} INFO - [2022-04-12 04:19:28,698] {dagbag.py:487} INFO - Filling up the DagBag from /home/airflow/sandbox/lib/python3.8/site-packages/airflow/example_dags/example_branch_datetime_operator.py
[2022-04-12 04:19:28,715] {scheduler_job.py:643} INFO - DAG(s) dict_keys(['example_branch_datetime_operator_2']) retrieved from /home/airflow/sandbox/lib/python3.8/site-packages/airflow/example_dags/example_branch_datetime_operator.py
[2022-04-12 04:19:28,815] {logging_mixin.py:104} INFO - [2022-04-12 04:19:28,815] {dag.py:1832} INFO - Sync 1 DAGs
[2022-04-12 04:19:28,903] {logging_mixin.py:104} INFO - [2022-04-12 04:19:28,902] {dag.py:2305} INFO - Setting next_dagrun for example_branch_datetime_operator_2 to 2022-04-10 00:00:00+00:00
[2022-04-12 04:19:28,947] {scheduler_job.py:190} INFO - Processing /home/airflow/sandbox/lib/python3.8/site-packages/airflow/example_dags/example_branch_datetime_operator.py took 0.265 seconds
[2022-04-12 04:19:59,380] {scheduler_job.py:182} INFO - Started process (PID=89584) to work on /home/airflow/sandbox/lib/python3.8/site-packages/airflow/example_dags/example_branch_datetime_operator.py
[2022-04-12 04:19:59,383] {scheduler_job.py:633} INFO - Processing file /home/airflow/sandbox/lib/python3.8/site-packages/airflow/example_dags/example_branch_datetime_operator.py for tasks to queue
[2022-04-12 04:19:59,391] {logging_mixin.py:104} INFO - [2022-04-12 04:19:59,391] {dagbag.py:487} INFO - Filling up the DagBag from /home/airflow/sandbox/lib/python3.8/site-packages/airflow/example_dags/example_branch_datetime_operator.py
[2022-04-12 04:19:59,448] {scheduler_job.py:643} INFO - DAG(s) dict_keys(['example_branch_datetime_operator_2']) retrieved from /home/airflow/sandbox/lib/python3.8/site-packages/airflow/example_dags/example_branch_datetime_operator.py
[2022-04-12 04:19:59,668] {logging_mixin.py:104} INFO - [2022-04-12 04:19:59,667] {dag.py:1832} INFO - Sync 1 DAGs
[2022-04-12 04:19:59,768] {logging_mixin.py:104} INFO - [2022-04-12 04:19:59,766] {dag.py:2305} INFO - Setting next_dagrun for example_branch_datetime_operator_2 to 2022-04-10 00:00:00+00:00
[2022-04-12 04:19:59,828] {scheduler_job.py:190} INFO - Processing /home/airflow/sandbox/lib/python3.8/site-packages/airflow/example_dags/example_branch_datetime_operator.py took 0.487 seconds
[2022-04-12 04:20:30,393] {scheduler_job.py:182} INFO - Started process (PID=89963) to work on /home/airflow/sandbox/lib/python3.8/site-packages/airflow/example_dags/example_branch_datetime_operator.py
[2022-04-12 04:20:30,419] {scheduler_job.py:633} INFO - Processing file /home/airflow/sandbox/lib/python3.8/site-packages/airflow/example_dags/example_branch_datetime_operator.py for tasks to queue
[2022-04-12 04:20:30,421] {logging_mixin.py:104} INFO - [2022-04-12 04:20:30,421] {dagbag.py:487} INFO - Filling up the DagBag from /home/airflow/sandbox/lib/python3.8/site-packages/airflow/example_dags/example_branch_datetime_operator.py
[2022-04-12 04:20:30,474] {scheduler_job.py:643} INFO - DAG(s) dict_keys(['example_branch_datetime_operator_2']) retrieved from /home/airflow/sandbox/lib/python3.8/site-packages/airflow/example_dags/example_branch_datetime_operator.py
[2022-04-12 04:20:30,778] {logging_mixin.py:104} INFO - [2022-04-12 04:20:30,777] {dag.py:1832} INFO - Sync 1 DAGs
[2022-04-12 04:20:30,926] {logging_mixin.py:104} INFO - [2022-04-12 04:20:30,926] {dag.py:2305} INFO - Setting next_dagrun for example_branch_datetime_operator_2 to 2022-04-10 00:00:00+00:00
[2022-04-12 04:20:31,047] {scheduler_job.py:190} INFO - Processing /home/airflow/sandbox/lib/python3.8/site-packages/airflow/example_dags/example_branch_datetime_operator.py took 0.677 seconds
[2022-04-12 04:21:01,876] {scheduler_job.py:182} INFO - Started process (PID=90223) to work on /home/airflow/sandbox/lib/python3.8/site-packages/airflow/example_dags/example_branch_datetime_operator.py
[2022-04-12 04:21:01,880] {scheduler_job.py:633} INFO - Processing file /home/airflow/sandbox/lib/python3.8/site-packages/airflow/example_dags/example_branch_datetime_operator.py for tasks to queue
[2022-04-12 04:21:01,882] {logging_mixin.py:104} INFO - [2022-04-12 04:21:01,882] {dagbag.py:487} INFO - Filling up the DagBag from /home/airflow/sandbox/lib/python3.8/site-packages/airflow/example_dags/example_branch_datetime_operator.py
[2022-04-12 04:21:01,943] {scheduler_job.py:643} INFO - DAG(s) dict_keys(['example_branch_datetime_operator_2']) retrieved from /home/airflow/sandbox/lib/python3.8/site-packages/airflow/example_dags/example_branch_datetime_operator.py
[2022-04-12 04:21:02,200] {logging_mixin.py:104} INFO - [2022-04-12 04:21:02,199] {dag.py:1832} INFO - Sync 1 DAGs
[2022-04-12 04:21:02,381] {logging_mixin.py:104} INFO - [2022-04-12 04:21:02,367] {dag.py:2305} INFO - Setting next_dagrun for example_branch_datetime_operator_2 to 2022-04-10 00:00:00+00:00
[2022-04-12 04:21:02,527] {scheduler_job.py:190} INFO - Processing /home/airflow/sandbox/lib/python3.8/site-packages/airflow/example_dags/example_branch_datetime_operator.py took 0.696 seconds
[2022-04-12 04:21:32,838] {scheduler_job.py:182} INFO - Started process (PID=90423) to work on /home/airflow/sandbox/lib/python3.8/site-packages/airflow/example_dags/example_branch_datetime_operator.py
[2022-04-12 04:21:32,858] {scheduler_job.py:633} INFO - Processing file /home/airflow/sandbox/lib/python3.8/site-packages/airflow/example_dags/example_branch_datetime_operator.py for tasks to queue
[2022-04-12 04:21:32,860] {logging_mixin.py:104} INFO - [2022-04-12 04:21:32,860] {dagbag.py:487} INFO - Filling up the DagBag from /home/airflow/sandbox/lib/python3.8/site-packages/airflow/example_dags/example_branch_datetime_operator.py
[2022-04-12 04:21:32,893] {scheduler_job.py:643} INFO - DAG(s) dict_keys(['example_branch_datetime_operator_2']) retrieved from /home/airflow/sandbox/lib/python3.8/site-packages/airflow/example_dags/example_branch_datetime_operator.py
[2022-04-12 04:21:33,050] {logging_mixin.py:104} INFO - [2022-04-12 04:21:33,049] {dag.py:1832} INFO - Sync 1 DAGs
[2022-04-12 04:21:33,186] {logging_mixin.py:104} INFO - [2022-04-12 04:21:33,186] {dag.py:2305} INFO - Setting next_dagrun for example_branch_datetime_operator_2 to 2022-04-10 00:00:00+00:00
[2022-04-12 04:21:33,355] {scheduler_job.py:190} INFO - Processing /home/airflow/sandbox/lib/python3.8/site-packages/airflow/example_dags/example_branch_datetime_operator.py took 0.525 seconds
[2022-04-12 04:22:03,845] {scheduler_job.py:182} INFO - Started process (PID=90682) to work on /home/airflow/sandbox/lib/python3.8/site-packages/airflow/example_dags/example_branch_datetime_operator.py
[2022-04-12 04:22:03,959] {scheduler_job.py:633} INFO - Processing file /home/airflow/sandbox/lib/python3.8/site-packages/airflow/example_dags/example_branch_datetime_operator.py for tasks to queue
[2022-04-12 04:22:03,967] {logging_mixin.py:104} INFO - [2022-04-12 04:22:03,966] {dagbag.py:487} INFO - Filling up the DagBag from /home/airflow/sandbox/lib/python3.8/site-packages/airflow/example_dags/example_branch_datetime_operator.py
[2022-04-12 04:22:04,048] {scheduler_job.py:643} INFO - DAG(s) dict_keys(['example_branch_datetime_operator_2']) retrieved from /home/airflow/sandbox/lib/python3.8/site-packages/airflow/example_dags/example_branch_datetime_operator.py
[2022-04-12 04:22:04,284] {logging_mixin.py:104} INFO - [2022-04-12 04:22:04,283] {dag.py:1832} INFO - Sync 1 DAGs
[2022-04-12 04:22:04,521] {logging_mixin.py:104} INFO - [2022-04-12 04:22:04,487] {dag.py:2305} INFO - Setting next_dagrun for example_branch_datetime_operator_2 to 2022-04-10 00:00:00+00:00
[2022-04-12 04:22:05,289] {scheduler_job.py:190} INFO - Processing /home/airflow/sandbox/lib/python3.8/site-packages/airflow/example_dags/example_branch_datetime_operator.py took 1.467 seconds
[2022-04-12 04:22:36,202] {scheduler_job.py:182} INFO - Started process (PID=90983) to work on /home/airflow/sandbox/lib/python3.8/site-packages/airflow/example_dags/example_branch_datetime_operator.py
[2022-04-12 04:22:36,231] {scheduler_job.py:633} INFO - Processing file /home/airflow/sandbox/lib/python3.8/site-packages/airflow/example_dags/example_branch_datetime_operator.py for tasks to queue
[2022-04-12 04:22:36,234] {logging_mixin.py:104} INFO - [2022-04-12 04:22:36,234] {dagbag.py:487} INFO - Filling up the DagBag from /home/airflow/sandbox/lib/python3.8/site-packages/airflow/example_dags/example_branch_datetime_operator.py
[2022-04-12 04:22:36,258] {scheduler_job.py:643} INFO - DAG(s) dict_keys(['example_branch_datetime_operator_2']) retrieved from /home/airflow/sandbox/lib/python3.8/site-packages/airflow/example_dags/example_branch_datetime_operator.py
[2022-04-12 04:22:36,421] {logging_mixin.py:104} INFO - [2022-04-12 04:22:36,421] {dag.py:1832} INFO - Sync 1 DAGs
[2022-04-12 04:22:36,492] {logging_mixin.py:104} INFO - [2022-04-12 04:22:36,492] {dag.py:2305} INFO - Setting next_dagrun for example_branch_datetime_operator_2 to 2022-04-10 00:00:00+00:00
[2022-04-12 04:22:36,708] {scheduler_job.py:190} INFO - Processing /home/airflow/sandbox/lib/python3.8/site-packages/airflow/example_dags/example_branch_datetime_operator.py took 0.513 seconds
[2022-04-12 04:23:08,554] {scheduler_job.py:182} INFO - Started process (PID=91185) to work on /home/airflow/sandbox/lib/python3.8/site-packages/airflow/example_dags/example_branch_datetime_operator.py
[2022-04-12 04:23:08,584] {scheduler_job.py:633} INFO - Processing file /home/airflow/sandbox/lib/python3.8/site-packages/airflow/example_dags/example_branch_datetime_operator.py for tasks to queue
[2022-04-12 04:23:08,594] {logging_mixin.py:104} INFO - [2022-04-12 04:23:08,594] {dagbag.py:487} INFO - Filling up the DagBag from /home/airflow/sandbox/lib/python3.8/site-packages/airflow/example_dags/example_branch_datetime_operator.py
[2022-04-12 04:23:08,660] {scheduler_job.py:643} INFO - DAG(s) dict_keys(['example_branch_datetime_operator_2']) retrieved from /home/airflow/sandbox/lib/python3.8/site-packages/airflow/example_dags/example_branch_datetime_operator.py
[2022-04-12 04:23:08,832] {logging_mixin.py:104} INFO - [2022-04-12 04:23:08,832] {dag.py:1832} INFO - Sync 1 DAGs
[2022-04-12 04:23:08,947] {logging_mixin.py:104} INFO - [2022-04-12 04:23:08,946] {dag.py:2305} INFO - Setting next_dagrun for example_branch_datetime_operator_2 to 2022-04-10 00:00:00+00:00
[2022-04-12 04:23:09,227] {scheduler_job.py:190} INFO - Processing /home/airflow/sandbox/lib/python3.8/site-packages/airflow/example_dags/example_branch_datetime_operator.py took 0.730 seconds
[2022-04-12 04:23:41,518] {scheduler_job.py:182} INFO - Started process (PID=91378) to work on /home/airflow/sandbox/lib/python3.8/site-packages/airflow/example_dags/example_branch_datetime_operator.py
[2022-04-12 04:23:41,522] {scheduler_job.py:633} INFO - Processing file /home/airflow/sandbox/lib/python3.8/site-packages/airflow/example_dags/example_branch_datetime_operator.py for tasks to queue
[2022-04-12 04:23:41,524] {logging_mixin.py:104} INFO - [2022-04-12 04:23:41,524] {dagbag.py:487} INFO - Filling up the DagBag from /home/airflow/sandbox/lib/python3.8/site-packages/airflow/example_dags/example_branch_datetime_operator.py
[2022-04-12 04:23:41,579] {scheduler_job.py:643} INFO - DAG(s) dict_keys(['example_branch_datetime_operator_2']) retrieved from /home/airflow/sandbox/lib/python3.8/site-packages/airflow/example_dags/example_branch_datetime_operator.py
[2022-04-12 04:23:41,797] {logging_mixin.py:104} INFO - [2022-04-12 04:23:41,797] {dag.py:1832} INFO - Sync 1 DAGs
[2022-04-12 04:23:41,919] {logging_mixin.py:104} INFO - [2022-04-12 04:23:41,918] {dag.py:2305} INFO - Setting next_dagrun for example_branch_datetime_operator_2 to 2022-04-10 00:00:00+00:00
[2022-04-12 04:23:42,074] {scheduler_job.py:190} INFO - Processing /home/airflow/sandbox/lib/python3.8/site-packages/airflow/example_dags/example_branch_datetime_operator.py took 0.614 seconds
[2022-04-12 04:24:14,598] {scheduler_job.py:182} INFO - Started process (PID=91577) to work on /home/airflow/sandbox/lib/python3.8/site-packages/airflow/example_dags/example_branch_datetime_operator.py
[2022-04-12 04:24:14,613] {scheduler_job.py:633} INFO - Processing file /home/airflow/sandbox/lib/python3.8/site-packages/airflow/example_dags/example_branch_datetime_operator.py for tasks to queue
[2022-04-12 04:24:14,614] {logging_mixin.py:104} INFO - [2022-04-12 04:24:14,614] {dagbag.py:487} INFO - Filling up the DagBag from /home/airflow/sandbox/lib/python3.8/site-packages/airflow/example_dags/example_branch_datetime_operator.py
[2022-04-12 04:24:14,660] {scheduler_job.py:643} INFO - DAG(s) dict_keys(['example_branch_datetime_operator_2']) retrieved from /home/airflow/sandbox/lib/python3.8/site-packages/airflow/example_dags/example_branch_datetime_operator.py
[2022-04-12 04:24:14,806] {logging_mixin.py:104} INFO - [2022-04-12 04:24:14,806] {dag.py:1832} INFO - Sync 1 DAGs
[2022-04-12 04:24:14,975] {logging_mixin.py:104} INFO - [2022-04-12 04:24:14,975] {dag.py:2305} INFO - Setting next_dagrun for example_branch_datetime_operator_2 to 2022-04-10 00:00:00+00:00
[2022-04-12 04:24:15,079] {scheduler_job.py:190} INFO - Processing /home/airflow/sandbox/lib/python3.8/site-packages/airflow/example_dags/example_branch_datetime_operator.py took 0.488 seconds
[2022-04-12 04:24:46,207] {scheduler_job.py:182} INFO - Started process (PID=91936) to work on /home/airflow/sandbox/lib/python3.8/site-packages/airflow/example_dags/example_branch_datetime_operator.py
[2022-04-12 04:24:46,213] {scheduler_job.py:633} INFO - Processing file /home/airflow/sandbox/lib/python3.8/site-packages/airflow/example_dags/example_branch_datetime_operator.py for tasks to queue
[2022-04-12 04:24:46,230] {logging_mixin.py:104} INFO - [2022-04-12 04:24:46,229] {dagbag.py:487} INFO - Filling up the DagBag from /home/airflow/sandbox/lib/python3.8/site-packages/airflow/example_dags/example_branch_datetime_operator.py
[2022-04-12 04:24:46,335] {scheduler_job.py:643} INFO - DAG(s) dict_keys(['example_branch_datetime_operator_2']) retrieved from /home/airflow/sandbox/lib/python3.8/site-packages/airflow/example_dags/example_branch_datetime_operator.py
[2022-04-12 04:24:46,618] {logging_mixin.py:104} INFO - [2022-04-12 04:24:46,617] {dag.py:1832} INFO - Sync 1 DAGs
[2022-04-12 04:24:46,902] {logging_mixin.py:104} INFO - [2022-04-12 04:24:46,901] {dag.py:2305} INFO - Setting next_dagrun for example_branch_datetime_operator_2 to 2022-04-10 00:00:00+00:00
[2022-04-12 04:24:47,104] {scheduler_job.py:190} INFO - Processing /home/airflow/sandbox/lib/python3.8/site-packages/airflow/example_dags/example_branch_datetime_operator.py took 0.957 seconds
[2022-04-12 04:25:17,530] {scheduler_job.py:182} INFO - Started process (PID=92209) to work on /home/airflow/sandbox/lib/python3.8/site-packages/airflow/example_dags/example_branch_datetime_operator.py
[2022-04-12 04:25:17,535] {scheduler_job.py:633} INFO - Processing file /home/airflow/sandbox/lib/python3.8/site-packages/airflow/example_dags/example_branch_datetime_operator.py for tasks to queue
[2022-04-12 04:25:17,546] {logging_mixin.py:104} INFO - [2022-04-12 04:25:17,545] {dagbag.py:487} INFO - Filling up the DagBag from /home/airflow/sandbox/lib/python3.8/site-packages/airflow/example_dags/example_branch_datetime_operator.py
[2022-04-12 04:25:17,604] {scheduler_job.py:643} INFO - DAG(s) dict_keys(['example_branch_datetime_operator_2']) retrieved from /home/airflow/sandbox/lib/python3.8/site-packages/airflow/example_dags/example_branch_datetime_operator.py
[2022-04-12 04:25:17,944] {logging_mixin.py:104} INFO - [2022-04-12 04:25:17,944] {dag.py:1832} INFO - Sync 1 DAGs
[2022-04-12 04:25:18,110] {logging_mixin.py:104} INFO - [2022-04-12 04:25:18,110] {dag.py:2305} INFO - Setting next_dagrun for example_branch_datetime_operator_2 to 2022-04-10 00:00:00+00:00
[2022-04-12 04:25:18,313] {scheduler_job.py:190} INFO - Processing /home/airflow/sandbox/lib/python3.8/site-packages/airflow/example_dags/example_branch_datetime_operator.py took 0.834 seconds
[2022-04-12 04:25:48,986] {scheduler_job.py:182} INFO - Started process (PID=92409) to work on /home/airflow/sandbox/lib/python3.8/site-packages/airflow/example_dags/example_branch_datetime_operator.py
[2022-04-12 04:25:48,990] {scheduler_job.py:633} INFO - Processing file /home/airflow/sandbox/lib/python3.8/site-packages/airflow/example_dags/example_branch_datetime_operator.py for tasks to queue
[2022-04-12 04:25:48,992] {logging_mixin.py:104} INFO - [2022-04-12 04:25:48,992] {dagbag.py:487} INFO - Filling up the DagBag from /home/airflow/sandbox/lib/python3.8/site-packages/airflow/example_dags/example_branch_datetime_operator.py
[2022-04-12 04:25:49,011] {scheduler_job.py:643} INFO - DAG(s) dict_keys(['example_branch_datetime_operator_2']) retrieved from /home/airflow/sandbox/lib/python3.8/site-packages/airflow/example_dags/example_branch_datetime_operator.py
[2022-04-12 04:25:49,078] {logging_mixin.py:104} INFO - [2022-04-12 04:25:49,078] {dag.py:1832} INFO - Sync 1 DAGs
[2022-04-12 04:25:49,123] {logging_mixin.py:104} INFO - [2022-04-12 04:25:49,123] {dag.py:2305} INFO - Setting next_dagrun for example_branch_datetime_operator_2 to 2022-04-10 00:00:00+00:00
[2022-04-12 04:25:49,159] {scheduler_job.py:190} INFO - Processing /home/airflow/sandbox/lib/python3.8/site-packages/airflow/example_dags/example_branch_datetime_operator.py took 0.189 seconds
[2022-04-12 04:26:19,600] {scheduler_job.py:182} INFO - Started process (PID=92608) to work on /home/airflow/sandbox/lib/python3.8/site-packages/airflow/example_dags/example_branch_datetime_operator.py
[2022-04-12 04:26:19,603] {scheduler_job.py:633} INFO - Processing file /home/airflow/sandbox/lib/python3.8/site-packages/airflow/example_dags/example_branch_datetime_operator.py for tasks to queue
[2022-04-12 04:26:19,605] {logging_mixin.py:104} INFO - [2022-04-12 04:26:19,605] {dagbag.py:487} INFO - Filling up the DagBag from /home/airflow/sandbox/lib/python3.8/site-packages/airflow/example_dags/example_branch_datetime_operator.py
[2022-04-12 04:26:19,630] {scheduler_job.py:643} INFO - DAG(s) dict_keys(['example_branch_datetime_operator_2']) retrieved from /home/airflow/sandbox/lib/python3.8/site-packages/airflow/example_dags/example_branch_datetime_operator.py
[2022-04-12 04:26:19,876] {logging_mixin.py:104} INFO - [2022-04-12 04:26:19,876] {dag.py:1832} INFO - Sync 1 DAGs
[2022-04-12 04:26:19,997] {logging_mixin.py:104} INFO - [2022-04-12 04:26:19,996] {dag.py:2305} INFO - Setting next_dagrun for example_branch_datetime_operator_2 to 2022-04-10 00:00:00+00:00
[2022-04-12 04:26:20,157] {scheduler_job.py:190} INFO - Processing /home/airflow/sandbox/lib/python3.8/site-packages/airflow/example_dags/example_branch_datetime_operator.py took 0.566 seconds
[2022-04-12 04:26:50,931] {scheduler_job.py:182} INFO - Started process (PID=92808) to work on /home/airflow/sandbox/lib/python3.8/site-packages/airflow/example_dags/example_branch_datetime_operator.py
[2022-04-12 04:26:50,976] {scheduler_job.py:633} INFO - Processing file /home/airflow/sandbox/lib/python3.8/site-packages/airflow/example_dags/example_branch_datetime_operator.py for tasks to queue
[2022-04-12 04:26:50,986] {logging_mixin.py:104} INFO - [2022-04-12 04:26:50,986] {dagbag.py:487} INFO - Filling up the DagBag from /home/airflow/sandbox/lib/python3.8/site-packages/airflow/example_dags/example_branch_datetime_operator.py
[2022-04-12 04:26:51,058] {scheduler_job.py:643} INFO - DAG(s) dict_keys(['example_branch_datetime_operator_2']) retrieved from /home/airflow/sandbox/lib/python3.8/site-packages/airflow/example_dags/example_branch_datetime_operator.py
[2022-04-12 04:26:51,261] {logging_mixin.py:104} INFO - [2022-04-12 04:26:51,260] {dag.py:1832} INFO - Sync 1 DAGs
[2022-04-12 04:26:51,512] {logging_mixin.py:104} INFO - [2022-04-12 04:26:51,512] {dag.py:2305} INFO - Setting next_dagrun for example_branch_datetime_operator_2 to 2022-04-10 00:00:00+00:00
[2022-04-12 04:26:51,621] {scheduler_job.py:190} INFO - Processing /home/airflow/sandbox/lib/python3.8/site-packages/airflow/example_dags/example_branch_datetime_operator.py took 0.703 seconds
[2022-04-12 04:27:22,168] {scheduler_job.py:182} INFO - Started process (PID=93007) to work on /home/airflow/sandbox/lib/python3.8/site-packages/airflow/example_dags/example_branch_datetime_operator.py
[2022-04-12 04:27:22,172] {scheduler_job.py:633} INFO - Processing file /home/airflow/sandbox/lib/python3.8/site-packages/airflow/example_dags/example_branch_datetime_operator.py for tasks to queue
[2022-04-12 04:27:22,176] {logging_mixin.py:104} INFO - [2022-04-12 04:27:22,175] {dagbag.py:487} INFO - Filling up the DagBag from /home/airflow/sandbox/lib/python3.8/site-packages/airflow/example_dags/example_branch_datetime_operator.py
[2022-04-12 04:27:22,203] {scheduler_job.py:643} INFO - DAG(s) dict_keys(['example_branch_datetime_operator_2']) retrieved from /home/airflow/sandbox/lib/python3.8/site-packages/airflow/example_dags/example_branch_datetime_operator.py
[2022-04-12 04:27:22,310] {logging_mixin.py:104} INFO - [2022-04-12 04:27:22,310] {dag.py:1832} INFO - Sync 1 DAGs
[2022-04-12 04:27:22,402] {logging_mixin.py:104} INFO - [2022-04-12 04:27:22,401] {dag.py:2305} INFO - Setting next_dagrun for example_branch_datetime_operator_2 to 2022-04-10 00:00:00+00:00
[2022-04-12 04:27:22,731] {scheduler_job.py:190} INFO - Processing /home/airflow/sandbox/lib/python3.8/site-packages/airflow/example_dags/example_branch_datetime_operator.py took 0.577 seconds
[2022-04-12 04:27:53,055] {scheduler_job.py:182} INFO - Started process (PID=93206) to work on /home/airflow/sandbox/lib/python3.8/site-packages/airflow/example_dags/example_branch_datetime_operator.py
[2022-04-12 04:27:53,066] {scheduler_job.py:633} INFO - Processing file /home/airflow/sandbox/lib/python3.8/site-packages/airflow/example_dags/example_branch_datetime_operator.py for tasks to queue
[2022-04-12 04:27:53,069] {logging_mixin.py:104} INFO - [2022-04-12 04:27:53,069] {dagbag.py:487} INFO - Filling up the DagBag from /home/airflow/sandbox/lib/python3.8/site-packages/airflow/example_dags/example_branch_datetime_operator.py
[2022-04-12 04:27:53,105] {scheduler_job.py:643} INFO - DAG(s) dict_keys(['example_branch_datetime_operator_2']) retrieved from /home/airflow/sandbox/lib/python3.8/site-packages/airflow/example_dags/example_branch_datetime_operator.py
[2022-04-12 04:27:53,272] {logging_mixin.py:104} INFO - [2022-04-12 04:27:53,271] {dag.py:1832} INFO - Sync 1 DAGs
[2022-04-12 04:27:53,490] {logging_mixin.py:104} INFO - [2022-04-12 04:27:53,490] {dag.py:2305} INFO - Setting next_dagrun for example_branch_datetime_operator_2 to 2022-04-10 00:00:00+00:00
[2022-04-12 04:27:53,563] {scheduler_job.py:190} INFO - Processing /home/airflow/sandbox/lib/python3.8/site-packages/airflow/example_dags/example_branch_datetime_operator.py took 0.519 seconds
[2022-04-12 04:28:24,508] {scheduler_job.py:182} INFO - Started process (PID=93405) to work on /home/airflow/sandbox/lib/python3.8/site-packages/airflow/example_dags/example_branch_datetime_operator.py
[2022-04-12 04:28:24,514] {scheduler_job.py:633} INFO - Processing file /home/airflow/sandbox/lib/python3.8/site-packages/airflow/example_dags/example_branch_datetime_operator.py for tasks to queue
[2022-04-12 04:28:24,518] {logging_mixin.py:104} INFO - [2022-04-12 04:28:24,518] {dagbag.py:487} INFO - Filling up the DagBag from /home/airflow/sandbox/lib/python3.8/site-packages/airflow/example_dags/example_branch_datetime_operator.py
[2022-04-12 04:28:24,543] {scheduler_job.py:643} INFO - DAG(s) dict_keys(['example_branch_datetime_operator_2']) retrieved from /home/airflow/sandbox/lib/python3.8/site-packages/airflow/example_dags/example_branch_datetime_operator.py
[2022-04-12 04:28:24,744] {logging_mixin.py:104} INFO - [2022-04-12 04:28:24,744] {dag.py:1832} INFO - Sync 1 DAGs
[2022-04-12 04:28:24,944] {logging_mixin.py:104} INFO - [2022-04-12 04:28:24,944] {dag.py:2305} INFO - Setting next_dagrun for example_branch_datetime_operator_2 to 2022-04-10 00:00:00+00:00
[2022-04-12 04:28:25,060] {scheduler_job.py:190} INFO - Processing /home/airflow/sandbox/lib/python3.8/site-packages/airflow/example_dags/example_branch_datetime_operator.py took 0.563 seconds
[2022-04-12 04:28:56,039] {scheduler_job.py:182} INFO - Started process (PID=93604) to work on /home/airflow/sandbox/lib/python3.8/site-packages/airflow/example_dags/example_branch_datetime_operator.py
[2022-04-12 04:28:56,068] {scheduler_job.py:633} INFO - Processing file /home/airflow/sandbox/lib/python3.8/site-packages/airflow/example_dags/example_branch_datetime_operator.py for tasks to queue
[2022-04-12 04:28:56,070] {logging_mixin.py:104} INFO - [2022-04-12 04:28:56,070] {dagbag.py:487} INFO - Filling up the DagBag from /home/airflow/sandbox/lib/python3.8/site-packages/airflow/example_dags/example_branch_datetime_operator.py
[2022-04-12 04:28:56,169] {scheduler_job.py:643} INFO - DAG(s) dict_keys(['example_branch_datetime_operator_2']) retrieved from /home/airflow/sandbox/lib/python3.8/site-packages/airflow/example_dags/example_branch_datetime_operator.py
[2022-04-12 04:28:56,409] {logging_mixin.py:104} INFO - [2022-04-12 04:28:56,408] {dag.py:1832} INFO - Sync 1 DAGs
[2022-04-12 04:28:56,528] {logging_mixin.py:104} INFO - [2022-04-12 04:28:56,528] {dag.py:2305} INFO - Setting next_dagrun for example_branch_datetime_operator_2 to 2022-04-10 00:00:00+00:00
[2022-04-12 04:28:56,612] {scheduler_job.py:190} INFO - Processing /home/airflow/sandbox/lib/python3.8/site-packages/airflow/example_dags/example_branch_datetime_operator.py took 0.657 seconds
[2022-04-12 04:30:34,520] {scheduler_job.py:182} INFO - Started process (PID=94024) to work on /home/airflow/sandbox/lib/python3.8/site-packages/airflow/example_dags/example_branch_datetime_operator.py
[2022-04-12 04:30:34,528] {scheduler_job.py:633} INFO - Processing file /home/airflow/sandbox/lib/python3.8/site-packages/airflow/example_dags/example_branch_datetime_operator.py for tasks to queue
[2022-04-12 04:30:34,534] {logging_mixin.py:104} INFO - [2022-04-12 04:30:34,533] {dagbag.py:487} INFO - Filling up the DagBag from /home/airflow/sandbox/lib/python3.8/site-packages/airflow/example_dags/example_branch_datetime_operator.py
[2022-04-12 04:30:34,612] {scheduler_job.py:643} INFO - DAG(s) dict_keys(['example_branch_datetime_operator_2']) retrieved from /home/airflow/sandbox/lib/python3.8/site-packages/airflow/example_dags/example_branch_datetime_operator.py
[2022-04-12 04:30:34,748] {logging_mixin.py:104} INFO - [2022-04-12 04:30:34,748] {dag.py:1832} INFO - Sync 1 DAGs
[2022-04-12 04:30:34,900] {logging_mixin.py:104} INFO - [2022-04-12 04:30:34,900] {dag.py:2305} INFO - Setting next_dagrun for example_branch_datetime_operator_2 to 2022-04-10 00:00:00+00:00
[2022-04-12 04:30:35,114] {scheduler_job.py:190} INFO - Processing /home/airflow/sandbox/lib/python3.8/site-packages/airflow/example_dags/example_branch_datetime_operator.py took 0.648 seconds
[2022-04-12 04:31:07,652] {scheduler_job.py:182} INFO - Started process (PID=94242) to work on /home/airflow/sandbox/lib/python3.8/site-packages/airflow/example_dags/example_branch_datetime_operator.py
[2022-04-12 04:31:07,696] {scheduler_job.py:633} INFO - Processing file /home/airflow/sandbox/lib/python3.8/site-packages/airflow/example_dags/example_branch_datetime_operator.py for tasks to queue
[2022-04-12 04:31:07,714] {logging_mixin.py:104} INFO - [2022-04-12 04:31:07,714] {dagbag.py:487} INFO - Filling up the DagBag from /home/airflow/sandbox/lib/python3.8/site-packages/airflow/example_dags/example_branch_datetime_operator.py
[2022-04-12 04:31:07,837] {scheduler_job.py:643} INFO - DAG(s) dict_keys(['example_branch_datetime_operator_2']) retrieved from /home/airflow/sandbox/lib/python3.8/site-packages/airflow/example_dags/example_branch_datetime_operator.py
[2022-04-12 04:31:08,135] {logging_mixin.py:104} INFO - [2022-04-12 04:31:08,121] {dag.py:1832} INFO - Sync 1 DAGs
[2022-04-12 04:31:08,332] {logging_mixin.py:104} INFO - [2022-04-12 04:31:08,331] {dag.py:2305} INFO - Setting next_dagrun for example_branch_datetime_operator_2 to 2022-04-10 00:00:00+00:00
[2022-04-12 04:31:08,553] {scheduler_job.py:190} INFO - Processing /home/airflow/sandbox/lib/python3.8/site-packages/airflow/example_dags/example_branch_datetime_operator.py took 0.929 seconds
[2022-04-12 04:31:40,745] {scheduler_job.py:182} INFO - Started process (PID=94442) to work on /home/airflow/sandbox/lib/python3.8/site-packages/airflow/example_dags/example_branch_datetime_operator.py
[2022-04-12 04:31:40,752] {scheduler_job.py:633} INFO - Processing file /home/airflow/sandbox/lib/python3.8/site-packages/airflow/example_dags/example_branch_datetime_operator.py for tasks to queue
[2022-04-12 04:31:40,765] {logging_mixin.py:104} INFO - [2022-04-12 04:31:40,765] {dagbag.py:487} INFO - Filling up the DagBag from /home/airflow/sandbox/lib/python3.8/site-packages/airflow/example_dags/example_branch_datetime_operator.py
[2022-04-12 04:31:40,799] {scheduler_job.py:643} INFO - DAG(s) dict_keys(['example_branch_datetime_operator_2']) retrieved from /home/airflow/sandbox/lib/python3.8/site-packages/airflow/example_dags/example_branch_datetime_operator.py
[2022-04-12 04:31:40,896] {logging_mixin.py:104} INFO - [2022-04-12 04:31:40,895] {dag.py:1832} INFO - Sync 1 DAGs
[2022-04-12 04:31:41,034] {logging_mixin.py:104} INFO - [2022-04-12 04:31:41,034] {dag.py:2305} INFO - Setting next_dagrun for example_branch_datetime_operator_2 to 2022-04-10 00:00:00+00:00
[2022-04-12 04:31:41,139] {scheduler_job.py:190} INFO - Processing /home/airflow/sandbox/lib/python3.8/site-packages/airflow/example_dags/example_branch_datetime_operator.py took 0.443 seconds
[2022-04-12 04:32:14,439] {scheduler_job.py:182} INFO - Started process (PID=94640) to work on /home/airflow/sandbox/lib/python3.8/site-packages/airflow/example_dags/example_branch_datetime_operator.py
[2022-04-12 04:32:14,446] {scheduler_job.py:633} INFO - Processing file /home/airflow/sandbox/lib/python3.8/site-packages/airflow/example_dags/example_branch_datetime_operator.py for tasks to queue
[2022-04-12 04:32:14,465] {logging_mixin.py:104} INFO - [2022-04-12 04:32:14,464] {dagbag.py:487} INFO - Filling up the DagBag from /home/airflow/sandbox/lib/python3.8/site-packages/airflow/example_dags/example_branch_datetime_operator.py
[2022-04-12 04:32:14,518] {scheduler_job.py:643} INFO - DAG(s) dict_keys(['example_branch_datetime_operator_2']) retrieved from /home/airflow/sandbox/lib/python3.8/site-packages/airflow/example_dags/example_branch_datetime_operator.py
[2022-04-12 04:32:14,727] {logging_mixin.py:104} INFO - [2022-04-12 04:32:14,727] {dag.py:1832} INFO - Sync 1 DAGs
[2022-04-12 04:32:14,836] {logging_mixin.py:104} INFO - [2022-04-12 04:32:14,835] {dag.py:2305} INFO - Setting next_dagrun for example_branch_datetime_operator_2 to 2022-04-10 00:00:00+00:00
[2022-04-12 04:32:14,934] {scheduler_job.py:190} INFO - Processing /home/airflow/sandbox/lib/python3.8/site-packages/airflow/example_dags/example_branch_datetime_operator.py took 0.517 seconds
