[2022-04-12 04:05:54,660] {scheduler_job.py:182} INFO - Started process (PID=82606) to work on /home/airflow/sandbox/lib/python3.8/site-packages/airflow/example_dags/example_latest_only.py
[2022-04-12 04:05:54,662] {scheduler_job.py:633} INFO - Processing file /home/airflow/sandbox/lib/python3.8/site-packages/airflow/example_dags/example_latest_only.py for tasks to queue
[2022-04-12 04:05:54,686] {logging_mixin.py:104} INFO - [2022-04-12 04:05:54,686] {dagbag.py:487} INFO - Filling up the DagBag from /home/airflow/sandbox/lib/python3.8/site-packages/airflow/example_dags/example_latest_only.py
[2022-04-12 04:05:54,741] {scheduler_job.py:643} INFO - DAG(s) dict_keys(['latest_only']) retrieved from /home/airflow/sandbox/lib/python3.8/site-packages/airflow/example_dags/example_latest_only.py
[2022-04-12 04:05:57,017] {logging_mixin.py:104} INFO - [2022-04-12 04:05:57,017] {dag.py:1832} INFO - Sync 1 DAGs
[2022-04-12 04:05:57,116] {logging_mixin.py:104} INFO - [2022-04-12 04:05:57,116] {dag.py:2305} INFO - Setting next_dagrun for latest_only to 2022-04-10 00:00:00+00:00
[2022-04-12 04:05:57,706] {scheduler_job.py:190} INFO - Processing /home/airflow/sandbox/lib/python3.8/site-packages/airflow/example_dags/example_latest_only.py took 3.051 seconds
[2022-04-12 04:06:28,305] {scheduler_job.py:182} INFO - Started process (PID=83771) to work on /home/airflow/sandbox/lib/python3.8/site-packages/airflow/example_dags/example_latest_only.py
[2022-04-12 04:06:28,317] {scheduler_job.py:633} INFO - Processing file /home/airflow/sandbox/lib/python3.8/site-packages/airflow/example_dags/example_latest_only.py for tasks to queue
[2022-04-12 04:06:28,319] {logging_mixin.py:104} INFO - [2022-04-12 04:06:28,319] {dagbag.py:487} INFO - Filling up the DagBag from /home/airflow/sandbox/lib/python3.8/site-packages/airflow/example_dags/example_latest_only.py
[2022-04-12 04:06:28,336] {scheduler_job.py:643} INFO - DAG(s) dict_keys(['latest_only']) retrieved from /home/airflow/sandbox/lib/python3.8/site-packages/airflow/example_dags/example_latest_only.py
[2022-04-12 04:06:28,400] {logging_mixin.py:104} INFO - [2022-04-12 04:06:28,400] {dag.py:1832} INFO - Sync 1 DAGs
[2022-04-12 04:06:28,441] {logging_mixin.py:104} INFO - [2022-04-12 04:06:28,441] {dag.py:2305} INFO - Setting next_dagrun for latest_only to 2022-04-10 00:00:00+00:00
[2022-04-12 04:06:28,482] {scheduler_job.py:190} INFO - Processing /home/airflow/sandbox/lib/python3.8/site-packages/airflow/example_dags/example_latest_only.py took 0.181 seconds
[2022-04-12 04:06:59,314] {scheduler_job.py:182} INFO - Started process (PID=84003) to work on /home/airflow/sandbox/lib/python3.8/site-packages/airflow/example_dags/example_latest_only.py
[2022-04-12 04:06:59,324] {scheduler_job.py:633} INFO - Processing file /home/airflow/sandbox/lib/python3.8/site-packages/airflow/example_dags/example_latest_only.py for tasks to queue
[2022-04-12 04:06:59,339] {logging_mixin.py:104} INFO - [2022-04-12 04:06:59,339] {dagbag.py:487} INFO - Filling up the DagBag from /home/airflow/sandbox/lib/python3.8/site-packages/airflow/example_dags/example_latest_only.py
[2022-04-12 04:06:59,361] {scheduler_job.py:643} INFO - DAG(s) dict_keys(['latest_only']) retrieved from /home/airflow/sandbox/lib/python3.8/site-packages/airflow/example_dags/example_latest_only.py
[2022-04-12 04:06:59,484] {logging_mixin.py:104} INFO - [2022-04-12 04:06:59,484] {dag.py:1832} INFO - Sync 1 DAGs
[2022-04-12 04:06:59,537] {logging_mixin.py:104} INFO - [2022-04-12 04:06:59,536] {dag.py:2305} INFO - Setting next_dagrun for latest_only to 2022-04-10 00:00:00+00:00
[2022-04-12 04:06:59,582] {scheduler_job.py:190} INFO - Processing /home/airflow/sandbox/lib/python3.8/site-packages/airflow/example_dags/example_latest_only.py took 0.286 seconds
[2022-04-12 04:07:30,604] {scheduler_job.py:182} INFO - Started process (PID=84262) to work on /home/airflow/sandbox/lib/python3.8/site-packages/airflow/example_dags/example_latest_only.py
[2022-04-12 04:07:30,621] {scheduler_job.py:633} INFO - Processing file /home/airflow/sandbox/lib/python3.8/site-packages/airflow/example_dags/example_latest_only.py for tasks to queue
[2022-04-12 04:07:30,634] {logging_mixin.py:104} INFO - [2022-04-12 04:07:30,633] {dagbag.py:487} INFO - Filling up the DagBag from /home/airflow/sandbox/lib/python3.8/site-packages/airflow/example_dags/example_latest_only.py
[2022-04-12 04:07:30,648] {scheduler_job.py:643} INFO - DAG(s) dict_keys(['latest_only']) retrieved from /home/airflow/sandbox/lib/python3.8/site-packages/airflow/example_dags/example_latest_only.py
[2022-04-12 04:07:30,838] {logging_mixin.py:104} INFO - [2022-04-12 04:07:30,838] {dag.py:1832} INFO - Sync 1 DAGs
[2022-04-12 04:07:30,915] {logging_mixin.py:104} INFO - [2022-04-12 04:07:30,914] {dag.py:2305} INFO - Setting next_dagrun for latest_only to 2022-04-10 00:00:00+00:00
[2022-04-12 04:07:30,962] {scheduler_job.py:190} INFO - Processing /home/airflow/sandbox/lib/python3.8/site-packages/airflow/example_dags/example_latest_only.py took 0.365 seconds
[2022-04-12 04:08:01,660] {scheduler_job.py:182} INFO - Started process (PID=84460) to work on /home/airflow/sandbox/lib/python3.8/site-packages/airflow/example_dags/example_latest_only.py
[2022-04-12 04:08:01,674] {scheduler_job.py:633} INFO - Processing file /home/airflow/sandbox/lib/python3.8/site-packages/airflow/example_dags/example_latest_only.py for tasks to queue
[2022-04-12 04:08:01,679] {logging_mixin.py:104} INFO - [2022-04-12 04:08:01,679] {dagbag.py:487} INFO - Filling up the DagBag from /home/airflow/sandbox/lib/python3.8/site-packages/airflow/example_dags/example_latest_only.py
[2022-04-12 04:08:01,731] {scheduler_job.py:643} INFO - DAG(s) dict_keys(['latest_only']) retrieved from /home/airflow/sandbox/lib/python3.8/site-packages/airflow/example_dags/example_latest_only.py
[2022-04-12 04:08:01,910] {logging_mixin.py:104} INFO - [2022-04-12 04:08:01,910] {dag.py:1832} INFO - Sync 1 DAGs
[2022-04-12 04:08:01,988] {logging_mixin.py:104} INFO - [2022-04-12 04:08:01,988] {dag.py:2305} INFO - Setting next_dagrun for latest_only to 2022-04-10 00:00:00+00:00
[2022-04-12 04:08:02,177] {scheduler_job.py:190} INFO - Processing /home/airflow/sandbox/lib/python3.8/site-packages/airflow/example_dags/example_latest_only.py took 0.552 seconds
[2022-04-12 04:08:32,829] {scheduler_job.py:182} INFO - Started process (PID=84715) to work on /home/airflow/sandbox/lib/python3.8/site-packages/airflow/example_dags/example_latest_only.py
[2022-04-12 04:08:32,832] {scheduler_job.py:633} INFO - Processing file /home/airflow/sandbox/lib/python3.8/site-packages/airflow/example_dags/example_latest_only.py for tasks to queue
[2022-04-12 04:08:32,847] {logging_mixin.py:104} INFO - [2022-04-12 04:08:32,847] {dagbag.py:487} INFO - Filling up the DagBag from /home/airflow/sandbox/lib/python3.8/site-packages/airflow/example_dags/example_latest_only.py
[2022-04-12 04:08:32,877] {scheduler_job.py:643} INFO - DAG(s) dict_keys(['latest_only']) retrieved from /home/airflow/sandbox/lib/python3.8/site-packages/airflow/example_dags/example_latest_only.py
[2022-04-12 04:08:33,002] {logging_mixin.py:104} INFO - [2022-04-12 04:08:33,001] {dag.py:1832} INFO - Sync 1 DAGs
[2022-04-12 04:08:33,058] {logging_mixin.py:104} INFO - [2022-04-12 04:08:33,058] {dag.py:2305} INFO - Setting next_dagrun for latest_only to 2022-04-10 00:00:00+00:00
[2022-04-12 04:08:33,102] {scheduler_job.py:190} INFO - Processing /home/airflow/sandbox/lib/python3.8/site-packages/airflow/example_dags/example_latest_only.py took 0.286 seconds
[2022-04-12 04:09:04,053] {scheduler_job.py:182} INFO - Started process (PID=84942) to work on /home/airflow/sandbox/lib/python3.8/site-packages/airflow/example_dags/example_latest_only.py
[2022-04-12 04:09:04,055] {scheduler_job.py:633} INFO - Processing file /home/airflow/sandbox/lib/python3.8/site-packages/airflow/example_dags/example_latest_only.py for tasks to queue
[2022-04-12 04:09:04,056] {logging_mixin.py:104} INFO - [2022-04-12 04:09:04,056] {dagbag.py:487} INFO - Filling up the DagBag from /home/airflow/sandbox/lib/python3.8/site-packages/airflow/example_dags/example_latest_only.py
[2022-04-12 04:09:04,071] {scheduler_job.py:643} INFO - DAG(s) dict_keys(['latest_only']) retrieved from /home/airflow/sandbox/lib/python3.8/site-packages/airflow/example_dags/example_latest_only.py
[2022-04-12 04:09:04,130] {logging_mixin.py:104} INFO - [2022-04-12 04:09:04,130] {dag.py:1832} INFO - Sync 1 DAGs
[2022-04-12 04:09:04,186] {logging_mixin.py:104} INFO - [2022-04-12 04:09:04,186] {dag.py:2305} INFO - Setting next_dagrun for latest_only to 2022-04-10 00:00:00+00:00
[2022-04-12 04:09:04,384] {scheduler_job.py:190} INFO - Processing /home/airflow/sandbox/lib/python3.8/site-packages/airflow/example_dags/example_latest_only.py took 0.338 seconds
[2022-04-12 04:14:47,231] {scheduler_job.py:182} INFO - Started process (PID=85483) to work on /home/airflow/sandbox/lib/python3.8/site-packages/airflow/example_dags/example_latest_only.py
[2022-04-12 04:14:47,259] {scheduler_job.py:633} INFO - Processing file /home/airflow/sandbox/lib/python3.8/site-packages/airflow/example_dags/example_latest_only.py for tasks to queue
[2022-04-12 04:14:47,298] {logging_mixin.py:104} INFO - [2022-04-12 04:14:47,298] {dagbag.py:487} INFO - Filling up the DagBag from /home/airflow/sandbox/lib/python3.8/site-packages/airflow/example_dags/example_latest_only.py
[2022-04-12 04:14:47,444] {scheduler_job.py:643} INFO - DAG(s) dict_keys(['latest_only']) retrieved from /home/airflow/sandbox/lib/python3.8/site-packages/airflow/example_dags/example_latest_only.py
[2022-04-12 04:14:47,926] {logging_mixin.py:104} INFO - [2022-04-12 04:14:47,925] {dag.py:1832} INFO - Sync 1 DAGs
[2022-04-12 04:14:48,064] {logging_mixin.py:104} INFO - [2022-04-12 04:14:48,063] {dag.py:2305} INFO - Setting next_dagrun for latest_only to 2022-04-10 00:00:00+00:00
[2022-04-12 04:14:48,178] {scheduler_job.py:190} INFO - Processing /home/airflow/sandbox/lib/python3.8/site-packages/airflow/example_dags/example_latest_only.py took 0.988 seconds
[2022-04-12 04:15:19,607] {scheduler_job.py:182} INFO - Started process (PID=85863) to work on /home/airflow/sandbox/lib/python3.8/site-packages/airflow/example_dags/example_latest_only.py
[2022-04-12 04:15:19,610] {scheduler_job.py:633} INFO - Processing file /home/airflow/sandbox/lib/python3.8/site-packages/airflow/example_dags/example_latest_only.py for tasks to queue
[2022-04-12 04:15:19,620] {logging_mixin.py:104} INFO - [2022-04-12 04:15:19,620] {dagbag.py:487} INFO - Filling up the DagBag from /home/airflow/sandbox/lib/python3.8/site-packages/airflow/example_dags/example_latest_only.py
[2022-04-12 04:15:19,636] {scheduler_job.py:643} INFO - DAG(s) dict_keys(['latest_only']) retrieved from /home/airflow/sandbox/lib/python3.8/site-packages/airflow/example_dags/example_latest_only.py
[2022-04-12 04:15:19,746] {logging_mixin.py:104} INFO - [2022-04-12 04:15:19,746] {dag.py:1832} INFO - Sync 1 DAGs
[2022-04-12 04:15:19,824] {logging_mixin.py:104} INFO - [2022-04-12 04:15:19,824] {dag.py:2305} INFO - Setting next_dagrun for latest_only to 2022-04-10 00:00:00+00:00
[2022-04-12 04:15:19,929] {scheduler_job.py:190} INFO - Processing /home/airflow/sandbox/lib/python3.8/site-packages/airflow/example_dags/example_latest_only.py took 0.327 seconds
[2022-04-12 04:15:51,746] {scheduler_job.py:182} INFO - Started process (PID=86259) to work on /home/airflow/sandbox/lib/python3.8/site-packages/airflow/example_dags/example_latest_only.py
[2022-04-12 04:15:51,771] {scheduler_job.py:633} INFO - Processing file /home/airflow/sandbox/lib/python3.8/site-packages/airflow/example_dags/example_latest_only.py for tasks to queue
[2022-04-12 04:15:51,773] {logging_mixin.py:104} INFO - [2022-04-12 04:15:51,773] {dagbag.py:487} INFO - Filling up the DagBag from /home/airflow/sandbox/lib/python3.8/site-packages/airflow/example_dags/example_latest_only.py
[2022-04-12 04:15:51,836] {scheduler_job.py:643} INFO - DAG(s) dict_keys(['latest_only']) retrieved from /home/airflow/sandbox/lib/python3.8/site-packages/airflow/example_dags/example_latest_only.py
[2022-04-12 04:15:51,952] {logging_mixin.py:104} INFO - [2022-04-12 04:15:51,951] {dag.py:1832} INFO - Sync 1 DAGs
[2022-04-12 04:15:52,038] {logging_mixin.py:104} INFO - [2022-04-12 04:15:52,038] {dag.py:2305} INFO - Setting next_dagrun for latest_only to 2022-04-10 00:00:00+00:00
[2022-04-12 04:15:52,128] {scheduler_job.py:190} INFO - Processing /home/airflow/sandbox/lib/python3.8/site-packages/airflow/example_dags/example_latest_only.py took 0.411 seconds
[2022-04-12 04:16:23,080] {scheduler_job.py:182} INFO - Started process (PID=86652) to work on /home/airflow/sandbox/lib/python3.8/site-packages/airflow/example_dags/example_latest_only.py
[2022-04-12 04:16:23,090] {scheduler_job.py:633} INFO - Processing file /home/airflow/sandbox/lib/python3.8/site-packages/airflow/example_dags/example_latest_only.py for tasks to queue
[2022-04-12 04:16:23,100] {logging_mixin.py:104} INFO - [2022-04-12 04:16:23,100] {dagbag.py:487} INFO - Filling up the DagBag from /home/airflow/sandbox/lib/python3.8/site-packages/airflow/example_dags/example_latest_only.py
[2022-04-12 04:16:23,125] {scheduler_job.py:643} INFO - DAG(s) dict_keys(['latest_only']) retrieved from /home/airflow/sandbox/lib/python3.8/site-packages/airflow/example_dags/example_latest_only.py
[2022-04-12 04:16:23,226] {logging_mixin.py:104} INFO - [2022-04-12 04:16:23,226] {dag.py:1832} INFO - Sync 1 DAGs
[2022-04-12 04:16:23,270] {logging_mixin.py:104} INFO - [2022-04-12 04:16:23,269] {dag.py:2305} INFO - Setting next_dagrun for latest_only to 2022-04-10 00:00:00+00:00
[2022-04-12 04:16:23,364] {scheduler_job.py:190} INFO - Processing /home/airflow/sandbox/lib/python3.8/site-packages/airflow/example_dags/example_latest_only.py took 0.292 seconds
[2022-04-12 04:16:53,778] {scheduler_job.py:182} INFO - Started process (PID=87026) to work on /home/airflow/sandbox/lib/python3.8/site-packages/airflow/example_dags/example_latest_only.py
[2022-04-12 04:16:53,781] {scheduler_job.py:633} INFO - Processing file /home/airflow/sandbox/lib/python3.8/site-packages/airflow/example_dags/example_latest_only.py for tasks to queue
[2022-04-12 04:16:53,788] {logging_mixin.py:104} INFO - [2022-04-12 04:16:53,788] {dagbag.py:487} INFO - Filling up the DagBag from /home/airflow/sandbox/lib/python3.8/site-packages/airflow/example_dags/example_latest_only.py
[2022-04-12 04:16:53,809] {scheduler_job.py:643} INFO - DAG(s) dict_keys(['latest_only']) retrieved from /home/airflow/sandbox/lib/python3.8/site-packages/airflow/example_dags/example_latest_only.py
[2022-04-12 04:16:53,914] {logging_mixin.py:104} INFO - [2022-04-12 04:16:53,914] {dag.py:1832} INFO - Sync 1 DAGs
[2022-04-12 04:16:53,986] {logging_mixin.py:104} INFO - [2022-04-12 04:16:53,984] {dag.py:2305} INFO - Setting next_dagrun for latest_only to 2022-04-10 00:00:00+00:00
[2022-04-12 04:16:54,076] {scheduler_job.py:190} INFO - Processing /home/airflow/sandbox/lib/python3.8/site-packages/airflow/example_dags/example_latest_only.py took 0.314 seconds
[2022-04-12 04:17:24,804] {scheduler_job.py:182} INFO - Started process (PID=87406) to work on /home/airflow/sandbox/lib/python3.8/site-packages/airflow/example_dags/example_latest_only.py
[2022-04-12 04:17:24,806] {scheduler_job.py:633} INFO - Processing file /home/airflow/sandbox/lib/python3.8/site-packages/airflow/example_dags/example_latest_only.py for tasks to queue
[2022-04-12 04:17:24,807] {logging_mixin.py:104} INFO - [2022-04-12 04:17:24,807] {dagbag.py:487} INFO - Filling up the DagBag from /home/airflow/sandbox/lib/python3.8/site-packages/airflow/example_dags/example_latest_only.py
[2022-04-12 04:17:24,832] {scheduler_job.py:643} INFO - DAG(s) dict_keys(['latest_only']) retrieved from /home/airflow/sandbox/lib/python3.8/site-packages/airflow/example_dags/example_latest_only.py
[2022-04-12 04:17:24,936] {logging_mixin.py:104} INFO - [2022-04-12 04:17:24,935] {dag.py:1832} INFO - Sync 1 DAGs
[2022-04-12 04:17:25,007] {logging_mixin.py:104} INFO - [2022-04-12 04:17:25,006] {dag.py:2305} INFO - Setting next_dagrun for latest_only to 2022-04-10 00:00:00+00:00
[2022-04-12 04:17:25,101] {scheduler_job.py:190} INFO - Processing /home/airflow/sandbox/lib/python3.8/site-packages/airflow/example_dags/example_latest_only.py took 0.316 seconds
[2022-04-12 04:17:55,262] {scheduler_job.py:182} INFO - Started process (PID=87784) to work on /home/airflow/sandbox/lib/python3.8/site-packages/airflow/example_dags/example_latest_only.py
[2022-04-12 04:17:55,265] {scheduler_job.py:633} INFO - Processing file /home/airflow/sandbox/lib/python3.8/site-packages/airflow/example_dags/example_latest_only.py for tasks to queue
[2022-04-12 04:17:55,268] {logging_mixin.py:104} INFO - [2022-04-12 04:17:55,268] {dagbag.py:487} INFO - Filling up the DagBag from /home/airflow/sandbox/lib/python3.8/site-packages/airflow/example_dags/example_latest_only.py
[2022-04-12 04:17:55,289] {scheduler_job.py:643} INFO - DAG(s) dict_keys(['latest_only']) retrieved from /home/airflow/sandbox/lib/python3.8/site-packages/airflow/example_dags/example_latest_only.py
[2022-04-12 04:17:55,356] {logging_mixin.py:104} INFO - [2022-04-12 04:17:55,355] {dag.py:1832} INFO - Sync 1 DAGs
[2022-04-12 04:17:55,404] {logging_mixin.py:104} INFO - [2022-04-12 04:17:55,404] {dag.py:2305} INFO - Setting next_dagrun for latest_only to 2022-04-10 00:00:00+00:00
[2022-04-12 04:17:55,441] {scheduler_job.py:190} INFO - Processing /home/airflow/sandbox/lib/python3.8/site-packages/airflow/example_dags/example_latest_only.py took 0.190 seconds
[2022-04-12 04:18:26,064] {scheduler_job.py:182} INFO - Started process (PID=88163) to work on /home/airflow/sandbox/lib/python3.8/site-packages/airflow/example_dags/example_latest_only.py
[2022-04-12 04:18:26,067] {scheduler_job.py:633} INFO - Processing file /home/airflow/sandbox/lib/python3.8/site-packages/airflow/example_dags/example_latest_only.py for tasks to queue
[2022-04-12 04:18:26,069] {logging_mixin.py:104} INFO - [2022-04-12 04:18:26,069] {dagbag.py:487} INFO - Filling up the DagBag from /home/airflow/sandbox/lib/python3.8/site-packages/airflow/example_dags/example_latest_only.py
[2022-04-12 04:18:26,086] {scheduler_job.py:643} INFO - DAG(s) dict_keys(['latest_only']) retrieved from /home/airflow/sandbox/lib/python3.8/site-packages/airflow/example_dags/example_latest_only.py
[2022-04-12 04:18:26,151] {logging_mixin.py:104} INFO - [2022-04-12 04:18:26,151] {dag.py:1832} INFO - Sync 1 DAGs
[2022-04-12 04:18:26,199] {logging_mixin.py:104} INFO - [2022-04-12 04:18:26,199] {dag.py:2305} INFO - Setting next_dagrun for latest_only to 2022-04-10 00:00:00+00:00
[2022-04-12 04:18:26,343] {scheduler_job.py:190} INFO - Processing /home/airflow/sandbox/lib/python3.8/site-packages/airflow/example_dags/example_latest_only.py took 0.291 seconds
[2022-04-12 04:18:56,602] {scheduler_job.py:182} INFO - Started process (PID=88557) to work on /home/airflow/sandbox/lib/python3.8/site-packages/airflow/example_dags/example_latest_only.py
[2022-04-12 04:18:56,604] {scheduler_job.py:633} INFO - Processing file /home/airflow/sandbox/lib/python3.8/site-packages/airflow/example_dags/example_latest_only.py for tasks to queue
[2022-04-12 04:18:56,607] {logging_mixin.py:104} INFO - [2022-04-12 04:18:56,606] {dagbag.py:487} INFO - Filling up the DagBag from /home/airflow/sandbox/lib/python3.8/site-packages/airflow/example_dags/example_latest_only.py
[2022-04-12 04:18:56,621] {scheduler_job.py:643} INFO - DAG(s) dict_keys(['latest_only']) retrieved from /home/airflow/sandbox/lib/python3.8/site-packages/airflow/example_dags/example_latest_only.py
[2022-04-12 04:18:56,693] {logging_mixin.py:104} INFO - [2022-04-12 04:18:56,693] {dag.py:1832} INFO - Sync 1 DAGs
[2022-04-12 04:18:56,756] {logging_mixin.py:104} INFO - [2022-04-12 04:18:56,756] {dag.py:2305} INFO - Setting next_dagrun for latest_only to 2022-04-10 00:00:00+00:00
[2022-04-12 04:18:56,840] {scheduler_job.py:190} INFO - Processing /home/airflow/sandbox/lib/python3.8/site-packages/airflow/example_dags/example_latest_only.py took 0.249 seconds
[2022-04-12 04:19:27,452] {scheduler_job.py:182} INFO - Started process (PID=88951) to work on /home/airflow/sandbox/lib/python3.8/site-packages/airflow/example_dags/example_latest_only.py
[2022-04-12 04:19:27,455] {scheduler_job.py:633} INFO - Processing file /home/airflow/sandbox/lib/python3.8/site-packages/airflow/example_dags/example_latest_only.py for tasks to queue
[2022-04-12 04:19:27,456] {logging_mixin.py:104} INFO - [2022-04-12 04:19:27,456] {dagbag.py:487} INFO - Filling up the DagBag from /home/airflow/sandbox/lib/python3.8/site-packages/airflow/example_dags/example_latest_only.py
[2022-04-12 04:19:27,467] {scheduler_job.py:643} INFO - DAG(s) dict_keys(['latest_only']) retrieved from /home/airflow/sandbox/lib/python3.8/site-packages/airflow/example_dags/example_latest_only.py
[2022-04-12 04:19:27,521] {logging_mixin.py:104} INFO - [2022-04-12 04:19:27,520] {dag.py:1832} INFO - Sync 1 DAGs
[2022-04-12 04:19:27,568] {logging_mixin.py:104} INFO - [2022-04-12 04:19:27,568] {dag.py:2305} INFO - Setting next_dagrun for latest_only to 2022-04-10 00:00:00+00:00
[2022-04-12 04:19:27,607] {scheduler_job.py:190} INFO - Processing /home/airflow/sandbox/lib/python3.8/site-packages/airflow/example_dags/example_latest_only.py took 0.162 seconds
[2022-04-12 04:19:58,114] {scheduler_job.py:182} INFO - Started process (PID=89575) to work on /home/airflow/sandbox/lib/python3.8/site-packages/airflow/example_dags/example_latest_only.py
[2022-04-12 04:19:58,120] {scheduler_job.py:633} INFO - Processing file /home/airflow/sandbox/lib/python3.8/site-packages/airflow/example_dags/example_latest_only.py for tasks to queue
[2022-04-12 04:19:58,122] {logging_mixin.py:104} INFO - [2022-04-12 04:19:58,121] {dagbag.py:487} INFO - Filling up the DagBag from /home/airflow/sandbox/lib/python3.8/site-packages/airflow/example_dags/example_latest_only.py
[2022-04-12 04:19:58,139] {scheduler_job.py:643} INFO - DAG(s) dict_keys(['latest_only']) retrieved from /home/airflow/sandbox/lib/python3.8/site-packages/airflow/example_dags/example_latest_only.py
[2022-04-12 04:19:58,228] {logging_mixin.py:104} INFO - [2022-04-12 04:19:58,228] {dag.py:1832} INFO - Sync 1 DAGs
[2022-04-12 04:19:58,260] {logging_mixin.py:104} INFO - [2022-04-12 04:19:58,260] {dag.py:2305} INFO - Setting next_dagrun for latest_only to 2022-04-10 00:00:00+00:00
[2022-04-12 04:19:58,291] {scheduler_job.py:190} INFO - Processing /home/airflow/sandbox/lib/python3.8/site-packages/airflow/example_dags/example_latest_only.py took 0.184 seconds
[2022-04-12 04:20:29,119] {scheduler_job.py:182} INFO - Started process (PID=89955) to work on /home/airflow/sandbox/lib/python3.8/site-packages/airflow/example_dags/example_latest_only.py
[2022-04-12 04:20:29,125] {scheduler_job.py:633} INFO - Processing file /home/airflow/sandbox/lib/python3.8/site-packages/airflow/example_dags/example_latest_only.py for tasks to queue
[2022-04-12 04:20:29,131] {logging_mixin.py:104} INFO - [2022-04-12 04:20:29,130] {dagbag.py:487} INFO - Filling up the DagBag from /home/airflow/sandbox/lib/python3.8/site-packages/airflow/example_dags/example_latest_only.py
[2022-04-12 04:20:29,156] {scheduler_job.py:643} INFO - DAG(s) dict_keys(['latest_only']) retrieved from /home/airflow/sandbox/lib/python3.8/site-packages/airflow/example_dags/example_latest_only.py
[2022-04-12 04:20:29,297] {logging_mixin.py:104} INFO - [2022-04-12 04:20:29,297] {dag.py:1832} INFO - Sync 1 DAGs
[2022-04-12 04:20:29,433] {logging_mixin.py:104} INFO - [2022-04-12 04:20:29,432] {dag.py:2305} INFO - Setting next_dagrun for latest_only to 2022-04-10 00:00:00+00:00
[2022-04-12 04:20:29,494] {scheduler_job.py:190} INFO - Processing /home/airflow/sandbox/lib/python3.8/site-packages/airflow/example_dags/example_latest_only.py took 0.393 seconds
[2022-04-12 04:20:59,774] {scheduler_job.py:182} INFO - Started process (PID=90215) to work on /home/airflow/sandbox/lib/python3.8/site-packages/airflow/example_dags/example_latest_only.py
[2022-04-12 04:20:59,777] {scheduler_job.py:633} INFO - Processing file /home/airflow/sandbox/lib/python3.8/site-packages/airflow/example_dags/example_latest_only.py for tasks to queue
[2022-04-12 04:20:59,781] {logging_mixin.py:104} INFO - [2022-04-12 04:20:59,780] {dagbag.py:487} INFO - Filling up the DagBag from /home/airflow/sandbox/lib/python3.8/site-packages/airflow/example_dags/example_latest_only.py
[2022-04-12 04:20:59,795] {scheduler_job.py:643} INFO - DAG(s) dict_keys(['latest_only']) retrieved from /home/airflow/sandbox/lib/python3.8/site-packages/airflow/example_dags/example_latest_only.py
[2022-04-12 04:20:59,893] {logging_mixin.py:104} INFO - [2022-04-12 04:20:59,893] {dag.py:1832} INFO - Sync 1 DAGs
[2022-04-12 04:20:59,944] {logging_mixin.py:104} INFO - [2022-04-12 04:20:59,944] {dag.py:2305} INFO - Setting next_dagrun for latest_only to 2022-04-10 00:00:00+00:00
[2022-04-12 04:20:59,998] {scheduler_job.py:190} INFO - Processing /home/airflow/sandbox/lib/python3.8/site-packages/airflow/example_dags/example_latest_only.py took 0.242 seconds
[2022-04-12 04:21:30,316] {scheduler_job.py:182} INFO - Started process (PID=90414) to work on /home/airflow/sandbox/lib/python3.8/site-packages/airflow/example_dags/example_latest_only.py
[2022-04-12 04:21:30,322] {scheduler_job.py:633} INFO - Processing file /home/airflow/sandbox/lib/python3.8/site-packages/airflow/example_dags/example_latest_only.py for tasks to queue
[2022-04-12 04:21:30,327] {logging_mixin.py:104} INFO - [2022-04-12 04:21:30,327] {dagbag.py:487} INFO - Filling up the DagBag from /home/airflow/sandbox/lib/python3.8/site-packages/airflow/example_dags/example_latest_only.py
[2022-04-12 04:21:30,363] {scheduler_job.py:643} INFO - DAG(s) dict_keys(['latest_only']) retrieved from /home/airflow/sandbox/lib/python3.8/site-packages/airflow/example_dags/example_latest_only.py
[2022-04-12 04:21:30,501] {logging_mixin.py:104} INFO - [2022-04-12 04:21:30,500] {dag.py:1832} INFO - Sync 1 DAGs
[2022-04-12 04:21:30,600] {logging_mixin.py:104} INFO - [2022-04-12 04:21:30,599] {dag.py:2305} INFO - Setting next_dagrun for latest_only to 2022-04-10 00:00:00+00:00
[2022-04-12 04:21:30,696] {scheduler_job.py:190} INFO - Processing /home/airflow/sandbox/lib/python3.8/site-packages/airflow/example_dags/example_latest_only.py took 0.403 seconds
[2022-04-12 04:22:01,445] {scheduler_job.py:182} INFO - Started process (PID=90671) to work on /home/airflow/sandbox/lib/python3.8/site-packages/airflow/example_dags/example_latest_only.py
[2022-04-12 04:22:01,451] {scheduler_job.py:633} INFO - Processing file /home/airflow/sandbox/lib/python3.8/site-packages/airflow/example_dags/example_latest_only.py for tasks to queue
[2022-04-12 04:22:01,471] {logging_mixin.py:104} INFO - [2022-04-12 04:22:01,471] {dagbag.py:487} INFO - Filling up the DagBag from /home/airflow/sandbox/lib/python3.8/site-packages/airflow/example_dags/example_latest_only.py
[2022-04-12 04:22:01,484] {scheduler_job.py:643} INFO - DAG(s) dict_keys(['latest_only']) retrieved from /home/airflow/sandbox/lib/python3.8/site-packages/airflow/example_dags/example_latest_only.py
[2022-04-12 04:22:01,704] {logging_mixin.py:104} INFO - [2022-04-12 04:22:01,704] {dag.py:1832} INFO - Sync 1 DAGs
[2022-04-12 04:22:01,851] {logging_mixin.py:104} INFO - [2022-04-12 04:22:01,851] {dag.py:2305} INFO - Setting next_dagrun for latest_only to 2022-04-10 00:00:00+00:00
[2022-04-12 04:22:01,963] {scheduler_job.py:190} INFO - Processing /home/airflow/sandbox/lib/python3.8/site-packages/airflow/example_dags/example_latest_only.py took 0.540 seconds
[2022-04-12 04:22:33,370] {scheduler_job.py:182} INFO - Started process (PID=90966) to work on /home/airflow/sandbox/lib/python3.8/site-packages/airflow/example_dags/example_latest_only.py
[2022-04-12 04:22:33,394] {scheduler_job.py:633} INFO - Processing file /home/airflow/sandbox/lib/python3.8/site-packages/airflow/example_dags/example_latest_only.py for tasks to queue
[2022-04-12 04:22:33,400] {logging_mixin.py:104} INFO - [2022-04-12 04:22:33,398] {dagbag.py:487} INFO - Filling up the DagBag from /home/airflow/sandbox/lib/python3.8/site-packages/airflow/example_dags/example_latest_only.py
[2022-04-12 04:22:33,447] {scheduler_job.py:643} INFO - DAG(s) dict_keys(['latest_only']) retrieved from /home/airflow/sandbox/lib/python3.8/site-packages/airflow/example_dags/example_latest_only.py
[2022-04-12 04:22:33,654] {logging_mixin.py:104} INFO - [2022-04-12 04:22:33,653] {dag.py:1832} INFO - Sync 1 DAGs
[2022-04-12 04:22:33,760] {logging_mixin.py:104} INFO - [2022-04-12 04:22:33,759] {dag.py:2305} INFO - Setting next_dagrun for latest_only to 2022-04-10 00:00:00+00:00
[2022-04-12 04:22:34,034] {scheduler_job.py:190} INFO - Processing /home/airflow/sandbox/lib/python3.8/site-packages/airflow/example_dags/example_latest_only.py took 0.674 seconds
[2022-04-12 04:23:04,361] {scheduler_job.py:182} INFO - Started process (PID=91159) to work on /home/airflow/sandbox/lib/python3.8/site-packages/airflow/example_dags/example_latest_only.py
[2022-04-12 04:23:04,389] {scheduler_job.py:633} INFO - Processing file /home/airflow/sandbox/lib/python3.8/site-packages/airflow/example_dags/example_latest_only.py for tasks to queue
[2022-04-12 04:23:04,401] {logging_mixin.py:104} INFO - [2022-04-12 04:23:04,400] {dagbag.py:487} INFO - Filling up the DagBag from /home/airflow/sandbox/lib/python3.8/site-packages/airflow/example_dags/example_latest_only.py
[2022-04-12 04:23:04,523] {scheduler_job.py:643} INFO - DAG(s) dict_keys(['latest_only']) retrieved from /home/airflow/sandbox/lib/python3.8/site-packages/airflow/example_dags/example_latest_only.py
[2022-04-12 04:23:04,694] {logging_mixin.py:104} INFO - [2022-04-12 04:23:04,694] {dag.py:1832} INFO - Sync 1 DAGs
[2022-04-12 04:23:04,839] {logging_mixin.py:104} INFO - [2022-04-12 04:23:04,827] {dag.py:2305} INFO - Setting next_dagrun for latest_only to 2022-04-10 00:00:00+00:00
[2022-04-12 04:23:05,029] {scheduler_job.py:190} INFO - Processing /home/airflow/sandbox/lib/python3.8/site-packages/airflow/example_dags/example_latest_only.py took 0.717 seconds
[2022-04-12 04:23:35,561] {scheduler_job.py:182} INFO - Started process (PID=91357) to work on /home/airflow/sandbox/lib/python3.8/site-packages/airflow/example_dags/example_latest_only.py
[2022-04-12 04:23:35,566] {scheduler_job.py:633} INFO - Processing file /home/airflow/sandbox/lib/python3.8/site-packages/airflow/example_dags/example_latest_only.py for tasks to queue
[2022-04-12 04:23:35,570] {logging_mixin.py:104} INFO - [2022-04-12 04:23:35,569] {dagbag.py:487} INFO - Filling up the DagBag from /home/airflow/sandbox/lib/python3.8/site-packages/airflow/example_dags/example_latest_only.py
[2022-04-12 04:23:35,590] {scheduler_job.py:643} INFO - DAG(s) dict_keys(['latest_only']) retrieved from /home/airflow/sandbox/lib/python3.8/site-packages/airflow/example_dags/example_latest_only.py
[2022-04-12 04:23:35,774] {logging_mixin.py:104} INFO - [2022-04-12 04:23:35,774] {dag.py:1832} INFO - Sync 1 DAGs
[2022-04-12 04:23:35,822] {logging_mixin.py:104} INFO - [2022-04-12 04:23:35,821] {dag.py:2305} INFO - Setting next_dagrun for latest_only to 2022-04-10 00:00:00+00:00
[2022-04-12 04:23:35,889] {scheduler_job.py:190} INFO - Processing /home/airflow/sandbox/lib/python3.8/site-packages/airflow/example_dags/example_latest_only.py took 0.344 seconds
[2022-04-12 04:24:06,424] {scheduler_job.py:182} INFO - Started process (PID=91556) to work on /home/airflow/sandbox/lib/python3.8/site-packages/airflow/example_dags/example_latest_only.py
[2022-04-12 04:24:06,427] {scheduler_job.py:633} INFO - Processing file /home/airflow/sandbox/lib/python3.8/site-packages/airflow/example_dags/example_latest_only.py for tasks to queue
[2022-04-12 04:24:06,429] {logging_mixin.py:104} INFO - [2022-04-12 04:24:06,429] {dagbag.py:487} INFO - Filling up the DagBag from /home/airflow/sandbox/lib/python3.8/site-packages/airflow/example_dags/example_latest_only.py
[2022-04-12 04:24:06,468] {scheduler_job.py:643} INFO - DAG(s) dict_keys(['latest_only']) retrieved from /home/airflow/sandbox/lib/python3.8/site-packages/airflow/example_dags/example_latest_only.py
[2022-04-12 04:24:06,582] {logging_mixin.py:104} INFO - [2022-04-12 04:24:06,579] {dag.py:1832} INFO - Sync 1 DAGs
[2022-04-12 04:24:06,668] {logging_mixin.py:104} INFO - [2022-04-12 04:24:06,667] {dag.py:2305} INFO - Setting next_dagrun for latest_only to 2022-04-10 00:00:00+00:00
[2022-04-12 04:24:06,720] {scheduler_job.py:190} INFO - Processing /home/airflow/sandbox/lib/python3.8/site-packages/airflow/example_dags/example_latest_only.py took 0.304 seconds
[2022-04-12 04:24:37,769] {scheduler_job.py:182} INFO - Started process (PID=91755) to work on /home/airflow/sandbox/lib/python3.8/site-packages/airflow/example_dags/example_latest_only.py
[2022-04-12 04:24:37,772] {scheduler_job.py:633} INFO - Processing file /home/airflow/sandbox/lib/python3.8/site-packages/airflow/example_dags/example_latest_only.py for tasks to queue
[2022-04-12 04:24:37,774] {logging_mixin.py:104} INFO - [2022-04-12 04:24:37,774] {dagbag.py:487} INFO - Filling up the DagBag from /home/airflow/sandbox/lib/python3.8/site-packages/airflow/example_dags/example_latest_only.py
[2022-04-12 04:24:37,790] {scheduler_job.py:643} INFO - DAG(s) dict_keys(['latest_only']) retrieved from /home/airflow/sandbox/lib/python3.8/site-packages/airflow/example_dags/example_latest_only.py
[2022-04-12 04:24:37,857] {logging_mixin.py:104} INFO - [2022-04-12 04:24:37,857] {dag.py:1832} INFO - Sync 1 DAGs
[2022-04-12 04:24:37,898] {logging_mixin.py:104} INFO - [2022-04-12 04:24:37,898] {dag.py:2305} INFO - Setting next_dagrun for latest_only to 2022-04-10 00:00:00+00:00
[2022-04-12 04:24:37,941] {scheduler_job.py:190} INFO - Processing /home/airflow/sandbox/lib/python3.8/site-packages/airflow/example_dags/example_latest_only.py took 0.182 seconds
[2022-04-12 04:25:08,375] {scheduler_job.py:182} INFO - Started process (PID=92197) to work on /home/airflow/sandbox/lib/python3.8/site-packages/airflow/example_dags/example_latest_only.py
[2022-04-12 04:25:08,383] {scheduler_job.py:633} INFO - Processing file /home/airflow/sandbox/lib/python3.8/site-packages/airflow/example_dags/example_latest_only.py for tasks to queue
[2022-04-12 04:25:08,386] {logging_mixin.py:104} INFO - [2022-04-12 04:25:08,386] {dagbag.py:487} INFO - Filling up the DagBag from /home/airflow/sandbox/lib/python3.8/site-packages/airflow/example_dags/example_latest_only.py
[2022-04-12 04:25:08,414] {scheduler_job.py:643} INFO - DAG(s) dict_keys(['latest_only']) retrieved from /home/airflow/sandbox/lib/python3.8/site-packages/airflow/example_dags/example_latest_only.py
[2022-04-12 04:25:08,480] {logging_mixin.py:104} INFO - [2022-04-12 04:25:08,479] {dag.py:1832} INFO - Sync 1 DAGs
[2022-04-12 04:25:08,523] {logging_mixin.py:104} INFO - [2022-04-12 04:25:08,523] {dag.py:2305} INFO - Setting next_dagrun for latest_only to 2022-04-10 00:00:00+00:00
[2022-04-12 04:25:08,569] {scheduler_job.py:190} INFO - Processing /home/airflow/sandbox/lib/python3.8/site-packages/airflow/example_dags/example_latest_only.py took 0.214 seconds
[2022-04-12 04:25:38,646] {scheduler_job.py:182} INFO - Started process (PID=92395) to work on /home/airflow/sandbox/lib/python3.8/site-packages/airflow/example_dags/example_latest_only.py
[2022-04-12 04:25:38,650] {scheduler_job.py:633} INFO - Processing file /home/airflow/sandbox/lib/python3.8/site-packages/airflow/example_dags/example_latest_only.py for tasks to queue
[2022-04-12 04:25:38,652] {logging_mixin.py:104} INFO - [2022-04-12 04:25:38,652] {dagbag.py:487} INFO - Filling up the DagBag from /home/airflow/sandbox/lib/python3.8/site-packages/airflow/example_dags/example_latest_only.py
[2022-04-12 04:25:38,667] {scheduler_job.py:643} INFO - DAG(s) dict_keys(['latest_only']) retrieved from /home/airflow/sandbox/lib/python3.8/site-packages/airflow/example_dags/example_latest_only.py
[2022-04-12 04:25:38,756] {logging_mixin.py:104} INFO - [2022-04-12 04:25:38,756] {dag.py:1832} INFO - Sync 1 DAGs
[2022-04-12 04:25:38,804] {logging_mixin.py:104} INFO - [2022-04-12 04:25:38,804] {dag.py:2305} INFO - Setting next_dagrun for latest_only to 2022-04-10 00:00:00+00:00
[2022-04-12 04:25:38,841] {scheduler_job.py:190} INFO - Processing /home/airflow/sandbox/lib/python3.8/site-packages/airflow/example_dags/example_latest_only.py took 0.204 seconds
[2022-04-12 04:26:09,010] {scheduler_job.py:182} INFO - Started process (PID=92580) to work on /home/airflow/sandbox/lib/python3.8/site-packages/airflow/example_dags/example_latest_only.py
[2022-04-12 04:26:09,035] {scheduler_job.py:633} INFO - Processing file /home/airflow/sandbox/lib/python3.8/site-packages/airflow/example_dags/example_latest_only.py for tasks to queue
[2022-04-12 04:26:09,041] {logging_mixin.py:104} INFO - [2022-04-12 04:26:09,040] {dagbag.py:487} INFO - Filling up the DagBag from /home/airflow/sandbox/lib/python3.8/site-packages/airflow/example_dags/example_latest_only.py
[2022-04-12 04:26:09,164] {scheduler_job.py:643} INFO - DAG(s) dict_keys(['latest_only']) retrieved from /home/airflow/sandbox/lib/python3.8/site-packages/airflow/example_dags/example_latest_only.py
[2022-04-12 04:26:09,458] {logging_mixin.py:104} INFO - [2022-04-12 04:26:09,457] {dag.py:1832} INFO - Sync 1 DAGs
[2022-04-12 04:26:09,584] {logging_mixin.py:104} INFO - [2022-04-12 04:26:09,583] {dag.py:2305} INFO - Setting next_dagrun for latest_only to 2022-04-10 00:00:00+00:00
[2022-04-12 04:26:09,683] {scheduler_job.py:190} INFO - Processing /home/airflow/sandbox/lib/python3.8/site-packages/airflow/example_dags/example_latest_only.py took 0.710 seconds
[2022-04-12 04:26:40,418] {scheduler_job.py:182} INFO - Started process (PID=92782) to work on /home/airflow/sandbox/lib/python3.8/site-packages/airflow/example_dags/example_latest_only.py
[2022-04-12 04:26:40,424] {scheduler_job.py:633} INFO - Processing file /home/airflow/sandbox/lib/python3.8/site-packages/airflow/example_dags/example_latest_only.py for tasks to queue
[2022-04-12 04:26:40,433] {logging_mixin.py:104} INFO - [2022-04-12 04:26:40,432] {dagbag.py:487} INFO - Filling up the DagBag from /home/airflow/sandbox/lib/python3.8/site-packages/airflow/example_dags/example_latest_only.py
[2022-04-12 04:26:40,461] {scheduler_job.py:643} INFO - DAG(s) dict_keys(['latest_only']) retrieved from /home/airflow/sandbox/lib/python3.8/site-packages/airflow/example_dags/example_latest_only.py
[2022-04-12 04:26:40,601] {logging_mixin.py:104} INFO - [2022-04-12 04:26:40,600] {dag.py:1832} INFO - Sync 1 DAGs
[2022-04-12 04:26:40,658] {logging_mixin.py:104} INFO - [2022-04-12 04:26:40,658] {dag.py:2305} INFO - Setting next_dagrun for latest_only to 2022-04-10 00:00:00+00:00
[2022-04-12 04:26:40,722] {scheduler_job.py:190} INFO - Processing /home/airflow/sandbox/lib/python3.8/site-packages/airflow/example_dags/example_latest_only.py took 0.313 seconds
[2022-04-12 04:27:14,826] {scheduler_job.py:182} INFO - Started process (PID=92981) to work on /home/airflow/sandbox/lib/python3.8/site-packages/airflow/example_dags/example_latest_only.py
[2022-04-12 04:27:14,830] {scheduler_job.py:633} INFO - Processing file /home/airflow/sandbox/lib/python3.8/site-packages/airflow/example_dags/example_latest_only.py for tasks to queue
[2022-04-12 04:27:14,836] {logging_mixin.py:104} INFO - [2022-04-12 04:27:14,836] {dagbag.py:487} INFO - Filling up the DagBag from /home/airflow/sandbox/lib/python3.8/site-packages/airflow/example_dags/example_latest_only.py
[2022-04-12 04:27:14,854] {scheduler_job.py:643} INFO - DAG(s) dict_keys(['latest_only']) retrieved from /home/airflow/sandbox/lib/python3.8/site-packages/airflow/example_dags/example_latest_only.py
[2022-04-12 04:27:15,015] {logging_mixin.py:104} INFO - [2022-04-12 04:27:15,015] {dag.py:1832} INFO - Sync 1 DAGs
[2022-04-12 04:27:15,103] {logging_mixin.py:104} INFO - [2022-04-12 04:27:15,102] {dag.py:2305} INFO - Setting next_dagrun for latest_only to 2022-04-10 00:00:00+00:00
[2022-04-12 04:27:15,252] {scheduler_job.py:190} INFO - Processing /home/airflow/sandbox/lib/python3.8/site-packages/airflow/example_dags/example_latest_only.py took 0.461 seconds
[2022-04-12 04:27:47,353] {scheduler_job.py:182} INFO - Started process (PID=93180) to work on /home/airflow/sandbox/lib/python3.8/site-packages/airflow/example_dags/example_latest_only.py
[2022-04-12 04:27:47,359] {scheduler_job.py:633} INFO - Processing file /home/airflow/sandbox/lib/python3.8/site-packages/airflow/example_dags/example_latest_only.py for tasks to queue
[2022-04-12 04:27:47,363] {logging_mixin.py:104} INFO - [2022-04-12 04:27:47,363] {dagbag.py:487} INFO - Filling up the DagBag from /home/airflow/sandbox/lib/python3.8/site-packages/airflow/example_dags/example_latest_only.py
[2022-04-12 04:27:47,398] {scheduler_job.py:643} INFO - DAG(s) dict_keys(['latest_only']) retrieved from /home/airflow/sandbox/lib/python3.8/site-packages/airflow/example_dags/example_latest_only.py
[2022-04-12 04:27:47,585] {logging_mixin.py:104} INFO - [2022-04-12 04:27:47,585] {dag.py:1832} INFO - Sync 1 DAGs
[2022-04-12 04:27:47,753] {logging_mixin.py:104} INFO - [2022-04-12 04:27:47,753] {dag.py:2305} INFO - Setting next_dagrun for latest_only to 2022-04-10 00:00:00+00:00
[2022-04-12 04:27:47,899] {scheduler_job.py:190} INFO - Processing /home/airflow/sandbox/lib/python3.8/site-packages/airflow/example_dags/example_latest_only.py took 0.566 seconds
[2022-04-12 04:28:18,469] {scheduler_job.py:182} INFO - Started process (PID=93379) to work on /home/airflow/sandbox/lib/python3.8/site-packages/airflow/example_dags/example_latest_only.py
[2022-04-12 04:28:18,490] {scheduler_job.py:633} INFO - Processing file /home/airflow/sandbox/lib/python3.8/site-packages/airflow/example_dags/example_latest_only.py for tasks to queue
[2022-04-12 04:28:18,498] {logging_mixin.py:104} INFO - [2022-04-12 04:28:18,497] {dagbag.py:487} INFO - Filling up the DagBag from /home/airflow/sandbox/lib/python3.8/site-packages/airflow/example_dags/example_latest_only.py
[2022-04-12 04:28:18,542] {scheduler_job.py:643} INFO - DAG(s) dict_keys(['latest_only']) retrieved from /home/airflow/sandbox/lib/python3.8/site-packages/airflow/example_dags/example_latest_only.py
[2022-04-12 04:28:18,826] {logging_mixin.py:104} INFO - [2022-04-12 04:28:18,826] {dag.py:1832} INFO - Sync 1 DAGs
[2022-04-12 04:28:18,976] {logging_mixin.py:104} INFO - [2022-04-12 04:28:18,976] {dag.py:2305} INFO - Setting next_dagrun for latest_only to 2022-04-10 00:00:00+00:00
[2022-04-12 04:28:19,298] {scheduler_job.py:190} INFO - Processing /home/airflow/sandbox/lib/python3.8/site-packages/airflow/example_dags/example_latest_only.py took 0.841 seconds
[2022-04-12 04:28:50,076] {scheduler_job.py:182} INFO - Started process (PID=93572) to work on /home/airflow/sandbox/lib/python3.8/site-packages/airflow/example_dags/example_latest_only.py
[2022-04-12 04:28:50,096] {scheduler_job.py:633} INFO - Processing file /home/airflow/sandbox/lib/python3.8/site-packages/airflow/example_dags/example_latest_only.py for tasks to queue
[2022-04-12 04:28:50,102] {logging_mixin.py:104} INFO - [2022-04-12 04:28:50,102] {dagbag.py:487} INFO - Filling up the DagBag from /home/airflow/sandbox/lib/python3.8/site-packages/airflow/example_dags/example_latest_only.py
[2022-04-12 04:28:50,140] {scheduler_job.py:643} INFO - DAG(s) dict_keys(['latest_only']) retrieved from /home/airflow/sandbox/lib/python3.8/site-packages/airflow/example_dags/example_latest_only.py
[2022-04-12 04:28:50,334] {logging_mixin.py:104} INFO - [2022-04-12 04:28:50,334] {dag.py:1832} INFO - Sync 1 DAGs
[2022-04-12 04:28:50,432] {logging_mixin.py:104} INFO - [2022-04-12 04:28:50,431] {dag.py:2305} INFO - Setting next_dagrun for latest_only to 2022-04-10 00:00:00+00:00
[2022-04-12 04:28:50,515] {scheduler_job.py:190} INFO - Processing /home/airflow/sandbox/lib/python3.8/site-packages/airflow/example_dags/example_latest_only.py took 0.463 seconds
[2022-04-12 04:30:33,632] {scheduler_job.py:182} INFO - Started process (PID=93991) to work on /home/airflow/sandbox/lib/python3.8/site-packages/airflow/example_dags/example_latest_only.py
[2022-04-12 04:30:33,639] {scheduler_job.py:633} INFO - Processing file /home/airflow/sandbox/lib/python3.8/site-packages/airflow/example_dags/example_latest_only.py for tasks to queue
[2022-04-12 04:30:33,641] {logging_mixin.py:104} INFO - [2022-04-12 04:30:33,641] {dagbag.py:487} INFO - Filling up the DagBag from /home/airflow/sandbox/lib/python3.8/site-packages/airflow/example_dags/example_latest_only.py
[2022-04-12 04:30:33,662] {scheduler_job.py:643} INFO - DAG(s) dict_keys(['latest_only']) retrieved from /home/airflow/sandbox/lib/python3.8/site-packages/airflow/example_dags/example_latest_only.py
[2022-04-12 04:30:33,935] {logging_mixin.py:104} INFO - [2022-04-12 04:30:33,934] {dag.py:1832} INFO - Sync 1 DAGs
[2022-04-12 04:30:34,180] {logging_mixin.py:104} INFO - [2022-04-12 04:30:34,180] {dag.py:2305} INFO - Setting next_dagrun for latest_only to 2022-04-10 00:00:00+00:00
[2022-04-12 04:30:34,285] {scheduler_job.py:190} INFO - Processing /home/airflow/sandbox/lib/python3.8/site-packages/airflow/example_dags/example_latest_only.py took 0.691 seconds
[2022-04-12 04:31:06,636] {scheduler_job.py:182} INFO - Started process (PID=94230) to work on /home/airflow/sandbox/lib/python3.8/site-packages/airflow/example_dags/example_latest_only.py
[2022-04-12 04:31:06,641] {scheduler_job.py:633} INFO - Processing file /home/airflow/sandbox/lib/python3.8/site-packages/airflow/example_dags/example_latest_only.py for tasks to queue
[2022-04-12 04:31:06,644] {logging_mixin.py:104} INFO - [2022-04-12 04:31:06,644] {dagbag.py:487} INFO - Filling up the DagBag from /home/airflow/sandbox/lib/python3.8/site-packages/airflow/example_dags/example_latest_only.py
[2022-04-12 04:31:06,680] {scheduler_job.py:643} INFO - DAG(s) dict_keys(['latest_only']) retrieved from /home/airflow/sandbox/lib/python3.8/site-packages/airflow/example_dags/example_latest_only.py
[2022-04-12 04:31:06,870] {logging_mixin.py:104} INFO - [2022-04-12 04:31:06,870] {dag.py:1832} INFO - Sync 1 DAGs
[2022-04-12 04:31:06,964] {logging_mixin.py:104} INFO - [2022-04-12 04:31:06,964] {dag.py:2305} INFO - Setting next_dagrun for latest_only to 2022-04-10 00:00:00+00:00
[2022-04-12 04:31:07,093] {scheduler_job.py:190} INFO - Processing /home/airflow/sandbox/lib/python3.8/site-packages/airflow/example_dags/example_latest_only.py took 0.511 seconds
[2022-04-12 04:31:39,640] {scheduler_job.py:182} INFO - Started process (PID=94430) to work on /home/airflow/sandbox/lib/python3.8/site-packages/airflow/example_dags/example_latest_only.py
[2022-04-12 04:31:39,644] {scheduler_job.py:633} INFO - Processing file /home/airflow/sandbox/lib/python3.8/site-packages/airflow/example_dags/example_latest_only.py for tasks to queue
[2022-04-12 04:31:39,658] {logging_mixin.py:104} INFO - [2022-04-12 04:31:39,658] {dagbag.py:487} INFO - Filling up the DagBag from /home/airflow/sandbox/lib/python3.8/site-packages/airflow/example_dags/example_latest_only.py
[2022-04-12 04:31:39,681] {scheduler_job.py:643} INFO - DAG(s) dict_keys(['latest_only']) retrieved from /home/airflow/sandbox/lib/python3.8/site-packages/airflow/example_dags/example_latest_only.py
[2022-04-12 04:31:39,816] {logging_mixin.py:104} INFO - [2022-04-12 04:31:39,816] {dag.py:1832} INFO - Sync 1 DAGs
[2022-04-12 04:31:39,861] {logging_mixin.py:104} INFO - [2022-04-12 04:31:39,861] {dag.py:2305} INFO - Setting next_dagrun for latest_only to 2022-04-10 00:00:00+00:00
[2022-04-12 04:31:40,108] {scheduler_job.py:190} INFO - Processing /home/airflow/sandbox/lib/python3.8/site-packages/airflow/example_dags/example_latest_only.py took 0.489 seconds
[2022-04-12 04:32:10,745] {scheduler_job.py:182} INFO - Started process (PID=94622) to work on /home/airflow/sandbox/lib/python3.8/site-packages/airflow/example_dags/example_latest_only.py
[2022-04-12 04:32:10,755] {scheduler_job.py:633} INFO - Processing file /home/airflow/sandbox/lib/python3.8/site-packages/airflow/example_dags/example_latest_only.py for tasks to queue
[2022-04-12 04:32:10,797] {logging_mixin.py:104} INFO - [2022-04-12 04:32:10,797] {dagbag.py:487} INFO - Filling up the DagBag from /home/airflow/sandbox/lib/python3.8/site-packages/airflow/example_dags/example_latest_only.py
[2022-04-12 04:32:10,848] {scheduler_job.py:643} INFO - DAG(s) dict_keys(['latest_only']) retrieved from /home/airflow/sandbox/lib/python3.8/site-packages/airflow/example_dags/example_latest_only.py
[2022-04-12 04:32:11,128] {logging_mixin.py:104} INFO - [2022-04-12 04:32:11,122] {dag.py:1832} INFO - Sync 1 DAGs
[2022-04-12 04:32:11,280] {logging_mixin.py:104} INFO - [2022-04-12 04:32:11,280] {dag.py:2305} INFO - Setting next_dagrun for latest_only to 2022-04-10 00:00:00+00:00
[2022-04-12 04:32:11,430] {scheduler_job.py:190} INFO - Processing /home/airflow/sandbox/lib/python3.8/site-packages/airflow/example_dags/example_latest_only.py took 0.784 seconds
                                                                                                                                                                                                                                                                                                                                                                                                                                                                                                                                                                                                                                                                                                                                                                                                                                                                                                                                                                                                                                                                                                                                                                                                                                                                                                              