[2022-04-12 04:06:23,485] {scheduler_job.py:182} INFO - Started process (PID=83566) to work on /home/airflow/sandbox/lib/python3.8/site-packages/airflow/example_dags/example_branch_python_dop_operator_3.py
[2022-04-12 04:06:23,490] {scheduler_job.py:633} INFO - Processing file /home/airflow/sandbox/lib/python3.8/site-packages/airflow/example_dags/example_branch_python_dop_operator_3.py for tasks to queue
[2022-04-12 04:06:23,491] {logging_mixin.py:104} INFO - [2022-04-12 04:06:23,491] {dagbag.py:487} INFO - Filling up the DagBag from /home/airflow/sandbox/lib/python3.8/site-packages/airflow/example_dags/example_branch_python_dop_operator_3.py
[2022-04-12 04:06:23,499] {scheduler_job.py:643} INFO - DAG(s) dict_keys(['example_branch_dop_operator_v3']) retrieved from /home/airflow/sandbox/lib/python3.8/site-packages/airflow/example_dags/example_branch_python_dop_operator_3.py
[2022-04-12 04:06:23,958] {logging_mixin.py:104} INFO - [2022-04-12 04:06:23,957] {dag.py:1832} INFO - Sync 1 DAGs
[2022-04-12 04:06:24,001] {logging_mixin.py:104} INFO - [2022-04-12 04:06:24,001] {dag.py:2305} INFO - Setting next_dagrun for example_branch_dop_operator_v3 to 2022-04-10 00:00:00+00:00
[2022-04-12 04:06:24,060] {scheduler_job.py:190} INFO - Processing /home/airflow/sandbox/lib/python3.8/site-packages/airflow/example_dags/example_branch_python_dop_operator_3.py took 0.578 seconds
[2022-04-12 04:06:55,513] {scheduler_job.py:182} INFO - Started process (PID=83971) to work on /home/airflow/sandbox/lib/python3.8/site-packages/airflow/example_dags/example_branch_python_dop_operator_3.py
[2022-04-12 04:06:55,529] {scheduler_job.py:633} INFO - Processing file /home/airflow/sandbox/lib/python3.8/site-packages/airflow/example_dags/example_branch_python_dop_operator_3.py for tasks to queue
[2022-04-12 04:06:55,530] {logging_mixin.py:104} INFO - [2022-04-12 04:06:55,530] {dagbag.py:487} INFO - Filling up the DagBag from /home/airflow/sandbox/lib/python3.8/site-packages/airflow/example_dags/example_branch_python_dop_operator_3.py
[2022-04-12 04:06:55,583] {scheduler_job.py:643} INFO - DAG(s) dict_keys(['example_branch_dop_operator_v3']) retrieved from /home/airflow/sandbox/lib/python3.8/site-packages/airflow/example_dags/example_branch_python_dop_operator_3.py
[2022-04-12 04:06:55,700] {logging_mixin.py:104} INFO - [2022-04-12 04:06:55,700] {dag.py:1832} INFO - Sync 1 DAGs
[2022-04-12 04:06:55,743] {logging_mixin.py:104} INFO - [2022-04-12 04:06:55,742] {dag.py:2305} INFO - Setting next_dagrun for example_branch_dop_operator_v3 to 2022-04-10 00:00:00+00:00
[2022-04-12 04:06:55,859] {scheduler_job.py:190} INFO - Processing /home/airflow/sandbox/lib/python3.8/site-packages/airflow/example_dags/example_branch_python_dop_operator_3.py took 0.367 seconds
[2022-04-12 04:07:27,145] {scheduler_job.py:182} INFO - Started process (PID=84232) to work on /home/airflow/sandbox/lib/python3.8/site-packages/airflow/example_dags/example_branch_python_dop_operator_3.py
[2022-04-12 04:07:27,148] {scheduler_job.py:633} INFO - Processing file /home/airflow/sandbox/lib/python3.8/site-packages/airflow/example_dags/example_branch_python_dop_operator_3.py for tasks to queue
[2022-04-12 04:07:27,149] {logging_mixin.py:104} INFO - [2022-04-12 04:07:27,149] {dagbag.py:487} INFO - Filling up the DagBag from /home/airflow/sandbox/lib/python3.8/site-packages/airflow/example_dags/example_branch_python_dop_operator_3.py
[2022-04-12 04:07:27,165] {scheduler_job.py:643} INFO - DAG(s) dict_keys(['example_branch_dop_operator_v3']) retrieved from /home/airflow/sandbox/lib/python3.8/site-packages/airflow/example_dags/example_branch_python_dop_operator_3.py
[2022-04-12 04:07:27,211] {logging_mixin.py:104} INFO - [2022-04-12 04:07:27,211] {dag.py:1832} INFO - Sync 1 DAGs
[2022-04-12 04:07:27,251] {logging_mixin.py:104} INFO - [2022-04-12 04:07:27,251] {dag.py:2305} INFO - Setting next_dagrun for example_branch_dop_operator_v3 to 2022-04-10 00:00:00+00:00
[2022-04-12 04:07:27,276] {scheduler_job.py:190} INFO - Processing /home/airflow/sandbox/lib/python3.8/site-packages/airflow/example_dags/example_branch_python_dop_operator_3.py took 0.138 seconds
[2022-04-12 04:07:58,952] {scheduler_job.py:182} INFO - Started process (PID=84430) to work on /home/airflow/sandbox/lib/python3.8/site-packages/airflow/example_dags/example_branch_python_dop_operator_3.py
[2022-04-12 04:07:58,977] {scheduler_job.py:633} INFO - Processing file /home/airflow/sandbox/lib/python3.8/site-packages/airflow/example_dags/example_branch_python_dop_operator_3.py for tasks to queue
[2022-04-12 04:07:58,993] {logging_mixin.py:104} INFO - [2022-04-12 04:07:58,992] {dagbag.py:487} INFO - Filling up the DagBag from /home/airflow/sandbox/lib/python3.8/site-packages/airflow/example_dags/example_branch_python_dop_operator_3.py
[2022-04-12 04:07:59,027] {scheduler_job.py:643} INFO - DAG(s) dict_keys(['example_branch_dop_operator_v3']) retrieved from /home/airflow/sandbox/lib/python3.8/site-packages/airflow/example_dags/example_branch_python_dop_operator_3.py
[2022-04-12 04:07:59,113] {logging_mixin.py:104} INFO - [2022-04-12 04:07:59,113] {dag.py:1832} INFO - Sync 1 DAGs
[2022-04-12 04:07:59,197] {logging_mixin.py:104} INFO - [2022-04-12 04:07:59,197] {dag.py:2305} INFO - Setting next_dagrun for example_branch_dop_operator_v3 to 2022-04-10 00:00:00+00:00
[2022-04-12 04:07:59,300] {scheduler_job.py:190} INFO - Processing /home/airflow/sandbox/lib/python3.8/site-packages/airflow/example_dags/example_branch_python_dop_operator_3.py took 0.354 seconds
[2022-04-12 04:08:30,952] {scheduler_job.py:182} INFO - Started process (PID=84697) to work on /home/airflow/sandbox/lib/python3.8/site-packages/airflow/example_dags/example_branch_python_dop_operator_3.py
[2022-04-12 04:08:30,955] {scheduler_job.py:633} INFO - Processing file /home/airflow/sandbox/lib/python3.8/site-packages/airflow/example_dags/example_branch_python_dop_operator_3.py for tasks to queue
[2022-04-12 04:08:30,956] {logging_mixin.py:104} INFO - [2022-04-12 04:08:30,956] {dagbag.py:487} INFO - Filling up the DagBag from /home/airflow/sandbox/lib/python3.8/site-packages/airflow/example_dags/example_branch_python_dop_operator_3.py
[2022-04-12 04:08:30,972] {scheduler_job.py:643} INFO - DAG(s) dict_keys(['example_branch_dop_operator_v3']) retrieved from /home/airflow/sandbox/lib/python3.8/site-packages/airflow/example_dags/example_branch_python_dop_operator_3.py
[2022-04-12 04:08:31,016] {logging_mixin.py:104} INFO - [2022-04-12 04:08:31,016] {dag.py:1832} INFO - Sync 1 DAGs
[2022-04-12 04:08:31,054] {logging_mixin.py:104} INFO - [2022-04-12 04:08:31,053] {dag.py:2305} INFO - Setting next_dagrun for example_branch_dop_operator_v3 to 2022-04-10 00:00:00+00:00
[2022-04-12 04:08:31,085] {scheduler_job.py:190} INFO - Processing /home/airflow/sandbox/lib/python3.8/site-packages/airflow/example_dags/example_branch_python_dop_operator_3.py took 0.139 seconds
[2022-04-12 04:09:02,905] {scheduler_job.py:182} INFO - Started process (PID=84911) to work on /home/airflow/sandbox/lib/python3.8/site-packages/airflow/example_dags/example_branch_python_dop_operator_3.py
[2022-04-12 04:09:02,908] {scheduler_job.py:633} INFO - Processing file /home/airflow/sandbox/lib/python3.8/site-packages/airflow/example_dags/example_branch_python_dop_operator_3.py for tasks to queue
[2022-04-12 04:09:02,909] {logging_mixin.py:104} INFO - [2022-04-12 04:09:02,909] {dagbag.py:487} INFO - Filling up the DagBag from /home/airflow/sandbox/lib/python3.8/site-packages/airflow/example_dags/example_branch_python_dop_operator_3.py
[2022-04-12 04:09:02,924] {scheduler_job.py:643} INFO - DAG(s) dict_keys(['example_branch_dop_operator_v3']) retrieved from /home/airflow/sandbox/lib/python3.8/site-packages/airflow/example_dags/example_branch_python_dop_operator_3.py
[2022-04-12 04:09:03,025] {logging_mixin.py:104} INFO - [2022-04-12 04:09:03,024] {dag.py:1832} INFO - Sync 1 DAGs
[2022-04-12 04:09:03,087] {logging_mixin.py:104} INFO - [2022-04-12 04:09:03,086] {dag.py:2305} INFO - Setting next_dagrun for example_branch_dop_operator_v3 to 2022-04-10 00:00:00+00:00
[2022-04-12 04:09:03,155] {scheduler_job.py:190} INFO - Processing /home/airflow/sandbox/lib/python3.8/site-packages/airflow/example_dags/example_branch_python_dop_operator_3.py took 0.258 seconds
[2022-04-12 04:15:05,106] {scheduler_job.py:182} INFO - Started process (PID=85775) to work on /home/airflow/sandbox/lib/python3.8/site-packages/airflow/example_dags/example_branch_python_dop_operator_3.py
[2022-04-12 04:15:05,107] {scheduler_job.py:633} INFO - Processing file /home/airflow/sandbox/lib/python3.8/site-packages/airflow/example_dags/example_branch_python_dop_operator_3.py for tasks to queue
[2022-04-12 04:15:05,115] {logging_mixin.py:104} INFO - [2022-04-12 04:15:05,115] {dagbag.py:487} INFO - Filling up the DagBag from /home/airflow/sandbox/lib/python3.8/site-packages/airflow/example_dags/example_branch_python_dop_operator_3.py
[2022-04-12 04:15:05,161] {scheduler_job.py:643} INFO - DAG(s) dict_keys(['example_branch_dop_operator_v3']) retrieved from /home/airflow/sandbox/lib/python3.8/site-packages/airflow/example_dags/example_branch_python_dop_operator_3.py
[2022-04-12 04:15:05,237] {logging_mixin.py:104} INFO - [2022-04-12 04:15:05,236] {dag.py:1832} INFO - Sync 1 DAGs
[2022-04-12 04:15:05,278] {logging_mixin.py:104} INFO - [2022-04-12 04:15:05,278] {dag.py:2305} INFO - Setting next_dagrun for example_branch_dop_operator_v3 to 2022-04-10 00:00:00+00:00
[2022-04-12 04:15:05,361] {scheduler_job.py:190} INFO - Processing /home/airflow/sandbox/lib/python3.8/site-packages/airflow/example_dags/example_branch_python_dop_operator_3.py took 0.273 seconds
[2022-04-12 04:15:36,687] {scheduler_job.py:182} INFO - Started process (PID=86121) to work on /home/airflow/sandbox/lib/python3.8/site-packages/airflow/example_dags/example_branch_python_dop_operator_3.py
[2022-04-12 04:15:36,690] {scheduler_job.py:633} INFO - Processing file /home/airflow/sandbox/lib/python3.8/site-packages/airflow/example_dags/example_branch_python_dop_operator_3.py for tasks to queue
[2022-04-12 04:15:36,692] {logging_mixin.py:104} INFO - [2022-04-12 04:15:36,692] {dagbag.py:487} INFO - Filling up the DagBag from /home/airflow/sandbox/lib/python3.8/site-packages/airflow/example_dags/example_branch_python_dop_operator_3.py
[2022-04-12 04:15:36,713] {scheduler_job.py:643} INFO - DAG(s) dict_keys(['example_branch_dop_operator_v3']) retrieved from /home/airflow/sandbox/lib/python3.8/site-packages/airflow/example_dags/example_branch_python_dop_operator_3.py
[2022-04-12 04:15:36,768] {logging_mixin.py:104} INFO - [2022-04-12 04:15:36,767] {dag.py:1832} INFO - Sync 1 DAGs
[2022-04-12 04:15:36,857] {logging_mixin.py:104} INFO - [2022-04-12 04:15:36,857] {dag.py:2305} INFO - Setting next_dagrun for example_branch_dop_operator_v3 to 2022-04-10 00:00:00+00:00
[2022-04-12 04:15:36,892] {scheduler_job.py:190} INFO - Processing /home/airflow/sandbox/lib/python3.8/site-packages/airflow/example_dags/example_branch_python_dop_operator_3.py took 0.212 seconds
[2022-04-12 04:16:08,013] {scheduler_job.py:182} INFO - Started process (PID=86515) to work on /home/airflow/sandbox/lib/python3.8/site-packages/airflow/example_dags/example_branch_python_dop_operator_3.py
[2022-04-12 04:16:08,019] {scheduler_job.py:633} INFO - Processing file /home/airflow/sandbox/lib/python3.8/site-packages/airflow/example_dags/example_branch_python_dop_operator_3.py for tasks to queue
[2022-04-12 04:16:08,021] {logging_mixin.py:104} INFO - [2022-04-12 04:16:08,021] {dagbag.py:487} INFO - Filling up the DagBag from /home/airflow/sandbox/lib/python3.8/site-packages/airflow/example_dags/example_branch_python_dop_operator_3.py
[2022-04-12 04:16:08,056] {scheduler_job.py:643} INFO - DAG(s) dict_keys(['example_branch_dop_operator_v3']) retrieved from /home/airflow/sandbox/lib/python3.8/site-packages/airflow/example_dags/example_branch_python_dop_operator_3.py
[2022-04-12 04:16:08,168] {logging_mixin.py:104} INFO - [2022-04-12 04:16:08,167] {dag.py:1832} INFO - Sync 1 DAGs
[2022-04-12 04:16:08,264] {logging_mixin.py:104} INFO - [2022-04-12 04:16:08,264] {dag.py:2305} INFO - Setting next_dagrun for example_branch_dop_operator_v3 to 2022-04-10 00:00:00+00:00
[2022-04-12 04:16:08,317] {scheduler_job.py:190} INFO - Processing /home/airflow/sandbox/lib/python3.8/site-packages/airflow/example_dags/example_branch_python_dop_operator_3.py took 0.324 seconds
[2022-04-12 04:16:39,211] {scheduler_job.py:182} INFO - Started process (PID=86891) to work on /home/airflow/sandbox/lib/python3.8/site-packages/airflow/example_dags/example_branch_python_dop_operator_3.py
[2022-04-12 04:16:39,231] {scheduler_job.py:633} INFO - Processing file /home/airflow/sandbox/lib/python3.8/site-packages/airflow/example_dags/example_branch_python_dop_operator_3.py for tasks to queue
[2022-04-12 04:16:39,243] {logging_mixin.py:104} INFO - [2022-04-12 04:16:39,243] {dagbag.py:487} INFO - Filling up the DagBag from /home/airflow/sandbox/lib/python3.8/site-packages/airflow/example_dags/example_branch_python_dop_operator_3.py
[2022-04-12 04:16:39,258] {scheduler_job.py:643} INFO - DAG(s) dict_keys(['example_branch_dop_operator_v3']) retrieved from /home/airflow/sandbox/lib/python3.8/site-packages/airflow/example_dags/example_branch_python_dop_operator_3.py
[2022-04-12 04:16:39,388] {logging_mixin.py:104} INFO - [2022-04-12 04:16:39,388] {dag.py:1832} INFO - Sync 1 DAGs
[2022-04-12 04:16:39,501] {logging_mixin.py:104} INFO - [2022-04-12 04:16:39,501] {dag.py:2305} INFO - Setting next_dagrun for example_branch_dop_operator_v3 to 2022-04-10 00:00:00+00:00
[2022-04-12 04:16:39,753] {scheduler_job.py:190} INFO - Processing /home/airflow/sandbox/lib/python3.8/site-packages/airflow/example_dags/example_branch_python_dop_operator_3.py took 0.549 seconds
[2022-04-12 04:17:10,071] {scheduler_job.py:182} INFO - Started process (PID=87272) to work on /home/airflow/sandbox/lib/python3.8/site-packages/airflow/example_dags/example_branch_python_dop_operator_3.py
[2022-04-12 04:17:10,086] {scheduler_job.py:633} INFO - Processing file /home/airflow/sandbox/lib/python3.8/site-packages/airflow/example_dags/example_branch_python_dop_operator_3.py for tasks to queue
[2022-04-12 04:17:10,088] {logging_mixin.py:104} INFO - [2022-04-12 04:17:10,088] {dagbag.py:487} INFO - Filling up the DagBag from /home/airflow/sandbox/lib/python3.8/site-packages/airflow/example_dags/example_branch_python_dop_operator_3.py
[2022-04-12 04:17:10,102] {scheduler_job.py:643} INFO - DAG(s) dict_keys(['example_branch_dop_operator_v3']) retrieved from /home/airflow/sandbox/lib/python3.8/site-packages/airflow/example_dags/example_branch_python_dop_operator_3.py
[2022-04-12 04:17:10,151] {logging_mixin.py:104} INFO - [2022-04-12 04:17:10,151] {dag.py:1832} INFO - Sync 1 DAGs
[2022-04-12 04:17:10,261] {logging_mixin.py:104} INFO - [2022-04-12 04:17:10,261] {dag.py:2305} INFO - Setting next_dagrun for example_branch_dop_operator_v3 to 2022-04-10 00:00:00+00:00
[2022-04-12 04:17:10,347] {scheduler_job.py:190} INFO - Processing /home/airflow/sandbox/lib/python3.8/site-packages/airflow/example_dags/example_branch_python_dop_operator_3.py took 0.283 seconds
[2022-04-12 04:17:40,564] {scheduler_job.py:182} INFO - Started process (PID=87652) to work on /home/airflow/sandbox/lib/python3.8/site-packages/airflow/example_dags/example_branch_python_dop_operator_3.py
[2022-04-12 04:17:40,566] {scheduler_job.py:633} INFO - Processing file /home/airflow/sandbox/lib/python3.8/site-packages/airflow/example_dags/example_branch_python_dop_operator_3.py for tasks to queue
[2022-04-12 04:17:40,567] {logging_mixin.py:104} INFO - [2022-04-12 04:17:40,567] {dagbag.py:487} INFO - Filling up the DagBag from /home/airflow/sandbox/lib/python3.8/site-packages/airflow/example_dags/example_branch_python_dop_operator_3.py
[2022-04-12 04:17:40,582] {scheduler_job.py:643} INFO - DAG(s) dict_keys(['example_branch_dop_operator_v3']) retrieved from /home/airflow/sandbox/lib/python3.8/site-packages/airflow/example_dags/example_branch_python_dop_operator_3.py
[2022-04-12 04:17:40,631] {logging_mixin.py:104} INFO - [2022-04-12 04:17:40,630] {dag.py:1832} INFO - Sync 1 DAGs
[2022-04-12 04:17:40,670] {logging_mixin.py:104} INFO - [2022-04-12 04:17:40,670] {dag.py:2305} INFO - Setting next_dagrun for example_branch_dop_operator_v3 to 2022-04-10 00:00:00+00:00
[2022-04-12 04:17:40,714] {scheduler_job.py:190} INFO - Processing /home/airflow/sandbox/lib/python3.8/site-packages/airflow/example_dags/example_branch_python_dop_operator_3.py took 0.159 seconds
[2022-04-12 04:18:11,082] {scheduler_job.py:182} INFO - Started process (PID=88031) to work on /home/airflow/sandbox/lib/python3.8/site-packages/airflow/example_dags/example_branch_python_dop_operator_3.py
[2022-04-12 04:18:11,084] {scheduler_job.py:633} INFO - Processing file /home/airflow/sandbox/lib/python3.8/site-packages/airflow/example_dags/example_branch_python_dop_operator_3.py for tasks to queue
[2022-04-12 04:18:11,086] {logging_mixin.py:104} INFO - [2022-04-12 04:18:11,085] {dagbag.py:487} INFO - Filling up the DagBag from /home/airflow/sandbox/lib/python3.8/site-packages/airflow/example_dags/example_branch_python_dop_operator_3.py
[2022-04-12 04:18:11,102] {scheduler_job.py:643} INFO - DAG(s) dict_keys(['example_branch_dop_operator_v3']) retrieved from /home/airflow/sandbox/lib/python3.8/site-packages/airflow/example_dags/example_branch_python_dop_operator_3.py
[2022-04-12 04:18:11,208] {logging_mixin.py:104} INFO - [2022-04-12 04:18:11,208] {dag.py:1832} INFO - Sync 1 DAGs
[2022-04-12 04:18:11,317] {logging_mixin.py:104} INFO - [2022-04-12 04:18:11,317] {dag.py:2305} INFO - Setting next_dagrun for example_branch_dop_operator_v3 to 2022-04-10 00:00:00+00:00
[2022-04-12 04:18:11,374] {scheduler_job.py:190} INFO - Processing /home/airflow/sandbox/lib/python3.8/site-packages/airflow/example_dags/example_branch_python_dop_operator_3.py took 0.299 seconds
[2022-04-12 04:18:41,511] {scheduler_job.py:182} INFO - Started process (PID=88417) to work on /home/airflow/sandbox/lib/python3.8/site-packages/airflow/example_dags/example_branch_python_dop_operator_3.py
[2022-04-12 04:18:41,518] {scheduler_job.py:633} INFO - Processing file /home/airflow/sandbox/lib/python3.8/site-packages/airflow/example_dags/example_branch_python_dop_operator_3.py for tasks to queue
[2022-04-12 04:18:41,522] {logging_mixin.py:104} INFO - [2022-04-12 04:18:41,521] {dagbag.py:487} INFO - Filling up the DagBag from /home/airflow/sandbox/lib/python3.8/site-packages/airflow/example_dags/example_branch_python_dop_operator_3.py
[2022-04-12 04:18:41,560] {scheduler_job.py:643} INFO - DAG(s) dict_keys(['example_branch_dop_operator_v3']) retrieved from /home/airflow/sandbox/lib/python3.8/site-packages/airflow/example_dags/example_branch_python_dop_operator_3.py
[2022-04-12 04:18:41,639] {logging_mixin.py:104} INFO - [2022-04-12 04:18:41,639] {dag.py:1832} INFO - Sync 1 DAGs
[2022-04-12 04:18:41,740] {logging_mixin.py:104} INFO - [2022-04-12 04:18:41,739] {dag.py:2305} INFO - Setting next_dagrun for example_branch_dop_operator_v3 to 2022-04-10 00:00:00+00:00
[2022-04-12 04:18:41,814] {scheduler_job.py:190} INFO - Processing /home/airflow/sandbox/lib/python3.8/site-packages/airflow/example_dags/example_branch_python_dop_operator_3.py took 0.316 seconds
[2022-04-12 04:19:13,526] {scheduler_job.py:182} INFO - Started process (PID=88819) to work on /home/airflow/sandbox/lib/python3.8/site-packages/airflow/example_dags/example_branch_python_dop_operator_3.py
[2022-04-12 04:19:13,532] {scheduler_job.py:633} INFO - Processing file /home/airflow/sandbox/lib/python3.8/site-packages/airflow/example_dags/example_branch_python_dop_operator_3.py for tasks to queue
[2022-04-12 04:19:13,534] {logging_mixin.py:104} INFO - [2022-04-12 04:19:13,533] {dagbag.py:487} INFO - Filling up the DagBag from /home/airflow/sandbox/lib/python3.8/site-packages/airflow/example_dags/example_branch_python_dop_operator_3.py
[2022-04-12 04:19:13,559] {scheduler_job.py:643} INFO - DAG(s) dict_keys(['example_branch_dop_operator_v3']) retrieved from /home/airflow/sandbox/lib/python3.8/site-packages/airflow/example_dags/example_branch_python_dop_operator_3.py
[2022-04-12 04:19:13,737] {logging_mixin.py:104} INFO - [2022-04-12 04:19:13,737] {dag.py:1832} INFO - Sync 1 DAGs
[2022-04-12 04:19:13,816] {logging_mixin.py:104} INFO - [2022-04-12 04:19:13,815] {dag.py:2305} INFO - Setting next_dagrun for example_branch_dop_operator_v3 to 2022-04-10 00:00:00+00:00
[2022-04-12 04:19:13,861] {scheduler_job.py:190} INFO - Processing /home/airflow/sandbox/lib/python3.8/site-packages/airflow/example_dags/example_branch_python_dop_operator_3.py took 0.358 seconds
[2022-04-12 04:19:45,988] {scheduler_job.py:182} INFO - Started process (PID=89371) to work on /home/airflow/sandbox/lib/python3.8/site-packages/airflow/example_dags/example_branch_python_dop_operator_3.py
[2022-04-12 04:19:45,996] {scheduler_job.py:633} INFO - Processing file /home/airflow/sandbox/lib/python3.8/site-packages/airflow/example_dags/example_branch_python_dop_operator_3.py for tasks to queue
[2022-04-12 04:19:45,998] {logging_mixin.py:104} INFO - [2022-04-12 04:19:45,998] {dagbag.py:487} INFO - Filling up the DagBag from /home/airflow/sandbox/lib/python3.8/site-packages/airflow/example_dags/example_branch_python_dop_operator_3.py
[2022-04-12 04:19:46,029] {scheduler_job.py:643} INFO - DAG(s) dict_keys(['example_branch_dop_operator_v3']) retrieved from /home/airflow/sandbox/lib/python3.8/site-packages/airflow/example_dags/example_branch_python_dop_operator_3.py
[2022-04-12 04:19:46,098] {logging_mixin.py:104} INFO - [2022-04-12 04:19:46,097] {dag.py:1832} INFO - Sync 1 DAGs
[2022-04-12 04:19:46,389] {logging_mixin.py:104} INFO - [2022-04-12 04:19:46,389] {dag.py:2305} INFO - Setting next_dagrun for example_branch_dop_operator_v3 to 2022-04-10 00:00:00+00:00
[2022-04-12 04:19:46,545] {scheduler_job.py:190} INFO - Processing /home/airflow/sandbox/lib/python3.8/site-packages/airflow/example_dags/example_branch_python_dop_operator_3.py took 0.579 seconds
[2022-04-12 04:20:17,956] {scheduler_job.py:182} INFO - Started process (PID=89848) to work on /home/airflow/sandbox/lib/python3.8/site-packages/airflow/example_dags/example_branch_python_dop_operator_3.py
[2022-04-12 04:20:17,984] {scheduler_job.py:633} INFO - Processing file /home/airflow/sandbox/lib/python3.8/site-packages/airflow/example_dags/example_branch_python_dop_operator_3.py for tasks to queue
[2022-04-12 04:20:18,003] {logging_mixin.py:104} INFO - [2022-04-12 04:20:18,003] {dagbag.py:487} INFO - Filling up the DagBag from /home/airflow/sandbox/lib/python3.8/site-packages/airflow/example_dags/example_branch_python_dop_operator_3.py
[2022-04-12 04:20:18,128] {scheduler_job.py:643} INFO - DAG(s) dict_keys(['example_branch_dop_operator_v3']) retrieved from /home/airflow/sandbox/lib/python3.8/site-packages/airflow/example_dags/example_branch_python_dop_operator_3.py
[2022-04-12 04:20:18,367] {logging_mixin.py:104} INFO - [2022-04-12 04:20:18,367] {dag.py:1832} INFO - Sync 1 DAGs
[2022-04-12 04:20:18,485] {logging_mixin.py:104} INFO - [2022-04-12 04:20:18,485] {dag.py:2305} INFO - Setting next_dagrun for example_branch_dop_operator_v3 to 2022-04-10 00:00:00+00:00
[2022-04-12 04:20:18,542] {scheduler_job.py:190} INFO - Processing /home/airflow/sandbox/lib/python3.8/site-packages/airflow/example_dags/example_branch_python_dop_operator_3.py took 0.628 seconds
[2022-04-12 04:20:51,390] {scheduler_job.py:182} INFO - Started process (PID=90183) to work on /home/airflow/sandbox/lib/python3.8/site-packages/airflow/example_dags/example_branch_python_dop_operator_3.py
[2022-04-12 04:20:51,393] {scheduler_job.py:633} INFO - Processing file /home/airflow/sandbox/lib/python3.8/site-packages/airflow/example_dags/example_branch_python_dop_operator_3.py for tasks to queue
[2022-04-12 04:20:51,396] {logging_mixin.py:104} INFO - [2022-04-12 04:20:51,395] {dagbag.py:487} INFO - Filling up the DagBag from /home/airflow/sandbox/lib/python3.8/site-packages/airflow/example_dags/example_branch_python_dop_operator_3.py
[2022-04-12 04:20:51,465] {scheduler_job.py:643} INFO - DAG(s) dict_keys(['example_branch_dop_operator_v3']) retrieved from /home/airflow/sandbox/lib/python3.8/site-packages/airflow/example_dags/example_branch_python_dop_operator_3.py
[2022-04-12 04:20:51,702] {logging_mixin.py:104} INFO - [2022-04-12 04:20:51,702] {dag.py:1832} INFO - Sync 1 DAGs
[2022-04-12 04:20:51,847] {logging_mixin.py:104} INFO - [2022-04-12 04:20:51,847] {dag.py:2305} INFO - Setting next_dagrun for example_branch_dop_operator_v3 to 2022-04-10 00:00:00+00:00
[2022-04-12 04:20:51,990] {scheduler_job.py:190} INFO - Processing /home/airflow/sandbox/lib/python3.8/site-packages/airflow/example_dags/example_branch_python_dop_operator_3.py took 0.650 seconds
[2022-04-12 04:21:26,146] {scheduler_job.py:182} INFO - Started process (PID=90388) to work on /home/airflow/sandbox/lib/python3.8/site-packages/airflow/example_dags/example_branch_python_dop_operator_3.py
[2022-04-12 04:21:26,150] {scheduler_job.py:633} INFO - Processing file /home/airflow/sandbox/lib/python3.8/site-packages/airflow/example_dags/example_branch_python_dop_operator_3.py for tasks to queue
[2022-04-12 04:21:26,153] {logging_mixin.py:104} INFO - [2022-04-12 04:21:26,152] {dagbag.py:487} INFO - Filling up the DagBag from /home/airflow/sandbox/lib/python3.8/site-packages/airflow/example_dags/example_branch_python_dop_operator_3.py
[2022-04-12 04:21:26,225] {scheduler_job.py:643} INFO - DAG(s) dict_keys(['example_branch_dop_operator_v3']) retrieved from /home/airflow/sandbox/lib/python3.8/site-packages/airflow/example_dags/example_branch_python_dop_operator_3.py
[2022-04-12 04:21:26,422] {logging_mixin.py:104} INFO - [2022-04-12 04:21:26,422] {dag.py:1832} INFO - Sync 1 DAGs
[2022-04-12 04:21:26,558] {logging_mixin.py:104} INFO - [2022-04-12 04:21:26,558] {dag.py:2305} INFO - Setting next_dagrun for example_branch_dop_operator_v3 to 2022-04-10 00:00:00+00:00
[2022-04-12 04:21:26,633] {scheduler_job.py:190} INFO - Processing /home/airflow/sandbox/lib/python3.8/site-packages/airflow/example_dags/example_branch_python_dop_operator_3.py took 0.537 seconds
[2022-04-12 04:21:57,276] {scheduler_job.py:182} INFO - Started process (PID=90610) to work on /home/airflow/sandbox/lib/python3.8/site-packages/airflow/example_dags/example_branch_python_dop_operator_3.py
[2022-04-12 04:21:57,287] {scheduler_job.py:633} INFO - Processing file /home/airflow/sandbox/lib/python3.8/site-packages/airflow/example_dags/example_branch_python_dop_operator_3.py for tasks to queue
[2022-04-12 04:21:57,294] {logging_mixin.py:104} INFO - [2022-04-12 04:21:57,293] {dagbag.py:487} INFO - Filling up the DagBag from /home/airflow/sandbox/lib/python3.8/site-packages/airflow/example_dags/example_branch_python_dop_operator_3.py
[2022-04-12 04:21:57,376] {scheduler_job.py:643} INFO - DAG(s) dict_keys(['example_branch_dop_operator_v3']) retrieved from /home/airflow/sandbox/lib/python3.8/site-packages/airflow/example_dags/example_branch_python_dop_operator_3.py
[2022-04-12 04:21:57,628] {logging_mixin.py:104} INFO - [2022-04-12 04:21:57,628] {dag.py:1832} INFO - Sync 1 DAGs
[2022-04-12 04:21:57,849] {logging_mixin.py:104} INFO - [2022-04-12 04:21:57,849] {dag.py:2305} INFO - Setting next_dagrun for example_branch_dop_operator_v3 to 2022-04-10 00:00:00+00:00
[2022-04-12 04:21:58,167] {scheduler_job.py:190} INFO - Processing /home/airflow/sandbox/lib/python3.8/site-packages/airflow/example_dags/example_branch_python_dop_operator_3.py took 0.910 seconds
[2022-04-12 04:22:28,968] {scheduler_job.py:182} INFO - Started process (PID=90939) to work on /home/airflow/sandbox/lib/python3.8/site-packages/airflow/example_dags/example_branch_python_dop_operator_3.py
[2022-04-12 04:22:28,975] {scheduler_job.py:633} INFO - Processing file /home/airflow/sandbox/lib/python3.8/site-packages/airflow/example_dags/example_branch_python_dop_operator_3.py for tasks to queue
[2022-04-12 04:22:28,986] {logging_mixin.py:104} INFO - [2022-04-12 04:22:28,986] {dagbag.py:487} INFO - Filling up the DagBag from /home/airflow/sandbox/lib/python3.8/site-packages/airflow/example_dags/example_branch_python_dop_operator_3.py
[2022-04-12 04:22:29,146] {scheduler_job.py:643} INFO - DAG(s) dict_keys(['example_branch_dop_operator_v3']) retrieved from /home/airflow/sandbox/lib/python3.8/site-packages/airflow/example_dags/example_branch_python_dop_operator_3.py
[2022-04-12 04:22:29,495] {logging_mixin.py:104} INFO - [2022-04-12 04:22:29,495] {dag.py:1832} INFO - Sync 1 DAGs
[2022-04-12 04:22:29,658] {logging_mixin.py:104} INFO - [2022-04-12 04:22:29,658] {dag.py:2305} INFO - Setting next_dagrun for example_branch_dop_operator_v3 to 2022-04-10 00:00:00+00:00
[2022-04-12 04:22:29,857] {scheduler_job.py:190} INFO - Processing /home/airflow/sandbox/lib/python3.8/site-packages/airflow/example_dags/example_branch_python_dop_operator_3.py took 0.921 seconds
[2022-04-12 04:23:00,311] {scheduler_job.py:182} INFO - Started process (PID=91138) to work on /home/airflow/sandbox/lib/python3.8/site-packages/airflow/example_dags/example_branch_python_dop_operator_3.py
[2022-04-12 04:23:00,313] {scheduler_job.py:633} INFO - Processing file /home/airflow/sandbox/lib/python3.8/site-packages/airflow/example_dags/example_branch_python_dop_operator_3.py for tasks to queue
[2022-04-12 04:23:00,315] {logging_mixin.py:104} INFO - [2022-04-12 04:23:00,315] {dagbag.py:487} INFO - Filling up the DagBag from /home/airflow/sandbox/lib/python3.8/site-packages/airflow/example_dags/example_branch_python_dop_operator_3.py
[2022-04-12 04:23:00,331] {scheduler_job.py:643} INFO - DAG(s) dict_keys(['example_branch_dop_operator_v3']) retrieved from /home/airflow/sandbox/lib/python3.8/site-packages/airflow/example_dags/example_branch_python_dop_operator_3.py
[2022-04-12 04:23:00,408] {logging_mixin.py:104} INFO - [2022-04-12 04:23:00,408] {dag.py:1832} INFO - Sync 1 DAGs
[2022-04-12 04:23:00,455] {logging_mixin.py:104} INFO - [2022-04-12 04:23:00,454] {dag.py:2305} INFO - Setting next_dagrun for example_branch_dop_operator_v3 to 2022-04-10 00:00:00+00:00
[2022-04-12 04:23:00,499] {scheduler_job.py:190} INFO - Processing /home/airflow/sandbox/lib/python3.8/site-packages/airflow/example_dags/example_branch_python_dop_operator_3.py took 0.195 seconds
[2022-04-12 04:23:31,070] {scheduler_job.py:182} INFO - Started process (PID=91337) to work on /home/airflow/sandbox/lib/python3.8/site-packages/airflow/example_dags/example_branch_python_dop_operator_3.py
[2022-04-12 04:23:31,074] {scheduler_job.py:633} INFO - Processing file /home/airflow/sandbox/lib/python3.8/site-packages/airflow/example_dags/example_branch_python_dop_operator_3.py for tasks to queue
[2022-04-12 04:23:31,077] {logging_mixin.py:104} INFO - [2022-04-12 04:23:31,077] {dagbag.py:487} INFO - Filling up the DagBag from /home/airflow/sandbox/lib/python3.8/site-packages/airflow/example_dags/example_branch_python_dop_operator_3.py
[2022-04-12 04:23:31,104] {scheduler_job.py:643} INFO - DAG(s) dict_keys(['example_branch_dop_operator_v3']) retrieved from /home/airflow/sandbox/lib/python3.8/site-packages/airflow/example_dags/example_branch_python_dop_operator_3.py
[2022-04-12 04:23:31,239] {logging_mixin.py:104} INFO - [2022-04-12 04:23:31,239] {dag.py:1832} INFO - Sync 1 DAGs
[2022-04-12 04:23:31,345] {logging_mixin.py:104} INFO - [2022-04-12 04:23:31,344] {dag.py:2305} INFO - Setting next_dagrun for example_branch_dop_operator_v3 to 2022-04-10 00:00:00+00:00
[2022-04-12 04:23:31,390] {scheduler_job.py:190} INFO - Processing /home/airflow/sandbox/lib/python3.8/site-packages/airflow/example_dags/example_branch_python_dop_operator_3.py took 0.332 seconds
[2022-04-12 04:24:01,795] {scheduler_job.py:182} INFO - Started process (PID=91537) to work on /home/airflow/sandbox/lib/python3.8/site-packages/airflow/example_dags/example_branch_python_dop_operator_3.py
[2022-04-12 04:24:01,800] {scheduler_job.py:633} INFO - Processing file /home/airflow/sandbox/lib/python3.8/site-packages/airflow/example_dags/example_branch_python_dop_operator_3.py for tasks to queue
[2022-04-12 04:24:01,802] {logging_mixin.py:104} INFO - [2022-04-12 04:24:01,802] {dagbag.py:487} INFO - Filling up the DagBag from /home/airflow/sandbox/lib/python3.8/site-packages/airflow/example_dags/example_branch_python_dop_operator_3.py
[2022-04-12 04:24:01,850] {scheduler_job.py:643} INFO - DAG(s) dict_keys(['example_branch_dop_operator_v3']) retrieved from /home/airflow/sandbox/lib/python3.8/site-packages/airflow/example_dags/example_branch_python_dop_operator_3.py
[2022-04-12 04:24:02,068] {logging_mixin.py:104} INFO - [2022-04-12 04:24:02,068] {dag.py:1832} INFO - Sync 1 DAGs
[2022-04-12 04:24:02,226] {logging_mixin.py:104} INFO - [2022-04-12 04:24:02,225] {dag.py:2305} INFO - Setting next_dagrun for example_branch_dop_operator_v3 to 2022-04-10 00:00:00+00:00
[2022-04-12 04:24:02,320] {scheduler_job.py:190} INFO - Processing /home/airflow/sandbox/lib/python3.8/site-packages/airflow/example_dags/example_branch_python_dop_operator_3.py took 0.539 seconds
[2022-04-12 04:24:32,824] {scheduler_job.py:182} INFO - Started process (PID=91734) to work on /home/airflow/sandbox/lib/python3.8/site-packages/airflow/example_dags/example_branch_python_dop_operator_3.py
[2022-04-12 04:24:32,848] {scheduler_job.py:633} INFO - Processing file /home/airflow/sandbox/lib/python3.8/site-packages/airflow/example_dags/example_branch_python_dop_operator_3.py for tasks to queue
[2022-04-12 04:24:32,849] {logging_mixin.py:104} INFO - [2022-04-12 04:24:32,849] {dagbag.py:487} INFO - Filling up the DagBag from /home/airflow/sandbox/lib/python3.8/site-packages/airflow/example_dags/example_branch_python_dop_operator_3.py
[2022-04-12 04:24:32,890] {scheduler_job.py:643} INFO - DAG(s) dict_keys(['example_branch_dop_operator_v3']) retrieved from /home/airflow/sandbox/lib/python3.8/site-packages/airflow/example_dags/example_branch_python_dop_operator_3.py
[2022-04-12 04:24:32,961] {logging_mixin.py:104} INFO - [2022-04-12 04:24:32,960] {dag.py:1832} INFO - Sync 1 DAGs
[2022-04-12 04:24:33,066] {logging_mixin.py:104} INFO - [2022-04-12 04:24:33,066] {dag.py:2305} INFO - Setting next_dagrun for example_branch_dop_operator_v3 to 2022-04-10 00:00:00+00:00
[2022-04-12 04:24:33,112] {scheduler_job.py:190} INFO - Processing /home/airflow/sandbox/lib/python3.8/site-packages/airflow/example_dags/example_branch_python_dop_operator_3.py took 0.296 seconds
[2022-04-12 04:25:05,129] {scheduler_job.py:182} INFO - Started process (PID=92177) to work on /home/airflow/sandbox/lib/python3.8/site-packages/airflow/example_dags/example_branch_python_dop_operator_3.py
[2022-04-12 04:25:05,134] {scheduler_job.py:633} INFO - Processing file /home/airflow/sandbox/lib/python3.8/site-packages/airflow/example_dags/example_branch_python_dop_operator_3.py for tasks to queue
[2022-04-12 04:25:05,141] {logging_mixin.py:104} INFO - [2022-04-12 04:25:05,140] {dagbag.py:487} INFO - Filling up the DagBag from /home/airflow/sandbox/lib/python3.8/site-packages/airflow/example_dags/example_branch_python_dop_operator_3.py
[2022-04-12 04:25:05,175] {scheduler_job.py:643} INFO - DAG(s) dict_keys(['example_branch_dop_operator_v3']) retrieved from /home/airflow/sandbox/lib/python3.8/site-packages/airflow/example_dags/example_branch_python_dop_operator_3.py
[2022-04-12 04:25:05,376] {logging_mixin.py:104} INFO - [2022-04-12 04:25:05,376] {dag.py:1832} INFO - Sync 1 DAGs
[2022-04-12 04:25:05,644] {logging_mixin.py:104} INFO - [2022-04-12 04:25:05,643] {dag.py:2305} INFO - Setting next_dagrun for example_branch_dop_operator_v3 to 2022-04-10 00:00:00+00:00
[2022-04-12 04:25:06,004] {scheduler_job.py:190} INFO - Processing /home/airflow/sandbox/lib/python3.8/site-packages/airflow/example_dags/example_branch_python_dop_operator_3.py took 0.901 seconds
[2022-04-12 04:25:37,749] {scheduler_job.py:182} INFO - Started process (PID=92382) to work on /home/airflow/sandbox/lib/python3.8/site-packages/airflow/example_dags/example_branch_python_dop_operator_3.py
[2022-04-12 04:25:37,770] {scheduler_job.py:633} INFO - Processing file /home/airflow/sandbox/lib/python3.8/site-packages/airflow/example_dags/example_branch_python_dop_operator_3.py for tasks to queue
[2022-04-12 04:25:37,786] {logging_mixin.py:104} INFO - [2022-04-12 04:25:37,785] {dagbag.py:487} INFO - Filling up the DagBag from /home/airflow/sandbox/lib/python3.8/site-packages/airflow/example_dags/example_branch_python_dop_operator_3.py
[2022-04-12 04:25:37,866] {scheduler_job.py:643} INFO - DAG(s) dict_keys(['example_branch_dop_operator_v3']) retrieved from /home/airflow/sandbox/lib/python3.8/site-packages/airflow/example_dags/example_branch_python_dop_operator_3.py
[2022-04-12 04:25:38,197] {logging_mixin.py:104} INFO - [2022-04-12 04:25:38,197] {dag.py:1832} INFO - Sync 1 DAGs
[2022-04-12 04:25:38,429] {logging_mixin.py:104} INFO - [2022-04-12 04:25:38,428] {dag.py:2305} INFO - Setting next_dagrun for example_branch_dop_operator_v3 to 2022-04-10 00:00:00+00:00
[2022-04-12 04:25:38,595] {scheduler_job.py:190} INFO - Processing /home/airflow/sandbox/lib/python3.8/site-packages/airflow/example_dags/example_branch_python_dop_operator_3.py took 0.877 seconds
[2022-04-12 04:26:10,604] {scheduler_job.py:182} INFO - Started process (PID=92594) to work on /home/airflow/sandbox/lib/python3.8/site-packages/airflow/example_dags/example_branch_python_dop_operator_3.py
[2022-04-12 04:26:10,634] {scheduler_job.py:633} INFO - Processing file /home/airflow/sandbox/lib/python3.8/site-packages/airflow/example_dags/example_branch_python_dop_operator_3.py for tasks to queue
[2022-04-12 04:26:10,637] {logging_mixin.py:104} INFO - [2022-04-12 04:26:10,636] {dagbag.py:487} INFO - Filling up the DagBag from /home/airflow/sandbox/lib/python3.8/site-packages/airflow/example_dags/example_branch_python_dop_operator_3.py
[2022-04-12 04:26:10,677] {scheduler_job.py:643} INFO - DAG(s) dict_keys(['example_branch_dop_operator_v3']) retrieved from /home/airflow/sandbox/lib/python3.8/site-packages/airflow/example_dags/example_branch_python_dop_operator_3.py
[2022-04-12 04:26:10,899] {logging_mixin.py:104} INFO - [2022-04-12 04:26:10,898] {dag.py:1832} INFO - Sync 1 DAGs
[2022-04-12 04:26:11,041] {logging_mixin.py:104} INFO - [2022-04-12 04:26:11,041] {dag.py:2305} INFO - Setting next_dagrun for example_branch_dop_operator_v3 to 2022-04-10 00:00:00+00:00
[2022-04-12 04:26:11,197] {scheduler_job.py:190} INFO - Processing /home/airflow/sandbox/lib/python3.8/site-packages/airflow/example_dags/example_branch_python_dop_operator_3.py took 0.631 seconds
[2022-04-12 04:26:41,806] {scheduler_job.py:182} INFO - Started process (PID=92791) to work on /home/airflow/sandbox/lib/python3.8/site-packages/airflow/example_dags/example_branch_python_dop_operator_3.py
[2022-04-12 04:26:41,816] {scheduler_job.py:633} INFO - Processing file /home/airflow/sandbox/lib/python3.8/site-packages/airflow/example_dags/example_branch_python_dop_operator_3.py for tasks to queue
[2022-04-12 04:26:41,829] {logging_mixin.py:104} INFO - [2022-04-12 04:26:41,828] {dagbag.py:487} INFO - Filling up the DagBag from /home/airflow/sandbox/lib/python3.8/site-packages/airflow/example_dags/example_branch_python_dop_operator_3.py
[2022-04-12 04:26:41,868] {scheduler_job.py:643} INFO - DAG(s) dict_keys(['example_branch_dop_operator_v3']) retrieved from /home/airflow/sandbox/lib/python3.8/site-packages/airflow/example_dags/example_branch_python_dop_operator_3.py
[2022-04-12 04:26:42,126] {logging_mixin.py:104} INFO - [2022-04-12 04:26:42,125] {dag.py:1832} INFO - Sync 1 DAGs
[2022-04-12 04:26:42,259] {logging_mixin.py:104} INFO - [2022-04-12 04:26:42,259] {dag.py:2305} INFO - Setting next_dagrun for example_branch_dop_operator_v3 to 2022-04-10 00:00:00+00:00
[2022-04-12 04:26:42,587] {scheduler_job.py:190} INFO - Processing /home/airflow/sandbox/lib/python3.8/site-packages/airflow/example_dags/example_branch_python_dop_operator_3.py took 0.792 seconds
[2022-04-12 04:27:15,436] {scheduler_job.py:182} INFO - Started process (PID=92993) to work on /home/airflow/sandbox/lib/python3.8/site-packages/airflow/example_dags/example_branch_python_dop_operator_3.py
[2022-04-12 04:27:15,478] {scheduler_job.py:633} INFO - Processing file /home/airflow/sandbox/lib/python3.8/site-packages/airflow/example_dags/example_branch_python_dop_operator_3.py for tasks to queue
[2022-04-12 04:27:15,485] {logging_mixin.py:104} INFO - [2022-04-12 04:27:15,485] {dagbag.py:487} INFO - Filling up the DagBag from /home/airflow/sandbox/lib/python3.8/site-packages/airflow/example_dags/example_branch_python_dop_operator_3.py
[2022-04-12 04:27:15,537] {scheduler_job.py:643} INFO - DAG(s) dict_keys(['example_branch_dop_operator_v3']) retrieved from /home/airflow/sandbox/lib/python3.8/site-packages/airflow/example_dags/example_branch_python_dop_operator_3.py
[2022-04-12 04:27:15,793] {logging_mixin.py:104} INFO - [2022-04-12 04:27:15,792] {dag.py:1832} INFO - Sync 1 DAGs
[2022-04-12 04:27:15,988] {logging_mixin.py:104} INFO - [2022-04-12 04:27:15,988] {dag.py:2305} INFO - Setting next_dagrun for example_branch_dop_operator_v3 to 2022-04-10 00:00:00+00:00
[2022-04-12 04:27:16,156] {scheduler_job.py:190} INFO - Processing /home/airflow/sandbox/lib/python3.8/site-packages/airflow/example_dags/example_branch_python_dop_operator_3.py took 0.759 seconds
[2022-04-12 04:27:47,605] {scheduler_job.py:182} INFO - Started process (PID=93186) to work on /home/airflow/sandbox/lib/python3.8/site-packages/airflow/example_dags/example_branch_python_dop_operator_3.py
[2022-04-12 04:27:47,658] {scheduler_job.py:633} INFO - Processing file /home/airflow/sandbox/lib/python3.8/site-packages/airflow/example_dags/example_branch_python_dop_operator_3.py for tasks to queue
[2022-04-12 04:27:47,660] {logging_mixin.py:104} INFO - [2022-04-12 04:27:47,660] {dagbag.py:487} INFO - Filling up the DagBag from /home/airflow/sandbox/lib/python3.8/site-packages/airflow/example_dags/example_branch_python_dop_operator_3.py
[2022-04-12 04:27:47,766] {scheduler_job.py:643} INFO - DAG(s) dict_keys(['example_branch_dop_operator_v3']) retrieved from /home/airflow/sandbox/lib/python3.8/site-packages/airflow/example_dags/example_branch_python_dop_operator_3.py
[2022-04-12 04:27:48,041] {logging_mixin.py:104} INFO - [2022-04-12 04:27:48,040] {dag.py:1832} INFO - Sync 1 DAGs
[2022-04-12 04:27:48,279] {logging_mixin.py:104} INFO - [2022-04-12 04:27:48,278] {dag.py:2305} INFO - Setting next_dagrun for example_branch_dop_operator_v3 to 2022-04-10 00:00:00+00:00
[2022-04-12 04:27:48,522] {scheduler_job.py:190} INFO - Processing /home/airflow/sandbox/lib/python3.8/site-packages/airflow/example_dags/example_branch_python_dop_operator_3.py took 0.926 seconds
[2022-04-12 04:28:20,510] {scheduler_job.py:182} INFO - Started process (PID=93391) to work on /home/airflow/sandbox/lib/python3.8/site-packages/airflow/example_dags/example_branch_python_dop_operator_3.py
[2022-04-12 04:28:20,538] {scheduler_job.py:633} INFO - Processing file /home/airflow/sandbox/lib/python3.8/site-packages/airflow/example_dags/example_branch_python_dop_operator_3.py for tasks to queue
[2022-04-12 04:28:20,541] {logging_mixin.py:104} INFO - [2022-04-12 04:28:20,541] {dagbag.py:487} INFO - Filling up the DagBag from /home/airflow/sandbox/lib/python3.8/site-packages/airflow/example_dags/example_branch_python_dop_operator_3.py
[2022-04-12 04:28:20,624] {scheduler_job.py:643} INFO - DAG(s) dict_keys(['example_branch_dop_operator_v3']) retrieved from /home/airflow/sandbox/lib/python3.8/site-packages/airflow/example_dags/example_branch_python_dop_operator_3.py
[2022-04-12 04:28:20,906] {logging_mixin.py:104} INFO - [2022-04-12 04:28:20,905] {dag.py:1832} INFO - Sync 1 DAGs
[2022-04-12 04:28:21,177] {logging_mixin.py:104} INFO - [2022-04-12 04:28:21,176] {dag.py:2305} INFO - Setting next_dagrun for example_branch_dop_operator_v3 to 2022-04-10 00:00:00+00:00
[2022-04-12 04:28:21,362] {scheduler_job.py:190} INFO - Processing /home/airflow/sandbox/lib/python3.8/site-packages/airflow/example_dags/example_branch_python_dop_operator_3.py took 0.875 seconds
[2022-04-12 04:28:52,319] {scheduler_job.py:182} INFO - Started process (PID=93595) to work on /home/airflow/sandbox/lib/python3.8/site-packages/airflow/example_dags/example_branch_python_dop_operator_3.py
[2022-04-12 04:28:52,330] {scheduler_job.py:633} INFO - Processing file /home/airflow/sandbox/lib/python3.8/site-packages/airflow/example_dags/example_branch_python_dop_operator_3.py for tasks to queue
[2022-04-12 04:28:52,341] {logging_mixin.py:104} INFO - [2022-04-12 04:28:52,340] {dagbag.py:487} INFO - Filling up the DagBag from /home/airflow/sandbox/lib/python3.8/site-packages/airflow/example_dags/example_branch_python_dop_operator_3.py
[2022-04-12 04:28:52,422] {scheduler_job.py:643} INFO - DAG(s) dict_keys(['example_branch_dop_operator_v3']) retrieved from /home/airflow/sandbox/lib/python3.8/site-packages/airflow/example_dags/example_branch_python_dop_operator_3.py
[2022-04-12 04:28:52,640] {logging_mixin.py:104} INFO - [2022-04-12 04:28:52,639] {dag.py:1832} INFO - Sync 1 DAGs
[2022-04-12 04:28:52,839] {logging_mixin.py:104} INFO - [2022-04-12 04:28:52,839] {dag.py:2305} INFO - Setting next_dagrun for example_branch_dop_operator_v3 to 2022-04-10 00:00:00+00:00
[2022-04-12 04:28:52,898] {scheduler_job.py:190} INFO - Processing /home/airflow/sandbox/lib/python3.8/site-packages/airflow/example_dags/example_branch_python_dop_operator_3.py took 0.625 seconds
[2022-04-12 04:30:47,199] {scheduler_job.py:182} INFO - Started process (PID=94181) to work on /home/airflow/sandbox/lib/python3.8/site-packages/airflow/example_dags/example_branch_python_dop_operator_3.py
[2022-04-12 04:30:47,217] {scheduler_job.py:633} INFO - Processing file /home/airflow/sandbox/lib/python3.8/site-packages/airflow/example_dags/example_branch_python_dop_operator_3.py for tasks to queue
[2022-04-12 04:30:47,219] {logging_mixin.py:104} INFO - [2022-04-12 04:30:47,219] {dagbag.py:487} INFO - Filling up the DagBag from /home/airflow/sandbox/lib/python3.8/site-packages/airflow/example_dags/example_branch_python_dop_operator_3.py
[2022-04-12 04:30:47,320] {scheduler_job.py:643} INFO - DAG(s) dict_keys(['example_branch_dop_operator_v3']) retrieved from /home/airflow/sandbox/lib/python3.8/site-packages/airflow/example_dags/example_branch_python_dop_operator_3.py
[2022-04-12 04:30:47,577] {logging_mixin.py:104} INFO - [2022-04-12 04:30:47,577] {dag.py:1832} INFO - Sync 1 DAGs
[2022-04-12 04:30:47,696] {logging_mixin.py:104} INFO - [2022-04-12 04:30:47,696] {dag.py:2305} INFO - Setting next_dagrun for example_branch_dop_operator_v3 to 2022-04-10 00:00:00+00:00
[2022-04-12 04:30:47,811] {scheduler_job.py:190} INFO - Processing /home/airflow/sandbox/lib/python3.8/site-packages/airflow/example_dags/example_branch_python_dop_operator_3.py took 0.623 seconds
[2022-04-12 04:31:21,919] {scheduler_job.py:182} INFO - Started process (PID=94381) to work on /home/airflow/sandbox/lib/python3.8/site-packages/airflow/example_dags/example_branch_python_dop_operator_3.py
[2022-04-12 04:31:21,922] {scheduler_job.py:633} INFO - Processing file /home/airflow/sandbox/lib/python3.8/site-packages/airflow/example_dags/example_branch_python_dop_operator_3.py for tasks to queue
[2022-04-12 04:31:21,923] {logging_mixin.py:104} INFO - [2022-04-12 04:31:21,923] {dagbag.py:487} INFO - Filling up the DagBag from /home/airflow/sandbox/lib/python3.8/site-packages/airflow/example_dags/example_branch_python_dop_operator_3.py
[2022-04-12 04:31:21,959] {scheduler_job.py:643} INFO - DAG(s) dict_keys(['example_branch_dop_operator_v3']) retrieved from /home/airflow/sandbox/lib/python3.8/site-packages/airflow/example_dags/example_branch_python_dop_operator_3.py
[2022-04-12 04:31:22,100] {logging_mixin.py:104} INFO - [2022-04-12 04:31:22,100] {dag.py:1832} INFO - Sync 1 DAGs
[2022-04-12 04:31:22,253] {logging_mixin.py:104} INFO - [2022-04-12 04:31:22,253] {dag.py:2305} INFO - Setting next_dagrun for example_branch_dop_operator_v3 to 2022-04-10 00:00:00+00:00
[2022-04-12 04:31:22,306] {scheduler_job.py:190} INFO - Processing /home/airflow/sandbox/lib/python3.8/site-packages/airflow/example_dags/example_branch_python_dop_operator_3.py took 0.423 seconds
[2022-04-12 04:31:54,009] {scheduler_job.py:182} INFO - Started process (PID=94583) to work on /home/airflow/sandbox/lib/python3.8/site-packages/airflow/example_dags/example_branch_python_dop_operator_3.py
[2022-04-12 04:31:54,013] {scheduler_job.py:633} INFO - Processing file /home/airflow/sandbox/lib/python3.8/site-packages/airflow/example_dags/example_branch_python_dop_operator_3.py for tasks to queue
[2022-04-12 04:31:54,015] {logging_mixin.py:104} INFO - [2022-04-12 04:31:54,015] {dagbag.py:487} INFO - Filling up the DagBag from /home/airflow/sandbox/lib/python3.8/site-packages/airflow/example_dags/example_branch_python_dop_operator_3.py
[2022-04-12 04:31:54,038] {scheduler_job.py:643} INFO - DAG(s) dict_keys(['example_branch_dop_operator_v3']) retrieved from /home/airflow/sandbox/lib/python3.8/site-packages/airflow/example_dags/example_branch_python_dop_operator_3.py
[2022-04-12 04:31:54,201] {logging_mixin.py:104} INFO - [2022-04-12 04:31:54,200] {dag.py:1832} INFO - Sync 1 DAGs
[2022-04-12 04:31:54,379] {logging_mixin.py:104} INFO - [2022-04-12 04:31:54,378] {dag.py:2305} INFO - Setting next_dagrun for example_branch_dop_operator_v3 to 2022-04-10 00:00:00+00:00
[2022-04-12 04:31:54,449] {scheduler_job.py:190} INFO - Processing /home/airflow/sandbox/lib/python3.8/site-packages/airflow/example_dags/example_branch_python_dop_operator_3.py took 0.451 seconds
[2022-04-12 04:32:27,170] {scheduler_job.py:182} INFO - Started process (PID=94782) to work on /home/airflow/sandbox/lib/python3.8/site-packages/airflow/example_dags/example_branch_python_dop_operator_3.py
[2022-04-12 04:32:27,175] {scheduler_job.py:633} INFO - Processing file /home/airflow/sandbox/lib/python3.8/site-packages/airflow/example_dags/example_branch_python_dop_operator_3.py for tasks to queue
[2022-04-12 04:32:27,177] {logging_mixin.py:104} INFO - [2022-04-12 04:32:27,177] {dagbag.py:487} INFO - Filling up the DagBag from /home/airflow/sandbox/lib/python3.8/site-packages/airflow/example_dags/example_branch_python_dop_operator_3.py
[2022-04-12 04:32:27,197] {scheduler_job.py:643} INFO - DAG(s) dict_keys(['example_branch_dop_operator_v3']) retrieved from /home/airflow/sandbox/lib/python3.8/site-packages/airflow/example_dags/example_branch_python_dop_operator_3.py
[2022-04-12 04:32:27,313] {logging_mixin.py:104} INFO - [2022-04-12 04:32:27,312] {dag.py:1832} INFO - Sync 1 DAGs
[2022-04-12 04:32:27,429] {logging_mixin.py:104} INFO - [2022-04-12 04:32:27,429] {dag.py:2305} INFO - Setting next_dagrun for example_branch_dop_operator_v3 to 2022-04-10 00:00:00+00:00
[2022-04-12 04:32:27,491] {scheduler_job.py:190} INFO - Processing /home/airflow/sandbox/lib/python3.8/site-packages/airflow/example_dags/example_branch_python_dop_operator_3.py took 0.332 seconds
