[2022-04-12 04:06:22,580] {scheduler_job.py:182} INFO - Started process (PID=83528) to work on /home/airflow/sandbox/lib/python3.8/site-packages/airflow/example_dags/example_dag_decorator.py
[2022-04-12 04:06:22,592] {scheduler_job.py:633} INFO - Processing file /home/airflow/sandbox/lib/python3.8/site-packages/airflow/example_dags/example_dag_decorator.py for tasks to queue
[2022-04-12 04:06:22,595] {logging_mixin.py:104} INFO - [2022-04-12 04:06:22,595] {dagbag.py:487} INFO - Filling up the DagBag from /home/airflow/sandbox/lib/python3.8/site-packages/airflow/example_dags/example_dag_decorator.py
[2022-04-12 04:06:22,632] {scheduler_job.py:643} INFO - DAG(s) dict_keys(['example_dag_decorator']) retrieved from /home/airflow/sandbox/lib/python3.8/site-packages/airflow/example_dags/example_dag_decorator.py
[2022-04-12 04:06:22,944] {logging_mixin.py:104} INFO - [2022-04-12 04:06:22,944] {dag.py:1832} INFO - Sync 1 DAGs
[2022-04-12 04:06:22,966] {logging_mixin.py:104} INFO - [2022-04-12 04:06:22,966] {dag.py:2305} INFO - Setting next_dagrun for example_dag_decorator to None
[2022-04-12 04:06:23,057] {scheduler_job.py:190} INFO - Processing /home/airflow/sandbox/lib/python3.8/site-packages/airflow/example_dags/example_dag_decorator.py took 0.479 seconds
[2022-04-12 04:06:53,515] {scheduler_job.py:182} INFO - Started process (PID=83923) to work on /home/airflow/sandbox/lib/python3.8/site-packages/airflow/example_dags/example_dag_decorator.py
[2022-04-12 04:06:53,521] {scheduler_job.py:633} INFO - Processing file /home/airflow/sandbox/lib/python3.8/site-packages/airflow/example_dags/example_dag_decorator.py for tasks to queue
[2022-04-12 04:06:53,525] {logging_mixin.py:104} INFO - [2022-04-12 04:06:53,525] {dagbag.py:487} INFO - Filling up the DagBag from /home/airflow/sandbox/lib/python3.8/site-packages/airflow/example_dags/example_dag_decorator.py
[2022-04-12 04:06:53,549] {scheduler_job.py:643} INFO - DAG(s) dict_keys(['example_dag_decorator']) retrieved from /home/airflow/sandbox/lib/python3.8/site-packages/airflow/example_dags/example_dag_decorator.py
[2022-04-12 04:06:54,096] {logging_mixin.py:104} INFO - [2022-04-12 04:06:54,096] {dag.py:1832} INFO - Sync 1 DAGs
[2022-04-12 04:06:54,115] {logging_mixin.py:104} INFO - [2022-04-12 04:06:54,115] {dag.py:2305} INFO - Setting next_dagrun for example_dag_decorator to None
[2022-04-12 04:06:54,194] {scheduler_job.py:190} INFO - Processing /home/airflow/sandbox/lib/python3.8/site-packages/airflow/example_dags/example_dag_decorator.py took 0.700 seconds
[2022-04-12 04:07:24,797] {scheduler_job.py:182} INFO - Started process (PID=84180) to work on /home/airflow/sandbox/lib/python3.8/site-packages/airflow/example_dags/example_dag_decorator.py
[2022-04-12 04:07:24,822] {scheduler_job.py:633} INFO - Processing file /home/airflow/sandbox/lib/python3.8/site-packages/airflow/example_dags/example_dag_decorator.py for tasks to queue
[2022-04-12 04:07:24,835] {logging_mixin.py:104} INFO - [2022-04-12 04:07:24,835] {dagbag.py:487} INFO - Filling up the DagBag from /home/airflow/sandbox/lib/python3.8/site-packages/airflow/example_dags/example_dag_decorator.py
[2022-04-12 04:07:24,881] {scheduler_job.py:643} INFO - DAG(s) dict_keys(['example_dag_decorator']) retrieved from /home/airflow/sandbox/lib/python3.8/site-packages/airflow/example_dags/example_dag_decorator.py
[2022-04-12 04:07:25,896] {logging_mixin.py:104} INFO - [2022-04-12 04:07:25,896] {dag.py:1832} INFO - Sync 1 DAGs
[2022-04-12 04:07:25,943] {logging_mixin.py:104} INFO - [2022-04-12 04:07:25,942] {dag.py:2305} INFO - Setting next_dagrun for example_dag_decorator to None
[2022-04-12 04:07:26,139] {scheduler_job.py:190} INFO - Processing /home/airflow/sandbox/lib/python3.8/site-packages/airflow/example_dags/example_dag_decorator.py took 1.352 seconds
[2022-04-12 04:07:56,435] {scheduler_job.py:182} INFO - Started process (PID=84379) to work on /home/airflow/sandbox/lib/python3.8/site-packages/airflow/example_dags/example_dag_decorator.py
[2022-04-12 04:07:56,449] {scheduler_job.py:633} INFO - Processing file /home/airflow/sandbox/lib/python3.8/site-packages/airflow/example_dags/example_dag_decorator.py for tasks to queue
[2022-04-12 04:07:56,452] {logging_mixin.py:104} INFO - [2022-04-12 04:07:56,452] {dagbag.py:487} INFO - Filling up the DagBag from /home/airflow/sandbox/lib/python3.8/site-packages/airflow/example_dags/example_dag_decorator.py
[2022-04-12 04:07:56,521] {scheduler_job.py:643} INFO - DAG(s) dict_keys(['example_dag_decorator']) retrieved from /home/airflow/sandbox/lib/python3.8/site-packages/airflow/example_dags/example_dag_decorator.py
[2022-04-12 04:07:57,555] {logging_mixin.py:104} INFO - [2022-04-12 04:07:57,555] {dag.py:1832} INFO - Sync 1 DAGs
[2022-04-12 04:07:57,615] {logging_mixin.py:104} INFO - [2022-04-12 04:07:57,615] {dag.py:2305} INFO - Setting next_dagrun for example_dag_decorator to None
[2022-04-12 04:07:57,670] {scheduler_job.py:190} INFO - Processing /home/airflow/sandbox/lib/python3.8/site-packages/airflow/example_dags/example_dag_decorator.py took 1.243 seconds
[2022-04-12 04:08:28,249] {scheduler_job.py:182} INFO - Started process (PID=84638) to work on /home/airflow/sandbox/lib/python3.8/site-packages/airflow/example_dags/example_dag_decorator.py
[2022-04-12 04:08:28,252] {scheduler_job.py:633} INFO - Processing file /home/airflow/sandbox/lib/python3.8/site-packages/airflow/example_dags/example_dag_decorator.py for tasks to queue
[2022-04-12 04:08:28,253] {logging_mixin.py:104} INFO - [2022-04-12 04:08:28,253] {dagbag.py:487} INFO - Filling up the DagBag from /home/airflow/sandbox/lib/python3.8/site-packages/airflow/example_dags/example_dag_decorator.py
[2022-04-12 04:08:28,328] {scheduler_job.py:643} INFO - DAG(s) dict_keys(['example_dag_decorator']) retrieved from /home/airflow/sandbox/lib/python3.8/site-packages/airflow/example_dags/example_dag_decorator.py
[2022-04-12 04:08:29,396] {logging_mixin.py:104} INFO - [2022-04-12 04:08:29,396] {dag.py:1832} INFO - Sync 1 DAGs
[2022-04-12 04:08:29,447] {logging_mixin.py:104} INFO - [2022-04-12 04:08:29,447] {dag.py:2305} INFO - Setting next_dagrun for example_dag_decorator to None
[2022-04-12 04:08:29,546] {scheduler_job.py:190} INFO - Processing /home/airflow/sandbox/lib/python3.8/site-packages/airflow/example_dags/example_dag_decorator.py took 1.315 seconds
[2022-04-12 04:08:59,960] {scheduler_job.py:182} INFO - Started process (PID=84838) to work on /home/airflow/sandbox/lib/python3.8/site-packages/airflow/example_dags/example_dag_decorator.py
[2022-04-12 04:08:59,974] {scheduler_job.py:633} INFO - Processing file /home/airflow/sandbox/lib/python3.8/site-packages/airflow/example_dags/example_dag_decorator.py for tasks to queue
[2022-04-12 04:08:59,976] {logging_mixin.py:104} INFO - [2022-04-12 04:08:59,976] {dagbag.py:487} INFO - Filling up the DagBag from /home/airflow/sandbox/lib/python3.8/site-packages/airflow/example_dags/example_dag_decorator.py
[2022-04-12 04:09:00,023] {scheduler_job.py:643} INFO - DAG(s) dict_keys(['example_dag_decorator']) retrieved from /home/airflow/sandbox/lib/python3.8/site-packages/airflow/example_dags/example_dag_decorator.py
[2022-04-12 04:09:01,159] {logging_mixin.py:104} INFO - [2022-04-12 04:09:01,159] {dag.py:1832} INFO - Sync 1 DAGs
[2022-04-12 04:09:01,213] {logging_mixin.py:104} INFO - [2022-04-12 04:09:01,213] {dag.py:2305} INFO - Setting next_dagrun for example_dag_decorator to None
[2022-04-12 04:09:01,305] {scheduler_job.py:190} INFO - Processing /home/airflow/sandbox/lib/python3.8/site-packages/airflow/example_dags/example_dag_decorator.py took 1.356 seconds
[2022-04-12 04:15:02,839] {scheduler_job.py:182} INFO - Started process (PID=85743) to work on /home/airflow/sandbox/lib/python3.8/site-packages/airflow/example_dags/example_dag_decorator.py
[2022-04-12 04:15:02,866] {scheduler_job.py:633} INFO - Processing file /home/airflow/sandbox/lib/python3.8/site-packages/airflow/example_dags/example_dag_decorator.py for tasks to queue
[2022-04-12 04:15:02,876] {logging_mixin.py:104} INFO - [2022-04-12 04:15:02,876] {dagbag.py:487} INFO - Filling up the DagBag from /home/airflow/sandbox/lib/python3.8/site-packages/airflow/example_dags/example_dag_decorator.py
[2022-04-12 04:15:02,984] {scheduler_job.py:643} INFO - DAG(s) dict_keys(['example_dag_decorator']) retrieved from /home/airflow/sandbox/lib/python3.8/site-packages/airflow/example_dags/example_dag_decorator.py
[2022-04-12 04:15:04,526] {logging_mixin.py:104} INFO - [2022-04-12 04:15:04,525] {dag.py:1832} INFO - Sync 1 DAGs
[2022-04-12 04:15:04,552] {logging_mixin.py:104} INFO - [2022-04-12 04:15:04,552] {dag.py:2305} INFO - Setting next_dagrun for example_dag_decorator to None
[2022-04-12 04:15:04,651] {scheduler_job.py:190} INFO - Processing /home/airflow/sandbox/lib/python3.8/site-packages/airflow/example_dags/example_dag_decorator.py took 1.838 seconds
[2022-04-12 04:15:35,161] {scheduler_job.py:182} INFO - Started process (PID=86078) to work on /home/airflow/sandbox/lib/python3.8/site-packages/airflow/example_dags/example_dag_decorator.py
[2022-04-12 04:15:35,175] {scheduler_job.py:633} INFO - Processing file /home/airflow/sandbox/lib/python3.8/site-packages/airflow/example_dags/example_dag_decorator.py for tasks to queue
[2022-04-12 04:15:35,177] {logging_mixin.py:104} INFO - [2022-04-12 04:15:35,177] {dagbag.py:487} INFO - Filling up the DagBag from /home/airflow/sandbox/lib/python3.8/site-packages/airflow/example_dags/example_dag_decorator.py
[2022-04-12 04:15:35,243] {scheduler_job.py:643} INFO - DAG(s) dict_keys(['example_dag_decorator']) retrieved from /home/airflow/sandbox/lib/python3.8/site-packages/airflow/example_dags/example_dag_decorator.py
[2022-04-12 04:15:36,540] {logging_mixin.py:104} INFO - [2022-04-12 04:15:36,540] {dag.py:1832} INFO - Sync 1 DAGs
[2022-04-12 04:15:36,596] {logging_mixin.py:104} INFO - [2022-04-12 04:15:36,596] {dag.py:2305} INFO - Setting next_dagrun for example_dag_decorator to None
[2022-04-12 04:15:36,795] {scheduler_job.py:190} INFO - Processing /home/airflow/sandbox/lib/python3.8/site-packages/airflow/example_dags/example_dag_decorator.py took 1.655 seconds
[2022-04-12 04:16:07,616] {scheduler_job.py:182} INFO - Started process (PID=86505) to work on /home/airflow/sandbox/lib/python3.8/site-packages/airflow/example_dags/example_dag_decorator.py
[2022-04-12 04:16:07,618] {scheduler_job.py:633} INFO - Processing file /home/airflow/sandbox/lib/python3.8/site-packages/airflow/example_dags/example_dag_decorator.py for tasks to queue
[2022-04-12 04:16:07,619] {logging_mixin.py:104} INFO - [2022-04-12 04:16:07,619] {dagbag.py:487} INFO - Filling up the DagBag from /home/airflow/sandbox/lib/python3.8/site-packages/airflow/example_dags/example_dag_decorator.py
[2022-04-12 04:16:07,679] {scheduler_job.py:643} INFO - DAG(s) dict_keys(['example_dag_decorator']) retrieved from /home/airflow/sandbox/lib/python3.8/site-packages/airflow/example_dags/example_dag_decorator.py
[2022-04-12 04:16:08,607] {logging_mixin.py:104} INFO - [2022-04-12 04:16:08,607] {dag.py:1832} INFO - Sync 1 DAGs
[2022-04-12 04:16:08,628] {logging_mixin.py:104} INFO - [2022-04-12 04:16:08,628] {dag.py:2305} INFO - Setting next_dagrun for example_dag_decorator to None
[2022-04-12 04:16:08,701] {scheduler_job.py:190} INFO - Processing /home/airflow/sandbox/lib/python3.8/site-packages/airflow/example_dags/example_dag_decorator.py took 1.110 seconds
[2022-04-12 04:16:39,197] {scheduler_job.py:182} INFO - Started process (PID=86890) to work on /home/airflow/sandbox/lib/python3.8/site-packages/airflow/example_dags/example_dag_decorator.py
[2022-04-12 04:16:39,227] {scheduler_job.py:633} INFO - Processing file /home/airflow/sandbox/lib/python3.8/site-packages/airflow/example_dags/example_dag_decorator.py for tasks to queue
[2022-04-12 04:16:39,233] {logging_mixin.py:104} INFO - [2022-04-12 04:16:39,233] {dagbag.py:487} INFO - Filling up the DagBag from /home/airflow/sandbox/lib/python3.8/site-packages/airflow/example_dags/example_dag_decorator.py
[2022-04-12 04:16:39,310] {scheduler_job.py:643} INFO - DAG(s) dict_keys(['example_dag_decorator']) retrieved from /home/airflow/sandbox/lib/python3.8/site-packages/airflow/example_dags/example_dag_decorator.py
[2022-04-12 04:16:39,972] {logging_mixin.py:104} INFO - [2022-04-12 04:16:39,972] {dag.py:1832} INFO - Sync 1 DAGs
[2022-04-12 04:16:39,992] {logging_mixin.py:104} INFO - [2022-04-12 04:16:39,992] {dag.py:2305} INFO - Setting next_dagrun for example_dag_decorator to None
[2022-04-12 04:16:40,031] {scheduler_job.py:190} INFO - Processing /home/airflow/sandbox/lib/python3.8/site-packages/airflow/example_dags/example_dag_decorator.py took 0.840 seconds
[2022-04-12 04:17:10,247] {scheduler_job.py:182} INFO - Started process (PID=87276) to work on /home/airflow/sandbox/lib/python3.8/site-packages/airflow/example_dags/example_dag_decorator.py
[2022-04-12 04:17:10,250] {scheduler_job.py:633} INFO - Processing file /home/airflow/sandbox/lib/python3.8/site-packages/airflow/example_dags/example_dag_decorator.py for tasks to queue
[2022-04-12 04:17:10,253] {logging_mixin.py:104} INFO - [2022-04-12 04:17:10,252] {dagbag.py:487} INFO - Filling up the DagBag from /home/airflow/sandbox/lib/python3.8/site-packages/airflow/example_dags/example_dag_decorator.py
[2022-04-12 04:17:10,346] {scheduler_job.py:643} INFO - DAG(s) dict_keys(['example_dag_decorator']) retrieved from /home/airflow/sandbox/lib/python3.8/site-packages/airflow/example_dags/example_dag_decorator.py
[2022-04-12 04:17:10,934] {logging_mixin.py:104} INFO - [2022-04-12 04:17:10,934] {dag.py:1832} INFO - Sync 1 DAGs
[2022-04-12 04:17:10,953] {logging_mixin.py:104} INFO - [2022-04-12 04:17:10,953] {dag.py:2305} INFO - Setting next_dagrun for example_dag_decorator to None
[2022-04-12 04:17:10,989] {scheduler_job.py:190} INFO - Processing /home/airflow/sandbox/lib/python3.8/site-packages/airflow/example_dags/example_dag_decorator.py took 0.796 seconds
[2022-04-12 04:17:41,696] {scheduler_job.py:182} INFO - Started process (PID=87673) to work on /home/airflow/sandbox/lib/python3.8/site-packages/airflow/example_dags/example_dag_decorator.py
[2022-04-12 04:17:41,698] {scheduler_job.py:633} INFO - Processing file /home/airflow/sandbox/lib/python3.8/site-packages/airflow/example_dags/example_dag_decorator.py for tasks to queue
[2022-04-12 04:17:41,699] {logging_mixin.py:104} INFO - [2022-04-12 04:17:41,699] {dagbag.py:487} INFO - Filling up the DagBag from /home/airflow/sandbox/lib/python3.8/site-packages/airflow/example_dags/example_dag_decorator.py
[2022-04-12 04:17:41,727] {scheduler_job.py:643} INFO - DAG(s) dict_keys(['example_dag_decorator']) retrieved from /home/airflow/sandbox/lib/python3.8/site-packages/airflow/example_dags/example_dag_decorator.py
[2022-04-12 04:17:42,187] {logging_mixin.py:104} INFO - [2022-04-12 04:17:42,187] {dag.py:1832} INFO - Sync 1 DAGs
[2022-04-12 04:17:42,206] {logging_mixin.py:104} INFO - [2022-04-12 04:17:42,206] {dag.py:2305} INFO - Setting next_dagrun for example_dag_decorator to None
[2022-04-12 04:17:42,240] {scheduler_job.py:190} INFO - Processing /home/airflow/sandbox/lib/python3.8/site-packages/airflow/example_dags/example_dag_decorator.py took 0.551 seconds
[2022-04-12 04:18:12,462] {scheduler_job.py:182} INFO - Started process (PID=88052) to work on /home/airflow/sandbox/lib/python3.8/site-packages/airflow/example_dags/example_dag_decorator.py
[2022-04-12 04:18:12,467] {scheduler_job.py:633} INFO - Processing file /home/airflow/sandbox/lib/python3.8/site-packages/airflow/example_dags/example_dag_decorator.py for tasks to queue
[2022-04-12 04:18:12,473] {logging_mixin.py:104} INFO - [2022-04-12 04:18:12,472] {dagbag.py:487} INFO - Filling up the DagBag from /home/airflow/sandbox/lib/python3.8/site-packages/airflow/example_dags/example_dag_decorator.py
[2022-04-12 04:18:12,511] {scheduler_job.py:643} INFO - DAG(s) dict_keys(['example_dag_decorator']) retrieved from /home/airflow/sandbox/lib/python3.8/site-packages/airflow/example_dags/example_dag_decorator.py
[2022-04-12 04:18:13,373] {logging_mixin.py:104} INFO - [2022-04-12 04:18:13,373] {dag.py:1832} INFO - Sync 1 DAGs
[2022-04-12 04:18:13,466] {logging_mixin.py:104} INFO - [2022-04-12 04:18:13,466] {dag.py:2305} INFO - Setting next_dagrun for example_dag_decorator to None
[2022-04-12 04:18:13,638] {scheduler_job.py:190} INFO - Processing /home/airflow/sandbox/lib/python3.8/site-packages/airflow/example_dags/example_dag_decorator.py took 1.196 seconds
[2022-04-12 04:18:43,929] {scheduler_job.py:182} INFO - Started process (PID=88448) to work on /home/airflow/sandbox/lib/python3.8/site-packages/airflow/example_dags/example_dag_decorator.py
[2022-04-12 04:18:43,949] {scheduler_job.py:633} INFO - Processing file /home/airflow/sandbox/lib/python3.8/site-packages/airflow/example_dags/example_dag_decorator.py for tasks to queue
[2022-04-12 04:18:43,957] {logging_mixin.py:104} INFO - [2022-04-12 04:18:43,956] {dagbag.py:487} INFO - Filling up the DagBag from /home/airflow/sandbox/lib/python3.8/site-packages/airflow/example_dags/example_dag_decorator.py
[2022-04-12 04:18:44,046] {scheduler_job.py:643} INFO - DAG(s) dict_keys(['example_dag_decorator']) retrieved from /home/airflow/sandbox/lib/python3.8/site-packages/airflow/example_dags/example_dag_decorator.py
[2022-04-12 04:18:45,123] {logging_mixin.py:104} INFO - [2022-04-12 04:18:45,123] {dag.py:1832} INFO - Sync 1 DAGs
[2022-04-12 04:18:45,159] {logging_mixin.py:104} INFO - [2022-04-12 04:18:45,159] {dag.py:2305} INFO - Setting next_dagrun for example_dag_decorator to None
[2022-04-12 04:18:45,204] {scheduler_job.py:190} INFO - Processing /home/airflow/sandbox/lib/python3.8/site-packages/airflow/example_dags/example_dag_decorator.py took 1.287 seconds
[2022-04-12 04:19:15,946] {scheduler_job.py:182} INFO - Started process (PID=88832) to work on /home/airflow/sandbox/lib/python3.8/site-packages/airflow/example_dags/example_dag_decorator.py
[2022-04-12 04:19:15,963] {scheduler_job.py:633} INFO - Processing file /home/airflow/sandbox/lib/python3.8/site-packages/airflow/example_dags/example_dag_decorator.py for tasks to queue
[2022-04-12 04:19:15,967] {logging_mixin.py:104} INFO - [2022-04-12 04:19:15,967] {dagbag.py:487} INFO - Filling up the DagBag from /home/airflow/sandbox/lib/python3.8/site-packages/airflow/example_dags/example_dag_decorator.py
[2022-04-12 04:19:16,107] {scheduler_job.py:643} INFO - DAG(s) dict_keys(['example_dag_decorator']) retrieved from /home/airflow/sandbox/lib/python3.8/site-packages/airflow/example_dags/example_dag_decorator.py
[2022-04-12 04:19:17,084] {logging_mixin.py:104} INFO - [2022-04-12 04:19:17,084] {dag.py:1832} INFO - Sync 1 DAGs
[2022-04-12 04:19:17,121] {logging_mixin.py:104} INFO - [2022-04-12 04:19:17,121] {dag.py:2305} INFO - Setting next_dagrun for example_dag_decorator to None
[2022-04-12 04:19:17,172] {scheduler_job.py:190} INFO - Processing /home/airflow/sandbox/lib/python3.8/site-packages/airflow/example_dags/example_dag_decorator.py took 1.237 seconds
[2022-04-12 04:19:47,657] {scheduler_job.py:182} INFO - Started process (PID=89476) to work on /home/airflow/sandbox/lib/python3.8/site-packages/airflow/example_dags/example_dag_decorator.py
[2022-04-12 04:19:47,662] {scheduler_job.py:633} INFO - Processing file /home/airflow/sandbox/lib/python3.8/site-packages/airflow/example_dags/example_dag_decorator.py for tasks to queue
[2022-04-12 04:19:47,663] {logging_mixin.py:104} INFO - [2022-04-12 04:19:47,663] {dagbag.py:487} INFO - Filling up the DagBag from /home/airflow/sandbox/lib/python3.8/site-packages/airflow/example_dags/example_dag_decorator.py
[2022-04-12 04:19:47,698] {scheduler_job.py:643} INFO - DAG(s) dict_keys(['example_dag_decorator']) retrieved from /home/airflow/sandbox/lib/python3.8/site-packages/airflow/example_dags/example_dag_decorator.py
[2022-04-12 04:19:48,482] {logging_mixin.py:104} INFO - [2022-04-12 04:19:48,482] {dag.py:1832} INFO - Sync 1 DAGs
[2022-04-12 04:19:48,520] {logging_mixin.py:104} INFO - [2022-04-12 04:19:48,520] {dag.py:2305} INFO - Setting next_dagrun for example_dag_decorator to None
[2022-04-12 04:19:48,569] {scheduler_job.py:190} INFO - Processing /home/airflow/sandbox/lib/python3.8/site-packages/airflow/example_dags/example_dag_decorator.py took 0.922 seconds
[2022-04-12 04:20:19,583] {scheduler_job.py:182} INFO - Started process (PID=89871) to work on /home/airflow/sandbox/lib/python3.8/site-packages/airflow/example_dags/example_dag_decorator.py
[2022-04-12 04:20:19,591] {scheduler_job.py:633} INFO - Processing file /home/airflow/sandbox/lib/python3.8/site-packages/airflow/example_dags/example_dag_decorator.py for tasks to queue
[2022-04-12 04:20:19,611] {logging_mixin.py:104} INFO - [2022-04-12 04:20:19,610] {dagbag.py:487} INFO - Filling up the DagBag from /home/airflow/sandbox/lib/python3.8/site-packages/airflow/example_dags/example_dag_decorator.py
[2022-04-12 04:20:19,682] {scheduler_job.py:643} INFO - DAG(s) dict_keys(['example_dag_decorator']) retrieved from /home/airflow/sandbox/lib/python3.8/site-packages/airflow/example_dags/example_dag_decorator.py
[2022-04-12 04:20:20,671] {logging_mixin.py:104} INFO - [2022-04-12 04:20:20,671] {dag.py:1832} INFO - Sync 1 DAGs
[2022-04-12 04:20:20,704] {logging_mixin.py:104} INFO - [2022-04-12 04:20:20,703] {dag.py:2305} INFO - Setting next_dagrun for example_dag_decorator to None
[2022-04-12 04:20:20,733] {scheduler_job.py:190} INFO - Processing /home/airflow/sandbox/lib/python3.8/site-packages/airflow/example_dags/example_dag_decorator.py took 1.166 seconds
[2022-04-12 04:20:53,012] {scheduler_job.py:182} INFO - Started process (PID=90197) to work on /home/airflow/sandbox/lib/python3.8/site-packages/airflow/example_dags/example_dag_decorator.py
[2022-04-12 04:20:53,017] {scheduler_job.py:633} INFO - Processing file /home/airflow/sandbox/lib/python3.8/site-packages/airflow/example_dags/example_dag_decorator.py for tasks to queue
[2022-04-12 04:20:53,021] {logging_mixin.py:104} INFO - [2022-04-12 04:20:53,020] {dagbag.py:487} INFO - Filling up the DagBag from /home/airflow/sandbox/lib/python3.8/site-packages/airflow/example_dags/example_dag_decorator.py
[2022-04-12 04:20:53,083] {scheduler_job.py:643} INFO - DAG(s) dict_keys(['example_dag_decorator']) retrieved from /home/airflow/sandbox/lib/python3.8/site-packages/airflow/example_dags/example_dag_decorator.py
[2022-04-12 04:20:54,627] {logging_mixin.py:104} INFO - [2022-04-12 04:20:54,626] {dag.py:1832} INFO - Sync 1 DAGs
[2022-04-12 04:20:54,680] {logging_mixin.py:104} INFO - [2022-04-12 04:20:54,679] {dag.py:2305} INFO - Setting next_dagrun for example_dag_decorator to None
[2022-04-12 04:20:54,797] {scheduler_job.py:190} INFO - Processing /home/airflow/sandbox/lib/python3.8/site-packages/airflow/example_dags/example_dag_decorator.py took 1.803 seconds
[2022-04-12 04:21:26,796] {scheduler_job.py:182} INFO - Started process (PID=90394) to work on /home/airflow/sandbox/lib/python3.8/site-packages/airflow/example_dags/example_dag_decorator.py
[2022-04-12 04:21:26,821] {scheduler_job.py:633} INFO - Processing file /home/airflow/sandbox/lib/python3.8/site-packages/airflow/example_dags/example_dag_decorator.py for tasks to queue
[2022-04-12 04:21:26,824] {logging_mixin.py:104} INFO - [2022-04-12 04:21:26,824] {dagbag.py:487} INFO - Filling up the DagBag from /home/airflow/sandbox/lib/python3.8/site-packages/airflow/example_dags/example_dag_decorator.py
[2022-04-12 04:21:26,963] {scheduler_job.py:643} INFO - DAG(s) dict_keys(['example_dag_decorator']) retrieved from /home/airflow/sandbox/lib/python3.8/site-packages/airflow/example_dags/example_dag_decorator.py
[2022-04-12 04:21:28,667] {logging_mixin.py:104} INFO - [2022-04-12 04:21:28,667] {dag.py:1832} INFO - Sync 1 DAGs
[2022-04-12 04:21:28,705] {logging_mixin.py:104} INFO - [2022-04-12 04:21:28,705] {dag.py:2305} INFO - Setting next_dagrun for example_dag_decorator to None
[2022-04-12 04:21:28,774] {scheduler_job.py:190} INFO - Processing /home/airflow/sandbox/lib/python3.8/site-packages/airflow/example_dags/example_dag_decorator.py took 1.990 seconds
[2022-04-12 04:22:00,554] {scheduler_job.py:182} INFO - Started process (PID=90650) to work on /home/airflow/sandbox/lib/python3.8/site-packages/airflow/example_dags/example_dag_decorator.py
[2022-04-12 04:22:00,572] {scheduler_job.py:633} INFO - Processing file /home/airflow/sandbox/lib/python3.8/site-packages/airflow/example_dags/example_dag_decorator.py for tasks to queue
[2022-04-12 04:22:00,574] {logging_mixin.py:104} INFO - [2022-04-12 04:22:00,574] {dagbag.py:487} INFO - Filling up the DagBag from /home/airflow/sandbox/lib/python3.8/site-packages/airflow/example_dags/example_dag_decorator.py
[2022-04-12 04:22:00,796] {scheduler_job.py:643} INFO - DAG(s) dict_keys(['example_dag_decorator']) retrieved from /home/airflow/sandbox/lib/python3.8/site-packages/airflow/example_dags/example_dag_decorator.py
[2022-04-12 04:22:02,577] {logging_mixin.py:104} INFO - [2022-04-12 04:22:02,576] {dag.py:1832} INFO - Sync 1 DAGs
[2022-04-12 04:22:02,616] {logging_mixin.py:104} INFO - [2022-04-12 04:22:02,615] {dag.py:2305} INFO - Setting next_dagrun for example_dag_decorator to None
[2022-04-12 04:22:02,657] {scheduler_job.py:190} INFO - Processing /home/airflow/sandbox/lib/python3.8/site-packages/airflow/example_dags/example_dag_decorator.py took 2.111 seconds
[2022-04-12 04:22:34,219] {scheduler_job.py:182} INFO - Started process (PID=90972) to work on /home/airflow/sandbox/lib/python3.8/site-packages/airflow/example_dags/example_dag_decorator.py
[2022-04-12 04:22:34,238] {scheduler_job.py:633} INFO - Processing file /home/airflow/sandbox/lib/python3.8/site-packages/airflow/example_dags/example_dag_decorator.py for tasks to queue
[2022-04-12 04:22:34,240] {logging_mixin.py:104} INFO - [2022-04-12 04:22:34,240] {dagbag.py:487} INFO - Filling up the DagBag from /home/airflow/sandbox/lib/python3.8/site-packages/airflow/example_dags/example_dag_decorator.py
[2022-04-12 04:22:34,381] {scheduler_job.py:643} INFO - DAG(s) dict_keys(['example_dag_decorator']) retrieved from /home/airflow/sandbox/lib/python3.8/site-packages/airflow/example_dags/example_dag_decorator.py
[2022-04-12 04:22:35,245] {logging_mixin.py:104} INFO - [2022-04-12 04:22:35,244] {dag.py:1832} INFO - Sync 1 DAGs
[2022-04-12 04:22:35,292] {logging_mixin.py:104} INFO - [2022-04-12 04:22:35,292] {dag.py:2305} INFO - Setting next_dagrun for example_dag_decorator to None
[2022-04-12 04:22:35,338] {scheduler_job.py:190} INFO - Processing /home/airflow/sandbox/lib/python3.8/site-packages/airflow/example_dags/example_dag_decorator.py took 1.170 seconds
[2022-04-12 04:23:07,725] {scheduler_job.py:182} INFO - Started process (PID=91173) to work on /home/airflow/sandbox/lib/python3.8/site-packages/airflow/example_dags/example_dag_decorator.py
[2022-04-12 04:23:07,747] {scheduler_job.py:633} INFO - Processing file /home/airflow/sandbox/lib/python3.8/site-packages/airflow/example_dags/example_dag_decorator.py for tasks to queue
[2022-04-12 04:23:07,770] {logging_mixin.py:104} INFO - [2022-04-12 04:23:07,769] {dagbag.py:487} INFO - Filling up the DagBag from /home/airflow/sandbox/lib/python3.8/site-packages/airflow/example_dags/example_dag_decorator.py
[2022-04-12 04:23:07,942] {scheduler_job.py:643} INFO - DAG(s) dict_keys(['example_dag_decorator']) retrieved from /home/airflow/sandbox/lib/python3.8/site-packages/airflow/example_dags/example_dag_decorator.py
[2022-04-12 04:23:10,385] {logging_mixin.py:104} INFO - [2022-04-12 04:23:10,385] {dag.py:1832} INFO - Sync 1 DAGs
[2022-04-12 04:23:10,519] {logging_mixin.py:104} INFO - [2022-04-12 04:23:10,517] {dag.py:2305} INFO - Setting next_dagrun for example_dag_decorator to None
[2022-04-12 04:23:10,702] {scheduler_job.py:190} INFO - Processing /home/airflow/sandbox/lib/python3.8/site-packages/airflow/example_dags/example_dag_decorator.py took 3.026 seconds
[2022-04-12 04:23:42,713] {scheduler_job.py:182} INFO - Started process (PID=91397) to work on /home/airflow/sandbox/lib/python3.8/site-packages/airflow/example_dags/example_dag_decorator.py
[2022-04-12 04:23:42,798] {scheduler_job.py:633} INFO - Processing file /home/airflow/sandbox/lib/python3.8/site-packages/airflow/example_dags/example_dag_decorator.py for tasks to queue
[2022-04-12 04:23:42,823] {logging_mixin.py:104} INFO - [2022-04-12 04:23:42,823] {dagbag.py:487} INFO - Filling up the DagBag from /home/airflow/sandbox/lib/python3.8/site-packages/airflow/example_dags/example_dag_decorator.py
[2022-04-12 04:23:42,946] {scheduler_job.py:643} INFO - DAG(s) dict_keys(['example_dag_decorator']) retrieved from /home/airflow/sandbox/lib/python3.8/site-packages/airflow/example_dags/example_dag_decorator.py
[2022-04-12 04:23:45,046] {logging_mixin.py:104} INFO - [2022-04-12 04:23:45,046] {dag.py:1832} INFO - Sync 1 DAGs
[2022-04-12 04:23:45,133] {logging_mixin.py:104} INFO - [2022-04-12 04:23:45,132] {dag.py:2305} INFO - Setting next_dagrun for example_dag_decorator to None
[2022-04-12 04:23:45,322] {scheduler_job.py:190} INFO - Processing /home/airflow/sandbox/lib/python3.8/site-packages/airflow/example_dags/example_dag_decorator.py took 2.626 seconds
[2022-04-12 04:24:19,686] {scheduler_job.py:182} INFO - Started process (PID=91637) to work on /home/airflow/sandbox/lib/python3.8/site-packages/airflow/example_dags/example_dag_decorator.py
[2022-04-12 04:24:19,699] {scheduler_job.py:633} INFO - Processing file /home/airflow/sandbox/lib/python3.8/site-packages/airflow/example_dags/example_dag_decorator.py for tasks to queue
[2022-04-12 04:24:19,711] {logging_mixin.py:104} INFO - [2022-04-12 04:24:19,710] {dagbag.py:487} INFO - Filling up the DagBag from /home/airflow/sandbox/lib/python3.8/site-packages/airflow/example_dags/example_dag_decorator.py
[2022-04-12 04:24:19,977] {scheduler_job.py:643} INFO - DAG(s) dict_keys(['example_dag_decorator']) retrieved from /home/airflow/sandbox/lib/python3.8/site-packages/airflow/example_dags/example_dag_decorator.py
[2022-04-12 04:24:22,874] {logging_mixin.py:104} INFO - [2022-04-12 04:24:22,873] {dag.py:1832} INFO - Sync 1 DAGs
[2022-04-12 04:24:23,004] {logging_mixin.py:104} INFO - [2022-04-12 04:24:23,003] {dag.py:2305} INFO - Setting next_dagrun for example_dag_decorator to None
[2022-04-12 04:24:23,241] {scheduler_job.py:190} INFO - Processing /home/airflow/sandbox/lib/python3.8/site-packages/airflow/example_dags/example_dag_decorator.py took 3.587 seconds
[2022-04-12 04:24:54,218] {scheduler_job.py:182} INFO - Started process (PID=92095) to work on /home/airflow/sandbox/lib/python3.8/site-packages/airflow/example_dags/example_dag_decorator.py
[2022-04-12 04:24:54,221] {scheduler_job.py:633} INFO - Processing file /home/airflow/sandbox/lib/python3.8/site-packages/airflow/example_dags/example_dag_decorator.py for tasks to queue
[2022-04-12 04:24:54,229] {logging_mixin.py:104} INFO - [2022-04-12 04:24:54,226] {dagbag.py:487} INFO - Filling up the DagBag from /home/airflow/sandbox/lib/python3.8/site-packages/airflow/example_dags/example_dag_decorator.py
[2022-04-12 04:24:54,336] {scheduler_job.py:643} INFO - DAG(s) dict_keys(['example_dag_decorator']) retrieved from /home/airflow/sandbox/lib/python3.8/site-packages/airflow/example_dags/example_dag_decorator.py
[2022-04-12 04:24:55,430] {logging_mixin.py:104} INFO - [2022-04-12 04:24:55,429] {dag.py:1832} INFO - Sync 1 DAGs
[2022-04-12 04:24:55,598] {logging_mixin.py:104} INFO - [2022-04-12 04:24:55,597] {dag.py:2305} INFO - Setting next_dagrun for example_dag_decorator to None
[2022-04-12 04:24:55,805] {scheduler_job.py:190} INFO - Processing /home/airflow/sandbox/lib/python3.8/site-packages/airflow/example_dags/example_dag_decorator.py took 1.607 seconds
[2022-04-12 04:25:27,985] {scheduler_job.py:182} INFO - Started process (PID=92303) to work on /home/airflow/sandbox/lib/python3.8/site-packages/airflow/example_dags/example_dag_decorator.py
[2022-04-12 04:25:27,992] {scheduler_job.py:633} INFO - Processing file /home/airflow/sandbox/lib/python3.8/site-packages/airflow/example_dags/example_dag_decorator.py for tasks to queue
[2022-04-12 04:25:27,995] {logging_mixin.py:104} INFO - [2022-04-12 04:25:27,995] {dagbag.py:487} INFO - Filling up the DagBag from /home/airflow/sandbox/lib/python3.8/site-packages/airflow/example_dags/example_dag_decorator.py
[2022-04-12 04:25:28,058] {scheduler_job.py:643} INFO - DAG(s) dict_keys(['example_dag_decorator']) retrieved from /home/airflow/sandbox/lib/python3.8/site-packages/airflow/example_dags/example_dag_decorator.py
[2022-04-12 04:25:30,549] {logging_mixin.py:104} INFO - [2022-04-12 04:25:30,549] {dag.py:1832} INFO - Sync 1 DAGs
[2022-04-12 04:25:30,656] {logging_mixin.py:104} INFO - [2022-04-12 04:25:30,656] {dag.py:2305} INFO - Setting next_dagrun for example_dag_decorator to None
[2022-04-12 04:25:30,818] {scheduler_job.py:190} INFO - Processing /home/airflow/sandbox/lib/python3.8/site-packages/airflow/example_dags/example_dag_decorator.py took 2.849 seconds
[2022-04-12 04:26:01,300] {scheduler_job.py:182} INFO - Started process (PID=92509) to work on /home/airflow/sandbox/lib/python3.8/site-packages/airflow/example_dags/example_dag_decorator.py
[2022-04-12 04:26:01,305] {scheduler_job.py:633} INFO - Processing file /home/airflow/sandbox/lib/python3.8/site-packages/airflow/example_dags/example_dag_decorator.py for tasks to queue
[2022-04-12 04:26:01,326] {logging_mixin.py:104} INFO - [2022-04-12 04:26:01,325] {dagbag.py:487} INFO - Filling up the DagBag from /home/airflow/sandbox/lib/python3.8/site-packages/airflow/example_dags/example_dag_decorator.py
[2022-04-12 04:26:01,444] {scheduler_job.py:643} INFO - DAG(s) dict_keys(['example_dag_decorator']) retrieved from /home/airflow/sandbox/lib/python3.8/site-packages/airflow/example_dags/example_dag_decorator.py
[2022-04-12 04:26:03,603] {logging_mixin.py:104} INFO - [2022-04-12 04:26:03,603] {dag.py:1832} INFO - Sync 1 DAGs
[2022-04-12 04:26:03,707] {logging_mixin.py:104} INFO - [2022-04-12 04:26:03,707] {dag.py:2305} INFO - Setting next_dagrun for example_dag_decorator to None
[2022-04-12 04:26:03,877] {scheduler_job.py:190} INFO - Processing /home/airflow/sandbox/lib/python3.8/site-packages/airflow/example_dags/example_dag_decorator.py took 2.618 seconds
[2022-04-12 04:26:35,324] {scheduler_job.py:182} INFO - Started process (PID=92740) to work on /home/airflow/sandbox/lib/python3.8/site-packages/airflow/example_dags/example_dag_decorator.py
[2022-04-12 04:26:35,336] {scheduler_job.py:633} INFO - Processing file /home/airflow/sandbox/lib/python3.8/site-packages/airflow/example_dags/example_dag_decorator.py for tasks to queue
[2022-04-12 04:26:35,339] {logging_mixin.py:104} INFO - [2022-04-12 04:26:35,338] {dagbag.py:487} INFO - Filling up the DagBag from /home/airflow/sandbox/lib/python3.8/site-packages/airflow/example_dags/example_dag_decorator.py
[2022-04-12 04:26:35,388] {scheduler_job.py:643} INFO - DAG(s) dict_keys(['example_dag_decorator']) retrieved from /home/airflow/sandbox/lib/python3.8/site-packages/airflow/example_dags/example_dag_decorator.py
[2022-04-12 04:26:36,442] {logging_mixin.py:104} INFO - [2022-04-12 04:26:36,442] {dag.py:1832} INFO - Sync 1 DAGs
[2022-04-12 04:26:36,497] {logging_mixin.py:104} INFO - [2022-04-12 04:26:36,496] {dag.py:2305} INFO - Setting next_dagrun for example_dag_decorator to None
[2022-04-12 04:26:36,604] {scheduler_job.py:190} INFO - Processing /home/airflow/sandbox/lib/python3.8/site-packages/airflow/example_dags/example_dag_decorator.py took 1.331 seconds
[2022-04-12 04:27:08,239] {scheduler_job.py:182} INFO - Started process (PID=92944) to work on /home/airflow/sandbox/lib/python3.8/site-packages/airflow/example_dags/example_dag_decorator.py
[2022-04-12 04:27:08,266] {scheduler_job.py:633} INFO - Processing file /home/airflow/sandbox/lib/python3.8/site-packages/airflow/example_dags/example_dag_decorator.py for tasks to queue
[2022-04-12 04:27:08,291] {logging_mixin.py:104} INFO - [2022-04-12 04:27:08,290] {dagbag.py:487} INFO - Filling up the DagBag from /home/airflow/sandbox/lib/python3.8/site-packages/airflow/example_dags/example_dag_decorator.py
[2022-04-12 04:27:08,432] {scheduler_job.py:643} INFO - DAG(s) dict_keys(['example_dag_decorator']) retrieved from /home/airflow/sandbox/lib/python3.8/site-packages/airflow/example_dags/example_dag_decorator.py
[2022-04-12 04:27:09,757] {logging_mixin.py:104} INFO - [2022-04-12 04:27:09,756] {dag.py:1832} INFO - Sync 1 DAGs
[2022-04-12 04:27:09,908] {logging_mixin.py:104} INFO - [2022-04-12 04:27:09,907] {dag.py:2305} INFO - Setting next_dagrun for example_dag_decorator to None
[2022-04-12 04:27:10,188] {scheduler_job.py:190} INFO - Processing /home/airflow/sandbox/lib/python3.8/site-packages/airflow/example_dags/example_dag_decorator.py took 2.000 seconds
[2022-04-12 04:27:40,817] {scheduler_job.py:182} INFO - Started process (PID=93144) to work on /home/airflow/sandbox/lib/python3.8/site-packages/airflow/example_dags/example_dag_decorator.py
[2022-04-12 04:27:40,840] {scheduler_job.py:633} INFO - Processing file /home/airflow/sandbox/lib/python3.8/site-packages/airflow/example_dags/example_dag_decorator.py for tasks to queue
[2022-04-12 04:27:40,848] {logging_mixin.py:104} INFO - [2022-04-12 04:27:40,847] {dagbag.py:487} INFO - Filling up the DagBag from /home/airflow/sandbox/lib/python3.8/site-packages/airflow/example_dags/example_dag_decorator.py
[2022-04-12 04:27:41,025] {scheduler_job.py:643} INFO - DAG(s) dict_keys(['example_dag_decorator']) retrieved from /home/airflow/sandbox/lib/python3.8/site-packages/airflow/example_dags/example_dag_decorator.py
[2022-04-12 04:27:42,594] {logging_mixin.py:104} INFO - [2022-04-12 04:27:42,593] {dag.py:1832} INFO - Sync 1 DAGs
[2022-04-12 04:27:42,633] {logging_mixin.py:104} INFO - [2022-04-12 04:27:42,633] {dag.py:2305} INFO - Setting next_dagrun for example_dag_decorator to None
[2022-04-12 04:27:42,782] {scheduler_job.py:190} INFO - Processing /home/airflow/sandbox/lib/python3.8/site-packages/airflow/example_dags/example_dag_decorator.py took 1.977 seconds
[2022-04-12 04:28:13,282] {scheduler_job.py:182} INFO - Started process (PID=93348) to work on /home/airflow/sandbox/lib/python3.8/site-packages/airflow/example_dags/example_dag_decorator.py
[2022-04-12 04:28:13,291] {scheduler_job.py:633} INFO - Processing file /home/airflow/sandbox/lib/python3.8/site-packages/airflow/example_dags/example_dag_decorator.py for tasks to queue
[2022-04-12 04:28:13,299] {logging_mixin.py:104} INFO - [2022-04-12 04:28:13,299] {dagbag.py:487} INFO - Filling up the DagBag from /home/airflow/sandbox/lib/python3.8/site-packages/airflow/example_dags/example_dag_decorator.py
[2022-04-12 04:28:13,452] {scheduler_job.py:643} INFO - DAG(s) dict_keys(['example_dag_decorator']) retrieved from /home/airflow/sandbox/lib/python3.8/site-packages/airflow/example_dags/example_dag_decorator.py
[2022-04-12 04:28:15,115] {logging_mixin.py:104} INFO - [2022-04-12 04:28:15,114] {dag.py:1832} INFO - Sync 1 DAGs
[2022-04-12 04:28:15,153] {logging_mixin.py:104} INFO - [2022-04-12 04:28:15,153] {dag.py:2305} INFO - Setting next_dagrun for example_dag_decorator to None
[2022-04-12 04:28:15,198] {scheduler_job.py:190} INFO - Processing /home/airflow/sandbox/lib/python3.8/site-packages/airflow/example_dags/example_dag_decorator.py took 1.955 seconds
[2022-04-12 04:28:45,625] {scheduler_job.py:182} INFO - Started process (PID=93546) to work on /home/airflow/sandbox/lib/python3.8/site-packages/airflow/example_dags/example_dag_decorator.py
[2022-04-12 04:28:45,633] {scheduler_job.py:633} INFO - Processing file /home/airflow/sandbox/lib/python3.8/site-packages/airflow/example_dags/example_dag_decorator.py for tasks to queue
[2022-04-12 04:28:45,657] {logging_mixin.py:104} INFO - [2022-04-12 04:28:45,657] {dagbag.py:487} INFO - Filling up the DagBag from /home/airflow/sandbox/lib/python3.8/site-packages/airflow/example_dags/example_dag_decorator.py
[2022-04-12 04:28:45,752] {scheduler_job.py:643} INFO - DAG(s) dict_keys(['example_dag_decorator']) retrieved from /home/airflow/sandbox/lib/python3.8/site-packages/airflow/example_dags/example_dag_decorator.py
[2022-04-12 04:28:47,431] {logging_mixin.py:104} INFO - [2022-04-12 04:28:47,430] {dag.py:1832} INFO - Sync 1 DAGs
[2022-04-12 04:28:47,522] {logging_mixin.py:104} INFO - [2022-04-12 04:28:47,522] {dag.py:2305} INFO - Setting next_dagrun for example_dag_decorator to None
[2022-04-12 04:28:48,216] {scheduler_job.py:190} INFO - Processing /home/airflow/sandbox/lib/python3.8/site-packages/airflow/example_dags/example_dag_decorator.py took 2.619 seconds
[2022-04-12 04:30:43,785] {scheduler_job.py:182} INFO - Started process (PID=94151) to work on /home/airflow/sandbox/lib/python3.8/site-packages/airflow/example_dags/example_dag_decorator.py
[2022-04-12 04:30:43,793] {scheduler_job.py:633} INFO - Processing file /home/airflow/sandbox/lib/python3.8/site-packages/airflow/example_dags/example_dag_decorator.py for tasks to queue
[2022-04-12 04:30:43,798] {logging_mixin.py:104} INFO - [2022-04-12 04:30:43,797] {dagbag.py:487} INFO - Filling up the DagBag from /home/airflow/sandbox/lib/python3.8/site-packages/airflow/example_dags/example_dag_decorator.py
[2022-04-12 04:30:44,001] {scheduler_job.py:643} INFO - DAG(s) dict_keys(['example_dag_decorator']) retrieved from /home/airflow/sandbox/lib/python3.8/site-packages/airflow/example_dags/example_dag_decorator.py
[2022-04-12 04:30:46,180] {logging_mixin.py:104} INFO - [2022-04-12 04:30:46,180] {dag.py:1832} INFO - Sync 1 DAGs
[2022-04-12 04:30:46,233] {logging_mixin.py:104} INFO - [2022-04-12 04:30:46,233] {dag.py:2305} INFO - Setting next_dagrun for example_dag_decorator to None
[2022-04-12 04:30:46,370] {scheduler_job.py:190} INFO - Processing /home/airflow/sandbox/lib/python3.8/site-packages/airflow/example_dags/example_dag_decorator.py took 2.636 seconds
[2022-04-12 04:31:18,291] {scheduler_job.py:182} INFO - Started process (PID=94351) to work on /home/airflow/sandbox/lib/python3.8/site-packages/airflow/example_dags/example_dag_decorator.py
[2022-04-12 04:31:18,294] {scheduler_job.py:633} INFO - Processing file /home/airflow/sandbox/lib/python3.8/site-packages/airflow/example_dags/example_dag_decorator.py for tasks to queue
[2022-04-12 04:31:18,296] {logging_mixin.py:104} INFO - [2022-04-12 04:31:18,296] {dagbag.py:487} INFO - Filling up the DagBag from /home/airflow/sandbox/lib/python3.8/site-packages/airflow/example_dags/example_dag_decorator.py
[2022-04-12 04:31:18,373] {scheduler_job.py:643} INFO - DAG(s) dict_keys(['example_dag_decorator']) retrieved from /home/airflow/sandbox/lib/python3.8/site-packages/airflow/example_dags/example_dag_decorator.py
[2022-04-12 04:31:20,759] {logging_mixin.py:104} INFO - [2022-04-12 04:31:20,759] {dag.py:1832} INFO - Sync 1 DAGs
[2022-04-12 04:31:20,837] {logging_mixin.py:104} INFO - [2022-04-12 04:31:20,836] {dag.py:2305} INFO - Setting next_dagrun for example_dag_decorator to None
[2022-04-12 04:31:21,115] {scheduler_job.py:190} INFO - Processing /home/airflow/sandbox/lib/python3.8/site-packages/airflow/example_dags/example_dag_decorator.py took 2.860 seconds
[2022-04-12 04:31:51,293] {scheduler_job.py:182} INFO - Started process (PID=94551) to work on /home/airflow/sandbox/lib/python3.8/site-packages/airflow/example_dags/example_dag_decorator.py
[2022-04-12 04:31:51,348] {scheduler_job.py:633} INFO - Processing file /home/airflow/sandbox/lib/python3.8/site-packages/airflow/example_dags/example_dag_decorator.py for tasks to queue
[2022-04-12 04:31:51,379] {logging_mixin.py:104} INFO - [2022-04-12 04:31:51,378] {dagbag.py:487} INFO - Filling up the DagBag from /home/airflow/sandbox/lib/python3.8/site-packages/airflow/example_dags/example_dag_decorator.py
[2022-04-12 04:31:51,544] {scheduler_job.py:643} INFO - DAG(s) dict_keys(['example_dag_decorator']) retrieved from /home/airflow/sandbox/lib/python3.8/site-packages/airflow/example_dags/example_dag_decorator.py
[2022-04-12 04:31:51,752] {logging_mixin.py:104} INFO - [2022-04-12 04:31:51,752] {dag.py:1832} INFO - Sync 1 DAGs
[2022-04-12 04:31:51,813] {logging_mixin.py:104} INFO - [2022-04-12 04:31:51,813] {dag.py:2305} INFO - Setting next_dagrun for example_dag_decorator to None
[2022-04-12 04:31:51,973] {scheduler_job.py:190} INFO - Processing /home/airflow/sandbox/lib/python3.8/site-packages/airflow/example_dags/example_dag_decorator.py took 0.691 seconds
[2022-04-12 04:32:22,905] {scheduler_job.py:182} INFO - Started process (PID=94746) to work on /home/airflow/sandbox/lib/python3.8/site-packages/airflow/example_dags/example_dag_decorator.py
[2022-04-12 04:32:22,933] {scheduler_job.py:633} INFO - Processing file /home/airflow/sandbox/lib/python3.8/site-packages/airflow/example_dags/example_dag_decorator.py for tasks to queue
[2022-04-12 04:32:22,935] {logging_mixin.py:104} INFO - [2022-04-12 04:32:22,935] {dagbag.py:487} INFO - Filling up the DagBag from /home/airflow/sandbox/lib/python3.8/site-packages/airflow/example_dags/example_dag_decorator.py
[2022-04-12 04:32:22,964] {scheduler_job.py:643} INFO - DAG(s) dict_keys(['example_dag_decorator']) retrieved from /home/airflow/sandbox/lib/python3.8/site-packages/airflow/example_dags/example_dag_decorator.py
[2022-04-12 04:32:24,792] {logging_mixin.py:104} INFO - [2022-04-12 04:32:24,792] {dag.py:1832} INFO - Sync 1 DAGs
[2022-04-12 04:32:24,848] {logging_mixin.py:104} INFO - [2022-04-12 04:32:24,848] {dag.py:2305} INFO - Setting next_dagrun for example_dag_decorator to None
[2022-04-12 04:32:25,022] {scheduler_job.py:190} INFO - Processing /home/airflow/sandbox/lib/python3.8/site-packages/airflow/example_dags/example_dag_decorator.py took 2.132 seconds
