[2022-04-12 04:06:21,467] {scheduler_job.py:182} INFO - Started process (PID=83450) to work on /home/airflow/sandbox/lib/python3.8/site-packages/airflow/example_dags/example_trigger_target_dag.py
[2022-04-12 04:06:21,474] {scheduler_job.py:633} INFO - Processing file /home/airflow/sandbox/lib/python3.8/site-packages/airflow/example_dags/example_trigger_target_dag.py for tasks to queue
[2022-04-12 04:06:21,477] {logging_mixin.py:104} INFO - [2022-04-12 04:06:21,477] {dagbag.py:487} INFO - Filling up the DagBag from /home/airflow/sandbox/lib/python3.8/site-packages/airflow/example_dags/example_trigger_target_dag.py
[2022-04-12 04:06:21,541] {scheduler_job.py:643} INFO - DAG(s) dict_keys(['example_trigger_target_dag']) retrieved from /home/airflow/sandbox/lib/python3.8/site-packages/airflow/example_dags/example_trigger_target_dag.py
[2022-04-12 04:06:22,667] {logging_mixin.py:104} INFO - [2022-04-12 04:06:22,667] {dag.py:1832} INFO - Sync 1 DAGs
[2022-04-12 04:06:22,683] {logging_mixin.py:104} INFO - [2022-04-12 04:06:22,683] {dag.py:2305} INFO - Setting next_dagrun for example_trigger_target_dag to None
[2022-04-12 04:06:22,763] {scheduler_job.py:190} INFO - Processing /home/airflow/sandbox/lib/python3.8/site-packages/airflow/example_dags/example_trigger_target_dag.py took 1.313 seconds
[2022-04-12 04:06:52,976] {scheduler_job.py:182} INFO - Started process (PID=83917) to work on /home/airflow/sandbox/lib/python3.8/site-packages/airflow/example_dags/example_trigger_target_dag.py
[2022-04-12 04:06:52,979] {scheduler_job.py:633} INFO - Processing file /home/airflow/sandbox/lib/python3.8/site-packages/airflow/example_dags/example_trigger_target_dag.py for tasks to queue
[2022-04-12 04:06:52,980] {logging_mixin.py:104} INFO - [2022-04-12 04:06:52,980] {dagbag.py:487} INFO - Filling up the DagBag from /home/airflow/sandbox/lib/python3.8/site-packages/airflow/example_dags/example_trigger_target_dag.py
[2022-04-12 04:06:53,007] {scheduler_job.py:643} INFO - DAG(s) dict_keys(['example_trigger_target_dag']) retrieved from /home/airflow/sandbox/lib/python3.8/site-packages/airflow/example_dags/example_trigger_target_dag.py
[2022-04-12 04:06:53,144] {logging_mixin.py:104} INFO - [2022-04-12 04:06:53,143] {dag.py:1832} INFO - Sync 1 DAGs
[2022-04-12 04:06:53,198] {logging_mixin.py:104} INFO - [2022-04-12 04:06:53,197] {dag.py:2305} INFO - Setting next_dagrun for example_trigger_target_dag to None
[2022-04-12 04:06:53,421] {scheduler_job.py:190} INFO - Processing /home/airflow/sandbox/lib/python3.8/site-packages/airflow/example_dags/example_trigger_target_dag.py took 0.462 seconds
[2022-04-12 04:07:23,721] {scheduler_job.py:182} INFO - Started process (PID=84172) to work on /home/airflow/sandbox/lib/python3.8/site-packages/airflow/example_dags/example_trigger_target_dag.py
[2022-04-12 04:07:23,724] {scheduler_job.py:633} INFO - Processing file /home/airflow/sandbox/lib/python3.8/site-packages/airflow/example_dags/example_trigger_target_dag.py for tasks to queue
[2022-04-12 04:07:23,726] {logging_mixin.py:104} INFO - [2022-04-12 04:07:23,726] {dagbag.py:487} INFO - Filling up the DagBag from /home/airflow/sandbox/lib/python3.8/site-packages/airflow/example_dags/example_trigger_target_dag.py
[2022-04-12 04:07:23,744] {scheduler_job.py:643} INFO - DAG(s) dict_keys(['example_trigger_target_dag']) retrieved from /home/airflow/sandbox/lib/python3.8/site-packages/airflow/example_dags/example_trigger_target_dag.py
[2022-04-12 04:07:23,805] {logging_mixin.py:104} INFO - [2022-04-12 04:07:23,805] {dag.py:1832} INFO - Sync 1 DAGs
[2022-04-12 04:07:23,847] {logging_mixin.py:104} INFO - [2022-04-12 04:07:23,847] {dag.py:2305} INFO - Setting next_dagrun for example_trigger_target_dag to None
[2022-04-12 04:07:23,882] {scheduler_job.py:190} INFO - Processing /home/airflow/sandbox/lib/python3.8/site-packages/airflow/example_dags/example_trigger_target_dag.py took 0.168 seconds
[2022-04-12 04:07:54,376] {scheduler_job.py:182} INFO - Started process (PID=84372) to work on /home/airflow/sandbox/lib/python3.8/site-packages/airflow/example_dags/example_trigger_target_dag.py
[2022-04-12 04:07:54,379] {scheduler_job.py:633} INFO - Processing file /home/airflow/sandbox/lib/python3.8/site-packages/airflow/example_dags/example_trigger_target_dag.py for tasks to queue
[2022-04-12 04:07:54,380] {logging_mixin.py:104} INFO - [2022-04-12 04:07:54,380] {dagbag.py:487} INFO - Filling up the DagBag from /home/airflow/sandbox/lib/python3.8/site-packages/airflow/example_dags/example_trigger_target_dag.py
[2022-04-12 04:07:54,401] {scheduler_job.py:643} INFO - DAG(s) dict_keys(['example_trigger_target_dag']) retrieved from /home/airflow/sandbox/lib/python3.8/site-packages/airflow/example_dags/example_trigger_target_dag.py
[2022-04-12 04:07:54,456] {logging_mixin.py:104} INFO - [2022-04-12 04:07:54,456] {dag.py:1832} INFO - Sync 1 DAGs
[2022-04-12 04:07:54,487] {logging_mixin.py:104} INFO - [2022-04-12 04:07:54,487] {dag.py:2305} INFO - Setting next_dagrun for example_trigger_target_dag to None
[2022-04-12 04:07:54,518] {scheduler_job.py:190} INFO - Processing /home/airflow/sandbox/lib/python3.8/site-packages/airflow/example_dags/example_trigger_target_dag.py took 0.151 seconds
[2022-04-12 04:08:25,144] {scheduler_job.py:182} INFO - Started process (PID=84631) to work on /home/airflow/sandbox/lib/python3.8/site-packages/airflow/example_dags/example_trigger_target_dag.py
[2022-04-12 04:08:25,146] {scheduler_job.py:633} INFO - Processing file /home/airflow/sandbox/lib/python3.8/site-packages/airflow/example_dags/example_trigger_target_dag.py for tasks to queue
[2022-04-12 04:08:25,148] {logging_mixin.py:104} INFO - [2022-04-12 04:08:25,147] {dagbag.py:487} INFO - Filling up the DagBag from /home/airflow/sandbox/lib/python3.8/site-packages/airflow/example_dags/example_trigger_target_dag.py
[2022-04-12 04:08:25,167] {scheduler_job.py:643} INFO - DAG(s) dict_keys(['example_trigger_target_dag']) retrieved from /home/airflow/sandbox/lib/python3.8/site-packages/airflow/example_dags/example_trigger_target_dag.py
[2022-04-12 04:08:25,214] {logging_mixin.py:104} INFO - [2022-04-12 04:08:25,213] {dag.py:1832} INFO - Sync 1 DAGs
[2022-04-12 04:08:25,237] {logging_mixin.py:104} INFO - [2022-04-12 04:08:25,237] {dag.py:2305} INFO - Setting next_dagrun for example_trigger_target_dag to None
[2022-04-12 04:08:25,271] {scheduler_job.py:190} INFO - Processing /home/airflow/sandbox/lib/python3.8/site-packages/airflow/example_dags/example_trigger_target_dag.py took 0.134 seconds
[2022-04-12 04:08:55,853] {scheduler_job.py:182} INFO - Started process (PID=84830) to work on /home/airflow/sandbox/lib/python3.8/site-packages/airflow/example_dags/example_trigger_target_dag.py
[2022-04-12 04:08:55,855] {scheduler_job.py:633} INFO - Processing file /home/airflow/sandbox/lib/python3.8/site-packages/airflow/example_dags/example_trigger_target_dag.py for tasks to queue
[2022-04-12 04:08:55,856] {logging_mixin.py:104} INFO - [2022-04-12 04:08:55,856] {dagbag.py:487} INFO - Filling up the DagBag from /home/airflow/sandbox/lib/python3.8/site-packages/airflow/example_dags/example_trigger_target_dag.py
[2022-04-12 04:08:55,878] {scheduler_job.py:643} INFO - DAG(s) dict_keys(['example_trigger_target_dag']) retrieved from /home/airflow/sandbox/lib/python3.8/site-packages/airflow/example_dags/example_trigger_target_dag.py
[2022-04-12 04:08:55,938] {logging_mixin.py:104} INFO - [2022-04-12 04:08:55,936] {dag.py:1832} INFO - Sync 1 DAGs
[2022-04-12 04:08:55,974] {logging_mixin.py:104} INFO - [2022-04-12 04:08:55,973] {dag.py:2305} INFO - Setting next_dagrun for example_trigger_target_dag to None
[2022-04-12 04:08:56,009] {scheduler_job.py:190} INFO - Processing /home/airflow/sandbox/lib/python3.8/site-packages/airflow/example_dags/example_trigger_target_dag.py took 0.163 seconds
[2022-04-12 04:15:01,903] {scheduler_job.py:182} INFO - Started process (PID=85736) to work on /home/airflow/sandbox/lib/python3.8/site-packages/airflow/example_dags/example_trigger_target_dag.py
[2022-04-12 04:15:01,906] {scheduler_job.py:633} INFO - Processing file /home/airflow/sandbox/lib/python3.8/site-packages/airflow/example_dags/example_trigger_target_dag.py for tasks to queue
[2022-04-12 04:15:01,910] {logging_mixin.py:104} INFO - [2022-04-12 04:15:01,910] {dagbag.py:487} INFO - Filling up the DagBag from /home/airflow/sandbox/lib/python3.8/site-packages/airflow/example_dags/example_trigger_target_dag.py
[2022-04-12 04:15:01,950] {scheduler_job.py:643} INFO - DAG(s) dict_keys(['example_trigger_target_dag']) retrieved from /home/airflow/sandbox/lib/python3.8/site-packages/airflow/example_dags/example_trigger_target_dag.py
[2022-04-12 04:15:02,106] {logging_mixin.py:104} INFO - [2022-04-12 04:15:02,106] {dag.py:1832} INFO - Sync 1 DAGs
[2022-04-12 04:15:02,180] {logging_mixin.py:104} INFO - [2022-04-12 04:15:02,180] {dag.py:2305} INFO - Setting next_dagrun for example_trigger_target_dag to None
[2022-04-12 04:15:03,911] {scheduler_job.py:190} INFO - Processing /home/airflow/sandbox/lib/python3.8/site-packages/airflow/example_dags/example_trigger_target_dag.py took 2.031 seconds
[2022-04-12 04:15:34,120] {scheduler_job.py:182} INFO - Started process (PID=86071) to work on /home/airflow/sandbox/lib/python3.8/site-packages/airflow/example_dags/example_trigger_target_dag.py
[2022-04-12 04:15:34,122] {scheduler_job.py:633} INFO - Processing file /home/airflow/sandbox/lib/python3.8/site-packages/airflow/example_dags/example_trigger_target_dag.py for tasks to queue
[2022-04-12 04:15:34,124] {logging_mixin.py:104} INFO - [2022-04-12 04:15:34,123] {dagbag.py:487} INFO - Filling up the DagBag from /home/airflow/sandbox/lib/python3.8/site-packages/airflow/example_dags/example_trigger_target_dag.py
[2022-04-12 04:15:34,141] {scheduler_job.py:643} INFO - DAG(s) dict_keys(['example_trigger_target_dag']) retrieved from /home/airflow/sandbox/lib/python3.8/site-packages/airflow/example_dags/example_trigger_target_dag.py
[2022-04-12 04:15:34,203] {logging_mixin.py:104} INFO - [2022-04-12 04:15:34,202] {dag.py:1832} INFO - Sync 1 DAGs
[2022-04-12 04:15:34,257] {logging_mixin.py:104} INFO - [2022-04-12 04:15:34,256] {dag.py:2305} INFO - Setting next_dagrun for example_trigger_target_dag to None
[2022-04-12 04:15:34,304] {scheduler_job.py:190} INFO - Processing /home/airflow/sandbox/lib/python3.8/site-packages/airflow/example_dags/example_trigger_target_dag.py took 0.190 seconds
[2022-04-12 04:16:04,966] {scheduler_job.py:182} INFO - Started process (PID=86451) to work on /home/airflow/sandbox/lib/python3.8/site-packages/airflow/example_dags/example_trigger_target_dag.py
[2022-04-12 04:16:04,968] {scheduler_job.py:633} INFO - Processing file /home/airflow/sandbox/lib/python3.8/site-packages/airflow/example_dags/example_trigger_target_dag.py for tasks to queue
[2022-04-12 04:16:04,972] {logging_mixin.py:104} INFO - [2022-04-12 04:16:04,972] {dagbag.py:487} INFO - Filling up the DagBag from /home/airflow/sandbox/lib/python3.8/site-packages/airflow/example_dags/example_trigger_target_dag.py
[2022-04-12 04:16:05,007] {scheduler_job.py:643} INFO - DAG(s) dict_keys(['example_trigger_target_dag']) retrieved from /home/airflow/sandbox/lib/python3.8/site-packages/airflow/example_dags/example_trigger_target_dag.py
[2022-04-12 04:16:05,058] {logging_mixin.py:104} INFO - [2022-04-12 04:16:05,058] {dag.py:1832} INFO - Sync 1 DAGs
[2022-04-12 04:16:05,092] {logging_mixin.py:104} INFO - [2022-04-12 04:16:05,091] {dag.py:2305} INFO - Setting next_dagrun for example_trigger_target_dag to None
[2022-04-12 04:16:05,133] {scheduler_job.py:190} INFO - Processing /home/airflow/sandbox/lib/python3.8/site-packages/airflow/example_dags/example_trigger_target_dag.py took 0.186 seconds
[2022-04-12 04:16:35,462] {scheduler_job.py:182} INFO - Started process (PID=86830) to work on /home/airflow/sandbox/lib/python3.8/site-packages/airflow/example_dags/example_trigger_target_dag.py
[2022-04-12 04:16:35,466] {scheduler_job.py:633} INFO - Processing file /home/airflow/sandbox/lib/python3.8/site-packages/airflow/example_dags/example_trigger_target_dag.py for tasks to queue
[2022-04-12 04:16:35,467] {logging_mixin.py:104} INFO - [2022-04-12 04:16:35,467] {dagbag.py:487} INFO - Filling up the DagBag from /home/airflow/sandbox/lib/python3.8/site-packages/airflow/example_dags/example_trigger_target_dag.py
[2022-04-12 04:16:35,484] {scheduler_job.py:643} INFO - DAG(s) dict_keys(['example_trigger_target_dag']) retrieved from /home/airflow/sandbox/lib/python3.8/site-packages/airflow/example_dags/example_trigger_target_dag.py
[2022-04-12 04:16:35,540] {logging_mixin.py:104} INFO - [2022-04-12 04:16:35,539] {dag.py:1832} INFO - Sync 1 DAGs
[2022-04-12 04:16:35,571] {logging_mixin.py:104} INFO - [2022-04-12 04:16:35,571] {dag.py:2305} INFO - Setting next_dagrun for example_trigger_target_dag to None
[2022-04-12 04:16:35,614] {scheduler_job.py:190} INFO - Processing /home/airflow/sandbox/lib/python3.8/site-packages/airflow/example_dags/example_trigger_target_dag.py took 0.159 seconds
[2022-04-12 04:17:06,333] {scheduler_job.py:182} INFO - Started process (PID=87220) to work on /home/airflow/sandbox/lib/python3.8/site-packages/airflow/example_dags/example_trigger_target_dag.py
[2022-04-12 04:17:06,341] {scheduler_job.py:633} INFO - Processing file /home/airflow/sandbox/lib/python3.8/site-packages/airflow/example_dags/example_trigger_target_dag.py for tasks to queue
[2022-04-12 04:17:06,343] {logging_mixin.py:104} INFO - [2022-04-12 04:17:06,343] {dagbag.py:487} INFO - Filling up the DagBag from /home/airflow/sandbox/lib/python3.8/site-packages/airflow/example_dags/example_trigger_target_dag.py
[2022-04-12 04:17:06,369] {scheduler_job.py:643} INFO - DAG(s) dict_keys(['example_trigger_target_dag']) retrieved from /home/airflow/sandbox/lib/python3.8/site-packages/airflow/example_dags/example_trigger_target_dag.py
[2022-04-12 04:17:06,442] {logging_mixin.py:104} INFO - [2022-04-12 04:17:06,442] {dag.py:1832} INFO - Sync 1 DAGs
[2022-04-12 04:17:06,473] {logging_mixin.py:104} INFO - [2022-04-12 04:17:06,472] {dag.py:2305} INFO - Setting next_dagrun for example_trigger_target_dag to None
[2022-04-12 04:17:06,510] {scheduler_job.py:190} INFO - Processing /home/airflow/sandbox/lib/python3.8/site-packages/airflow/example_dags/example_trigger_target_dag.py took 0.208 seconds
[2022-04-12 04:17:37,095] {scheduler_job.py:182} INFO - Started process (PID=87602) to work on /home/airflow/sandbox/lib/python3.8/site-packages/airflow/example_dags/example_trigger_target_dag.py
[2022-04-12 04:17:37,097] {scheduler_job.py:633} INFO - Processing file /home/airflow/sandbox/lib/python3.8/site-packages/airflow/example_dags/example_trigger_target_dag.py for tasks to queue
[2022-04-12 04:17:37,102] {logging_mixin.py:104} INFO - [2022-04-12 04:17:37,102] {dagbag.py:487} INFO - Filling up the DagBag from /home/airflow/sandbox/lib/python3.8/site-packages/airflow/example_dags/example_trigger_target_dag.py
[2022-04-12 04:17:37,152] {scheduler_job.py:643} INFO - DAG(s) dict_keys(['example_trigger_target_dag']) retrieved from /home/airflow/sandbox/lib/python3.8/site-packages/airflow/example_dags/example_trigger_target_dag.py
[2022-04-12 04:17:37,259] {logging_mixin.py:104} INFO - [2022-04-12 04:17:37,259] {dag.py:1832} INFO - Sync 1 DAGs
[2022-04-12 04:17:37,359] {logging_mixin.py:104} INFO - [2022-04-12 04:17:37,359] {dag.py:2305} INFO - Setting next_dagrun for example_trigger_target_dag to None
[2022-04-12 04:17:37,470] {scheduler_job.py:190} INFO - Processing /home/airflow/sandbox/lib/python3.8/site-packages/airflow/example_dags/example_trigger_target_dag.py took 0.382 seconds
[2022-04-12 04:18:07,978] {scheduler_job.py:182} INFO - Started process (PID=87995) to work on /home/airflow/sandbox/lib/python3.8/site-packages/airflow/example_dags/example_trigger_target_dag.py
[2022-04-12 04:18:07,982] {scheduler_job.py:633} INFO - Processing file /home/airflow/sandbox/lib/python3.8/site-packages/airflow/example_dags/example_trigger_target_dag.py for tasks to queue
[2022-04-12 04:18:07,984] {logging_mixin.py:104} INFO - [2022-04-12 04:18:07,984] {dagbag.py:487} INFO - Filling up the DagBag from /home/airflow/sandbox/lib/python3.8/site-packages/airflow/example_dags/example_trigger_target_dag.py
[2022-04-12 04:18:08,014] {scheduler_job.py:643} INFO - DAG(s) dict_keys(['example_trigger_target_dag']) retrieved from /home/airflow/sandbox/lib/python3.8/site-packages/airflow/example_dags/example_trigger_target_dag.py
[2022-04-12 04:18:08,081] {logging_mixin.py:104} INFO - [2022-04-12 04:18:08,081] {dag.py:1832} INFO - Sync 1 DAGs
[2022-04-12 04:18:08,110] {logging_mixin.py:104} INFO - [2022-04-12 04:18:08,110] {dag.py:2305} INFO - Setting next_dagrun for example_trigger_target_dag to None
[2022-04-12 04:18:08,135] {scheduler_job.py:190} INFO - Processing /home/airflow/sandbox/lib/python3.8/site-packages/airflow/example_dags/example_trigger_target_dag.py took 0.169 seconds
[2022-04-12 04:18:38,877] {scheduler_job.py:182} INFO - Started process (PID=88374) to work on /home/airflow/sandbox/lib/python3.8/site-packages/airflow/example_dags/example_trigger_target_dag.py
[2022-04-12 04:18:38,880] {scheduler_job.py:633} INFO - Processing file /home/airflow/sandbox/lib/python3.8/site-packages/airflow/example_dags/example_trigger_target_dag.py for tasks to queue
[2022-04-12 04:18:38,881] {logging_mixin.py:104} INFO - [2022-04-12 04:18:38,881] {dagbag.py:487} INFO - Filling up the DagBag from /home/airflow/sandbox/lib/python3.8/site-packages/airflow/example_dags/example_trigger_target_dag.py
[2022-04-12 04:18:38,906] {scheduler_job.py:643} INFO - DAG(s) dict_keys(['example_trigger_target_dag']) retrieved from /home/airflow/sandbox/lib/python3.8/site-packages/airflow/example_dags/example_trigger_target_dag.py
[2022-04-12 04:18:38,985] {logging_mixin.py:104} INFO - [2022-04-12 04:18:38,985] {dag.py:1832} INFO - Sync 1 DAGs
[2022-04-12 04:18:39,036] {logging_mixin.py:104} INFO - [2022-04-12 04:18:39,036] {dag.py:2305} INFO - Setting next_dagrun for example_trigger_target_dag to None
[2022-04-12 04:18:39,109] {scheduler_job.py:190} INFO - Processing /home/airflow/sandbox/lib/python3.8/site-packages/airflow/example_dags/example_trigger_target_dag.py took 0.245 seconds
[2022-04-12 04:19:09,717] {scheduler_job.py:182} INFO - Started process (PID=88751) to work on /home/airflow/sandbox/lib/python3.8/site-packages/airflow/example_dags/example_trigger_target_dag.py
[2022-04-12 04:19:09,720] {scheduler_job.py:633} INFO - Processing file /home/airflow/sandbox/lib/python3.8/site-packages/airflow/example_dags/example_trigger_target_dag.py for tasks to queue
[2022-04-12 04:19:09,725] {logging_mixin.py:104} INFO - [2022-04-12 04:19:09,725] {dagbag.py:487} INFO - Filling up the DagBag from /home/airflow/sandbox/lib/python3.8/site-packages/airflow/example_dags/example_trigger_target_dag.py
[2022-04-12 04:19:09,790] {scheduler_job.py:643} INFO - DAG(s) dict_keys(['example_trigger_target_dag']) retrieved from /home/airflow/sandbox/lib/python3.8/site-packages/airflow/example_dags/example_trigger_target_dag.py
[2022-04-12 04:19:09,935] {logging_mixin.py:104} INFO - [2022-04-12 04:19:09,934] {dag.py:1832} INFO - Sync 1 DAGs
[2022-04-12 04:19:10,081] {logging_mixin.py:104} INFO - [2022-04-12 04:19:10,081] {dag.py:2305} INFO - Setting next_dagrun for example_trigger_target_dag to None
[2022-04-12 04:19:10,282] {scheduler_job.py:190} INFO - Processing /home/airflow/sandbox/lib/python3.8/site-packages/airflow/example_dags/example_trigger_target_dag.py took 0.574 seconds
[2022-04-12 04:19:42,086] {scheduler_job.py:182} INFO - Started process (PID=89213) to work on /home/airflow/sandbox/lib/python3.8/site-packages/airflow/example_dags/example_trigger_target_dag.py
[2022-04-12 04:19:42,110] {scheduler_job.py:633} INFO - Processing file /home/airflow/sandbox/lib/python3.8/site-packages/airflow/example_dags/example_trigger_target_dag.py for tasks to queue
[2022-04-12 04:19:42,121] {logging_mixin.py:104} INFO - [2022-04-12 04:19:42,120] {dagbag.py:487} INFO - Filling up the DagBag from /home/airflow/sandbox/lib/python3.8/site-packages/airflow/example_dags/example_trigger_target_dag.py
[2022-04-12 04:19:42,260] {scheduler_job.py:643} INFO - DAG(s) dict_keys(['example_trigger_target_dag']) retrieved from /home/airflow/sandbox/lib/python3.8/site-packages/airflow/example_dags/example_trigger_target_dag.py
[2022-04-12 04:19:42,482] {logging_mixin.py:104} INFO - [2022-04-12 04:19:42,482] {dag.py:1832} INFO - Sync 1 DAGs
[2022-04-12 04:19:42,589] {logging_mixin.py:104} INFO - [2022-04-12 04:19:42,589] {dag.py:2305} INFO - Setting next_dagrun for example_trigger_target_dag to None
[2022-04-12 04:19:42,686] {scheduler_job.py:190} INFO - Processing /home/airflow/sandbox/lib/python3.8/site-packages/airflow/example_dags/example_trigger_target_dag.py took 0.622 seconds
[2022-04-12 04:20:12,790] {scheduler_job.py:182} INFO - Started process (PID=89776) to work on /home/airflow/sandbox/lib/python3.8/site-packages/airflow/example_dags/example_trigger_target_dag.py
[2022-04-12 04:20:12,808] {scheduler_job.py:633} INFO - Processing file /home/airflow/sandbox/lib/python3.8/site-packages/airflow/example_dags/example_trigger_target_dag.py for tasks to queue
[2022-04-12 04:20:12,840] {logging_mixin.py:104} INFO - [2022-04-12 04:20:12,840] {dagbag.py:487} INFO - Filling up the DagBag from /home/airflow/sandbox/lib/python3.8/site-packages/airflow/example_dags/example_trigger_target_dag.py
[2022-04-12 04:20:12,881] {scheduler_job.py:643} INFO - DAG(s) dict_keys(['example_trigger_target_dag']) retrieved from /home/airflow/sandbox/lib/python3.8/site-packages/airflow/example_dags/example_trigger_target_dag.py
[2022-04-12 04:20:13,085] {logging_mixin.py:104} INFO - [2022-04-12 04:20:13,084] {dag.py:1832} INFO - Sync 1 DAGs
[2022-04-12 04:20:13,145] {logging_mixin.py:104} INFO - [2022-04-12 04:20:13,145] {dag.py:2305} INFO - Setting next_dagrun for example_trigger_target_dag to None
[2022-04-12 04:20:13,210] {scheduler_job.py:190} INFO - Processing /home/airflow/sandbox/lib/python3.8/site-packages/airflow/example_dags/example_trigger_target_dag.py took 0.430 seconds
[2022-04-12 04:20:43,472] {scheduler_job.py:182} INFO - Started process (PID=90123) to work on /home/airflow/sandbox/lib/python3.8/site-packages/airflow/example_dags/example_trigger_target_dag.py
[2022-04-12 04:20:43,477] {scheduler_job.py:633} INFO - Processing file /home/airflow/sandbox/lib/python3.8/site-packages/airflow/example_dags/example_trigger_target_dag.py for tasks to queue
[2022-04-12 04:20:43,479] {logging_mixin.py:104} INFO - [2022-04-12 04:20:43,478] {dagbag.py:487} INFO - Filling up the DagBag from /home/airflow/sandbox/lib/python3.8/site-packages/airflow/example_dags/example_trigger_target_dag.py
[2022-04-12 04:20:43,513] {scheduler_job.py:643} INFO - DAG(s) dict_keys(['example_trigger_target_dag']) retrieved from /home/airflow/sandbox/lib/python3.8/site-packages/airflow/example_dags/example_trigger_target_dag.py
[2022-04-12 04:20:43,702] {logging_mixin.py:104} INFO - [2022-04-12 04:20:43,701] {dag.py:1832} INFO - Sync 1 DAGs
[2022-04-12 04:20:43,784] {logging_mixin.py:104} INFO - [2022-04-12 04:20:43,783] {dag.py:2305} INFO - Setting next_dagrun for example_trigger_target_dag to None
[2022-04-12 04:20:43,907] {scheduler_job.py:190} INFO - Processing /home/airflow/sandbox/lib/python3.8/site-packages/airflow/example_dags/example_trigger_target_dag.py took 0.472 seconds
[2022-04-12 04:21:14,318] {scheduler_job.py:182} INFO - Started process (PID=90324) to work on /home/airflow/sandbox/lib/python3.8/site-packages/airflow/example_dags/example_trigger_target_dag.py
[2022-04-12 04:21:14,326] {scheduler_job.py:633} INFO - Processing file /home/airflow/sandbox/lib/python3.8/site-packages/airflow/example_dags/example_trigger_target_dag.py for tasks to queue
[2022-04-12 04:21:14,328] {logging_mixin.py:104} INFO - [2022-04-12 04:21:14,328] {dagbag.py:487} INFO - Filling up the DagBag from /home/airflow/sandbox/lib/python3.8/site-packages/airflow/example_dags/example_trigger_target_dag.py
[2022-04-12 04:21:14,362] {scheduler_job.py:643} INFO - DAG(s) dict_keys(['example_trigger_target_dag']) retrieved from /home/airflow/sandbox/lib/python3.8/site-packages/airflow/example_dags/example_trigger_target_dag.py
[2022-04-12 04:21:14,555] {logging_mixin.py:104} INFO - [2022-04-12 04:21:14,554] {dag.py:1832} INFO - Sync 1 DAGs
[2022-04-12 04:21:14,605] {logging_mixin.py:104} INFO - [2022-04-12 04:21:14,605] {dag.py:2305} INFO - Setting next_dagrun for example_trigger_target_dag to None
[2022-04-12 04:21:14,675] {scheduler_job.py:190} INFO - Processing /home/airflow/sandbox/lib/python3.8/site-packages/airflow/example_dags/example_trigger_target_dag.py took 0.370 seconds
[2022-04-12 04:21:46,867] {scheduler_job.py:182} INFO - Started process (PID=90521) to work on /home/airflow/sandbox/lib/python3.8/site-packages/airflow/example_dags/example_trigger_target_dag.py
[2022-04-12 04:21:46,871] {scheduler_job.py:633} INFO - Processing file /home/airflow/sandbox/lib/python3.8/site-packages/airflow/example_dags/example_trigger_target_dag.py for tasks to queue
[2022-04-12 04:21:46,873] {logging_mixin.py:104} INFO - [2022-04-12 04:21:46,872] {dagbag.py:487} INFO - Filling up the DagBag from /home/airflow/sandbox/lib/python3.8/site-packages/airflow/example_dags/example_trigger_target_dag.py
[2022-04-12 04:21:46,910] {scheduler_job.py:643} INFO - DAG(s) dict_keys(['example_trigger_target_dag']) retrieved from /home/airflow/sandbox/lib/python3.8/site-packages/airflow/example_dags/example_trigger_target_dag.py
[2022-04-12 04:21:47,070] {logging_mixin.py:104} INFO - [2022-04-12 04:21:47,069] {dag.py:1832} INFO - Sync 1 DAGs
[2022-04-12 04:21:47,104] {logging_mixin.py:104} INFO - [2022-04-12 04:21:47,103] {dag.py:2305} INFO - Setting next_dagrun for example_trigger_target_dag to None
[2022-04-12 04:21:47,173] {scheduler_job.py:190} INFO - Processing /home/airflow/sandbox/lib/python3.8/site-packages/airflow/example_dags/example_trigger_target_dag.py took 0.300 seconds
[2022-04-12 04:22:19,084] {scheduler_job.py:182} INFO - Started process (PID=90840) to work on /home/airflow/sandbox/lib/python3.8/site-packages/airflow/example_dags/example_trigger_target_dag.py
[2022-04-12 04:22:19,115] {scheduler_job.py:633} INFO - Processing file /home/airflow/sandbox/lib/python3.8/site-packages/airflow/example_dags/example_trigger_target_dag.py for tasks to queue
[2022-04-12 04:22:19,117] {logging_mixin.py:104} INFO - [2022-04-12 04:22:19,117] {dagbag.py:487} INFO - Filling up the DagBag from /home/airflow/sandbox/lib/python3.8/site-packages/airflow/example_dags/example_trigger_target_dag.py
[2022-04-12 04:22:19,159] {scheduler_job.py:643} INFO - DAG(s) dict_keys(['example_trigger_target_dag']) retrieved from /home/airflow/sandbox/lib/python3.8/site-packages/airflow/example_dags/example_trigger_target_dag.py
[2022-04-12 04:22:19,366] {logging_mixin.py:104} INFO - [2022-04-12 04:22:19,365] {dag.py:1832} INFO - Sync 1 DAGs
[2022-04-12 04:22:19,541] {logging_mixin.py:104} INFO - [2022-04-12 04:22:19,540] {dag.py:2305} INFO - Setting next_dagrun for example_trigger_target_dag to None
[2022-04-12 04:22:19,716] {scheduler_job.py:190} INFO - Processing /home/airflow/sandbox/lib/python3.8/site-packages/airflow/example_dags/example_trigger_target_dag.py took 0.708 seconds
[2022-04-12 04:22:50,274] {scheduler_job.py:182} INFO - Started process (PID=91084) to work on /home/airflow/sandbox/lib/python3.8/site-packages/airflow/example_dags/example_trigger_target_dag.py
[2022-04-12 04:22:50,281] {scheduler_job.py:633} INFO - Processing file /home/airflow/sandbox/lib/python3.8/site-packages/airflow/example_dags/example_trigger_target_dag.py for tasks to queue
[2022-04-12 04:22:50,296] {logging_mixin.py:104} INFO - [2022-04-12 04:22:50,296] {dagbag.py:487} INFO - Filling up the DagBag from /home/airflow/sandbox/lib/python3.8/site-packages/airflow/example_dags/example_trigger_target_dag.py
[2022-04-12 04:22:50,398] {scheduler_job.py:643} INFO - DAG(s) dict_keys(['example_trigger_target_dag']) retrieved from /home/airflow/sandbox/lib/python3.8/site-packages/airflow/example_dags/example_trigger_target_dag.py
[2022-04-12 04:22:50,612] {logging_mixin.py:104} INFO - [2022-04-12 04:22:50,611] {dag.py:1832} INFO - Sync 1 DAGs
[2022-04-12 04:22:50,791] {logging_mixin.py:104} INFO - [2022-04-12 04:22:50,790] {dag.py:2305} INFO - Setting next_dagrun for example_trigger_target_dag to None
[2022-04-12 04:22:50,902] {scheduler_job.py:190} INFO - Processing /home/airflow/sandbox/lib/python3.8/site-packages/airflow/example_dags/example_trigger_target_dag.py took 0.677 seconds
[2022-04-12 04:23:21,954] {scheduler_job.py:182} INFO - Started process (PID=91281) to work on /home/airflow/sandbox/lib/python3.8/site-packages/airflow/example_dags/example_trigger_target_dag.py
[2022-04-12 04:23:21,969] {scheduler_job.py:633} INFO - Processing file /home/airflow/sandbox/lib/python3.8/site-packages/airflow/example_dags/example_trigger_target_dag.py for tasks to queue
[2022-04-12 04:23:21,972] {logging_mixin.py:104} INFO - [2022-04-12 04:23:21,971] {dagbag.py:487} INFO - Filling up the DagBag from /home/airflow/sandbox/lib/python3.8/site-packages/airflow/example_dags/example_trigger_target_dag.py
[2022-04-12 04:23:22,045] {scheduler_job.py:643} INFO - DAG(s) dict_keys(['example_trigger_target_dag']) retrieved from /home/airflow/sandbox/lib/python3.8/site-packages/airflow/example_dags/example_trigger_target_dag.py
[2022-04-12 04:23:22,257] {logging_mixin.py:104} INFO - [2022-04-12 04:23:22,256] {dag.py:1832} INFO - Sync 1 DAGs
[2022-04-12 04:23:22,408] {logging_mixin.py:104} INFO - [2022-04-12 04:23:22,408] {dag.py:2305} INFO - Setting next_dagrun for example_trigger_target_dag to None
[2022-04-12 04:23:22,646] {scheduler_job.py:190} INFO - Processing /home/airflow/sandbox/lib/python3.8/site-packages/airflow/example_dags/example_trigger_target_dag.py took 0.721 seconds
[2022-04-12 04:23:52,786] {scheduler_job.py:182} INFO - Started process (PID=91477) to work on /home/airflow/sandbox/lib/python3.8/site-packages/airflow/example_dags/example_trigger_target_dag.py
[2022-04-12 04:23:52,790] {scheduler_job.py:633} INFO - Processing file /home/airflow/sandbox/lib/python3.8/site-packages/airflow/example_dags/example_trigger_target_dag.py for tasks to queue
[2022-04-12 04:23:52,794] {logging_mixin.py:104} INFO - [2022-04-12 04:23:52,793] {dagbag.py:487} INFO - Filling up the DagBag from /home/airflow/sandbox/lib/python3.8/site-packages/airflow/example_dags/example_trigger_target_dag.py
[2022-04-12 04:23:52,828] {scheduler_job.py:643} INFO - DAG(s) dict_keys(['example_trigger_target_dag']) retrieved from /home/airflow/sandbox/lib/python3.8/site-packages/airflow/example_dags/example_trigger_target_dag.py
[2022-04-12 04:23:52,935] {logging_mixin.py:104} INFO - [2022-04-12 04:23:52,934] {dag.py:1832} INFO - Sync 1 DAGs
[2022-04-12 04:23:52,973] {logging_mixin.py:104} INFO - [2022-04-12 04:23:52,972] {dag.py:2305} INFO - Setting next_dagrun for example_trigger_target_dag to None
[2022-04-12 04:23:53,011] {scheduler_job.py:190} INFO - Processing /home/airflow/sandbox/lib/python3.8/site-packages/airflow/example_dags/example_trigger_target_dag.py took 0.244 seconds
[2022-04-12 04:24:24,924] {scheduler_job.py:182} INFO - Started process (PID=91674) to work on /home/airflow/sandbox/lib/python3.8/site-packages/airflow/example_dags/example_trigger_target_dag.py
[2022-04-12 04:24:24,945] {scheduler_job.py:633} INFO - Processing file /home/airflow/sandbox/lib/python3.8/site-packages/airflow/example_dags/example_trigger_target_dag.py for tasks to queue
[2022-04-12 04:24:24,959] {logging_mixin.py:104} INFO - [2022-04-12 04:24:24,959] {dagbag.py:487} INFO - Filling up the DagBag from /home/airflow/sandbox/lib/python3.8/site-packages/airflow/example_dags/example_trigger_target_dag.py
[2022-04-12 04:24:25,008] {scheduler_job.py:643} INFO - DAG(s) dict_keys(['example_trigger_target_dag']) retrieved from /home/airflow/sandbox/lib/python3.8/site-packages/airflow/example_dags/example_trigger_target_dag.py
[2022-04-12 04:24:25,193] {logging_mixin.py:104} INFO - [2022-04-12 04:24:25,192] {dag.py:1832} INFO - Sync 1 DAGs
[2022-04-12 04:24:25,275] {logging_mixin.py:104} INFO - [2022-04-12 04:24:25,274] {dag.py:2305} INFO - Setting next_dagrun for example_trigger_target_dag to None
[2022-04-12 04:24:25,377] {scheduler_job.py:190} INFO - Processing /home/airflow/sandbox/lib/python3.8/site-packages/airflow/example_dags/example_trigger_target_dag.py took 0.487 seconds
[2022-04-12 04:24:56,416] {scheduler_job.py:182} INFO - Started process (PID=92113) to work on /home/airflow/sandbox/lib/python3.8/site-packages/airflow/example_dags/example_trigger_target_dag.py
[2022-04-12 04:24:56,425] {scheduler_job.py:633} INFO - Processing file /home/airflow/sandbox/lib/python3.8/site-packages/airflow/example_dags/example_trigger_target_dag.py for tasks to queue
[2022-04-12 04:24:56,435] {logging_mixin.py:104} INFO - [2022-04-12 04:24:56,435] {dagbag.py:487} INFO - Filling up the DagBag from /home/airflow/sandbox/lib/python3.8/site-packages/airflow/example_dags/example_trigger_target_dag.py
[2022-04-12 04:24:56,477] {scheduler_job.py:643} INFO - DAG(s) dict_keys(['example_trigger_target_dag']) retrieved from /home/airflow/sandbox/lib/python3.8/site-packages/airflow/example_dags/example_trigger_target_dag.py
[2022-04-12 04:24:56,649] {logging_mixin.py:104} INFO - [2022-04-12 04:24:56,649] {dag.py:1832} INFO - Sync 1 DAGs
[2022-04-12 04:24:56,817] {logging_mixin.py:104} INFO - [2022-04-12 04:24:56,816] {dag.py:2305} INFO - Setting next_dagrun for example_trigger_target_dag to None
[2022-04-12 04:24:57,018] {scheduler_job.py:190} INFO - Processing /home/airflow/sandbox/lib/python3.8/site-packages/airflow/example_dags/example_trigger_target_dag.py took 0.631 seconds
[2022-04-12 04:25:28,512] {scheduler_job.py:182} INFO - Started process (PID=92309) to work on /home/airflow/sandbox/lib/python3.8/site-packages/airflow/example_dags/example_trigger_target_dag.py
[2022-04-12 04:25:28,532] {scheduler_job.py:633} INFO - Processing file /home/airflow/sandbox/lib/python3.8/site-packages/airflow/example_dags/example_trigger_target_dag.py for tasks to queue
[2022-04-12 04:25:28,553] {logging_mixin.py:104} INFO - [2022-04-12 04:25:28,553] {dagbag.py:487} INFO - Filling up the DagBag from /home/airflow/sandbox/lib/python3.8/site-packages/airflow/example_dags/example_trigger_target_dag.py
[2022-04-12 04:25:28,670] {scheduler_job.py:643} INFO - DAG(s) dict_keys(['example_trigger_target_dag']) retrieved from /home/airflow/sandbox/lib/python3.8/site-packages/airflow/example_dags/example_trigger_target_dag.py
[2022-04-12 04:25:28,893] {logging_mixin.py:104} INFO - [2022-04-12 04:25:28,892] {dag.py:1832} INFO - Sync 1 DAGs
[2022-04-12 04:25:28,997] {logging_mixin.py:104} INFO - [2022-04-12 04:25:28,996] {dag.py:2305} INFO - Setting next_dagrun for example_trigger_target_dag to None
[2022-04-12 04:25:29,216] {scheduler_job.py:190} INFO - Processing /home/airflow/sandbox/lib/python3.8/site-packages/airflow/example_dags/example_trigger_target_dag.py took 0.741 seconds
[2022-04-12 04:26:00,567] {scheduler_job.py:182} INFO - Started process (PID=92502) to work on /home/airflow/sandbox/lib/python3.8/site-packages/airflow/example_dags/example_trigger_target_dag.py
[2022-04-12 04:26:00,570] {scheduler_job.py:633} INFO - Processing file /home/airflow/sandbox/lib/python3.8/site-packages/airflow/example_dags/example_trigger_target_dag.py for tasks to queue
[2022-04-12 04:26:00,577] {logging_mixin.py:104} INFO - [2022-04-12 04:26:00,577] {dagbag.py:487} INFO - Filling up the DagBag from /home/airflow/sandbox/lib/python3.8/site-packages/airflow/example_dags/example_trigger_target_dag.py
[2022-04-12 04:26:00,639] {scheduler_job.py:643} INFO - DAG(s) dict_keys(['example_trigger_target_dag']) retrieved from /home/airflow/sandbox/lib/python3.8/site-packages/airflow/example_dags/example_trigger_target_dag.py
[2022-04-12 04:26:00,888] {logging_mixin.py:104} INFO - [2022-04-12 04:26:00,887] {dag.py:1832} INFO - Sync 1 DAGs
[2022-04-12 04:26:01,001] {logging_mixin.py:104} INFO - [2022-04-12 04:26:01,001] {dag.py:2305} INFO - Setting next_dagrun for example_trigger_target_dag to None
[2022-04-12 04:26:01,113] {scheduler_job.py:190} INFO - Processing /home/airflow/sandbox/lib/python3.8/site-packages/airflow/example_dags/example_trigger_target_dag.py took 0.563 seconds
[2022-04-12 04:26:31,477] {scheduler_job.py:182} INFO - Started process (PID=92696) to work on /home/airflow/sandbox/lib/python3.8/site-packages/airflow/example_dags/example_trigger_target_dag.py
[2022-04-12 04:26:31,483] {scheduler_job.py:633} INFO - Processing file /home/airflow/sandbox/lib/python3.8/site-packages/airflow/example_dags/example_trigger_target_dag.py for tasks to queue
[2022-04-12 04:26:31,486] {logging_mixin.py:104} INFO - [2022-04-12 04:26:31,486] {dagbag.py:487} INFO - Filling up the DagBag from /home/airflow/sandbox/lib/python3.8/site-packages/airflow/example_dags/example_trigger_target_dag.py
[2022-04-12 04:26:31,525] {scheduler_job.py:643} INFO - DAG(s) dict_keys(['example_trigger_target_dag']) retrieved from /home/airflow/sandbox/lib/python3.8/site-packages/airflow/example_dags/example_trigger_target_dag.py
[2022-04-12 04:26:31,617] {logging_mixin.py:104} INFO - [2022-04-12 04:26:31,616] {dag.py:1832} INFO - Sync 1 DAGs
[2022-04-12 04:26:31,663] {logging_mixin.py:104} INFO - [2022-04-12 04:26:31,662] {dag.py:2305} INFO - Setting next_dagrun for example_trigger_target_dag to None
[2022-04-12 04:26:31,710] {scheduler_job.py:190} INFO - Processing /home/airflow/sandbox/lib/python3.8/site-packages/airflow/example_dags/example_trigger_target_dag.py took 0.290 seconds
[2022-04-12 04:27:02,748] {scheduler_job.py:182} INFO - Started process (PID=92896) to work on /home/airflow/sandbox/lib/python3.8/site-packages/airflow/example_dags/example_trigger_target_dag.py
[2022-04-12 04:27:02,755] {scheduler_job.py:633} INFO - Processing file /home/airflow/sandbox/lib/python3.8/site-packages/airflow/example_dags/example_trigger_target_dag.py for tasks to queue
[2022-04-12 04:27:02,758] {logging_mixin.py:104} INFO - [2022-04-12 04:27:02,757] {dagbag.py:487} INFO - Filling up the DagBag from /home/airflow/sandbox/lib/python3.8/site-packages/airflow/example_dags/example_trigger_target_dag.py
[2022-04-12 04:27:02,794] {scheduler_job.py:643} INFO - DAG(s) dict_keys(['example_trigger_target_dag']) retrieved from /home/airflow/sandbox/lib/python3.8/site-packages/airflow/example_dags/example_trigger_target_dag.py
[2022-04-12 04:27:02,939] {logging_mixin.py:104} INFO - [2022-04-12 04:27:02,938] {dag.py:1832} INFO - Sync 1 DAGs
[2022-04-12 04:27:03,087] {logging_mixin.py:104} INFO - [2022-04-12 04:27:03,087] {dag.py:2305} INFO - Setting next_dagrun for example_trigger_target_dag to None
[2022-04-12 04:27:03,192] {scheduler_job.py:190} INFO - Processing /home/airflow/sandbox/lib/python3.8/site-packages/airflow/example_dags/example_trigger_target_dag.py took 0.463 seconds
[2022-04-12 04:27:33,559] {scheduler_job.py:182} INFO - Started process (PID=93092) to work on /home/airflow/sandbox/lib/python3.8/site-packages/airflow/example_dags/example_trigger_target_dag.py
[2022-04-12 04:27:33,563] {scheduler_job.py:633} INFO - Processing file /home/airflow/sandbox/lib/python3.8/site-packages/airflow/example_dags/example_trigger_target_dag.py for tasks to queue
[2022-04-12 04:27:33,584] {logging_mixin.py:104} INFO - [2022-04-12 04:27:33,583] {dagbag.py:487} INFO - Filling up the DagBag from /home/airflow/sandbox/lib/python3.8/site-packages/airflow/example_dags/example_trigger_target_dag.py
[2022-04-12 04:27:33,659] {scheduler_job.py:643} INFO - DAG(s) dict_keys(['example_trigger_target_dag']) retrieved from /home/airflow/sandbox/lib/python3.8/site-packages/airflow/example_dags/example_trigger_target_dag.py
[2022-04-12 04:27:33,905] {logging_mixin.py:104} INFO - [2022-04-12 04:27:33,905] {dag.py:1832} INFO - Sync 1 DAGs
[2022-04-12 04:27:34,030] {logging_mixin.py:104} INFO - [2022-04-12 04:27:34,030] {dag.py:2305} INFO - Setting next_dagrun for example_trigger_target_dag to None
[2022-04-12 04:27:34,098] {scheduler_job.py:190} INFO - Processing /home/airflow/sandbox/lib/python3.8/site-packages/airflow/example_dags/example_trigger_target_dag.py took 0.584 seconds
[2022-04-12 04:28:04,476] {scheduler_job.py:182} INFO - Started process (PID=93292) to work on /home/airflow/sandbox/lib/python3.8/site-packages/airflow/example_dags/example_trigger_target_dag.py
[2022-04-12 04:28:04,480] {scheduler_job.py:633} INFO - Processing file /home/airflow/sandbox/lib/python3.8/site-packages/airflow/example_dags/example_trigger_target_dag.py for tasks to queue
[2022-04-12 04:28:04,482] {logging_mixin.py:104} INFO - [2022-04-12 04:28:04,482] {dagbag.py:487} INFO - Filling up the DagBag from /home/airflow/sandbox/lib/python3.8/site-packages/airflow/example_dags/example_trigger_target_dag.py
[2022-04-12 04:28:04,509] {scheduler_job.py:643} INFO - DAG(s) dict_keys(['example_trigger_target_dag']) retrieved from /home/airflow/sandbox/lib/python3.8/site-packages/airflow/example_dags/example_trigger_target_dag.py
[2022-04-12 04:28:04,739] {logging_mixin.py:104} INFO - [2022-04-12 04:28:04,738] {dag.py:1832} INFO - Sync 1 DAGs
[2022-04-12 04:28:04,853] {logging_mixin.py:104} INFO - [2022-04-12 04:28:04,852] {dag.py:2305} INFO - Setting next_dagrun for example_trigger_target_dag to None
[2022-04-12 04:28:05,022] {scheduler_job.py:190} INFO - Processing /home/airflow/sandbox/lib/python3.8/site-packages/airflow/example_dags/example_trigger_target_dag.py took 0.597 seconds
[2022-04-12 04:28:35,388] {scheduler_job.py:182} INFO - Started process (PID=93492) to work on /home/airflow/sandbox/lib/python3.8/site-packages/airflow/example_dags/example_trigger_target_dag.py
[2022-04-12 04:28:35,412] {scheduler_job.py:633} INFO - Processing file /home/airflow/sandbox/lib/python3.8/site-packages/airflow/example_dags/example_trigger_target_dag.py for tasks to queue
[2022-04-12 04:28:35,414] {logging_mixin.py:104} INFO - [2022-04-12 04:28:35,414] {dagbag.py:487} INFO - Filling up the DagBag from /home/airflow/sandbox/lib/python3.8/site-packages/airflow/example_dags/example_trigger_target_dag.py
[2022-04-12 04:28:35,433] {scheduler_job.py:643} INFO - DAG(s) dict_keys(['example_trigger_target_dag']) retrieved from /home/airflow/sandbox/lib/python3.8/site-packages/airflow/example_dags/example_trigger_target_dag.py
[2022-04-12 04:28:35,542] {logging_mixin.py:104} INFO - [2022-04-12 04:28:35,542] {dag.py:1832} INFO - Sync 1 DAGs
[2022-04-12 04:28:35,604] {logging_mixin.py:104} INFO - [2022-04-12 04:28:35,604] {dag.py:2305} INFO - Setting next_dagrun for example_trigger_target_dag to None
[2022-04-12 04:28:35,668] {scheduler_job.py:190} INFO - Processing /home/airflow/sandbox/lib/python3.8/site-packages/airflow/example_dags/example_trigger_target_dag.py took 0.286 seconds
[2022-04-12 04:29:06,103] {scheduler_job.py:182} INFO - Started process (PID=93690) to work on /home/airflow/sandbox/lib/python3.8/site-packages/airflow/example_dags/example_trigger_target_dag.py
[2022-04-12 04:29:06,118] {scheduler_job.py:633} INFO - Processing file /home/airflow/sandbox/lib/python3.8/site-packages/airflow/example_dags/example_trigger_target_dag.py for tasks to queue
[2022-04-12 04:29:06,128] {logging_mixin.py:104} INFO - [2022-04-12 04:29:06,128] {dagbag.py:487} INFO - Filling up the DagBag from /home/airflow/sandbox/lib/python3.8/site-packages/airflow/example_dags/example_trigger_target_dag.py
[2022-04-12 04:29:06,175] {scheduler_job.py:643} INFO - DAG(s) dict_keys(['example_trigger_target_dag']) retrieved from /home/airflow/sandbox/lib/python3.8/site-packages/airflow/example_dags/example_trigger_target_dag.py
[2022-04-12 04:30:16,711] {logging_mixin.py:104} INFO - [2022-04-12 04:30:16,711] {dag.py:1832} INFO - Sync 1 DAGs
[2022-04-12 04:30:17,249] {logging_mixin.py:104} INFO - [2022-04-12 04:30:17,249] {dag.py:2305} INFO - Setting next_dagrun for example_trigger_target_dag to None
[2022-04-12 04:30:43,107] {scheduler_job.py:182} INFO - Started process (PID=94144) to work on /home/airflow/sandbox/lib/python3.8/site-packages/airflow/example_dags/example_trigger_target_dag.py
[2022-04-12 04:30:43,110] {scheduler_job.py:633} INFO - Processing file /home/airflow/sandbox/lib/python3.8/site-packages/airflow/example_dags/example_trigger_target_dag.py for tasks to queue
[2022-04-12 04:30:43,115] {logging_mixin.py:104} INFO - [2022-04-12 04:30:43,115] {dagbag.py:487} INFO - Filling up the DagBag from /home/airflow/sandbox/lib/python3.8/site-packages/airflow/example_dags/example_trigger_target_dag.py
[2022-04-12 04:30:43,158] {scheduler_job.py:643} INFO - DAG(s) dict_keys(['example_trigger_target_dag']) retrieved from /home/airflow/sandbox/lib/python3.8/site-packages/airflow/example_dags/example_trigger_target_dag.py
[2022-04-12 04:30:43,317] {logging_mixin.py:104} INFO - [2022-04-12 04:30:43,317] {dag.py:1832} INFO - Sync 1 DAGs
[2022-04-12 04:30:43,412] {logging_mixin.py:104} INFO - [2022-04-12 04:30:43,412] {dag.py:2305} INFO - Setting next_dagrun for example_trigger_target_dag to None
[2022-04-12 04:30:43,520] {scheduler_job.py:190} INFO - Processing /home/airflow/sandbox/lib/python3.8/site-packages/airflow/example_dags/example_trigger_target_dag.py took 0.446 seconds
[2022-04-12 04:31:17,608] {scheduler_job.py:182} INFO - Started process (PID=94339) to work on /home/airflow/sandbox/lib/python3.8/site-packages/airflow/example_dags/example_trigger_target_dag.py
[2022-04-12 04:31:17,643] {scheduler_job.py:633} INFO - Processing file /home/airflow/sandbox/lib/python3.8/site-packages/airflow/example_dags/example_trigger_target_dag.py for tasks to queue
[2022-04-12 04:31:17,671] {logging_mixin.py:104} INFO - [2022-04-12 04:31:17,671] {dagbag.py:487} INFO - Filling up the DagBag from /home/airflow/sandbox/lib/python3.8/site-packages/airflow/example_dags/example_trigger_target_dag.py
[2022-04-12 04:31:17,751] {scheduler_job.py:643} INFO - DAG(s) dict_keys(['example_trigger_target_dag']) retrieved from /home/airflow/sandbox/lib/python3.8/site-packages/airflow/example_dags/example_trigger_target_dag.py
[2022-04-12 04:31:17,846] {logging_mixin.py:104} INFO - [2022-04-12 04:31:17,845] {dag.py:1832} INFO - Sync 1 DAGs
[2022-04-12 04:31:17,907] {logging_mixin.py:104} INFO - [2022-04-12 04:31:17,907] {dag.py:2305} INFO - Setting next_dagrun for example_trigger_target_dag to None
[2022-04-12 04:31:18,184] {scheduler_job.py:190} INFO - Processing /home/airflow/sandbox/lib/python3.8/site-packages/airflow/example_dags/example_trigger_target_dag.py took 0.658 seconds
[2022-04-12 04:31:48,887] {scheduler_job.py:182} INFO - Started process (PID=94541) to work on /home/airflow/sandbox/lib/python3.8/site-packages/airflow/example_dags/example_trigger_target_dag.py
[2022-04-12 04:31:48,890] {scheduler_job.py:633} INFO - Processing file /home/airflow/sandbox/lib/python3.8/site-packages/airflow/example_dags/example_trigger_target_dag.py for tasks to queue
[2022-04-12 04:31:48,892] {logging_mixin.py:104} INFO - [2022-04-12 04:31:48,891] {dagbag.py:487} INFO - Filling up the DagBag from /home/airflow/sandbox/lib/python3.8/site-packages/airflow/example_dags/example_trigger_target_dag.py
[2022-04-12 04:31:48,908] {scheduler_job.py:643} INFO - DAG(s) dict_keys(['example_trigger_target_dag']) retrieved from /home/airflow/sandbox/lib/python3.8/site-packages/airflow/example_dags/example_trigger_target_dag.py
[2022-04-12 04:31:48,978] {logging_mixin.py:104} INFO - [2022-04-12 04:31:48,978] {dag.py:1832} INFO - Sync 1 DAGs
[2022-04-12 04:31:49,036] {logging_mixin.py:104} INFO - [2022-04-12 04:31:49,036] {dag.py:2305} INFO - Setting next_dagrun for example_trigger_target_dag to None
[2022-04-12 04:31:49,096] {scheduler_job.py:190} INFO - Processing /home/airflow/sandbox/lib/python3.8/site-packages/airflow/example_dags/example_trigger_target_dag.py took 0.216 seconds
[2022-04-12 04:32:22,417] {scheduler_job.py:182} INFO - Started process (PID=94738) to work on /home/airflow/sandbox/lib/python3.8/site-packages/airflow/example_dags/example_trigger_target_dag.py
[2022-04-12 04:32:22,440] {scheduler_job.py:633} INFO - Processing file /home/airflow/sandbox/lib/python3.8/site-packages/airflow/example_dags/example_trigger_target_dag.py for tasks to queue
[2022-04-12 04:32:22,444] {logging_mixin.py:104} INFO - [2022-04-12 04:32:22,444] {dagbag.py:487} INFO - Filling up the DagBag from /home/airflow/sandbox/lib/python3.8/site-packages/airflow/example_dags/example_trigger_target_dag.py
[2022-04-12 04:32:22,494] {scheduler_job.py:643} INFO - DAG(s) dict_keys(['example_trigger_target_dag']) retrieved from /home/airflow/sandbox/lib/python3.8/site-packages/airflow/example_dags/example_trigger_target_dag.py
[2022-04-12 04:32:22,657] {logging_mixin.py:104} INFO - [2022-04-12 04:32:22,657] {dag.py:1832} INFO - Sync 1 DAGs
[2022-04-12 04:32:22,702] {logging_mixin.py:104} INFO - [2022-04-12 04:32:22,702] {dag.py:2305} INFO - Setting next_dagrun for example_trigger_target_dag to None
[2022-04-12 04:32:22,768] {scheduler_job.py:190} INFO - Processing /home/airflow/sandbox/lib/python3.8/site-packages/airflow/example_dags/example_trigger_target_dag.py took 0.361 seconds
