[2022-04-12 04:06:23,100] {scheduler_job.py:182} INFO - Started process (PID=83548) to work on /home/airflow/sandbox/lib/python3.8/site-packages/airflow/example_dags/example_xcom.py
[2022-04-12 04:06:23,103] {scheduler_job.py:633} INFO - Processing file /home/airflow/sandbox/lib/python3.8/site-packages/airflow/example_dags/example_xcom.py for tasks to queue
[2022-04-12 04:06:23,104] {logging_mixin.py:104} INFO - [2022-04-12 04:06:23,104] {dagbag.py:487} INFO - Filling up the DagBag from /home/airflow/sandbox/lib/python3.8/site-packages/airflow/example_dags/example_xcom.py
[2022-04-12 04:06:23,111] {scheduler_job.py:643} INFO - DAG(s) dict_keys(['example_xcom']) retrieved from /home/airflow/sandbox/lib/python3.8/site-packages/airflow/example_dags/example_xcom.py
[2022-04-12 04:06:23,320] {logging_mixin.py:104} INFO - [2022-04-12 04:06:23,320] {dag.py:1832} INFO - Sync 1 DAGs
[2022-04-12 04:06:23,327] {logging_mixin.py:104} INFO - [2022-04-12 04:06:23,327] {dag.py:2305} INFO - Setting next_dagrun for example_xcom to 2022-04-10 00:00:00+00:00
[2022-04-12 04:06:23,351] {scheduler_job.py:190} INFO - Processing /home/airflow/sandbox/lib/python3.8/site-packages/airflow/example_dags/example_xcom.py took 0.253 seconds
[2022-04-12 04:06:54,463] {scheduler_job.py:182} INFO - Started process (PID=83937) to work on /home/airflow/sandbox/lib/python3.8/site-packages/airflow/example_dags/example_xcom.py
[2022-04-12 04:06:54,484] {scheduler_job.py:633} INFO - Processing file /home/airflow/sandbox/lib/python3.8/site-packages/airflow/example_dags/example_xcom.py for tasks to queue
[2022-04-12 04:06:54,485] {logging_mixin.py:104} INFO - [2022-04-12 04:06:54,485] {dagbag.py:487} INFO - Filling up the DagBag from /home/airflow/sandbox/lib/python3.8/site-packages/airflow/example_dags/example_xcom.py
[2022-04-12 04:06:54,507] {scheduler_job.py:643} INFO - DAG(s) dict_keys(['example_xcom']) retrieved from /home/airflow/sandbox/lib/python3.8/site-packages/airflow/example_dags/example_xcom.py
[2022-04-12 04:06:54,625] {logging_mixin.py:104} INFO - [2022-04-12 04:06:54,625] {dag.py:1832} INFO - Sync 1 DAGs
[2022-04-12 04:06:54,690] {logging_mixin.py:104} INFO - [2022-04-12 04:06:54,690] {dag.py:2305} INFO - Setting next_dagrun for example_xcom to 2022-04-10 00:00:00+00:00
[2022-04-12 04:06:54,836] {scheduler_job.py:190} INFO - Processing /home/airflow/sandbox/lib/python3.8/site-packages/airflow/example_dags/example_xcom.py took 0.379 seconds
[2022-04-12 04:07:26,756] {scheduler_job.py:182} INFO - Started process (PID=84218) to work on /home/airflow/sandbox/lib/python3.8/site-packages/airflow/example_dags/example_xcom.py
[2022-04-12 04:07:26,758] {scheduler_job.py:633} INFO - Processing file /home/airflow/sandbox/lib/python3.8/site-packages/airflow/example_dags/example_xcom.py for tasks to queue
[2022-04-12 04:07:26,759] {logging_mixin.py:104} INFO - [2022-04-12 04:07:26,759] {dagbag.py:487} INFO - Filling up the DagBag from /home/airflow/sandbox/lib/python3.8/site-packages/airflow/example_dags/example_xcom.py
[2022-04-12 04:07:26,772] {scheduler_job.py:643} INFO - DAG(s) dict_keys(['example_xcom']) retrieved from /home/airflow/sandbox/lib/python3.8/site-packages/airflow/example_dags/example_xcom.py
[2022-04-12 04:07:26,821] {logging_mixin.py:104} INFO - [2022-04-12 04:07:26,821] {dag.py:1832} INFO - Sync 1 DAGs
[2022-04-12 04:07:26,849] {logging_mixin.py:104} INFO - [2022-04-12 04:07:26,848] {dag.py:2305} INFO - Setting next_dagrun for example_xcom to 2022-04-10 00:00:00+00:00
[2022-04-12 04:07:26,894] {scheduler_job.py:190} INFO - Processing /home/airflow/sandbox/lib/python3.8/site-packages/airflow/example_dags/example_xcom.py took 0.150 seconds
[2022-04-12 04:07:58,516] {scheduler_job.py:182} INFO - Started process (PID=84418) to work on /home/airflow/sandbox/lib/python3.8/site-packages/airflow/example_dags/example_xcom.py
[2022-04-12 04:07:58,526] {scheduler_job.py:633} INFO - Processing file /home/airflow/sandbox/lib/python3.8/site-packages/airflow/example_dags/example_xcom.py for tasks to queue
[2022-04-12 04:07:58,528] {logging_mixin.py:104} INFO - [2022-04-12 04:07:58,527] {dagbag.py:487} INFO - Filling up the DagBag from /home/airflow/sandbox/lib/python3.8/site-packages/airflow/example_dags/example_xcom.py
[2022-04-12 04:07:58,558] {scheduler_job.py:643} INFO - DAG(s) dict_keys(['example_xcom']) retrieved from /home/airflow/sandbox/lib/python3.8/site-packages/airflow/example_dags/example_xcom.py
[2022-04-12 04:07:58,664] {logging_mixin.py:104} INFO - [2022-04-12 04:07:58,664] {dag.py:1832} INFO - Sync 1 DAGs
[2022-04-12 04:07:58,759] {logging_mixin.py:104} INFO - [2022-04-12 04:07:58,759] {dag.py:2305} INFO - Setting next_dagrun for example_xcom to 2022-04-10 00:00:00+00:00
[2022-04-12 04:07:58,865] {scheduler_job.py:190} INFO - Processing /home/airflow/sandbox/lib/python3.8/site-packages/airflow/example_dags/example_xcom.py took 0.356 seconds
[2022-04-12 04:08:30,607] {scheduler_job.py:182} INFO - Started process (PID=84685) to work on /home/airflow/sandbox/lib/python3.8/site-packages/airflow/example_dags/example_xcom.py
[2022-04-12 04:08:30,618] {scheduler_job.py:633} INFO - Processing file /home/airflow/sandbox/lib/python3.8/site-packages/airflow/example_dags/example_xcom.py for tasks to queue
[2022-04-12 04:08:30,619] {logging_mixin.py:104} INFO - [2022-04-12 04:08:30,619] {dagbag.py:487} INFO - Filling up the DagBag from /home/airflow/sandbox/lib/python3.8/site-packages/airflow/example_dags/example_xcom.py
[2022-04-12 04:08:30,644] {scheduler_job.py:643} INFO - DAG(s) dict_keys(['example_xcom']) retrieved from /home/airflow/sandbox/lib/python3.8/site-packages/airflow/example_dags/example_xcom.py
[2022-04-12 04:08:30,778] {logging_mixin.py:104} INFO - [2022-04-12 04:08:30,778] {dag.py:1832} INFO - Sync 1 DAGs
[2022-04-12 04:08:30,830] {logging_mixin.py:104} INFO - [2022-04-12 04:08:30,830] {dag.py:2305} INFO - Setting next_dagrun for example_xcom to 2022-04-10 00:00:00+00:00
[2022-04-12 04:08:30,894] {scheduler_job.py:190} INFO - Processing /home/airflow/sandbox/lib/python3.8/site-packages/airflow/example_dags/example_xcom.py took 0.302 seconds
[2022-04-12 04:09:02,281] {scheduler_job.py:182} INFO - Started process (PID=84895) to work on /home/airflow/sandbox/lib/python3.8/site-packages/airflow/example_dags/example_xcom.py
[2022-04-12 04:09:02,303] {scheduler_job.py:633} INFO - Processing file /home/airflow/sandbox/lib/python3.8/site-packages/airflow/example_dags/example_xcom.py for tasks to queue
[2022-04-12 04:09:02,308] {logging_mixin.py:104} INFO - [2022-04-12 04:09:02,307] {dagbag.py:487} INFO - Filling up the DagBag from /home/airflow/sandbox/lib/python3.8/site-packages/airflow/example_dags/example_xcom.py
[2022-04-12 04:09:02,363] {scheduler_job.py:643} INFO - DAG(s) dict_keys(['example_xcom']) retrieved from /home/airflow/sandbox/lib/python3.8/site-packages/airflow/example_dags/example_xcom.py
[2022-04-12 04:09:02,501] {logging_mixin.py:104} INFO - [2022-04-12 04:09:02,501] {dag.py:1832} INFO - Sync 1 DAGs
[2022-04-12 04:09:02,568] {logging_mixin.py:104} INFO - [2022-04-12 04:09:02,568] {dag.py:2305} INFO - Setting next_dagrun for example_xcom to 2022-04-10 00:00:00+00:00
[2022-04-12 04:09:02,618] {scheduler_job.py:190} INFO - Processing /home/airflow/sandbox/lib/python3.8/site-packages/airflow/example_dags/example_xcom.py took 0.357 seconds
[2022-04-12 04:15:04,700] {scheduler_job.py:182} INFO - Started process (PID=85759) to work on /home/airflow/sandbox/lib/python3.8/site-packages/airflow/example_dags/example_xcom.py
[2022-04-12 04:15:04,703] {scheduler_job.py:633} INFO - Processing file /home/airflow/sandbox/lib/python3.8/site-packages/airflow/example_dags/example_xcom.py for tasks to queue
[2022-04-12 04:15:04,705] {logging_mixin.py:104} INFO - [2022-04-12 04:15:04,705] {dagbag.py:487} INFO - Filling up the DagBag from /home/airflow/sandbox/lib/python3.8/site-packages/airflow/example_dags/example_xcom.py
[2022-04-12 04:15:04,716] {scheduler_job.py:643} INFO - DAG(s) dict_keys(['example_xcom']) retrieved from /home/airflow/sandbox/lib/python3.8/site-packages/airflow/example_dags/example_xcom.py
[2022-04-12 04:15:04,773] {logging_mixin.py:104} INFO - [2022-04-12 04:15:04,772] {dag.py:1832} INFO - Sync 1 DAGs
[2022-04-12 04:15:04,800] {logging_mixin.py:104} INFO - [2022-04-12 04:15:04,800] {dag.py:2305} INFO - Setting next_dagrun for example_xcom to 2022-04-10 00:00:00+00:00
[2022-04-12 04:15:04,839] {scheduler_job.py:190} INFO - Processing /home/airflow/sandbox/lib/python3.8/site-packages/airflow/example_dags/example_xcom.py took 0.144 seconds
[2022-04-12 04:15:35,597] {scheduler_job.py:182} INFO - Started process (PID=86088) to work on /home/airflow/sandbox/lib/python3.8/site-packages/airflow/example_dags/example_xcom.py
[2022-04-12 04:15:35,613] {scheduler_job.py:633} INFO - Processing file /home/airflow/sandbox/lib/python3.8/site-packages/airflow/example_dags/example_xcom.py for tasks to queue
[2022-04-12 04:15:35,615] {logging_mixin.py:104} INFO - [2022-04-12 04:15:35,614] {dagbag.py:487} INFO - Filling up the DagBag from /home/airflow/sandbox/lib/python3.8/site-packages/airflow/example_dags/example_xcom.py
[2022-04-12 04:15:35,653] {scheduler_job.py:643} INFO - DAG(s) dict_keys(['example_xcom']) retrieved from /home/airflow/sandbox/lib/python3.8/site-packages/airflow/example_dags/example_xcom.py
[2022-04-12 04:15:35,761] {logging_mixin.py:104} INFO - [2022-04-12 04:15:35,761] {dag.py:1832} INFO - Sync 1 DAGs
[2022-04-12 04:15:35,826] {logging_mixin.py:104} INFO - [2022-04-12 04:15:35,825] {dag.py:2305} INFO - Setting next_dagrun for example_xcom to 2022-04-10 00:00:00+00:00
[2022-04-12 04:15:35,915] {scheduler_job.py:190} INFO - Processing /home/airflow/sandbox/lib/python3.8/site-packages/airflow/example_dags/example_xcom.py took 0.323 seconds
[2022-04-12 04:16:06,044] {scheduler_job.py:182} INFO - Started process (PID=86458) to work on /home/airflow/sandbox/lib/python3.8/site-packages/airflow/example_dags/example_xcom.py
[2022-04-12 04:16:06,050] {scheduler_job.py:633} INFO - Processing file /home/airflow/sandbox/lib/python3.8/site-packages/airflow/example_dags/example_xcom.py for tasks to queue
[2022-04-12 04:16:06,052] {logging_mixin.py:104} INFO - [2022-04-12 04:16:06,052] {dagbag.py:487} INFO - Filling up the DagBag from /home/airflow/sandbox/lib/python3.8/site-packages/airflow/example_dags/example_xcom.py
[2022-04-12 04:16:06,085] {scheduler_job.py:643} INFO - DAG(s) dict_keys(['example_xcom']) retrieved from /home/airflow/sandbox/lib/python3.8/site-packages/airflow/example_dags/example_xcom.py
[2022-04-12 04:16:06,317] {logging_mixin.py:104} INFO - [2022-04-12 04:16:06,317] {dag.py:1832} INFO - Sync 1 DAGs
[2022-04-12 04:16:06,379] {logging_mixin.py:104} INFO - [2022-04-12 04:16:06,378] {dag.py:2305} INFO - Setting next_dagrun for example_xcom to 2022-04-10 00:00:00+00:00
[2022-04-12 04:16:06,438] {scheduler_job.py:190} INFO - Processing /home/airflow/sandbox/lib/python3.8/site-packages/airflow/example_dags/example_xcom.py took 0.400 seconds
[2022-04-12 04:16:36,683] {scheduler_job.py:182} INFO - Started process (PID=86853) to work on /home/airflow/sandbox/lib/python3.8/site-packages/airflow/example_dags/example_xcom.py
[2022-04-12 04:16:36,693] {scheduler_job.py:633} INFO - Processing file /home/airflow/sandbox/lib/python3.8/site-packages/airflow/example_dags/example_xcom.py for tasks to queue
[2022-04-12 04:16:36,711] {logging_mixin.py:104} INFO - [2022-04-12 04:16:36,710] {dagbag.py:487} INFO - Filling up the DagBag from /home/airflow/sandbox/lib/python3.8/site-packages/airflow/example_dags/example_xcom.py
[2022-04-12 04:16:36,732] {scheduler_job.py:643} INFO - DAG(s) dict_keys(['example_xcom']) retrieved from /home/airflow/sandbox/lib/python3.8/site-packages/airflow/example_dags/example_xcom.py
[2022-04-12 04:16:36,882] {logging_mixin.py:104} INFO - [2022-04-12 04:16:36,882] {dag.py:1832} INFO - Sync 1 DAGs
[2022-04-12 04:16:36,960] {logging_mixin.py:104} INFO - [2022-04-12 04:16:36,960] {dag.py:2305} INFO - Setting next_dagrun for example_xcom to 2022-04-10 00:00:00+00:00
[2022-04-12 04:16:36,995] {scheduler_job.py:190} INFO - Processing /home/airflow/sandbox/lib/python3.8/site-packages/airflow/example_dags/example_xcom.py took 0.319 seconds
[2022-04-12 04:17:07,335] {scheduler_job.py:182} INFO - Started process (PID=87235) to work on /home/airflow/sandbox/lib/python3.8/site-packages/airflow/example_dags/example_xcom.py
[2022-04-12 04:17:07,352] {scheduler_job.py:633} INFO - Processing file /home/airflow/sandbox/lib/python3.8/site-packages/airflow/example_dags/example_xcom.py for tasks to queue
[2022-04-12 04:17:07,354] {logging_mixin.py:104} INFO - [2022-04-12 04:17:07,353] {dagbag.py:487} INFO - Filling up the DagBag from /home/airflow/sandbox/lib/python3.8/site-packages/airflow/example_dags/example_xcom.py
[2022-04-12 04:17:07,383] {scheduler_job.py:643} INFO - DAG(s) dict_keys(['example_xcom']) retrieved from /home/airflow/sandbox/lib/python3.8/site-packages/airflow/example_dags/example_xcom.py
[2022-04-12 04:17:07,558] {logging_mixin.py:104} INFO - [2022-04-12 04:17:07,558] {dag.py:1832} INFO - Sync 1 DAGs
[2022-04-12 04:17:07,682] {logging_mixin.py:104} INFO - [2022-04-12 04:17:07,682] {dag.py:2305} INFO - Setting next_dagrun for example_xcom to 2022-04-10 00:00:00+00:00
[2022-04-12 04:17:07,747] {scheduler_job.py:190} INFO - Processing /home/airflow/sandbox/lib/python3.8/site-packages/airflow/example_dags/example_xcom.py took 0.430 seconds
[2022-04-12 04:17:38,120] {scheduler_job.py:182} INFO - Started process (PID=87630) to work on /home/airflow/sandbox/lib/python3.8/site-packages/airflow/example_dags/example_xcom.py
[2022-04-12 04:17:38,130] {scheduler_job.py:633} INFO - Processing file /home/airflow/sandbox/lib/python3.8/site-packages/airflow/example_dags/example_xcom.py for tasks to queue
[2022-04-12 04:17:38,132] {logging_mixin.py:104} INFO - [2022-04-12 04:17:38,131] {dagbag.py:487} INFO - Filling up the DagBag from /home/airflow/sandbox/lib/python3.8/site-packages/airflow/example_dags/example_xcom.py
[2022-04-12 04:17:38,144] {scheduler_job.py:643} INFO - DAG(s) dict_keys(['example_xcom']) retrieved from /home/airflow/sandbox/lib/python3.8/site-packages/airflow/example_dags/example_xcom.py
[2022-04-12 04:17:38,265] {logging_mixin.py:104} INFO - [2022-04-12 04:17:38,265] {dag.py:1832} INFO - Sync 1 DAGs
[2022-04-12 04:17:38,345] {logging_mixin.py:104} INFO - [2022-04-12 04:17:38,345] {dag.py:2305} INFO - Setting next_dagrun for example_xcom to 2022-04-10 00:00:00+00:00
[2022-04-12 04:17:38,425] {scheduler_job.py:190} INFO - Processing /home/airflow/sandbox/lib/python3.8/site-packages/airflow/example_dags/example_xcom.py took 0.321 seconds
[2022-04-12 04:18:09,234] {scheduler_job.py:182} INFO - Started process (PID=88011) to work on /home/airflow/sandbox/lib/python3.8/site-packages/airflow/example_dags/example_xcom.py
[2022-04-12 04:18:09,256] {scheduler_job.py:633} INFO - Processing file /home/airflow/sandbox/lib/python3.8/site-packages/airflow/example_dags/example_xcom.py for tasks to queue
[2022-04-12 04:18:09,259] {logging_mixin.py:104} INFO - [2022-04-12 04:18:09,258] {dagbag.py:487} INFO - Filling up the DagBag from /home/airflow/sandbox/lib/python3.8/site-packages/airflow/example_dags/example_xcom.py
[2022-04-12 04:18:09,292] {scheduler_job.py:643} INFO - DAG(s) dict_keys(['example_xcom']) retrieved from /home/airflow/sandbox/lib/python3.8/site-packages/airflow/example_dags/example_xcom.py
[2022-04-12 04:18:09,367] {logging_mixin.py:104} INFO - [2022-04-12 04:18:09,367] {dag.py:1832} INFO - Sync 1 DAGs
[2022-04-12 04:18:09,392] {logging_mixin.py:104} INFO - [2022-04-12 04:18:09,392] {dag.py:2305} INFO - Setting next_dagrun for example_xcom to 2022-04-10 00:00:00+00:00
[2022-04-12 04:18:09,494] {scheduler_job.py:190} INFO - Processing /home/airflow/sandbox/lib/python3.8/site-packages/airflow/example_dags/example_xcom.py took 0.292 seconds
[2022-04-12 04:18:40,689] {scheduler_job.py:182} INFO - Started process (PID=88392) to work on /home/airflow/sandbox/lib/python3.8/site-packages/airflow/example_dags/example_xcom.py
[2022-04-12 04:18:40,730] {scheduler_job.py:633} INFO - Processing file /home/airflow/sandbox/lib/python3.8/site-packages/airflow/example_dags/example_xcom.py for tasks to queue
[2022-04-12 04:18:40,736] {logging_mixin.py:104} INFO - [2022-04-12 04:18:40,736] {dagbag.py:487} INFO - Filling up the DagBag from /home/airflow/sandbox/lib/python3.8/site-packages/airflow/example_dags/example_xcom.py
[2022-04-12 04:18:40,793] {scheduler_job.py:643} INFO - DAG(s) dict_keys(['example_xcom']) retrieved from /home/airflow/sandbox/lib/python3.8/site-packages/airflow/example_dags/example_xcom.py
[2022-04-12 04:18:40,941] {logging_mixin.py:104} INFO - [2022-04-12 04:18:40,940] {dag.py:1832} INFO - Sync 1 DAGs
[2022-04-12 04:18:41,034] {logging_mixin.py:104} INFO - [2022-04-12 04:18:41,034] {dag.py:2305} INFO - Setting next_dagrun for example_xcom to 2022-04-10 00:00:00+00:00
[2022-04-12 04:18:41,166] {scheduler_job.py:190} INFO - Processing /home/airflow/sandbox/lib/python3.8/site-packages/airflow/example_dags/example_xcom.py took 0.488 seconds
[2022-04-12 04:19:12,059] {scheduler_job.py:182} INFO - Started process (PID=88784) to work on /home/airflow/sandbox/lib/python3.8/site-packages/airflow/example_dags/example_xcom.py
[2022-04-12 04:19:12,062] {scheduler_job.py:633} INFO - Processing file /home/airflow/sandbox/lib/python3.8/site-packages/airflow/example_dags/example_xcom.py for tasks to queue
[2022-04-12 04:19:12,064] {logging_mixin.py:104} INFO - [2022-04-12 04:19:12,064] {dagbag.py:487} INFO - Filling up the DagBag from /home/airflow/sandbox/lib/python3.8/site-packages/airflow/example_dags/example_xcom.py
[2022-04-12 04:19:12,092] {scheduler_job.py:643} INFO - DAG(s) dict_keys(['example_xcom']) retrieved from /home/airflow/sandbox/lib/python3.8/site-packages/airflow/example_dags/example_xcom.py
[2022-04-12 04:19:12,228] {logging_mixin.py:104} INFO - [2022-04-12 04:19:12,228] {dag.py:1832} INFO - Sync 1 DAGs
[2022-04-12 04:19:12,289] {logging_mixin.py:104} INFO - [2022-04-12 04:19:12,289] {dag.py:2305} INFO - Setting next_dagrun for example_xcom to 2022-04-10 00:00:00+00:00
[2022-04-12 04:19:12,393] {scheduler_job.py:190} INFO - Processing /home/airflow/sandbox/lib/python3.8/site-packages/airflow/example_dags/example_xcom.py took 0.372 seconds
[2022-04-12 04:19:43,580] {scheduler_job.py:182} INFO - Started process (PID=89296) to work on /home/airflow/sandbox/lib/python3.8/site-packages/airflow/example_dags/example_xcom.py
[2022-04-12 04:19:43,589] {scheduler_job.py:633} INFO - Processing file /home/airflow/sandbox/lib/python3.8/site-packages/airflow/example_dags/example_xcom.py for tasks to queue
[2022-04-12 04:19:43,594] {logging_mixin.py:104} INFO - [2022-04-12 04:19:43,593] {dagbag.py:487} INFO - Filling up the DagBag from /home/airflow/sandbox/lib/python3.8/site-packages/airflow/example_dags/example_xcom.py
[2022-04-12 04:19:43,645] {scheduler_job.py:643} INFO - DAG(s) dict_keys(['example_xcom']) retrieved from /home/airflow/sandbox/lib/python3.8/site-packages/airflow/example_dags/example_xcom.py
[2022-04-12 04:19:43,827] {logging_mixin.py:104} INFO - [2022-04-12 04:19:43,827] {dag.py:1832} INFO - Sync 1 DAGs
[2022-04-12 04:19:43,866] {logging_mixin.py:104} INFO - [2022-04-12 04:19:43,865] {dag.py:2305} INFO - Setting next_dagrun for example_xcom to 2022-04-10 00:00:00+00:00
[2022-04-12 04:19:43,972] {scheduler_job.py:190} INFO - Processing /home/airflow/sandbox/lib/python3.8/site-packages/airflow/example_dags/example_xcom.py took 0.412 seconds
[2022-04-12 04:20:14,994] {scheduler_job.py:182} INFO - Started process (PID=89796) to work on /home/airflow/sandbox/lib/python3.8/site-packages/airflow/example_dags/example_xcom.py
[2022-04-12 04:20:15,010] {scheduler_job.py:633} INFO - Processing file /home/airflow/sandbox/lib/python3.8/site-packages/airflow/example_dags/example_xcom.py for tasks to queue
[2022-04-12 04:20:15,013] {logging_mixin.py:104} INFO - [2022-04-12 04:20:15,013] {dagbag.py:487} INFO - Filling up the DagBag from /home/airflow/sandbox/lib/python3.8/site-packages/airflow/example_dags/example_xcom.py
[2022-04-12 04:20:15,077] {scheduler_job.py:643} INFO - DAG(s) dict_keys(['example_xcom']) retrieved from /home/airflow/sandbox/lib/python3.8/site-packages/airflow/example_dags/example_xcom.py
[2022-04-12 04:20:15,195] {logging_mixin.py:104} INFO - [2022-04-12 04:20:15,195] {dag.py:1832} INFO - Sync 1 DAGs
[2022-04-12 04:20:15,270] {logging_mixin.py:104} INFO - [2022-04-12 04:20:15,270] {dag.py:2305} INFO - Setting next_dagrun for example_xcom to 2022-04-10 00:00:00+00:00
[2022-04-12 04:20:15,372] {scheduler_job.py:190} INFO - Processing /home/airflow/sandbox/lib/python3.8/site-packages/airflow/example_dags/example_xcom.py took 0.412 seconds
[2022-04-12 04:20:45,852] {scheduler_job.py:182} INFO - Started process (PID=90140) to work on /home/airflow/sandbox/lib/python3.8/site-packages/airflow/example_dags/example_xcom.py
[2022-04-12 04:20:45,869] {scheduler_job.py:633} INFO - Processing file /home/airflow/sandbox/lib/python3.8/site-packages/airflow/example_dags/example_xcom.py for tasks to queue
[2022-04-12 04:20:45,877] {logging_mixin.py:104} INFO - [2022-04-12 04:20:45,877] {dagbag.py:487} INFO - Filling up the DagBag from /home/airflow/sandbox/lib/python3.8/site-packages/airflow/example_dags/example_xcom.py
[2022-04-12 04:20:45,924] {scheduler_job.py:643} INFO - DAG(s) dict_keys(['example_xcom']) retrieved from /home/airflow/sandbox/lib/python3.8/site-packages/airflow/example_dags/example_xcom.py
[2022-04-12 04:20:46,123] {logging_mixin.py:104} INFO - [2022-04-12 04:20:46,122] {dag.py:1832} INFO - Sync 1 DAGs
[2022-04-12 04:20:46,226] {logging_mixin.py:104} INFO - [2022-04-12 04:20:46,225] {dag.py:2305} INFO - Setting next_dagrun for example_xcom to 2022-04-10 00:00:00+00:00
[2022-04-12 04:20:46,474] {scheduler_job.py:190} INFO - Processing /home/airflow/sandbox/lib/python3.8/site-packages/airflow/example_dags/example_xcom.py took 0.662 seconds
[2022-04-12 04:21:16,704] {scheduler_job.py:182} INFO - Started process (PID=90336) to work on /home/airflow/sandbox/lib/python3.8/site-packages/airflow/example_dags/example_xcom.py
[2022-04-12 04:21:16,708] {scheduler_job.py:633} INFO - Processing file /home/airflow/sandbox/lib/python3.8/site-packages/airflow/example_dags/example_xcom.py for tasks to queue
[2022-04-12 04:21:16,710] {logging_mixin.py:104} INFO - [2022-04-12 04:21:16,710] {dagbag.py:487} INFO - Filling up the DagBag from /home/airflow/sandbox/lib/python3.8/site-packages/airflow/example_dags/example_xcom.py
[2022-04-12 04:21:16,743] {scheduler_job.py:643} INFO - DAG(s) dict_keys(['example_xcom']) retrieved from /home/airflow/sandbox/lib/python3.8/site-packages/airflow/example_dags/example_xcom.py
[2022-04-12 04:21:16,870] {logging_mixin.py:104} INFO - [2022-04-12 04:21:16,869] {dag.py:1832} INFO - Sync 1 DAGs
[2022-04-12 04:21:16,964] {logging_mixin.py:104} INFO - [2022-04-12 04:21:16,961] {dag.py:2305} INFO - Setting next_dagrun for example_xcom to 2022-04-10 00:00:00+00:00
[2022-04-12 04:21:17,051] {scheduler_job.py:190} INFO - Processing /home/airflow/sandbox/lib/python3.8/site-packages/airflow/example_dags/example_xcom.py took 0.363 seconds
[2022-04-12 04:21:47,658] {scheduler_job.py:182} INFO - Started process (PID=90535) to work on /home/airflow/sandbox/lib/python3.8/site-packages/airflow/example_dags/example_xcom.py
[2022-04-12 04:21:47,667] {scheduler_job.py:633} INFO - Processing file /home/airflow/sandbox/lib/python3.8/site-packages/airflow/example_dags/example_xcom.py for tasks to queue
[2022-04-12 04:21:47,669] {logging_mixin.py:104} INFO - [2022-04-12 04:21:47,669] {dagbag.py:487} INFO - Filling up the DagBag from /home/airflow/sandbox/lib/python3.8/site-packages/airflow/example_dags/example_xcom.py
[2022-04-12 04:21:47,690] {scheduler_job.py:643} INFO - DAG(s) dict_keys(['example_xcom']) retrieved from /home/airflow/sandbox/lib/python3.8/site-packages/airflow/example_dags/example_xcom.py
[2022-04-12 04:21:47,764] {logging_mixin.py:104} INFO - [2022-04-12 04:21:47,763] {dag.py:1832} INFO - Sync 1 DAGs
[2022-04-12 04:21:47,818] {logging_mixin.py:104} INFO - [2022-04-12 04:21:47,818] {dag.py:2305} INFO - Setting next_dagrun for example_xcom to 2022-04-10 00:00:00+00:00
[2022-04-12 04:21:47,857] {scheduler_job.py:190} INFO - Processing /home/airflow/sandbox/lib/python3.8/site-packages/airflow/example_dags/example_xcom.py took 0.210 seconds
[2022-04-12 04:22:19,839] {scheduler_job.py:182} INFO - Started process (PID=90852) to work on /home/airflow/sandbox/lib/python3.8/site-packages/airflow/example_dags/example_xcom.py
[2022-04-12 04:22:19,846] {scheduler_job.py:633} INFO - Processing file /home/airflow/sandbox/lib/python3.8/site-packages/airflow/example_dags/example_xcom.py for tasks to queue
[2022-04-12 04:22:19,849] {logging_mixin.py:104} INFO - [2022-04-12 04:22:19,848] {dagbag.py:487} INFO - Filling up the DagBag from /home/airflow/sandbox/lib/python3.8/site-packages/airflow/example_dags/example_xcom.py
[2022-04-12 04:22:19,867] {scheduler_job.py:643} INFO - DAG(s) dict_keys(['example_xcom']) retrieved from /home/airflow/sandbox/lib/python3.8/site-packages/airflow/example_dags/example_xcom.py
[2022-04-12 04:22:20,034] {logging_mixin.py:104} INFO - [2022-04-12 04:22:20,034] {dag.py:1832} INFO - Sync 1 DAGs
[2022-04-12 04:22:20,159] {logging_mixin.py:104} INFO - [2022-04-12 04:22:20,158] {dag.py:2305} INFO - Setting next_dagrun for example_xcom to 2022-04-10 00:00:00+00:00
[2022-04-12 04:22:20,307] {scheduler_job.py:190} INFO - Processing /home/airflow/sandbox/lib/python3.8/site-packages/airflow/example_dags/example_xcom.py took 0.481 seconds
[2022-04-12 04:22:51,116] {scheduler_job.py:182} INFO - Started process (PID=91096) to work on /home/airflow/sandbox/lib/python3.8/site-packages/airflow/example_dags/example_xcom.py
[2022-04-12 04:22:51,131] {scheduler_job.py:633} INFO - Processing file /home/airflow/sandbox/lib/python3.8/site-packages/airflow/example_dags/example_xcom.py for tasks to queue
[2022-04-12 04:22:51,134] {logging_mixin.py:104} INFO - [2022-04-12 04:22:51,134] {dagbag.py:487} INFO - Filling up the DagBag from /home/airflow/sandbox/lib/python3.8/site-packages/airflow/example_dags/example_xcom.py
[2022-04-12 04:22:51,175] {scheduler_job.py:643} INFO - DAG(s) dict_keys(['example_xcom']) retrieved from /home/airflow/sandbox/lib/python3.8/site-packages/airflow/example_dags/example_xcom.py
[2022-04-12 04:22:51,353] {logging_mixin.py:104} INFO - [2022-04-12 04:22:51,353] {dag.py:1832} INFO - Sync 1 DAGs
[2022-04-12 04:22:51,457] {logging_mixin.py:104} INFO - [2022-04-12 04:22:51,456] {dag.py:2305} INFO - Setting next_dagrun for example_xcom to 2022-04-10 00:00:00+00:00
[2022-04-12 04:22:51,521] {scheduler_job.py:190} INFO - Processing /home/airflow/sandbox/lib/python3.8/site-packages/airflow/example_dags/example_xcom.py took 0.450 seconds
[2022-04-12 04:23:23,307] {scheduler_job.py:182} INFO - Started process (PID=91295) to work on /home/airflow/sandbox/lib/python3.8/site-packages/airflow/example_dags/example_xcom.py
[2022-04-12 04:23:23,317] {scheduler_job.py:633} INFO - Processing file /home/airflow/sandbox/lib/python3.8/site-packages/airflow/example_dags/example_xcom.py for tasks to queue
[2022-04-12 04:23:23,320] {logging_mixin.py:104} INFO - [2022-04-12 04:23:23,319] {dagbag.py:487} INFO - Filling up the DagBag from /home/airflow/sandbox/lib/python3.8/site-packages/airflow/example_dags/example_xcom.py
[2022-04-12 04:23:23,344] {scheduler_job.py:643} INFO - DAG(s) dict_keys(['example_xcom']) retrieved from /home/airflow/sandbox/lib/python3.8/site-packages/airflow/example_dags/example_xcom.py
[2022-04-12 04:23:23,449] {logging_mixin.py:104} INFO - [2022-04-12 04:23:23,447] {dag.py:1832} INFO - Sync 1 DAGs
[2022-04-12 04:23:23,522] {logging_mixin.py:104} INFO - [2022-04-12 04:23:23,522] {dag.py:2305} INFO - Setting next_dagrun for example_xcom to 2022-04-10 00:00:00+00:00
[2022-04-12 04:23:23,597] {scheduler_job.py:190} INFO - Processing /home/airflow/sandbox/lib/python3.8/site-packages/airflow/example_dags/example_xcom.py took 0.301 seconds
[2022-04-12 04:23:54,890] {scheduler_job.py:182} INFO - Started process (PID=91493) to work on /home/airflow/sandbox/lib/python3.8/site-packages/airflow/example_dags/example_xcom.py
[2022-04-12 04:23:54,909] {scheduler_job.py:633} INFO - Processing file /home/airflow/sandbox/lib/python3.8/site-packages/airflow/example_dags/example_xcom.py for tasks to queue
[2022-04-12 04:23:54,925] {logging_mixin.py:104} INFO - [2022-04-12 04:23:54,925] {dagbag.py:487} INFO - Filling up the DagBag from /home/airflow/sandbox/lib/python3.8/site-packages/airflow/example_dags/example_xcom.py
[2022-04-12 04:23:54,958] {scheduler_job.py:643} INFO - DAG(s) dict_keys(['example_xcom']) retrieved from /home/airflow/sandbox/lib/python3.8/site-packages/airflow/example_dags/example_xcom.py
[2022-04-12 04:23:55,200] {logging_mixin.py:104} INFO - [2022-04-12 04:23:55,199] {dag.py:1832} INFO - Sync 1 DAGs
[2022-04-12 04:23:55,326] {logging_mixin.py:104} INFO - [2022-04-12 04:23:55,313] {dag.py:2305} INFO - Setting next_dagrun for example_xcom to 2022-04-10 00:00:00+00:00
[2022-04-12 04:23:55,401] {scheduler_job.py:190} INFO - Processing /home/airflow/sandbox/lib/python3.8/site-packages/airflow/example_dags/example_xcom.py took 0.573 seconds
[2022-04-12 04:24:26,542] {scheduler_job.py:182} INFO - Started process (PID=91692) to work on /home/airflow/sandbox/lib/python3.8/site-packages/airflow/example_dags/example_xcom.py
[2022-04-12 04:24:26,545] {scheduler_job.py:633} INFO - Processing file /home/airflow/sandbox/lib/python3.8/site-packages/airflow/example_dags/example_xcom.py for tasks to queue
[2022-04-12 04:24:26,548] {logging_mixin.py:104} INFO - [2022-04-12 04:24:26,547] {dagbag.py:487} INFO - Filling up the DagBag from /home/airflow/sandbox/lib/python3.8/site-packages/airflow/example_dags/example_xcom.py
[2022-04-12 04:24:26,577] {scheduler_job.py:643} INFO - DAG(s) dict_keys(['example_xcom']) retrieved from /home/airflow/sandbox/lib/python3.8/site-packages/airflow/example_dags/example_xcom.py
[2022-04-12 04:24:26,794] {logging_mixin.py:104} INFO - [2022-04-12 04:24:26,793] {dag.py:1832} INFO - Sync 1 DAGs
[2022-04-12 04:24:26,919] {logging_mixin.py:104} INFO - [2022-04-12 04:24:26,919] {dag.py:2305} INFO - Setting next_dagrun for example_xcom to 2022-04-10 00:00:00+00:00
[2022-04-12 04:24:27,080] {scheduler_job.py:190} INFO - Processing /home/airflow/sandbox/lib/python3.8/site-packages/airflow/example_dags/example_xcom.py took 0.572 seconds
[2022-04-12 04:24:58,558] {scheduler_job.py:182} INFO - Started process (PID=92131) to work on /home/airflow/sandbox/lib/python3.8/site-packages/airflow/example_dags/example_xcom.py
[2022-04-12 04:24:58,578] {scheduler_job.py:633} INFO - Processing file /home/airflow/sandbox/lib/python3.8/site-packages/airflow/example_dags/example_xcom.py for tasks to queue
[2022-04-12 04:24:58,588] {logging_mixin.py:104} INFO - [2022-04-12 04:24:58,587] {dagbag.py:487} INFO - Filling up the DagBag from /home/airflow/sandbox/lib/python3.8/site-packages/airflow/example_dags/example_xcom.py
[2022-04-12 04:24:58,636] {scheduler_job.py:643} INFO - DAG(s) dict_keys(['example_xcom']) retrieved from /home/airflow/sandbox/lib/python3.8/site-packages/airflow/example_dags/example_xcom.py
[2022-04-12 04:24:58,876] {logging_mixin.py:104} INFO - [2022-04-12 04:24:58,871] {dag.py:1832} INFO - Sync 1 DAGs
[2022-04-12 04:24:59,111] {logging_mixin.py:104} INFO - [2022-04-12 04:24:59,110] {dag.py:2305} INFO - Setting next_dagrun for example_xcom to 2022-04-10 00:00:00+00:00
[2022-04-12 04:24:59,293] {scheduler_job.py:190} INFO - Processing /home/airflow/sandbox/lib/python3.8/site-packages/airflow/example_dags/example_xcom.py took 0.747 seconds
[2022-04-12 04:25:31,015] {scheduler_job.py:182} INFO - Started process (PID=92327) to work on /home/airflow/sandbox/lib/python3.8/site-packages/airflow/example_dags/example_xcom.py
[2022-04-12 04:25:31,038] {scheduler_job.py:633} INFO - Processing file /home/airflow/sandbox/lib/python3.8/site-packages/airflow/example_dags/example_xcom.py for tasks to queue
[2022-04-12 04:25:31,054] {logging_mixin.py:104} INFO - [2022-04-12 04:25:31,053] {dagbag.py:487} INFO - Filling up the DagBag from /home/airflow/sandbox/lib/python3.8/site-packages/airflow/example_dags/example_xcom.py
[2022-04-12 04:25:31,134] {scheduler_job.py:643} INFO - DAG(s) dict_keys(['example_xcom']) retrieved from /home/airflow/sandbox/lib/python3.8/site-packages/airflow/example_dags/example_xcom.py
[2022-04-12 04:25:31,333] {logging_mixin.py:104} INFO - [2022-04-12 04:25:31,332] {dag.py:1832} INFO - Sync 1 DAGs
[2022-04-12 04:25:31,474] {logging_mixin.py:104} INFO - [2022-04-12 04:25:31,459] {dag.py:2305} INFO - Setting next_dagrun for example_xcom to 2022-04-10 00:00:00+00:00
[2022-04-12 04:25:31,686] {scheduler_job.py:190} INFO - Processing /home/airflow/sandbox/lib/python3.8/site-packages/airflow/example_dags/example_xcom.py took 0.715 seconds
[2022-04-12 04:26:02,588] {scheduler_job.py:182} INFO - Started process (PID=92521) to work on /home/airflow/sandbox/lib/python3.8/site-packages/airflow/example_dags/example_xcom.py
[2022-04-12 04:26:02,597] {scheduler_job.py:633} INFO - Processing file /home/airflow/sandbox/lib/python3.8/site-packages/airflow/example_dags/example_xcom.py for tasks to queue
[2022-04-12 04:26:02,599] {logging_mixin.py:104} INFO - [2022-04-12 04:26:02,599] {dagbag.py:487} INFO - Filling up the DagBag from /home/airflow/sandbox/lib/python3.8/site-packages/airflow/example_dags/example_xcom.py
[2022-04-12 04:26:02,657] {scheduler_job.py:643} INFO - DAG(s) dict_keys(['example_xcom']) retrieved from /home/airflow/sandbox/lib/python3.8/site-packages/airflow/example_dags/example_xcom.py
[2022-04-12 04:26:02,869] {logging_mixin.py:104} INFO - [2022-04-12 04:26:02,868] {dag.py:1832} INFO - Sync 1 DAGs
[2022-04-12 04:26:02,918] {logging_mixin.py:104} INFO - [2022-04-12 04:26:02,917] {dag.py:2305} INFO - Setting next_dagrun for example_xcom to 2022-04-10 00:00:00+00:00
[2022-04-12 04:26:03,223] {scheduler_job.py:190} INFO - Processing /home/airflow/sandbox/lib/python3.8/site-packages/airflow/example_dags/example_xcom.py took 0.684 seconds
[2022-04-12 04:26:33,865] {scheduler_job.py:182} INFO - Started process (PID=92713) to work on /home/airflow/sandbox/lib/python3.8/site-packages/airflow/example_dags/example_xcom.py
[2022-04-12 04:26:33,871] {scheduler_job.py:633} INFO - Processing file /home/airflow/sandbox/lib/python3.8/site-packages/airflow/example_dags/example_xcom.py for tasks to queue
[2022-04-12 04:26:33,883] {logging_mixin.py:104} INFO - [2022-04-12 04:26:33,883] {dagbag.py:487} INFO - Filling up the DagBag from /home/airflow/sandbox/lib/python3.8/site-packages/airflow/example_dags/example_xcom.py
[2022-04-12 04:26:33,909] {scheduler_job.py:643} INFO - DAG(s) dict_keys(['example_xcom']) retrieved from /home/airflow/sandbox/lib/python3.8/site-packages/airflow/example_dags/example_xcom.py
[2022-04-12 04:26:34,107] {logging_mixin.py:104} INFO - [2022-04-12 04:26:34,106] {dag.py:1832} INFO - Sync 1 DAGs
[2022-04-12 04:26:34,244] {logging_mixin.py:104} INFO - [2022-04-12 04:26:34,243] {dag.py:2305} INFO - Setting next_dagrun for example_xcom to 2022-04-10 00:00:00+00:00
[2022-04-12 04:26:34,314] {scheduler_job.py:190} INFO - Processing /home/airflow/sandbox/lib/python3.8/site-packages/airflow/example_dags/example_xcom.py took 0.462 seconds
[2022-04-12 04:27:04,507] {scheduler_job.py:182} INFO - Started process (PID=92910) to work on /home/airflow/sandbox/lib/python3.8/site-packages/airflow/example_dags/example_xcom.py
[2022-04-12 04:27:04,513] {scheduler_job.py:633} INFO - Processing file /home/airflow/sandbox/lib/python3.8/site-packages/airflow/example_dags/example_xcom.py for tasks to queue
[2022-04-12 04:27:04,515] {logging_mixin.py:104} INFO - [2022-04-12 04:27:04,515] {dagbag.py:487} INFO - Filling up the DagBag from /home/airflow/sandbox/lib/python3.8/site-packages/airflow/example_dags/example_xcom.py
[2022-04-12 04:27:04,543] {scheduler_job.py:643} INFO - DAG(s) dict_keys(['example_xcom']) retrieved from /home/airflow/sandbox/lib/python3.8/site-packages/airflow/example_dags/example_xcom.py
[2022-04-12 04:27:04,647] {logging_mixin.py:104} INFO - [2022-04-12 04:27:04,647] {dag.py:1832} INFO - Sync 1 DAGs
[2022-04-12 04:27:04,695] {logging_mixin.py:104} INFO - [2022-04-12 04:27:04,695] {dag.py:2305} INFO - Setting next_dagrun for example_xcom to 2022-04-10 00:00:00+00:00
[2022-04-12 04:27:04,749] {scheduler_job.py:190} INFO - Processing /home/airflow/sandbox/lib/python3.8/site-packages/airflow/example_dags/example_xcom.py took 0.265 seconds
[2022-04-12 04:27:35,274] {scheduler_job.py:182} INFO - Started process (PID=93105) to work on /home/airflow/sandbox/lib/python3.8/site-packages/airflow/example_dags/example_xcom.py
[2022-04-12 04:27:35,283] {scheduler_job.py:633} INFO - Processing file /home/airflow/sandbox/lib/python3.8/site-packages/airflow/example_dags/example_xcom.py for tasks to queue
[2022-04-12 04:27:35,294] {logging_mixin.py:104} INFO - [2022-04-12 04:27:35,294] {dagbag.py:487} INFO - Filling up the DagBag from /home/airflow/sandbox/lib/python3.8/site-packages/airflow/example_dags/example_xcom.py
[2022-04-12 04:27:35,310] {scheduler_job.py:643} INFO - DAG(s) dict_keys(['example_xcom']) retrieved from /home/airflow/sandbox/lib/python3.8/site-packages/airflow/example_dags/example_xcom.py
[2022-04-12 04:27:35,538] {logging_mixin.py:104} INFO - [2022-04-12 04:27:35,537] {dag.py:1832} INFO - Sync 1 DAGs
[2022-04-12 04:27:35,746] {logging_mixin.py:104} INFO - [2022-04-12 04:27:35,745] {dag.py:2305} INFO - Setting next_dagrun for example_xcom to 2022-04-10 00:00:00+00:00
[2022-04-12 04:27:36,026] {scheduler_job.py:190} INFO - Processing /home/airflow/sandbox/lib/python3.8/site-packages/airflow/example_dags/example_xcom.py took 0.775 seconds
[2022-04-12 04:28:06,292] {scheduler_job.py:182} INFO - Started process (PID=93306) to work on /home/airflow/sandbox/lib/python3.8/site-packages/airflow/example_dags/example_xcom.py
[2022-04-12 04:28:06,295] {scheduler_job.py:633} INFO - Processing file /home/airflow/sandbox/lib/python3.8/site-packages/airflow/example_dags/example_xcom.py for tasks to queue
[2022-04-12 04:28:06,302] {logging_mixin.py:104} INFO - [2022-04-12 04:28:06,302] {dagbag.py:487} INFO - Filling up the DagBag from /home/airflow/sandbox/lib/python3.8/site-packages/airflow/example_dags/example_xcom.py
[2022-04-12 04:28:06,403] {scheduler_job.py:643} INFO - DAG(s) dict_keys(['example_xcom']) retrieved from /home/airflow/sandbox/lib/python3.8/site-packages/airflow/example_dags/example_xcom.py
[2022-04-12 04:28:06,699] {logging_mixin.py:104} INFO - [2022-04-12 04:28:06,699] {dag.py:1832} INFO - Sync 1 DAGs
[2022-04-12 04:28:06,818] {logging_mixin.py:104} INFO - [2022-04-12 04:28:06,817] {dag.py:2305} INFO - Setting next_dagrun for example_xcom to 2022-04-10 00:00:00+00:00
[2022-04-12 04:28:06,875] {scheduler_job.py:190} INFO - Processing /home/airflow/sandbox/lib/python3.8/site-packages/airflow/example_dags/example_xcom.py took 0.594 seconds
[2022-04-12 04:28:37,859] {scheduler_job.py:182} INFO - Started process (PID=93504) to work on /home/airflow/sandbox/lib/python3.8/site-packages/airflow/example_dags/example_xcom.py
[2022-04-12 04:28:37,891] {scheduler_job.py:633} INFO - Processing file /home/airflow/sandbox/lib/python3.8/site-packages/airflow/example_dags/example_xcom.py for tasks to queue
[2022-04-12 04:28:37,895] {logging_mixin.py:104} INFO - [2022-04-12 04:28:37,894] {dagbag.py:487} INFO - Filling up the DagBag from /home/airflow/sandbox/lib/python3.8/site-packages/airflow/example_dags/example_xcom.py
[2022-04-12 04:28:37,943] {scheduler_job.py:643} INFO - DAG(s) dict_keys(['example_xcom']) retrieved from /home/airflow/sandbox/lib/python3.8/site-packages/airflow/example_dags/example_xcom.py
[2022-04-12 04:28:38,155] {logging_mixin.py:104} INFO - [2022-04-12 04:28:38,155] {dag.py:1832} INFO - Sync 1 DAGs
[2022-04-12 04:28:38,220] {logging_mixin.py:104} INFO - [2022-04-12 04:28:38,220] {dag.py:2305} INFO - Setting next_dagrun for example_xcom to 2022-04-10 00:00:00+00:00
[2022-04-12 04:28:38,294] {scheduler_job.py:190} INFO - Processing /home/airflow/sandbox/lib/python3.8/site-packages/airflow/example_dags/example_xcom.py took 0.481 seconds
[2022-04-12 04:30:46,444] {scheduler_job.py:182} INFO - Started process (PID=94163) to work on /home/airflow/sandbox/lib/python3.8/site-packages/airflow/example_dags/example_xcom.py
[2022-04-12 04:30:46,465] {scheduler_job.py:633} INFO - Processing file /home/airflow/sandbox/lib/python3.8/site-packages/airflow/example_dags/example_xcom.py for tasks to queue
[2022-04-12 04:30:46,474] {logging_mixin.py:104} INFO - [2022-04-12 04:30:46,474] {dagbag.py:487} INFO - Filling up the DagBag from /home/airflow/sandbox/lib/python3.8/site-packages/airflow/example_dags/example_xcom.py
[2022-04-12 04:30:46,499] {scheduler_job.py:643} INFO - DAG(s) dict_keys(['example_xcom']) retrieved from /home/airflow/sandbox/lib/python3.8/site-packages/airflow/example_dags/example_xcom.py
[2022-04-12 04:30:46,718] {logging_mixin.py:104} INFO - [2022-04-12 04:30:46,717] {dag.py:1832} INFO - Sync 1 DAGs
[2022-04-12 04:30:46,874] {logging_mixin.py:104} INFO - [2022-04-12 04:30:46,873] {dag.py:2305} INFO - Setting next_dagrun for example_xcom to 2022-04-10 00:00:00+00:00
[2022-04-12 04:30:47,071] {scheduler_job.py:190} INFO - Processing /home/airflow/sandbox/lib/python3.8/site-packages/airflow/example_dags/example_xcom.py took 0.635 seconds
[2022-04-12 04:31:21,262] {scheduler_job.py:182} INFO - Started process (PID=94364) to work on /home/airflow/sandbox/lib/python3.8/site-packages/airflow/example_dags/example_xcom.py
[2022-04-12 04:31:21,289] {scheduler_job.py:633} INFO - Processing file /home/airflow/sandbox/lib/python3.8/site-packages/airflow/example_dags/example_xcom.py for tasks to queue
[2022-04-12 04:31:21,301] {logging_mixin.py:104} INFO - [2022-04-12 04:31:21,300] {dagbag.py:487} INFO - Filling up the DagBag from /home/airflow/sandbox/lib/python3.8/site-packages/airflow/example_dags/example_xcom.py
[2022-04-12 04:31:21,347] {scheduler_job.py:643} INFO - DAG(s) dict_keys(['example_xcom']) retrieved from /home/airflow/sandbox/lib/python3.8/site-packages/airflow/example_dags/example_xcom.py
[2022-04-12 04:31:21,488] {logging_mixin.py:104} INFO - [2022-04-12 04:31:21,488] {dag.py:1832} INFO - Sync 1 DAGs
[2022-04-12 04:31:21,518] {logging_mixin.py:104} INFO - [2022-04-12 04:31:21,518] {dag.py:2305} INFO - Setting next_dagrun for example_xcom to 2022-04-10 00:00:00+00:00
[2022-04-12 04:31:21,640] {scheduler_job.py:190} INFO - Processing /home/airflow/sandbox/lib/python3.8/site-packages/airflow/example_dags/example_xcom.py took 0.391 seconds
[2022-04-12 04:31:52,564] {scheduler_job.py:182} INFO - Started process (PID=94563) to work on /home/airflow/sandbox/lib/python3.8/site-packages/airflow/example_dags/example_xcom.py
[2022-04-12 04:31:52,587] {scheduler_job.py:633} INFO - Processing file /home/airflow/sandbox/lib/python3.8/site-packages/airflow/example_dags/example_xcom.py for tasks to queue
[2022-04-12 04:31:52,590] {logging_mixin.py:104} INFO - [2022-04-12 04:31:52,589] {dagbag.py:487} INFO - Filling up the DagBag from /home/airflow/sandbox/lib/python3.8/site-packages/airflow/example_dags/example_xcom.py
[2022-04-12 04:31:52,630] {scheduler_job.py:643} INFO - DAG(s) dict_keys(['example_xcom']) retrieved from /home/airflow/sandbox/lib/python3.8/site-packages/airflow/example_dags/example_xcom.py
[2022-04-12 04:31:52,872] {logging_mixin.py:104} INFO - [2022-04-12 04:31:52,871] {dag.py:1832} INFO - Sync 1 DAGs
[2022-04-12 04:31:53,004] {logging_mixin.py:104} INFO - [2022-04-12 04:31:53,003] {dag.py:2305} INFO - Setting next_dagrun for example_xcom to 2022-04-10 00:00:00+00:00
[2022-04-12 04:31:53,153] {scheduler_job.py:190} INFO - Processing /home/airflow/sandbox/lib/python3.8/site-packages/airflow/example_dags/example_xcom.py took 0.597 seconds
[2022-04-12 04:32:25,157] {scheduler_job.py:182} INFO - Started process (PID=94762) to work on /home/airflow/sandbox/lib/python3.8/site-packages/airflow/example_dags/example_xcom.py
[2022-04-12 04:32:25,171] {scheduler_job.py:633} INFO - Processing file /home/airflow/sandbox/lib/python3.8/site-packages/airflow/example_dags/example_xcom.py for tasks to queue
[2022-04-12 04:32:25,180] {logging_mixin.py:104} INFO - [2022-04-12 04:32:25,180] {dagbag.py:487} INFO - Filling up the DagBag from /home/airflow/sandbox/lib/python3.8/site-packages/airflow/example_dags/example_xcom.py
[2022-04-12 04:32:25,224] {scheduler_job.py:643} INFO - DAG(s) dict_keys(['example_xcom']) retrieved from /home/airflow/sandbox/lib/python3.8/site-packages/airflow/example_dags/example_xcom.py
[2022-04-12 04:32:25,502] {logging_mixin.py:104} INFO - [2022-04-12 04:32:25,501] {dag.py:1832} INFO - Sync 1 DAGs
[2022-04-12 04:32:25,715] {logging_mixin.py:104} INFO - [2022-04-12 04:32:25,714] {dag.py:2305} INFO - Setting next_dagrun for example_xcom to 2022-04-10 00:00:00+00:00
[2022-04-12 04:32:25,865] {scheduler_job.py:190} INFO - Processing /home/airflow/sandbox/lib/python3.8/site-packages/airflow/example_dags/example_xcom.py took 0.730 seconds
