[2022-04-12 04:06:03,525] {scheduler_job.py:182} INFO - Started process (PID=82760) to work on /home/airflow/sandbox/lib/python3.8/site-packages/airflow/example_dags/example_kubernetes_executor.py
[2022-04-12 04:06:03,553] {scheduler_job.py:633} INFO - Processing file /home/airflow/sandbox/lib/python3.8/site-packages/airflow/example_dags/example_kubernetes_executor.py for tasks to queue
[2022-04-12 04:06:03,554] {logging_mixin.py:104} INFO - [2022-04-12 04:06:03,554] {dagbag.py:487} INFO - Filling up the DagBag from /home/airflow/sandbox/lib/python3.8/site-packages/airflow/example_dags/example_kubernetes_executor.py
[2022-04-12 04:06:03,694] {scheduler_job.py:643} INFO - DAG(s) dict_keys(['example_kubernetes_executor']) retrieved from /home/airflow/sandbox/lib/python3.8/site-packages/airflow/example_dags/example_kubernetes_executor.py
[2022-04-12 04:06:07,921] {logging_mixin.py:104} INFO - [2022-04-12 04:06:07,921] {dag.py:1832} INFO - Sync 1 DAGs
[2022-04-12 04:06:08,039] {logging_mixin.py:104} INFO - [2022-04-12 04:06:08,039] {dag.py:2305} INFO - Setting next_dagrun for example_kubernetes_executor to None
[2022-04-12 04:06:08,172] {scheduler_job.py:190} INFO - Processing /home/airflow/sandbox/lib/python3.8/site-packages/airflow/example_dags/example_kubernetes_executor.py took 4.732 seconds
[2022-04-12 04:06:38,803] {scheduler_job.py:182} INFO - Started process (PID=83829) to work on /home/airflow/sandbox/lib/python3.8/site-packages/airflow/example_dags/example_kubernetes_executor.py
[2022-04-12 04:06:38,805] {scheduler_job.py:633} INFO - Processing file /home/airflow/sandbox/lib/python3.8/site-packages/airflow/example_dags/example_kubernetes_executor.py for tasks to queue
[2022-04-12 04:06:38,806] {logging_mixin.py:104} INFO - [2022-04-12 04:06:38,806] {dagbag.py:487} INFO - Filling up the DagBag from /home/airflow/sandbox/lib/python3.8/site-packages/airflow/example_dags/example_kubernetes_executor.py
[2022-04-12 04:06:38,823] {scheduler_job.py:643} INFO - DAG(s) dict_keys(['example_kubernetes_executor']) retrieved from /home/airflow/sandbox/lib/python3.8/site-packages/airflow/example_dags/example_kubernetes_executor.py
[2022-04-12 04:06:38,891] {logging_mixin.py:104} INFO - [2022-04-12 04:06:38,891] {dag.py:1832} INFO - Sync 1 DAGs
[2022-04-12 04:06:38,919] {logging_mixin.py:104} INFO - [2022-04-12 04:06:38,919] {dag.py:2305} INFO - Setting next_dagrun for example_kubernetes_executor to None
[2022-04-12 04:06:38,957] {scheduler_job.py:190} INFO - Processing /home/airflow/sandbox/lib/python3.8/site-packages/airflow/example_dags/example_kubernetes_executor.py took 0.160 seconds
[2022-04-12 04:07:09,128] {scheduler_job.py:182} INFO - Started process (PID=84089) to work on /home/airflow/sandbox/lib/python3.8/site-packages/airflow/example_dags/example_kubernetes_executor.py
[2022-04-12 04:07:09,138] {scheduler_job.py:633} INFO - Processing file /home/airflow/sandbox/lib/python3.8/site-packages/airflow/example_dags/example_kubernetes_executor.py for tasks to queue
[2022-04-12 04:07:09,139] {logging_mixin.py:104} INFO - [2022-04-12 04:07:09,139] {dagbag.py:487} INFO - Filling up the DagBag from /home/airflow/sandbox/lib/python3.8/site-packages/airflow/example_dags/example_kubernetes_executor.py
[2022-04-12 04:07:09,165] {scheduler_job.py:643} INFO - DAG(s) dict_keys(['example_kubernetes_executor']) retrieved from /home/airflow/sandbox/lib/python3.8/site-packages/airflow/example_dags/example_kubernetes_executor.py
[2022-04-12 04:07:09,294] {logging_mixin.py:104} INFO - [2022-04-12 04:07:09,294] {dag.py:1832} INFO - Sync 1 DAGs
[2022-04-12 04:07:09,349] {logging_mixin.py:104} INFO - [2022-04-12 04:07:09,349] {dag.py:2305} INFO - Setting next_dagrun for example_kubernetes_executor to None
[2022-04-12 04:07:09,416] {scheduler_job.py:190} INFO - Processing /home/airflow/sandbox/lib/python3.8/site-packages/airflow/example_dags/example_kubernetes_executor.py took 0.305 seconds
[2022-04-12 04:07:39,835] {scheduler_job.py:182} INFO - Started process (PID=84288) to work on /home/airflow/sandbox/lib/python3.8/site-packages/airflow/example_dags/example_kubernetes_executor.py
[2022-04-12 04:07:39,837] {scheduler_job.py:633} INFO - Processing file /home/airflow/sandbox/lib/python3.8/site-packages/airflow/example_dags/example_kubernetes_executor.py for tasks to queue
[2022-04-12 04:07:39,840] {logging_mixin.py:104} INFO - [2022-04-12 04:07:39,840] {dagbag.py:487} INFO - Filling up the DagBag from /home/airflow/sandbox/lib/python3.8/site-packages/airflow/example_dags/example_kubernetes_executor.py
[2022-04-12 04:07:39,866] {scheduler_job.py:643} INFO - DAG(s) dict_keys(['example_kubernetes_executor']) retrieved from /home/airflow/sandbox/lib/python3.8/site-packages/airflow/example_dags/example_kubernetes_executor.py
[2022-04-12 04:07:39,989] {logging_mixin.py:104} INFO - [2022-04-12 04:07:39,989] {dag.py:1832} INFO - Sync 1 DAGs
[2022-04-12 04:07:40,037] {logging_mixin.py:104} INFO - [2022-04-12 04:07:40,031] {dag.py:2305} INFO - Setting next_dagrun for example_kubernetes_executor to None
[2022-04-12 04:07:40,102] {scheduler_job.py:190} INFO - Processing /home/airflow/sandbox/lib/python3.8/site-packages/airflow/example_dags/example_kubernetes_executor.py took 0.286 seconds
[2022-04-12 04:08:10,781] {scheduler_job.py:182} INFO - Started process (PID=84547) to work on /home/airflow/sandbox/lib/python3.8/site-packages/airflow/example_dags/example_kubernetes_executor.py
[2022-04-12 04:08:10,786] {scheduler_job.py:633} INFO - Processing file /home/airflow/sandbox/lib/python3.8/site-packages/airflow/example_dags/example_kubernetes_executor.py for tasks to queue
[2022-04-12 04:08:10,794] {logging_mixin.py:104} INFO - [2022-04-12 04:08:10,794] {dagbag.py:487} INFO - Filling up the DagBag from /home/airflow/sandbox/lib/python3.8/site-packages/airflow/example_dags/example_kubernetes_executor.py
[2022-04-12 04:08:10,822] {scheduler_job.py:643} INFO - DAG(s) dict_keys(['example_kubernetes_executor']) retrieved from /home/airflow/sandbox/lib/python3.8/site-packages/airflow/example_dags/example_kubernetes_executor.py
[2022-04-12 04:08:10,943] {logging_mixin.py:104} INFO - [2022-04-12 04:08:10,943] {dag.py:1832} INFO - Sync 1 DAGs
[2022-04-12 04:08:10,992] {logging_mixin.py:104} INFO - [2022-04-12 04:08:10,992] {dag.py:2305} INFO - Setting next_dagrun for example_kubernetes_executor to None
[2022-04-12 04:08:11,063] {scheduler_job.py:190} INFO - Processing /home/airflow/sandbox/lib/python3.8/site-packages/airflow/example_dags/example_kubernetes_executor.py took 0.297 seconds
[2022-04-12 04:08:41,315] {scheduler_job.py:182} INFO - Started process (PID=84746) to work on /home/airflow/sandbox/lib/python3.8/site-packages/airflow/example_dags/example_kubernetes_executor.py
[2022-04-12 04:08:41,324] {scheduler_job.py:633} INFO - Processing file /home/airflow/sandbox/lib/python3.8/site-packages/airflow/example_dags/example_kubernetes_executor.py for tasks to queue
[2022-04-12 04:08:41,332] {logging_mixin.py:104} INFO - [2022-04-12 04:08:41,332] {dagbag.py:487} INFO - Filling up the DagBag from /home/airflow/sandbox/lib/python3.8/site-packages/airflow/example_dags/example_kubernetes_executor.py
[2022-04-12 04:08:41,390] {scheduler_job.py:643} INFO - DAG(s) dict_keys(['example_kubernetes_executor']) retrieved from /home/airflow/sandbox/lib/python3.8/site-packages/airflow/example_dags/example_kubernetes_executor.py
[2022-04-12 04:08:41,562] {logging_mixin.py:104} INFO - [2022-04-12 04:08:41,562] {dag.py:1832} INFO - Sync 1 DAGs
[2022-04-12 04:08:41,617] {logging_mixin.py:104} INFO - [2022-04-12 04:08:41,617] {dag.py:2305} INFO - Setting next_dagrun for example_kubernetes_executor to None
[2022-04-12 04:08:41,686] {scheduler_job.py:190} INFO - Processing /home/airflow/sandbox/lib/python3.8/site-packages/airflow/example_dags/example_kubernetes_executor.py took 0.387 seconds
[2022-04-12 04:09:12,406] {scheduler_job.py:182} INFO - Started process (PID=85006) to work on /home/airflow/sandbox/lib/python3.8/site-packages/airflow/example_dags/example_kubernetes_executor.py
[2022-04-12 04:09:12,408] {scheduler_job.py:633} INFO - Processing file /home/airflow/sandbox/lib/python3.8/site-packages/airflow/example_dags/example_kubernetes_executor.py for tasks to queue
[2022-04-12 04:09:12,410] {logging_mixin.py:104} INFO - [2022-04-12 04:09:12,410] {dagbag.py:487} INFO - Filling up the DagBag from /home/airflow/sandbox/lib/python3.8/site-packages/airflow/example_dags/example_kubernetes_executor.py
[2022-04-12 04:09:12,441] {scheduler_job.py:643} INFO - DAG(s) dict_keys(['example_kubernetes_executor']) retrieved from /home/airflow/sandbox/lib/python3.8/site-packages/airflow/example_dags/example_kubernetes_executor.py
[2022-04-12 04:09:12,622] {logging_mixin.py:104} INFO - [2022-04-12 04:09:12,622] {dag.py:1832} INFO - Sync 1 DAGs
[2022-04-12 04:09:12,684] {logging_mixin.py:104} INFO - [2022-04-12 04:09:12,684] {dag.py:2305} INFO - Setting next_dagrun for example_kubernetes_executor to None
[2022-04-12 04:09:12,739] {scheduler_job.py:190} INFO - Processing /home/airflow/sandbox/lib/python3.8/site-packages/airflow/example_dags/example_kubernetes_executor.py took 0.358 seconds
[2022-04-12 04:14:49,880] {scheduler_job.py:182} INFO - Started process (PID=85598) to work on /home/airflow/sandbox/lib/python3.8/site-packages/airflow/example_dags/example_kubernetes_executor.py
[2022-04-12 04:14:49,903] {scheduler_job.py:633} INFO - Processing file /home/airflow/sandbox/lib/python3.8/site-packages/airflow/example_dags/example_kubernetes_executor.py for tasks to queue
[2022-04-12 04:14:49,913] {logging_mixin.py:104} INFO - [2022-04-12 04:14:49,912] {dagbag.py:487} INFO - Filling up the DagBag from /home/airflow/sandbox/lib/python3.8/site-packages/airflow/example_dags/example_kubernetes_executor.py
[2022-04-12 04:14:49,951] {scheduler_job.py:643} INFO - DAG(s) dict_keys(['example_kubernetes_executor']) retrieved from /home/airflow/sandbox/lib/python3.8/site-packages/airflow/example_dags/example_kubernetes_executor.py
[2022-04-12 04:14:50,132] {logging_mixin.py:104} INFO - [2022-04-12 04:14:50,131] {dag.py:1832} INFO - Sync 1 DAGs
[2022-04-12 04:14:50,186] {logging_mixin.py:104} INFO - [2022-04-12 04:14:50,186] {dag.py:2305} INFO - Setting next_dagrun for example_kubernetes_executor to None
[2022-04-12 04:14:50,287] {scheduler_job.py:190} INFO - Processing /home/airflow/sandbox/lib/python3.8/site-packages/airflow/example_dags/example_kubernetes_executor.py took 0.414 seconds
[2022-04-12 04:15:20,564] {scheduler_job.py:182} INFO - Started process (PID=85889) to work on /home/airflow/sandbox/lib/python3.8/site-packages/airflow/example_dags/example_kubernetes_executor.py
[2022-04-12 04:15:20,586] {scheduler_job.py:633} INFO - Processing file /home/airflow/sandbox/lib/python3.8/site-packages/airflow/example_dags/example_kubernetes_executor.py for tasks to queue
[2022-04-12 04:15:20,587] {logging_mixin.py:104} INFO - [2022-04-12 04:15:20,587] {dagbag.py:487} INFO - Filling up the DagBag from /home/airflow/sandbox/lib/python3.8/site-packages/airflow/example_dags/example_kubernetes_executor.py
[2022-04-12 04:15:20,624] {scheduler_job.py:643} INFO - DAG(s) dict_keys(['example_kubernetes_executor']) retrieved from /home/airflow/sandbox/lib/python3.8/site-packages/airflow/example_dags/example_kubernetes_executor.py
[2022-04-12 04:15:20,701] {logging_mixin.py:104} INFO - [2022-04-12 04:15:20,701] {dag.py:1832} INFO - Sync 1 DAGs
[2022-04-12 04:15:20,724] {logging_mixin.py:104} INFO - [2022-04-12 04:15:20,724] {dag.py:2305} INFO - Setting next_dagrun for example_kubernetes_executor to None
[2022-04-12 04:15:20,743] {scheduler_job.py:190} INFO - Processing /home/airflow/sandbox/lib/python3.8/site-packages/airflow/example_dags/example_kubernetes_executor.py took 0.185 seconds
[2022-04-12 04:15:52,746] {scheduler_job.py:182} INFO - Started process (PID=86295) to work on /home/airflow/sandbox/lib/python3.8/site-packages/airflow/example_dags/example_kubernetes_executor.py
[2022-04-12 04:15:52,748] {scheduler_job.py:633} INFO - Processing file /home/airflow/sandbox/lib/python3.8/site-packages/airflow/example_dags/example_kubernetes_executor.py for tasks to queue
[2022-04-12 04:15:52,749] {logging_mixin.py:104} INFO - [2022-04-12 04:15:52,749] {dagbag.py:487} INFO - Filling up the DagBag from /home/airflow/sandbox/lib/python3.8/site-packages/airflow/example_dags/example_kubernetes_executor.py
[2022-04-12 04:15:52,765] {scheduler_job.py:643} INFO - DAG(s) dict_keys(['example_kubernetes_executor']) retrieved from /home/airflow/sandbox/lib/python3.8/site-packages/airflow/example_dags/example_kubernetes_executor.py
[2022-04-12 04:15:52,815] {logging_mixin.py:104} INFO - [2022-04-12 04:15:52,815] {dag.py:1832} INFO - Sync 1 DAGs
[2022-04-12 04:15:52,931] {logging_mixin.py:104} INFO - [2022-04-12 04:15:52,931] {dag.py:2305} INFO - Setting next_dagrun for example_kubernetes_executor to None
[2022-04-12 04:15:53,002] {scheduler_job.py:190} INFO - Processing /home/airflow/sandbox/lib/python3.8/site-packages/airflow/example_dags/example_kubernetes_executor.py took 0.272 seconds
[2022-04-12 04:16:24,773] {scheduler_job.py:182} INFO - Started process (PID=86679) to work on /home/airflow/sandbox/lib/python3.8/site-packages/airflow/example_dags/example_kubernetes_executor.py
[2022-04-12 04:16:24,791] {scheduler_job.py:633} INFO - Processing file /home/airflow/sandbox/lib/python3.8/site-packages/airflow/example_dags/example_kubernetes_executor.py for tasks to queue
[2022-04-12 04:16:24,793] {logging_mixin.py:104} INFO - [2022-04-12 04:16:24,792] {dagbag.py:487} INFO - Filling up the DagBag from /home/airflow/sandbox/lib/python3.8/site-packages/airflow/example_dags/example_kubernetes_executor.py
[2022-04-12 04:16:24,812] {scheduler_job.py:643} INFO - DAG(s) dict_keys(['example_kubernetes_executor']) retrieved from /home/airflow/sandbox/lib/python3.8/site-packages/airflow/example_dags/example_kubernetes_executor.py
[2022-04-12 04:16:24,935] {logging_mixin.py:104} INFO - [2022-04-12 04:16:24,934] {dag.py:1832} INFO - Sync 1 DAGs
[2022-04-12 04:16:24,991] {logging_mixin.py:104} INFO - [2022-04-12 04:16:24,991] {dag.py:2305} INFO - Setting next_dagrun for example_kubernetes_executor to None
[2022-04-12 04:16:25,041] {scheduler_job.py:190} INFO - Processing /home/airflow/sandbox/lib/python3.8/site-packages/airflow/example_dags/example_kubernetes_executor.py took 0.278 seconds
[2022-04-12 04:16:56,082] {scheduler_job.py:182} INFO - Started process (PID=87056) to work on /home/airflow/sandbox/lib/python3.8/site-packages/airflow/example_dags/example_kubernetes_executor.py
[2022-04-12 04:16:56,090] {scheduler_job.py:633} INFO - Processing file /home/airflow/sandbox/lib/python3.8/site-packages/airflow/example_dags/example_kubernetes_executor.py for tasks to queue
[2022-04-12 04:16:56,103] {logging_mixin.py:104} INFO - [2022-04-12 04:16:56,103] {dagbag.py:487} INFO - Filling up the DagBag from /home/airflow/sandbox/lib/python3.8/site-packages/airflow/example_dags/example_kubernetes_executor.py
[2022-04-12 04:16:56,174] {scheduler_job.py:643} INFO - DAG(s) dict_keys(['example_kubernetes_executor']) retrieved from /home/airflow/sandbox/lib/python3.8/site-packages/airflow/example_dags/example_kubernetes_executor.py
[2022-04-12 04:16:56,328] {logging_mixin.py:104} INFO - [2022-04-12 04:16:56,328] {dag.py:1832} INFO - Sync 1 DAGs
[2022-04-12 04:16:56,418] {logging_mixin.py:104} INFO - [2022-04-12 04:16:56,418] {dag.py:2305} INFO - Setting next_dagrun for example_kubernetes_executor to None
[2022-04-12 04:16:56,500] {scheduler_job.py:190} INFO - Processing /home/airflow/sandbox/lib/python3.8/site-packages/airflow/example_dags/example_kubernetes_executor.py took 0.450 seconds
[2022-04-12 04:17:27,165] {scheduler_job.py:182} INFO - Started process (PID=87452) to work on /home/airflow/sandbox/lib/python3.8/site-packages/airflow/example_dags/example_kubernetes_executor.py
[2022-04-12 04:17:27,167] {scheduler_job.py:633} INFO - Processing file /home/airflow/sandbox/lib/python3.8/site-packages/airflow/example_dags/example_kubernetes_executor.py for tasks to queue
[2022-04-12 04:17:27,168] {logging_mixin.py:104} INFO - [2022-04-12 04:17:27,168] {dagbag.py:487} INFO - Filling up the DagBag from /home/airflow/sandbox/lib/python3.8/site-packages/airflow/example_dags/example_kubernetes_executor.py
[2022-04-12 04:17:27,184] {scheduler_job.py:643} INFO - DAG(s) dict_keys(['example_kubernetes_executor']) retrieved from /home/airflow/sandbox/lib/python3.8/site-packages/airflow/example_dags/example_kubernetes_executor.py
[2022-04-12 04:17:27,350] {logging_mixin.py:104} INFO - [2022-04-12 04:17:27,350] {dag.py:1832} INFO - Sync 1 DAGs
[2022-04-12 04:17:27,396] {logging_mixin.py:104} INFO - [2022-04-12 04:17:27,395] {dag.py:2305} INFO - Setting next_dagrun for example_kubernetes_executor to None
[2022-04-12 04:17:27,443] {scheduler_job.py:190} INFO - Processing /home/airflow/sandbox/lib/python3.8/site-packages/airflow/example_dags/example_kubernetes_executor.py took 0.296 seconds
[2022-04-12 04:17:58,147] {scheduler_job.py:182} INFO - Started process (PID=87842) to work on /home/airflow/sandbox/lib/python3.8/site-packages/airflow/example_dags/example_kubernetes_executor.py
[2022-04-12 04:17:58,156] {scheduler_job.py:633} INFO - Processing file /home/airflow/sandbox/lib/python3.8/site-packages/airflow/example_dags/example_kubernetes_executor.py for tasks to queue
[2022-04-12 04:17:58,175] {logging_mixin.py:104} INFO - [2022-04-12 04:17:58,174] {dagbag.py:487} INFO - Filling up the DagBag from /home/airflow/sandbox/lib/python3.8/site-packages/airflow/example_dags/example_kubernetes_executor.py
[2022-04-12 04:17:58,265] {scheduler_job.py:643} INFO - DAG(s) dict_keys(['example_kubernetes_executor']) retrieved from /home/airflow/sandbox/lib/python3.8/site-packages/airflow/example_dags/example_kubernetes_executor.py
[2022-04-12 04:17:58,476] {logging_mixin.py:104} INFO - [2022-04-12 04:17:58,475] {dag.py:1832} INFO - Sync 1 DAGs
[2022-04-12 04:17:58,529] {logging_mixin.py:104} INFO - [2022-04-12 04:17:58,529] {dag.py:2305} INFO - Setting next_dagrun for example_kubernetes_executor to None
[2022-04-12 04:17:58,653] {scheduler_job.py:190} INFO - Processing /home/airflow/sandbox/lib/python3.8/site-packages/airflow/example_dags/example_kubernetes_executor.py took 0.561 seconds
[2022-04-12 04:18:29,294] {scheduler_job.py:182} INFO - Started process (PID=88221) to work on /home/airflow/sandbox/lib/python3.8/site-packages/airflow/example_dags/example_kubernetes_executor.py
[2022-04-12 04:18:29,297] {scheduler_job.py:633} INFO - Processing file /home/airflow/sandbox/lib/python3.8/site-packages/airflow/example_dags/example_kubernetes_executor.py for tasks to queue
[2022-04-12 04:18:29,306] {logging_mixin.py:104} INFO - [2022-04-12 04:18:29,306] {dagbag.py:487} INFO - Filling up the DagBag from /home/airflow/sandbox/lib/python3.8/site-packages/airflow/example_dags/example_kubernetes_executor.py
[2022-04-12 04:18:29,336] {scheduler_job.py:643} INFO - DAG(s) dict_keys(['example_kubernetes_executor']) retrieved from /home/airflow/sandbox/lib/python3.8/site-packages/airflow/example_dags/example_kubernetes_executor.py
[2022-04-12 04:18:29,472] {logging_mixin.py:104} INFO - [2022-04-12 04:18:29,472] {dag.py:1832} INFO - Sync 1 DAGs
[2022-04-12 04:18:29,537] {logging_mixin.py:104} INFO - [2022-04-12 04:18:29,537] {dag.py:2305} INFO - Setting next_dagrun for example_kubernetes_executor to None
[2022-04-12 04:18:29,627] {scheduler_job.py:190} INFO - Processing /home/airflow/sandbox/lib/python3.8/site-packages/airflow/example_dags/example_kubernetes_executor.py took 0.357 seconds
[2022-04-12 04:19:00,306] {scheduler_job.py:182} INFO - Started process (PID=88596) to work on /home/airflow/sandbox/lib/python3.8/site-packages/airflow/example_dags/example_kubernetes_executor.py
[2022-04-12 04:19:00,309] {scheduler_job.py:633} INFO - Processing file /home/airflow/sandbox/lib/python3.8/site-packages/airflow/example_dags/example_kubernetes_executor.py for tasks to queue
[2022-04-12 04:19:00,311] {logging_mixin.py:104} INFO - [2022-04-12 04:19:00,311] {dagbag.py:487} INFO - Filling up the DagBag from /home/airflow/sandbox/lib/python3.8/site-packages/airflow/example_dags/example_kubernetes_executor.py
[2022-04-12 04:19:00,325] {scheduler_job.py:643} INFO - DAG(s) dict_keys(['example_kubernetes_executor']) retrieved from /home/airflow/sandbox/lib/python3.8/site-packages/airflow/example_dags/example_kubernetes_executor.py
[2022-04-12 04:19:00,396] {logging_mixin.py:104} INFO - [2022-04-12 04:19:00,396] {dag.py:1832} INFO - Sync 1 DAGs
[2022-04-12 04:19:00,425] {logging_mixin.py:104} INFO - [2022-04-12 04:19:00,425] {dag.py:2305} INFO - Setting next_dagrun for example_kubernetes_executor to None
[2022-04-12 04:19:00,460] {scheduler_job.py:190} INFO - Processing /home/airflow/sandbox/lib/python3.8/site-packages/airflow/example_dags/example_kubernetes_executor.py took 0.167 seconds
[2022-04-12 04:19:31,025] {scheduler_job.py:182} INFO - Started process (PID=88975) to work on /home/airflow/sandbox/lib/python3.8/site-packages/airflow/example_dags/example_kubernetes_executor.py
[2022-04-12 04:19:31,028] {scheduler_job.py:633} INFO - Processing file /home/airflow/sandbox/lib/python3.8/site-packages/airflow/example_dags/example_kubernetes_executor.py for tasks to queue
[2022-04-12 04:19:31,029] {logging_mixin.py:104} INFO - [2022-04-12 04:19:31,029] {dagbag.py:487} INFO - Filling up the DagBag from /home/airflow/sandbox/lib/python3.8/site-packages/airflow/example_dags/example_kubernetes_executor.py
[2022-04-12 04:19:31,063] {scheduler_job.py:643} INFO - DAG(s) dict_keys(['example_kubernetes_executor']) retrieved from /home/airflow/sandbox/lib/python3.8/site-packages/airflow/example_dags/example_kubernetes_executor.py
[2022-04-12 04:19:31,170] {logging_mixin.py:104} INFO - [2022-04-12 04:19:31,170] {dag.py:1832} INFO - Sync 1 DAGs
[2022-04-12 04:19:31,273] {logging_mixin.py:104} INFO - [2022-04-12 04:19:31,273] {dag.py:2305} INFO - Setting next_dagrun for example_kubernetes_executor to None
[2022-04-12 04:19:31,370] {scheduler_job.py:190} INFO - Processing /home/airflow/sandbox/lib/python3.8/site-packages/airflow/example_dags/example_kubernetes_executor.py took 0.362 seconds
[2022-04-12 04:20:01,934] {scheduler_job.py:182} INFO - Started process (PID=89614) to work on /home/airflow/sandbox/lib/python3.8/site-packages/airflow/example_dags/example_kubernetes_executor.py
[2022-04-12 04:20:01,949] {scheduler_job.py:633} INFO - Processing file /home/airflow/sandbox/lib/python3.8/site-packages/airflow/example_dags/example_kubernetes_executor.py for tasks to queue
[2022-04-12 04:20:01,951] {logging_mixin.py:104} INFO - [2022-04-12 04:20:01,950] {dagbag.py:487} INFO - Filling up the DagBag from /home/airflow/sandbox/lib/python3.8/site-packages/airflow/example_dags/example_kubernetes_executor.py
[2022-04-12 04:20:01,995] {scheduler_job.py:643} INFO - DAG(s) dict_keys(['example_kubernetes_executor']) retrieved from /home/airflow/sandbox/lib/python3.8/site-packages/airflow/example_dags/example_kubernetes_executor.py
[2022-04-12 04:20:02,129] {logging_mixin.py:104} INFO - [2022-04-12 04:20:02,128] {dag.py:1832} INFO - Sync 1 DAGs
[2022-04-12 04:20:02,195] {logging_mixin.py:104} INFO - [2022-04-12 04:20:02,195] {dag.py:2305} INFO - Setting next_dagrun for example_kubernetes_executor to None
[2022-04-12 04:20:02,259] {scheduler_job.py:190} INFO - Processing /home/airflow/sandbox/lib/python3.8/site-packages/airflow/example_dags/example_kubernetes_executor.py took 0.346 seconds
[2022-04-12 04:20:32,671] {scheduler_job.py:182} INFO - Started process (PID=89979) to work on /home/airflow/sandbox/lib/python3.8/site-packages/airflow/example_dags/example_kubernetes_executor.py
[2022-04-12 04:20:32,706] {scheduler_job.py:633} INFO - Processing file /home/airflow/sandbox/lib/python3.8/site-packages/airflow/example_dags/example_kubernetes_executor.py for tasks to queue
[2022-04-12 04:20:32,709] {logging_mixin.py:104} INFO - [2022-04-12 04:20:32,709] {dagbag.py:487} INFO - Filling up the DagBag from /home/airflow/sandbox/lib/python3.8/site-packages/airflow/example_dags/example_kubernetes_executor.py
[2022-04-12 04:20:32,777] {scheduler_job.py:643} INFO - DAG(s) dict_keys(['example_kubernetes_executor']) retrieved from /home/airflow/sandbox/lib/python3.8/site-packages/airflow/example_dags/example_kubernetes_executor.py
[2022-04-12 04:20:32,996] {logging_mixin.py:104} INFO - [2022-04-12 04:20:32,995] {dag.py:1832} INFO - Sync 1 DAGs
[2022-04-12 04:20:33,074] {logging_mixin.py:104} INFO - [2022-04-12 04:20:33,074] {dag.py:2305} INFO - Setting next_dagrun for example_kubernetes_executor to None
[2022-04-12 04:20:33,125] {scheduler_job.py:190} INFO - Processing /home/airflow/sandbox/lib/python3.8/site-packages/airflow/example_dags/example_kubernetes_executor.py took 0.485 seconds
[2022-04-12 04:21:03,724] {scheduler_job.py:182} INFO - Started process (PID=90239) to work on /home/airflow/sandbox/lib/python3.8/site-packages/airflow/example_dags/example_kubernetes_executor.py
[2022-04-12 04:21:03,731] {scheduler_job.py:633} INFO - Processing file /home/airflow/sandbox/lib/python3.8/site-packages/airflow/example_dags/example_kubernetes_executor.py for tasks to queue
[2022-04-12 04:21:03,742] {logging_mixin.py:104} INFO - [2022-04-12 04:21:03,741] {dagbag.py:487} INFO - Filling up the DagBag from /home/airflow/sandbox/lib/python3.8/site-packages/airflow/example_dags/example_kubernetes_executor.py
[2022-04-12 04:21:03,880] {scheduler_job.py:643} INFO - DAG(s) dict_keys(['example_kubernetes_executor']) retrieved from /home/airflow/sandbox/lib/python3.8/site-packages/airflow/example_dags/example_kubernetes_executor.py
[2022-04-12 04:21:04,152] {logging_mixin.py:104} INFO - [2022-04-12 04:21:04,152] {dag.py:1832} INFO - Sync 1 DAGs
[2022-04-12 04:21:04,289] {logging_mixin.py:104} INFO - [2022-04-12 04:21:04,289] {dag.py:2305} INFO - Setting next_dagrun for example_kubernetes_executor to None
[2022-04-12 04:21:04,557] {scheduler_job.py:190} INFO - Processing /home/airflow/sandbox/lib/python3.8/site-packages/airflow/example_dags/example_kubernetes_executor.py took 0.869 seconds
[2022-04-12 04:21:35,042] {scheduler_job.py:182} INFO - Started process (PID=90439) to work on /home/airflow/sandbox/lib/python3.8/site-packages/airflow/example_dags/example_kubernetes_executor.py
[2022-04-12 04:21:35,055] {scheduler_job.py:633} INFO - Processing file /home/airflow/sandbox/lib/python3.8/site-packages/airflow/example_dags/example_kubernetes_executor.py for tasks to queue
[2022-04-12 04:21:35,062] {logging_mixin.py:104} INFO - [2022-04-12 04:21:35,061] {dagbag.py:487} INFO - Filling up the DagBag from /home/airflow/sandbox/lib/python3.8/site-packages/airflow/example_dags/example_kubernetes_executor.py
[2022-04-12 04:21:35,108] {scheduler_job.py:643} INFO - DAG(s) dict_keys(['example_kubernetes_executor']) retrieved from /home/airflow/sandbox/lib/python3.8/site-packages/airflow/example_dags/example_kubernetes_executor.py
[2022-04-12 04:21:35,345] {logging_mixin.py:104} INFO - [2022-04-12 04:21:35,344] {dag.py:1832} INFO - Sync 1 DAGs
[2022-04-12 04:21:35,470] {logging_mixin.py:104} INFO - [2022-04-12 04:21:35,470] {dag.py:2305} INFO - Setting next_dagrun for example_kubernetes_executor to None
[2022-04-12 04:21:35,587] {scheduler_job.py:190} INFO - Processing /home/airflow/sandbox/lib/python3.8/site-packages/airflow/example_dags/example_kubernetes_executor.py took 0.592 seconds
[2022-04-12 04:22:05,933] {scheduler_job.py:182} INFO - Started process (PID=90698) to work on /home/airflow/sandbox/lib/python3.8/site-packages/airflow/example_dags/example_kubernetes_executor.py
[2022-04-12 04:22:05,938] {scheduler_job.py:633} INFO - Processing file /home/airflow/sandbox/lib/python3.8/site-packages/airflow/example_dags/example_kubernetes_executor.py for tasks to queue
[2022-04-12 04:22:05,943] {logging_mixin.py:104} INFO - [2022-04-12 04:22:05,943] {dagbag.py:487} INFO - Filling up the DagBag from /home/airflow/sandbox/lib/python3.8/site-packages/airflow/example_dags/example_kubernetes_executor.py
[2022-04-12 04:22:05,975] {scheduler_job.py:643} INFO - DAG(s) dict_keys(['example_kubernetes_executor']) retrieved from /home/airflow/sandbox/lib/python3.8/site-packages/airflow/example_dags/example_kubernetes_executor.py
[2022-04-12 04:22:06,137] {logging_mixin.py:104} INFO - [2022-04-12 04:22:06,136] {dag.py:1832} INFO - Sync 1 DAGs
[2022-04-12 04:22:06,195] {logging_mixin.py:104} INFO - [2022-04-12 04:22:06,194] {dag.py:2305} INFO - Setting next_dagrun for example_kubernetes_executor to None
[2022-04-12 04:22:06,259] {scheduler_job.py:190} INFO - Processing /home/airflow/sandbox/lib/python3.8/site-packages/airflow/example_dags/example_kubernetes_executor.py took 0.356 seconds
[2022-04-12 04:22:36,844] {scheduler_job.py:182} INFO - Started process (PID=90998) to work on /home/airflow/sandbox/lib/python3.8/site-packages/airflow/example_dags/example_kubernetes_executor.py
[2022-04-12 04:22:36,851] {scheduler_job.py:633} INFO - Processing file /home/airflow/sandbox/lib/python3.8/site-packages/airflow/example_dags/example_kubernetes_executor.py for tasks to queue
[2022-04-12 04:22:36,862] {logging_mixin.py:104} INFO - [2022-04-12 04:22:36,862] {dagbag.py:487} INFO - Filling up the DagBag from /home/airflow/sandbox/lib/python3.8/site-packages/airflow/example_dags/example_kubernetes_executor.py
[2022-04-12 04:22:36,880] {scheduler_job.py:643} INFO - DAG(s) dict_keys(['example_kubernetes_executor']) retrieved from /home/airflow/sandbox/lib/python3.8/site-packages/airflow/example_dags/example_kubernetes_executor.py
[2022-04-12 04:22:37,033] {logging_mixin.py:104} INFO - [2022-04-12 04:22:37,033] {dag.py:1832} INFO - Sync 1 DAGs
[2022-04-12 04:22:37,095] {logging_mixin.py:104} INFO - [2022-04-12 04:22:37,094] {dag.py:2305} INFO - Setting next_dagrun for example_kubernetes_executor to None
[2022-04-12 04:22:37,203] {scheduler_job.py:190} INFO - Processing /home/airflow/sandbox/lib/python3.8/site-packages/airflow/example_dags/example_kubernetes_executor.py took 0.380 seconds
[2022-04-12 04:23:10,152] {scheduler_job.py:182} INFO - Started process (PID=91197) to work on /home/airflow/sandbox/lib/python3.8/site-packages/airflow/example_dags/example_kubernetes_executor.py
[2022-04-12 04:23:10,205] {scheduler_job.py:633} INFO - Processing file /home/airflow/sandbox/lib/python3.8/site-packages/airflow/example_dags/example_kubernetes_executor.py for tasks to queue
[2022-04-12 04:23:10,209] {logging_mixin.py:104} INFO - [2022-04-12 04:23:10,209] {dagbag.py:487} INFO - Filling up the DagBag from /home/airflow/sandbox/lib/python3.8/site-packages/airflow/example_dags/example_kubernetes_executor.py
[2022-04-12 04:23:10,295] {scheduler_job.py:643} INFO - DAG(s) dict_keys(['example_kubernetes_executor']) retrieved from /home/airflow/sandbox/lib/python3.8/site-packages/airflow/example_dags/example_kubernetes_executor.py
[2022-04-12 04:23:10,488] {logging_mixin.py:104} INFO - [2022-04-12 04:23:10,488] {dag.py:1832} INFO - Sync 1 DAGs
[2022-04-12 04:23:10,644] {logging_mixin.py:104} INFO - [2022-04-12 04:23:10,643] {dag.py:2305} INFO - Setting next_dagrun for example_kubernetes_executor to None
[2022-04-12 04:23:10,912] {scheduler_job.py:190} INFO - Processing /home/airflow/sandbox/lib/python3.8/site-packages/airflow/example_dags/example_kubernetes_executor.py took 0.785 seconds
[2022-04-12 04:23:42,448] {scheduler_job.py:182} INFO - Started process (PID=91391) to work on /home/airflow/sandbox/lib/python3.8/site-packages/airflow/example_dags/example_kubernetes_executor.py
[2022-04-12 04:23:42,451] {scheduler_job.py:633} INFO - Processing file /home/airflow/sandbox/lib/python3.8/site-packages/airflow/example_dags/example_kubernetes_executor.py for tasks to queue
[2022-04-12 04:23:42,455] {logging_mixin.py:104} INFO - [2022-04-12 04:23:42,455] {dagbag.py:487} INFO - Filling up the DagBag from /home/airflow/sandbox/lib/python3.8/site-packages/airflow/example_dags/example_kubernetes_executor.py
[2022-04-12 04:23:42,490] {scheduler_job.py:643} INFO - DAG(s) dict_keys(['example_kubernetes_executor']) retrieved from /home/airflow/sandbox/lib/python3.8/site-packages/airflow/example_dags/example_kubernetes_executor.py
[2022-04-12 04:23:42,716] {logging_mixin.py:104} INFO - [2022-04-12 04:23:42,715] {dag.py:1832} INFO - Sync 1 DAGs
[2022-04-12 04:23:42,906] {logging_mixin.py:104} INFO - [2022-04-12 04:23:42,906] {dag.py:2305} INFO - Setting next_dagrun for example_kubernetes_executor to None
[2022-04-12 04:23:43,045] {scheduler_job.py:190} INFO - Processing /home/airflow/sandbox/lib/python3.8/site-packages/airflow/example_dags/example_kubernetes_executor.py took 0.631 seconds
[2022-04-12 04:24:16,502] {scheduler_job.py:182} INFO - Started process (PID=91590) to work on /home/airflow/sandbox/lib/python3.8/site-packages/airflow/example_dags/example_kubernetes_executor.py
[2022-04-12 04:24:16,507] {scheduler_job.py:633} INFO - Processing file /home/airflow/sandbox/lib/python3.8/site-packages/airflow/example_dags/example_kubernetes_executor.py for tasks to queue
[2022-04-12 04:24:16,513] {logging_mixin.py:104} INFO - [2022-04-12 04:24:16,513] {dagbag.py:487} INFO - Filling up the DagBag from /home/airflow/sandbox/lib/python3.8/site-packages/airflow/example_dags/example_kubernetes_executor.py
[2022-04-12 04:24:16,589] {scheduler_job.py:643} INFO - DAG(s) dict_keys(['example_kubernetes_executor']) retrieved from /home/airflow/sandbox/lib/python3.8/site-packages/airflow/example_dags/example_kubernetes_executor.py
[2022-04-12 04:24:16,825] {logging_mixin.py:104} INFO - [2022-04-12 04:24:16,825] {dag.py:1832} INFO - Sync 1 DAGs
[2022-04-12 04:24:16,975] {logging_mixin.py:104} INFO - [2022-04-12 04:24:16,971] {dag.py:2305} INFO - Setting next_dagrun for example_kubernetes_executor to None
[2022-04-12 04:24:17,350] {scheduler_job.py:190} INFO - Processing /home/airflow/sandbox/lib/python3.8/site-packages/airflow/example_dags/example_kubernetes_executor.py took 0.863 seconds
[2022-04-12 04:24:48,430] {scheduler_job.py:182} INFO - Started process (PID=92025) to work on /home/airflow/sandbox/lib/python3.8/site-packages/airflow/example_dags/example_kubernetes_executor.py
[2022-04-12 04:24:48,438] {scheduler_job.py:633} INFO - Processing file /home/airflow/sandbox/lib/python3.8/site-packages/airflow/example_dags/example_kubernetes_executor.py for tasks to queue
[2022-04-12 04:24:48,446] {logging_mixin.py:104} INFO - [2022-04-12 04:24:48,446] {dagbag.py:487} INFO - Filling up the DagBag from /home/airflow/sandbox/lib/python3.8/site-packages/airflow/example_dags/example_kubernetes_executor.py
[2022-04-12 04:24:48,495] {scheduler_job.py:643} INFO - DAG(s) dict_keys(['example_kubernetes_executor']) retrieved from /home/airflow/sandbox/lib/python3.8/site-packages/airflow/example_dags/example_kubernetes_executor.py
[2022-04-12 04:24:48,625] {logging_mixin.py:104} INFO - [2022-04-12 04:24:48,625] {dag.py:1832} INFO - Sync 1 DAGs
[2022-04-12 04:24:48,763] {logging_mixin.py:104} INFO - [2022-04-12 04:24:48,763] {dag.py:2305} INFO - Setting next_dagrun for example_kubernetes_executor to None
[2022-04-12 04:24:48,961] {scheduler_job.py:190} INFO - Processing /home/airflow/sandbox/lib/python3.8/site-packages/airflow/example_dags/example_kubernetes_executor.py took 0.554 seconds
[2022-04-12 04:25:19,421] {scheduler_job.py:182} INFO - Started process (PID=92225) to work on /home/airflow/sandbox/lib/python3.8/site-packages/airflow/example_dags/example_kubernetes_executor.py
[2022-04-12 04:25:19,424] {scheduler_job.py:633} INFO - Processing file /home/airflow/sandbox/lib/python3.8/site-packages/airflow/example_dags/example_kubernetes_executor.py for tasks to queue
[2022-04-12 04:25:19,427] {logging_mixin.py:104} INFO - [2022-04-12 04:25:19,427] {dagbag.py:487} INFO - Filling up the DagBag from /home/airflow/sandbox/lib/python3.8/site-packages/airflow/example_dags/example_kubernetes_executor.py
[2022-04-12 04:25:19,525] {scheduler_job.py:643} INFO - DAG(s) dict_keys(['example_kubernetes_executor']) retrieved from /home/airflow/sandbox/lib/python3.8/site-packages/airflow/example_dags/example_kubernetes_executor.py
[2022-04-12 04:25:19,745] {logging_mixin.py:104} INFO - [2022-04-12 04:25:19,745] {dag.py:1832} INFO - Sync 1 DAGs
[2022-04-12 04:25:19,820] {logging_mixin.py:104} INFO - [2022-04-12 04:25:19,804] {dag.py:2305} INFO - Setting next_dagrun for example_kubernetes_executor to None
[2022-04-12 04:25:19,929] {scheduler_job.py:190} INFO - Processing /home/airflow/sandbox/lib/python3.8/site-packages/airflow/example_dags/example_kubernetes_executor.py took 0.534 seconds
[2022-04-12 04:25:50,168] {scheduler_job.py:182} INFO - Started process (PID=92418) to work on /home/airflow/sandbox/lib/python3.8/site-packages/airflow/example_dags/example_kubernetes_executor.py
[2022-04-12 04:25:50,212] {scheduler_job.py:633} INFO - Processing file /home/airflow/sandbox/lib/python3.8/site-packages/airflow/example_dags/example_kubernetes_executor.py for tasks to queue
[2022-04-12 04:25:50,222] {logging_mixin.py:104} INFO - [2022-04-12 04:25:50,222] {dagbag.py:487} INFO - Filling up the DagBag from /home/airflow/sandbox/lib/python3.8/site-packages/airflow/example_dags/example_kubernetes_executor.py
[2022-04-12 04:25:50,275] {scheduler_job.py:643} INFO - DAG(s) dict_keys(['example_kubernetes_executor']) retrieved from /home/airflow/sandbox/lib/python3.8/site-packages/airflow/example_dags/example_kubernetes_executor.py
[2022-04-12 04:25:50,482] {logging_mixin.py:104} INFO - [2022-04-12 04:25:50,482] {dag.py:1832} INFO - Sync 1 DAGs
[2022-04-12 04:25:50,599] {logging_mixin.py:104} INFO - [2022-04-12 04:25:50,599] {dag.py:2305} INFO - Setting next_dagrun for example_kubernetes_executor to None
[2022-04-12 04:25:50,717] {scheduler_job.py:190} INFO - Processing /home/airflow/sandbox/lib/python3.8/site-packages/airflow/example_dags/example_kubernetes_executor.py took 0.570 seconds
[2022-04-12 04:26:21,096] {scheduler_job.py:182} INFO - Started process (PID=92620) to work on /home/airflow/sandbox/lib/python3.8/site-packages/airflow/example_dags/example_kubernetes_executor.py
[2022-04-12 04:26:21,099] {scheduler_job.py:633} INFO - Processing file /home/airflow/sandbox/lib/python3.8/site-packages/airflow/example_dags/example_kubernetes_executor.py for tasks to queue
[2022-04-12 04:26:21,101] {logging_mixin.py:104} INFO - [2022-04-12 04:26:21,101] {dagbag.py:487} INFO - Filling up the DagBag from /home/airflow/sandbox/lib/python3.8/site-packages/airflow/example_dags/example_kubernetes_executor.py
[2022-04-12 04:26:21,122] {scheduler_job.py:643} INFO - DAG(s) dict_keys(['example_kubernetes_executor']) retrieved from /home/airflow/sandbox/lib/python3.8/site-packages/airflow/example_dags/example_kubernetes_executor.py
[2022-04-12 04:26:21,226] {logging_mixin.py:104} INFO - [2022-04-12 04:26:21,225] {dag.py:1832} INFO - Sync 1 DAGs
[2022-04-12 04:26:21,279] {logging_mixin.py:104} INFO - [2022-04-12 04:26:21,279] {dag.py:2305} INFO - Setting next_dagrun for example_kubernetes_executor to None
[2022-04-12 04:26:21,328] {scheduler_job.py:190} INFO - Processing /home/airflow/sandbox/lib/python3.8/site-packages/airflow/example_dags/example_kubernetes_executor.py took 0.245 seconds
[2022-04-12 04:26:51,924] {scheduler_job.py:182} INFO - Started process (PID=92818) to work on /home/airflow/sandbox/lib/python3.8/site-packages/airflow/example_dags/example_kubernetes_executor.py
[2022-04-12 04:26:51,930] {scheduler_job.py:633} INFO - Processing file /home/airflow/sandbox/lib/python3.8/site-packages/airflow/example_dags/example_kubernetes_executor.py for tasks to queue
[2022-04-12 04:26:51,945] {logging_mixin.py:104} INFO - [2022-04-12 04:26:51,944] {dagbag.py:487} INFO - Filling up the DagBag from /home/airflow/sandbox/lib/python3.8/site-packages/airflow/example_dags/example_kubernetes_executor.py
[2022-04-12 04:26:52,027] {scheduler_job.py:643} INFO - DAG(s) dict_keys(['example_kubernetes_executor']) retrieved from /home/airflow/sandbox/lib/python3.8/site-packages/airflow/example_dags/example_kubernetes_executor.py
[2022-04-12 04:26:52,288] {logging_mixin.py:104} INFO - [2022-04-12 04:26:52,288] {dag.py:1832} INFO - Sync 1 DAGs
[2022-04-12 04:26:52,369] {logging_mixin.py:104} INFO - [2022-04-12 04:26:52,369] {dag.py:2305} INFO - Setting next_dagrun for example_kubernetes_executor to None
[2022-04-12 04:26:52,424] {scheduler_job.py:190} INFO - Processing /home/airflow/sandbox/lib/python3.8/site-packages/airflow/example_dags/example_kubernetes_executor.py took 0.591 seconds
[2022-04-12 04:27:22,899] {scheduler_job.py:182} INFO - Started process (PID=93017) to work on /home/airflow/sandbox/lib/python3.8/site-packages/airflow/example_dags/example_kubernetes_executor.py
[2022-04-12 04:27:22,930] {scheduler_job.py:633} INFO - Processing file /home/airflow/sandbox/lib/python3.8/site-packages/airflow/example_dags/example_kubernetes_executor.py for tasks to queue
[2022-04-12 04:27:22,958] {logging_mixin.py:104} INFO - [2022-04-12 04:27:22,957] {dagbag.py:487} INFO - Filling up the DagBag from /home/airflow/sandbox/lib/python3.8/site-packages/airflow/example_dags/example_kubernetes_executor.py
[2022-04-12 04:27:23,052] {scheduler_job.py:643} INFO - DAG(s) dict_keys(['example_kubernetes_executor']) retrieved from /home/airflow/sandbox/lib/python3.8/site-packages/airflow/example_dags/example_kubernetes_executor.py
[2022-04-12 04:27:23,297] {logging_mixin.py:104} INFO - [2022-04-12 04:27:23,297] {dag.py:1832} INFO - Sync 1 DAGs
[2022-04-12 04:27:23,388] {logging_mixin.py:104} INFO - [2022-04-12 04:27:23,388] {dag.py:2305} INFO - Setting next_dagrun for example_kubernetes_executor to None
[2022-04-12 04:27:23,563] {scheduler_job.py:190} INFO - Processing /home/airflow/sandbox/lib/python3.8/site-packages/airflow/example_dags/example_kubernetes_executor.py took 0.691 seconds
[2022-04-12 04:27:53,849] {scheduler_job.py:182} INFO - Started process (PID=93214) to work on /home/airflow/sandbox/lib/python3.8/site-packages/airflow/example_dags/example_kubernetes_executor.py
[2022-04-12 04:27:53,857] {scheduler_job.py:633} INFO - Processing file /home/airflow/sandbox/lib/python3.8/site-packages/airflow/example_dags/example_kubernetes_executor.py for tasks to queue
[2022-04-12 04:27:53,873] {logging_mixin.py:104} INFO - [2022-04-12 04:27:53,872] {dagbag.py:487} INFO - Filling up the DagBag from /home/airflow/sandbox/lib/python3.8/site-packages/airflow/example_dags/example_kubernetes_executor.py
[2022-04-12 04:27:54,007] {scheduler_job.py:643} INFO - DAG(s) dict_keys(['example_kubernetes_executor']) retrieved from /home/airflow/sandbox/lib/python3.8/site-packages/airflow/example_dags/example_kubernetes_executor.py
[2022-04-12 04:27:54,243] {logging_mixin.py:104} INFO - [2022-04-12 04:27:54,242] {dag.py:1832} INFO - Sync 1 DAGs
[2022-04-12 04:27:54,356] {logging_mixin.py:104} INFO - [2022-04-12 04:27:54,356] {dag.py:2305} INFO - Setting next_dagrun for example_kubernetes_executor to None
[2022-04-12 04:27:54,450] {scheduler_job.py:190} INFO - Processing /home/airflow/sandbox/lib/python3.8/site-packages/airflow/example_dags/example_kubernetes_executor.py took 0.665 seconds
[2022-04-12 04:28:25,210] {scheduler_job.py:182} INFO - Started process (PID=93415) to work on /home/airflow/sandbox/lib/python3.8/site-packages/airflow/example_dags/example_kubernetes_executor.py
[2022-04-12 04:28:25,220] {scheduler_job.py:633} INFO - Processing file /home/airflow/sandbox/lib/python3.8/site-packages/airflow/example_dags/example_kubernetes_executor.py for tasks to queue
[2022-04-12 04:28:25,235] {logging_mixin.py:104} INFO - [2022-04-12 04:28:25,235] {dagbag.py:487} INFO - Filling up the DagBag from /home/airflow/sandbox/lib/python3.8/site-packages/airflow/example_dags/example_kubernetes_executor.py
[2022-04-12 04:28:25,320] {scheduler_job.py:643} INFO - DAG(s) dict_keys(['example_kubernetes_executor']) retrieved from /home/airflow/sandbox/lib/python3.8/site-packages/airflow/example_dags/example_kubernetes_executor.py
[2022-04-12 04:28:25,398] {logging_mixin.py:104} INFO - [2022-04-12 04:28:25,392] {dag.py:1832} INFO - Sync 1 DAGs
[2022-04-12 04:28:25,508] {logging_mixin.py:104} INFO - [2022-04-12 04:28:25,508] {dag.py:2305} INFO - Setting next_dagrun for example_kubernetes_executor to None
[2022-04-12 04:28:25,651] {scheduler_job.py:190} INFO - Processing /home/airflow/sandbox/lib/python3.8/site-packages/airflow/example_dags/example_kubernetes_executor.py took 0.476 seconds
[2022-04-12 04:28:56,681] {scheduler_job.py:182} INFO - Started process (PID=93614) to work on /home/airflow/sandbox/lib/python3.8/site-packages/airflow/example_dags/example_kubernetes_executor.py
[2022-04-12 04:28:56,686] {scheduler_job.py:633} INFO - Processing file /home/airflow/sandbox/lib/python3.8/site-packages/airflow/example_dags/example_kubernetes_executor.py for tasks to queue
[2022-04-12 04:28:56,689] {logging_mixin.py:104} INFO - [2022-04-12 04:28:56,689] {dagbag.py:487} INFO - Filling up the DagBag from /home/airflow/sandbox/lib/python3.8/site-packages/airflow/example_dags/example_kubernetes_executor.py
[2022-04-12 04:28:56,723] {scheduler_job.py:643} INFO - DAG(s) dict_keys(['example_kubernetes_executor']) retrieved from /home/airflow/sandbox/lib/python3.8/site-packages/airflow/example_dags/example_kubernetes_executor.py
[2022-04-12 04:28:56,864] {logging_mixin.py:104} INFO - [2022-04-12 04:28:56,864] {dag.py:1832} INFO - Sync 1 DAGs
[2022-04-12 04:28:56,936] {logging_mixin.py:104} INFO - [2022-04-12 04:28:56,936] {dag.py:2305} INFO - Setting next_dagrun for example_kubernetes_executor to None
[2022-04-12 04:28:57,028] {scheduler_job.py:190} INFO - Processing /home/airflow/sandbox/lib/python3.8/site-packages/airflow/example_dags/example_kubernetes_executor.py took 0.359 seconds
[2022-04-12 04:30:36,254] {scheduler_job.py:182} INFO - Started process (PID=94061) to work on /home/airflow/sandbox/lib/python3.8/site-packages/airflow/example_dags/example_kubernetes_executor.py
[2022-04-12 04:30:36,262] {scheduler_job.py:633} INFO - Processing file /home/airflow/sandbox/lib/python3.8/site-packages/airflow/example_dags/example_kubernetes_executor.py for tasks to queue
[2022-04-12 04:30:36,267] {logging_mixin.py:104} INFO - [2022-04-12 04:30:36,267] {dagbag.py:487} INFO - Filling up the DagBag from /home/airflow/sandbox/lib/python3.8/site-packages/airflow/example_dags/example_kubernetes_executor.py
[2022-04-12 04:30:36,317] {scheduler_job.py:643} INFO - DAG(s) dict_keys(['example_kubernetes_executor']) retrieved from /home/airflow/sandbox/lib/python3.8/site-packages/airflow/example_dags/example_kubernetes_executor.py
[2022-04-12 04:30:36,513] {logging_mixin.py:104} INFO - [2022-04-12 04:30:36,512] {dag.py:1832} INFO - Sync 1 DAGs
[2022-04-12 04:30:36,585] {logging_mixin.py:104} INFO - [2022-04-12 04:30:36,585] {dag.py:2305} INFO - Setting next_dagrun for example_kubernetes_executor to None
[2022-04-12 04:30:36,692] {scheduler_job.py:190} INFO - Processing /home/airflow/sandbox/lib/python3.8/site-packages/airflow/example_dags/example_kubernetes_executor.py took 0.461 seconds
[2022-04-12 04:31:08,853] {scheduler_job.py:182} INFO - Started process (PID=94259) to work on /home/airflow/sandbox/lib/python3.8/site-packages/airflow/example_dags/example_kubernetes_executor.py
[2022-04-12 04:31:08,863] {scheduler_job.py:633} INFO - Processing file /home/airflow/sandbox/lib/python3.8/site-packages/airflow/example_dags/example_kubernetes_executor.py for tasks to queue
[2022-04-12 04:31:08,868] {logging_mixin.py:104} INFO - [2022-04-12 04:31:08,868] {dagbag.py:487} INFO - Filling up the DagBag from /home/airflow/sandbox/lib/python3.8/site-packages/airflow/example_dags/example_kubernetes_executor.py
[2022-04-12 04:31:08,919] {scheduler_job.py:643} INFO - DAG(s) dict_keys(['example_kubernetes_executor']) retrieved from /home/airflow/sandbox/lib/python3.8/site-packages/airflow/example_dags/example_kubernetes_executor.py
[2022-04-12 04:31:09,232] {logging_mixin.py:104} INFO - [2022-04-12 04:31:09,232] {dag.py:1832} INFO - Sync 1 DAGs
[2022-04-12 04:31:09,329] {logging_mixin.py:104} INFO - [2022-04-12 04:31:09,329] {dag.py:2305} INFO - Setting next_dagrun for example_kubernetes_executor to None
[2022-04-12 04:31:09,446] {scheduler_job.py:190} INFO - Processing /home/airflow/sandbox/lib/python3.8/site-packages/airflow/example_dags/example_kubernetes_executor.py took 0.616 seconds
[2022-04-12 04:31:41,315] {scheduler_job.py:182} INFO - Started process (PID=94454) to work on /home/airflow/sandbox/lib/python3.8/site-packages/airflow/example_dags/example_kubernetes_executor.py
[2022-04-12 04:31:41,353] {scheduler_job.py:633} INFO - Processing file /home/airflow/sandbox/lib/python3.8/site-packages/airflow/example_dags/example_kubernetes_executor.py for tasks to queue
[2022-04-12 04:31:41,370] {logging_mixin.py:104} INFO - [2022-04-12 04:31:41,370] {dagbag.py:487} INFO - Filling up the DagBag from /home/airflow/sandbox/lib/python3.8/site-packages/airflow/example_dags/example_kubernetes_executor.py
[2022-04-12 04:31:41,428] {scheduler_job.py:643} INFO - DAG(s) dict_keys(['example_kubernetes_executor']) retrieved from /home/airflow/sandbox/lib/python3.8/site-packages/airflow/example_dags/example_kubernetes_executor.py
[2022-04-12 04:31:41,693] {logging_mixin.py:104} INFO - [2022-04-12 04:31:41,692] {dag.py:1832} INFO - Sync 1 DAGs
[2022-04-12 04:31:41,902] {logging_mixin.py:104} INFO - [2022-04-12 04:31:41,901] {dag.py:2305} INFO - Setting next_dagrun for example_kubernetes_executor to None
[2022-04-12 04:31:42,014] {scheduler_job.py:190} INFO - Processing /home/airflow/sandbox/lib/python3.8/site-packages/airflow/example_dags/example_kubernetes_executor.py took 0.725 seconds
[2022-04-12 04:32:15,044] {scheduler_job.py:182} INFO - Started process (PID=94650) to work on /home/airflow/sandbox/lib/python3.8/site-packages/airflow/example_dags/example_kubernetes_executor.py
[2022-04-12 04:32:15,075] {scheduler_job.py:633} INFO - Processing file /home/airflow/sandbox/lib/python3.8/site-packages/airflow/example_dags/example_kubernetes_executor.py for tasks to queue
[2022-04-12 04:32:15,077] {logging_mixin.py:104} INFO - [2022-04-12 04:32:15,076] {dagbag.py:487} INFO - Filling up the DagBag from /home/airflow/sandbox/lib/python3.8/site-packages/airflow/example_dags/example_kubernetes_executor.py
[2022-04-12 04:32:15,106] {scheduler_job.py:643} INFO - DAG(s) dict_keys(['example_kubernetes_executor']) retrieved from /home/airflow/sandbox/lib/python3.8/site-packages/airflow/example_dags/example_kubernetes_executor.py
[2022-04-12 04:32:15,340] {logging_mixin.py:104} INFO - [2022-04-12 04:32:15,339] {dag.py:1832} INFO - Sync 1 DAGs
[2022-04-12 04:32:15,447] {logging_mixin.py:104} INFO - [2022-04-12 04:32:15,446] {dag.py:2305} INFO - Setting next_dagrun for example_kubernetes_executor to None
[2022-04-12 04:32:15,530] {scheduler_job.py:190} INFO - Processing /home/airflow/sandbox/lib/python3.8/site-packages/airflow/example_dags/example_kubernetes_executor.py took 0.498 seconds
