[2022-04-12 04:06:22,791] {scheduler_job.py:182} INFO - Started process (PID=83542) to work on /home/airflow/sandbox/lib/python3.8/site-packages/airflow/example_dags/example_nested_branch_dag.py
[2022-04-12 04:06:22,800] {scheduler_job.py:633} INFO - Processing file /home/airflow/sandbox/lib/python3.8/site-packages/airflow/example_dags/example_nested_branch_dag.py for tasks to queue
[2022-04-12 04:06:22,801] {logging_mixin.py:104} INFO - [2022-04-12 04:06:22,801] {dagbag.py:487} INFO - Filling up the DagBag from /home/airflow/sandbox/lib/python3.8/site-packages/airflow/example_dags/example_nested_branch_dag.py
[2022-04-12 04:06:22,807] {scheduler_job.py:643} INFO - DAG(s) dict_keys(['example_nested_branch_dag']) retrieved from /home/airflow/sandbox/lib/python3.8/site-packages/airflow/example_dags/example_nested_branch_dag.py
[2022-04-12 04:06:23,105] {logging_mixin.py:104} INFO - [2022-04-12 04:06:23,105] {dag.py:1832} INFO - Sync 1 DAGs
[2022-04-12 04:06:23,126] {logging_mixin.py:104} INFO - [2022-04-12 04:06:23,126] {dag.py:2305} INFO - Setting next_dagrun for example_nested_branch_dag to 2022-04-10 00:00:00+00:00
[2022-04-12 04:06:23,346] {scheduler_job.py:190} INFO - Processing /home/airflow/sandbox/lib/python3.8/site-packages/airflow/example_dags/example_nested_branch_dag.py took 0.557 seconds
[2022-04-12 04:06:54,256] {scheduler_job.py:182} INFO - Started process (PID=83931) to work on /home/airflow/sandbox/lib/python3.8/site-packages/airflow/example_dags/example_nested_branch_dag.py
[2022-04-12 04:06:54,259] {scheduler_job.py:633} INFO - Processing file /home/airflow/sandbox/lib/python3.8/site-packages/airflow/example_dags/example_nested_branch_dag.py for tasks to queue
[2022-04-12 04:06:54,260] {logging_mixin.py:104} INFO - [2022-04-12 04:06:54,260] {dagbag.py:487} INFO - Filling up the DagBag from /home/airflow/sandbox/lib/python3.8/site-packages/airflow/example_dags/example_nested_branch_dag.py
[2022-04-12 04:06:54,276] {scheduler_job.py:643} INFO - DAG(s) dict_keys(['example_nested_branch_dag']) retrieved from /home/airflow/sandbox/lib/python3.8/site-packages/airflow/example_dags/example_nested_branch_dag.py
[2022-04-12 04:06:54,330] {logging_mixin.py:104} INFO - [2022-04-12 04:06:54,330] {dag.py:1832} INFO - Sync 1 DAGs
[2022-04-12 04:06:54,369] {logging_mixin.py:104} INFO - [2022-04-12 04:06:54,369] {dag.py:2305} INFO - Setting next_dagrun for example_nested_branch_dag to 2022-04-10 00:00:00+00:00
[2022-04-12 04:06:54,404] {scheduler_job.py:190} INFO - Processing /home/airflow/sandbox/lib/python3.8/site-packages/airflow/example_dags/example_nested_branch_dag.py took 0.156 seconds
[2022-04-12 04:07:26,010] {scheduler_job.py:182} INFO - Started process (PID=84188) to work on /home/airflow/sandbox/lib/python3.8/site-packages/airflow/example_dags/example_nested_branch_dag.py
[2022-04-12 04:07:26,013] {scheduler_job.py:633} INFO - Processing file /home/airflow/sandbox/lib/python3.8/site-packages/airflow/example_dags/example_nested_branch_dag.py for tasks to queue
[2022-04-12 04:07:26,014] {logging_mixin.py:104} INFO - [2022-04-12 04:07:26,014] {dagbag.py:487} INFO - Filling up the DagBag from /home/airflow/sandbox/lib/python3.8/site-packages/airflow/example_dags/example_nested_branch_dag.py
[2022-04-12 04:07:26,029] {scheduler_job.py:643} INFO - DAG(s) dict_keys(['example_nested_branch_dag']) retrieved from /home/airflow/sandbox/lib/python3.8/site-packages/airflow/example_dags/example_nested_branch_dag.py
[2022-04-12 04:07:26,074] {logging_mixin.py:104} INFO - [2022-04-12 04:07:26,074] {dag.py:1832} INFO - Sync 1 DAGs
[2022-04-12 04:07:26,102] {logging_mixin.py:104} INFO - [2022-04-12 04:07:26,102] {dag.py:2305} INFO - Setting next_dagrun for example_nested_branch_dag to 2022-04-10 00:00:00+00:00
[2022-04-12 04:07:26,148] {scheduler_job.py:190} INFO - Processing /home/airflow/sandbox/lib/python3.8/site-packages/airflow/example_dags/example_nested_branch_dag.py took 0.145 seconds
[2022-04-12 04:07:57,765] {scheduler_job.py:182} INFO - Started process (PID=84388) to work on /home/airflow/sandbox/lib/python3.8/site-packages/airflow/example_dags/example_nested_branch_dag.py
[2022-04-12 04:07:57,768] {scheduler_job.py:633} INFO - Processing file /home/airflow/sandbox/lib/python3.8/site-packages/airflow/example_dags/example_nested_branch_dag.py for tasks to queue
[2022-04-12 04:07:57,769] {logging_mixin.py:104} INFO - [2022-04-12 04:07:57,769] {dagbag.py:487} INFO - Filling up the DagBag from /home/airflow/sandbox/lib/python3.8/site-packages/airflow/example_dags/example_nested_branch_dag.py
[2022-04-12 04:07:57,791] {scheduler_job.py:643} INFO - DAG(s) dict_keys(['example_nested_branch_dag']) retrieved from /home/airflow/sandbox/lib/python3.8/site-packages/airflow/example_dags/example_nested_branch_dag.py
[2022-04-12 04:07:57,851] {logging_mixin.py:104} INFO - [2022-04-12 04:07:57,850] {dag.py:1832} INFO - Sync 1 DAGs
[2022-04-12 04:07:57,881] {logging_mixin.py:104} INFO - [2022-04-12 04:07:57,881] {dag.py:2305} INFO - Setting next_dagrun for example_nested_branch_dag to 2022-04-10 00:00:00+00:00
[2022-04-12 04:07:57,926] {scheduler_job.py:190} INFO - Processing /home/airflow/sandbox/lib/python3.8/site-packages/airflow/example_dags/example_nested_branch_dag.py took 0.169 seconds
[2022-04-12 04:08:29,531] {scheduler_job.py:182} INFO - Started process (PID=84647) to work on /home/airflow/sandbox/lib/python3.8/site-packages/airflow/example_dags/example_nested_branch_dag.py
[2022-04-12 04:08:29,543] {scheduler_job.py:633} INFO - Processing file /home/airflow/sandbox/lib/python3.8/site-packages/airflow/example_dags/example_nested_branch_dag.py for tasks to queue
[2022-04-12 04:08:29,546] {logging_mixin.py:104} INFO - [2022-04-12 04:08:29,546] {dagbag.py:487} INFO - Filling up the DagBag from /home/airflow/sandbox/lib/python3.8/site-packages/airflow/example_dags/example_nested_branch_dag.py
[2022-04-12 04:08:29,584] {scheduler_job.py:643} INFO - DAG(s) dict_keys(['example_nested_branch_dag']) retrieved from /home/airflow/sandbox/lib/python3.8/site-packages/airflow/example_dags/example_nested_branch_dag.py
[2022-04-12 04:08:29,749] {logging_mixin.py:104} INFO - [2022-04-12 04:08:29,749] {dag.py:1832} INFO - Sync 1 DAGs
[2022-04-12 04:08:29,819] {logging_mixin.py:104} INFO - [2022-04-12 04:08:29,819] {dag.py:2305} INFO - Setting next_dagrun for example_nested_branch_dag to 2022-04-10 00:00:00+00:00
[2022-04-12 04:08:30,024] {scheduler_job.py:190} INFO - Processing /home/airflow/sandbox/lib/python3.8/site-packages/airflow/example_dags/example_nested_branch_dag.py took 0.502 seconds
[2022-04-12 04:09:02,271] {scheduler_job.py:182} INFO - Started process (PID=84893) to work on /home/airflow/sandbox/lib/python3.8/site-packages/airflow/example_dags/example_nested_branch_dag.py
[2022-04-12 04:09:02,273] {scheduler_job.py:633} INFO - Processing file /home/airflow/sandbox/lib/python3.8/site-packages/airflow/example_dags/example_nested_branch_dag.py for tasks to queue
[2022-04-12 04:09:02,275] {logging_mixin.py:104} INFO - [2022-04-12 04:09:02,275] {dagbag.py:487} INFO - Filling up the DagBag from /home/airflow/sandbox/lib/python3.8/site-packages/airflow/example_dags/example_nested_branch_dag.py
[2022-04-12 04:09:02,344] {scheduler_job.py:643} INFO - DAG(s) dict_keys(['example_nested_branch_dag']) retrieved from /home/airflow/sandbox/lib/python3.8/site-packages/airflow/example_dags/example_nested_branch_dag.py
[2022-04-12 04:09:02,488] {logging_mixin.py:104} INFO - [2022-04-12 04:09:02,488] {dag.py:1832} INFO - Sync 1 DAGs
[2022-04-12 04:09:02,557] {logging_mixin.py:104} INFO - [2022-04-12 04:09:02,557] {dag.py:2305} INFO - Setting next_dagrun for example_nested_branch_dag to 2022-04-10 00:00:00+00:00
[2022-04-12 04:09:02,619] {scheduler_job.py:190} INFO - Processing /home/airflow/sandbox/lib/python3.8/site-packages/airflow/example_dags/example_nested_branch_dag.py took 0.393 seconds
[2022-04-12 04:15:04,042] {scheduler_job.py:182} INFO - Started process (PID=85750) to work on /home/airflow/sandbox/lib/python3.8/site-packages/airflow/example_dags/example_nested_branch_dag.py
[2022-04-12 04:15:04,063] {scheduler_job.py:633} INFO - Processing file /home/airflow/sandbox/lib/python3.8/site-packages/airflow/example_dags/example_nested_branch_dag.py for tasks to queue
[2022-04-12 04:15:04,072] {logging_mixin.py:104} INFO - [2022-04-12 04:15:04,071] {dagbag.py:487} INFO - Filling up the DagBag from /home/airflow/sandbox/lib/python3.8/site-packages/airflow/example_dags/example_nested_branch_dag.py
[2022-04-12 04:15:04,119] {scheduler_job.py:643} INFO - DAG(s) dict_keys(['example_nested_branch_dag']) retrieved from /home/airflow/sandbox/lib/python3.8/site-packages/airflow/example_dags/example_nested_branch_dag.py
[2022-04-12 04:15:04,298] {logging_mixin.py:104} INFO - [2022-04-12 04:15:04,298] {dag.py:1832} INFO - Sync 1 DAGs
[2022-04-12 04:15:04,427] {logging_mixin.py:104} INFO - [2022-04-12 04:15:04,426] {dag.py:2305} INFO - Setting next_dagrun for example_nested_branch_dag to 2022-04-10 00:00:00+00:00
[2022-04-12 04:15:04,630] {scheduler_job.py:190} INFO - Processing /home/airflow/sandbox/lib/python3.8/site-packages/airflow/example_dags/example_nested_branch_dag.py took 0.608 seconds
[2022-04-12 04:15:35,195] {scheduler_job.py:182} INFO - Started process (PID=86080) to work on /home/airflow/sandbox/lib/python3.8/site-packages/airflow/example_dags/example_nested_branch_dag.py
[2022-04-12 04:15:35,198] {scheduler_job.py:633} INFO - Processing file /home/airflow/sandbox/lib/python3.8/site-packages/airflow/example_dags/example_nested_branch_dag.py for tasks to queue
[2022-04-12 04:15:35,200] {logging_mixin.py:104} INFO - [2022-04-12 04:15:35,199] {dagbag.py:487} INFO - Filling up the DagBag from /home/airflow/sandbox/lib/python3.8/site-packages/airflow/example_dags/example_nested_branch_dag.py
[2022-04-12 04:15:35,248] {scheduler_job.py:643} INFO - DAG(s) dict_keys(['example_nested_branch_dag']) retrieved from /home/airflow/sandbox/lib/python3.8/site-packages/airflow/example_dags/example_nested_branch_dag.py
[2022-04-12 04:15:35,379] {logging_mixin.py:104} INFO - [2022-04-12 04:15:35,379] {dag.py:1832} INFO - Sync 1 DAGs
[2022-04-12 04:15:35,447] {logging_mixin.py:104} INFO - [2022-04-12 04:15:35,447] {dag.py:2305} INFO - Setting next_dagrun for example_nested_branch_dag to 2022-04-10 00:00:00+00:00
[2022-04-12 04:15:35,537] {scheduler_job.py:190} INFO - Processing /home/airflow/sandbox/lib/python3.8/site-packages/airflow/example_dags/example_nested_branch_dag.py took 0.367 seconds
[2022-04-12 04:16:06,032] {scheduler_job.py:182} INFO - Started process (PID=86457) to work on /home/airflow/sandbox/lib/python3.8/site-packages/airflow/example_dags/example_nested_branch_dag.py
[2022-04-12 04:16:06,047] {scheduler_job.py:633} INFO - Processing file /home/airflow/sandbox/lib/python3.8/site-packages/airflow/example_dags/example_nested_branch_dag.py for tasks to queue
[2022-04-12 04:16:06,051] {logging_mixin.py:104} INFO - [2022-04-12 04:16:06,051] {dagbag.py:487} INFO - Filling up the DagBag from /home/airflow/sandbox/lib/python3.8/site-packages/airflow/example_dags/example_nested_branch_dag.py
[2022-04-12 04:16:06,109] {scheduler_job.py:643} INFO - DAG(s) dict_keys(['example_nested_branch_dag']) retrieved from /home/airflow/sandbox/lib/python3.8/site-packages/airflow/example_dags/example_nested_branch_dag.py
[2022-04-12 04:16:06,345] {logging_mixin.py:104} INFO - [2022-04-12 04:16:06,345] {dag.py:1832} INFO - Sync 1 DAGs
[2022-04-12 04:16:06,423] {logging_mixin.py:104} INFO - [2022-04-12 04:16:06,423] {dag.py:2305} INFO - Setting next_dagrun for example_nested_branch_dag to 2022-04-10 00:00:00+00:00
[2022-04-12 04:16:06,526] {scheduler_job.py:190} INFO - Processing /home/airflow/sandbox/lib/python3.8/site-packages/airflow/example_dags/example_nested_branch_dag.py took 0.500 seconds
[2022-04-12 04:16:36,668] {scheduler_job.py:182} INFO - Started process (PID=86851) to work on /home/airflow/sandbox/lib/python3.8/site-packages/airflow/example_dags/example_nested_branch_dag.py
[2022-04-12 04:16:36,687] {scheduler_job.py:633} INFO - Processing file /home/airflow/sandbox/lib/python3.8/site-packages/airflow/example_dags/example_nested_branch_dag.py for tasks to queue
[2022-04-12 04:16:36,688] {logging_mixin.py:104} INFO - [2022-04-12 04:16:36,688] {dagbag.py:487} INFO - Filling up the DagBag from /home/airflow/sandbox/lib/python3.8/site-packages/airflow/example_dags/example_nested_branch_dag.py
[2022-04-12 04:16:36,709] {scheduler_job.py:643} INFO - DAG(s) dict_keys(['example_nested_branch_dag']) retrieved from /home/airflow/sandbox/lib/python3.8/site-packages/airflow/example_dags/example_nested_branch_dag.py
[2022-04-12 04:16:36,825] {logging_mixin.py:104} INFO - [2022-04-12 04:16:36,825] {dag.py:1832} INFO - Sync 1 DAGs
[2022-04-12 04:16:36,931] {logging_mixin.py:104} INFO - [2022-04-12 04:16:36,931] {dag.py:2305} INFO - Setting next_dagrun for example_nested_branch_dag to 2022-04-10 00:00:00+00:00
[2022-04-12 04:16:36,985] {scheduler_job.py:190} INFO - Processing /home/airflow/sandbox/lib/python3.8/site-packages/airflow/example_dags/example_nested_branch_dag.py took 0.323 seconds
[2022-04-12 04:17:07,312] {scheduler_job.py:182} INFO - Started process (PID=87233) to work on /home/airflow/sandbox/lib/python3.8/site-packages/airflow/example_dags/example_nested_branch_dag.py
[2022-04-12 04:17:07,327] {scheduler_job.py:633} INFO - Processing file /home/airflow/sandbox/lib/python3.8/site-packages/airflow/example_dags/example_nested_branch_dag.py for tasks to queue
[2022-04-12 04:17:07,336] {logging_mixin.py:104} INFO - [2022-04-12 04:17:07,336] {dagbag.py:487} INFO - Filling up the DagBag from /home/airflow/sandbox/lib/python3.8/site-packages/airflow/example_dags/example_nested_branch_dag.py
[2022-04-12 04:17:07,365] {scheduler_job.py:643} INFO - DAG(s) dict_keys(['example_nested_branch_dag']) retrieved from /home/airflow/sandbox/lib/python3.8/site-packages/airflow/example_dags/example_nested_branch_dag.py
[2022-04-12 04:17:07,563] {logging_mixin.py:104} INFO - [2022-04-12 04:17:07,549] {dag.py:1832} INFO - Sync 1 DAGs
[2022-04-12 04:17:07,701] {logging_mixin.py:104} INFO - [2022-04-12 04:17:07,701] {dag.py:2305} INFO - Setting next_dagrun for example_nested_branch_dag to 2022-04-10 00:00:00+00:00
[2022-04-12 04:17:07,929] {scheduler_job.py:190} INFO - Processing /home/airflow/sandbox/lib/python3.8/site-packages/airflow/example_dags/example_nested_branch_dag.py took 0.628 seconds
[2022-04-12 04:17:38,114] {scheduler_job.py:182} INFO - Started process (PID=87628) to work on /home/airflow/sandbox/lib/python3.8/site-packages/airflow/example_dags/example_nested_branch_dag.py
[2022-04-12 04:17:38,117] {scheduler_job.py:633} INFO - Processing file /home/airflow/sandbox/lib/python3.8/site-packages/airflow/example_dags/example_nested_branch_dag.py for tasks to queue
[2022-04-12 04:17:38,118] {logging_mixin.py:104} INFO - [2022-04-12 04:17:38,118] {dagbag.py:487} INFO - Filling up the DagBag from /home/airflow/sandbox/lib/python3.8/site-packages/airflow/example_dags/example_nested_branch_dag.py
[2022-04-12 04:17:38,155] {scheduler_job.py:643} INFO - DAG(s) dict_keys(['example_nested_branch_dag']) retrieved from /home/airflow/sandbox/lib/python3.8/site-packages/airflow/example_dags/example_nested_branch_dag.py
[2022-04-12 04:17:38,263] {logging_mixin.py:104} INFO - [2022-04-12 04:17:38,263] {dag.py:1832} INFO - Sync 1 DAGs
[2022-04-12 04:17:38,326] {logging_mixin.py:104} INFO - [2022-04-12 04:17:38,326] {dag.py:2305} INFO - Setting next_dagrun for example_nested_branch_dag to 2022-04-10 00:00:00+00:00
[2022-04-12 04:17:38,385] {scheduler_job.py:190} INFO - Processing /home/airflow/sandbox/lib/python3.8/site-packages/airflow/example_dags/example_nested_branch_dag.py took 0.296 seconds
[2022-04-12 04:18:09,039] {scheduler_job.py:182} INFO - Started process (PID=88005) to work on /home/airflow/sandbox/lib/python3.8/site-packages/airflow/example_dags/example_nested_branch_dag.py
[2022-04-12 04:18:09,045] {scheduler_job.py:633} INFO - Processing file /home/airflow/sandbox/lib/python3.8/site-packages/airflow/example_dags/example_nested_branch_dag.py for tasks to queue
[2022-04-12 04:18:09,056] {logging_mixin.py:104} INFO - [2022-04-12 04:18:09,055] {dagbag.py:487} INFO - Filling up the DagBag from /home/airflow/sandbox/lib/python3.8/site-packages/airflow/example_dags/example_nested_branch_dag.py
[2022-04-12 04:18:09,103] {scheduler_job.py:643} INFO - DAG(s) dict_keys(['example_nested_branch_dag']) retrieved from /home/airflow/sandbox/lib/python3.8/site-packages/airflow/example_dags/example_nested_branch_dag.py
[2022-04-12 04:18:09,235] {logging_mixin.py:104} INFO - [2022-04-12 04:18:09,235] {dag.py:1832} INFO - Sync 1 DAGs
[2022-04-12 04:18:09,323] {logging_mixin.py:104} INFO - [2022-04-12 04:18:09,323] {dag.py:2305} INFO - Setting next_dagrun for example_nested_branch_dag to 2022-04-10 00:00:00+00:00
[2022-04-12 04:18:09,429] {scheduler_job.py:190} INFO - Processing /home/airflow/sandbox/lib/python3.8/site-packages/airflow/example_dags/example_nested_branch_dag.py took 0.410 seconds
[2022-04-12 04:18:40,005] {scheduler_job.py:182} INFO - Started process (PID=88384) to work on /home/airflow/sandbox/lib/python3.8/site-packages/airflow/example_dags/example_nested_branch_dag.py
[2022-04-12 04:18:40,007] {scheduler_job.py:633} INFO - Processing file /home/airflow/sandbox/lib/python3.8/site-packages/airflow/example_dags/example_nested_branch_dag.py for tasks to queue
[2022-04-12 04:18:40,008] {logging_mixin.py:104} INFO - [2022-04-12 04:18:40,008] {dagbag.py:487} INFO - Filling up the DagBag from /home/airflow/sandbox/lib/python3.8/site-packages/airflow/example_dags/example_nested_branch_dag.py
[2022-04-12 04:18:40,038] {scheduler_job.py:643} INFO - DAG(s) dict_keys(['example_nested_branch_dag']) retrieved from /home/airflow/sandbox/lib/python3.8/site-packages/airflow/example_dags/example_nested_branch_dag.py
[2022-04-12 04:18:40,217] {logging_mixin.py:104} INFO - [2022-04-12 04:18:40,217] {dag.py:1832} INFO - Sync 1 DAGs
[2022-04-12 04:18:40,442] {logging_mixin.py:104} INFO - [2022-04-12 04:18:40,441] {dag.py:2305} INFO - Setting next_dagrun for example_nested_branch_dag to 2022-04-10 00:00:00+00:00
[2022-04-12 04:18:40,535] {scheduler_job.py:190} INFO - Processing /home/airflow/sandbox/lib/python3.8/site-packages/airflow/example_dags/example_nested_branch_dag.py took 0.555 seconds
[2022-04-12 04:19:11,439] {scheduler_job.py:182} INFO - Started process (PID=88775) to work on /home/airflow/sandbox/lib/python3.8/site-packages/airflow/example_dags/example_nested_branch_dag.py
[2022-04-12 04:19:11,446] {scheduler_job.py:633} INFO - Processing file /home/airflow/sandbox/lib/python3.8/site-packages/airflow/example_dags/example_nested_branch_dag.py for tasks to queue
[2022-04-12 04:19:11,457] {logging_mixin.py:104} INFO - [2022-04-12 04:19:11,456] {dagbag.py:487} INFO - Filling up the DagBag from /home/airflow/sandbox/lib/python3.8/site-packages/airflow/example_dags/example_nested_branch_dag.py
[2022-04-12 04:19:11,512] {scheduler_job.py:643} INFO - DAG(s) dict_keys(['example_nested_branch_dag']) retrieved from /home/airflow/sandbox/lib/python3.8/site-packages/airflow/example_dags/example_nested_branch_dag.py
[2022-04-12 04:19:11,669] {logging_mixin.py:104} INFO - [2022-04-12 04:19:11,668] {dag.py:1832} INFO - Sync 1 DAGs
[2022-04-12 04:19:11,780] {logging_mixin.py:104} INFO - [2022-04-12 04:19:11,779] {dag.py:2305} INFO - Setting next_dagrun for example_nested_branch_dag to 2022-04-10 00:00:00+00:00
[2022-04-12 04:19:11,907] {scheduler_job.py:190} INFO - Processing /home/airflow/sandbox/lib/python3.8/site-packages/airflow/example_dags/example_nested_branch_dag.py took 0.491 seconds
[2022-04-12 04:19:42,885] {scheduler_job.py:182} INFO - Started process (PID=89257) to work on /home/airflow/sandbox/lib/python3.8/site-packages/airflow/example_dags/example_nested_branch_dag.py
[2022-04-12 04:19:42,895] {scheduler_job.py:633} INFO - Processing file /home/airflow/sandbox/lib/python3.8/site-packages/airflow/example_dags/example_nested_branch_dag.py for tasks to queue
[2022-04-12 04:19:42,917] {logging_mixin.py:104} INFO - [2022-04-12 04:19:42,916] {dagbag.py:487} INFO - Filling up the DagBag from /home/airflow/sandbox/lib/python3.8/site-packages/airflow/example_dags/example_nested_branch_dag.py
[2022-04-12 04:19:43,017] {scheduler_job.py:643} INFO - DAG(s) dict_keys(['example_nested_branch_dag']) retrieved from /home/airflow/sandbox/lib/python3.8/site-packages/airflow/example_dags/example_nested_branch_dag.py
[2022-04-12 04:19:43,218] {logging_mixin.py:104} INFO - [2022-04-12 04:19:43,218] {dag.py:1832} INFO - Sync 1 DAGs
[2022-04-12 04:19:43,350] {logging_mixin.py:104} INFO - [2022-04-12 04:19:43,350] {dag.py:2305} INFO - Setting next_dagrun for example_nested_branch_dag to 2022-04-10 00:00:00+00:00
[2022-04-12 04:19:43,412] {scheduler_job.py:190} INFO - Processing /home/airflow/sandbox/lib/python3.8/site-packages/airflow/example_dags/example_nested_branch_dag.py took 0.574 seconds
[2022-04-12 04:20:14,339] {scheduler_job.py:182} INFO - Started process (PID=89789) to work on /home/airflow/sandbox/lib/python3.8/site-packages/airflow/example_dags/example_nested_branch_dag.py
[2022-04-12 04:20:14,361] {scheduler_job.py:633} INFO - Processing file /home/airflow/sandbox/lib/python3.8/site-packages/airflow/example_dags/example_nested_branch_dag.py for tasks to queue
[2022-04-12 04:20:14,369] {logging_mixin.py:104} INFO - [2022-04-12 04:20:14,368] {dagbag.py:487} INFO - Filling up the DagBag from /home/airflow/sandbox/lib/python3.8/site-packages/airflow/example_dags/example_nested_branch_dag.py
[2022-04-12 04:20:14,401] {scheduler_job.py:643} INFO - DAG(s) dict_keys(['example_nested_branch_dag']) retrieved from /home/airflow/sandbox/lib/python3.8/site-packages/airflow/example_dags/example_nested_branch_dag.py
[2022-04-12 04:20:14,556] {logging_mixin.py:104} INFO - [2022-04-12 04:20:14,556] {dag.py:1832} INFO - Sync 1 DAGs
[2022-04-12 04:20:14,643] {logging_mixin.py:104} INFO - [2022-04-12 04:20:14,643] {dag.py:2305} INFO - Setting next_dagrun for example_nested_branch_dag to 2022-04-10 00:00:00+00:00
[2022-04-12 04:20:14,854] {scheduler_job.py:190} INFO - Processing /home/airflow/sandbox/lib/python3.8/site-packages/airflow/example_dags/example_nested_branch_dag.py took 0.523 seconds
[2022-04-12 04:20:45,021] {scheduler_job.py:182} INFO - Started process (PID=90134) to work on /home/airflow/sandbox/lib/python3.8/site-packages/airflow/example_dags/example_nested_branch_dag.py
[2022-04-12 04:20:45,023] {scheduler_job.py:633} INFO - Processing file /home/airflow/sandbox/lib/python3.8/site-packages/airflow/example_dags/example_nested_branch_dag.py for tasks to queue
[2022-04-12 04:20:45,033] {logging_mixin.py:104} INFO - [2022-04-12 04:20:45,033] {dagbag.py:487} INFO - Filling up the DagBag from /home/airflow/sandbox/lib/python3.8/site-packages/airflow/example_dags/example_nested_branch_dag.py
[2022-04-12 04:20:45,127] {scheduler_job.py:643} INFO - DAG(s) dict_keys(['example_nested_branch_dag']) retrieved from /home/airflow/sandbox/lib/python3.8/site-packages/airflow/example_dags/example_nested_branch_dag.py
[2022-04-12 04:20:45,368] {logging_mixin.py:104} INFO - [2022-04-12 04:20:45,367] {dag.py:1832} INFO - Sync 1 DAGs
[2022-04-12 04:20:45,551] {logging_mixin.py:104} INFO - [2022-04-12 04:20:45,551] {dag.py:2305} INFO - Setting next_dagrun for example_nested_branch_dag to 2022-04-10 00:00:00+00:00
[2022-04-12 04:20:45,672] {scheduler_job.py:190} INFO - Processing /home/airflow/sandbox/lib/python3.8/site-packages/airflow/example_dags/example_nested_branch_dag.py took 0.669 seconds
[2022-04-12 04:21:16,342] {scheduler_job.py:182} INFO - Started process (PID=90330) to work on /home/airflow/sandbox/lib/python3.8/site-packages/airflow/example_dags/example_nested_branch_dag.py
[2022-04-12 04:21:16,350] {scheduler_job.py:633} INFO - Processing file /home/airflow/sandbox/lib/python3.8/site-packages/airflow/example_dags/example_nested_branch_dag.py for tasks to queue
[2022-04-12 04:21:16,353] {logging_mixin.py:104} INFO - [2022-04-12 04:21:16,353] {dagbag.py:487} INFO - Filling up the DagBag from /home/airflow/sandbox/lib/python3.8/site-packages/airflow/example_dags/example_nested_branch_dag.py
[2022-04-12 04:21:16,384] {scheduler_job.py:643} INFO - DAG(s) dict_keys(['example_nested_branch_dag']) retrieved from /home/airflow/sandbox/lib/python3.8/site-packages/airflow/example_dags/example_nested_branch_dag.py
[2022-04-12 04:21:16,470] {logging_mixin.py:104} INFO - [2022-04-12 04:21:16,469] {dag.py:1832} INFO - Sync 1 DAGs
[2022-04-12 04:21:16,531] {logging_mixin.py:104} INFO - [2022-04-12 04:21:16,530] {dag.py:2305} INFO - Setting next_dagrun for example_nested_branch_dag to 2022-04-10 00:00:00+00:00
[2022-04-12 04:21:16,605] {scheduler_job.py:190} INFO - Processing /home/airflow/sandbox/lib/python3.8/site-packages/airflow/example_dags/example_nested_branch_dag.py took 0.275 seconds
[2022-04-12 04:21:47,292] {scheduler_job.py:182} INFO - Started process (PID=90529) to work on /home/airflow/sandbox/lib/python3.8/site-packages/airflow/example_dags/example_nested_branch_dag.py
[2022-04-12 04:21:47,300] {scheduler_job.py:633} INFO - Processing file /home/airflow/sandbox/lib/python3.8/site-packages/airflow/example_dags/example_nested_branch_dag.py for tasks to queue
[2022-04-12 04:21:47,302] {logging_mixin.py:104} INFO - [2022-04-12 04:21:47,302] {dagbag.py:487} INFO - Filling up the DagBag from /home/airflow/sandbox/lib/python3.8/site-packages/airflow/example_dags/example_nested_branch_dag.py
[2022-04-12 04:21:47,333] {scheduler_job.py:643} INFO - DAG(s) dict_keys(['example_nested_branch_dag']) retrieved from /home/airflow/sandbox/lib/python3.8/site-packages/airflow/example_dags/example_nested_branch_dag.py
[2022-04-12 04:21:47,439] {logging_mixin.py:104} INFO - [2022-04-12 04:21:47,439] {dag.py:1832} INFO - Sync 1 DAGs
[2022-04-12 04:21:47,503] {logging_mixin.py:104} INFO - [2022-04-12 04:21:47,503] {dag.py:2305} INFO - Setting next_dagrun for example_nested_branch_dag to 2022-04-10 00:00:00+00:00
[2022-04-12 04:21:47,577] {scheduler_job.py:190} INFO - Processing /home/airflow/sandbox/lib/python3.8/site-packages/airflow/example_dags/example_nested_branch_dag.py took 0.304 seconds
[2022-04-12 04:22:19,113] {scheduler_job.py:182} INFO - Started process (PID=90845) to work on /home/airflow/sandbox/lib/python3.8/site-packages/airflow/example_dags/example_nested_branch_dag.py
[2022-04-12 04:22:19,145] {scheduler_job.py:633} INFO - Processing file /home/airflow/sandbox/lib/python3.8/site-packages/airflow/example_dags/example_nested_branch_dag.py for tasks to queue
[2022-04-12 04:22:19,147] {logging_mixin.py:104} INFO - [2022-04-12 04:22:19,147] {dagbag.py:487} INFO - Filling up the DagBag from /home/airflow/sandbox/lib/python3.8/site-packages/airflow/example_dags/example_nested_branch_dag.py
[2022-04-12 04:22:19,200] {scheduler_job.py:643} INFO - DAG(s) dict_keys(['example_nested_branch_dag']) retrieved from /home/airflow/sandbox/lib/python3.8/site-packages/airflow/example_dags/example_nested_branch_dag.py
[2022-04-12 04:22:19,427] {logging_mixin.py:104} INFO - [2022-04-12 04:22:19,426] {dag.py:1832} INFO - Sync 1 DAGs
[2022-04-12 04:22:19,666] {logging_mixin.py:104} INFO - [2022-04-12 04:22:19,666] {dag.py:2305} INFO - Setting next_dagrun for example_nested_branch_dag to 2022-04-10 00:00:00+00:00
[2022-04-12 04:22:19,950] {scheduler_job.py:190} INFO - Processing /home/airflow/sandbox/lib/python3.8/site-packages/airflow/example_dags/example_nested_branch_dag.py took 0.850 seconds
[2022-04-12 04:22:50,306] {scheduler_job.py:182} INFO - Started process (PID=91085) to work on /home/airflow/sandbox/lib/python3.8/site-packages/airflow/example_dags/example_nested_branch_dag.py
[2022-04-12 04:22:50,319] {scheduler_job.py:633} INFO - Processing file /home/airflow/sandbox/lib/python3.8/site-packages/airflow/example_dags/example_nested_branch_dag.py for tasks to queue
[2022-04-12 04:22:50,323] {logging_mixin.py:104} INFO - [2022-04-12 04:22:50,322] {dagbag.py:487} INFO - Filling up the DagBag from /home/airflow/sandbox/lib/python3.8/site-packages/airflow/example_dags/example_nested_branch_dag.py
[2022-04-12 04:22:50,431] {scheduler_job.py:643} INFO - DAG(s) dict_keys(['example_nested_branch_dag']) retrieved from /home/airflow/sandbox/lib/python3.8/site-packages/airflow/example_dags/example_nested_branch_dag.py
[2022-04-12 04:22:50,661] {logging_mixin.py:104} INFO - [2022-04-12 04:22:50,660] {dag.py:1832} INFO - Sync 1 DAGs
[2022-04-12 04:22:50,803] {logging_mixin.py:104} INFO - [2022-04-12 04:22:50,802] {dag.py:2305} INFO - Setting next_dagrun for example_nested_branch_dag to 2022-04-10 00:00:00+00:00
[2022-04-12 04:22:50,892] {scheduler_job.py:190} INFO - Processing /home/airflow/sandbox/lib/python3.8/site-packages/airflow/example_dags/example_nested_branch_dag.py took 0.627 seconds
[2022-04-12 04:23:22,841] {scheduler_job.py:182} INFO - Started process (PID=91289) to work on /home/airflow/sandbox/lib/python3.8/site-packages/airflow/example_dags/example_nested_branch_dag.py
[2022-04-12 04:23:22,855] {scheduler_job.py:633} INFO - Processing file /home/airflow/sandbox/lib/python3.8/site-packages/airflow/example_dags/example_nested_branch_dag.py for tasks to queue
[2022-04-12 04:23:22,856] {logging_mixin.py:104} INFO - [2022-04-12 04:23:22,856] {dagbag.py:487} INFO - Filling up the DagBag from /home/airflow/sandbox/lib/python3.8/site-packages/airflow/example_dags/example_nested_branch_dag.py
[2022-04-12 04:23:22,890] {scheduler_job.py:643} INFO - DAG(s) dict_keys(['example_nested_branch_dag']) retrieved from /home/airflow/sandbox/lib/python3.8/site-packages/airflow/example_dags/example_nested_branch_dag.py
[2022-04-12 04:23:23,019] {logging_mixin.py:104} INFO - [2022-04-12 04:23:23,018] {dag.py:1832} INFO - Sync 1 DAGs
[2022-04-12 04:23:23,146] {logging_mixin.py:104} INFO - [2022-04-12 04:23:23,146] {dag.py:2305} INFO - Setting next_dagrun for example_nested_branch_dag to 2022-04-10 00:00:00+00:00
[2022-04-12 04:23:23,211] {scheduler_job.py:190} INFO - Processing /home/airflow/sandbox/lib/python3.8/site-packages/airflow/example_dags/example_nested_branch_dag.py took 0.422 seconds
[2022-04-12 04:23:53,883] {scheduler_job.py:182} INFO - Started process (PID=91487) to work on /home/airflow/sandbox/lib/python3.8/site-packages/airflow/example_dags/example_nested_branch_dag.py
[2022-04-12 04:23:53,917] {scheduler_job.py:633} INFO - Processing file /home/airflow/sandbox/lib/python3.8/site-packages/airflow/example_dags/example_nested_branch_dag.py for tasks to queue
[2022-04-12 04:23:53,919] {logging_mixin.py:104} INFO - [2022-04-12 04:23:53,919] {dagbag.py:487} INFO - Filling up the DagBag from /home/airflow/sandbox/lib/python3.8/site-packages/airflow/example_dags/example_nested_branch_dag.py
[2022-04-12 04:23:53,994] {scheduler_job.py:643} INFO - DAG(s) dict_keys(['example_nested_branch_dag']) retrieved from /home/airflow/sandbox/lib/python3.8/site-packages/airflow/example_dags/example_nested_branch_dag.py
[2022-04-12 04:23:54,208] {logging_mixin.py:104} INFO - [2022-04-12 04:23:54,207] {dag.py:1832} INFO - Sync 1 DAGs
[2022-04-12 04:23:54,352] {logging_mixin.py:104} INFO - [2022-04-12 04:23:54,351] {dag.py:2305} INFO - Setting next_dagrun for example_nested_branch_dag to 2022-04-10 00:00:00+00:00
[2022-04-12 04:23:54,633] {scheduler_job.py:190} INFO - Processing /home/airflow/sandbox/lib/python3.8/site-packages/airflow/example_dags/example_nested_branch_dag.py took 0.765 seconds
[2022-04-12 04:24:25,502] {scheduler_job.py:182} INFO - Started process (PID=91680) to work on /home/airflow/sandbox/lib/python3.8/site-packages/airflow/example_dags/example_nested_branch_dag.py
[2022-04-12 04:24:25,543] {scheduler_job.py:633} INFO - Processing file /home/airflow/sandbox/lib/python3.8/site-packages/airflow/example_dags/example_nested_branch_dag.py for tasks to queue
[2022-04-12 04:24:25,548] {logging_mixin.py:104} INFO - [2022-04-12 04:24:25,548] {dagbag.py:487} INFO - Filling up the DagBag from /home/airflow/sandbox/lib/python3.8/site-packages/airflow/example_dags/example_nested_branch_dag.py
[2022-04-12 04:24:25,579] {scheduler_job.py:643} INFO - DAG(s) dict_keys(['example_nested_branch_dag']) retrieved from /home/airflow/sandbox/lib/python3.8/site-packages/airflow/example_dags/example_nested_branch_dag.py
[2022-04-12 04:24:25,667] {logging_mixin.py:104} INFO - [2022-04-12 04:24:25,667] {dag.py:1832} INFO - Sync 1 DAGs
[2022-04-12 04:24:25,720] {logging_mixin.py:104} INFO - [2022-04-12 04:24:25,720] {dag.py:2305} INFO - Setting next_dagrun for example_nested_branch_dag to 2022-04-10 00:00:00+00:00
[2022-04-12 04:24:25,784] {scheduler_job.py:190} INFO - Processing /home/airflow/sandbox/lib/python3.8/site-packages/airflow/example_dags/example_nested_branch_dag.py took 0.293 seconds
[2022-04-12 04:24:57,178] {scheduler_job.py:182} INFO - Started process (PID=92119) to work on /home/airflow/sandbox/lib/python3.8/site-packages/airflow/example_dags/example_nested_branch_dag.py
[2022-04-12 04:24:57,181] {scheduler_job.py:633} INFO - Processing file /home/airflow/sandbox/lib/python3.8/site-packages/airflow/example_dags/example_nested_branch_dag.py for tasks to queue
[2022-04-12 04:24:57,185] {logging_mixin.py:104} INFO - [2022-04-12 04:24:57,184] {dagbag.py:487} INFO - Filling up the DagBag from /home/airflow/sandbox/lib/python3.8/site-packages/airflow/example_dags/example_nested_branch_dag.py
[2022-04-12 04:24:57,237] {scheduler_job.py:643} INFO - DAG(s) dict_keys(['example_nested_branch_dag']) retrieved from /home/airflow/sandbox/lib/python3.8/site-packages/airflow/example_dags/example_nested_branch_dag.py
[2022-04-12 04:24:57,358] {logging_mixin.py:104} INFO - [2022-04-12 04:24:57,358] {dag.py:1832} INFO - Sync 1 DAGs
[2022-04-12 04:24:57,454] {logging_mixin.py:104} INFO - [2022-04-12 04:24:57,454] {dag.py:2305} INFO - Setting next_dagrun for example_nested_branch_dag to 2022-04-10 00:00:00+00:00
[2022-04-12 04:24:57,576] {scheduler_job.py:190} INFO - Processing /home/airflow/sandbox/lib/python3.8/site-packages/airflow/example_dags/example_nested_branch_dag.py took 0.417 seconds
[2022-04-12 04:25:29,490] {scheduler_job.py:182} INFO - Started process (PID=92315) to work on /home/airflow/sandbox/lib/python3.8/site-packages/airflow/example_dags/example_nested_branch_dag.py
[2022-04-12 04:25:29,498] {scheduler_job.py:633} INFO - Processing file /home/airflow/sandbox/lib/python3.8/site-packages/airflow/example_dags/example_nested_branch_dag.py for tasks to queue
[2022-04-12 04:25:29,519] {logging_mixin.py:104} INFO - [2022-04-12 04:25:29,518] {dagbag.py:487} INFO - Filling up the DagBag from /home/airflow/sandbox/lib/python3.8/site-packages/airflow/example_dags/example_nested_branch_dag.py
[2022-04-12 04:25:29,617] {scheduler_job.py:643} INFO - DAG(s) dict_keys(['example_nested_branch_dag']) retrieved from /home/airflow/sandbox/lib/python3.8/site-packages/airflow/example_dags/example_nested_branch_dag.py
[2022-04-12 04:25:29,966] {logging_mixin.py:104} INFO - [2022-04-12 04:25:29,965] {dag.py:1832} INFO - Sync 1 DAGs
[2022-04-12 04:25:30,265] {logging_mixin.py:104} INFO - [2022-04-12 04:25:30,265] {dag.py:2305} INFO - Setting next_dagrun for example_nested_branch_dag to 2022-04-10 00:00:00+00:00
[2022-04-12 04:25:30,423] {scheduler_job.py:190} INFO - Processing /home/airflow/sandbox/lib/python3.8/site-packages/airflow/example_dags/example_nested_branch_dag.py took 0.993 seconds
[2022-04-12 04:26:01,634] {scheduler_job.py:182} INFO - Started process (PID=92515) to work on /home/airflow/sandbox/lib/python3.8/site-packages/airflow/example_dags/example_nested_branch_dag.py
[2022-04-12 04:26:01,655] {scheduler_job.py:633} INFO - Processing file /home/airflow/sandbox/lib/python3.8/site-packages/airflow/example_dags/example_nested_branch_dag.py for tasks to queue
[2022-04-12 04:26:01,658] {logging_mixin.py:104} INFO - [2022-04-12 04:26:01,658] {dagbag.py:487} INFO - Filling up the DagBag from /home/airflow/sandbox/lib/python3.8/site-packages/airflow/example_dags/example_nested_branch_dag.py
[2022-04-12 04:26:01,772] {scheduler_job.py:643} INFO - DAG(s) dict_keys(['example_nested_branch_dag']) retrieved from /home/airflow/sandbox/lib/python3.8/site-packages/airflow/example_dags/example_nested_branch_dag.py
[2022-04-12 04:26:02,077] {logging_mixin.py:104} INFO - [2022-04-12 04:26:02,076] {dag.py:1832} INFO - Sync 1 DAGs
[2022-04-12 04:26:02,282] {logging_mixin.py:104} INFO - [2022-04-12 04:26:02,281] {dag.py:2305} INFO - Setting next_dagrun for example_nested_branch_dag to 2022-04-10 00:00:00+00:00
[2022-04-12 04:26:02,385] {scheduler_job.py:190} INFO - Processing /home/airflow/sandbox/lib/python3.8/site-packages/airflow/example_dags/example_nested_branch_dag.py took 0.775 seconds
[2022-04-12 04:26:32,550] {scheduler_job.py:182} INFO - Started process (PID=92707) to work on /home/airflow/sandbox/lib/python3.8/site-packages/airflow/example_dags/example_nested_branch_dag.py
[2022-04-12 04:26:32,555] {scheduler_job.py:633} INFO - Processing file /home/airflow/sandbox/lib/python3.8/site-packages/airflow/example_dags/example_nested_branch_dag.py for tasks to queue
[2022-04-12 04:26:32,577] {logging_mixin.py:104} INFO - [2022-04-12 04:26:32,576] {dagbag.py:487} INFO - Filling up the DagBag from /home/airflow/sandbox/lib/python3.8/site-packages/airflow/example_dags/example_nested_branch_dag.py
[2022-04-12 04:26:32,610] {scheduler_job.py:643} INFO - DAG(s) dict_keys(['example_nested_branch_dag']) retrieved from /home/airflow/sandbox/lib/python3.8/site-packages/airflow/example_dags/example_nested_branch_dag.py
[2022-04-12 04:26:32,786] {logging_mixin.py:104} INFO - [2022-04-12 04:26:32,786] {dag.py:1832} INFO - Sync 1 DAGs
[2022-04-12 04:26:32,900] {logging_mixin.py:104} INFO - [2022-04-12 04:26:32,900] {dag.py:2305} INFO - Setting next_dagrun for example_nested_branch_dag to 2022-04-10 00:00:00+00:00
[2022-04-12 04:26:33,185] {scheduler_job.py:190} INFO - Processing /home/airflow/sandbox/lib/python3.8/site-packages/airflow/example_dags/example_nested_branch_dag.py took 0.656 seconds
[2022-04-12 04:27:04,176] {scheduler_job.py:182} INFO - Started process (PID=92904) to work on /home/airflow/sandbox/lib/python3.8/site-packages/airflow/example_dags/example_nested_branch_dag.py
[2022-04-12 04:27:04,181] {scheduler_job.py:633} INFO - Processing file /home/airflow/sandbox/lib/python3.8/site-packages/airflow/example_dags/example_nested_branch_dag.py for tasks to queue
[2022-04-12 04:27:04,183] {logging_mixin.py:104} INFO - [2022-04-12 04:27:04,183] {dagbag.py:487} INFO - Filling up the DagBag from /home/airflow/sandbox/lib/python3.8/site-packages/airflow/example_dags/example_nested_branch_dag.py
[2022-04-12 04:27:04,210] {scheduler_job.py:643} INFO - DAG(s) dict_keys(['example_nested_branch_dag']) retrieved from /home/airflow/sandbox/lib/python3.8/site-packages/airflow/example_dags/example_nested_branch_dag.py
[2022-04-12 04:27:04,309] {logging_mixin.py:104} INFO - [2022-04-12 04:27:04,309] {dag.py:1832} INFO - Sync 1 DAGs
[2022-04-12 04:27:04,380] {logging_mixin.py:104} INFO - [2022-04-12 04:27:04,379] {dag.py:2305} INFO - Setting next_dagrun for example_nested_branch_dag to 2022-04-10 00:00:00+00:00
[2022-04-12 04:27:04,423] {scheduler_job.py:190} INFO - Processing /home/airflow/sandbox/lib/python3.8/site-packages/airflow/example_dags/example_nested_branch_dag.py took 0.260 seconds
[2022-04-12 04:27:35,230] {scheduler_job.py:182} INFO - Started process (PID=93104) to work on /home/airflow/sandbox/lib/python3.8/site-packages/airflow/example_dags/example_nested_branch_dag.py
[2022-04-12 04:27:35,264] {scheduler_job.py:633} INFO - Processing file /home/airflow/sandbox/lib/python3.8/site-packages/airflow/example_dags/example_nested_branch_dag.py for tasks to queue
[2022-04-12 04:27:35,267] {logging_mixin.py:104} INFO - [2022-04-12 04:27:35,267] {dagbag.py:487} INFO - Filling up the DagBag from /home/airflow/sandbox/lib/python3.8/site-packages/airflow/example_dags/example_nested_branch_dag.py
[2022-04-12 04:27:35,331] {scheduler_job.py:643} INFO - DAG(s) dict_keys(['example_nested_branch_dag']) retrieved from /home/airflow/sandbox/lib/python3.8/site-packages/airflow/example_dags/example_nested_branch_dag.py
[2022-04-12 04:27:35,516] {logging_mixin.py:104} INFO - [2022-04-12 04:27:35,515] {dag.py:1832} INFO - Sync 1 DAGs
[2022-04-12 04:27:35,778] {logging_mixin.py:104} INFO - [2022-04-12 04:27:35,777] {dag.py:2305} INFO - Setting next_dagrun for example_nested_branch_dag to 2022-04-10 00:00:00+00:00
[2022-04-12 04:27:35,975] {scheduler_job.py:190} INFO - Processing /home/airflow/sandbox/lib/python3.8/site-packages/airflow/example_dags/example_nested_branch_dag.py took 0.756 seconds
[2022-04-12 04:28:06,159] {scheduler_job.py:182} INFO - Started process (PID=93303) to work on /home/airflow/sandbox/lib/python3.8/site-packages/airflow/example_dags/example_nested_branch_dag.py
[2022-04-12 04:28:06,208] {scheduler_job.py:633} INFO - Processing file /home/airflow/sandbox/lib/python3.8/site-packages/airflow/example_dags/example_nested_branch_dag.py for tasks to queue
[2022-04-12 04:28:06,216] {logging_mixin.py:104} INFO - [2022-04-12 04:28:06,215] {dagbag.py:487} INFO - Filling up the DagBag from /home/airflow/sandbox/lib/python3.8/site-packages/airflow/example_dags/example_nested_branch_dag.py
[2022-04-12 04:28:06,300] {scheduler_job.py:643} INFO - DAG(s) dict_keys(['example_nested_branch_dag']) retrieved from /home/airflow/sandbox/lib/python3.8/site-packages/airflow/example_dags/example_nested_branch_dag.py
[2022-04-12 04:28:06,578] {logging_mixin.py:104} INFO - [2022-04-12 04:28:06,577] {dag.py:1832} INFO - Sync 1 DAGs
[2022-04-12 04:28:06,733] {logging_mixin.py:104} INFO - [2022-04-12 04:28:06,733] {dag.py:2305} INFO - Setting next_dagrun for example_nested_branch_dag to 2022-04-10 00:00:00+00:00
[2022-04-12 04:28:06,873] {scheduler_job.py:190} INFO - Processing /home/airflow/sandbox/lib/python3.8/site-packages/airflow/example_dags/example_nested_branch_dag.py took 0.730 seconds
[2022-04-12 04:28:37,823] {scheduler_job.py:182} INFO - Started process (PID=93502) to work on /home/airflow/sandbox/lib/python3.8/site-packages/airflow/example_dags/example_nested_branch_dag.py
[2022-04-12 04:28:37,834] {scheduler_job.py:633} INFO - Processing file /home/airflow/sandbox/lib/python3.8/site-packages/airflow/example_dags/example_nested_branch_dag.py for tasks to queue
[2022-04-12 04:28:37,853] {logging_mixin.py:104} INFO - [2022-04-12 04:28:37,852] {dagbag.py:487} INFO - Filling up the DagBag from /home/airflow/sandbox/lib/python3.8/site-packages/airflow/example_dags/example_nested_branch_dag.py
[2022-04-12 04:28:37,935] {scheduler_job.py:643} INFO - DAG(s) dict_keys(['example_nested_branch_dag']) retrieved from /home/airflow/sandbox/lib/python3.8/site-packages/airflow/example_dags/example_nested_branch_dag.py
[2022-04-12 04:28:38,145] {logging_mixin.py:104} INFO - [2022-04-12 04:28:38,145] {dag.py:1832} INFO - Sync 1 DAGs
[2022-04-12 04:28:38,241] {logging_mixin.py:104} INFO - [2022-04-12 04:28:38,240] {dag.py:2305} INFO - Setting next_dagrun for example_nested_branch_dag to 2022-04-10 00:00:00+00:00
[2022-04-12 04:28:38,489] {scheduler_job.py:190} INFO - Processing /home/airflow/sandbox/lib/python3.8/site-packages/airflow/example_dags/example_nested_branch_dag.py took 0.739 seconds
[2022-04-12 04:30:46,063] {scheduler_job.py:182} INFO - Started process (PID=94157) to work on /home/airflow/sandbox/lib/python3.8/site-packages/airflow/example_dags/example_nested_branch_dag.py
[2022-04-12 04:30:46,066] {scheduler_job.py:633} INFO - Processing file /home/airflow/sandbox/lib/python3.8/site-packages/airflow/example_dags/example_nested_branch_dag.py for tasks to queue
[2022-04-12 04:30:46,068] {logging_mixin.py:104} INFO - [2022-04-12 04:30:46,068] {dagbag.py:487} INFO - Filling up the DagBag from /home/airflow/sandbox/lib/python3.8/site-packages/airflow/example_dags/example_nested_branch_dag.py
[2022-04-12 04:30:46,123] {scheduler_job.py:643} INFO - DAG(s) dict_keys(['example_nested_branch_dag']) retrieved from /home/airflow/sandbox/lib/python3.8/site-packages/airflow/example_dags/example_nested_branch_dag.py
[2022-04-12 04:30:46,299] {logging_mixin.py:104} INFO - [2022-04-12 04:30:46,299] {dag.py:1832} INFO - Sync 1 DAGs
[2022-04-12 04:30:46,332] {logging_mixin.py:104} INFO - [2022-04-12 04:30:46,331] {dag.py:2305} INFO - Setting next_dagrun for example_nested_branch_dag to 2022-04-10 00:00:00+00:00
[2022-04-12 04:30:46,414] {scheduler_job.py:190} INFO - Processing /home/airflow/sandbox/lib/python3.8/site-packages/airflow/example_dags/example_nested_branch_dag.py took 0.389 seconds
[2022-04-12 04:31:20,944] {scheduler_job.py:182} INFO - Started process (PID=94358) to work on /home/airflow/sandbox/lib/python3.8/site-packages/airflow/example_dags/example_nested_branch_dag.py
[2022-04-12 04:31:20,957] {scheduler_job.py:633} INFO - Processing file /home/airflow/sandbox/lib/python3.8/site-packages/airflow/example_dags/example_nested_branch_dag.py for tasks to queue
[2022-04-12 04:31:20,961] {logging_mixin.py:104} INFO - [2022-04-12 04:31:20,961] {dagbag.py:487} INFO - Filling up the DagBag from /home/airflow/sandbox/lib/python3.8/site-packages/airflow/example_dags/example_nested_branch_dag.py
[2022-04-12 04:31:20,997] {scheduler_job.py:643} INFO - DAG(s) dict_keys(['example_nested_branch_dag']) retrieved from /home/airflow/sandbox/lib/python3.8/site-packages/airflow/example_dags/example_nested_branch_dag.py
[2022-04-12 04:31:21,139] {logging_mixin.py:104} INFO - [2022-04-12 04:31:21,139] {dag.py:1832} INFO - Sync 1 DAGs
[2022-04-12 04:31:21,332] {logging_mixin.py:104} INFO - [2022-04-12 04:31:21,331] {dag.py:2305} INFO - Setting next_dagrun for example_nested_branch_dag to 2022-04-10 00:00:00+00:00
[2022-04-12 04:31:21,562] {scheduler_job.py:190} INFO - Processing /home/airflow/sandbox/lib/python3.8/site-packages/airflow/example_dags/example_nested_branch_dag.py took 0.695 seconds
[2022-04-12 04:31:52,092] {scheduler_job.py:182} INFO - Started process (PID=94557) to work on /home/airflow/sandbox/lib/python3.8/site-packages/airflow/example_dags/example_nested_branch_dag.py
[2022-04-12 04:31:52,108] {scheduler_job.py:633} INFO - Processing file /home/airflow/sandbox/lib/python3.8/site-packages/airflow/example_dags/example_nested_branch_dag.py for tasks to queue
[2022-04-12 04:31:52,109] {logging_mixin.py:104} INFO - [2022-04-12 04:31:52,109] {dagbag.py:487} INFO - Filling up the DagBag from /home/airflow/sandbox/lib/python3.8/site-packages/airflow/example_dags/example_nested_branch_dag.py
[2022-04-12 04:31:52,140] {scheduler_job.py:643} INFO - DAG(s) dict_keys(['example_nested_branch_dag']) retrieved from /home/airflow/sandbox/lib/python3.8/site-packages/airflow/example_dags/example_nested_branch_dag.py
[2022-04-12 04:31:52,293] {logging_mixin.py:104} INFO - [2022-04-12 04:31:52,292] {dag.py:1832} INFO - Sync 1 DAGs
[2022-04-12 04:31:52,357] {logging_mixin.py:104} INFO - [2022-04-12 04:31:52,357] {dag.py:2305} INFO - Setting next_dagrun for example_nested_branch_dag to 2022-04-10 00:00:00+00:00
[2022-04-12 04:31:52,451] {scheduler_job.py:190} INFO - Processing /home/airflow/sandbox/lib/python3.8/site-packages/airflow/example_dags/example_nested_branch_dag.py took 0.378 seconds
[2022-04-12 04:32:23,445] {scheduler_job.py:182} INFO - Started process (PID=94750) to work on /home/airflow/sandbox/lib/python3.8/site-packages/airflow/example_dags/example_nested_branch_dag.py
[2022-04-12 04:32:23,448] {scheduler_job.py:633} INFO - Processing file /home/airflow/sandbox/lib/python3.8/site-packages/airflow/example_dags/example_nested_branch_dag.py for tasks to queue
[2022-04-12 04:32:23,461] {logging_mixin.py:104} INFO - [2022-04-12 04:32:23,460] {dagbag.py:487} INFO - Filling up the DagBag from /home/airflow/sandbox/lib/python3.8/site-packages/airflow/example_dags/example_nested_branch_dag.py
[2022-04-12 04:32:23,507] {scheduler_job.py:643} INFO - DAG(s) dict_keys(['example_nested_branch_dag']) retrieved from /home/airflow/sandbox/lib/python3.8/site-packages/airflow/example_dags/example_nested_branch_dag.py
[2022-04-12 04:32:23,685] {logging_mixin.py:104} INFO - [2022-04-12 04:32:23,684] {dag.py:1832} INFO - Sync 1 DAGs
[2022-04-12 04:32:23,804] {logging_mixin.py:104} INFO - [2022-04-12 04:32:23,803] {dag.py:2305} INFO - Setting next_dagrun for example_nested_branch_dag to 2022-04-10 00:00:00+00:00
[2022-04-12 04:32:23,899] {scheduler_job.py:190} INFO - Processing /home/airflow/sandbox/lib/python3.8/site-packages/airflow/example_dags/example_nested_branch_dag.py took 0.474 seconds
