[2022-04-12 04:06:16,692] {scheduler_job.py:182} INFO - Started process (PID=83285) to work on /home/airflow/sandbox/lib/python3.8/site-packages/airflow/example_dags/example_trigger_controller_dag.py
[2022-04-12 04:06:16,704] {scheduler_job.py:633} INFO - Processing file /home/airflow/sandbox/lib/python3.8/site-packages/airflow/example_dags/example_trigger_controller_dag.py for tasks to queue
[2022-04-12 04:06:16,706] {logging_mixin.py:104} INFO - [2022-04-12 04:06:16,706] {dagbag.py:487} INFO - Filling up the DagBag from /home/airflow/sandbox/lib/python3.8/site-packages/airflow/example_dags/example_trigger_controller_dag.py
[2022-04-12 04:06:16,719] {scheduler_job.py:643} INFO - DAG(s) dict_keys(['example_trigger_controller_dag']) retrieved from /home/airflow/sandbox/lib/python3.8/site-packages/airflow/example_dags/example_trigger_controller_dag.py
[2022-04-12 04:06:18,167] {logging_mixin.py:104} INFO - [2022-04-12 04:06:18,166] {dag.py:1832} INFO - Sync 1 DAGs
[2022-04-12 04:06:18,210] {logging_mixin.py:104} INFO - [2022-04-12 04:06:18,209] {dag.py:2305} INFO - Setting next_dagrun for example_trigger_controller_dag to 2022-04-10 00:00:00+00:00
[2022-04-12 04:06:18,278] {scheduler_job.py:190} INFO - Processing /home/airflow/sandbox/lib/python3.8/site-packages/airflow/example_dags/example_trigger_controller_dag.py took 1.635 seconds
[2022-04-12 04:06:48,930] {scheduler_job.py:182} INFO - Started process (PID=83882) to work on /home/airflow/sandbox/lib/python3.8/site-packages/airflow/example_dags/example_trigger_controller_dag.py
[2022-04-12 04:06:48,933] {scheduler_job.py:633} INFO - Processing file /home/airflow/sandbox/lib/python3.8/site-packages/airflow/example_dags/example_trigger_controller_dag.py for tasks to queue
[2022-04-12 04:06:48,935] {logging_mixin.py:104} INFO - [2022-04-12 04:06:48,935] {dagbag.py:487} INFO - Filling up the DagBag from /home/airflow/sandbox/lib/python3.8/site-packages/airflow/example_dags/example_trigger_controller_dag.py
[2022-04-12 04:06:48,946] {scheduler_job.py:643} INFO - DAG(s) dict_keys(['example_trigger_controller_dag']) retrieved from /home/airflow/sandbox/lib/python3.8/site-packages/airflow/example_dags/example_trigger_controller_dag.py
[2022-04-12 04:06:49,055] {logging_mixin.py:104} INFO - [2022-04-12 04:06:49,055] {dag.py:1832} INFO - Sync 1 DAGs
[2022-04-12 04:06:49,112] {logging_mixin.py:104} INFO - [2022-04-12 04:06:49,112] {dag.py:2305} INFO - Setting next_dagrun for example_trigger_controller_dag to 2022-04-10 00:00:00+00:00
[2022-04-12 04:06:49,140] {scheduler_job.py:190} INFO - Processing /home/airflow/sandbox/lib/python3.8/site-packages/airflow/example_dags/example_trigger_controller_dag.py took 0.218 seconds
[2022-04-12 04:07:19,828] {scheduler_job.py:182} INFO - Started process (PID=84141) to work on /home/airflow/sandbox/lib/python3.8/site-packages/airflow/example_dags/example_trigger_controller_dag.py
[2022-04-12 04:07:19,830] {scheduler_job.py:633} INFO - Processing file /home/airflow/sandbox/lib/python3.8/site-packages/airflow/example_dags/example_trigger_controller_dag.py for tasks to queue
[2022-04-12 04:07:19,832] {logging_mixin.py:104} INFO - [2022-04-12 04:07:19,831] {dagbag.py:487} INFO - Filling up the DagBag from /home/airflow/sandbox/lib/python3.8/site-packages/airflow/example_dags/example_trigger_controller_dag.py
[2022-04-12 04:07:19,842] {scheduler_job.py:643} INFO - DAG(s) dict_keys(['example_trigger_controller_dag']) retrieved from /home/airflow/sandbox/lib/python3.8/site-packages/airflow/example_dags/example_trigger_controller_dag.py
[2022-04-12 04:07:19,890] {logging_mixin.py:104} INFO - [2022-04-12 04:07:19,889] {dag.py:1832} INFO - Sync 1 DAGs
[2022-04-12 04:07:19,912] {logging_mixin.py:104} INFO - [2022-04-12 04:07:19,912] {dag.py:2305} INFO - Setting next_dagrun for example_trigger_controller_dag to 2022-04-10 00:00:00+00:00
[2022-04-12 04:07:19,943] {scheduler_job.py:190} INFO - Processing /home/airflow/sandbox/lib/python3.8/site-packages/airflow/example_dags/example_trigger_controller_dag.py took 0.122 seconds
[2022-04-12 04:07:50,774] {scheduler_job.py:182} INFO - Started process (PID=84341) to work on /home/airflow/sandbox/lib/python3.8/site-packages/airflow/example_dags/example_trigger_controller_dag.py
[2022-04-12 04:07:50,779] {scheduler_job.py:633} INFO - Processing file /home/airflow/sandbox/lib/python3.8/site-packages/airflow/example_dags/example_trigger_controller_dag.py for tasks to queue
[2022-04-12 04:07:50,781] {logging_mixin.py:104} INFO - [2022-04-12 04:07:50,781] {dagbag.py:487} INFO - Filling up the DagBag from /home/airflow/sandbox/lib/python3.8/site-packages/airflow/example_dags/example_trigger_controller_dag.py
[2022-04-12 04:07:50,790] {scheduler_job.py:643} INFO - DAG(s) dict_keys(['example_trigger_controller_dag']) retrieved from /home/airflow/sandbox/lib/python3.8/site-packages/airflow/example_dags/example_trigger_controller_dag.py
[2022-04-12 04:07:50,839] {logging_mixin.py:104} INFO - [2022-04-12 04:07:50,838] {dag.py:1832} INFO - Sync 1 DAGs
[2022-04-12 04:07:50,868] {logging_mixin.py:104} INFO - [2022-04-12 04:07:50,867] {dag.py:2305} INFO - Setting next_dagrun for example_trigger_controller_dag to 2022-04-10 00:00:00+00:00
[2022-04-12 04:07:50,906] {scheduler_job.py:190} INFO - Processing /home/airflow/sandbox/lib/python3.8/site-packages/airflow/example_dags/example_trigger_controller_dag.py took 0.138 seconds
[2022-04-12 04:08:21,531] {scheduler_job.py:182} INFO - Started process (PID=84601) to work on /home/airflow/sandbox/lib/python3.8/site-packages/airflow/example_dags/example_trigger_controller_dag.py
[2022-04-12 04:08:21,533] {scheduler_job.py:633} INFO - Processing file /home/airflow/sandbox/lib/python3.8/site-packages/airflow/example_dags/example_trigger_controller_dag.py for tasks to queue
[2022-04-12 04:08:21,535] {logging_mixin.py:104} INFO - [2022-04-12 04:08:21,534] {dagbag.py:487} INFO - Filling up the DagBag from /home/airflow/sandbox/lib/python3.8/site-packages/airflow/example_dags/example_trigger_controller_dag.py
[2022-04-12 04:08:21,546] {scheduler_job.py:643} INFO - DAG(s) dict_keys(['example_trigger_controller_dag']) retrieved from /home/airflow/sandbox/lib/python3.8/site-packages/airflow/example_dags/example_trigger_controller_dag.py
[2022-04-12 04:08:21,600] {logging_mixin.py:104} INFO - [2022-04-12 04:08:21,600] {dag.py:1832} INFO - Sync 1 DAGs
[2022-04-12 04:08:21,641] {logging_mixin.py:104} INFO - [2022-04-12 04:08:21,641] {dag.py:2305} INFO - Setting next_dagrun for example_trigger_controller_dag to 2022-04-10 00:00:00+00:00
[2022-04-12 04:08:21,700] {scheduler_job.py:190} INFO - Processing /home/airflow/sandbox/lib/python3.8/site-packages/airflow/example_dags/example_trigger_controller_dag.py took 0.175 seconds
[2022-04-12 04:08:51,831] {scheduler_job.py:182} INFO - Started process (PID=84800) to work on /home/airflow/sandbox/lib/python3.8/site-packages/airflow/example_dags/example_trigger_controller_dag.py
[2022-04-12 04:08:51,832] {scheduler_job.py:633} INFO - Processing file /home/airflow/sandbox/lib/python3.8/site-packages/airflow/example_dags/example_trigger_controller_dag.py for tasks to queue
[2022-04-12 04:08:51,834] {logging_mixin.py:104} INFO - [2022-04-12 04:08:51,834] {dagbag.py:487} INFO - Filling up the DagBag from /home/airflow/sandbox/lib/python3.8/site-packages/airflow/example_dags/example_trigger_controller_dag.py
[2022-04-12 04:08:51,854] {scheduler_job.py:643} INFO - DAG(s) dict_keys(['example_trigger_controller_dag']) retrieved from /home/airflow/sandbox/lib/python3.8/site-packages/airflow/example_dags/example_trigger_controller_dag.py
[2022-04-12 04:08:51,914] {logging_mixin.py:104} INFO - [2022-04-12 04:08:51,913] {dag.py:1832} INFO - Sync 1 DAGs
[2022-04-12 04:08:51,963] {logging_mixin.py:104} INFO - [2022-04-12 04:08:51,963] {dag.py:2305} INFO - Setting next_dagrun for example_trigger_controller_dag to 2022-04-10 00:00:00+00:00
[2022-04-12 04:08:51,993] {scheduler_job.py:190} INFO - Processing /home/airflow/sandbox/lib/python3.8/site-packages/airflow/example_dags/example_trigger_controller_dag.py took 0.170 seconds
[2022-04-12 04:09:22,133] {scheduler_job.py:182} INFO - Started process (PID=85059) to work on /home/airflow/sandbox/lib/python3.8/site-packages/airflow/example_dags/example_trigger_controller_dag.py
[2022-04-12 04:09:22,135] {scheduler_job.py:633} INFO - Processing file /home/airflow/sandbox/lib/python3.8/site-packages/airflow/example_dags/example_trigger_controller_dag.py for tasks to queue
[2022-04-12 04:09:22,137] {logging_mixin.py:104} INFO - [2022-04-12 04:09:22,137] {dagbag.py:487} INFO - Filling up the DagBag from /home/airflow/sandbox/lib/python3.8/site-packages/airflow/example_dags/example_trigger_controller_dag.py
[2022-04-12 04:09:22,151] {scheduler_job.py:643} INFO - DAG(s) dict_keys(['example_trigger_controller_dag']) retrieved from /home/airflow/sandbox/lib/python3.8/site-packages/airflow/example_dags/example_trigger_controller_dag.py
[2022-04-12 04:09:22,212] {logging_mixin.py:104} INFO - [2022-04-12 04:09:22,212] {dag.py:1832} INFO - Sync 1 DAGs
[2022-04-12 04:09:22,244] {logging_mixin.py:104} INFO - [2022-04-12 04:09:22,244] {dag.py:2305} INFO - Setting next_dagrun for example_trigger_controller_dag to 2022-04-10 00:00:00+00:00
[2022-04-12 04:09:22,266] {scheduler_job.py:190} INFO - Processing /home/airflow/sandbox/lib/python3.8/site-packages/airflow/example_dags/example_trigger_controller_dag.py took 0.141 seconds
[2022-04-12 04:14:55,614] {scheduler_job.py:182} INFO - Started process (PID=85684) to work on /home/airflow/sandbox/lib/python3.8/site-packages/airflow/example_dags/example_trigger_controller_dag.py
[2022-04-12 04:14:55,630] {scheduler_job.py:633} INFO - Processing file /home/airflow/sandbox/lib/python3.8/site-packages/airflow/example_dags/example_trigger_controller_dag.py for tasks to queue
[2022-04-12 04:14:55,640] {logging_mixin.py:104} INFO - [2022-04-12 04:14:55,639] {dagbag.py:487} INFO - Filling up the DagBag from /home/airflow/sandbox/lib/python3.8/site-packages/airflow/example_dags/example_trigger_controller_dag.py
[2022-04-12 04:14:55,690] {scheduler_job.py:643} INFO - DAG(s) dict_keys(['example_trigger_controller_dag']) retrieved from /home/airflow/sandbox/lib/python3.8/site-packages/airflow/example_dags/example_trigger_controller_dag.py
[2022-04-12 04:14:55,816] {logging_mixin.py:104} INFO - [2022-04-12 04:14:55,816] {dag.py:1832} INFO - Sync 1 DAGs
[2022-04-12 04:14:55,884] {logging_mixin.py:104} INFO - [2022-04-12 04:14:55,884] {dag.py:2305} INFO - Setting next_dagrun for example_trigger_controller_dag to 2022-04-10 00:00:00+00:00
[2022-04-12 04:14:56,065] {scheduler_job.py:190} INFO - Processing /home/airflow/sandbox/lib/python3.8/site-packages/airflow/example_dags/example_trigger_controller_dag.py took 0.472 seconds
[2022-04-12 04:15:26,461] {scheduler_job.py:182} INFO - Started process (PID=85984) to work on /home/airflow/sandbox/lib/python3.8/site-packages/airflow/example_dags/example_trigger_controller_dag.py
[2022-04-12 04:15:26,465] {scheduler_job.py:633} INFO - Processing file /home/airflow/sandbox/lib/python3.8/site-packages/airflow/example_dags/example_trigger_controller_dag.py for tasks to queue
[2022-04-12 04:15:26,469] {logging_mixin.py:104} INFO - [2022-04-12 04:15:26,469] {dagbag.py:487} INFO - Filling up the DagBag from /home/airflow/sandbox/lib/python3.8/site-packages/airflow/example_dags/example_trigger_controller_dag.py
[2022-04-12 04:15:26,484] {scheduler_job.py:643} INFO - DAG(s) dict_keys(['example_trigger_controller_dag']) retrieved from /home/airflow/sandbox/lib/python3.8/site-packages/airflow/example_dags/example_trigger_controller_dag.py
[2022-04-12 04:15:26,539] {logging_mixin.py:104} INFO - [2022-04-12 04:15:26,539] {dag.py:1832} INFO - Sync 1 DAGs
[2022-04-12 04:15:26,577] {logging_mixin.py:104} INFO - [2022-04-12 04:15:26,576] {dag.py:2305} INFO - Setting next_dagrun for example_trigger_controller_dag to 2022-04-10 00:00:00+00:00
[2022-04-12 04:15:26,601] {scheduler_job.py:190} INFO - Processing /home/airflow/sandbox/lib/python3.8/site-packages/airflow/example_dags/example_trigger_controller_dag.py took 0.161 seconds
[2022-04-12 04:15:56,859] {scheduler_job.py:182} INFO - Started process (PID=86367) to work on /home/airflow/sandbox/lib/python3.8/site-packages/airflow/example_dags/example_trigger_controller_dag.py
[2022-04-12 04:15:56,863] {scheduler_job.py:633} INFO - Processing file /home/airflow/sandbox/lib/python3.8/site-packages/airflow/example_dags/example_trigger_controller_dag.py for tasks to queue
[2022-04-12 04:15:56,866] {logging_mixin.py:104} INFO - [2022-04-12 04:15:56,865] {dagbag.py:487} INFO - Filling up the DagBag from /home/airflow/sandbox/lib/python3.8/site-packages/airflow/example_dags/example_trigger_controller_dag.py
[2022-04-12 04:15:56,888] {scheduler_job.py:643} INFO - DAG(s) dict_keys(['example_trigger_controller_dag']) retrieved from /home/airflow/sandbox/lib/python3.8/site-packages/airflow/example_dags/example_trigger_controller_dag.py
[2022-04-12 04:15:56,954] {logging_mixin.py:104} INFO - [2022-04-12 04:15:56,953] {dag.py:1832} INFO - Sync 1 DAGs
[2022-04-12 04:15:56,988] {logging_mixin.py:104} INFO - [2022-04-12 04:15:56,988] {dag.py:2305} INFO - Setting next_dagrun for example_trigger_controller_dag to 2022-04-10 00:00:00+00:00
[2022-04-12 04:15:57,051] {scheduler_job.py:190} INFO - Processing /home/airflow/sandbox/lib/python3.8/site-packages/airflow/example_dags/example_trigger_controller_dag.py took 0.198 seconds
[2022-04-12 04:16:27,792] {scheduler_job.py:182} INFO - Started process (PID=86761) to work on /home/airflow/sandbox/lib/python3.8/site-packages/airflow/example_dags/example_trigger_controller_dag.py
[2022-04-12 04:16:27,800] {scheduler_job.py:633} INFO - Processing file /home/airflow/sandbox/lib/python3.8/site-packages/airflow/example_dags/example_trigger_controller_dag.py for tasks to queue
[2022-04-12 04:16:27,802] {logging_mixin.py:104} INFO - [2022-04-12 04:16:27,801] {dagbag.py:487} INFO - Filling up the DagBag from /home/airflow/sandbox/lib/python3.8/site-packages/airflow/example_dags/example_trigger_controller_dag.py
[2022-04-12 04:16:27,844] {scheduler_job.py:643} INFO - DAG(s) dict_keys(['example_trigger_controller_dag']) retrieved from /home/airflow/sandbox/lib/python3.8/site-packages/airflow/example_dags/example_trigger_controller_dag.py
[2022-04-12 04:16:28,031] {logging_mixin.py:104} INFO - [2022-04-12 04:16:28,031] {dag.py:1832} INFO - Sync 1 DAGs
[2022-04-12 04:16:28,079] {logging_mixin.py:104} INFO - [2022-04-12 04:16:28,079] {dag.py:2305} INFO - Setting next_dagrun for example_trigger_controller_dag to 2022-04-10 00:00:00+00:00
[2022-04-12 04:16:28,126] {scheduler_job.py:190} INFO - Processing /home/airflow/sandbox/lib/python3.8/site-packages/airflow/example_dags/example_trigger_controller_dag.py took 0.360 seconds
[2022-04-12 04:16:58,577] {scheduler_job.py:182} INFO - Started process (PID=87140) to work on /home/airflow/sandbox/lib/python3.8/site-packages/airflow/example_dags/example_trigger_controller_dag.py
[2022-04-12 04:16:58,581] {scheduler_job.py:633} INFO - Processing file /home/airflow/sandbox/lib/python3.8/site-packages/airflow/example_dags/example_trigger_controller_dag.py for tasks to queue
[2022-04-12 04:16:58,596] {logging_mixin.py:104} INFO - [2022-04-12 04:16:58,596] {dagbag.py:487} INFO - Filling up the DagBag from /home/airflow/sandbox/lib/python3.8/site-packages/airflow/example_dags/example_trigger_controller_dag.py
[2022-04-12 04:16:58,617] {scheduler_job.py:643} INFO - DAG(s) dict_keys(['example_trigger_controller_dag']) retrieved from /home/airflow/sandbox/lib/python3.8/site-packages/airflow/example_dags/example_trigger_controller_dag.py
[2022-04-12 04:16:58,713] {logging_mixin.py:104} INFO - [2022-04-12 04:16:58,713] {dag.py:1832} INFO - Sync 1 DAGs
[2022-04-12 04:16:58,783] {logging_mixin.py:104} INFO - [2022-04-12 04:16:58,783] {dag.py:2305} INFO - Setting next_dagrun for example_trigger_controller_dag to 2022-04-10 00:00:00+00:00
[2022-04-12 04:16:58,868] {scheduler_job.py:190} INFO - Processing /home/airflow/sandbox/lib/python3.8/site-packages/airflow/example_dags/example_trigger_controller_dag.py took 0.313 seconds
[2022-04-12 04:17:30,276] {scheduler_job.py:182} INFO - Started process (PID=87524) to work on /home/airflow/sandbox/lib/python3.8/site-packages/airflow/example_dags/example_trigger_controller_dag.py
[2022-04-12 04:17:30,279] {scheduler_job.py:633} INFO - Processing file /home/airflow/sandbox/lib/python3.8/site-packages/airflow/example_dags/example_trigger_controller_dag.py for tasks to queue
[2022-04-12 04:17:30,281] {logging_mixin.py:104} INFO - [2022-04-12 04:17:30,280] {dagbag.py:487} INFO - Filling up the DagBag from /home/airflow/sandbox/lib/python3.8/site-packages/airflow/example_dags/example_trigger_controller_dag.py
[2022-04-12 04:17:30,290] {scheduler_job.py:643} INFO - DAG(s) dict_keys(['example_trigger_controller_dag']) retrieved from /home/airflow/sandbox/lib/python3.8/site-packages/airflow/example_dags/example_trigger_controller_dag.py
[2022-04-12 04:17:30,344] {logging_mixin.py:104} INFO - [2022-04-12 04:17:30,344] {dag.py:1832} INFO - Sync 1 DAGs
[2022-04-12 04:17:30,372] {logging_mixin.py:104} INFO - [2022-04-12 04:17:30,372] {dag.py:2305} INFO - Setting next_dagrun for example_trigger_controller_dag to 2022-04-10 00:00:00+00:00
[2022-04-12 04:17:30,406] {scheduler_job.py:190} INFO - Processing /home/airflow/sandbox/lib/python3.8/site-packages/airflow/example_dags/example_trigger_controller_dag.py took 0.137 seconds
[2022-04-12 04:18:02,716] {scheduler_job.py:182} INFO - Started process (PID=87916) to work on /home/airflow/sandbox/lib/python3.8/site-packages/airflow/example_dags/example_trigger_controller_dag.py
[2022-04-12 04:18:02,718] {scheduler_job.py:633} INFO - Processing file /home/airflow/sandbox/lib/python3.8/site-packages/airflow/example_dags/example_trigger_controller_dag.py for tasks to queue
[2022-04-12 04:18:02,719] {logging_mixin.py:104} INFO - [2022-04-12 04:18:02,719] {dagbag.py:487} INFO - Filling up the DagBag from /home/airflow/sandbox/lib/python3.8/site-packages/airflow/example_dags/example_trigger_controller_dag.py
[2022-04-12 04:18:02,727] {scheduler_job.py:643} INFO - DAG(s) dict_keys(['example_trigger_controller_dag']) retrieved from /home/airflow/sandbox/lib/python3.8/site-packages/airflow/example_dags/example_trigger_controller_dag.py
[2022-04-12 04:18:02,901] {logging_mixin.py:104} INFO - [2022-04-12 04:18:02,897] {dag.py:1832} INFO - Sync 1 DAGs
[2022-04-12 04:18:03,006] {logging_mixin.py:104} INFO - [2022-04-12 04:18:03,005] {dag.py:2305} INFO - Setting next_dagrun for example_trigger_controller_dag to 2022-04-10 00:00:00+00:00
[2022-04-12 04:18:03,108] {scheduler_job.py:190} INFO - Processing /home/airflow/sandbox/lib/python3.8/site-packages/airflow/example_dags/example_trigger_controller_dag.py took 0.435 seconds
[2022-04-12 04:18:35,074] {scheduler_job.py:182} INFO - Started process (PID=88306) to work on /home/airflow/sandbox/lib/python3.8/site-packages/airflow/example_dags/example_trigger_controller_dag.py
[2022-04-12 04:18:35,102] {scheduler_job.py:633} INFO - Processing file /home/airflow/sandbox/lib/python3.8/site-packages/airflow/example_dags/example_trigger_controller_dag.py for tasks to queue
[2022-04-12 04:18:35,110] {logging_mixin.py:104} INFO - [2022-04-12 04:18:35,110] {dagbag.py:487} INFO - Filling up the DagBag from /home/airflow/sandbox/lib/python3.8/site-packages/airflow/example_dags/example_trigger_controller_dag.py
[2022-04-12 04:18:35,141] {scheduler_job.py:643} INFO - DAG(s) dict_keys(['example_trigger_controller_dag']) retrieved from /home/airflow/sandbox/lib/python3.8/site-packages/airflow/example_dags/example_trigger_controller_dag.py
[2022-04-12 04:18:35,292] {logging_mixin.py:104} INFO - [2022-04-12 04:18:35,292] {dag.py:1832} INFO - Sync 1 DAGs
[2022-04-12 04:18:35,433] {logging_mixin.py:104} INFO - [2022-04-12 04:18:35,433] {dag.py:2305} INFO - Setting next_dagrun for example_trigger_controller_dag to 2022-04-10 00:00:00+00:00
[2022-04-12 04:18:35,552] {scheduler_job.py:190} INFO - Processing /home/airflow/sandbox/lib/python3.8/site-packages/airflow/example_dags/example_trigger_controller_dag.py took 0.520 seconds
[2022-04-12 04:19:05,961] {scheduler_job.py:182} INFO - Started process (PID=88684) to work on /home/airflow/sandbox/lib/python3.8/site-packages/airflow/example_dags/example_trigger_controller_dag.py
[2022-04-12 04:19:05,964] {scheduler_job.py:633} INFO - Processing file /home/airflow/sandbox/lib/python3.8/site-packages/airflow/example_dags/example_trigger_controller_dag.py for tasks to queue
[2022-04-12 04:19:05,979] {logging_mixin.py:104} INFO - [2022-04-12 04:19:05,979] {dagbag.py:487} INFO - Filling up the DagBag from /home/airflow/sandbox/lib/python3.8/site-packages/airflow/example_dags/example_trigger_controller_dag.py
[2022-04-12 04:19:06,003] {scheduler_job.py:643} INFO - DAG(s) dict_keys(['example_trigger_controller_dag']) retrieved from /home/airflow/sandbox/lib/python3.8/site-packages/airflow/example_dags/example_trigger_controller_dag.py
[2022-04-12 04:19:06,171] {logging_mixin.py:104} INFO - [2022-04-12 04:19:06,170] {dag.py:1832} INFO - Sync 1 DAGs
[2022-04-12 04:19:06,229] {logging_mixin.py:104} INFO - [2022-04-12 04:19:06,229] {dag.py:2305} INFO - Setting next_dagrun for example_trigger_controller_dag to 2022-04-10 00:00:00+00:00
[2022-04-12 04:19:06,320] {scheduler_job.py:190} INFO - Processing /home/airflow/sandbox/lib/python3.8/site-packages/airflow/example_dags/example_trigger_controller_dag.py took 0.380 seconds
[2022-04-12 04:19:37,269] {scheduler_job.py:182} INFO - Started process (PID=89077) to work on /home/airflow/sandbox/lib/python3.8/site-packages/airflow/example_dags/example_trigger_controller_dag.py
[2022-04-12 04:19:37,273] {scheduler_job.py:633} INFO - Processing file /home/airflow/sandbox/lib/python3.8/site-packages/airflow/example_dags/example_trigger_controller_dag.py for tasks to queue
[2022-04-12 04:19:37,285] {logging_mixin.py:104} INFO - [2022-04-12 04:19:37,285] {dagbag.py:487} INFO - Filling up the DagBag from /home/airflow/sandbox/lib/python3.8/site-packages/airflow/example_dags/example_trigger_controller_dag.py
[2022-04-12 04:19:37,319] {scheduler_job.py:643} INFO - DAG(s) dict_keys(['example_trigger_controller_dag']) retrieved from /home/airflow/sandbox/lib/python3.8/site-packages/airflow/example_dags/example_trigger_controller_dag.py
[2022-04-12 04:19:37,591] {logging_mixin.py:104} INFO - [2022-04-12 04:19:37,591] {dag.py:1832} INFO - Sync 1 DAGs
[2022-04-12 04:19:37,779] {logging_mixin.py:104} INFO - [2022-04-12 04:19:37,779] {dag.py:2305} INFO - Setting next_dagrun for example_trigger_controller_dag to 2022-04-10 00:00:00+00:00
[2022-04-12 04:19:37,900] {scheduler_job.py:190} INFO - Processing /home/airflow/sandbox/lib/python3.8/site-packages/airflow/example_dags/example_trigger_controller_dag.py took 0.673 seconds
[2022-04-12 04:20:08,248] {scheduler_job.py:182} INFO - Started process (PID=89714) to work on /home/airflow/sandbox/lib/python3.8/site-packages/airflow/example_dags/example_trigger_controller_dag.py
[2022-04-12 04:20:08,251] {scheduler_job.py:633} INFO - Processing file /home/airflow/sandbox/lib/python3.8/site-packages/airflow/example_dags/example_trigger_controller_dag.py for tasks to queue
[2022-04-12 04:20:08,252] {logging_mixin.py:104} INFO - [2022-04-12 04:20:08,252] {dagbag.py:487} INFO - Filling up the DagBag from /home/airflow/sandbox/lib/python3.8/site-packages/airflow/example_dags/example_trigger_controller_dag.py
[2022-04-12 04:20:08,277] {scheduler_job.py:643} INFO - DAG(s) dict_keys(['example_trigger_controller_dag']) retrieved from /home/airflow/sandbox/lib/python3.8/site-packages/airflow/example_dags/example_trigger_controller_dag.py
[2022-04-12 04:20:08,409] {logging_mixin.py:104} INFO - [2022-04-12 04:20:08,409] {dag.py:1832} INFO - Sync 1 DAGs
[2022-04-12 04:20:08,512] {logging_mixin.py:104} INFO - [2022-04-12 04:20:08,512] {dag.py:2305} INFO - Setting next_dagrun for example_trigger_controller_dag to 2022-04-10 00:00:00+00:00
[2022-04-12 04:20:08,597] {scheduler_job.py:190} INFO - Processing /home/airflow/sandbox/lib/python3.8/site-packages/airflow/example_dags/example_trigger_controller_dag.py took 0.399 seconds
[2022-04-12 04:20:39,656] {scheduler_job.py:182} INFO - Started process (PID=90078) to work on /home/airflow/sandbox/lib/python3.8/site-packages/airflow/example_dags/example_trigger_controller_dag.py
[2022-04-12 04:20:39,661] {scheduler_job.py:633} INFO - Processing file /home/airflow/sandbox/lib/python3.8/site-packages/airflow/example_dags/example_trigger_controller_dag.py for tasks to queue
[2022-04-12 04:20:39,673] {logging_mixin.py:104} INFO - [2022-04-12 04:20:39,672] {dagbag.py:487} INFO - Filling up the DagBag from /home/airflow/sandbox/lib/python3.8/site-packages/airflow/example_dags/example_trigger_controller_dag.py
[2022-04-12 04:20:39,700] {scheduler_job.py:643} INFO - DAG(s) dict_keys(['example_trigger_controller_dag']) retrieved from /home/airflow/sandbox/lib/python3.8/site-packages/airflow/example_dags/example_trigger_controller_dag.py
[2022-04-12 04:20:39,916] {logging_mixin.py:104} INFO - [2022-04-12 04:20:39,915] {dag.py:1832} INFO - Sync 1 DAGs
[2022-04-12 04:20:40,035] {logging_mixin.py:104} INFO - [2022-04-12 04:20:40,034] {dag.py:2305} INFO - Setting next_dagrun for example_trigger_controller_dag to 2022-04-10 00:00:00+00:00
[2022-04-12 04:20:40,220] {scheduler_job.py:190} INFO - Processing /home/airflow/sandbox/lib/python3.8/site-packages/airflow/example_dags/example_trigger_controller_dag.py took 0.586 seconds
[2022-04-12 04:21:10,938] {scheduler_job.py:182} INFO - Started process (PID=90286) to work on /home/airflow/sandbox/lib/python3.8/site-packages/airflow/example_dags/example_trigger_controller_dag.py
[2022-04-12 04:21:10,945] {scheduler_job.py:633} INFO - Processing file /home/airflow/sandbox/lib/python3.8/site-packages/airflow/example_dags/example_trigger_controller_dag.py for tasks to queue
[2022-04-12 04:21:10,966] {logging_mixin.py:104} INFO - [2022-04-12 04:21:10,966] {dagbag.py:487} INFO - Filling up the DagBag from /home/airflow/sandbox/lib/python3.8/site-packages/airflow/example_dags/example_trigger_controller_dag.py
[2022-04-12 04:21:11,007] {scheduler_job.py:643} INFO - DAG(s) dict_keys(['example_trigger_controller_dag']) retrieved from /home/airflow/sandbox/lib/python3.8/site-packages/airflow/example_dags/example_trigger_controller_dag.py
[2022-04-12 04:21:11,171] {logging_mixin.py:104} INFO - [2022-04-12 04:21:11,171] {dag.py:1832} INFO - Sync 1 DAGs
[2022-04-12 04:21:11,259] {logging_mixin.py:104} INFO - [2022-04-12 04:21:11,258] {dag.py:2305} INFO - Setting next_dagrun for example_trigger_controller_dag to 2022-04-10 00:00:00+00:00
[2022-04-12 04:21:11,287] {scheduler_job.py:190} INFO - Processing /home/airflow/sandbox/lib/python3.8/site-packages/airflow/example_dags/example_trigger_controller_dag.py took 0.416 seconds
[2022-04-12 04:21:42,371] {scheduler_job.py:182} INFO - Started process (PID=90485) to work on /home/airflow/sandbox/lib/python3.8/site-packages/airflow/example_dags/example_trigger_controller_dag.py
[2022-04-12 04:21:42,390] {scheduler_job.py:633} INFO - Processing file /home/airflow/sandbox/lib/python3.8/site-packages/airflow/example_dags/example_trigger_controller_dag.py for tasks to queue
[2022-04-12 04:21:42,393] {logging_mixin.py:104} INFO - [2022-04-12 04:21:42,393] {dagbag.py:487} INFO - Filling up the DagBag from /home/airflow/sandbox/lib/python3.8/site-packages/airflow/example_dags/example_trigger_controller_dag.py
[2022-04-12 04:21:42,440] {scheduler_job.py:643} INFO - DAG(s) dict_keys(['example_trigger_controller_dag']) retrieved from /home/airflow/sandbox/lib/python3.8/site-packages/airflow/example_dags/example_trigger_controller_dag.py
[2022-04-12 04:21:42,761] {logging_mixin.py:104} INFO - [2022-04-12 04:21:42,761] {dag.py:1832} INFO - Sync 1 DAGs
[2022-04-12 04:21:42,899] {logging_mixin.py:104} INFO - [2022-04-12 04:21:42,899] {dag.py:2305} INFO - Setting next_dagrun for example_trigger_controller_dag to 2022-04-10 00:00:00+00:00
[2022-04-12 04:21:43,017] {scheduler_job.py:190} INFO - Processing /home/airflow/sandbox/lib/python3.8/site-packages/airflow/example_dags/example_trigger_controller_dag.py took 0.685 seconds
[2022-04-12 04:22:13,214] {scheduler_job.py:182} INFO - Started process (PID=90797) to work on /home/airflow/sandbox/lib/python3.8/site-packages/airflow/example_dags/example_trigger_controller_dag.py
[2022-04-12 04:22:13,217] {scheduler_job.py:633} INFO - Processing file /home/airflow/sandbox/lib/python3.8/site-packages/airflow/example_dags/example_trigger_controller_dag.py for tasks to queue
[2022-04-12 04:22:13,221] {logging_mixin.py:104} INFO - [2022-04-12 04:22:13,221] {dagbag.py:487} INFO - Filling up the DagBag from /home/airflow/sandbox/lib/python3.8/site-packages/airflow/example_dags/example_trigger_controller_dag.py
[2022-04-12 04:22:13,259] {scheduler_job.py:643} INFO - DAG(s) dict_keys(['example_trigger_controller_dag']) retrieved from /home/airflow/sandbox/lib/python3.8/site-packages/airflow/example_dags/example_trigger_controller_dag.py
[2022-04-12 04:22:13,670] {logging_mixin.py:104} INFO - [2022-04-12 04:22:13,670] {dag.py:1832} INFO - Sync 1 DAGs
[2022-04-12 04:22:13,795] {logging_mixin.py:104} INFO - [2022-04-12 04:22:13,794] {dag.py:2305} INFO - Setting next_dagrun for example_trigger_controller_dag to 2022-04-10 00:00:00+00:00
[2022-04-12 04:22:13,856] {scheduler_job.py:190} INFO - Processing /home/airflow/sandbox/lib/python3.8/site-packages/airflow/example_dags/example_trigger_controller_dag.py took 0.665 seconds
[2022-04-12 04:22:44,328] {scheduler_job.py:182} INFO - Started process (PID=91037) to work on /home/airflow/sandbox/lib/python3.8/site-packages/airflow/example_dags/example_trigger_controller_dag.py
[2022-04-12 04:22:44,341] {scheduler_job.py:633} INFO - Processing file /home/airflow/sandbox/lib/python3.8/site-packages/airflow/example_dags/example_trigger_controller_dag.py for tasks to queue
[2022-04-12 04:22:44,351] {logging_mixin.py:104} INFO - [2022-04-12 04:22:44,350] {dagbag.py:487} INFO - Filling up the DagBag from /home/airflow/sandbox/lib/python3.8/site-packages/airflow/example_dags/example_trigger_controller_dag.py
[2022-04-12 04:22:44,415] {scheduler_job.py:643} INFO - DAG(s) dict_keys(['example_trigger_controller_dag']) retrieved from /home/airflow/sandbox/lib/python3.8/site-packages/airflow/example_dags/example_trigger_controller_dag.py
[2022-04-12 04:22:44,808] {logging_mixin.py:104} INFO - [2022-04-12 04:22:44,808] {dag.py:1832} INFO - Sync 1 DAGs
[2022-04-12 04:22:44,983] {logging_mixin.py:104} INFO - [2022-04-12 04:22:44,982] {dag.py:2305} INFO - Setting next_dagrun for example_trigger_controller_dag to 2022-04-10 00:00:00+00:00
[2022-04-12 04:22:45,117] {scheduler_job.py:190} INFO - Processing /home/airflow/sandbox/lib/python3.8/site-packages/airflow/example_dags/example_trigger_controller_dag.py took 0.870 seconds
[2022-04-12 04:23:15,244] {scheduler_job.py:182} INFO - Started process (PID=91235) to work on /home/airflow/sandbox/lib/python3.8/site-packages/airflow/example_dags/example_trigger_controller_dag.py
[2022-04-12 04:23:15,255] {scheduler_job.py:633} INFO - Processing file /home/airflow/sandbox/lib/python3.8/site-packages/airflow/example_dags/example_trigger_controller_dag.py for tasks to queue
[2022-04-12 04:23:15,259] {logging_mixin.py:104} INFO - [2022-04-12 04:23:15,258] {dagbag.py:487} INFO - Filling up the DagBag from /home/airflow/sandbox/lib/python3.8/site-packages/airflow/example_dags/example_trigger_controller_dag.py
[2022-04-12 04:23:15,280] {scheduler_job.py:643} INFO - DAG(s) dict_keys(['example_trigger_controller_dag']) retrieved from /home/airflow/sandbox/lib/python3.8/site-packages/airflow/example_dags/example_trigger_controller_dag.py
[2022-04-12 04:23:15,418] {logging_mixin.py:104} INFO - [2022-04-12 04:23:15,418] {dag.py:1832} INFO - Sync 1 DAGs
[2022-04-12 04:23:15,516] {logging_mixin.py:104} INFO - [2022-04-12 04:23:15,515] {dag.py:2305} INFO - Setting next_dagrun for example_trigger_controller_dag to 2022-04-10 00:00:00+00:00
[2022-04-12 04:23:15,581] {scheduler_job.py:190} INFO - Processing /home/airflow/sandbox/lib/python3.8/site-packages/airflow/example_dags/example_trigger_controller_dag.py took 0.352 seconds
[2022-04-12 04:23:46,502] {scheduler_job.py:182} INFO - Started process (PID=91439) to work on /home/airflow/sandbox/lib/python3.8/site-packages/airflow/example_dags/example_trigger_controller_dag.py
[2022-04-12 04:23:46,506] {scheduler_job.py:633} INFO - Processing file /home/airflow/sandbox/lib/python3.8/site-packages/airflow/example_dags/example_trigger_controller_dag.py for tasks to queue
[2022-04-12 04:23:46,518] {logging_mixin.py:104} INFO - [2022-04-12 04:23:46,518] {dagbag.py:487} INFO - Filling up the DagBag from /home/airflow/sandbox/lib/python3.8/site-packages/airflow/example_dags/example_trigger_controller_dag.py
[2022-04-12 04:23:46,568] {scheduler_job.py:643} INFO - DAG(s) dict_keys(['example_trigger_controller_dag']) retrieved from /home/airflow/sandbox/lib/python3.8/site-packages/airflow/example_dags/example_trigger_controller_dag.py
[2022-04-12 04:23:46,705] {logging_mixin.py:104} INFO - [2022-04-12 04:23:46,705] {dag.py:1832} INFO - Sync 1 DAGs
[2022-04-12 04:23:46,803] {logging_mixin.py:104} INFO - [2022-04-12 04:23:46,802] {dag.py:2305} INFO - Setting next_dagrun for example_trigger_controller_dag to 2022-04-10 00:00:00+00:00
[2022-04-12 04:23:46,862] {scheduler_job.py:190} INFO - Processing /home/airflow/sandbox/lib/python3.8/site-packages/airflow/example_dags/example_trigger_controller_dag.py took 0.397 seconds
[2022-04-12 04:24:19,573] {scheduler_job.py:182} INFO - Started process (PID=91632) to work on /home/airflow/sandbox/lib/python3.8/site-packages/airflow/example_dags/example_trigger_controller_dag.py
[2022-04-12 04:24:19,603] {scheduler_job.py:633} INFO - Processing file /home/airflow/sandbox/lib/python3.8/site-packages/airflow/example_dags/example_trigger_controller_dag.py for tasks to queue
[2022-04-12 04:24:19,606] {logging_mixin.py:104} INFO - [2022-04-12 04:24:19,606] {dagbag.py:487} INFO - Filling up the DagBag from /home/airflow/sandbox/lib/python3.8/site-packages/airflow/example_dags/example_trigger_controller_dag.py
[2022-04-12 04:24:19,633] {scheduler_job.py:643} INFO - DAG(s) dict_keys(['example_trigger_controller_dag']) retrieved from /home/airflow/sandbox/lib/python3.8/site-packages/airflow/example_dags/example_trigger_controller_dag.py
[2022-04-12 04:24:19,986] {logging_mixin.py:104} INFO - [2022-04-12 04:24:19,985] {dag.py:1832} INFO - Sync 1 DAGs
[2022-04-12 04:24:20,109] {logging_mixin.py:104} INFO - [2022-04-12 04:24:20,108] {dag.py:2305} INFO - Setting next_dagrun for example_trigger_controller_dag to 2022-04-10 00:00:00+00:00
[2022-04-12 04:24:20,221] {scheduler_job.py:190} INFO - Processing /home/airflow/sandbox/lib/python3.8/site-packages/airflow/example_dags/example_trigger_controller_dag.py took 0.667 seconds
[2022-04-12 04:24:52,373] {scheduler_job.py:182} INFO - Started process (PID=92069) to work on /home/airflow/sandbox/lib/python3.8/site-packages/airflow/example_dags/example_trigger_controller_dag.py
[2022-04-12 04:24:52,376] {scheduler_job.py:633} INFO - Processing file /home/airflow/sandbox/lib/python3.8/site-packages/airflow/example_dags/example_trigger_controller_dag.py for tasks to queue
[2022-04-12 04:24:52,381] {logging_mixin.py:104} INFO - [2022-04-12 04:24:52,381] {dagbag.py:487} INFO - Filling up the DagBag from /home/airflow/sandbox/lib/python3.8/site-packages/airflow/example_dags/example_trigger_controller_dag.py
[2022-04-12 04:24:52,406] {scheduler_job.py:643} INFO - DAG(s) dict_keys(['example_trigger_controller_dag']) retrieved from /home/airflow/sandbox/lib/python3.8/site-packages/airflow/example_dags/example_trigger_controller_dag.py
[2022-04-12 04:24:52,659] {logging_mixin.py:104} INFO - [2022-04-12 04:24:52,658] {dag.py:1832} INFO - Sync 1 DAGs
[2022-04-12 04:24:52,793] {logging_mixin.py:104} INFO - [2022-04-12 04:24:52,792] {dag.py:2305} INFO - Setting next_dagrun for example_trigger_controller_dag to 2022-04-10 00:00:00+00:00
[2022-04-12 04:24:52,991] {scheduler_job.py:190} INFO - Processing /home/airflow/sandbox/lib/python3.8/site-packages/airflow/example_dags/example_trigger_controller_dag.py took 0.648 seconds
[2022-04-12 04:25:25,414] {scheduler_job.py:182} INFO - Started process (PID=92272) to work on /home/airflow/sandbox/lib/python3.8/site-packages/airflow/example_dags/example_trigger_controller_dag.py
[2022-04-12 04:25:25,431] {scheduler_job.py:633} INFO - Processing file /home/airflow/sandbox/lib/python3.8/site-packages/airflow/example_dags/example_trigger_controller_dag.py for tasks to queue
[2022-04-12 04:25:25,433] {logging_mixin.py:104} INFO - [2022-04-12 04:25:25,433] {dagbag.py:487} INFO - Filling up the DagBag from /home/airflow/sandbox/lib/python3.8/site-packages/airflow/example_dags/example_trigger_controller_dag.py
[2022-04-12 04:25:25,497] {scheduler_job.py:643} INFO - DAG(s) dict_keys(['example_trigger_controller_dag']) retrieved from /home/airflow/sandbox/lib/python3.8/site-packages/airflow/example_dags/example_trigger_controller_dag.py
[2022-04-12 04:25:25,732] {logging_mixin.py:104} INFO - [2022-04-12 04:25:25,731] {dag.py:1832} INFO - Sync 1 DAGs
[2022-04-12 04:25:25,915] {logging_mixin.py:104} INFO - [2022-04-12 04:25:25,915] {dag.py:2305} INFO - Setting next_dagrun for example_trigger_controller_dag to 2022-04-10 00:00:00+00:00
[2022-04-12 04:25:26,042] {scheduler_job.py:190} INFO - Processing /home/airflow/sandbox/lib/python3.8/site-packages/airflow/example_dags/example_trigger_controller_dag.py took 0.666 seconds
[2022-04-12 04:25:56,186] {scheduler_job.py:182} INFO - Started process (PID=92469) to work on /home/airflow/sandbox/lib/python3.8/site-packages/airflow/example_dags/example_trigger_controller_dag.py
[2022-04-12 04:25:56,189] {scheduler_job.py:633} INFO - Processing file /home/airflow/sandbox/lib/python3.8/site-packages/airflow/example_dags/example_trigger_controller_dag.py for tasks to queue
[2022-04-12 04:25:56,191] {logging_mixin.py:104} INFO - [2022-04-12 04:25:56,191] {dagbag.py:487} INFO - Filling up the DagBag from /home/airflow/sandbox/lib/python3.8/site-packages/airflow/example_dags/example_trigger_controller_dag.py
[2022-04-12 04:25:56,210] {scheduler_job.py:643} INFO - DAG(s) dict_keys(['example_trigger_controller_dag']) retrieved from /home/airflow/sandbox/lib/python3.8/site-packages/airflow/example_dags/example_trigger_controller_dag.py
[2022-04-12 04:25:56,332] {logging_mixin.py:104} INFO - [2022-04-12 04:25:56,331] {dag.py:1832} INFO - Sync 1 DAGs
[2022-04-12 04:25:56,400] {logging_mixin.py:104} INFO - [2022-04-12 04:25:56,400] {dag.py:2305} INFO - Setting next_dagrun for example_trigger_controller_dag to 2022-04-10 00:00:00+00:00
[2022-04-12 04:25:56,523] {scheduler_job.py:190} INFO - Processing /home/airflow/sandbox/lib/python3.8/site-packages/airflow/example_dags/example_trigger_controller_dag.py took 0.352 seconds
[2022-04-12 04:26:26,723] {scheduler_job.py:182} INFO - Started process (PID=92668) to work on /home/airflow/sandbox/lib/python3.8/site-packages/airflow/example_dags/example_trigger_controller_dag.py
[2022-04-12 04:26:26,733] {scheduler_job.py:633} INFO - Processing file /home/airflow/sandbox/lib/python3.8/site-packages/airflow/example_dags/example_trigger_controller_dag.py for tasks to queue
[2022-04-12 04:26:26,738] {logging_mixin.py:104} INFO - [2022-04-12 04:26:26,737] {dagbag.py:487} INFO - Filling up the DagBag from /home/airflow/sandbox/lib/python3.8/site-packages/airflow/example_dags/example_trigger_controller_dag.py
[2022-04-12 04:26:26,756] {scheduler_job.py:643} INFO - DAG(s) dict_keys(['example_trigger_controller_dag']) retrieved from /home/airflow/sandbox/lib/python3.8/site-packages/airflow/example_dags/example_trigger_controller_dag.py
[2022-04-12 04:26:26,855] {logging_mixin.py:104} INFO - [2022-04-12 04:26:26,854] {dag.py:1832} INFO - Sync 1 DAGs
[2022-04-12 04:26:26,909] {logging_mixin.py:104} INFO - [2022-04-12 04:26:26,909] {dag.py:2305} INFO - Setting next_dagrun for example_trigger_controller_dag to 2022-04-10 00:00:00+00:00
[2022-04-12 04:26:26,981] {scheduler_job.py:190} INFO - Processing /home/airflow/sandbox/lib/python3.8/site-packages/airflow/example_dags/example_trigger_controller_dag.py took 0.271 seconds
[2022-04-12 04:26:57,150] {scheduler_job.py:182} INFO - Started process (PID=92865) to work on /home/airflow/sandbox/lib/python3.8/site-packages/airflow/example_dags/example_trigger_controller_dag.py
[2022-04-12 04:26:57,170] {scheduler_job.py:633} INFO - Processing file /home/airflow/sandbox/lib/python3.8/site-packages/airflow/example_dags/example_trigger_controller_dag.py for tasks to queue
[2022-04-12 04:26:57,178] {logging_mixin.py:104} INFO - [2022-04-12 04:26:57,178] {dagbag.py:487} INFO - Filling up the DagBag from /home/airflow/sandbox/lib/python3.8/site-packages/airflow/example_dags/example_trigger_controller_dag.py
[2022-04-12 04:26:57,193] {scheduler_job.py:643} INFO - DAG(s) dict_keys(['example_trigger_controller_dag']) retrieved from /home/airflow/sandbox/lib/python3.8/site-packages/airflow/example_dags/example_trigger_controller_dag.py
[2022-04-12 04:26:57,402] {logging_mixin.py:104} INFO - [2022-04-12 04:26:57,401] {dag.py:1832} INFO - Sync 1 DAGs
[2022-04-12 04:26:57,525] {logging_mixin.py:104} INFO - [2022-04-12 04:26:57,525] {dag.py:2305} INFO - Setting next_dagrun for example_trigger_controller_dag to 2022-04-10 00:00:00+00:00
[2022-04-12 04:26:57,610] {scheduler_job.py:190} INFO - Processing /home/airflow/sandbox/lib/python3.8/site-packages/airflow/example_dags/example_trigger_controller_dag.py took 0.468 seconds
[2022-04-12 04:27:28,410] {scheduler_job.py:182} INFO - Started process (PID=93063) to work on /home/airflow/sandbox/lib/python3.8/site-packages/airflow/example_dags/example_trigger_controller_dag.py
[2022-04-12 04:27:28,425] {scheduler_job.py:633} INFO - Processing file /home/airflow/sandbox/lib/python3.8/site-packages/airflow/example_dags/example_trigger_controller_dag.py for tasks to queue
[2022-04-12 04:27:28,428] {logging_mixin.py:104} INFO - [2022-04-12 04:27:28,428] {dagbag.py:487} INFO - Filling up the DagBag from /home/airflow/sandbox/lib/python3.8/site-packages/airflow/example_dags/example_trigger_controller_dag.py
[2022-04-12 04:27:28,470] {scheduler_job.py:643} INFO - DAG(s) dict_keys(['example_trigger_controller_dag']) retrieved from /home/airflow/sandbox/lib/python3.8/site-packages/airflow/example_dags/example_trigger_controller_dag.py
[2022-04-12 04:27:28,690] {logging_mixin.py:104} INFO - [2022-04-12 04:27:28,689] {dag.py:1832} INFO - Sync 1 DAGs
[2022-04-12 04:27:28,786] {logging_mixin.py:104} INFO - [2022-04-12 04:27:28,786] {dag.py:2305} INFO - Setting next_dagrun for example_trigger_controller_dag to 2022-04-10 00:00:00+00:00
[2022-04-12 04:27:28,885] {scheduler_job.py:190} INFO - Processing /home/airflow/sandbox/lib/python3.8/site-packages/airflow/example_dags/example_trigger_controller_dag.py took 0.510 seconds
[2022-04-12 04:28:00,113] {scheduler_job.py:182} INFO - Started process (PID=93266) to work on /home/airflow/sandbox/lib/python3.8/site-packages/airflow/example_dags/example_trigger_controller_dag.py
[2022-04-12 04:28:00,117] {scheduler_job.py:633} INFO - Processing file /home/airflow/sandbox/lib/python3.8/site-packages/airflow/example_dags/example_trigger_controller_dag.py for tasks to queue
[2022-04-12 04:28:00,123] {logging_mixin.py:104} INFO - [2022-04-12 04:28:00,123] {dagbag.py:487} INFO - Filling up the DagBag from /home/airflow/sandbox/lib/python3.8/site-packages/airflow/example_dags/example_trigger_controller_dag.py
[2022-04-12 04:28:00,140] {scheduler_job.py:643} INFO - DAG(s) dict_keys(['example_trigger_controller_dag']) retrieved from /home/airflow/sandbox/lib/python3.8/site-packages/airflow/example_dags/example_trigger_controller_dag.py
[2022-04-12 04:28:00,236] {logging_mixin.py:104} INFO - [2022-04-12 04:28:00,236] {dag.py:1832} INFO - Sync 1 DAGs
[2022-04-12 04:28:00,281] {logging_mixin.py:104} INFO - [2022-04-12 04:28:00,280] {dag.py:2305} INFO - Setting next_dagrun for example_trigger_controller_dag to 2022-04-10 00:00:00+00:00
[2022-04-12 04:28:00,329] {scheduler_job.py:190} INFO - Processing /home/airflow/sandbox/lib/python3.8/site-packages/airflow/example_dags/example_trigger_controller_dag.py took 0.228 seconds
[2022-04-12 04:28:31,419] {scheduler_job.py:182} INFO - Started process (PID=93463) to work on /home/airflow/sandbox/lib/python3.8/site-packages/airflow/example_dags/example_trigger_controller_dag.py
[2022-04-12 04:28:31,470] {scheduler_job.py:633} INFO - Processing file /home/airflow/sandbox/lib/python3.8/site-packages/airflow/example_dags/example_trigger_controller_dag.py for tasks to queue
[2022-04-12 04:28:31,492] {logging_mixin.py:104} INFO - [2022-04-12 04:28:31,492] {dagbag.py:487} INFO - Filling up the DagBag from /home/airflow/sandbox/lib/python3.8/site-packages/airflow/example_dags/example_trigger_controller_dag.py
[2022-04-12 04:28:31,535] {scheduler_job.py:643} INFO - DAG(s) dict_keys(['example_trigger_controller_dag']) retrieved from /home/airflow/sandbox/lib/python3.8/site-packages/airflow/example_dags/example_trigger_controller_dag.py
[2022-04-12 04:28:31,605] {logging_mixin.py:104} INFO - [2022-04-12 04:28:31,604] {dag.py:1832} INFO - Sync 1 DAGs
[2022-04-12 04:28:31,640] {logging_mixin.py:104} INFO - [2022-04-12 04:28:31,639] {dag.py:2305} INFO - Setting next_dagrun for example_trigger_controller_dag to 2022-04-10 00:00:00+00:00
[2022-04-12 04:28:31,681] {scheduler_job.py:190} INFO - Processing /home/airflow/sandbox/lib/python3.8/site-packages/airflow/example_dags/example_trigger_controller_dag.py took 0.274 seconds
[2022-04-12 04:29:03,042] {scheduler_job.py:182} INFO - Started process (PID=93662) to work on /home/airflow/sandbox/lib/python3.8/site-packages/airflow/example_dags/example_trigger_controller_dag.py
[2022-04-12 04:29:03,044] {scheduler_job.py:633} INFO - Processing file /home/airflow/sandbox/lib/python3.8/site-packages/airflow/example_dags/example_trigger_controller_dag.py for tasks to queue
[2022-04-12 04:29:03,046] {logging_mixin.py:104} INFO - [2022-04-12 04:29:03,046] {dagbag.py:487} INFO - Filling up the DagBag from /home/airflow/sandbox/lib/python3.8/site-packages/airflow/example_dags/example_trigger_controller_dag.py
[2022-04-12 04:29:03,067] {scheduler_job.py:643} INFO - DAG(s) dict_keys(['example_trigger_controller_dag']) retrieved from /home/airflow/sandbox/lib/python3.8/site-packages/airflow/example_dags/example_trigger_controller_dag.py
[2022-04-12 04:29:03,140] {logging_mixin.py:104} INFO - [2022-04-12 04:29:03,140] {dag.py:1832} INFO - Sync 1 DAGs
[2022-04-12 04:29:03,180] {logging_mixin.py:104} INFO - [2022-04-12 04:29:03,180] {dag.py:2305} INFO - Setting next_dagrun for example_trigger_controller_dag to 2022-04-10 00:00:00+00:00
[2022-04-12 04:29:03,220] {scheduler_job.py:190} INFO - Processing /home/airflow/sandbox/lib/python3.8/site-packages/airflow/example_dags/example_trigger_controller_dag.py took 0.193 seconds
[2022-04-12 04:30:40,737] {scheduler_job.py:182} INFO - Started process (PID=94109) to work on /home/airflow/sandbox/lib/python3.8/site-packages/airflow/example_dags/example_trigger_controller_dag.py
[2022-04-12 04:30:40,742] {scheduler_job.py:633} INFO - Processing file /home/airflow/sandbox/lib/python3.8/site-packages/airflow/example_dags/example_trigger_controller_dag.py for tasks to queue
[2022-04-12 04:30:40,745] {logging_mixin.py:104} INFO - [2022-04-12 04:30:40,744] {dagbag.py:487} INFO - Filling up the DagBag from /home/airflow/sandbox/lib/python3.8/site-packages/airflow/example_dags/example_trigger_controller_dag.py
[2022-04-12 04:30:40,856] {scheduler_job.py:643} INFO - DAG(s) dict_keys(['example_trigger_controller_dag']) retrieved from /home/airflow/sandbox/lib/python3.8/site-packages/airflow/example_dags/example_trigger_controller_dag.py
[2022-04-12 04:30:41,285] {logging_mixin.py:104} INFO - [2022-04-12 04:30:41,284] {dag.py:1832} INFO - Sync 1 DAGs
[2022-04-12 04:30:41,526] {logging_mixin.py:104} INFO - [2022-04-12 04:30:41,525] {dag.py:2305} INFO - Setting next_dagrun for example_trigger_controller_dag to 2022-04-10 00:00:00+00:00
[2022-04-12 04:30:41,764] {scheduler_job.py:190} INFO - Processing /home/airflow/sandbox/lib/python3.8/site-packages/airflow/example_dags/example_trigger_controller_dag.py took 1.040 seconds
[2022-04-12 04:31:15,037] {scheduler_job.py:182} INFO - Started process (PID=94305) to work on /home/airflow/sandbox/lib/python3.8/site-packages/airflow/example_dags/example_trigger_controller_dag.py
[2022-04-12 04:31:15,076] {scheduler_job.py:633} INFO - Processing file /home/airflow/sandbox/lib/python3.8/site-packages/airflow/example_dags/example_trigger_controller_dag.py for tasks to queue
[2022-04-12 04:31:15,080] {logging_mixin.py:104} INFO - [2022-04-12 04:31:15,079] {dagbag.py:487} INFO - Filling up the DagBag from /home/airflow/sandbox/lib/python3.8/site-packages/airflow/example_dags/example_trigger_controller_dag.py
[2022-04-12 04:31:15,152] {scheduler_job.py:643} INFO - DAG(s) dict_keys(['example_trigger_controller_dag']) retrieved from /home/airflow/sandbox/lib/python3.8/site-packages/airflow/example_dags/example_trigger_controller_dag.py
[2022-04-12 04:31:15,381] {logging_mixin.py:104} INFO - [2022-04-12 04:31:15,380] {dag.py:1832} INFO - Sync 1 DAGs
[2022-04-12 04:31:15,487] {logging_mixin.py:104} INFO - [2022-04-12 04:31:15,487] {dag.py:2305} INFO - Setting next_dagrun for example_trigger_controller_dag to 2022-04-10 00:00:00+00:00
[2022-04-12 04:31:15,581] {scheduler_job.py:190} INFO - Processing /home/airflow/sandbox/lib/python3.8/site-packages/airflow/example_dags/example_trigger_controller_dag.py took 0.560 seconds
[2022-04-12 04:31:46,946] {scheduler_job.py:182} INFO - Started process (PID=94509) to work on /home/airflow/sandbox/lib/python3.8/site-packages/airflow/example_dags/example_trigger_controller_dag.py
[2022-04-12 04:31:46,979] {scheduler_job.py:633} INFO - Processing file /home/airflow/sandbox/lib/python3.8/site-packages/airflow/example_dags/example_trigger_controller_dag.py for tasks to queue
[2022-04-12 04:31:46,982] {logging_mixin.py:104} INFO - [2022-04-12 04:31:46,982] {dagbag.py:487} INFO - Filling up the DagBag from /home/airflow/sandbox/lib/python3.8/site-packages/airflow/example_dags/example_trigger_controller_dag.py
[2022-04-12 04:31:47,040] {scheduler_job.py:643} INFO - DAG(s) dict_keys(['example_trigger_controller_dag']) retrieved from /home/airflow/sandbox/lib/python3.8/site-packages/airflow/example_dags/example_trigger_controller_dag.py
[2022-04-12 04:31:47,303] {logging_mixin.py:104} INFO - [2022-04-12 04:31:47,302] {dag.py:1832} INFO - Sync 1 DAGs
[2022-04-12 04:31:47,444] {logging_mixin.py:104} INFO - [2022-04-12 04:31:47,444] {dag.py:2305} INFO - Setting next_dagrun for example_trigger_controller_dag to 2022-04-10 00:00:00+00:00
[2022-04-12 04:31:47,725] {scheduler_job.py:190} INFO - Processing /home/airflow/sandbox/lib/python3.8/site-packages/airflow/example_dags/example_trigger_controller_dag.py took 0.804 seconds
[2022-04-12 04:32:20,974] {scheduler_job.py:182} INFO - Started process (PID=94708) to work on /home/airflow/sandbox/lib/python3.8/site-packages/airflow/example_dags/example_trigger_controller_dag.py
[2022-04-12 04:32:20,980] {scheduler_job.py:633} INFO - Processing file /home/airflow/sandbox/lib/python3.8/site-packages/airflow/example_dags/example_trigger_controller_dag.py for tasks to queue
[2022-04-12 04:32:21,004] {logging_mixin.py:104} INFO - [2022-04-12 04:32:21,004] {dagbag.py:487} INFO - Filling up the DagBag from /home/airflow/sandbox/lib/python3.8/site-packages/airflow/example_dags/example_trigger_controller_dag.py
[2022-04-12 04:32:21,033] {scheduler_job.py:643} INFO - DAG(s) dict_keys(['example_trigger_controller_dag']) retrieved from /home/airflow/sandbox/lib/python3.8/site-packages/airflow/example_dags/example_trigger_controller_dag.py
[2022-04-12 04:32:21,250] {logging_mixin.py:104} INFO - [2022-04-12 04:32:21,249] {dag.py:1832} INFO - Sync 1 DAGs
[2022-04-12 04:32:21,389] {logging_mixin.py:104} INFO - [2022-04-12 04:32:21,389] {dag.py:2305} INFO - Setting next_dagrun for example_trigger_controller_dag to 2022-04-10 00:00:00+00:00
[2022-04-12 04:32:21,510] {scheduler_job.py:190} INFO - Processing /home/airflow/sandbox/lib/python3.8/site-packages/airflow/example_dags/example_trigger_controller_dag.py took 0.591 seconds
