[2022-04-12 04:05:49,533] {scheduler_job.py:182} INFO - Started process (PID=82538) to work on /home/airflow/sandbox/lib/python3.8/site-packages/airflow/example_dags/example_short_circuit_operator.py
[2022-04-12 04:05:49,576] {scheduler_job.py:633} INFO - Processing file /home/airflow/sandbox/lib/python3.8/site-packages/airflow/example_dags/example_short_circuit_operator.py for tasks to queue
[2022-04-12 04:05:49,619] {logging_mixin.py:104} INFO - [2022-04-12 04:05:49,618] {dagbag.py:487} INFO - Filling up the DagBag from /home/airflow/sandbox/lib/python3.8/site-packages/airflow/example_dags/example_short_circuit_operator.py
[2022-04-12 04:05:49,804] {scheduler_job.py:643} INFO - DAG(s) dict_keys(['example_short_circuit_operator']) retrieved from /home/airflow/sandbox/lib/python3.8/site-packages/airflow/example_dags/example_short_circuit_operator.py
[2022-04-12 04:05:54,118] {logging_mixin.py:104} INFO - [2022-04-12 04:05:54,118] {dag.py:1832} INFO - Sync 1 DAGs
[2022-04-12 04:05:54,313] {logging_mixin.py:104} INFO - [2022-04-12 04:05:54,313] {dag.py:2305} INFO - Setting next_dagrun for example_short_circuit_operator to 2022-04-10 00:00:00+00:00
[2022-04-12 04:05:54,514] {scheduler_job.py:190} INFO - Processing /home/airflow/sandbox/lib/python3.8/site-packages/airflow/example_dags/example_short_circuit_operator.py took 5.001 seconds
[2022-04-12 04:06:25,088] {scheduler_job.py:182} INFO - Started process (PID=83653) to work on /home/airflow/sandbox/lib/python3.8/site-packages/airflow/example_dags/example_short_circuit_operator.py
[2022-04-12 04:06:25,098] {scheduler_job.py:633} INFO - Processing file /home/airflow/sandbox/lib/python3.8/site-packages/airflow/example_dags/example_short_circuit_operator.py for tasks to queue
[2022-04-12 04:06:25,098] {logging_mixin.py:104} INFO - [2022-04-12 04:06:25,098] {dagbag.py:487} INFO - Filling up the DagBag from /home/airflow/sandbox/lib/python3.8/site-packages/airflow/example_dags/example_short_circuit_operator.py
[2022-04-12 04:06:25,109] {scheduler_job.py:643} INFO - DAG(s) dict_keys(['example_short_circuit_operator']) retrieved from /home/airflow/sandbox/lib/python3.8/site-packages/airflow/example_dags/example_short_circuit_operator.py
[2022-04-12 04:06:25,174] {logging_mixin.py:104} INFO - [2022-04-12 04:06:25,173] {dag.py:1832} INFO - Sync 1 DAGs
[2022-04-12 04:06:25,201] {logging_mixin.py:104} INFO - [2022-04-12 04:06:25,201] {dag.py:2305} INFO - Setting next_dagrun for example_short_circuit_operator to 2022-04-10 00:00:00+00:00
[2022-04-12 04:06:25,260] {scheduler_job.py:190} INFO - Processing /home/airflow/sandbox/lib/python3.8/site-packages/airflow/example_dags/example_short_circuit_operator.py took 0.175 seconds
[2022-04-12 04:06:57,669] {scheduler_job.py:182} INFO - Started process (PID=83988) to work on /home/airflow/sandbox/lib/python3.8/site-packages/airflow/example_dags/example_short_circuit_operator.py
[2022-04-12 04:06:57,685] {scheduler_job.py:633} INFO - Processing file /home/airflow/sandbox/lib/python3.8/site-packages/airflow/example_dags/example_short_circuit_operator.py for tasks to queue
[2022-04-12 04:06:57,706] {logging_mixin.py:104} INFO - [2022-04-12 04:06:57,706] {dagbag.py:487} INFO - Filling up the DagBag from /home/airflow/sandbox/lib/python3.8/site-packages/airflow/example_dags/example_short_circuit_operator.py
[2022-04-12 04:06:57,734] {scheduler_job.py:643} INFO - DAG(s) dict_keys(['example_short_circuit_operator']) retrieved from /home/airflow/sandbox/lib/python3.8/site-packages/airflow/example_dags/example_short_circuit_operator.py
[2022-04-12 04:06:57,891] {logging_mixin.py:104} INFO - [2022-04-12 04:06:57,891] {dag.py:1832} INFO - Sync 1 DAGs
[2022-04-12 04:06:57,954] {logging_mixin.py:104} INFO - [2022-04-12 04:06:57,954] {dag.py:2305} INFO - Setting next_dagrun for example_short_circuit_operator to 2022-04-10 00:00:00+00:00
[2022-04-12 04:06:57,992] {scheduler_job.py:190} INFO - Processing /home/airflow/sandbox/lib/python3.8/site-packages/airflow/example_dags/example_short_circuit_operator.py took 0.330 seconds
[2022-04-12 04:07:28,189] {scheduler_job.py:182} INFO - Started process (PID=84240) to work on /home/airflow/sandbox/lib/python3.8/site-packages/airflow/example_dags/example_short_circuit_operator.py
[2022-04-12 04:07:28,205] {scheduler_job.py:633} INFO - Processing file /home/airflow/sandbox/lib/python3.8/site-packages/airflow/example_dags/example_short_circuit_operator.py for tasks to queue
[2022-04-12 04:07:28,207] {logging_mixin.py:104} INFO - [2022-04-12 04:07:28,207] {dagbag.py:487} INFO - Filling up the DagBag from /home/airflow/sandbox/lib/python3.8/site-packages/airflow/example_dags/example_short_circuit_operator.py
[2022-04-12 04:07:28,258] {scheduler_job.py:643} INFO - DAG(s) dict_keys(['example_short_circuit_operator']) retrieved from /home/airflow/sandbox/lib/python3.8/site-packages/airflow/example_dags/example_short_circuit_operator.py
[2022-04-12 04:07:28,441] {logging_mixin.py:104} INFO - [2022-04-12 04:07:28,441] {dag.py:1832} INFO - Sync 1 DAGs
[2022-04-12 04:07:28,514] {logging_mixin.py:104} INFO - [2022-04-12 04:07:28,514] {dag.py:2305} INFO - Setting next_dagrun for example_short_circuit_operator to 2022-04-10 00:00:00+00:00
[2022-04-12 04:07:28,600] {scheduler_job.py:190} INFO - Processing /home/airflow/sandbox/lib/python3.8/site-packages/airflow/example_dags/example_short_circuit_operator.py took 0.422 seconds
[2022-04-12 04:07:59,181] {scheduler_job.py:182} INFO - Started process (PID=84436) to work on /home/airflow/sandbox/lib/python3.8/site-packages/airflow/example_dags/example_short_circuit_operator.py
[2022-04-12 04:07:59,199] {scheduler_job.py:633} INFO - Processing file /home/airflow/sandbox/lib/python3.8/site-packages/airflow/example_dags/example_short_circuit_operator.py for tasks to queue
[2022-04-12 04:07:59,201] {logging_mixin.py:104} INFO - [2022-04-12 04:07:59,200] {dagbag.py:487} INFO - Filling up the DagBag from /home/airflow/sandbox/lib/python3.8/site-packages/airflow/example_dags/example_short_circuit_operator.py
[2022-04-12 04:07:59,213] {scheduler_job.py:643} INFO - DAG(s) dict_keys(['example_short_circuit_operator']) retrieved from /home/airflow/sandbox/lib/python3.8/site-packages/airflow/example_dags/example_short_circuit_operator.py
[2022-04-12 04:07:59,339] {logging_mixin.py:104} INFO - [2022-04-12 04:07:59,338] {dag.py:1832} INFO - Sync 1 DAGs
[2022-04-12 04:07:59,362] {logging_mixin.py:104} INFO - [2022-04-12 04:07:59,362] {dag.py:2305} INFO - Setting next_dagrun for example_short_circuit_operator to 2022-04-10 00:00:00+00:00
[2022-04-12 04:07:59,383] {scheduler_job.py:190} INFO - Processing /home/airflow/sandbox/lib/python3.8/site-packages/airflow/example_dags/example_short_circuit_operator.py took 0.209 seconds
[2022-04-12 04:08:30,401] {scheduler_job.py:182} INFO - Started process (PID=84677) to work on /home/airflow/sandbox/lib/python3.8/site-packages/airflow/example_dags/example_short_circuit_operator.py
[2022-04-12 04:08:30,404] {scheduler_job.py:633} INFO - Processing file /home/airflow/sandbox/lib/python3.8/site-packages/airflow/example_dags/example_short_circuit_operator.py for tasks to queue
[2022-04-12 04:08:30,405] {logging_mixin.py:104} INFO - [2022-04-12 04:08:30,405] {dagbag.py:487} INFO - Filling up the DagBag from /home/airflow/sandbox/lib/python3.8/site-packages/airflow/example_dags/example_short_circuit_operator.py
[2022-04-12 04:08:30,422] {scheduler_job.py:643} INFO - DAG(s) dict_keys(['example_short_circuit_operator']) retrieved from /home/airflow/sandbox/lib/python3.8/site-packages/airflow/example_dags/example_short_circuit_operator.py
[2022-04-12 04:08:30,490] {logging_mixin.py:104} INFO - [2022-04-12 04:08:30,489] {dag.py:1832} INFO - Sync 1 DAGs
[2022-04-12 04:08:30,512] {logging_mixin.py:104} INFO - [2022-04-12 04:08:30,512] {dag.py:2305} INFO - Setting next_dagrun for example_short_circuit_operator to 2022-04-10 00:00:00+00:00
[2022-04-12 04:08:30,546] {scheduler_job.py:190} INFO - Processing /home/airflow/sandbox/lib/python3.8/site-packages/airflow/example_dags/example_short_circuit_operator.py took 0.151 seconds
[2022-04-12 04:09:01,994] {scheduler_job.py:182} INFO - Started process (PID=84878) to work on /home/airflow/sandbox/lib/python3.8/site-packages/airflow/example_dags/example_short_circuit_operator.py
[2022-04-12 04:09:01,999] {scheduler_job.py:633} INFO - Processing file /home/airflow/sandbox/lib/python3.8/site-packages/airflow/example_dags/example_short_circuit_operator.py for tasks to queue
[2022-04-12 04:09:02,002] {logging_mixin.py:104} INFO - [2022-04-12 04:09:02,002] {dagbag.py:487} INFO - Filling up the DagBag from /home/airflow/sandbox/lib/python3.8/site-packages/airflow/example_dags/example_short_circuit_operator.py
[2022-04-12 04:09:02,028] {scheduler_job.py:643} INFO - DAG(s) dict_keys(['example_short_circuit_operator']) retrieved from /home/airflow/sandbox/lib/python3.8/site-packages/airflow/example_dags/example_short_circuit_operator.py
[2022-04-12 04:09:02,117] {logging_mixin.py:104} INFO - [2022-04-12 04:09:02,116] {dag.py:1832} INFO - Sync 1 DAGs
[2022-04-12 04:09:02,148] {logging_mixin.py:104} INFO - [2022-04-12 04:09:02,148] {dag.py:2305} INFO - Setting next_dagrun for example_short_circuit_operator to 2022-04-10 00:00:00+00:00
[2022-04-12 04:09:02,180] {scheduler_job.py:190} INFO - Processing /home/airflow/sandbox/lib/python3.8/site-packages/airflow/example_dags/example_short_circuit_operator.py took 0.217 seconds
[2022-04-12 04:14:46,344] {scheduler_job.py:182} INFO - Started process (PID=85463) to work on /home/airflow/sandbox/lib/python3.8/site-packages/airflow/example_dags/example_short_circuit_operator.py
[2022-04-12 04:14:46,346] {scheduler_job.py:633} INFO - Processing file /home/airflow/sandbox/lib/python3.8/site-packages/airflow/example_dags/example_short_circuit_operator.py for tasks to queue
[2022-04-12 04:14:46,348] {logging_mixin.py:104} INFO - [2022-04-12 04:14:46,347] {dagbag.py:487} INFO - Filling up the DagBag from /home/airflow/sandbox/lib/python3.8/site-packages/airflow/example_dags/example_short_circuit_operator.py
[2022-04-12 04:14:46,376] {scheduler_job.py:643} INFO - DAG(s) dict_keys(['example_short_circuit_operator']) retrieved from /home/airflow/sandbox/lib/python3.8/site-packages/airflow/example_dags/example_short_circuit_operator.py
[2022-04-12 04:14:46,508] {logging_mixin.py:104} INFO - [2022-04-12 04:14:46,507] {dag.py:1832} INFO - Sync 1 DAGs
[2022-04-12 04:14:46,743] {logging_mixin.py:104} INFO - [2022-04-12 04:14:46,743] {dag.py:2305} INFO - Setting next_dagrun for example_short_circuit_operator to 2022-04-10 00:00:00+00:00
[2022-04-12 04:14:46,975] {scheduler_job.py:190} INFO - Processing /home/airflow/sandbox/lib/python3.8/site-packages/airflow/example_dags/example_short_circuit_operator.py took 0.651 seconds
[2022-04-12 04:15:19,289] {scheduler_job.py:182} INFO - Started process (PID=85855) to work on /home/airflow/sandbox/lib/python3.8/site-packages/airflow/example_dags/example_short_circuit_operator.py
[2022-04-12 04:15:19,292] {scheduler_job.py:633} INFO - Processing file /home/airflow/sandbox/lib/python3.8/site-packages/airflow/example_dags/example_short_circuit_operator.py for tasks to queue
[2022-04-12 04:15:19,301] {logging_mixin.py:104} INFO - [2022-04-12 04:15:19,301] {dagbag.py:487} INFO - Filling up the DagBag from /home/airflow/sandbox/lib/python3.8/site-packages/airflow/example_dags/example_short_circuit_operator.py
[2022-04-12 04:15:19,322] {scheduler_job.py:643} INFO - DAG(s) dict_keys(['example_short_circuit_operator']) retrieved from /home/airflow/sandbox/lib/python3.8/site-packages/airflow/example_dags/example_short_circuit_operator.py
[2022-04-12 04:15:19,386] {logging_mixin.py:104} INFO - [2022-04-12 04:15:19,385] {dag.py:1832} INFO - Sync 1 DAGs
[2022-04-12 04:15:19,420] {logging_mixin.py:104} INFO - [2022-04-12 04:15:19,420] {dag.py:2305} INFO - Setting next_dagrun for example_short_circuit_operator to 2022-04-10 00:00:00+00:00
[2022-04-12 04:15:19,486] {scheduler_job.py:190} INFO - Processing /home/airflow/sandbox/lib/python3.8/site-packages/airflow/example_dags/example_short_circuit_operator.py took 0.202 seconds
[2022-04-12 04:15:50,888] {scheduler_job.py:182} INFO - Started process (PID=86231) to work on /home/airflow/sandbox/lib/python3.8/site-packages/airflow/example_dags/example_short_circuit_operator.py
[2022-04-12 04:15:50,890] {scheduler_job.py:633} INFO - Processing file /home/airflow/sandbox/lib/python3.8/site-packages/airflow/example_dags/example_short_circuit_operator.py for tasks to queue
[2022-04-12 04:15:50,892] {logging_mixin.py:104} INFO - [2022-04-12 04:15:50,892] {dagbag.py:487} INFO - Filling up the DagBag from /home/airflow/sandbox/lib/python3.8/site-packages/airflow/example_dags/example_short_circuit_operator.py
[2022-04-12 04:15:50,930] {scheduler_job.py:643} INFO - DAG(s) dict_keys(['example_short_circuit_operator']) retrieved from /home/airflow/sandbox/lib/python3.8/site-packages/airflow/example_dags/example_short_circuit_operator.py
[2022-04-12 04:15:51,041] {logging_mixin.py:104} INFO - [2022-04-12 04:15:51,041] {dag.py:1832} INFO - Sync 1 DAGs
[2022-04-12 04:15:51,116] {logging_mixin.py:104} INFO - [2022-04-12 04:15:51,116] {dag.py:2305} INFO - Setting next_dagrun for example_short_circuit_operator to 2022-04-10 00:00:00+00:00
[2022-04-12 04:15:51,204] {scheduler_job.py:190} INFO - Processing /home/airflow/sandbox/lib/python3.8/site-packages/airflow/example_dags/example_short_circuit_operator.py took 0.335 seconds
[2022-04-12 04:16:21,560] {scheduler_job.py:182} INFO - Started process (PID=86617) to work on /home/airflow/sandbox/lib/python3.8/site-packages/airflow/example_dags/example_short_circuit_operator.py
[2022-04-12 04:16:21,566] {scheduler_job.py:633} INFO - Processing file /home/airflow/sandbox/lib/python3.8/site-packages/airflow/example_dags/example_short_circuit_operator.py for tasks to queue
[2022-04-12 04:16:21,571] {logging_mixin.py:104} INFO - [2022-04-12 04:16:21,571] {dagbag.py:487} INFO - Filling up the DagBag from /home/airflow/sandbox/lib/python3.8/site-packages/airflow/example_dags/example_short_circuit_operator.py
[2022-04-12 04:16:21,610] {scheduler_job.py:643} INFO - DAG(s) dict_keys(['example_short_circuit_operator']) retrieved from /home/airflow/sandbox/lib/python3.8/site-packages/airflow/example_dags/example_short_circuit_operator.py
[2022-04-12 04:16:21,718] {logging_mixin.py:104} INFO - [2022-04-12 04:16:21,718] {dag.py:1832} INFO - Sync 1 DAGs
[2022-04-12 04:16:21,776] {logging_mixin.py:104} INFO - [2022-04-12 04:16:21,776] {dag.py:2305} INFO - Setting next_dagrun for example_short_circuit_operator to 2022-04-10 00:00:00+00:00
[2022-04-12 04:16:21,862] {scheduler_job.py:190} INFO - Processing /home/airflow/sandbox/lib/python3.8/site-packages/airflow/example_dags/example_short_circuit_operator.py took 0.317 seconds
[2022-04-12 04:16:52,068] {scheduler_job.py:182} INFO - Started process (PID=86995) to work on /home/airflow/sandbox/lib/python3.8/site-packages/airflow/example_dags/example_short_circuit_operator.py
[2022-04-12 04:16:52,075] {scheduler_job.py:633} INFO - Processing file /home/airflow/sandbox/lib/python3.8/site-packages/airflow/example_dags/example_short_circuit_operator.py for tasks to queue
[2022-04-12 04:16:52,084] {logging_mixin.py:104} INFO - [2022-04-12 04:16:52,077] {dagbag.py:487} INFO - Filling up the DagBag from /home/airflow/sandbox/lib/python3.8/site-packages/airflow/example_dags/example_short_circuit_operator.py
[2022-04-12 04:16:52,120] {scheduler_job.py:643} INFO - DAG(s) dict_keys(['example_short_circuit_operator']) retrieved from /home/airflow/sandbox/lib/python3.8/site-packages/airflow/example_dags/example_short_circuit_operator.py
[2022-04-12 04:16:52,167] {logging_mixin.py:104} INFO - [2022-04-12 04:16:52,167] {dag.py:1832} INFO - Sync 1 DAGs
[2022-04-12 04:16:52,202] {logging_mixin.py:104} INFO - [2022-04-12 04:16:52,202] {dag.py:2305} INFO - Setting next_dagrun for example_short_circuit_operator to 2022-04-10 00:00:00+00:00
[2022-04-12 04:16:52,242] {scheduler_job.py:190} INFO - Processing /home/airflow/sandbox/lib/python3.8/site-packages/airflow/example_dags/example_short_circuit_operator.py took 0.195 seconds
[2022-04-12 04:17:22,565] {scheduler_job.py:182} INFO - Started process (PID=87392) to work on /home/airflow/sandbox/lib/python3.8/site-packages/airflow/example_dags/example_short_circuit_operator.py
[2022-04-12 04:17:22,568] {scheduler_job.py:633} INFO - Processing file /home/airflow/sandbox/lib/python3.8/site-packages/airflow/example_dags/example_short_circuit_operator.py for tasks to queue
[2022-04-12 04:17:22,570] {logging_mixin.py:104} INFO - [2022-04-12 04:17:22,569] {dagbag.py:487} INFO - Filling up the DagBag from /home/airflow/sandbox/lib/python3.8/site-packages/airflow/example_dags/example_short_circuit_operator.py
[2022-04-12 04:17:22,584] {scheduler_job.py:643} INFO - DAG(s) dict_keys(['example_short_circuit_operator']) retrieved from /home/airflow/sandbox/lib/python3.8/site-packages/airflow/example_dags/example_short_circuit_operator.py
[2022-04-12 04:17:22,642] {logging_mixin.py:104} INFO - [2022-04-12 04:17:22,642] {dag.py:1832} INFO - Sync 1 DAGs
[2022-04-12 04:17:22,678] {logging_mixin.py:104} INFO - [2022-04-12 04:17:22,678] {dag.py:2305} INFO - Setting next_dagrun for example_short_circuit_operator to 2022-04-10 00:00:00+00:00
[2022-04-12 04:17:22,704] {scheduler_job.py:190} INFO - Processing /home/airflow/sandbox/lib/python3.8/site-packages/airflow/example_dags/example_short_circuit_operator.py took 0.144 seconds
[2022-04-12 04:17:52,900] {scheduler_job.py:182} INFO - Started process (PID=87772) to work on /home/airflow/sandbox/lib/python3.8/site-packages/airflow/example_dags/example_short_circuit_operator.py
[2022-04-12 04:17:52,902] {scheduler_job.py:633} INFO - Processing file /home/airflow/sandbox/lib/python3.8/site-packages/airflow/example_dags/example_short_circuit_operator.py for tasks to queue
[2022-04-12 04:17:52,905] {logging_mixin.py:104} INFO - [2022-04-12 04:17:52,904] {dagbag.py:487} INFO - Filling up the DagBag from /home/airflow/sandbox/lib/python3.8/site-packages/airflow/example_dags/example_short_circuit_operator.py
[2022-04-12 04:17:52,921] {scheduler_job.py:643} INFO - DAG(s) dict_keys(['example_short_circuit_operator']) retrieved from /home/airflow/sandbox/lib/python3.8/site-packages/airflow/example_dags/example_short_circuit_operator.py
[2022-04-12 04:17:52,971] {logging_mixin.py:104} INFO - [2022-04-12 04:17:52,971] {dag.py:1832} INFO - Sync 1 DAGs
[2022-04-12 04:17:53,021] {logging_mixin.py:104} INFO - [2022-04-12 04:17:53,021] {dag.py:2305} INFO - Setting next_dagrun for example_short_circuit_operator to 2022-04-10 00:00:00+00:00
[2022-04-12 04:17:53,055] {scheduler_job.py:190} INFO - Processing /home/airflow/sandbox/lib/python3.8/site-packages/airflow/example_dags/example_short_circuit_operator.py took 0.161 seconds
[2022-04-12 04:18:23,780] {scheduler_job.py:182} INFO - Started process (PID=88151) to work on /home/airflow/sandbox/lib/python3.8/site-packages/airflow/example_dags/example_short_circuit_operator.py
[2022-04-12 04:18:23,782] {scheduler_job.py:633} INFO - Processing file /home/airflow/sandbox/lib/python3.8/site-packages/airflow/example_dags/example_short_circuit_operator.py for tasks to queue
[2022-04-12 04:18:23,784] {logging_mixin.py:104} INFO - [2022-04-12 04:18:23,783] {dagbag.py:487} INFO - Filling up the DagBag from /home/airflow/sandbox/lib/python3.8/site-packages/airflow/example_dags/example_short_circuit_operator.py
[2022-04-12 04:18:23,800] {scheduler_job.py:643} INFO - DAG(s) dict_keys(['example_short_circuit_operator']) retrieved from /home/airflow/sandbox/lib/python3.8/site-packages/airflow/example_dags/example_short_circuit_operator.py
[2022-04-12 04:18:23,878] {logging_mixin.py:104} INFO - [2022-04-12 04:18:23,878] {dag.py:1832} INFO - Sync 1 DAGs
[2022-04-12 04:18:23,935] {logging_mixin.py:104} INFO - [2022-04-12 04:18:23,935] {dag.py:2305} INFO - Setting next_dagrun for example_short_circuit_operator to 2022-04-10 00:00:00+00:00
[2022-04-12 04:18:23,984] {scheduler_job.py:190} INFO - Processing /home/airflow/sandbox/lib/python3.8/site-packages/airflow/example_dags/example_short_circuit_operator.py took 0.212 seconds
[2022-04-12 04:18:54,321] {scheduler_job.py:182} INFO - Started process (PID=88530) to work on /home/airflow/sandbox/lib/python3.8/site-packages/airflow/example_dags/example_short_circuit_operator.py
[2022-04-12 04:18:54,324] {scheduler_job.py:633} INFO - Processing file /home/airflow/sandbox/lib/python3.8/site-packages/airflow/example_dags/example_short_circuit_operator.py for tasks to queue
[2022-04-12 04:18:54,325] {logging_mixin.py:104} INFO - [2022-04-12 04:18:54,325] {dagbag.py:487} INFO - Filling up the DagBag from /home/airflow/sandbox/lib/python3.8/site-packages/airflow/example_dags/example_short_circuit_operator.py
[2022-04-12 04:18:54,345] {scheduler_job.py:643} INFO - DAG(s) dict_keys(['example_short_circuit_operator']) retrieved from /home/airflow/sandbox/lib/python3.8/site-packages/airflow/example_dags/example_short_circuit_operator.py
[2022-04-12 04:18:54,398] {logging_mixin.py:104} INFO - [2022-04-12 04:18:54,397] {dag.py:1832} INFO - Sync 1 DAGs
[2022-04-12 04:18:54,433] {logging_mixin.py:104} INFO - [2022-04-12 04:18:54,432] {dag.py:2305} INFO - Setting next_dagrun for example_short_circuit_operator to 2022-04-10 00:00:00+00:00
[2022-04-12 04:18:54,519] {scheduler_job.py:190} INFO - Processing /home/airflow/sandbox/lib/python3.8/site-packages/airflow/example_dags/example_short_circuit_operator.py took 0.208 seconds
[2022-04-12 04:19:25,307] {scheduler_job.py:182} INFO - Started process (PID=88909) to work on /home/airflow/sandbox/lib/python3.8/site-packages/airflow/example_dags/example_short_circuit_operator.py
[2022-04-12 04:19:25,310] {scheduler_job.py:633} INFO - Processing file /home/airflow/sandbox/lib/python3.8/site-packages/airflow/example_dags/example_short_circuit_operator.py for tasks to queue
[2022-04-12 04:19:25,320] {logging_mixin.py:104} INFO - [2022-04-12 04:19:25,319] {dagbag.py:487} INFO - Filling up the DagBag from /home/airflow/sandbox/lib/python3.8/site-packages/airflow/example_dags/example_short_circuit_operator.py
[2022-04-12 04:19:25,405] {scheduler_job.py:643} INFO - DAG(s) dict_keys(['example_short_circuit_operator']) retrieved from /home/airflow/sandbox/lib/python3.8/site-packages/airflow/example_dags/example_short_circuit_operator.py
[2022-04-12 04:19:25,524] {logging_mixin.py:104} INFO - [2022-04-12 04:19:25,523] {dag.py:1832} INFO - Sync 1 DAGs
[2022-04-12 04:19:25,631] {logging_mixin.py:104} INFO - [2022-04-12 04:19:25,630] {dag.py:2305} INFO - Setting next_dagrun for example_short_circuit_operator to 2022-04-10 00:00:00+00:00
[2022-04-12 04:19:25,727] {scheduler_job.py:190} INFO - Processing /home/airflow/sandbox/lib/python3.8/site-packages/airflow/example_dags/example_short_circuit_operator.py took 0.431 seconds
[2022-04-12 04:19:55,822] {scheduler_job.py:182} INFO - Started process (PID=89533) to work on /home/airflow/sandbox/lib/python3.8/site-packages/airflow/example_dags/example_short_circuit_operator.py
[2022-04-12 04:19:55,824] {scheduler_job.py:633} INFO - Processing file /home/airflow/sandbox/lib/python3.8/site-packages/airflow/example_dags/example_short_circuit_operator.py for tasks to queue
[2022-04-12 04:19:55,826] {logging_mixin.py:104} INFO - [2022-04-12 04:19:55,826] {dagbag.py:487} INFO - Filling up the DagBag from /home/airflow/sandbox/lib/python3.8/site-packages/airflow/example_dags/example_short_circuit_operator.py
[2022-04-12 04:19:55,849] {scheduler_job.py:643} INFO - DAG(s) dict_keys(['example_short_circuit_operator']) retrieved from /home/airflow/sandbox/lib/python3.8/site-packages/airflow/example_dags/example_short_circuit_operator.py
[2022-04-12 04:19:55,916] {logging_mixin.py:104} INFO - [2022-04-12 04:19:55,915] {dag.py:1832} INFO - Sync 1 DAGs
[2022-04-12 04:19:55,965] {logging_mixin.py:104} INFO - [2022-04-12 04:19:55,965] {dag.py:2305} INFO - Setting next_dagrun for example_short_circuit_operator to 2022-04-10 00:00:00+00:00
[2022-04-12 04:19:55,995] {scheduler_job.py:190} INFO - Processing /home/airflow/sandbox/lib/python3.8/site-packages/airflow/example_dags/example_short_circuit_operator.py took 0.182 seconds
[2022-04-12 04:20:26,702] {scheduler_job.py:182} INFO - Started process (PID=89928) to work on /home/airflow/sandbox/lib/python3.8/site-packages/airflow/example_dags/example_short_circuit_operator.py
[2022-04-12 04:20:26,722] {scheduler_job.py:633} INFO - Processing file /home/airflow/sandbox/lib/python3.8/site-packages/airflow/example_dags/example_short_circuit_operator.py for tasks to queue
[2022-04-12 04:20:26,732] {logging_mixin.py:104} INFO - [2022-04-12 04:20:26,731] {dagbag.py:487} INFO - Filling up the DagBag from /home/airflow/sandbox/lib/python3.8/site-packages/airflow/example_dags/example_short_circuit_operator.py
[2022-04-12 04:20:26,813] {scheduler_job.py:643} INFO - DAG(s) dict_keys(['example_short_circuit_operator']) retrieved from /home/airflow/sandbox/lib/python3.8/site-packages/airflow/example_dags/example_short_circuit_operator.py
[2022-04-12 04:20:26,929] {logging_mixin.py:104} INFO - [2022-04-12 04:20:26,929] {dag.py:1832} INFO - Sync 1 DAGs
[2022-04-12 04:20:26,964] {logging_mixin.py:104} INFO - [2022-04-12 04:20:26,964] {dag.py:2305} INFO - Setting next_dagrun for example_short_circuit_operator to 2022-04-10 00:00:00+00:00
[2022-04-12 04:20:27,026] {scheduler_job.py:190} INFO - Processing /home/airflow/sandbox/lib/python3.8/site-packages/airflow/example_dags/example_short_circuit_operator.py took 0.334 seconds
[2022-04-12 04:20:57,120] {scheduler_job.py:182} INFO - Started process (PID=90203) to work on /home/airflow/sandbox/lib/python3.8/site-packages/airflow/example_dags/example_short_circuit_operator.py
[2022-04-12 04:20:57,124] {scheduler_job.py:633} INFO - Processing file /home/airflow/sandbox/lib/python3.8/site-packages/airflow/example_dags/example_short_circuit_operator.py for tasks to queue
[2022-04-12 04:20:57,126] {logging_mixin.py:104} INFO - [2022-04-12 04:20:57,125] {dagbag.py:487} INFO - Filling up the DagBag from /home/airflow/sandbox/lib/python3.8/site-packages/airflow/example_dags/example_short_circuit_operator.py
[2022-04-12 04:20:57,156] {scheduler_job.py:643} INFO - DAG(s) dict_keys(['example_short_circuit_operator']) retrieved from /home/airflow/sandbox/lib/python3.8/site-packages/airflow/example_dags/example_short_circuit_operator.py
[2022-04-12 04:20:57,259] {logging_mixin.py:104} INFO - [2022-04-12 04:20:57,258] {dag.py:1832} INFO - Sync 1 DAGs
[2022-04-12 04:20:57,313] {logging_mixin.py:104} INFO - [2022-04-12 04:20:57,313] {dag.py:2305} INFO - Setting next_dagrun for example_short_circuit_operator to 2022-04-10 00:00:00+00:00
[2022-04-12 04:20:57,395] {scheduler_job.py:190} INFO - Processing /home/airflow/sandbox/lib/python3.8/site-packages/airflow/example_dags/example_short_circuit_operator.py took 0.284 seconds
[2022-04-12 04:21:27,837] {scheduler_job.py:182} INFO - Started process (PID=90400) to work on /home/airflow/sandbox/lib/python3.8/site-packages/airflow/example_dags/example_short_circuit_operator.py
[2022-04-12 04:21:27,853] {scheduler_job.py:633} INFO - Processing file /home/airflow/sandbox/lib/python3.8/site-packages/airflow/example_dags/example_short_circuit_operator.py for tasks to queue
[2022-04-12 04:21:27,854] {logging_mixin.py:104} INFO - [2022-04-12 04:21:27,854] {dagbag.py:487} INFO - Filling up the DagBag from /home/airflow/sandbox/lib/python3.8/site-packages/airflow/example_dags/example_short_circuit_operator.py
[2022-04-12 04:21:27,887] {scheduler_job.py:643} INFO - DAG(s) dict_keys(['example_short_circuit_operator']) retrieved from /home/airflow/sandbox/lib/python3.8/site-packages/airflow/example_dags/example_short_circuit_operator.py
[2022-04-12 04:21:28,006] {logging_mixin.py:104} INFO - [2022-04-12 04:21:28,006] {dag.py:1832} INFO - Sync 1 DAGs
[2022-04-12 04:21:28,167] {logging_mixin.py:104} INFO - [2022-04-12 04:21:28,166] {dag.py:2305} INFO - Setting next_dagrun for example_short_circuit_operator to 2022-04-10 00:00:00+00:00
[2022-04-12 04:21:28,281] {scheduler_job.py:190} INFO - Processing /home/airflow/sandbox/lib/python3.8/site-packages/airflow/example_dags/example_short_circuit_operator.py took 0.466 seconds
[2022-04-12 04:21:58,820] {scheduler_job.py:182} INFO - Started process (PID=90623) to work on /home/airflow/sandbox/lib/python3.8/site-packages/airflow/example_dags/example_short_circuit_operator.py
[2022-04-12 04:21:58,834] {scheduler_job.py:633} INFO - Processing file /home/airflow/sandbox/lib/python3.8/site-packages/airflow/example_dags/example_short_circuit_operator.py for tasks to queue
[2022-04-12 04:21:58,846] {logging_mixin.py:104} INFO - [2022-04-12 04:21:58,846] {dagbag.py:487} INFO - Filling up the DagBag from /home/airflow/sandbox/lib/python3.8/site-packages/airflow/example_dags/example_short_circuit_operator.py
[2022-04-12 04:21:58,886] {scheduler_job.py:643} INFO - DAG(s) dict_keys(['example_short_circuit_operator']) retrieved from /home/airflow/sandbox/lib/python3.8/site-packages/airflow/example_dags/example_short_circuit_operator.py
[2022-04-12 04:21:59,149] {logging_mixin.py:104} INFO - [2022-04-12 04:21:59,148] {dag.py:1832} INFO - Sync 1 DAGs
[2022-04-12 04:21:59,393] {logging_mixin.py:104} INFO - [2022-04-12 04:21:59,393] {dag.py:2305} INFO - Setting next_dagrun for example_short_circuit_operator to 2022-04-10 00:00:00+00:00
[2022-04-12 04:21:59,559] {scheduler_job.py:190} INFO - Processing /home/airflow/sandbox/lib/python3.8/site-packages/airflow/example_dags/example_short_circuit_operator.py took 0.750 seconds
[2022-04-12 04:22:30,001] {scheduler_job.py:182} INFO - Started process (PID=90947) to work on /home/airflow/sandbox/lib/python3.8/site-packages/airflow/example_dags/example_short_circuit_operator.py
[2022-04-12 04:22:30,019] {scheduler_job.py:633} INFO - Processing file /home/airflow/sandbox/lib/python3.8/site-packages/airflow/example_dags/example_short_circuit_operator.py for tasks to queue
[2022-04-12 04:22:30,024] {logging_mixin.py:104} INFO - [2022-04-12 04:22:30,022] {dagbag.py:487} INFO - Filling up the DagBag from /home/airflow/sandbox/lib/python3.8/site-packages/airflow/example_dags/example_short_circuit_operator.py
[2022-04-12 04:22:30,113] {scheduler_job.py:643} INFO - DAG(s) dict_keys(['example_short_circuit_operator']) retrieved from /home/airflow/sandbox/lib/python3.8/site-packages/airflow/example_dags/example_short_circuit_operator.py
[2022-04-12 04:22:30,339] {logging_mixin.py:104} INFO - [2022-04-12 04:22:30,339] {dag.py:1832} INFO - Sync 1 DAGs
[2022-04-12 04:22:30,430] {logging_mixin.py:104} INFO - [2022-04-12 04:22:30,430] {dag.py:2305} INFO - Setting next_dagrun for example_short_circuit_operator to 2022-04-10 00:00:00+00:00
[2022-04-12 04:22:30,701] {scheduler_job.py:190} INFO - Processing /home/airflow/sandbox/lib/python3.8/site-packages/airflow/example_dags/example_short_circuit_operator.py took 0.723 seconds
[2022-04-12 04:23:01,349] {scheduler_job.py:182} INFO - Started process (PID=91144) to work on /home/airflow/sandbox/lib/python3.8/site-packages/airflow/example_dags/example_short_circuit_operator.py
[2022-04-12 04:23:01,353] {scheduler_job.py:633} INFO - Processing file /home/airflow/sandbox/lib/python3.8/site-packages/airflow/example_dags/example_short_circuit_operator.py for tasks to queue
[2022-04-12 04:23:01,356] {logging_mixin.py:104} INFO - [2022-04-12 04:23:01,356] {dagbag.py:487} INFO - Filling up the DagBag from /home/airflow/sandbox/lib/python3.8/site-packages/airflow/example_dags/example_short_circuit_operator.py
[2022-04-12 04:23:01,434] {scheduler_job.py:643} INFO - DAG(s) dict_keys(['example_short_circuit_operator']) retrieved from /home/airflow/sandbox/lib/python3.8/site-packages/airflow/example_dags/example_short_circuit_operator.py
[2022-04-12 04:23:01,570] {logging_mixin.py:104} INFO - [2022-04-12 04:23:01,569] {dag.py:1832} INFO - Sync 1 DAGs
[2022-04-12 04:23:01,612] {logging_mixin.py:104} INFO - [2022-04-12 04:23:01,611] {dag.py:2305} INFO - Setting next_dagrun for example_short_circuit_operator to 2022-04-10 00:00:00+00:00
[2022-04-12 04:23:01,752] {scheduler_job.py:190} INFO - Processing /home/airflow/sandbox/lib/python3.8/site-packages/airflow/example_dags/example_short_circuit_operator.py took 0.417 seconds
[2022-04-12 04:23:32,106] {scheduler_job.py:182} INFO - Started process (PID=91343) to work on /home/airflow/sandbox/lib/python3.8/site-packages/airflow/example_dags/example_short_circuit_operator.py
[2022-04-12 04:23:32,111] {scheduler_job.py:633} INFO - Processing file /home/airflow/sandbox/lib/python3.8/site-packages/airflow/example_dags/example_short_circuit_operator.py for tasks to queue
[2022-04-12 04:23:32,113] {logging_mixin.py:104} INFO - [2022-04-12 04:23:32,112] {dagbag.py:487} INFO - Filling up the DagBag from /home/airflow/sandbox/lib/python3.8/site-packages/airflow/example_dags/example_short_circuit_operator.py
[2022-04-12 04:23:32,148] {scheduler_job.py:643} INFO - DAG(s) dict_keys(['example_short_circuit_operator']) retrieved from /home/airflow/sandbox/lib/python3.8/site-packages/airflow/example_dags/example_short_circuit_operator.py
[2022-04-12 04:23:32,287] {logging_mixin.py:104} INFO - [2022-04-12 04:23:32,286] {dag.py:1832} INFO - Sync 1 DAGs
[2022-04-12 04:23:32,348] {logging_mixin.py:104} INFO - [2022-04-12 04:23:32,347] {dag.py:2305} INFO - Setting next_dagrun for example_short_circuit_operator to 2022-04-10 00:00:00+00:00
[2022-04-12 04:23:32,390] {scheduler_job.py:190} INFO - Processing /home/airflow/sandbox/lib/python3.8/site-packages/airflow/example_dags/example_short_circuit_operator.py took 0.300 seconds
[2022-04-12 04:24:03,066] {scheduler_job.py:182} INFO - Started process (PID=91543) to work on /home/airflow/sandbox/lib/python3.8/site-packages/airflow/example_dags/example_short_circuit_operator.py
[2022-04-12 04:24:03,107] {scheduler_job.py:633} INFO - Processing file /home/airflow/sandbox/lib/python3.8/site-packages/airflow/example_dags/example_short_circuit_operator.py for tasks to queue
[2022-04-12 04:24:03,116] {logging_mixin.py:104} INFO - [2022-04-12 04:24:03,116] {dagbag.py:487} INFO - Filling up the DagBag from /home/airflow/sandbox/lib/python3.8/site-packages/airflow/example_dags/example_short_circuit_operator.py
[2022-04-12 04:24:03,179] {scheduler_job.py:643} INFO - DAG(s) dict_keys(['example_short_circuit_operator']) retrieved from /home/airflow/sandbox/lib/python3.8/site-packages/airflow/example_dags/example_short_circuit_operator.py
[2022-04-12 04:24:03,445] {logging_mixin.py:104} INFO - [2022-04-12 04:24:03,444] {dag.py:1832} INFO - Sync 1 DAGs
[2022-04-12 04:24:03,553] {logging_mixin.py:104} INFO - [2022-04-12 04:24:03,553] {dag.py:2305} INFO - Setting next_dagrun for example_short_circuit_operator to 2022-04-10 00:00:00+00:00
[2022-04-12 04:24:03,644] {scheduler_job.py:190} INFO - Processing /home/airflow/sandbox/lib/python3.8/site-packages/airflow/example_dags/example_short_circuit_operator.py took 0.596 seconds
[2022-04-12 04:24:34,194] {scheduler_job.py:182} INFO - Started process (PID=91742) to work on /home/airflow/sandbox/lib/python3.8/site-packages/airflow/example_dags/example_short_circuit_operator.py
[2022-04-12 04:24:34,197] {scheduler_job.py:633} INFO - Processing file /home/airflow/sandbox/lib/python3.8/site-packages/airflow/example_dags/example_short_circuit_operator.py for tasks to queue
[2022-04-12 04:24:34,206] {logging_mixin.py:104} INFO - [2022-04-12 04:24:34,206] {dagbag.py:487} INFO - Filling up the DagBag from /home/airflow/sandbox/lib/python3.8/site-packages/airflow/example_dags/example_short_circuit_operator.py
[2022-04-12 04:24:34,229] {scheduler_job.py:643} INFO - DAG(s) dict_keys(['example_short_circuit_operator']) retrieved from /home/airflow/sandbox/lib/python3.8/site-packages/airflow/example_dags/example_short_circuit_operator.py
[2022-04-12 04:24:34,436] {logging_mixin.py:104} INFO - [2022-04-12 04:24:34,435] {dag.py:1832} INFO - Sync 1 DAGs
[2022-04-12 04:24:34,547] {logging_mixin.py:104} INFO - [2022-04-12 04:24:34,546] {dag.py:2305} INFO - Setting next_dagrun for example_short_circuit_operator to 2022-04-10 00:00:00+00:00
[2022-04-12 04:24:34,667] {scheduler_job.py:190} INFO - Processing /home/airflow/sandbox/lib/python3.8/site-packages/airflow/example_dags/example_short_circuit_operator.py took 0.507 seconds
[2022-04-12 04:25:05,524] {scheduler_job.py:182} INFO - Started process (PID=92183) to work on /home/airflow/sandbox/lib/python3.8/site-packages/airflow/example_dags/example_short_circuit_operator.py
[2022-04-12 04:25:05,533] {scheduler_job.py:633} INFO - Processing file /home/airflow/sandbox/lib/python3.8/site-packages/airflow/example_dags/example_short_circuit_operator.py for tasks to queue
[2022-04-12 04:25:05,537] {logging_mixin.py:104} INFO - [2022-04-12 04:25:05,537] {dagbag.py:487} INFO - Filling up the DagBag from /home/airflow/sandbox/lib/python3.8/site-packages/airflow/example_dags/example_short_circuit_operator.py
[2022-04-12 04:25:05,638] {scheduler_job.py:643} INFO - DAG(s) dict_keys(['example_short_circuit_operator']) retrieved from /home/airflow/sandbox/lib/python3.8/site-packages/airflow/example_dags/example_short_circuit_operator.py
[2022-04-12 04:25:05,903] {logging_mixin.py:104} INFO - [2022-04-12 04:25:05,902] {dag.py:1832} INFO - Sync 1 DAGs
[2022-04-12 04:25:05,997] {logging_mixin.py:104} INFO - [2022-04-12 04:25:05,996] {dag.py:2305} INFO - Setting next_dagrun for example_short_circuit_operator to 2022-04-10 00:00:00+00:00
[2022-04-12 04:25:06,207] {scheduler_job.py:190} INFO - Processing /home/airflow/sandbox/lib/python3.8/site-packages/airflow/example_dags/example_short_circuit_operator.py took 0.699 seconds
[2022-04-12 04:25:36,771] {scheduler_job.py:182} INFO - Started process (PID=92376) to work on /home/airflow/sandbox/lib/python3.8/site-packages/airflow/example_dags/example_short_circuit_operator.py
[2022-04-12 04:25:36,778] {scheduler_job.py:633} INFO - Processing file /home/airflow/sandbox/lib/python3.8/site-packages/airflow/example_dags/example_short_circuit_operator.py for tasks to queue
[2022-04-12 04:25:36,793] {logging_mixin.py:104} INFO - [2022-04-12 04:25:36,792] {dagbag.py:487} INFO - Filling up the DagBag from /home/airflow/sandbox/lib/python3.8/site-packages/airflow/example_dags/example_short_circuit_operator.py
[2022-04-12 04:25:36,856] {scheduler_job.py:643} INFO - DAG(s) dict_keys(['example_short_circuit_operator']) retrieved from /home/airflow/sandbox/lib/python3.8/site-packages/airflow/example_dags/example_short_circuit_operator.py
[2022-04-12 04:25:37,270] {logging_mixin.py:104} INFO - [2022-04-12 04:25:37,269] {dag.py:1832} INFO - Sync 1 DAGs
[2022-04-12 04:25:37,394] {logging_mixin.py:104} INFO - [2022-04-12 04:25:37,394] {dag.py:2305} INFO - Setting next_dagrun for example_short_circuit_operator to 2022-04-10 00:00:00+00:00
[2022-04-12 04:25:37,545] {scheduler_job.py:190} INFO - Processing /home/airflow/sandbox/lib/python3.8/site-packages/airflow/example_dags/example_short_circuit_operator.py took 0.805 seconds
[2022-04-12 04:26:07,887] {scheduler_job.py:182} INFO - Started process (PID=92572) to work on /home/airflow/sandbox/lib/python3.8/site-packages/airflow/example_dags/example_short_circuit_operator.py
[2022-04-12 04:26:07,893] {scheduler_job.py:633} INFO - Processing file /home/airflow/sandbox/lib/python3.8/site-packages/airflow/example_dags/example_short_circuit_operator.py for tasks to queue
[2022-04-12 04:26:07,906] {logging_mixin.py:104} INFO - [2022-04-12 04:26:07,906] {dagbag.py:487} INFO - Filling up the DagBag from /home/airflow/sandbox/lib/python3.8/site-packages/airflow/example_dags/example_short_circuit_operator.py
[2022-04-12 04:26:07,946] {scheduler_job.py:643} INFO - DAG(s) dict_keys(['example_short_circuit_operator']) retrieved from /home/airflow/sandbox/lib/python3.8/site-packages/airflow/example_dags/example_short_circuit_operator.py
[2022-04-12 04:26:08,085] {logging_mixin.py:104} INFO - [2022-04-12 04:26:08,085] {dag.py:1832} INFO - Sync 1 DAGs
[2022-04-12 04:26:08,128] {logging_mixin.py:104} INFO - [2022-04-12 04:26:08,128] {dag.py:2305} INFO - Setting next_dagrun for example_short_circuit_operator to 2022-04-10 00:00:00+00:00
[2022-04-12 04:26:08,170] {scheduler_job.py:190} INFO - Processing /home/airflow/sandbox/lib/python3.8/site-packages/airflow/example_dags/example_short_circuit_operator.py took 0.297 seconds
[2022-04-12 04:26:39,655] {scheduler_job.py:182} INFO - Started process (PID=92770) to work on /home/airflow/sandbox/lib/python3.8/site-packages/airflow/example_dags/example_short_circuit_operator.py
[2022-04-12 04:26:39,689] {scheduler_job.py:633} INFO - Processing file /home/airflow/sandbox/lib/python3.8/site-packages/airflow/example_dags/example_short_circuit_operator.py for tasks to queue
[2022-04-12 04:26:39,691] {logging_mixin.py:104} INFO - [2022-04-12 04:26:39,691] {dagbag.py:487} INFO - Filling up the DagBag from /home/airflow/sandbox/lib/python3.8/site-packages/airflow/example_dags/example_short_circuit_operator.py
[2022-04-12 04:26:39,719] {scheduler_job.py:643} INFO - DAG(s) dict_keys(['example_short_circuit_operator']) retrieved from /home/airflow/sandbox/lib/python3.8/site-packages/airflow/example_dags/example_short_circuit_operator.py
[2022-04-12 04:26:39,917] {logging_mixin.py:104} INFO - [2022-04-12 04:26:39,917] {dag.py:1832} INFO - Sync 1 DAGs
[2022-04-12 04:26:40,031] {logging_mixin.py:104} INFO - [2022-04-12 04:26:40,030] {dag.py:2305} INFO - Setting next_dagrun for example_short_circuit_operator to 2022-04-10 00:00:00+00:00
[2022-04-12 04:26:40,326] {scheduler_job.py:190} INFO - Processing /home/airflow/sandbox/lib/python3.8/site-packages/airflow/example_dags/example_short_circuit_operator.py took 0.677 seconds
[2022-04-12 04:27:13,545] {scheduler_job.py:182} INFO - Started process (PID=92969) to work on /home/airflow/sandbox/lib/python3.8/site-packages/airflow/example_dags/example_short_circuit_operator.py
[2022-04-12 04:27:13,609] {scheduler_job.py:633} INFO - Processing file /home/airflow/sandbox/lib/python3.8/site-packages/airflow/example_dags/example_short_circuit_operator.py for tasks to queue
[2022-04-12 04:27:13,642] {logging_mixin.py:104} INFO - [2022-04-12 04:27:13,641] {dagbag.py:487} INFO - Filling up the DagBag from /home/airflow/sandbox/lib/python3.8/site-packages/airflow/example_dags/example_short_circuit_operator.py
[2022-04-12 04:27:13,759] {scheduler_job.py:643} INFO - DAG(s) dict_keys(['example_short_circuit_operator']) retrieved from /home/airflow/sandbox/lib/python3.8/site-packages/airflow/example_dags/example_short_circuit_operator.py
[2022-04-12 04:27:14,050] {logging_mixin.py:104} INFO - [2022-04-12 04:27:14,049] {dag.py:1832} INFO - Sync 1 DAGs
[2022-04-12 04:27:14,176] {logging_mixin.py:104} INFO - [2022-04-12 04:27:14,175] {dag.py:2305} INFO - Setting next_dagrun for example_short_circuit_operator to 2022-04-10 00:00:00+00:00
[2022-04-12 04:27:14,492] {scheduler_job.py:190} INFO - Processing /home/airflow/sandbox/lib/python3.8/site-packages/airflow/example_dags/example_short_circuit_operator.py took 0.967 seconds
[2022-04-12 04:27:45,964] {scheduler_job.py:182} INFO - Started process (PID=93168) to work on /home/airflow/sandbox/lib/python3.8/site-packages/airflow/example_dags/example_short_circuit_operator.py
[2022-04-12 04:27:45,969] {scheduler_job.py:633} INFO - Processing file /home/airflow/sandbox/lib/python3.8/site-packages/airflow/example_dags/example_short_circuit_operator.py for tasks to queue
[2022-04-12 04:27:45,971] {logging_mixin.py:104} INFO - [2022-04-12 04:27:45,971] {dagbag.py:487} INFO - Filling up the DagBag from /home/airflow/sandbox/lib/python3.8/site-packages/airflow/example_dags/example_short_circuit_operator.py
[2022-04-12 04:27:46,022] {scheduler_job.py:643} INFO - DAG(s) dict_keys(['example_short_circuit_operator']) retrieved from /home/airflow/sandbox/lib/python3.8/site-packages/airflow/example_dags/example_short_circuit_operator.py
[2022-04-12 04:27:46,193] {logging_mixin.py:104} INFO - [2022-04-12 04:27:46,193] {dag.py:1832} INFO - Sync 1 DAGs
[2022-04-12 04:27:46,288] {logging_mixin.py:104} INFO - [2022-04-12 04:27:46,287] {dag.py:2305} INFO - Setting next_dagrun for example_short_circuit_operator to 2022-04-10 00:00:00+00:00
[2022-04-12 04:27:46,393] {scheduler_job.py:190} INFO - Processing /home/airflow/sandbox/lib/python3.8/site-packages/airflow/example_dags/example_short_circuit_operator.py took 0.470 seconds
[2022-04-12 04:28:17,310] {scheduler_job.py:182} INFO - Started process (PID=93363) to work on /home/airflow/sandbox/lib/python3.8/site-packages/airflow/example_dags/example_short_circuit_operator.py
[2022-04-12 04:28:17,315] {scheduler_job.py:633} INFO - Processing file /home/airflow/sandbox/lib/python3.8/site-packages/airflow/example_dags/example_short_circuit_operator.py for tasks to queue
[2022-04-12 04:28:17,317] {logging_mixin.py:104} INFO - [2022-04-12 04:28:17,317] {dagbag.py:487} INFO - Filling up the DagBag from /home/airflow/sandbox/lib/python3.8/site-packages/airflow/example_dags/example_short_circuit_operator.py
[2022-04-12 04:28:17,380] {scheduler_job.py:643} INFO - DAG(s) dict_keys(['example_short_circuit_operator']) retrieved from /home/airflow/sandbox/lib/python3.8/site-packages/airflow/example_dags/example_short_circuit_operator.py
[2022-04-12 04:28:17,611] {logging_mixin.py:104} INFO - [2022-04-12 04:28:17,611] {dag.py:1832} INFO - Sync 1 DAGs
[2022-04-12 04:28:17,801] {logging_mixin.py:104} INFO - [2022-04-12 04:28:17,801] {dag.py:2305} INFO - Setting next_dagrun for example_short_circuit_operator to 2022-04-10 00:00:00+00:00
[2022-04-12 04:28:18,025] {scheduler_job.py:190} INFO - Processing /home/airflow/sandbox/lib/python3.8/site-packages/airflow/example_dags/example_short_circuit_operator.py took 0.726 seconds
[2022-04-12 04:28:48,777] {scheduler_job.py:182} INFO - Started process (PID=93560) to work on /home/airflow/sandbox/lib/python3.8/site-packages/airflow/example_dags/example_short_circuit_operator.py
[2022-04-12 04:28:48,780] {scheduler_job.py:633} INFO - Processing file /home/airflow/sandbox/lib/python3.8/site-packages/airflow/example_dags/example_short_circuit_operator.py for tasks to queue
[2022-04-12 04:28:48,781] {logging_mixin.py:104} INFO - [2022-04-12 04:28:48,781] {dagbag.py:487} INFO - Filling up the DagBag from /home/airflow/sandbox/lib/python3.8/site-packages/airflow/example_dags/example_short_circuit_operator.py
[2022-04-12 04:28:48,806] {scheduler_job.py:643} INFO - DAG(s) dict_keys(['example_short_circuit_operator']) retrieved from /home/airflow/sandbox/lib/python3.8/site-packages/airflow/example_dags/example_short_circuit_operator.py
[2022-04-12 04:28:49,045] {logging_mixin.py:104} INFO - [2022-04-12 04:28:49,044] {dag.py:1832} INFO - Sync 1 DAGs
[2022-04-12 04:28:49,142] {logging_mixin.py:104} INFO - [2022-04-12 04:28:49,141] {dag.py:2305} INFO - Setting next_dagrun for example_short_circuit_operator to 2022-04-10 00:00:00+00:00
[2022-04-12 04:28:49,248] {scheduler_job.py:190} INFO - Processing /home/airflow/sandbox/lib/python3.8/site-packages/airflow/example_dags/example_short_circuit_operator.py took 0.493 seconds
[2022-04-12 04:30:32,066] {scheduler_job.py:182} INFO - Started process (PID=93977) to work on /home/airflow/sandbox/lib/python3.8/site-packages/airflow/example_dags/example_short_circuit_operator.py
[2022-04-12 04:30:32,071] {scheduler_job.py:633} INFO - Processing file /home/airflow/sandbox/lib/python3.8/site-packages/airflow/example_dags/example_short_circuit_operator.py for tasks to queue
[2022-04-12 04:30:32,079] {logging_mixin.py:104} INFO - [2022-04-12 04:30:32,079] {dagbag.py:487} INFO - Filling up the DagBag from /home/airflow/sandbox/lib/python3.8/site-packages/airflow/example_dags/example_short_circuit_operator.py
[2022-04-12 04:30:32,117] {scheduler_job.py:643} INFO - DAG(s) dict_keys(['example_short_circuit_operator']) retrieved from /home/airflow/sandbox/lib/python3.8/site-packages/airflow/example_dags/example_short_circuit_operator.py
[2022-04-12 04:30:32,402] {logging_mixin.py:104} INFO - [2022-04-12 04:30:32,399] {dag.py:1832} INFO - Sync 1 DAGs
[2022-04-12 04:30:32,511] {logging_mixin.py:104} INFO - [2022-04-12 04:30:32,511] {dag.py:2305} INFO - Setting next_dagrun for example_short_circuit_operator to 2022-04-10 00:00:00+00:00
[2022-04-12 04:30:32,843] {scheduler_job.py:190} INFO - Processing /home/airflow/sandbox/lib/python3.8/site-packages/airflow/example_dags/example_short_circuit_operator.py took 0.798 seconds
[2022-04-12 04:31:03,188] {scheduler_job.py:182} INFO - Started process (PID=94211) to work on /home/airflow/sandbox/lib/python3.8/site-packages/airflow/example_dags/example_short_circuit_operator.py
[2022-04-12 04:31:03,193] {scheduler_job.py:633} INFO - Processing file /home/airflow/sandbox/lib/python3.8/site-packages/airflow/example_dags/example_short_circuit_operator.py for tasks to queue
[2022-04-12 04:31:03,198] {logging_mixin.py:104} INFO - [2022-04-12 04:31:03,196] {dagbag.py:487} INFO - Filling up the DagBag from /home/airflow/sandbox/lib/python3.8/site-packages/airflow/example_dags/example_short_circuit_operator.py
[2022-04-12 04:31:03,242] {scheduler_job.py:643} INFO - DAG(s) dict_keys(['example_short_circuit_operator']) retrieved from /home/airflow/sandbox/lib/python3.8/site-packages/airflow/example_dags/example_short_circuit_operator.py
[2022-04-12 04:31:03,459] {logging_mixin.py:104} INFO - [2022-04-12 04:31:03,459] {dag.py:1832} INFO - Sync 1 DAGs
[2022-04-12 04:31:03,647] {logging_mixin.py:104} INFO - [2022-04-12 04:31:03,646] {dag.py:2305} INFO - Setting next_dagrun for example_short_circuit_operator to 2022-04-10 00:00:00+00:00
[2022-04-12 04:31:03,963] {scheduler_job.py:190} INFO - Processing /home/airflow/sandbox/lib/python3.8/site-packages/airflow/example_dags/example_short_circuit_operator.py took 0.793 seconds
[2022-04-12 04:31:34,284] {scheduler_job.py:182} INFO - Started process (PID=94408) to work on /home/airflow/sandbox/lib/python3.8/site-packages/airflow/example_dags/example_short_circuit_operator.py
[2022-04-12 04:31:34,296] {scheduler_job.py:633} INFO - Processing file /home/airflow/sandbox/lib/python3.8/site-packages/airflow/example_dags/example_short_circuit_operator.py for tasks to queue
[2022-04-12 04:31:34,300] {logging_mixin.py:104} INFO - [2022-04-12 04:31:34,299] {dagbag.py:487} INFO - Filling up the DagBag from /home/airflow/sandbox/lib/python3.8/site-packages/airflow/example_dags/example_short_circuit_operator.py
[2022-04-12 04:31:34,414] {scheduler_job.py:643} INFO - DAG(s) dict_keys(['example_short_circuit_operator']) retrieved from /home/airflow/sandbox/lib/python3.8/site-packages/airflow/example_dags/example_short_circuit_operator.py
[2022-04-12 04:31:34,663] {logging_mixin.py:104} INFO - [2022-04-12 04:31:34,662] {dag.py:1832} INFO - Sync 1 DAGs
[2022-04-12 04:31:34,775] {logging_mixin.py:104} INFO - [2022-04-12 04:31:34,774] {dag.py:2305} INFO - Setting next_dagrun for example_short_circuit_operator to 2022-04-10 00:00:00+00:00
[2022-04-12 04:31:34,919] {scheduler_job.py:190} INFO - Processing /home/airflow/sandbox/lib/python3.8/site-packages/airflow/example_dags/example_short_circuit_operator.py took 0.661 seconds
[2022-04-12 04:32:05,742] {scheduler_job.py:182} INFO - Started process (PID=94607) to work on /home/airflow/sandbox/lib/python3.8/site-packages/airflow/example_dags/example_short_circuit_operator.py
[2022-04-12 04:32:05,749] {scheduler_job.py:633} INFO - Processing file /home/airflow/sandbox/lib/python3.8/site-packages/airflow/example_dags/example_short_circuit_operator.py for tasks to queue
[2022-04-12 04:32:05,758] {logging_mixin.py:104} INFO - [2022-04-12 04:32:05,758] {dagbag.py:487} INFO - Filling up the DagBag from /home/airflow/sandbox/lib/python3.8/site-packages/airflow/example_dags/example_short_circuit_operator.py
[2022-04-12 04:32:05,786] {scheduler_job.py:643} INFO - DAG(s) dict_keys(['example_short_circuit_operator']) retrieved from /home/airflow/sandbox/lib/python3.8/site-packages/airflow/example_dags/example_short_circuit_operator.py
[2022-04-12 04:32:05,872] {logging_mixin.py:104} INFO - [2022-04-12 04:32:05,872] {dag.py:1832} INFO - Sync 1 DAGs
[2022-04-12 04:32:05,912] {logging_mixin.py:104} INFO - [2022-04-12 04:32:05,911] {dag.py:2305} INFO - Setting next_dagrun for example_short_circuit_operator to 2022-04-10 00:00:00+00:00
[2022-04-12 04:32:05,950] {scheduler_job.py:190} INFO - Processing /home/airflow/sandbox/lib/python3.8/site-packages/airflow/example_dags/example_short_circuit_operator.py took 0.253 seconds
[2022-04-12 04:32:36,110] {scheduler_job.py:182} INFO - Started process (PID=94806) to work on /home/airflow/sandbox/lib/python3.8/site-packages/airflow/example_dags/example_short_circuit_operator.py
[2022-04-12 04:32:36,114] {scheduler_job.py:633} INFO - Processing file /home/airflow/sandbox/lib/python3.8/site-packages/airflow/example_dags/example_short_circuit_operator.py for tasks to queue
[2022-0