[2022-04-12 04:06:08,285] {scheduler_job.py:182} INFO - Started process (PID=82954) to work on /home/airflow/sandbox/lib/python3.8/site-packages/airflow/example_dags/example_branch_day_of_week_operator.py
[2022-04-12 04:06:08,319] {scheduler_job.py:633} INFO - Processing file /home/airflow/sandbox/lib/python3.8/site-packages/airflow/example_dags/example_branch_day_of_week_operator.py for tasks to queue
[2022-04-12 04:06:08,329] {logging_mixin.py:104} INFO - [2022-04-12 04:06:08,329] {dagbag.py:487} INFO - Filling up the DagBag from /home/airflow/sandbox/lib/python3.8/site-packages/airflow/example_dags/example_branch_day_of_week_operator.py
[2022-04-12 04:06:08,376] {scheduler_job.py:643} INFO - DAG(s) dict_keys(['example_weekday_branch_operator']) retrieved from /home/airflow/sandbox/lib/python3.8/site-packages/airflow/example_dags/example_branch_day_of_week_operator.py
[2022-04-12 04:06:10,527] {logging_mixin.py:104} INFO - [2022-04-12 04:06:10,527] {dag.py:1832} INFO - Sync 1 DAGs
[2022-04-12 04:06:10,622] {logging_mixin.py:104} INFO - [2022-04-12 04:06:10,622] {dag.py:2305} INFO - Setting next_dagrun for example_weekday_branch_operator to 2022-04-10 00:00:00+00:00
[2022-04-12 04:06:10,727] {scheduler_job.py:190} INFO - Processing /home/airflow/sandbox/lib/python3.8/site-packages/airflow/example_dags/example_branch_day_of_week_operator.py took 2.446 seconds
[2022-04-12 04:06:40,982] {scheduler_job.py:182} INFO - Started process (PID=83840) to work on /home/airflow/sandbox/lib/python3.8/site-packages/airflow/example_dags/example_branch_day_of_week_operator.py
[2022-04-12 04:06:40,982] {scheduler_job.py:633} INFO - Processing file /home/airflow/sandbox/lib/python3.8/site-packages/airflow/example_dags/example_branch_day_of_week_operator.py for tasks to queue
[2022-04-12 04:06:40,983] {logging_mixin.py:104} INFO - [2022-04-12 04:06:40,983] {dagbag.py:487} INFO - Filling up the DagBag from /home/airflow/sandbox/lib/python3.8/site-packages/airflow/example_dags/example_branch_day_of_week_operator.py
[2022-04-12 04:06:40,988] {scheduler_job.py:643} INFO - DAG(s) dict_keys(['example_weekday_branch_operator']) retrieved from /home/airflow/sandbox/lib/python3.8/site-packages/airflow/example_dags/example_branch_day_of_week_operator.py
[2022-04-12 04:06:41,007] {logging_mixin.py:104} INFO - [2022-04-12 04:06:41,007] {dag.py:1832} INFO - Sync 1 DAGs
[2022-04-12 04:06:41,018] {logging_mixin.py:104} INFO - [2022-04-12 04:06:41,018] {dag.py:2305} INFO - Setting next_dagrun for example_weekday_branch_operator to 2022-04-10 00:00:00+00:00
[2022-04-12 04:06:41,027] {scheduler_job.py:190} INFO - Processing /home/airflow/sandbox/lib/python3.8/site-packages/airflow/example_dags/example_branch_day_of_week_operator.py took 0.049 seconds
[2022-04-12 04:07:11,116] {scheduler_job.py:182} INFO - Started process (PID=84099) to work on /home/airflow/sandbox/lib/python3.8/site-packages/airflow/example_dags/example_branch_day_of_week_operator.py
[2022-04-12 04:07:11,120] {scheduler_job.py:633} INFO - Processing file /home/airflow/sandbox/lib/python3.8/site-packages/airflow/example_dags/example_branch_day_of_week_operator.py for tasks to queue
[2022-04-12 04:07:11,122] {logging_mixin.py:104} INFO - [2022-04-12 04:07:11,122] {dagbag.py:487} INFO - Filling up the DagBag from /home/airflow/sandbox/lib/python3.8/site-packages/airflow/example_dags/example_branch_day_of_week_operator.py
[2022-04-12 04:07:11,137] {scheduler_job.py:643} INFO - DAG(s) dict_keys(['example_weekday_branch_operator']) retrieved from /home/airflow/sandbox/lib/python3.8/site-packages/airflow/example_dags/example_branch_day_of_week_operator.py
[2022-04-12 04:07:11,189] {logging_mixin.py:104} INFO - [2022-04-12 04:07:11,189] {dag.py:1832} INFO - Sync 1 DAGs
[2022-04-12 04:07:11,223] {logging_mixin.py:104} INFO - [2022-04-12 04:07:11,223] {dag.py:2305} INFO - Setting next_dagrun for example_weekday_branch_operator to 2022-04-10 00:00:00+00:00
[2022-04-12 04:07:11,251] {scheduler_job.py:190} INFO - Processing /home/airflow/sandbox/lib/python3.8/site-packages/airflow/example_dags/example_branch_day_of_week_operator.py took 0.144 seconds
[2022-04-12 04:07:41,825] {scheduler_job.py:182} INFO - Started process (PID=84298) to work on /home/airflow/sandbox/lib/python3.8/site-packages/airflow/example_dags/example_branch_day_of_week_operator.py
[2022-04-12 04:07:41,827] {scheduler_job.py:633} INFO - Processing file /home/airflow/sandbox/lib/python3.8/site-packages/airflow/example_dags/example_branch_day_of_week_operator.py for tasks to queue
[2022-04-12 04:07:41,828] {logging_mixin.py:104} INFO - [2022-04-12 04:07:41,828] {dagbag.py:487} INFO - Filling up the DagBag from /home/airflow/sandbox/lib/python3.8/site-packages/airflow/example_dags/example_branch_day_of_week_operator.py
[2022-04-12 04:07:41,842] {scheduler_job.py:643} INFO - DAG(s) dict_keys(['example_weekday_branch_operator']) retrieved from /home/airflow/sandbox/lib/python3.8/site-packages/airflow/example_dags/example_branch_day_of_week_operator.py
[2022-04-12 04:07:41,891] {logging_mixin.py:104} INFO - [2022-04-12 04:07:41,891] {dag.py:1832} INFO - Sync 1 DAGs
[2022-04-12 04:07:41,921] {logging_mixin.py:104} INFO - [2022-04-12 04:07:41,921] {dag.py:2305} INFO - Setting next_dagrun for example_weekday_branch_operator to 2022-04-10 00:00:00+00:00
[2022-04-12 04:07:41,954] {scheduler_job.py:190} INFO - Processing /home/airflow/sandbox/lib/python3.8/site-packages/airflow/example_dags/example_branch_day_of_week_operator.py took 0.139 seconds
[2022-04-12 04:08:12,114] {scheduler_job.py:182} INFO - Started process (PID=84558) to work on /home/airflow/sandbox/lib/python3.8/site-packages/airflow/example_dags/example_branch_day_of_week_operator.py
[2022-04-12 04:08:12,117] {scheduler_job.py:633} INFO - Processing file /home/airflow/sandbox/lib/python3.8/site-packages/airflow/example_dags/example_branch_day_of_week_operator.py for tasks to queue
[2022-04-12 04:08:12,119] {logging_mixin.py:104} INFO - [2022-04-12 04:08:12,118] {dagbag.py:487} INFO - Filling up the DagBag from /home/airflow/sandbox/lib/python3.8/site-packages/airflow/example_dags/example_branch_day_of_week_operator.py
[2022-04-12 04:08:12,133] {scheduler_job.py:643} INFO - DAG(s) dict_keys(['example_weekday_branch_operator']) retrieved from /home/airflow/sandbox/lib/python3.8/site-packages/airflow/example_dags/example_branch_day_of_week_operator.py
[2022-04-12 04:08:12,192] {logging_mixin.py:104} INFO - [2022-04-12 04:08:12,192] {dag.py:1832} INFO - Sync 1 DAGs
[2022-04-12 04:08:12,227] {logging_mixin.py:104} INFO - [2022-04-12 04:08:12,227] {dag.py:2305} INFO - Setting next_dagrun for example_weekday_branch_operator to 2022-04-10 00:00:00+00:00
[2022-04-12 04:08:12,257] {scheduler_job.py:190} INFO - Processing /home/airflow/sandbox/lib/python3.8/site-packages/airflow/example_dags/example_branch_day_of_week_operator.py took 0.150 seconds
[2022-04-12 04:08:42,719] {scheduler_job.py:182} INFO - Started process (PID=84757) to work on /home/airflow/sandbox/lib/python3.8/site-packages/airflow/example_dags/example_branch_day_of_week_operator.py
[2022-04-12 04:08:42,722] {scheduler_job.py:633} INFO - Processing file /home/airflow/sandbox/lib/python3.8/site-packages/airflow/example_dags/example_branch_day_of_week_operator.py for tasks to queue
[2022-04-12 04:08:42,723] {logging_mixin.py:104} INFO - [2022-04-12 04:08:42,723] {dagbag.py:487} INFO - Filling up the DagBag from /home/airflow/sandbox/lib/python3.8/site-packages/airflow/example_dags/example_branch_day_of_week_operator.py
[2022-04-12 04:08:42,747] {scheduler_job.py:643} INFO - DAG(s) dict_keys(['example_weekday_branch_operator']) retrieved from /home/airflow/sandbox/lib/python3.8/site-packages/airflow/example_dags/example_branch_day_of_week_operator.py
[2022-04-12 04:08:42,797] {logging_mixin.py:104} INFO - [2022-04-12 04:08:42,797] {dag.py:1832} INFO - Sync 1 DAGs
[2022-04-12 04:08:42,834] {logging_mixin.py:104} INFO - [2022-04-12 04:08:42,834] {dag.py:2305} INFO - Setting next_dagrun for example_weekday_branch_operator to 2022-04-10 00:00:00+00:00
[2022-04-12 04:08:42,868] {scheduler_job.py:190} INFO - Processing /home/airflow/sandbox/lib/python3.8/site-packages/airflow/example_dags/example_branch_day_of_week_operator.py took 0.154 seconds
[2022-04-12 04:09:13,845] {scheduler_job.py:182} INFO - Started process (PID=85016) to work on /home/airflow/sandbox/lib/python3.8/site-packages/airflow/example_dags/example_branch_day_of_week_operator.py
[2022-04-12 04:09:13,848] {scheduler_job.py:633} INFO - Processing file /home/airflow/sandbox/lib/python3.8/site-packages/airflow/example_dags/example_branch_day_of_week_operator.py for tasks to queue
[2022-04-12 04:09:13,849] {logging_mixin.py:104} INFO - [2022-04-12 04:09:13,849] {dagbag.py:487} INFO - Filling up the DagBag from /home/airflow/sandbox/lib/python3.8/site-packages/airflow/example_dags/example_branch_day_of_week_operator.py
[2022-04-12 04:09:13,870] {scheduler_job.py:643} INFO - DAG(s) dict_keys(['example_weekday_branch_operator']) retrieved from /home/airflow/sandbox/lib/python3.8/site-packages/airflow/example_dags/example_branch_day_of_week_operator.py
[2022-04-12 04:09:13,935] {logging_mixin.py:104} INFO - [2022-04-12 04:09:13,934] {dag.py:1832} INFO - Sync 1 DAGs
[2022-04-12 04:09:13,976] {logging_mixin.py:104} INFO - [2022-04-12 04:09:13,975] {dag.py:2305} INFO - Setting next_dagrun for example_weekday_branch_operator to 2022-04-10 00:00:00+00:00
[2022-04-12 04:09:14,010] {scheduler_job.py:190} INFO - Processing /home/airflow/sandbox/lib/python3.8/site-packages/airflow/example_dags/example_branch_day_of_week_operator.py took 0.180 seconds
[2022-04-12 04:14:50,414] {scheduler_job.py:182} INFO - Started process (PID=85604) to work on /home/airflow/sandbox/lib/python3.8/site-packages/airflow/example_dags/example_branch_day_of_week_operator.py
[2022-04-12 04:14:50,418] {scheduler_job.py:633} INFO - Processing file /home/airflow/sandbox/lib/python3.8/site-packages/airflow/example_dags/example_branch_day_of_week_operator.py for tasks to queue
[2022-04-12 04:14:50,438] {logging_mixin.py:104} INFO - [2022-04-12 04:14:50,438] {dagbag.py:487} INFO - Filling up the DagBag from /home/airflow/sandbox/lib/python3.8/site-packages/airflow/example_dags/example_branch_day_of_week_operator.py
[2022-04-12 04:14:50,482] {scheduler_job.py:643} INFO - DAG(s) dict_keys(['example_weekday_branch_operator']) retrieved from /home/airflow/sandbox/lib/python3.8/site-packages/airflow/example_dags/example_branch_day_of_week_operator.py
[2022-04-12 04:14:50,598] {logging_mixin.py:104} INFO - [2022-04-12 04:14:50,598] {dag.py:1832} INFO - Sync 1 DAGs
[2022-04-12 04:14:50,715] {logging_mixin.py:104} INFO - [2022-04-12 04:14:50,714] {dag.py:2305} INFO - Setting next_dagrun for example_weekday_branch_operator to 2022-04-10 00:00:00+00:00
[2022-04-12 04:14:50,780] {scheduler_job.py:190} INFO - Processing /home/airflow/sandbox/lib/python3.8/site-packages/airflow/example_dags/example_branch_day_of_week_operator.py took 0.401 seconds
[2022-04-12 04:15:21,679] {scheduler_job.py:182} INFO - Started process (PID=85912) to work on /home/airflow/sandbox/lib/python3.8/site-packages/airflow/example_dags/example_branch_day_of_week_operator.py
[2022-04-12 04:15:21,680] {scheduler_job.py:633} INFO - Processing file /home/airflow/sandbox/lib/python3.8/site-packages/airflow/example_dags/example_branch_day_of_week_operator.py for tasks to queue
[2022-04-12 04:15:21,681] {logging_mixin.py:104} INFO - [2022-04-12 04:15:21,681] {dagbag.py:487} INFO - Filling up the DagBag from /home/airflow/sandbox/lib/python3.8/site-packages/airflow/example_dags/example_branch_day_of_week_operator.py
[2022-04-12 04:15:21,692] {scheduler_job.py:643} INFO - DAG(s) dict_keys(['example_weekday_branch_operator']) retrieved from /home/airflow/sandbox/lib/python3.8/site-packages/airflow/example_dags/example_branch_day_of_week_operator.py
[2022-04-12 04:15:21,726] {logging_mixin.py:104} INFO - [2022-04-12 04:15:21,726] {dag.py:1832} INFO - Sync 1 DAGs
[2022-04-12 04:15:21,756] {logging_mixin.py:104} INFO - [2022-04-12 04:15:21,756] {dag.py:2305} INFO - Setting next_dagrun for example_weekday_branch_operator to 2022-04-10 00:00:00+00:00
[2022-04-12 04:15:21,785] {scheduler_job.py:190} INFO - Processing /home/airflow/sandbox/lib/python3.8/site-packages/airflow/example_dags/example_branch_day_of_week_operator.py took 0.111 seconds
[2022-04-12 04:15:52,961] {scheduler_job.py:182} INFO - Started process (PID=86304) to work on /home/airflow/sandbox/lib/python3.8/site-packages/airflow/example_dags/example_branch_day_of_week_operator.py
[2022-04-12 04:15:52,971] {scheduler_job.py:633} INFO - Processing file /home/airflow/sandbox/lib/python3.8/site-packages/airflow/example_dags/example_branch_day_of_week_operator.py for tasks to queue
[2022-04-12 04:15:52,983] {logging_mixin.py:104} INFO - [2022-04-12 04:15:52,983] {dagbag.py:487} INFO - Filling up the DagBag from /home/airflow/sandbox/lib/python3.8/site-packages/airflow/example_dags/example_branch_day_of_week_operator.py
[2022-04-12 04:15:52,997] {scheduler_job.py:643} INFO - DAG(s) dict_keys(['example_weekday_branch_operator']) retrieved from /home/airflow/sandbox/lib/python3.8/site-packages/airflow/example_dags/example_branch_day_of_week_operator.py
[2022-04-12 04:15:53,075] {logging_mixin.py:104} INFO - [2022-04-12 04:15:53,075] {dag.py:1832} INFO - Sync 1 DAGs
[2022-04-12 04:15:53,104] {logging_mixin.py:104} INFO - [2022-04-12 04:15:53,104] {dag.py:2305} INFO - Setting next_dagrun for example_weekday_branch_operator to 2022-04-10 00:00:00+00:00
[2022-04-12 04:15:53,126] {scheduler_job.py:190} INFO - Processing /home/airflow/sandbox/lib/python3.8/site-packages/airflow/example_dags/example_branch_day_of_week_operator.py took 0.181 seconds
[2022-04-12 04:16:24,800] {scheduler_job.py:182} INFO - Started process (PID=86681) to work on /home/airflow/sandbox/lib/python3.8/site-packages/airflow/example_dags/example_branch_day_of_week_operator.py
[2022-04-12 04:16:24,814] {scheduler_job.py:633} INFO - Processing file /home/airflow/sandbox/lib/python3.8/site-packages/airflow/example_dags/example_branch_day_of_week_operator.py for tasks to queue
[2022-04-12 04:16:24,815] {logging_mixin.py:104} INFO - [2022-04-12 04:16:24,815] {dagbag.py:487} INFO - Filling up the DagBag from /home/airflow/sandbox/lib/python3.8/site-packages/airflow/example_dags/example_branch_day_of_week_operator.py
[2022-04-12 04:16:24,838] {scheduler_job.py:643} INFO - DAG(s) dict_keys(['example_weekday_branch_operator']) retrieved from /home/airflow/sandbox/lib/python3.8/site-packages/airflow/example_dags/example_branch_day_of_week_operator.py
[2022-04-12 04:16:24,936] {logging_mixin.py:104} INFO - [2022-04-12 04:16:24,936] {dag.py:1832} INFO - Sync 1 DAGs
[2022-04-12 04:16:24,985] {logging_mixin.py:104} INFO - [2022-04-12 04:16:24,985] {dag.py:2305} INFO - Setting next_dagrun for example_weekday_branch_operator to 2022-04-10 00:00:00+00:00
[2022-04-12 04:16:25,043] {scheduler_job.py:190} INFO - Processing /home/airflow/sandbox/lib/python3.8/site-packages/airflow/example_dags/example_branch_day_of_week_operator.py took 0.262 seconds
[2022-04-12 04:16:56,389] {scheduler_job.py:182} INFO - Started process (PID=87070) to work on /home/airflow/sandbox/lib/python3.8/site-packages/airflow/example_dags/example_branch_day_of_week_operator.py
[2022-04-12 04:16:56,409] {scheduler_job.py:633} INFO - Processing file /home/airflow/sandbox/lib/python3.8/site-packages/airflow/example_dags/example_branch_day_of_week_operator.py for tasks to queue
[2022-04-12 04:16:56,419] {logging_mixin.py:104} INFO - [2022-04-12 04:16:56,419] {dagbag.py:487} INFO - Filling up the DagBag from /home/airflow/sandbox/lib/python3.8/site-packages/airflow/example_dags/example_branch_day_of_week_operator.py
[2022-04-12 04:16:56,470] {scheduler_job.py:643} INFO - DAG(s) dict_keys(['example_weekday_branch_operator']) retrieved from /home/airflow/sandbox/lib/python3.8/site-packages/airflow/example_dags/example_branch_day_of_week_operator.py
[2022-04-12 04:16:56,616] {logging_mixin.py:104} INFO - [2022-04-12 04:16:56,616] {dag.py:1832} INFO - Sync 1 DAGs
[2022-04-12 04:16:56,690] {logging_mixin.py:104} INFO - [2022-04-12 04:16:56,690] {dag.py:2305} INFO - Setting next_dagrun for example_weekday_branch_operator to 2022-04-10 00:00:00+00:00
[2022-04-12 04:16:56,827] {scheduler_job.py:190} INFO - Processing /home/airflow/sandbox/lib/python3.8/site-packages/airflow/example_dags/example_branch_day_of_week_operator.py took 0.459 seconds
[2022-04-12 04:17:27,553] {scheduler_job.py:182} INFO - Started process (PID=87462) to work on /home/airflow/sandbox/lib/python3.8/site-packages/airflow/example_dags/example_branch_day_of_week_operator.py
[2022-04-12 04:17:27,557] {scheduler_job.py:633} INFO - Processing file /home/airflow/sandbox/lib/python3.8/site-packages/airflow/example_dags/example_branch_day_of_week_operator.py for tasks to queue
[2022-04-12 04:17:27,560] {logging_mixin.py:104} INFO - [2022-04-12 04:17:27,559] {dagbag.py:487} INFO - Filling up the DagBag from /home/airflow/sandbox/lib/python3.8/site-packages/airflow/example_dags/example_branch_day_of_week_operator.py
[2022-04-12 04:17:27,597] {scheduler_job.py:643} INFO - DAG(s) dict_keys(['example_weekday_branch_operator']) retrieved from /home/airflow/sandbox/lib/python3.8/site-packages/airflow/example_dags/example_branch_day_of_week_operator.py
[2022-04-12 04:17:27,709] {logging_mixin.py:104} INFO - [2022-04-12 04:17:27,708] {dag.py:1832} INFO - Sync 1 DAGs
[2022-04-12 04:17:27,758] {logging_mixin.py:104} INFO - [2022-04-12 04:17:27,758] {dag.py:2305} INFO - Setting next_dagrun for example_weekday_branch_operator to 2022-04-10 00:00:00+00:00
[2022-04-12 04:17:27,796] {scheduler_job.py:190} INFO - Processing /home/airflow/sandbox/lib/python3.8/site-packages/airflow/example_dags/example_branch_day_of_week_operator.py took 0.271 seconds
[2022-04-12 04:17:58,775] {scheduler_job.py:182} INFO - Started process (PID=87853) to work on /home/airflow/sandbox/lib/python3.8/site-packages/airflow/example_dags/example_branch_day_of_week_operator.py
[2022-04-12 04:17:58,778] {scheduler_job.py:633} INFO - Processing file /home/airflow/sandbox/lib/python3.8/site-packages/airflow/example_dags/example_branch_day_of_week_operator.py for tasks to queue
[2022-04-12 04:17:58,779] {logging_mixin.py:104} INFO - [2022-04-12 04:17:58,779] {dagbag.py:487} INFO - Filling up the DagBag from /home/airflow/sandbox/lib/python3.8/site-packages/airflow/example_dags/example_branch_day_of_week_operator.py
[2022-04-12 04:17:58,815] {scheduler_job.py:643} INFO - DAG(s) dict_keys(['example_weekday_branch_operator']) retrieved from /home/airflow/sandbox/lib/python3.8/site-packages/airflow/example_dags/example_branch_day_of_week_operator.py
[2022-04-12 04:17:58,967] {logging_mixin.py:104} INFO - [2022-04-12 04:17:58,967] {dag.py:1832} INFO - Sync 1 DAGs
[2022-04-12 04:17:59,045] {logging_mixin.py:104} INFO - [2022-04-12 04:17:59,045] {dag.py:2305} INFO - Setting next_dagrun for example_weekday_branch_operator to 2022-04-10 00:00:00+00:00
[2022-04-12 04:17:59,142] {scheduler_job.py:190} INFO - Processing /home/airflow/sandbox/lib/python3.8/site-packages/airflow/example_dags/example_branch_day_of_week_operator.py took 0.393 seconds
[2022-04-12 04:18:29,755] {scheduler_job.py:182} INFO - Started process (PID=88227) to work on /home/airflow/sandbox/lib/python3.8/site-packages/airflow/example_dags/example_branch_day_of_week_operator.py
[2022-04-12 04:18:29,764] {scheduler_job.py:633} INFO - Processing file /home/airflow/sandbox/lib/python3.8/site-packages/airflow/example_dags/example_branch_day_of_week_operator.py for tasks to queue
[2022-04-12 04:18:29,766] {logging_mixin.py:104} INFO - [2022-04-12 04:18:29,765] {dagbag.py:487} INFO - Filling up the DagBag from /home/airflow/sandbox/lib/python3.8/site-packages/airflow/example_dags/example_branch_day_of_week_operator.py
[2022-04-12 04:18:29,817] {scheduler_job.py:643} INFO - DAG(s) dict_keys(['example_weekday_branch_operator']) retrieved from /home/airflow/sandbox/lib/python3.8/site-packages/airflow/example_dags/example_branch_day_of_week_operator.py
[2022-04-12 04:18:29,963] {logging_mixin.py:104} INFO - [2022-04-12 04:18:29,963] {dag.py:1832} INFO - Sync 1 DAGs
[2022-04-12 04:18:30,040] {logging_mixin.py:104} INFO - [2022-04-12 04:18:30,040] {dag.py:2305} INFO - Setting next_dagrun for example_weekday_branch_operator to 2022-04-10 00:00:00+00:00
[2022-04-12 04:18:30,244] {scheduler_job.py:190} INFO - Processing /home/airflow/sandbox/lib/python3.8/site-packages/airflow/example_dags/example_branch_day_of_week_operator.py took 0.510 seconds
[2022-04-12 04:19:00,501] {scheduler_job.py:182} INFO - Started process (PID=88602) to work on /home/airflow/sandbox/lib/python3.8/site-packages/airflow/example_dags/example_branch_day_of_week_operator.py
[2022-04-12 04:19:00,504] {scheduler_job.py:633} INFO - Processing file /home/airflow/sandbox/lib/python3.8/site-packages/airflow/example_dags/example_branch_day_of_week_operator.py for tasks to queue
[2022-04-12 04:19:00,505] {logging_mixin.py:104} INFO - [2022-04-12 04:19:00,505] {dagbag.py:487} INFO - Filling up the DagBag from /home/airflow/sandbox/lib/python3.8/site-packages/airflow/example_dags/example_branch_day_of_week_operator.py
[2022-04-12 04:19:00,520] {scheduler_job.py:643} INFO - DAG(s) dict_keys(['example_weekday_branch_operator']) retrieved from /home/airflow/sandbox/lib/python3.8/site-packages/airflow/example_dags/example_branch_day_of_week_operator.py
[2022-04-12 04:19:00,567] {logging_mixin.py:104} INFO - [2022-04-12 04:19:00,567] {dag.py:1832} INFO - Sync 1 DAGs
[2022-04-12 04:19:00,605] {logging_mixin.py:104} INFO - [2022-04-12 04:19:00,605] {dag.py:2305} INFO - Setting next_dagrun for example_weekday_branch_operator to 2022-04-10 00:00:00+00:00
[2022-04-12 04:19:00,659] {scheduler_job.py:190} INFO - Processing /home/airflow/sandbox/lib/python3.8/site-packages/airflow/example_dags/example_branch_day_of_week_operator.py took 0.164 seconds
[2022-04-12 04:19:31,036] {scheduler_job.py:182} INFO - Started process (PID=88977) to work on /home/airflow/sandbox/lib/python3.8/site-packages/airflow/example_dags/example_branch_day_of_week_operator.py
[2022-04-12 04:19:31,038] {scheduler_job.py:633} INFO - Processing file /home/airflow/sandbox/lib/python3.8/site-packages/airflow/example_dags/example_branch_day_of_week_operator.py for tasks to queue
[2022-04-12 04:19:31,046] {logging_mixin.py:104} INFO - [2022-04-12 04:19:31,045] {dagbag.py:487} INFO - Filling up the DagBag from /home/airflow/sandbox/lib/python3.8/site-packages/airflow/example_dags/example_branch_day_of_week_operator.py
[2022-04-12 04:19:31,061] {scheduler_job.py:643} INFO - DAG(s) dict_keys(['example_weekday_branch_operator']) retrieved from /home/airflow/sandbox/lib/python3.8/site-packages/airflow/example_dags/example_branch_day_of_week_operator.py
[2022-04-12 04:19:31,183] {logging_mixin.py:104} INFO - [2022-04-12 04:19:31,183] {dag.py:1832} INFO - Sync 1 DAGs
[2022-04-12 04:19:31,270] {logging_mixin.py:104} INFO - [2022-04-12 04:19:31,270] {dag.py:2305} INFO - Setting next_dagrun for example_weekday_branch_operator to 2022-04-10 00:00:00+00:00
[2022-04-12 04:19:31,452] {scheduler_job.py:190} INFO - Processing /home/airflow/sandbox/lib/python3.8/site-packages/airflow/example_dags/example_branch_day_of_week_operator.py took 0.434 seconds
[2022-04-12 04:20:01,944] {scheduler_job.py:182} INFO - Started process (PID=89616) to work on /home/airflow/sandbox/lib/python3.8/site-packages/airflow/example_dags/example_branch_day_of_week_operator.py
[2022-04-12 04:20:01,962] {scheduler_job.py:633} INFO - Processing file /home/airflow/sandbox/lib/python3.8/site-packages/airflow/example_dags/example_branch_day_of_week_operator.py for tasks to queue
[2022-04-12 04:20:01,964] {logging_mixin.py:104} INFO - [2022-04-12 04:20:01,964] {dagbag.py:487} INFO - Filling up the DagBag from /home/airflow/sandbox/lib/python3.8/site-packages/airflow/example_dags/example_branch_day_of_week_operator.py
[2022-04-12 04:20:02,004] {scheduler_job.py:643} INFO - DAG(s) dict_keys(['example_weekday_branch_operator']) retrieved from /home/airflow/sandbox/lib/python3.8/site-packages/airflow/example_dags/example_branch_day_of_week_operator.py
[2022-04-12 04:20:02,130] {logging_mixin.py:104} INFO - [2022-04-12 04:20:02,129] {dag.py:1832} INFO - Sync 1 DAGs
[2022-04-12 04:20:02,207] {logging_mixin.py:104} INFO - [2022-04-12 04:20:02,207] {dag.py:2305} INFO - Setting next_dagrun for example_weekday_branch_operator to 2022-04-10 00:00:00+00:00
[2022-04-12 04:20:02,475] {scheduler_job.py:190} INFO - Processing /home/airflow/sandbox/lib/python3.8/site-packages/airflow/example_dags/example_branch_day_of_week_operator.py took 0.548 seconds
[2022-04-12 04:20:32,705] {scheduler_job.py:182} INFO - Started process (PID=89980) to work on /home/airflow/sandbox/lib/python3.8/site-packages/airflow/example_dags/example_branch_day_of_week_operator.py
[2022-04-12 04:20:32,725] {scheduler_job.py:633} INFO - Processing file /home/airflow/sandbox/lib/python3.8/site-packages/airflow/example_dags/example_branch_day_of_week_operator.py for tasks to queue
[2022-04-12 04:20:32,730] {logging_mixin.py:104} INFO - [2022-04-12 04:20:32,729] {dagbag.py:487} INFO - Filling up the DagBag from /home/airflow/sandbox/lib/python3.8/site-packages/airflow/example_dags/example_branch_day_of_week_operator.py
[2022-04-12 04:20:32,804] {scheduler_job.py:643} INFO - DAG(s) dict_keys(['example_weekday_branch_operator']) retrieved from /home/airflow/sandbox/lib/python3.8/site-packages/airflow/example_dags/example_branch_day_of_week_operator.py
[2022-04-12 04:20:33,003] {logging_mixin.py:104} INFO - [2022-04-12 04:20:33,003] {dag.py:1832} INFO - Sync 1 DAGs
[2022-04-12 04:20:33,087] {logging_mixin.py:104} INFO - [2022-04-12 04:20:33,072] {dag.py:2305} INFO - Setting next_dagrun for example_weekday_branch_operator to 2022-04-10 00:00:00+00:00
[2022-04-12 04:20:33,210] {scheduler_job.py:190} INFO - Processing /home/airflow/sandbox/lib/python3.8/site-packages/airflow/example_dags/example_branch_day_of_week_operator.py took 0.551 seconds
[2022-04-12 04:21:03,737] {scheduler_job.py:182} INFO - Started process (PID=90240) to work on /home/airflow/sandbox/lib/python3.8/site-packages/airflow/example_dags/example_branch_day_of_week_operator.py
[2022-04-12 04:21:03,768] {scheduler_job.py:633} INFO - Processing file /home/airflow/sandbox/lib/python3.8/site-packages/airflow/example_dags/example_branch_day_of_week_operator.py for tasks to queue
[2022-04-12 04:21:03,776] {logging_mixin.py:104} INFO - [2022-04-12 04:21:03,775] {dagbag.py:487} INFO - Filling up the DagBag from /home/airflow/sandbox/lib/python3.8/site-packages/airflow/example_dags/example_branch_day_of_week_operator.py
[2022-04-12 04:21:03,896] {scheduler_job.py:643} INFO - DAG(s) dict_keys(['example_weekday_branch_operator']) retrieved from /home/airflow/sandbox/lib/python3.8/site-packages/airflow/example_dags/example_branch_day_of_week_operator.py
[2022-04-12 04:21:04,144] {logging_mixin.py:104} INFO - [2022-04-12 04:21:04,143] {dag.py:1832} INFO - Sync 1 DAGs
[2022-04-12 04:21:04,393] {logging_mixin.py:104} INFO - [2022-04-12 04:21:04,359] {dag.py:2305} INFO - Setting next_dagrun for example_weekday_branch_operator to 2022-04-10 00:00:00+00:00
[2022-04-12 04:21:04,681] {scheduler_job.py:190} INFO - Processing /home/airflow/sandbox/lib/python3.8/site-packages/airflow/example_dags/example_branch_day_of_week_operator.py took 0.976 seconds
[2022-04-12 04:21:35,074] {scheduler_job.py:182} INFO - Started process (PID=90442) to work on /home/airflow/sandbox/lib/python3.8/site-packages/airflow/example_dags/example_branch_day_of_week_operator.py
[2022-04-12 04:21:35,092] {scheduler_job.py:633} INFO - Processing file /home/airflow/sandbox/lib/python3.8/site-packages/airflow/example_dags/example_branch_day_of_week_operator.py for tasks to queue
[2022-04-12 04:21:35,094] {logging_mixin.py:104} INFO - [2022-04-12 04:21:35,093] {dagbag.py:487} INFO - Filling up the DagBag from /home/airflow/sandbox/lib/python3.8/site-packages/airflow/example_dags/example_branch_day_of_week_operator.py
[2022-04-12 04:21:35,139] {scheduler_job.py:643} INFO - DAG(s) dict_keys(['example_weekday_branch_operator']) retrieved from /home/airflow/sandbox/lib/python3.8/site-packages/airflow/example_dags/example_branch_day_of_week_operator.py
[2022-04-12 04:21:35,357] {logging_mixin.py:104} INFO - [2022-04-12 04:21:35,357] {dag.py:1832} INFO - Sync 1 DAGs
[2022-04-12 04:21:35,467] {logging_mixin.py:104} INFO - [2022-04-12 04:21:35,467] {dag.py:2305} INFO - Setting next_dagrun for example_weekday_branch_operator to 2022-04-10 00:00:00+00:00
[2022-04-12 04:21:35,590] {scheduler_job.py:190} INFO - Processing /home/airflow/sandbox/lib/python3.8/site-packages/airflow/example_dags/example_branch_day_of_week_operator.py took 0.546 seconds
[2022-04-12 04:22:05,933] {scheduler_job.py:182} INFO - Started process (PID=90699) to work on /home/airflow/sandbox/lib/python3.8/site-packages/airflow/example_dags/example_branch_day_of_week_operator.py
[2022-04-12 04:22:05,941] {scheduler_job.py:633} INFO - Processing file /home/airflow/sandbox/lib/python3.8/site-packages/airflow/example_dags/example_branch_day_of_week_operator.py for tasks to queue
[2022-04-12 04:22:05,942] {logging_mixin.py:104} INFO - [2022-04-12 04:22:05,942] {dagbag.py:487} INFO - Filling up the DagBag from /home/airflow/sandbox/lib/python3.8/site-packages/airflow/example_dags/example_branch_day_of_week_operator.py
[2022-04-12 04:22:05,978] {scheduler_job.py:643} INFO - DAG(s) dict_keys(['example_weekday_branch_operator']) retrieved from /home/airflow/sandbox/lib/python3.8/site-packages/airflow/example_dags/example_branch_day_of_week_operator.py
[2022-04-12 04:22:06,117] {logging_mixin.py:104} INFO - [2022-04-12 04:22:06,117] {dag.py:1832} INFO - Sync 1 DAGs
[2022-04-12 04:22:06,192] {logging_mixin.py:104} INFO - [2022-04-12 04:22:06,192] {dag.py:2305} INFO - Setting next_dagrun for example_weekday_branch_operator to 2022-04-10 00:00:00+00:00
[2022-04-12 04:22:06,359] {scheduler_job.py:190} INFO - Processing /home/airflow/sandbox/lib/python3.8/site-packages/airflow/example_dags/example_branch_day_of_week_operator.py took 0.447 seconds
[2022-04-12 04:22:37,080] {scheduler_job.py:182} INFO - Started process (PID=91004) to work on /home/airflow/sandbox/lib/python3.8/site-packages/airflow/example_dags/example_branch_day_of_week_operator.py
[2022-04-12 04:22:37,102] {scheduler_job.py:633} INFO - Processing file /home/airflow/sandbox/lib/python3.8/site-packages/airflow/example_dags/example_branch_day_of_week_operator.py for tasks to queue
[2022-04-12 04:22:37,104] {logging_mixin.py:104} INFO - [2022-04-12 04:22:37,103] {dagbag.py:487} INFO - Filling up the DagBag from /home/airflow/sandbox/lib/python3.8/site-packages/airflow/example_dags/example_branch_day_of_week_operator.py
[2022-04-12 04:22:37,131] {scheduler_job.py:643} INFO - DAG(s) dict_keys(['example_weekday_branch_operator']) retrieved from /home/airflow/sandbox/lib/python3.8/site-packages/airflow/example_dags/example_branch_day_of_week_operator.py
[2022-04-12 04:22:37,185] {logging_mixin.py:104} INFO - [2022-04-12 04:22:37,185] {dag.py:1832} INFO - Sync 1 DAGs
[2022-04-12 04:22:37,243] {logging_mixin.py:104} INFO - [2022-04-12 04:22:37,242] {dag.py:2305} INFO - Setting next_dagrun for example_weekday_branch_operator to 2022-04-10 00:00:00+00:00
[2022-04-12 04:22:37,384] {scheduler_job.py:190} INFO - Processing /home/airflow/sandbox/lib/python3.8/site-packages/airflow/example_dags/example_branch_day_of_week_operator.py took 0.313 seconds
[2022-04-12 04:23:10,780] {scheduler_job.py:182} INFO - Started process (PID=91203) to work on /home/airflow/sandbox/lib/python3.8/site-packages/airflow/example_dags/example_branch_day_of_week_operator.py
[2022-04-12 04:23:10,788] {scheduler_job.py:633} INFO - Processing file /home/airflow/sandbox/lib/python3.8/site-packages/airflow/example_dags/example_branch_day_of_week_operator.py for tasks to queue
[2022-04-12 04:23:10,791] {logging_mixin.py:104} INFO - [2022-04-12 04:23:10,791] {dagbag.py:487} INFO - Filling up the DagBag from /home/airflow/sandbox/lib/python3.8/site-packages/airflow/example_dags/example_branch_day_of_week_operator.py
[2022-04-12 04:23:10,829] {scheduler_job.py:643} INFO - DAG(s) dict_keys(['example_weekday_branch_operator']) retrieved from /home/airflow/sandbox/lib/python3.8/site-packages/airflow/example_dags/example_branch_day_of_week_operator.py
[2022-04-12 04:23:11,032] {logging_mixin.py:104} INFO - [2022-04-12 04:23:11,031] {dag.py:1832} INFO - Sync 1 DAGs
[2022-04-12 04:23:11,329] {logging_mixin.py:104} INFO - [2022-04-12 04:23:11,329] {dag.py:2305} INFO - Setting next_dagrun for example_weekday_branch_operator to 2022-04-10 00:00:00+00:00
[2022-04-12 04:23:11,499] {scheduler_job.py:190} INFO - Processing /home/airflow/sandbox/lib/python3.8/site-packages/airflow/example_dags/example_branch_day_of_week_operator.py took 0.732 seconds
[2022-04-12 04:23:43,212] {scheduler_job.py:182} INFO - Started process (PID=91403) to work on /home/airflow/sandbox/lib/python3.8/site-packages/airflow/example_dags/example_branch_day_of_week_operator.py
[2022-04-12 04:23:43,224] {scheduler_job.py:633} INFO - Processing file /home/airflow/sandbox/lib/python3.8/site-packages/airflow/example_dags/example_branch_day_of_week_operator.py for tasks to queue
[2022-04-12 04:23:43,226] {logging_mixin.py:104} INFO - [2022-04-12 04:23:43,225] {dagbag.py:487} INFO - Filling up the DagBag from /home/airflow/sandbox/lib/python3.8/site-packages/airflow/example_dags/example_branch_day_of_week_operator.py
[2022-04-12 04:23:43,325] {scheduler_job.py:643} INFO - DAG(s) dict_keys(['example_weekday_branch_operator']) retrieved from /home/airflow/sandbox/lib/python3.8/site-packages/airflow/example_dags/example_branch_day_of_week_operator.py
[2022-04-12 04:23:43,458] {logging_mixin.py:104} INFO - [2022-04-12 04:23:43,458] {dag.py:1832} INFO - Sync 1 DAGs
[2022-04-12 04:23:43,544] {logging_mixin.py:104} INFO - [2022-04-12 04:23:43,543] {dag.py:2305} INFO - Setting next_dagrun for example_weekday_branch_operator to 2022-04-10 00:00:00+00:00
[2022-04-12 04:23:43,669] {scheduler_job.py:190} INFO - Processing /home/airflow/sandbox/lib/python3.8/site-packages/airflow/example_dags/example_branch_day_of_week_operator.py took 0.486 seconds
[2022-04-12 04:24:16,815] {scheduler_job.py:182} INFO - Started process (PID=91596) to work on /home/airflow/sandbox/lib/python3.8/site-packages/airflow/example_dags/example_branch_day_of_week_operator.py
[2022-04-12 04:24:16,827] {scheduler_job.py:633} INFO - Processing file /home/airflow/sandbox/lib/python3.8/site-packages/airflow/example_dags/example_branch_day_of_week_operator.py for tasks to queue
[2022-04-12 04:24:16,836] {logging_mixin.py:104} INFO - [2022-04-12 04:24:16,836] {dagbag.py:487} INFO - Filling up the DagBag from /home/airflow/sandbox/lib/python3.8/site-packages/airflow/example_dags/example_branch_day_of_week_operator.py
[2022-04-12 04:24:16,940] {scheduler_job.py:643} INFO - DAG(s) dict_keys(['example_weekday_branch_operator']) retrieved from /home/airflow/sandbox/lib/python3.8/site-packages/airflow/example_dags/example_branch_day_of_week_operator.py
[2022-04-12 04:24:17,111] {logging_mixin.py:104} INFO - [2022-04-12 04:24:17,111] {dag.py:1832} INFO - Sync 1 DAGs
[2022-04-12 04:24:17,261] {logging_mixin.py:104} INFO - [2022-04-12 04:24:17,260] {dag.py:2305} INFO - Setting next_dagrun for example_weekday_branch_operator to 2022-04-10 00:00:00+00:00
[2022-04-12 04:24:17,400] {scheduler_job.py:190} INFO - Processing /home/airflow/sandbox/lib/python3.8/site-packages/airflow/example_dags/example_branch_day_of_week_operator.py took 0.617 seconds
[2022-04-12 04:24:49,086] {scheduler_job.py:182} INFO - Started process (PID=92034) to work on /home/airflow/sandbox/lib/python3.8/site-packages/airflow/example_dags/example_branch_day_of_week_operator.py
[2022-04-12 04:24:49,096] {scheduler_job.py:633} INFO - Processing file /home/airflow/sandbox/lib/python3.8/site-packages/airflow/example_dags/example_branch_day_of_week_operator.py for tasks to queue
[2022-04-12 04:24:49,098] {logging_mixin.py:104} INFO - [2022-04-12 04:24:49,098] {dagbag.py:487} INFO - Filling up the DagBag from /home/airflow/sandbox/lib/python3.8/site-packages/airflow/example_dags/example_branch_day_of_week_operator.py
[2022-04-12 04:24:49,219] {scheduler_job.py:643} INFO - DAG(s) dict_keys(['example_weekday_branch_operator']) retrieved from /home/airflow/sandbox/lib/python3.8/site-packages/airflow/example_dags/example_branch_day_of_week_operator.py
[2022-04-12 04:24:49,503] {logging_mixin.py:104} INFO - [2022-04-12 04:24:49,503] {dag.py:1832} INFO - Sync 1 DAGs
[2022-04-12 04:24:49,659] {logging_mixin.py:104} INFO - [2022-04-12 04:24:49,658] {dag.py:2305} INFO - Setting next_dagrun for example_weekday_branch_operator to 2022-04-10 00:00:00+00:00
[2022-04-12 04:24:49,792] {scheduler_job.py:190} INFO - Processing /home/airflow/sandbox/lib/python3.8/site-packages/airflow/example_dags/example_branch_day_of_week_operator.py took 0.729 seconds
[2022-04-12 04:25:20,055] {scheduler_job.py:182} INFO - Started process (PID=92231) to work on /home/airflow/sandbox/lib/python3.8/site-packages/airflow/example_dags/example_branch_day_of_week_operator.py
[2022-04-12 04:25:20,087] {scheduler_job.py:633} INFO - Processing file /home/airflow/sandbox/lib/python3.8/site-packages/airflow/example_dags/example_branch_day_of_week_operator.py for tasks to queue
[2022-04-12 04:25:20,093] {logging_mixin.py:104} INFO - [2022-04-12 04:25:20,093] {dagbag.py:487} INFO - Filling up the DagBag from /home/airflow/sandbox/lib/python3.8/site-packages/airflow/example_dags/example_branch_day_of_week_operator.py
[2022-04-12 04:25:20,132] {scheduler_job.py:643} INFO - DAG(s) dict_keys(['example_weekday_branch_operator']) retrieved from /home/airflow/sandbox/lib/python3.8/site-packages/airflow/example_dags/example_branch_day_of_week_operator.py
[2022-04-12 04:25:20,446] {logging_mixin.py:104} INFO - [2022-04-12 04:25:20,446] {dag.py:1832} INFO - Sync 1 DAGs
[2022-04-12 04:25:20,518] {logging_mixin.py:104} INFO - [2022-04-12 04:25:20,518] {dag.py:2305} INFO - Setting next_dagrun for example_weekday_branch_operator to 2022-04-10 00:00:00+00:00
[2022-04-12 04:25:20,594] {scheduler_job.py:190} INFO - Processing /home/airflow/sandbox/lib/python3.8/site-packages/airflow/example_dags/example_branch_day_of_week_operator.py took 0.554 seconds
[2022-04-12 04:25:50,766] {scheduler_job.py:182} INFO - Started process (PID=92425) to work on /home/airflow/sandbox/lib/python3.8/site-packages/airflow/example_dags/example_branch_day_of_week_operator.py
[2022-04-12 04:25:50,776] {scheduler_job.py:633} INFO - Processing file /home/airflow/sandbox/lib/python3.8/site-packages/airflow/example_dags/example_branch_day_of_week_operator.py for tasks to queue
[2022-04-12 04:25:50,779] {logging_mixin.py:104} INFO - [2022-04-12 04:25:50,779] {dagbag.py:487} INFO - Filling up the DagBag from /home/airflow/sandbox/lib/python3.8/site-packages/airflow/example_dags/example_branch_day_of_week_operator.py
[2022-04-12 04:25:50,829] {scheduler_job.py:643} INFO - DAG(s) dict_keys(['example_weekday_branch_operator']) retrieved from /home/airflow/sandbox/lib/python3.8/site-packages/airflow/example_dags/example_branch_day_of_week_operator.py
[2022-04-12 04:25:51,150] {logging_mixin.py:104} INFO - [2022-04-12 04:25:51,150] {dag.py:1832} INFO - Sync 1 DAGs
[2022-04-12 04:25:51,311] {logging_mixin.py:104} INFO - [2022-04-12 04:25:51,310] {dag.py:2305} INFO - Setting next_dagrun for example_weekday_branch_operator to 2022-04-10 00:00:00+00:00
[2022-04-12 04:25:51,426] {scheduler_job.py:190} INFO - Processing /home/airflow/sandbox/lib/python3.8/site-packages/airflow/example_dags/example_branch_day_of_week_operator.py took 0.719 seconds
[2022-04-12 04:26:22,100] {scheduler_job.py:182} INFO - Started process (PID=92626) to work on /home/airflow/sandbox/lib/python3.8/site-packages/airflow/example_dags/example_branch_day_of_week_operator.py
[2022-04-12 04:26:22,103] {scheduler_job.py:633} INFO - Processing file /home/airflow/sandbox/lib/python3.8/site-packages/airflow/example_dags/example_branch_day_of_week_operator.py for tasks to queue
[2022-04-12 04:26:22,104] {logging_mixin.py:104} INFO - [2022-04-12 04:26:22,104] {dagbag.py:487} INFO - Filling up the DagBag from /home/airflow/sandbox/lib/python3.8/site-packages/airflow/example_dags/example_branch_day_of_week_operator.py
[2022-04-12 04:26:22,120] {scheduler_job.py:643} INFO - DAG(s) dict_keys(['example_weekday_branch_operator']) retrieved from /home/airflow/sandbox/lib/python3.8/site-packages/airflow/example_dags/example_branch_day_of_week_operator.py
[2022-04-12 04:26:22,200] {logging_mixin.py:104} INFO - [2022-04-12 04:26:22,200] {dag.py:1832} INFO - Sync 1 DAGs
[2022-04-12 04:26:22,244] {logging_mixin.py:104} INFO - [2022-04-12 04:26:22,243] {dag.py:2305} INFO - Setting next_dagrun for example_weekday_branch_operator to 2022-04-10 00:00:00+00:00
[2022-04-12 04:26:22,308] {scheduler_job.py:190} INFO - Processing /home/airflow/sandbox/lib/python3.8/site-packages/airflow/example_dags/example_branch_day_of_week_operator.py took 0.217 seconds
[2022-04-12 04:26:52,599] {scheduler_job.py:182} INFO - Started process (PID=92826) to work on /home/airflow/sandbox/lib/python3.8/site-packages/airflow/example_dags/example_branch_day_of_week_operator.py
[2022-04-12 04:26:52,606] {scheduler_job.py:633} INFO - Processing file /home/airflow/sandbox/lib/python3.8/site-packages/airflow/example_dags/example_branch_day_of_week_operator.py for tasks to queue
[2022-04-12 04:26:52,607] {logging_mixin.py:104} INFO - [2022-04-12 04:26:52,607] {dagbag.py:487} INFO - Filling up the DagBag from /home/airflow/sandbox/lib/python3.8/site-packages/airflow/example_dags/example_branch_day_of_week_operator.py
[2022-04-12 04:26:52,633] {scheduler_job.py:643} INFO - DAG(s) dict_keys(['example_weekday_branch_operator']) retrieved from /home/airflow/sandbox/lib/python3.8/site-packages/airflow/example_dags/example_branch_day_of_week_operator.py
[2022-04-12 04:26:52,763] {logging_mixin.py:104} INFO - [2022-04-12 04:26:52,763] {dag.py:1832} INFO - Sync 1 DAGs
[2022-04-12 04:26:52,872] {logging_mixin.py:104} INFO - [2022-04-12 04:26:52,871] {dag.py:2305} INFO - Setting next_dagrun for example_weekday_branch_operator to 2022-04-10 00:00:00+00:00
[2022-04-12 04:26:52,923] {scheduler_job.py:190} INFO - Processing /home/airflow/sandbox/lib/python3.8/site-packages/airflow/example_dags/example_branch_day_of_week_operator.py took 0.346 seconds
[2022-04-12 04:27:23,302] {scheduler_job.py:182} INFO - Started process (PID=93023) to work on /home/airflow/sandbox/lib/python3.8/site-packages/airflow/example_dags/example_branch_day_of_week_operator.py
[2022-04-12 04:27:23,311] {scheduler_job.py:633} INFO - Processing file /home/airflow/sandbox/lib/python3.8/site-packages/airflow/example_dags/example_branch_day_of_week_operator.py for tasks to queue
[2022-04-12 04:27:23,312] {logging_mixin.py:104} INFO - [2022-04-12 04:27:23,312] {dagbag.py:487} INFO - Filling up the DagBag from /home/airflow/sandbox/lib/python3.8/site-packages/airflow/example_dags/example_branch_day_of_week_operator.py
[2022-04-12 04:27:23,363] {scheduler_job.py:643} INFO - DAG(s) dict_keys(['example_weekday_branch_operator']) retrieved from /home/airflow/sandbox/lib/python3.8/site-packages/airflow/example_dags/example_branch_day_of_week_operator.py
[2022-04-12 04:27:23,541] {logging_mixin.py:104} INFO - [2022-04-12 04:27:23,540] {dag.py:1832} INFO - Sync 1 DAGs
[2022-04-12 04:27:23,651] {logging_mixin.py:104} INFO - [2022-04-12 04:27:23,650] {dag.py:2305} INFO - Setting next_dagrun for example_weekday_branch_operator to 2022-04-10 00:00:00+00:00
[2022-04-12 04:27:23,710] {scheduler_job.py:190} INFO - Processing /home/airflow/sandbox/lib/python3.8/site-packages/airflow/example_dags/example_branch_day_of_week_operator.py took 0.429 seconds
[2022-04-12 04:27:54,534] {scheduler_job.py:182} INFO - Started process (PID=93224) to work on /home/airflow/sandbox/lib/python3.8/site-packages/airflow/example_dags/example_branch_day_of_week_operator.py
[2022-04-12 04:27:54,539] {scheduler_job.py:633} INFO - Processing file /home/airflow/sandbox/lib/python3.8/site-packages/airflow/example_dags/example_branch_day_of_week_operator.py for tasks to queue
[2022-04-12 04:27:54,542] {logging_mixin.py:104} INFO - [2022-04-12 04:27:54,541] {dagbag.py:487} INFO - Filling up the DagBag from /home/airflow/sandbox/lib/python3.8/site-packages/airflow/example_dags/example_branch_day_of_week_operator.py
[2022-04-12 04:27:54,582] {scheduler_job.py:643} INFO - DAG(s) dict_keys(['example_weekday_branch_operator']) retrieved from /home/airflow/sandbox/lib/python3.8/site-packages/airflow/example_dags/example_branch_day_of_week_operator.py
[2022-04-12 04:27:54,710] {logging_mixin.py:104} INFO - [2022-04-12 04:27:54,710] {dag.py:1832} INFO - Sync 1 DAGs
[2022-04-12 04:27:54,748] {logging_mixin.py:104} INFO - [2022-04-12 04:27:54,748] {dag.py:2305} INFO - Setting next_dagrun for example_weekday_branch_operator to 2022-04-10 00:00:00+00:00
[2022-04-12 04:27:54,792] {scheduler_job.py:190} INFO - Processing /home/airflow/sandbox/lib/python3.8/site-packages/airflow/example_dags/example_branch_day_of_week_operator.py took 0.276 seconds
[2022-04-12 04:28:25,564] {scheduler_job.py:182} INFO - Started process (PID=93421) to work on /home/airflow/sandbox/lib/python3.8/site-packages/airflow/example_dags/example_branch_day_of_week_operator.py
[2022-04-12 04:28:25,606] {scheduler_job.py:633} INFO - Processing file /home/airflow/sandbox/lib/python3.8/site-packages/airflow/example_dags/example_branch_day_of_week_operator.py for tasks to queue
[2022-04-12 04:28:25,617] {logging_mixin.py:104} INFO - [2022-04-12 04:28:25,617] {dagbag.py:487} INFO - Filling up the DagBag from /home/airflow/sandbox/lib/python3.8/site-packages/airflow/example_dags/example_branch_day_of_week_operator.py
[2022-04-12 04:28:25,649] {scheduler_job.py:643} INFO - DAG(s) dict_keys(['example_weekday_branch_operator']) retrieved from /home/airflow/sandbox/lib/python3.8/site-packages/airflow/example_dags/example_branch_day_of_week_operator.py
[2022-04-12 04:28:25,805] {logging_mixin.py:104} INFO - [2022-04-12 04:28:25,805] {dag.py:1832} INFO - Sync 1 DAGs
[2022-04-12 04:28:25,859] {logging_mixin.py:104} INFO - [2022-04-12 04:28:25,858] {dag.py:2305} INFO - Setting next_dagrun for example_weekday_branch_operator to 2022-04-10 00:00:00+00:00
[2022-04-12 04:28:25,917] {scheduler_job.py:190} INFO - Processing /home/airflow/sandbox/lib/python3.8/site-packages/airflow/example_dags/example_branch_day_of_week_operator.py took 0.378 seconds
[2022-04-12 04:28:56,856] {scheduler_job.py:182} INFO - Started process (PID=93620) to work on /home/airflow/sandbox/lib/python3.8/site-packages/airflow/example_dags/example_branch_day_of_week_operator.py
[2022-04-12 04:28:56,867] {scheduler_job.py:633} INFO - Processing file /home/airflow/sandbox/lib/python3.8/site-packages/airflow/example_dags/example_branch_day_of_week_operator.py for tasks to queue
[2022-04-12 04:28:56,873] {logging_mixin.py:104} INFO - [2022-04-12 04:28:56,873] {dagbag.py:487} INFO - Filling up the DagBag from /home/airflow/sandbox/lib/python3.8/site-packages/airflow/example_dags/example_branch_day_of_week_operator.py
[2022-04-12 04:28:56,916] {scheduler_job.py:643} INFO - DAG(s) dict_keys(['example_weekday_branch_operator']) retrieved from /home/airflow/sandbox/lib/python3.8/site-packages/airflow/example_dags/example_branch_day_of_week_operator.py
[2022-04-12 04:28:56,994] {logging_mixin.py:104} INFO - [2022-04-12 04:28:56,994] {dag.py:1832} INFO - Sync 1 DAGs
[2022-04-12 04:28:57,058] {logging_mixin.py:104} INFO - [2022-04-12 04:28:57,058] {dag.py:2305} INFO - Setting next_dagrun for example_weekday_branch_operator to 2022-04-10 00:00:00+00:00
[2022-04-12 04:28:57,097] {scheduler_job.py:190} INFO - Processing /home/airflow/sandbox/lib/python3.8/site-packages/airflow/example_dags/example_branch_day_of_week_operator.py took 0.251 seconds
[2022-04-12 04:30:36,796] {scheduler_job.py:182} INFO - Started process (PID=94067) to work on /home/airflow/sandbox/lib/python3.8/site-packages/airflow/example_dags/example_branch_day_of_week_operator.py
[2022-04-12 04:30:36,799] {scheduler_job.py:633} INFO - Processing file /home/airflow/sandbox/lib/python3.8/site-packages/airflow/example_dags/example_branch_day_of_week_operator.py for tasks to queue
[2022-04-12 04:30:36,803] {logging_mixin.py:104} INFO - [2022-04-12 04:30:36,803] {dagbag.py:487} INFO - Filling up the DagBag from /home/airflow/sandbox/lib/python3.8/site-packages/airflow/example_dags/example_branch_day_of_week_operator.py
[2022-04-12 04:30:36,839] {scheduler_job.py:643} INFO - DAG(s) dict_keys(['example_weekday_branch_operator']) retrieved from /home/airflow/sandbox/lib/python3.8/site-packages/airflow/example_dags/example_branch_day_of_week_operator.py
[2022-04-12 04:30:36,994] {logging_mixin.py:104} INFO - [2022-04-12 04:30:36,994] {dag.py:1832} INFO - Sync 1 DAGs
[2022-04-12 04:30:37,094] {logging_mixin.py:104} INFO - [2022-04-12 04:30:37,094] {dag.py:2305} INFO - Setting next_dagrun for example_weekday_branch_operator to 2022-04-10 00:00:00+00:00
[2022-04-12 04:30:37,189] {scheduler_job.py:190} INFO - Processing /home/airflow/sandbox/lib/python3.8/site-packages/airflow/example_dags/example_branch_day_of_week_operator.py took 0.413 seconds
[2022-04-12 04:31:09,633] {scheduler_job.py:182} INFO - Started process (PID=94266) to work on /home/airflow/sandbox/lib/python3.8/site-packages/airflow/example_dags/example_branch_day_of_week_operator.py
[2022-04-12 04:31:09,651] {scheduler_job.py:633} INFO - Processing file /home/airflow/sandbox/lib/python3.8/site-packages/airflow/example_dags/example_branch_day_of_week_operator.py for tasks to queue
[2022-04-12 04:31:09,654] {logging_mixin.py:104} INFO - [2022-04-12 04:31:09,653] {dagbag.py:487} INFO - Filling up the DagBag from /home/airflow/sandbox/lib/python3.8/site-packages/airflow/example_dags/example_branch_day_of_week_operator.py
[2022-04-12 04:31:09,721] {scheduler_job.py:643} INFO - DAG(s) dict_keys(['example_weekday_branch_operator']) retrieved from /home/airflow/sandbox/lib/python3.8/site-packages/airflow/example_dags/example_branch_day_of_week_operator.py
[2022-04-12 04:31:09,936] {logging_mixin.py:104} INFO - [2022-04-12 04:31:09,935] {dag.py:1832} INFO - Sync 1 DAGs
[2022-04-12 04:31:10,187] {logging_mixin.py:104} INFO - [2022-04-12 04:31:10,186] {dag.py:2305} INFO - Setting next_dagrun for example_weekday_branch_operator to 2022-04-10 00:00:00+00:00
[2022-04-12 04:31:10,295] {scheduler_job.py:190} INFO - Processing /home/airflow/sandbox/lib/python3.8/site-packages/airflow/example_dags/example_branch_day_of_week_operator.py took 0.709 seconds
[2022-04-12 04:31:41,957] {scheduler_job.py:182} INFO - Started process (PID=94460) to work on /home/airflow/sandbox/lib/python3.8/site-packages/airflow/example_dags/example_branch_day_of_week_operator.py
[2022-04-12 04:31:41,985] {scheduler_job.py:633} INFO - Processing file /home/airflow/sandbox/lib/python3.8/site-packages/airflow/example_dags/example_branch_day_of_week_operator.py for tasks to queue
[2022-04-12 04:31:42,000] {logging_mixin.py:104} INFO - [2022-04-12 04:31:41,988] {dagbag.py:487} INFO - Filling up the DagBag from /home/airflow/sandbox/lib/python3.8/site-packages/airflow/example_dags/example_branch_day_of_week_operator.py
[2022-04-12 04:31:42,098] {scheduler_job.py:643} INFO - DAG(s) dict_keys(['example_weekday_branch_operator']) retrieved from /home/airflow/sandbox/lib/python3.8/site-packages/airflow/example_dags/example_branch_day_of_week_operator.py
[2022-04-12 04:31:42,295] {logging_mixin.py:104} INFO - [2022-04-12 04:31:42,294] {dag.py:1832} INFO - Sync 1 DAGs
[2022-04-12 04:31:42,454] {logging_mixin.py:104} INFO - [2022-04-12 04:31:42,453] {dag.py:2305} INFO - Setting next_dagrun for example_weekday_branch_operator to 2022-04-10 00:00:00+00:00
[2022-04-12 04:31:42,642] {scheduler_job.py:190} INFO - Processing /home/airflow/sandbox/lib/python3.8/site-packages/airflow/example_dags/example_branch_day_of_week_operator.py took 0.707 seconds
[2022-04-12 04:32:15,575] {scheduler_job.py:182} INFO - Started process (PID=94659) to work on /home/airflow/sandbox/lib/python3.8/site-packages/airflow/example_dags/example_branch_day_of_week_operator.py
[2022-04-12 04:32:15,578] {scheduler_job.py:633} INFO - Processing file /home/airflow/sandbox/lib/python3.8/site-packages/airflow/example_dags/example_branch_day_of_week_operator.py for tasks to queue
[2022-04-12 04:32:15,579] {logging_mixin.py:104} INFO - [2022-04-12 04:32:15,579] {dagbag.py:487} INFO - Filling up the DagBag from /home/airflow/sandbox/lib/python3.8/site-packages/airflow/example_dags/example_branch_day_of_week_operator.py
[2022-04-12 04:32:15,592] {scheduler_job.py:643} INFO - DAG(s) dict_keys(['example_weekday_branch_operator']) retrieved from /home/airflow/sandbox/lib/python3.8/site-packages/airflow/example_dags/example_branch_day_of_week_operator.py
[2022-04-12 04:32:15,780] {logging_mixin.py:104} INFO - [2022-04-12 04:32:15,780] {dag.py:1832} INFO - Sync 1 DAGs
[2022-04-12 04:32:15,859] {logging_mixin.py:104} INFO - [2022-04-12 04:32:15,859] {dag.py:2305} INFO - Setting next_dagrun for example_weekday_branch_operator to 2022-04-10 00:00:00+00:00
[2022-04-12 04:32:15,954] {scheduler_job.py:190} INFO - Processing /home/airflow/sandbox/lib/python3.8/site-packages/airflow/example_dags/example_branch_day_of_week_operator.py took 0.388 seconds
