[2022-04-12 04:05:43,365] {scheduler_job.py:182} INFO - Started process (PID=82346) to work on /home/airflow/sandbox/lib/python3.8/site-packages/airflow/example_dags/example_task_group_decorator.py
[2022-04-12 04:05:43,498] {scheduler_job.py:633} INFO - Processing file /home/airflow/sandbox/lib/python3.8/site-packages/airflow/example_dags/example_task_group_decorator.py for tasks to queue
[2022-04-12 04:05:43,514] {logging_mixin.py:104} INFO - [2022-04-12 04:05:43,514] {dagbag.py:487} INFO - Filling up the DagBag from /home/airflow/sandbox/lib/python3.8/site-packages/airflow/example_dags/example_task_group_decorator.py
[2022-04-12 04:05:43,962] {scheduler_job.py:643} INFO - DAG(s) dict_keys(['example_task_group_decorator']) retrieved from /home/airflow/sandbox/lib/python3.8/site-packages/airflow/example_dags/example_task_group_decorator.py
[2022-04-12 04:05:48,769] {logging_mixin.py:104} INFO - [2022-04-12 04:05:48,769] {dag.py:1832} INFO - Sync 1 DAGs
[2022-04-12 04:05:49,001] {logging_mixin.py:104} INFO - [2022-04-12 04:05:49,001] {dag.py:2305} INFO - Setting next_dagrun for example_task_group_decorator to 2022-04-10 00:00:00+00:00
[2022-04-12 04:05:49,175] {scheduler_job.py:190} INFO - Processing /home/airflow/sandbox/lib/python3.8/site-packages/airflow/example_dags/example_task_group_decorator.py took 5.818 seconds
[2022-04-12 04:06:24,461] {scheduler_job.py:182} INFO - Started process (PID=83611) to work on /home/airflow/sandbox/lib/python3.8/site-packages/airflow/example_dags/example_task_group_decorator.py
[2022-04-12 04:06:24,483] {scheduler_job.py:633} INFO - Processing file /home/airflow/sandbox/lib/python3.8/site-packages/airflow/example_dags/example_task_group_decorator.py for tasks to queue
[2022-04-12 04:06:24,487] {logging_mixin.py:104} INFO - [2022-04-12 04:06:24,486] {dagbag.py:487} INFO - Filling up the DagBag from /home/airflow/sandbox/lib/python3.8/site-packages/airflow/example_dags/example_task_group_decorator.py
[2022-04-12 04:06:24,520] {scheduler_job.py:643} INFO - DAG(s) dict_keys(['example_task_group_decorator']) retrieved from /home/airflow/sandbox/lib/python3.8/site-packages/airflow/example_dags/example_task_group_decorator.py
[2022-04-12 04:06:24,989] {logging_mixin.py:104} INFO - [2022-04-12 04:06:24,989] {dag.py:1832} INFO - Sync 1 DAGs
[2022-04-12 04:06:25,009] {logging_mixin.py:104} INFO - [2022-04-12 04:06:25,009] {dag.py:2305} INFO - Setting next_dagrun for example_task_group_decorator to 2022-04-10 00:00:00+00:00
[2022-04-12 04:06:25,044] {scheduler_job.py:190} INFO - Processing /home/airflow/sandbox/lib/python3.8/site-packages/airflow/example_dags/example_task_group_decorator.py took 0.587 seconds
[2022-04-12 04:06:55,946] {scheduler_job.py:182} INFO - Started process (PID=83982) to work on /home/airflow/sandbox/lib/python3.8/site-packages/airflow/example_dags/example_task_group_decorator.py
[2022-04-12 04:06:55,950] {scheduler_job.py:633} INFO - Processing file /home/airflow/sandbox/lib/python3.8/site-packages/airflow/example_dags/example_task_group_decorator.py for tasks to queue
[2022-04-12 04:06:55,986] {logging_mixin.py:104} INFO - [2022-04-12 04:06:55,986] {dagbag.py:487} INFO - Filling up the DagBag from /home/airflow/sandbox/lib/python3.8/site-packages/airflow/example_dags/example_task_group_decorator.py
[2022-04-12 04:06:56,033] {scheduler_job.py:643} INFO - DAG(s) dict_keys(['example_task_group_decorator']) retrieved from /home/airflow/sandbox/lib/python3.8/site-packages/airflow/example_dags/example_task_group_decorator.py
[2022-04-12 04:06:57,305] {logging_mixin.py:104} INFO - [2022-04-12 04:06:57,305] {dag.py:1832} INFO - Sync 1 DAGs
[2022-04-12 04:06:57,450] {logging_mixin.py:104} INFO - [2022-04-12 04:06:57,449] {dag.py:2305} INFO - Setting next_dagrun for example_task_group_decorator to 2022-04-10 00:00:00+00:00
[2022-04-12 04:06:57,550] {scheduler_job.py:190} INFO - Processing /home/airflow/sandbox/lib/python3.8/site-packages/airflow/example_dags/example_task_group_decorator.py took 1.622 seconds
[2022-04-12 04:07:28,183] {scheduler_job.py:182} INFO - Started process (PID=84238) to work on /home/airflow/sandbox/lib/python3.8/site-packages/airflow/example_dags/example_task_group_decorator.py
[2022-04-12 04:07:28,192] {scheduler_job.py:633} INFO - Processing file /home/airflow/sandbox/lib/python3.8/site-packages/airflow/example_dags/example_task_group_decorator.py for tasks to queue
[2022-04-12 04:07:28,193] {logging_mixin.py:104} INFO - [2022-04-12 04:07:28,193] {dagbag.py:487} INFO - Filling up the DagBag from /home/airflow/sandbox/lib/python3.8/site-packages/airflow/example_dags/example_task_group_decorator.py
[2022-04-12 04:07:28,360] {scheduler_job.py:643} INFO - DAG(s) dict_keys(['example_task_group_decorator']) retrieved from /home/airflow/sandbox/lib/python3.8/site-packages/airflow/example_dags/example_task_group_decorator.py
[2022-04-12 04:07:29,629] {logging_mixin.py:104} INFO - [2022-04-12 04:07:29,629] {dag.py:1832} INFO - Sync 1 DAGs
[2022-04-12 04:07:29,724] {logging_mixin.py:104} INFO - [2022-04-12 04:07:29,724] {dag.py:2305} INFO - Setting next_dagrun for example_task_group_decorator to 2022-04-10 00:00:00+00:00
[2022-04-12 04:07:29,780] {scheduler_job.py:190} INFO - Processing /home/airflow/sandbox/lib/python3.8/site-packages/airflow/example_dags/example_task_group_decorator.py took 1.616 seconds
[2022-04-12 04:08:00,392] {scheduler_job.py:182} INFO - Started process (PID=84444) to work on /home/airflow/sandbox/lib/python3.8/site-packages/airflow/example_dags/example_task_group_decorator.py
[2022-04-12 04:08:00,404] {scheduler_job.py:633} INFO - Processing file /home/airflow/sandbox/lib/python3.8/site-packages/airflow/example_dags/example_task_group_decorator.py for tasks to queue
[2022-04-12 04:08:00,405] {logging_mixin.py:104} INFO - [2022-04-12 04:08:00,405] {dagbag.py:487} INFO - Filling up the DagBag from /home/airflow/sandbox/lib/python3.8/site-packages/airflow/example_dags/example_task_group_decorator.py
[2022-04-12 04:08:00,459] {scheduler_job.py:643} INFO - DAG(s) dict_keys(['example_task_group_decorator']) retrieved from /home/airflow/sandbox/lib/python3.8/site-packages/airflow/example_dags/example_task_group_decorator.py
[2022-04-12 04:08:01,024] {logging_mixin.py:104} INFO - [2022-04-12 04:08:01,024] {dag.py:1832} INFO - Sync 1 DAGs
[2022-04-12 04:08:01,042] {logging_mixin.py:104} INFO - [2022-04-12 04:08:01,042] {dag.py:2305} INFO - Setting next_dagrun for example_task_group_decorator to 2022-04-10 00:00:00+00:00
[2022-04-12 04:08:01,069] {scheduler_job.py:190} INFO - Processing /home/airflow/sandbox/lib/python3.8/site-packages/airflow/example_dags/example_task_group_decorator.py took 0.702 seconds
[2022-04-12 04:08:31,122] {scheduler_job.py:182} INFO - Started process (PID=84703) to work on /home/airflow/sandbox/lib/python3.8/site-packages/airflow/example_dags/example_task_group_decorator.py
[2022-04-12 04:08:31,125] {scheduler_job.py:633} INFO - Processing file /home/airflow/sandbox/lib/python3.8/site-packages/airflow/example_dags/example_task_group_decorator.py for tasks to queue
[2022-04-12 04:08:31,127] {logging_mixin.py:104} INFO - [2022-04-12 04:08:31,127] {dagbag.py:487} INFO - Filling up the DagBag from /home/airflow/sandbox/lib/python3.8/site-packages/airflow/example_dags/example_task_group_decorator.py
[2022-04-12 04:08:31,199] {scheduler_job.py:643} INFO - DAG(s) dict_keys(['example_task_group_decorator']) retrieved from /home/airflow/sandbox/lib/python3.8/site-packages/airflow/example_dags/example_task_group_decorator.py
[2022-04-12 04:08:31,678] {logging_mixin.py:104} INFO - [2022-04-12 04:08:31,678] {dag.py:1832} INFO - Sync 1 DAGs
[2022-04-12 04:08:31,697] {logging_mixin.py:104} INFO - [2022-04-12 04:08:31,697] {dag.py:2305} INFO - Setting next_dagrun for example_task_group_decorator to 2022-04-10 00:00:00+00:00
[2022-04-12 04:08:31,739] {scheduler_job.py:190} INFO - Processing /home/airflow/sandbox/lib/python3.8/site-packages/airflow/example_dags/example_task_group_decorator.py took 0.623 seconds
[2022-04-12 04:09:03,238] {scheduler_job.py:182} INFO - Started process (PID=84928) to work on /home/airflow/sandbox/lib/python3.8/site-packages/airflow/example_dags/example_task_group_decorator.py
[2022-04-12 04:09:03,256] {scheduler_job.py:633} INFO - Processing file /home/airflow/sandbox/lib/python3.8/site-packages/airflow/example_dags/example_task_group_decorator.py for tasks to queue
[2022-04-12 04:09:03,258] {logging_mixin.py:104} INFO - [2022-04-12 04:09:03,258] {dagbag.py:487} INFO - Filling up the DagBag from /home/airflow/sandbox/lib/python3.8/site-packages/airflow/example_dags/example_task_group_decorator.py
[2022-04-12 04:09:03,353] {scheduler_job.py:643} INFO - DAG(s) dict_keys(['example_task_group_decorator']) retrieved from /home/airflow/sandbox/lib/python3.8/site-packages/airflow/example_dags/example_task_group_decorator.py
[2022-04-12 04:09:03,948] {logging_mixin.py:104} INFO - [2022-04-12 04:09:03,947] {dag.py:1832} INFO - Sync 1 DAGs
[2022-04-12 04:09:03,979] {logging_mixin.py:104} INFO - [2022-04-12 04:09:03,979] {dag.py:2305} INFO - Setting next_dagrun for example_task_group_decorator to 2022-04-10 00:00:00+00:00
[2022-04-12 04:09:04,225] {scheduler_job.py:190} INFO - Processing /home/airflow/sandbox/lib/python3.8/site-packages/airflow/example_dags/example_task_group_decorator.py took 1.004 seconds
[2022-04-12 04:14:43,508] {scheduler_job.py:182} INFO - Started process (PID=85301) to work on /home/airflow/sandbox/lib/python3.8/site-packages/airflow/example_dags/example_task_group_decorator.py
[2022-04-12 04:14:43,533] {scheduler_job.py:633} INFO - Processing file /home/airflow/sandbox/lib/python3.8/site-packages/airflow/example_dags/example_task_group_decorator.py for tasks to queue
[2022-04-12 04:14:43,545] {logging_mixin.py:104} INFO - [2022-04-12 04:14:43,544] {dagbag.py:487} INFO - Filling up the DagBag from /home/airflow/sandbox/lib/python3.8/site-packages/airflow/example_dags/example_task_group_decorator.py
[2022-04-12 04:14:43,740] {scheduler_job.py:643} INFO - DAG(s) dict_keys(['example_task_group_decorator']) retrieved from /home/airflow/sandbox/lib/python3.8/site-packages/airflow/example_dags/example_task_group_decorator.py
[2022-04-12 04:14:46,088] {logging_mixin.py:104} INFO - [2022-04-12 04:14:46,086] {dag.py:1832} INFO - Sync 1 DAGs
[2022-04-12 04:14:46,143] {logging_mixin.py:104} INFO - [2022-04-12 04:14:46,143] {dag.py:2305} INFO - Setting next_dagrun for example_task_group_decorator to 2022-04-10 00:00:00+00:00
[2022-04-12 04:14:46,545] {scheduler_job.py:190} INFO - Processing /home/airflow/sandbox/lib/python3.8/site-packages/airflow/example_dags/example_task_group_decorator.py took 3.066 seconds
[2022-04-12 04:15:17,127] {scheduler_job.py:182} INFO - Started process (PID=85829) to work on /home/airflow/sandbox/lib/python3.8/site-packages/airflow/example_dags/example_task_group_decorator.py
[2022-04-12 04:15:17,144] {scheduler_job.py:633} INFO - Processing file /home/airflow/sandbox/lib/python3.8/site-packages/airflow/example_dags/example_task_group_decorator.py for tasks to queue
[2022-04-12 04:15:17,151] {logging_mixin.py:104} INFO - [2022-04-12 04:15:17,151] {dagbag.py:487} INFO - Filling up the DagBag from /home/airflow/sandbox/lib/python3.8/site-packages/airflow/example_dags/example_task_group_decorator.py
[2022-04-12 04:15:17,307] {scheduler_job.py:643} INFO - DAG(s) dict_keys(['example_task_group_decorator']) retrieved from /home/airflow/sandbox/lib/python3.8/site-packages/airflow/example_dags/example_task_group_decorator.py
[2022-04-12 04:15:18,627] {logging_mixin.py:104} INFO - [2022-04-12 04:15:18,626] {dag.py:1832} INFO - Sync 1 DAGs
[2022-04-12 04:15:18,676] {logging_mixin.py:104} INFO - [2022-04-12 04:15:18,675] {dag.py:2305} INFO - Setting next_dagrun for example_task_group_decorator to 2022-04-10 00:00:00+00:00
[2022-04-12 04:15:19,220] {scheduler_job.py:190} INFO - Processing /home/airflow/sandbox/lib/python3.8/site-packages/airflow/example_dags/example_task_group_decorator.py took 2.130 seconds
[2022-04-12 04:15:49,468] {scheduler_job.py:182} INFO - Started process (PID=86223) to work on /home/airflow/sandbox/lib/python3.8/site-packages/airflow/example_dags/example_task_group_decorator.py
[2022-04-12 04:15:49,482] {scheduler_job.py:633} INFO - Processing file /home/airflow/sandbox/lib/python3.8/site-packages/airflow/example_dags/example_task_group_decorator.py for tasks to queue
[2022-04-12 04:15:49,484] {logging_mixin.py:104} INFO - [2022-04-12 04:15:49,484] {dagbag.py:487} INFO - Filling up the DagBag from /home/airflow/sandbox/lib/python3.8/site-packages/airflow/example_dags/example_task_group_decorator.py
[2022-04-12 04:15:49,581] {scheduler_job.py:643} INFO - DAG(s) dict_keys(['example_task_group_decorator']) retrieved from /home/airflow/sandbox/lib/python3.8/site-packages/airflow/example_dags/example_task_group_decorator.py
[2022-04-12 04:15:50,652] {logging_mixin.py:104} INFO - [2022-04-12 04:15:50,652] {dag.py:1832} INFO - Sync 1 DAGs
[2022-04-12 04:15:50,727] {logging_mixin.py:104} INFO - [2022-04-12 04:15:50,727] {dag.py:2305} INFO - Setting next_dagrun for example_task_group_decorator to 2022-04-10 00:00:00+00:00
[2022-04-12 04:15:50,804] {scheduler_job.py:190} INFO - Processing /home/airflow/sandbox/lib/python3.8/site-packages/airflow/example_dags/example_task_group_decorator.py took 1.357 seconds
[2022-04-12 04:16:21,554] {scheduler_job.py:182} INFO - Started process (PID=86616) to work on /home/airflow/sandbox/lib/python3.8/site-packages/airflow/example_dags/example_task_group_decorator.py
[2022-04-12 04:16:21,557] {scheduler_job.py:633} INFO - Processing file /home/airflow/sandbox/lib/python3.8/site-packages/airflow/example_dags/example_task_group_decorator.py for tasks to queue
[2022-04-12 04:16:21,568] {logging_mixin.py:104} INFO - [2022-04-12 04:16:21,568] {dagbag.py:487} INFO - Filling up the DagBag from /home/airflow/sandbox/lib/python3.8/site-packages/airflow/example_dags/example_task_group_decorator.py
[2022-04-12 04:16:21,630] {scheduler_job.py:643} INFO - DAG(s) dict_keys(['example_task_group_decorator']) retrieved from /home/airflow/sandbox/lib/python3.8/site-packages/airflow/example_dags/example_task_group_decorator.py
[2022-04-12 04:16:22,847] {logging_mixin.py:104} INFO - [2022-04-12 04:16:22,847] {dag.py:1832} INFO - Sync 1 DAGs
[2022-04-12 04:16:22,886] {logging_mixin.py:104} INFO - [2022-04-12 04:16:22,886] {dag.py:2305} INFO - Setting next_dagrun for example_task_group_decorator to 2022-04-10 00:00:00+00:00
[2022-04-12 04:16:22,985] {scheduler_job.py:190} INFO - Processing /home/airflow/sandbox/lib/python3.8/site-packages/airflow/example_dags/example_task_group_decorator.py took 1.451 seconds
[2022-04-12 04:16:53,238] {scheduler_job.py:182} INFO - Started process (PID=87016) to work on /home/airflow/sandbox/lib/python3.8/site-packages/airflow/example_dags/example_task_group_decorator.py
[2022-04-12 04:16:53,246] {scheduler_job.py:633} INFO - Processing file /home/airflow/sandbox/lib/python3.8/site-packages/airflow/example_dags/example_task_group_decorator.py for tasks to queue
[2022-04-12 04:16:53,253] {logging_mixin.py:104} INFO - [2022-04-12 04:16:53,252] {dagbag.py:487} INFO - Filling up the DagBag from /home/airflow/sandbox/lib/python3.8/site-packages/airflow/example_dags/example_task_group_decorator.py
[2022-04-12 04:16:53,326] {scheduler_job.py:643} INFO - DAG(s) dict_keys(['example_task_group_decorator']) retrieved from /home/airflow/sandbox/lib/python3.8/site-packages/airflow/example_dags/example_task_group_decorator.py
[2022-04-12 04:16:54,424] {logging_mixin.py:104} INFO - [2022-04-12 04:16:54,424] {dag.py:1832} INFO - Sync 1 DAGs
[2022-04-12 04:16:54,453] {logging_mixin.py:104} INFO - [2022-04-12 04:16:54,453] {dag.py:2305} INFO - Setting next_dagrun for example_task_group_decorator to 2022-04-10 00:00:00+00:00
[2022-04-12 04:16:54,520] {scheduler_job.py:190} INFO - Processing /home/airflow/sandbox/lib/python3.8/site-packages/airflow/example_dags/example_task_group_decorator.py took 1.301 seconds
[2022-04-12 04:17:24,777] {scheduler_job.py:182} INFO - Started process (PID=87404) to work on /home/airflow/sandbox/lib/python3.8/site-packages/airflow/example_dags/example_task_group_decorator.py
[2022-04-12 04:17:24,791] {scheduler_job.py:633} INFO - Processing file /home/airflow/sandbox/lib/python3.8/site-packages/airflow/example_dags/example_task_group_decorator.py for tasks to queue
[2022-04-12 04:17:24,792] {logging_mixin.py:104} INFO - [2022-04-12 04:17:24,792] {dagbag.py:487} INFO - Filling up the DagBag from /home/airflow/sandbox/lib/python3.8/site-packages/airflow/example_dags/example_task_group_decorator.py
[2022-04-12 04:17:24,863] {scheduler_job.py:643} INFO - DAG(s) dict_keys(['example_task_group_decorator']) retrieved from /home/airflow/sandbox/lib/python3.8/site-packages/airflow/example_dags/example_task_group_decorator.py
[2022-04-12 04:17:25,766] {logging_mixin.py:104} INFO - [2022-04-12 04:17:25,765] {dag.py:1832} INFO - Sync 1 DAGs
[2022-04-12 04:17:25,858] {logging_mixin.py:104} INFO - [2022-04-12 04:17:25,857] {dag.py:2305} INFO - Setting next_dagrun for example_task_group_decorator to 2022-04-10 00:00:00+00:00
[2022-04-12 04:17:25,881] {scheduler_job.py:190} INFO - Processing /home/airflow/sandbox/lib/python3.8/site-packages/airflow/example_dags/example_task_group_decorator.py took 1.111 seconds
[2022-04-12 04:17:56,345] {scheduler_job.py:182} INFO - Started process (PID=87800) to work on /home/airflow/sandbox/lib/python3.8/site-packages/airflow/example_dags/example_task_group_decorator.py
[2022-04-12 04:17:56,352] {scheduler_job.py:633} INFO - Processing file /home/airflow/sandbox/lib/python3.8/site-packages/airflow/example_dags/example_task_group_decorator.py for tasks to queue
[2022-04-12 04:17:56,364] {logging_mixin.py:104} INFO - [2022-04-12 04:17:56,363] {dagbag.py:487} INFO - Filling up the DagBag from /home/airflow/sandbox/lib/python3.8/site-packages/airflow/example_dags/example_task_group_decorator.py
[2022-04-12 04:17:56,453] {scheduler_job.py:643} INFO - DAG(s) dict_keys(['example_task_group_decorator']) retrieved from /home/airflow/sandbox/lib/python3.8/site-packages/airflow/example_dags/example_task_group_decorator.py
[2022-04-12 04:17:58,433] {logging_mixin.py:104} INFO - [2022-04-12 04:17:58,433] {dag.py:1832} INFO - Sync 1 DAGs
[2022-04-12 04:17:58,492] {logging_mixin.py:104} INFO - [2022-04-12 04:17:58,491] {dag.py:2305} INFO - Setting next_dagrun for example_task_group_decorator to 2022-04-10 00:00:00+00:00
[2022-04-12 04:17:58,562] {scheduler_job.py:190} INFO - Processing /home/airflow/sandbox/lib/python3.8/site-packages/airflow/example_dags/example_task_group_decorator.py took 2.254 seconds
[2022-04-12 04:18:28,662] {scheduler_job.py:182} INFO - Started process (PID=88211) to work on /home/airflow/sandbox/lib/python3.8/site-packages/airflow/example_dags/example_task_group_decorator.py
[2022-04-12 04:18:28,685] {scheduler_job.py:633} INFO - Processing file /home/airflow/sandbox/lib/python3.8/site-packages/airflow/example_dags/example_task_group_decorator.py for tasks to queue
[2022-04-12 04:18:28,687] {logging_mixin.py:104} INFO - [2022-04-12 04:18:28,687] {dagbag.py:487} INFO - Filling up the DagBag from /home/airflow/sandbox/lib/python3.8/site-packages/airflow/example_dags/example_task_group_decorator.py
[2022-04-12 04:18:28,767] {scheduler_job.py:643} INFO - DAG(s) dict_keys(['example_task_group_decorator']) retrieved from /home/airflow/sandbox/lib/python3.8/site-packages/airflow/example_dags/example_task_group_decorator.py
[2022-04-12 04:18:30,353] {logging_mixin.py:104} INFO - [2022-04-12 04:18:30,352] {dag.py:1832} INFO - Sync 1 DAGs
[2022-04-12 04:18:30,416] {logging_mixin.py:104} INFO - [2022-04-12 04:18:30,415] {dag.py:2305} INFO - Setting next_dagrun for example_task_group_decorator to 2022-04-10 00:00:00+00:00
[2022-04-12 04:18:30,549] {scheduler_job.py:190} INFO - Processing /home/airflow/sandbox/lib/python3.8/site-packages/airflow/example_dags/example_task_group_decorator.py took 1.894 seconds
[2022-04-12 04:19:00,797] {scheduler_job.py:182} INFO - Started process (PID=88608) to work on /home/airflow/sandbox/lib/python3.8/site-packages/airflow/example_dags/example_task_group_decorator.py
[2022-04-12 04:19:00,819] {scheduler_job.py:633} INFO - Processing file /home/airflow/sandbox/lib/python3.8/site-packages/airflow/example_dags/example_task_group_decorator.py for tasks to queue
[2022-04-12 04:19:00,824] {logging_mixin.py:104} INFO - [2022-04-12 04:19:00,823] {dagbag.py:487} INFO - Filling up the DagBag from /home/airflow/sandbox/lib/python3.8/site-packages/airflow/example_dags/example_task_group_decorator.py
[2022-04-12 04:19:00,928] {scheduler_job.py:643} INFO - DAG(s) dict_keys(['example_task_group_decorator']) retrieved from /home/airflow/sandbox/lib/python3.8/site-packages/airflow/example_dags/example_task_group_decorator.py
[2022-04-12 04:19:02,133] {logging_mixin.py:104} INFO - [2022-04-12 04:19:02,133] {dag.py:1832} INFO - Sync 1 DAGs
[2022-04-12 04:19:02,165] {logging_mixin.py:104} INFO - [2022-04-12 04:19:02,165] {dag.py:2305} INFO - Setting next_dagrun for example_task_group_decorator to 2022-04-10 00:00:00+00:00
[2022-04-12 04:19:02,211] {scheduler_job.py:190} INFO - Processing /home/airflow/sandbox/lib/python3.8/site-packages/airflow/example_dags/example_task_group_decorator.py took 1.420 seconds
[2022-04-12 04:19:32,530] {scheduler_job.py:182} INFO - Started process (PID=89008) to work on /home/airflow/sandbox/lib/python3.8/site-packages/airflow/example_dags/example_task_group_decorator.py
[2022-04-12 04:19:32,533] {scheduler_job.py:633} INFO - Processing file /home/airflow/sandbox/lib/python3.8/site-packages/airflow/example_dags/example_task_group_decorator.py for tasks to queue
[2022-04-12 04:19:32,535] {logging_mixin.py:104} INFO - [2022-04-12 04:19:32,534] {dagbag.py:487} INFO - Filling up the DagBag from /home/airflow/sandbox/lib/python3.8/site-packages/airflow/example_dags/example_task_group_decorator.py
[2022-04-12 04:19:32,582] {scheduler_job.py:643} INFO - DAG(s) dict_keys(['example_task_group_decorator']) retrieved from /home/airflow/sandbox/lib/python3.8/site-packages/airflow/example_dags/example_task_group_decorator.py
[2022-04-12 04:19:33,386] {logging_mixin.py:104} INFO - [2022-04-12 04:19:33,386] {dag.py:1832} INFO - Sync 1 DAGs
[2022-04-12 04:19:33,408] {logging_mixin.py:104} INFO - [2022-04-12 04:19:33,407] {dag.py:2305} INFO - Setting next_dagrun for example_task_group_decorator to 2022-04-10 00:00:00+00:00
[2022-04-12 04:19:33,456] {scheduler_job.py:190} INFO - Processing /home/airflow/sandbox/lib/python3.8/site-packages/airflow/example_dags/example_task_group_decorator.py took 0.935 seconds
[2022-04-12 04:20:03,590] {scheduler_job.py:182} INFO - Started process (PID=89647) to work on /home/airflow/sandbox/lib/python3.8/site-packages/airflow/example_dags/example_task_group_decorator.py
[2022-04-12 04:20:03,592] {scheduler_job.py:633} INFO - Processing file /home/airflow/sandbox/lib/python3.8/site-packages/airflow/example_dags/example_task_group_decorator.py for tasks to queue
[2022-04-12 04:20:03,594] {logging_mixin.py:104} INFO - [2022-04-12 04:20:03,594] {dagbag.py:487} INFO - Filling up the DagBag from /home/airflow/sandbox/lib/python3.8/site-packages/airflow/example_dags/example_task_group_decorator.py
[2022-04-12 04:20:03,669] {scheduler_job.py:643} INFO - DAG(s) dict_keys(['example_task_group_decorator']) retrieved from /home/airflow/sandbox/lib/python3.8/site-packages/airflow/example_dags/example_task_group_decorator.py
[2022-04-12 04:20:04,459] {logging_mixin.py:104} INFO - [2022-04-12 04:20:04,459] {dag.py:1832} INFO - Sync 1 DAGs
[2022-04-12 04:20:04,513] {logging_mixin.py:104} INFO - [2022-04-12 04:20:04,513] {dag.py:2305} INFO - Setting next_dagrun for example_task_group_decorator to 2022-04-10 00:00:00+00:00
[2022-04-12 04:20:04,811] {scheduler_job.py:190} INFO - Processing /home/airflow/sandbox/lib/python3.8/site-packages/airflow/example_dags/example_task_group_decorator.py took 1.230 seconds
[2022-04-12 04:20:35,312] {scheduler_job.py:182} INFO - Started process (PID=90029) to work on /home/airflow/sandbox/lib/python3.8/site-packages/airflow/example_dags/example_task_group_decorator.py
[2022-04-12 04:20:35,355] {scheduler_job.py:633} INFO - Processing file /home/airflow/sandbox/lib/python3.8/site-packages/airflow/example_dags/example_task_group_decorator.py for tasks to queue
[2022-04-12 04:20:35,357] {logging_mixin.py:104} INFO - [2022-04-12 04:20:35,357] {dagbag.py:487} INFO - Filling up the DagBag from /home/airflow/sandbox/lib/python3.8/site-packages/airflow/example_dags/example_task_group_decorator.py
[2022-04-12 04:20:35,500] {scheduler_job.py:643} INFO - DAG(s) dict_keys(['example_task_group_decorator']) retrieved from /home/airflow/sandbox/lib/python3.8/site-packages/airflow/example_dags/example_task_group_decorator.py
[2022-04-12 04:20:36,836] {logging_mixin.py:104} INFO - [2022-04-12 04:20:36,835] {dag.py:1832} INFO - Sync 1 DAGs
[2022-04-12 04:20:36,998] {logging_mixin.py:104} INFO - [2022-04-12 04:20:36,997] {dag.py:2305} INFO - Setting next_dagrun for example_task_group_decorator to 2022-04-10 00:00:00+00:00
[2022-04-12 04:20:37,260] {scheduler_job.py:190} INFO - Processing /home/airflow/sandbox/lib/python3.8/site-packages/airflow/example_dags/example_task_group_decorator.py took 1.957 seconds
[2022-04-12 04:21:08,175] {scheduler_job.py:182} INFO - Started process (PID=90264) to work on /home/airflow/sandbox/lib/python3.8/site-packages/airflow/example_dags/example_task_group_decorator.py
[2022-04-12 04:21:08,180] {scheduler_job.py:633} INFO - Processing file /home/airflow/sandbox/lib/python3.8/site-packages/airflow/example_dags/example_task_group_decorator.py for tasks to queue
[2022-04-12 04:21:08,185] {logging_mixin.py:104} INFO - [2022-04-12 04:21:08,184] {dagbag.py:487} INFO - Filling up the DagBag from /home/airflow/sandbox/lib/python3.8/site-packages/airflow/example_dags/example_task_group_decorator.py
[2022-04-12 04:21:08,374] {scheduler_job.py:643} INFO - DAG(s) dict_keys(['example_task_group_decorator']) retrieved from /home/airflow/sandbox/lib/python3.8/site-packages/airflow/example_dags/example_task_group_decorator.py
[2022-04-12 04:21:10,638] {logging_mixin.py:104} INFO - [2022-04-12 04:21:10,638] {dag.py:1832} INFO - Sync 1 DAGs
[2022-04-12 04:21:10,861] {logging_mixin.py:104} INFO - [2022-04-12 04:21:10,861] {dag.py:2305} INFO - Setting next_dagrun for example_task_group_decorator to 2022-04-10 00:00:00+00:00
[2022-04-12 04:21:10,985] {scheduler_job.py:190} INFO - Processing /home/airflow/sandbox/lib/python3.8/site-packages/airflow/example_dags/example_task_group_decorator.py took 2.856 seconds
[2022-04-12 04:21:41,266] {scheduler_job.py:182} INFO - Started process (PID=90475) to work on /home/airflow/sandbox/lib/python3.8/site-packages/airflow/example_dags/example_task_group_decorator.py
[2022-04-12 04:21:41,295] {scheduler_job.py:633} INFO - Processing file /home/airflow/sandbox/lib/python3.8/site-packages/airflow/example_dags/example_task_group_decorator.py for tasks to queue
[2022-04-12 04:21:41,310] {logging_mixin.py:104} INFO - [2022-04-12 04:21:41,310] {dagbag.py:487} INFO - Filling up the DagBag from /home/airflow/sandbox/lib/python3.8/site-packages/airflow/example_dags/example_task_group_decorator.py
[2022-04-12 04:21:41,507] {scheduler_job.py:643} INFO - DAG(s) dict_keys(['example_task_group_decorator']) retrieved from /home/airflow/sandbox/lib/python3.8/site-packages/airflow/example_dags/example_task_group_decorator.py
[2022-04-12 04:21:44,222] {logging_mixin.py:104} INFO - [2022-04-12 04:21:44,222] {dag.py:1832} INFO - Sync 1 DAGs
[2022-04-12 04:21:44,407] {logging_mixin.py:104} INFO - [2022-04-12 04:21:44,407] {dag.py:2305} INFO - Setting next_dagrun for example_task_group_decorator to 2022-04-10 00:00:00+00:00
[2022-04-12 04:21:44,720] {scheduler_job.py:190} INFO - Processing /home/airflow/sandbox/lib/python3.8/site-packages/airflow/example_dags/example_task_group_decorator.py took 3.480 seconds
[2022-04-12 04:22:14,894] {scheduler_job.py:182} INFO - Started process (PID=90806) to work on /home/airflow/sandbox/lib/python3.8/site-packages/airflow/example_dags/example_task_group_decorator.py
[2022-04-12 04:22:14,909] {scheduler_job.py:633} INFO - Processing file /home/airflow/sandbox/lib/python3.8/site-packages/airflow/example_dags/example_task_group_decorator.py for tasks to queue
[2022-04-12 04:22:14,915] {logging_mixin.py:104} INFO - [2022-04-12 04:22:14,914] {dagbag.py:487} INFO - Filling up the DagBag from /home/airflow/sandbox/lib/python3.8/site-packages/airflow/example_dags/example_task_group_decorator.py
[2022-04-12 04:22:15,000] {scheduler_job.py:643} INFO - DAG(s) dict_keys(['example_task_group_decorator']) retrieved from /home/airflow/sandbox/lib/python3.8/site-packages/airflow/example_dags/example_task_group_decorator.py
[2022-04-12 04:22:16,765] {logging_mixin.py:104} INFO - [2022-04-12 04:22:16,764] {dag.py:1832} INFO - Sync 1 DAGs
[2022-04-12 04:22:16,868] {logging_mixin.py:104} INFO - [2022-04-12 04:22:16,868] {dag.py:2305} INFO - Setting next_dagrun for example_task_group_decorator to 2022-04-10 00:00:00+00:00
[2022-04-12 04:22:16,977] {scheduler_job.py:190} INFO - Processing /home/airflow/sandbox/lib/python3.8/site-packages/airflow/example_dags/example_task_group_decorator.py took 2.098 seconds
[2022-04-12 04:22:47,702] {scheduler_job.py:182} INFO - Started process (PID=91060) to work on /home/airflow/sandbox/lib/python3.8/site-packages/airflow/example_dags/example_task_group_decorator.py
[2022-04-12 04:22:47,748] {scheduler_job.py:633} INFO - Processing file /home/airflow/sandbox/lib/python3.8/site-packages/airflow/example_dags/example_task_group_decorator.py for tasks to queue
[2022-04-12 04:22:47,753] {logging_mixin.py:104} INFO - [2022-04-12 04:22:47,750] {dagbag.py:487} INFO - Filling up the DagBag from /home/airflow/sandbox/lib/python3.8/site-packages/airflow/example_dags/example_task_group_decorator.py
[2022-04-12 04:22:47,905] {scheduler_job.py:643} INFO - DAG(s) dict_keys(['example_task_group_decorator']) retrieved from /home/airflow/sandbox/lib/python3.8/site-packages/airflow/example_dags/example_task_group_decorator.py
[2022-04-12 04:22:49,352] {logging_mixin.py:104} INFO - [2022-04-12 04:22:49,352] {dag.py:1832} INFO - Sync 1 DAGs
[2022-04-12 04:22:49,395] {logging_mixin.py:104} INFO - [2022-04-12 04:22:49,395] {dag.py:2305} INFO - Setting next_dagrun for example_task_group_decorator to 2022-04-10 00:00:00+00:00
[2022-04-12 04:22:49,466] {scheduler_job.py:190} INFO - Processing /home/airflow/sandbox/lib/python3.8/site-packages/airflow/example_dags/example_task_group_decorator.py took 1.777 seconds
[2022-04-12 04:23:20,130] {scheduler_job.py:182} INFO - Started process (PID=91265) to work on /home/airflow/sandbox/lib/python3.8/site-packages/airflow/example_dags/example_task_group_decorator.py
[2022-04-12 04:23:20,134] {scheduler_job.py:633} INFO - Processing file /home/airflow/sandbox/lib/python3.8/site-packages/airflow/example_dags/example_task_group_decorator.py for tasks to queue
[2022-04-12 04:23:20,144] {logging_mixin.py:104} INFO - [2022-04-12 04:23:20,143] {dagbag.py:487} INFO - Filling up the DagBag from /home/airflow/sandbox/lib/python3.8/site-packages/airflow/example_dags/example_task_group_decorator.py
[2022-04-12 04:23:20,269] {scheduler_job.py:643} INFO - DAG(s) dict_keys(['example_task_group_decorator']) retrieved from /home/airflow/sandbox/lib/python3.8/site-packages/airflow/example_dags/example_task_group_decorator.py
[2022-04-12 04:23:22,527] {logging_mixin.py:104} INFO - [2022-04-12 04:23:22,526] {dag.py:1832} INFO - Sync 1 DAGs
[2022-04-12 04:23:22,565] {logging_mixin.py:104} INFO - [2022-04-12 04:23:22,565] {dag.py:2305} INFO - Setting next_dagrun for example_task_group_decorator to 2022-04-10 00:00:00+00:00
[2022-04-12 04:23:22,650] {scheduler_job.py:190} INFO - Processing /home/airflow/sandbox/lib/python3.8/site-packages/airflow/example_dags/example_task_group_decorator.py took 2.570 seconds
[2022-04-12 04:23:53,120] {scheduler_job.py:182} INFO - Started process (PID=91483) to work on /home/airflow/sandbox/lib/python3.8/site-packages/airflow/example_dags/example_task_group_decorator.py
[2022-04-12 04:23:53,125] {scheduler_job.py:633} INFO - Processing file /home/airflow/sandbox/lib/python3.8/site-packages/airflow/example_dags/example_task_group_decorator.py for tasks to queue
[2022-04-12 04:23:53,128] {logging_mixin.py:104} INFO - [2022-04-12 04:23:53,128] {dagbag.py:487} INFO - Filling up the DagBag from /home/airflow/sandbox/lib/python3.8/site-packages/airflow/example_dags/example_task_group_decorator.py
[2022-04-12 04:23:53,325] {scheduler_job.py:643} INFO - DAG(s) dict_keys(['example_task_group_decorator']) retrieved from /home/airflow/sandbox/lib/python3.8/site-packages/airflow/example_dags/example_task_group_decorator.py
[2022-04-12 04:23:55,466] {logging_mixin.py:104} INFO - [2022-04-12 04:23:55,465] {dag.py:1832} INFO - Sync 1 DAGs
[2022-04-12 04:23:55,515] {logging_mixin.py:104} INFO - [2022-04-12 04:23:55,514] {dag.py:2305} INFO - Setting next_dagrun for example_task_group_decorator to 2022-04-10 00:00:00+00:00
[2022-04-12 04:23:55,574] {scheduler_job.py:190} INFO - Processing /home/airflow/sandbox/lib/python3.8/site-packages/airflow/example_dags/example_task_group_decorator.py took 2.472 seconds
[2022-04-12 04:24:25,864] {scheduler_job.py:182} INFO - Started process (PID=91688) to work on /home/airflow/sandbox/lib/python3.8/site-packages/airflow/example_dags/example_task_group_decorator.py
[2022-04-12 04:24:25,867] {scheduler_job.py:633} INFO - Processing file /home/airflow/sandbox/lib/python3.8/site-packages/airflow/example_dags/example_task_group_decorator.py for tasks to queue
[2022-04-12 04:24:25,868] {logging_mixin.py:104} INFO - [2022-04-12 04:24:25,868] {dagbag.py:487} INFO - Filling up the DagBag from /home/airflow/sandbox/lib/python3.8/site-packages/airflow/example_dags/example_task_group_decorator.py
[2022-04-12 04:24:25,913] {scheduler_job.py:643} INFO - DAG(s) dict_keys(['example_task_group_decorator']) retrieved from /home/airflow/sandbox/lib/python3.8/site-packages/airflow/example_dags/example_task_group_decorator.py
[2022-04-12 04:24:26,932] {logging_mixin.py:104} INFO - [2022-04-12 04:24:26,931] {dag.py:1832} INFO - Sync 1 DAGs
[2022-04-12 04:24:27,059] {logging_mixin.py:104} INFO - [2022-04-12 04:24:27,059] {dag.py:2305} INFO - Setting next_dagrun for example_task_group_decorator to 2022-04-10 00:00:00+00:00
[2022-04-12 04:24:27,231] {scheduler_job.py:190} INFO - Processing /home/airflow/sandbox/lib/python3.8/site-packages/airflow/example_dags/example_task_group_decorator.py took 1.373 seconds
[2022-04-12 04:24:57,870] {scheduler_job.py:182} INFO - Started process (PID=92125) to work on /home/airflow/sandbox/lib/python3.8/site-packages/airflow/example_dags/example_task_group_decorator.py
[2022-04-12 04:24:57,874] {scheduler_job.py:633} INFO - Processing file /home/airflow/sandbox/lib/python3.8/site-packages/airflow/example_dags/example_task_group_decorator.py for tasks to queue
[2022-04-12 04:24:57,894] {logging_mixin.py:104} INFO - [2022-04-12 04:24:57,893] {dagbag.py:487} INFO - Filling up the DagBag from /home/airflow/sandbox/lib/python3.8/site-packages/airflow/example_dags/example_task_group_decorator.py
[2022-04-12 04:24:58,108] {scheduler_job.py:643} INFO - DAG(s) dict_keys(['example_task_group_decorator']) retrieved from /home/airflow/sandbox/lib/python3.8/site-packages/airflow/example_dags/example_task_group_decorator.py
[2022-04-12 04:25:00,735] {logging_mixin.py:104} INFO - [2022-04-12 04:25:00,734] {dag.py:1832} INFO - Sync 1 DAGs
[2022-04-12 04:25:00,822] {logging_mixin.py:104} INFO - [2022-04-12 04:25:00,822] {dag.py:2305} INFO - Setting next_dagrun for example_task_group_decorator to 2022-04-10 00:00:00+00:00
[2022-04-12 04:25:00,937] {scheduler_job.py:190} INFO - Processing /home/airflow/sandbox/lib/python3.8/site-packages/airflow/example_dags/example_task_group_decorator.py took 3.126 seconds
[2022-04-12 04:25:33,043] {scheduler_job.py:182} INFO - Started process (PID=92351) to work on /home/airflow/sandbox/lib/python3.8/site-packages/airflow/example_dags/example_task_group_decorator.py
[2022-04-12 04:25:33,047] {scheduler_job.py:633} INFO - Processing file /home/airflow/sandbox/lib/python3.8/site-packages/airflow/example_dags/example_task_group_decorator.py for tasks to queue
[2022-04-12 04:25:33,051] {logging_mixin.py:104} INFO - [2022-04-12 04:25:33,050] {dagbag.py:487} INFO - Filling up the DagBag from /home/airflow/sandbox/lib/python3.8/site-packages/airflow/example_dags/example_task_group_decorator.py
[2022-04-12 04:25:33,131] {scheduler_job.py:643} INFO - DAG(s) dict_keys(['example_task_group_decorator']) retrieved from /home/airflow/sandbox/lib/python3.8/site-packages/airflow/example_dags/example_task_group_decorator.py
[2022-04-12 04:25:34,455] {logging_mixin.py:104} INFO - [2022-04-12 04:25:34,455] {dag.py:1832} INFO - Sync 1 DAGs
[2022-04-12 04:25:34,697] {logging_mixin.py:104} INFO - [2022-04-12 04:25:34,696] {dag.py:2305} INFO - Setting next_dagrun for example_task_group_decorator to 2022-04-10 00:00:00+00:00
[2022-04-12 04:25:34,859] {scheduler_job.py:190} INFO - Processing /home/airflow/sandbox/lib/python3.8/site-packages/airflow/example_dags/example_task_group_decorator.py took 1.835 seconds
[2022-04-12 04:26:06,051] {scheduler_job.py:182} INFO - Started process (PID=92558) to work on /home/airflow/sandbox/lib/python3.8/site-packages/airflow/example_dags/example_task_group_decorator.py
[2022-04-12 04:26:06,058] {scheduler_job.py:633} INFO - Processing file /home/airflow/sandbox/lib/python3.8/site-packages/airflow/example_dags/example_task_group_decorator.py for tasks to queue
[2022-04-12 04:26:06,062] {logging_mixin.py:104} INFO - [2022-04-12 04:26:06,061] {dagbag.py:487} INFO - Filling up the DagBag from /home/airflow/sandbox/lib/python3.8/site-packages/airflow/example_dags/example_task_group_decorator.py
[2022-04-12 04:26:06,154] {scheduler_job.py:643} INFO - DAG(s) dict_keys(['example_task_group_decorator']) retrieved from /home/airflow/sandbox/lib/python3.8/site-packages/airflow/example_dags/example_task_group_decorator.py
[2022-04-12 04:26:07,205] {logging_mixin.py:104} INFO - [2022-04-12 04:26:07,204] {dag.py:1832} INFO - Sync 1 DAGs
[2022-04-12 04:26:07,306] {logging_mixin.py:104} INFO - [2022-04-12 04:26:07,305] {dag.py:2305} INFO - Setting next_dagrun for example_task_group_decorator to 2022-04-10 00:00:00+00:00
[2022-04-12 04:26:07,455] {scheduler_job.py:190} INFO - Processing /home/airflow/sandbox/lib/python3.8/site-packages/airflow/example_dags/example_task_group_decorator.py took 1.426 seconds
[2022-04-12 04:26:37,831] {scheduler_job.py:182} INFO - Started process (PID=92758) to work on /home/airflow/sandbox/lib/python3.8/site-packages/airflow/example_dags/example_task_group_decorator.py
[2022-04-12 04:26:37,861] {scheduler_job.py:633} INFO - Processing file /home/airflow/sandbox/lib/python3.8/site-packages/airflow/example_dags/example_task_group_decorator.py for tasks to queue
[2022-04-12 04:26:37,863] {logging_mixin.py:104} INFO - [2022-04-12 04:26:37,863] {dagbag.py:487} INFO - Filling up the DagBag from /home/airflow/sandbox/lib/python3.8/site-packages/airflow/example_dags/example_task_group_decorator.py
[2022-04-12 04:26:38,093] {scheduler_job.py:643} INFO - DAG(s) dict_keys(['example_task_group_decorator']) retrieved from /home/airflow/sandbox/lib/python3.8/site-packages/airflow/example_dags/example_task_group_decorator.py
[2022-04-12 04:26:39,721] {logging_mixin.py:104} INFO - [2022-04-12 04:26:39,721] {dag.py:1832} INFO - Sync 1 DAGs
[2022-04-12 04:26:39,822] {logging_mixin.py:104} INFO - [2022-04-12 04:26:39,821] {dag.py:2305} INFO - Setting next_dagrun for example_task_group_decorator to 2022-04-10 00:00:00+00:00
[2022-04-12 04:26:39,919] {scheduler_job.py:190} INFO - Processing /home/airflow/sandbox/lib/python3.8/site-packages/airflow/example_dags/example_task_group_decorator.py took 2.106 seconds
[2022-04-12 04:27:11,451] {scheduler_job.py:182} INFO - Started process (PID=92963) to work on /home/airflow/sandbox/lib/python3.8/site-packages/airflow/example_dags/example_task_group_decorator.py
[2022-04-12 04:27:11,469] {scheduler_job.py:633} INFO - Processing file /home/airflow/sandbox/lib/python3.8/site-packages/airflow/example_dags/example_task_group_decorator.py for tasks to queue
[2022-04-12 04:27:11,477] {logging_mixin.py:104} INFO - [2022-04-12 04:27:11,477] {dagbag.py:487} INFO - Filling up the DagBag from /home/airflow/sandbox/lib/python3.8/site-packages/airflow/example_dags/example_task_group_decorator.py
[2022-04-12 04:27:11,657] {scheduler_job.py:643} INFO - DAG(s) dict_keys(['example_task_group_decorator']) retrieved from /home/airflow/sandbox/lib/python3.8/site-packages/airflow/example_dags/example_task_group_decorator.py
[2022-04-12 04:27:14,419] {logging_mixin.py:104} INFO - [2022-04-12 04:27:14,419] {dag.py:1832} INFO - Sync 1 DAGs
[2022-04-12 04:27:14,453] {logging_mixin.py:104} INFO - [2022-04-12 04:27:14,452] {dag.py:2305} INFO - Setting next_dagrun for example_task_group_decorator to 2022-04-10 00:00:00+00:00
[2022-04-12 04:27:14,704] {scheduler_job.py:190} INFO - Processing /home/airflow/sandbox/lib/python3.8/site-packages/airflow/example_dags/example_task_group_decorator.py took 3.269 seconds
[2022-04-12 04:27:44,991] {scheduler_job.py:182} INFO - Started process (PID=93162) to work on /home/airflow/sandbox/lib/python3.8/site-packages/airflow/example_dags/example_task_group_decorator.py
[2022-04-12 04:27:44,997] {scheduler_job.py:633} INFO - Processing file /home/airflow/sandbox/lib/python3.8/site-packages/airflow/example_dags/example_task_group_decorator.py for tasks to queue
[2022-04-12 04:27:45,000] {logging_mixin.py:104} INFO - [2022-04-12 04:27:45,000] {dagbag.py:487} INFO - Filling up the DagBag from /home/airflow/sandbox/lib/python3.8/site-packages/airflow/example_dags/example_task_group_decorator.py
[2022-04-12 04:27:45,234] {scheduler_job.py:643} INFO - DAG(s) dict_keys(['example_task_group_decorator']) retrieved from /home/airflow/sandbox/lib/python3.8/site-packages/airflow/example_dags/example_task_group_decorator.py
[2022-04-12 04:27:47,117] {logging_mixin.py:104} INFO - [2022-04-12 04:27:47,116] {dag.py:1832} INFO - Sync 1 DAGs
[2022-04-12 04:27:47,195] {logging_mixin.py:104} INFO - [2022-04-12 04:27:47,194] {dag.py:2305} INFO - Setting next_dagrun for example_task_group_decorator to 2022-04-10 00:00:00+00:00
[2022-04-12 04:27:47,453] {scheduler_job.py:190} INFO - Processing /home/airflow/sandbox/lib/python3.8/site-packages/airflow/example_dags/example_task_group_decorator.py took 2.524 seconds
[2022-04-12 04:28:18,188] {scheduler_job.py:182} INFO - Started process (PID=93375) to work on /home/airflow/sandbox/lib/python3.8/site-packages/airflow/example_dags/example_task_group_decorator.py
[2022-04-12 04:28:18,195] {scheduler_job.py:633} INFO - Processing file /home/airflow/sandbox/lib/python3.8/site-packages/airflow/example_dags/example_task_group_decorator.py for tasks to queue
[2022-04-12 04:28:18,198] {logging_mixin.py:104} INFO - [2022-04-12 04:28:18,198] {dagbag.py:487} INFO - Filling up the DagBag from /home/airflow/sandbox/lib/python3.8/site-packages/airflow/example_dags/example_task_group_decorator.py
[2022-04-12 04:28:18,285] {scheduler_job.py:643} INFO - DAG(s) dict_keys(['example_task_group_decorator']) retrieved from /home/airflow/sandbox/lib/python3.8/site-packages/airflow/example_dags/example_task_group_decorator.py
[2022-04-12 04:28:20,671] {logging_mixin.py:104} INFO - [2022-04-12 04:28:20,671] {dag.py:1832} INFO - Sync 1 DAGs
[2022-04-12 04:28:20,767] {logging_mixin.py:104} INFO - [2022-04-12 04:28:20,766] {dag.py:2305} INFO - Setting next_dagrun for example_task_group_decorator to 2022-04-10 00:00:00+00:00
[2022-04-12 04:28:20,989] {scheduler_job.py:190} INFO - Processing /home/airflow/sandbox/lib/python3.8/site-packages/airflow/example_dags/example_task_group_decorator.py took 2.822 seconds
[2022-04-12 04:28:51,109] {scheduler_job.py:182} INFO - Started process (PID=93586) to work on /home/airflow/sandbox/lib/python3.8/site-packages/airflow/example_dags/example_task_group_decorator.py
[2022-04-12 04:28:51,111] {scheduler_job.py:633} INFO - Processing file /home/airflow/sandbox/lib/python3.8/site-packages/airflow/example_dags/example_task_group_decorator.py for tasks to queue
[2022-04-12 04:28:51,112] {logging_mixin.py:104} INFO - [2022-04-12 04:28:51,112] {dagbag.py:487} INFO - Filling up the DagBag from /home/airflow/sandbox/lib/python3.8/site-packages/airflow/example_dags/example_task_group_decorator.py
[2022-04-12 04:28:51,180] {scheduler_job.py:643} INFO - DAG(s) dict_keys(['example_task_group_decorator']) retrieved from /home/airflow/sandbox/lib/python3.8/site-packages/airflow/example_dags/example_task_group_decorator.py
[2022-04-12 04:28:51,982] {logging_mixin.py:104} INFO - [2022-04-12 04:28:51,982] {dag.py:1832} INFO - Sync 1 DAGs
[2022-04-12 04:28:52,016] {logging_mixin.py:104} INFO - [2022-04-12 04:28:52,016] {dag.py:2305} INFO - Setting next_dagrun for example_task_group_decorator to 2022-04-10 00:00:00+00:00
[2022-04-12 04:28:52,155] {scheduler_job.py:190} INFO - Processing /home/airflow/sandbox/lib/python3.8/site-packages/airflow/example_dags/example_task_group_decorator.py took 1.052 seconds
[2022-04-12 04:30:28,326] {scheduler_job.py:182} INFO - Started process (PID=93893) to work on /home/airflow/sandbox/lib/python3.8/site-packages/airflow/example_dags/example_task_group_decorator.py
[2022-04-12 04:30:28,345] {scheduler_job.py:633} INFO - Processing file /home/airflow/sandbox/lib/python3.8/site-packages/airflow/example_dags/example_task_group_decorator.py for tasks to queue
[2022-04-12 04:30:28,354] {logging_mixin.py:104} INFO - [2022-04-12 04:30:28,354] {dagbag.py:487} INFO - Filling up the DagBag from /home/airflow/sandbox/lib/python3.8/site-packages/airflow/example_dags/example_task_group_decorator.py
[2022-04-12 04:30:28,504] {scheduler_job.py:643} INFO - DAG(s) dict_keys(['example_task_group_decorator']) retrieved from /home/airflow/sandbox/lib/python3.8/site-packages/airflow/example_dags/example_task_group_decorator.py
[2022-04-12 04:30:33,324] {logging_mixin.py:104} INFO - [2022-04-12 04:30:33,324] {dag.py:1832} INFO - Sync 1 DAGs
[2022-04-12 04:30:33,433] {logging_mixin.py:104} INFO - [2022-04-12 04:30:33,432] {dag.py:2305} INFO - Setting next_dagrun for example_task_group_decorator to 2022-04-10 00:00:00+00:00
[2022-04-12 04:30:33,509] {scheduler_job.py:190} INFO - Processing /home/airflow/sandbox/lib/python3.8/site-packages/airflow/example_dags/example_task_group_decorator.py took 5.193 seconds
[2022-04-12 04:31:04,151] {scheduler_job.py:182} INFO - Started process (PID=94217) to work on /home/airflow/sandbox/lib/python3.8/site-packages/airflow/example_dags/example_task_group_decorator.py
[2022-04-12 04:31:04,155] {scheduler_job.py:633} INFO - Processing file /home/airflow/sandbox/lib/python3.8/site-packages/airflow/example_dags/example_task_group_decorator.py for tasks to queue
[2022-04-12 04:31:04,157] {logging_mixin.py:104} INFO - [2022-04-12 04:31:04,157] {dagbag.py:487} INFO - Filling up the DagBag from /home/airflow/sandbox/lib/python3.8/site-packages/airflow/example_dags/example_task_group_decorator.py
[2022-04-12 04:31:04,286] {scheduler_job.py:643} INFO - DAG(s) dict_keys(['example_task_group_decorator']) retrieved from /home/airflow/sandbox/lib/python3.8/site-packages/airflow/example_dags/example_task_group_decorator.py
[2022-04-12 04:31:07,102] {logging_mixin.py:104} INFO - [2022-04-12 04:31:07,102] {dag.py:1832} INFO - Sync 1 DAGs
[2022-04-12 04:31:07,287] {logging_mixin.py:104} INFO - [2022-04-12 04:31:07,287] {dag.py:2305} INFO - Setting next_dagrun for example_task_group_decorator to 2022-04-10 00:00:00+00:00
[2022-04-12 04:31:07,481] {scheduler_job.py:190} INFO - Processing /home/airflow/sandbox/lib/python3.8/site-packages/airflow/example_dags/example_task_group_decorator.py took 3.377 seconds
[2022-04-12 04:31:37,943] {scheduler_job.py:182} INFO - Started process (PID=94423) to work on /home/airflow/sandbox/lib/python3.8/site-packages/airflow/example_dags/example_task_group_decorator.py
[2022-04-12 04:31:37,949] {scheduler_job.py:633} INFO - Processing file /home/airflow/sandbox/lib/python3.8/site-packages/airflow/example_dags/example_task_group_decorator.py for tasks to queue
[2022-04-12 04:31:37,955] {logging_mixin.py:104} INFO - [2022-04-12 04:31:37,954] {dagbag.py:487} INFO - Filling up the DagBag from /home/airflow/sandbox/lib/python3.8/site-packages/airflow/example_dags/example_task_group_decorator.py
[2022-04-12 04:31:38,080] {scheduler_job.py:643} INFO - DAG(s) dict_keys(['example_task_group_decorator']) retrieved from /home/airflow/sandbox/lib/python3.8/site-packages/airflow/example_dags/example_task_group_decorator.py
[2022-04-12 04:31:40,228] {logging_mixin.py:104} INFO - [2022-04-12 04:31:40,227] {dag.py:1832} INFO - Sync 1 DAGs
[2022-04-12 04:31:40,353] {logging_mixin.py:104} INFO - [2022-04-12 04:31:40,353] {dag.py:2305} INFO - Setting next_dagrun for example_task_group_decorator to 2022-04-10 00:00:00+00:00
[2022-04-12 04:31:40,467] {scheduler_job.py:190} INFO - Processing /home/airflow/sandbox/lib/python3.8/site-packages/airflow/example_dags/example_task_group_decorator.py took 2.543 seconds
[2022-04-12 04:32:11,537] {scheduler_job.py:182} INFO - Started process (PID=94628) to work on /home/airflow/sandbox/lib/python3.8/site-packages/airflow/example_dags/example_task_group_decorator.py
[2022-04-12 04:32:11,551] {scheduler_job.py:633} INFO - Processing file /home/airflow/sandbox/lib/python3.8/site-packages/airflow/example_dags/example_task_group_decorator.py for tasks to queue
[2022-04-12 04:32:11,554] {logging_mixin.py:104} INFO - [2022-04-12 04:32:11,554] {dagbag.py:487} INFO - Filling up the DagBag from /home/airflow/sandbox/lib/python3.8/site-packages/airflow/example_dags/example_task_group_decorator.py
[2022-04-12 04:32:11,645] {scheduler_job.py:643} INFO - DAG(s) dict_keys(['example_task_group_decorator']) retrieved from /home/airflow/sandbox/lib/python3.8/site-packages/airflow/example_dags/example_task_group_decorator.py
[2022-04-12 04:32:13,977] {logging_mixin.py:104} INFO - [2022-04-12 04:32:13,976] {dag.py:1832} INFO - Sync 1 DAGs
[2022-04-12 04:32:14,063] {logging_mixin.py:104} INFO - [2022-04-12 04:32:14,063] {dag.py:2305} INFO - Setting next_dagrun for example_task_group_decorator to 2022-04-10 00:00:00+00:00
[2022-04-12 04:32:14,253] {scheduler_job.py:190} INFO - Processing /home/airflow/sandbox/lib/python3.8/site-packages/airflow/example_dags/example_task_group_decorator.py took 2.735 seconds
[2022-04-12 04:32:45,104] {scheduler_job.py:182} INFO - Started process (PID=94827) to work on /home/airflow/sandbox/lib/python3.8/site-packages/airflow/example_dags/example_task_group_decorator.py
[2022-04-12 04:32:45,119] {scheduler_job.py:633} INFO - Processing file /home/airflow/sandbox/lib/python3.8/site-packages/airflow/example_dags/example_task_group_decorator.py for tasks to queue
[2022-04-12 04:32:45,138] {logging_mixin.py:104} INFO - [2022-04-12 04:32:45,137] {dagbag.py:487} INFO - Filling up the DagBag from /home/airflow/sandbox/lib/python3.8/site-packages/airflow/example_dags/example_task_group_decorator.py
[2022-04-12 04:32:45,325] {scheduler_job.py:643} INFO - DAG(s) dict_keys(['example_task_group_decorator']) retrieved from /home/airflow/sandbox/lib/python3.8/site-packages/airflow/example_dags/example_task_group_decorator.py
                                                                                                                                                                                                                                                                                                                                  