[2022-04-12 04:06:14,346] {scheduler_job.py:182} INFO - Started process (PID=83207) to work on /home/airflow/sandbox/lib/python3.8/site-packages/airflow/example_dags/example_task_group.py
[2022-04-12 04:06:14,355] {scheduler_job.py:633} INFO - Processing file /home/airflow/sandbox/lib/python3.8/site-packages/airflow/example_dags/example_task_group.py for tasks to queue
[2022-04-12 04:06:14,356] {logging_mixin.py:104} INFO - [2022-04-12 04:06:14,356] {dagbag.py:487} INFO - Filling up the DagBag from /home/airflow/sandbox/lib/python3.8/site-packages/airflow/example_dags/example_task_group.py
[2022-04-12 04:06:14,411] {scheduler_job.py:643} INFO - DAG(s) dict_keys(['example_task_group']) retrieved from /home/airflow/sandbox/lib/python3.8/site-packages/airflow/example_dags/example_task_group.py
[2022-04-12 04:06:16,104] {logging_mixin.py:104} INFO - [2022-04-12 04:06:16,104] {dag.py:1832} INFO - Sync 1 DAGs
[2022-04-12 04:06:16,160] {logging_mixin.py:104} INFO - [2022-04-12 04:06:16,160] {dag.py:2305} INFO - Setting next_dagrun for example_task_group to 2022-04-10 00:00:00+00:00
[2022-04-12 04:06:16,530] {scheduler_job.py:190} INFO - Processing /home/airflow/sandbox/lib/python3.8/site-packages/airflow/example_dags/example_task_group.py took 2.187 seconds
[2022-04-12 04:06:46,685] {scheduler_job.py:182} INFO - Started process (PID=83870) to work on /home/airflow/sandbox/lib/python3.8/site-packages/airflow/example_dags/example_task_group.py
[2022-04-12 04:06:46,688] {scheduler_job.py:633} INFO - Processing file /home/airflow/sandbox/lib/python3.8/site-packages/airflow/example_dags/example_task_group.py for tasks to queue
[2022-04-12 04:06:46,689] {logging_mixin.py:104} INFO - [2022-04-12 04:06:46,689] {dagbag.py:487} INFO - Filling up the DagBag from /home/airflow/sandbox/lib/python3.8/site-packages/airflow/example_dags/example_task_group.py
[2022-04-12 04:06:46,705] {scheduler_job.py:643} INFO - DAG(s) dict_keys(['example_task_group']) retrieved from /home/airflow/sandbox/lib/python3.8/site-packages/airflow/example_dags/example_task_group.py
[2022-04-12 04:06:46,803] {logging_mixin.py:104} INFO - [2022-04-12 04:06:46,803] {dag.py:1832} INFO - Sync 1 DAGs
[2022-04-12 04:06:46,826] {logging_mixin.py:104} INFO - [2022-04-12 04:06:46,826] {dag.py:2305} INFO - Setting next_dagrun for example_task_group to 2022-04-10 00:00:00+00:00
[2022-04-12 04:06:46,859] {scheduler_job.py:190} INFO - Processing /home/airflow/sandbox/lib/python3.8/site-packages/airflow/example_dags/example_task_group.py took 0.180 seconds
[2022-04-12 04:07:17,628] {scheduler_job.py:182} INFO - Started process (PID=84129) to work on /home/airflow/sandbox/lib/python3.8/site-packages/airflow/example_dags/example_task_group.py
[2022-04-12 04:07:17,630] {scheduler_job.py:633} INFO - Processing file /home/airflow/sandbox/lib/python3.8/site-packages/airflow/example_dags/example_task_group.py for tasks to queue
[2022-04-12 04:07:17,631] {logging_mixin.py:104} INFO - [2022-04-12 04:07:17,631] {dagbag.py:487} INFO - Filling up the DagBag from /home/airflow/sandbox/lib/python3.8/site-packages/airflow/example_dags/example_task_group.py
[2022-04-12 04:07:17,665] {scheduler_job.py:643} INFO - DAG(s) dict_keys(['example_task_group']) retrieved from /home/airflow/sandbox/lib/python3.8/site-packages/airflow/example_dags/example_task_group.py
[2022-04-12 04:07:17,721] {logging_mixin.py:104} INFO - [2022-04-12 04:07:17,721] {dag.py:1832} INFO - Sync 1 DAGs
[2022-04-12 04:07:17,750] {logging_mixin.py:104} INFO - [2022-04-12 04:07:17,749] {dag.py:2305} INFO - Setting next_dagrun for example_task_group to 2022-04-10 00:00:00+00:00
[2022-04-12 04:07:17,773] {scheduler_job.py:190} INFO - Processing /home/airflow/sandbox/lib/python3.8/site-packages/airflow/example_dags/example_task_group.py took 0.153 seconds
[2022-04-12 04:07:48,589] {scheduler_job.py:182} INFO - Started process (PID=84328) to work on /home/airflow/sandbox/lib/python3.8/site-packages/airflow/example_dags/example_task_group.py
[2022-04-12 04:07:48,591] {scheduler_job.py:633} INFO - Processing file /home/airflow/sandbox/lib/python3.8/site-packages/airflow/example_dags/example_task_group.py for tasks to queue
[2022-04-12 04:07:48,592] {logging_mixin.py:104} INFO - [2022-04-12 04:07:48,591] {dagbag.py:487} INFO - Filling up the DagBag from /home/airflow/sandbox/lib/python3.8/site-packages/airflow/example_dags/example_task_group.py
[2022-04-12 04:07:48,609] {scheduler_job.py:643} INFO - DAG(s) dict_keys(['example_task_group']) retrieved from /home/airflow/sandbox/lib/python3.8/site-packages/airflow/example_dags/example_task_group.py
[2022-04-12 04:07:48,653] {logging_mixin.py:104} INFO - [2022-04-12 04:07:48,652] {dag.py:1832} INFO - Sync 1 DAGs
[2022-04-12 04:07:48,682] {logging_mixin.py:104} INFO - [2022-04-12 04:07:48,682] {dag.py:2305} INFO - Setting next_dagrun for example_task_group to 2022-04-10 00:00:00+00:00
[2022-04-12 04:07:48,716] {scheduler_job.py:190} INFO - Processing /home/airflow/sandbox/lib/python3.8/site-packages/airflow/example_dags/example_task_group.py took 0.134 seconds
[2022-04-12 04:08:19,347] {scheduler_job.py:182} INFO - Started process (PID=84588) to work on /home/airflow/sandbox/lib/python3.8/site-packages/airflow/example_dags/example_task_group.py
[2022-04-12 04:08:19,349] {scheduler_job.py:633} INFO - Processing file /home/airflow/sandbox/lib/python3.8/site-packages/airflow/example_dags/example_task_group.py for tasks to queue
[2022-04-12 04:08:19,350] {logging_mixin.py:104} INFO - [2022-04-12 04:08:19,350] {dagbag.py:487} INFO - Filling up the DagBag from /home/airflow/sandbox/lib/python3.8/site-packages/airflow/example_dags/example_task_group.py
[2022-04-12 04:08:19,366] {scheduler_job.py:643} INFO - DAG(s) dict_keys(['example_task_group']) retrieved from /home/airflow/sandbox/lib/python3.8/site-packages/airflow/example_dags/example_task_group.py
[2022-04-12 04:08:19,412] {logging_mixin.py:104} INFO - [2022-04-12 04:08:19,412] {dag.py:1832} INFO - Sync 1 DAGs
[2022-04-12 04:08:19,433] {logging_mixin.py:104} INFO - [2022-04-12 04:08:19,433] {dag.py:2305} INFO - Setting next_dagrun for example_task_group to 2022-04-10 00:00:00+00:00
[2022-04-12 04:08:19,464] {scheduler_job.py:190} INFO - Processing /home/airflow/sandbox/lib/python3.8/site-packages/airflow/example_dags/example_task_group.py took 0.123 seconds
[2022-04-12 04:08:49,635] {scheduler_job.py:182} INFO - Started process (PID=84787) to work on /home/airflow/sandbox/lib/python3.8/site-packages/airflow/example_dags/example_task_group.py
[2022-04-12 04:08:49,638] {scheduler_job.py:633} INFO - Processing file /home/airflow/sandbox/lib/python3.8/site-packages/airflow/example_dags/example_task_group.py for tasks to queue
[2022-04-12 04:08:49,639] {logging_mixin.py:104} INFO - [2022-04-12 04:08:49,639] {dagbag.py:487} INFO - Filling up the DagBag from /home/airflow/sandbox/lib/python3.8/site-packages/airflow/example_dags/example_task_group.py
[2022-04-12 04:08:49,658] {scheduler_job.py:643} INFO - DAG(s) dict_keys(['example_task_group']) retrieved from /home/airflow/sandbox/lib/python3.8/site-packages/airflow/example_dags/example_task_group.py
[2022-04-12 04:08:49,714] {logging_mixin.py:104} INFO - [2022-04-12 04:08:49,714] {dag.py:1832} INFO - Sync 1 DAGs
[2022-04-12 04:08:49,743] {logging_mixin.py:104} INFO - [2022-04-12 04:08:49,743] {dag.py:2305} INFO - Setting next_dagrun for example_task_group to 2022-04-10 00:00:00+00:00
[2022-04-12 04:08:49,769] {scheduler_job.py:190} INFO - Processing /home/airflow/sandbox/lib/python3.8/site-packages/airflow/example_dags/example_task_group.py took 0.142 seconds
[2022-04-12 04:09:20,673] {scheduler_job.py:182} INFO - Started process (PID=85046) to work on /home/airflow/sandbox/lib/python3.8/site-packages/airflow/example_dags/example_task_group.py
[2022-04-12 04:09:20,675] {scheduler_job.py:633} INFO - Processing file /home/airflow/sandbox/lib/python3.8/site-packages/airflow/example_dags/example_task_group.py for tasks to queue
[2022-04-12 04:09:20,676] {logging_mixin.py:104} INFO - [2022-04-12 04:09:20,676] {dagbag.py:487} INFO - Filling up the DagBag from /home/airflow/sandbox/lib/python3.8/site-packages/airflow/example_dags/example_task_group.py
[2022-04-12 04:09:20,692] {scheduler_job.py:643} INFO - DAG(s) dict_keys(['example_task_group']) retrieved from /home/airflow/sandbox/lib/python3.8/site-packages/airflow/example_dags/example_task_group.py
[2022-04-12 04:09:20,772] {logging_mixin.py:104} INFO - [2022-04-12 04:09:20,771] {dag.py:1832} INFO - Sync 1 DAGs
[2022-04-12 04:09:20,801] {logging_mixin.py:104} INFO - [2022-04-12 04:09:20,801] {dag.py:2305} INFO - Setting next_dagrun for example_task_group to 2022-04-10 00:00:00+00:00
[2022-04-12 04:09:20,825] {scheduler_job.py:190} INFO - Processing /home/airflow/sandbox/lib/python3.8/site-packages/airflow/example_dags/example_task_group.py took 0.161 seconds
[2022-04-12 04:14:54,078] {scheduler_job.py:182} INFO - Started process (PID=85657) to work on /home/airflow/sandbox/lib/python3.8/site-packages/airflow/example_dags/example_task_group.py
[2022-04-12 04:14:54,097] {scheduler_job.py:633} INFO - Processing file /home/airflow/sandbox/lib/python3.8/site-packages/airflow/example_dags/example_task_group.py for tasks to queue
[2022-04-12 04:14:54,101] {logging_mixin.py:104} INFO - [2022-04-12 04:14:54,101] {dagbag.py:487} INFO - Filling up the DagBag from /home/airflow/sandbox/lib/python3.8/site-packages/airflow/example_dags/example_task_group.py
[2022-04-12 04:14:54,177] {scheduler_job.py:643} INFO - DAG(s) dict_keys(['example_task_group']) retrieved from /home/airflow/sandbox/lib/python3.8/site-packages/airflow/example_dags/example_task_group.py
[2022-04-12 04:14:54,506] {logging_mixin.py:104} INFO - [2022-04-12 04:14:54,506] {dag.py:1832} INFO - Sync 1 DAGs
[2022-04-12 04:14:54,595] {logging_mixin.py:104} INFO - [2022-04-12 04:14:54,595] {dag.py:2305} INFO - Setting next_dagrun for example_task_group to 2022-04-10 00:00:00+00:00
[2022-04-12 04:14:55,472] {scheduler_job.py:190} INFO - Processing /home/airflow/sandbox/lib/python3.8/site-packages/airflow/example_dags/example_task_group.py took 1.440 seconds
[2022-04-12 04:15:25,931] {scheduler_job.py:182} INFO - Started process (PID=85963) to work on /home/airflow/sandbox/lib/python3.8/site-packages/airflow/example_dags/example_task_group.py
[2022-04-12 04:15:25,949] {scheduler_job.py:633} INFO - Processing file /home/airflow/sandbox/lib/python3.8/site-packages/airflow/example_dags/example_task_group.py for tasks to queue
[2022-04-12 04:15:25,951] {logging_mixin.py:104} INFO - [2022-04-12 04:15:25,951] {dagbag.py:487} INFO - Filling up the DagBag from /home/airflow/sandbox/lib/python3.8/site-packages/airflow/example_dags/example_task_group.py
[2022-04-12 04:15:26,007] {scheduler_job.py:643} INFO - DAG(s) dict_keys(['example_task_group']) retrieved from /home/airflow/sandbox/lib/python3.8/site-packages/airflow/example_dags/example_task_group.py
[2022-04-12 04:15:26,209] {logging_mixin.py:104} INFO - [2022-04-12 04:15:26,209] {dag.py:1832} INFO - Sync 1 DAGs
[2022-04-12 04:15:26,300] {logging_mixin.py:104} INFO - [2022-04-12 04:15:26,300] {dag.py:2305} INFO - Setting next_dagrun for example_task_group to 2022-04-10 00:00:00+00:00
[2022-04-12 04:15:26,364] {scheduler_job.py:190} INFO - Processing /home/airflow/sandbox/lib/python3.8/site-packages/airflow/example_dags/example_task_group.py took 0.451 seconds
[2022-04-12 04:15:56,558] {scheduler_job.py:182} INFO - Started process (PID=86360) to work on /home/airflow/sandbox/lib/python3.8/site-packages/airflow/example_dags/example_task_group.py
[2022-04-12 04:15:56,569] {scheduler_job.py:633} INFO - Processing file /home/airflow/sandbox/lib/python3.8/site-packages/airflow/example_dags/example_task_group.py for tasks to queue
[2022-04-12 04:15:56,577] {logging_mixin.py:104} INFO - [2022-04-12 04:15:56,576] {dagbag.py:487} INFO - Filling up the DagBag from /home/airflow/sandbox/lib/python3.8/site-packages/airflow/example_dags/example_task_group.py
[2022-04-12 04:15:56,619] {scheduler_job.py:643} INFO - DAG(s) dict_keys(['example_task_group']) retrieved from /home/airflow/sandbox/lib/python3.8/site-packages/airflow/example_dags/example_task_group.py
[2022-04-12 04:15:56,727] {logging_mixin.py:104} INFO - [2022-04-12 04:15:56,727] {dag.py:1832} INFO - Sync 1 DAGs
[2022-04-12 04:15:56,753] {logging_mixin.py:104} INFO - [2022-04-12 04:15:56,753] {dag.py:2305} INFO - Setting next_dagrun for example_task_group to 2022-04-10 00:00:00+00:00
[2022-04-12 04:15:56,808] {scheduler_job.py:190} INFO - Processing /home/airflow/sandbox/lib/python3.8/site-packages/airflow/example_dags/example_task_group.py took 0.269 seconds
[2022-04-12 04:16:26,993] {scheduler_job.py:182} INFO - Started process (PID=86734) to work on /home/airflow/sandbox/lib/python3.8/site-packages/airflow/example_dags/example_task_group.py
[2022-04-12 04:16:26,996] {scheduler_job.py:633} INFO - Processing file /home/airflow/sandbox/lib/python3.8/site-packages/airflow/example_dags/example_task_group.py for tasks to queue
[2022-04-12 04:16:26,997] {logging_mixin.py:104} INFO - [2022-04-12 04:16:26,997] {dagbag.py:487} INFO - Filling up the DagBag from /home/airflow/sandbox/lib/python3.8/site-packages/airflow/example_dags/example_task_group.py
[2022-04-12 04:16:27,036] {scheduler_job.py:643} INFO - DAG(s) dict_keys(['example_task_group']) retrieved from /home/airflow/sandbox/lib/python3.8/site-packages/airflow/example_dags/example_task_group.py
[2022-04-12 04:16:27,146] {logging_mixin.py:104} INFO - [2022-04-12 04:16:27,146] {dag.py:1832} INFO - Sync 1 DAGs
[2022-04-12 04:16:27,186] {logging_mixin.py:104} INFO - [2022-04-12 04:16:27,186] {dag.py:2305} INFO - Setting next_dagrun for example_task_group to 2022-04-10 00:00:00+00:00
[2022-04-12 04:16:27,284] {scheduler_job.py:190} INFO - Processing /home/airflow/sandbox/lib/python3.8/site-packages/airflow/example_dags/example_task_group.py took 0.309 seconds
[2022-04-12 04:16:57,777] {scheduler_job.py:182} INFO - Started process (PID=87119) to work on /home/airflow/sandbox/lib/python3.8/site-packages/airflow/example_dags/example_task_group.py
[2022-04-12 04:16:57,780] {scheduler_job.py:633} INFO - Processing file /home/airflow/sandbox/lib/python3.8/site-packages/airflow/example_dags/example_task_group.py for tasks to queue
[2022-04-12 04:16:57,794] {logging_mixin.py:104} INFO - [2022-04-12 04:16:57,794] {dagbag.py:487} INFO - Filling up the DagBag from /home/airflow/sandbox/lib/python3.8/site-packages/airflow/example_dags/example_task_group.py
[2022-04-12 04:16:57,819] {scheduler_job.py:643} INFO - DAG(s) dict_keys(['example_task_group']) retrieved from /home/airflow/sandbox/lib/python3.8/site-packages/airflow/example_dags/example_task_group.py
[2022-04-12 04:16:57,962] {logging_mixin.py:104} INFO - [2022-04-12 04:16:57,962] {dag.py:1832} INFO - Sync 1 DAGs
[2022-04-12 04:16:58,003] {logging_mixin.py:104} INFO - [2022-04-12 04:16:58,003] {dag.py:2305} INFO - Setting next_dagrun for example_task_group to 2022-04-10 00:00:00+00:00
[2022-04-12 04:16:58,100] {scheduler_job.py:190} INFO - Processing /home/airflow/sandbox/lib/python3.8/site-packages/airflow/example_dags/example_task_group.py took 0.337 seconds
[2022-04-12 04:17:29,228] {scheduler_job.py:182} INFO - Started process (PID=87504) to work on /home/airflow/sandbox/lib/python3.8/site-packages/airflow/example_dags/example_task_group.py
[2022-04-12 04:17:29,231] {scheduler_job.py:633} INFO - Processing file /home/airflow/sandbox/lib/python3.8/site-packages/airflow/example_dags/example_task_group.py for tasks to queue
[2022-04-12 04:17:29,237] {logging_mixin.py:104} INFO - [2022-04-12 04:17:29,236] {dagbag.py:487} INFO - Filling up the DagBag from /home/airflow/sandbox/lib/python3.8/site-packages/airflow/example_dags/example_task_group.py
[2022-04-12 04:17:29,283] {scheduler_job.py:643} INFO - DAG(s) dict_keys(['example_task_group']) retrieved from /home/airflow/sandbox/lib/python3.8/site-packages/airflow/example_dags/example_task_group.py
[2022-04-12 04:17:29,406] {logging_mixin.py:104} INFO - [2022-04-12 04:17:29,406] {dag.py:1832} INFO - Sync 1 DAGs
[2022-04-12 04:17:29,458] {logging_mixin.py:104} INFO - [2022-04-12 04:17:29,458] {dag.py:2305} INFO - Setting next_dagrun for example_task_group to 2022-04-10 00:00:00+00:00
[2022-04-12 04:17:29,562] {scheduler_job.py:190} INFO - Processing /home/airflow/sandbox/lib/python3.8/site-packages/airflow/example_dags/example_task_group.py took 0.341 seconds
[2022-04-12 04:18:02,170] {scheduler_job.py:182} INFO - Started process (PID=87901) to work on /home/airflow/sandbox/lib/python3.8/site-packages/airflow/example_dags/example_task_group.py
[2022-04-12 04:18:02,173] {scheduler_job.py:633} INFO - Processing file /home/airflow/sandbox/lib/python3.8/site-packages/airflow/example_dags/example_task_group.py for tasks to queue
[2022-04-12 04:18:02,175] {logging_mixin.py:104} INFO - [2022-04-12 04:18:02,174] {dagbag.py:487} INFO - Filling up the DagBag from /home/airflow/sandbox/lib/python3.8/site-packages/airflow/example_dags/example_task_group.py
[2022-04-12 04:18:02,200] {scheduler_job.py:643} INFO - DAG(s) dict_keys(['example_task_group']) retrieved from /home/airflow/sandbox/lib/python3.8/site-packages/airflow/example_dags/example_task_group.py
[2022-04-12 04:18:02,290] {logging_mixin.py:104} INFO - [2022-04-12 04:18:02,290] {dag.py:1832} INFO - Sync 1 DAGs
[2022-04-12 04:18:02,322] {logging_mixin.py:104} INFO - [2022-04-12 04:18:02,321] {dag.py:2305} INFO - Setting next_dagrun for example_task_group to 2022-04-10 00:00:00+00:00
[2022-04-12 04:18:02,360] {scheduler_job.py:190} INFO - Processing /home/airflow/sandbox/lib/python3.8/site-packages/airflow/example_dags/example_task_group.py took 0.212 seconds
[2022-04-12 04:18:33,730] {scheduler_job.py:182} INFO - Started process (PID=88292) to work on /home/airflow/sandbox/lib/python3.8/site-packages/airflow/example_dags/example_task_group.py
[2022-04-12 04:18:33,758] {scheduler_job.py:633} INFO - Processing file /home/airflow/sandbox/lib/python3.8/site-packages/airflow/example_dags/example_task_group.py for tasks to queue
[2022-04-12 04:18:33,765] {logging_mixin.py:104} INFO - [2022-04-12 04:18:33,765] {dagbag.py:487} INFO - Filling up the DagBag from /home/airflow/sandbox/lib/python3.8/site-packages/airflow/example_dags/example_task_group.py
[2022-04-12 04:18:33,834] {scheduler_job.py:643} INFO - DAG(s) dict_keys(['example_task_group']) retrieved from /home/airflow/sandbox/lib/python3.8/site-packages/airflow/example_dags/example_task_group.py
[2022-04-12 04:18:33,961] {logging_mixin.py:104} INFO - [2022-04-12 04:18:33,961] {dag.py:1832} INFO - Sync 1 DAGs
[2022-04-12 04:18:34,000] {logging_mixin.py:104} INFO - [2022-04-12 04:18:34,000] {dag.py:2305} INFO - Setting next_dagrun for example_task_group to 2022-04-10 00:00:00+00:00
[2022-04-12 04:18:34,066] {scheduler_job.py:190} INFO - Processing /home/airflow/sandbox/lib/python3.8/site-packages/airflow/example_dags/example_task_group.py took 0.350 seconds
[2022-04-12 04:19:04,408] {scheduler_job.py:182} INFO - Started process (PID=88669) to work on /home/airflow/sandbox/lib/python3.8/site-packages/airflow/example_dags/example_task_group.py
[2022-04-12 04:19:04,410] {scheduler_job.py:633} INFO - Processing file /home/airflow/sandbox/lib/python3.8/site-packages/airflow/example_dags/example_task_group.py for tasks to queue
[2022-04-12 04:19:04,413] {logging_mixin.py:104} INFO - [2022-04-12 04:19:04,412] {dagbag.py:487} INFO - Filling up the DagBag from /home/airflow/sandbox/lib/python3.8/site-packages/airflow/example_dags/example_task_group.py
[2022-04-12 04:19:04,452] {scheduler_job.py:643} INFO - DAG(s) dict_keys(['example_task_group']) retrieved from /home/airflow/sandbox/lib/python3.8/site-packages/airflow/example_dags/example_task_group.py
[2022-04-12 04:19:04,526] {logging_mixin.py:104} INFO - [2022-04-12 04:19:04,525] {dag.py:1832} INFO - Sync 1 DAGs
[2022-04-12 04:19:04,571] {logging_mixin.py:104} INFO - [2022-04-12 04:19:04,570] {dag.py:2305} INFO - Setting next_dagrun for example_task_group to 2022-04-10 00:00:00+00:00
[2022-04-12 04:19:04,607] {scheduler_job.py:190} INFO - Processing /home/airflow/sandbox/lib/python3.8/site-packages/airflow/example_dags/example_task_group.py took 0.206 seconds
[2022-04-12 04:19:35,004] {scheduler_job.py:182} INFO - Started process (PID=89050) to work on /home/airflow/sandbox/lib/python3.8/site-packages/airflow/example_dags/example_task_group.py
[2022-04-12 04:19:35,006] {scheduler_job.py:633} INFO - Processing file /home/airflow/sandbox/lib/python3.8/site-packages/airflow/example_dags/example_task_group.py for tasks to queue
[2022-04-12 04:19:35,007] {logging_mixin.py:104} INFO - [2022-04-12 04:19:35,007] {dagbag.py:487} INFO - Filling up the DagBag from /home/airflow/sandbox/lib/python3.8/site-packages/airflow/example_dags/example_task_group.py
[2022-04-12 04:19:35,023] {scheduler_job.py:643} INFO - DAG(s) dict_keys(['example_task_group']) retrieved from /home/airflow/sandbox/lib/python3.8/site-packages/airflow/example_dags/example_task_group.py
[2022-04-12 04:19:35,073] {logging_mixin.py:104} INFO - [2022-04-12 04:19:35,073] {dag.py:1832} INFO - Sync 1 DAGs
[2022-04-12 04:19:35,101] {logging_mixin.py:104} INFO - [2022-04-12 04:19:35,100] {dag.py:2305} INFO - Setting next_dagrun for example_task_group to 2022-04-10 00:00:00+00:00
[2022-04-12 04:19:35,136] {scheduler_job.py:190} INFO - Processing /home/airflow/sandbox/lib/python3.8/site-packages/airflow/example_dags/example_task_group.py took 0.138 seconds
[2022-04-12 04:20:06,559] {scheduler_job.py:182} INFO - Started process (PID=89679) to work on /home/airflow/sandbox/lib/python3.8/site-packages/airflow/example_dags/example_task_group.py
[2022-04-12 04:20:06,588] {scheduler_job.py:633} INFO - Processing file /home/airflow/sandbox/lib/python3.8/site-packages/airflow/example_dags/example_task_group.py for tasks to queue
[2022-04-12 04:20:06,603] {logging_mixin.py:104} INFO - [2022-04-12 04:20:06,602] {dagbag.py:487} INFO - Filling up the DagBag from /home/airflow/sandbox/lib/python3.8/site-packages/airflow/example_dags/example_task_group.py
[2022-04-12 04:20:06,637] {scheduler_job.py:643} INFO - DAG(s) dict_keys(['example_task_group']) retrieved from /home/airflow/sandbox/lib/python3.8/site-packages/airflow/example_dags/example_task_group.py
[2022-04-12 04:20:06,850] {logging_mixin.py:104} INFO - [2022-04-12 04:20:06,849] {dag.py:1832} INFO - Sync 1 DAGs
[2022-04-12 04:20:06,979] {logging_mixin.py:104} INFO - [2022-04-12 04:20:06,979] {dag.py:2305} INFO - Setting next_dagrun for example_task_group to 2022-04-10 00:00:00+00:00
[2022-04-12 04:20:07,187] {scheduler_job.py:190} INFO - Processing /home/airflow/sandbox/lib/python3.8/site-packages/airflow/example_dags/example_task_group.py took 0.639 seconds
[2022-04-12 04:20:37,372] {scheduler_job.py:182} INFO - Started process (PID=90045) to work on /home/airflow/sandbox/lib/python3.8/site-packages/airflow/example_dags/example_task_group.py
[2022-04-12 04:20:37,377] {scheduler_job.py:633} INFO - Processing file /home/airflow/sandbox/lib/python3.8/site-packages/airflow/example_dags/example_task_group.py for tasks to queue
[2022-04-12 04:20:37,379] {logging_mixin.py:104} INFO - [2022-04-12 04:20:37,379] {dagbag.py:487} INFO - Filling up the DagBag from /home/airflow/sandbox/lib/python3.8/site-packages/airflow/example_dags/example_task_group.py
[2022-04-12 04:20:37,407] {scheduler_job.py:643} INFO - DAG(s) dict_keys(['example_task_group']) retrieved from /home/airflow/sandbox/lib/python3.8/site-packages/airflow/example_dags/example_task_group.py
[2022-04-12 04:20:37,540] {logging_mixin.py:104} INFO - [2022-04-12 04:20:37,540] {dag.py:1832} INFO - Sync 1 DAGs
[2022-04-12 04:20:37,584] {logging_mixin.py:104} INFO - [2022-04-12 04:20:37,583] {dag.py:2305} INFO - Setting next_dagrun for example_task_group to 2022-04-10 00:00:00+00:00
[2022-04-12 04:20:37,673] {scheduler_job.py:190} INFO - Processing /home/airflow/sandbox/lib/python3.8/site-packages/airflow/example_dags/example_task_group.py took 0.326 seconds
[2022-04-12 04:21:09,244] {scheduler_job.py:182} INFO - Started process (PID=90274) to work on /home/airflow/sandbox/lib/python3.8/site-packages/airflow/example_dags/example_task_group.py
[2022-04-12 04:21:09,262] {scheduler_job.py:633} INFO - Processing file /home/airflow/sandbox/lib/python3.8/site-packages/airflow/example_dags/example_task_group.py for tasks to queue
[2022-04-12 04:21:09,271] {logging_mixin.py:104} INFO - [2022-04-12 04:21:09,271] {dagbag.py:487} INFO - Filling up the DagBag from /home/airflow/sandbox/lib/python3.8/site-packages/airflow/example_dags/example_task_group.py
[2022-04-12 04:21:09,399] {scheduler_job.py:643} INFO - DAG(s) dict_keys(['example_task_group']) retrieved from /home/airflow/sandbox/lib/python3.8/site-packages/airflow/example_dags/example_task_group.py
[2022-04-12 04:21:09,643] {logging_mixin.py:104} INFO - [2022-04-12 04:21:09,643] {dag.py:1832} INFO - Sync 1 DAGs
[2022-04-12 04:21:09,799] {logging_mixin.py:104} INFO - [2022-04-12 04:21:09,799] {dag.py:2305} INFO - Setting next_dagrun for example_task_group to 2022-04-10 00:00:00+00:00
[2022-04-12 04:21:09,920] {scheduler_job.py:190} INFO - Processing /home/airflow/sandbox/lib/python3.8/site-packages/airflow/example_dags/example_task_group.py took 0.735 seconds
[2022-04-12 04:21:40,156] {scheduler_job.py:182} INFO - Started process (PID=90469) to work on /home/airflow/sandbox/lib/python3.8/site-packages/airflow/example_dags/example_task_group.py
[2022-04-12 04:21:40,161] {scheduler_job.py:633} INFO - Processing file /home/airflow/sandbox/lib/python3.8/site-packages/airflow/example_dags/example_task_group.py for tasks to queue
[2022-04-12 04:21:40,163] {logging_mixin.py:104} INFO - [2022-04-12 04:21:40,163] {dagbag.py:487} INFO - Filling up the DagBag from /home/airflow/sandbox/lib/python3.8/site-packages/airflow/example_dags/example_task_group.py
[2022-04-12 04:21:40,182] {scheduler_job.py:643} INFO - DAG(s) dict_keys(['example_task_group']) retrieved from /home/airflow/sandbox/lib/python3.8/site-packages/airflow/example_dags/example_task_group.py
[2022-04-12 04:21:40,254] {logging_mixin.py:104} INFO - [2022-04-12 04:21:40,254] {dag.py:1832} INFO - Sync 1 DAGs
[2022-04-12 04:21:40,294] {logging_mixin.py:104} INFO - [2022-04-12 04:21:40,293] {dag.py:2305} INFO - Setting next_dagrun for example_task_group to 2022-04-10 00:00:00+00:00
[2022-04-12 04:21:40,341] {scheduler_job.py:190} INFO - Processing /home/airflow/sandbox/lib/python3.8/site-packages/airflow/example_dags/example_task_group.py took 0.194 seconds
[2022-04-12 04:22:10,816] {scheduler_job.py:182} INFO - Started process (PID=90758) to work on /home/airflow/sandbox/lib/python3.8/site-packages/airflow/example_dags/example_task_group.py
[2022-04-12 04:22:10,820] {scheduler_job.py:633} INFO - Processing file /home/airflow/sandbox/lib/python3.8/site-packages/airflow/example_dags/example_task_group.py for tasks to queue
[2022-04-12 04:22:10,825] {logging_mixin.py:104} INFO - [2022-04-12 04:22:10,824] {dagbag.py:487} INFO - Filling up the DagBag from /home/airflow/sandbox/lib/python3.8/site-packages/airflow/example_dags/example_task_group.py
[2022-04-12 04:22:10,867] {scheduler_job.py:643} INFO - DAG(s) dict_keys(['example_task_group']) retrieved from /home/airflow/sandbox/lib/python3.8/site-packages/airflow/example_dags/example_task_group.py
[2022-04-12 04:22:10,967] {logging_mixin.py:104} INFO - [2022-04-12 04:22:10,967] {dag.py:1832} INFO - Sync 1 DAGs
[2022-04-12 04:22:11,047] {logging_mixin.py:104} INFO - [2022-04-12 04:22:11,047] {dag.py:2305} INFO - Setting next_dagrun for example_task_group to 2022-04-10 00:00:00+00:00
[2022-04-12 04:22:11,079] {scheduler_job.py:190} INFO - Processing /home/airflow/sandbox/lib/python3.8/site-packages/airflow/example_dags/example_task_group.py took 0.273 seconds
[2022-04-12 04:22:41,932] {scheduler_job.py:182} INFO - Started process (PID=91030) to work on /home/airflow/sandbox/lib/python3.8/site-packages/airflow/example_dags/example_task_group.py
[2022-04-12 04:22:41,938] {scheduler_job.py:633} INFO - Processing file /home/airflow/sandbox/lib/python3.8/site-packages/airflow/example_dags/example_task_group.py for tasks to queue
[2022-04-12 04:22:41,941] {logging_mixin.py:104} INFO - [2022-04-12 04:22:41,940] {dagbag.py:487} INFO - Filling up the DagBag from /home/airflow/sandbox/lib/python3.8/site-packages/airflow/example_dags/example_task_group.py
[2022-04-12 04:22:41,968] {scheduler_job.py:643} INFO - DAG(s) dict_keys(['example_task_group']) retrieved from /home/airflow/sandbox/lib/python3.8/site-packages/airflow/example_dags/example_task_group.py
[2022-04-12 04:22:42,074] {logging_mixin.py:104} INFO - [2022-04-12 04:22:42,074] {dag.py:1832} INFO - Sync 1 DAGs
[2022-04-12 04:22:42,195] {logging_mixin.py:104} INFO - [2022-04-12 04:22:42,195] {dag.py:2305} INFO - Setting next_dagrun for example_task_group to 2022-04-10 00:00:00+00:00
[2022-04-12 04:22:42,253] {scheduler_job.py:190} INFO - Processing /home/airflow/sandbox/lib/python3.8/site-packages/airflow/example_dags/example_task_group.py took 0.336 seconds
[2022-04-12 04:23:12,950] {scheduler_job.py:182} INFO - Started process (PID=91229) to work on /home/airflow/sandbox/lib/python3.8/site-packages/airflow/example_dags/example_task_group.py
[2022-04-12 04:23:12,954] {scheduler_job.py:633} INFO - Processing file /home/airflow/sandbox/lib/python3.8/site-packages/airflow/example_dags/example_task_group.py for tasks to queue
[2022-04-12 04:23:12,956] {logging_mixin.py:104} INFO - [2022-04-12 04:23:12,956] {dagbag.py:487} INFO - Filling up the DagBag from /home/airflow/sandbox/lib/python3.8/site-packages/airflow/example_dags/example_task_group.py
[2022-04-12 04:23:12,985] {scheduler_job.py:643} INFO - DAG(s) dict_keys(['example_task_group']) retrieved from /home/airflow/sandbox/lib/python3.8/site-packages/airflow/example_dags/example_task_group.py
[2022-04-12 04:23:13,055] {logging_mixin.py:104} INFO - [2022-04-12 04:23:13,055] {dag.py:1832} INFO - Sync 1 DAGs
[2022-04-12 04:23:13,090] {logging_mixin.py:104} INFO - [2022-04-12 04:23:13,089] {dag.py:2305} INFO - Setting next_dagrun for example_task_group to 2022-04-10 00:00:00+00:00
[2022-04-12 04:23:13,130] {scheduler_job.py:190} INFO - Processing /home/airflow/sandbox/lib/python3.8/site-packages/airflow/example_dags/example_task_group.py took 0.193 seconds
[2022-04-12 04:23:45,609] {scheduler_job.py:182} INFO - Started process (PID=91426) to work on /home/airflow/sandbox/lib/python3.8/site-packages/airflow/example_dags/example_task_group.py
[2022-04-12 04:23:45,635] {scheduler_job.py:633} INFO - Processing file /home/airflow/sandbox/lib/python3.8/site-packages/airflow/example_dags/example_task_group.py for tasks to queue
[2022-04-12 04:23:45,653] {logging_mixin.py:104} INFO - [2022-04-12 04:23:45,650] {dagbag.py:487} INFO - Filling up the DagBag from /home/airflow/sandbox/lib/python3.8/site-packages/airflow/example_dags/example_task_group.py
[2022-04-12 04:23:45,733] {scheduler_job.py:643} INFO - DAG(s) dict_keys(['example_task_group']) retrieved from /home/airflow/sandbox/lib/python3.8/site-packages/airflow/example_dags/example_task_group.py
[2022-04-12 04:23:45,968] {logging_mixin.py:104} INFO - [2022-04-12 04:23:45,968] {dag.py:1832} INFO - Sync 1 DAGs
[2022-04-12 04:23:46,159] {logging_mixin.py:104} INFO - [2022-04-12 04:23:46,159] {dag.py:2305} INFO - Setting next_dagrun for example_task_group to 2022-04-10 00:00:00+00:00
[2022-04-12 04:23:46,330] {scheduler_job.py:190} INFO - Processing /home/airflow/sandbox/lib/python3.8/site-packages/airflow/example_dags/example_task_group.py took 0.754 seconds
[2022-04-12 04:24:18,732] {scheduler_job.py:182} INFO - Started process (PID=91620) to work on /home/airflow/sandbox/lib/python3.8/site-packages/airflow/example_dags/example_task_group.py
[2022-04-12 04:24:18,753] {scheduler_job.py:633} INFO - Processing file /home/airflow/sandbox/lib/python3.8/site-packages/airflow/example_dags/example_task_group.py for tasks to queue
[2022-04-12 04:24:18,759] {logging_mixin.py:104} INFO - [2022-04-12 04:24:18,759] {dagbag.py:487} INFO - Filling up the DagBag from /home/airflow/sandbox/lib/python3.8/site-packages/airflow/example_dags/example_task_group.py
[2022-04-12 04:24:18,885] {scheduler_job.py:643} INFO - DAG(s) dict_keys(['example_task_group']) retrieved from /home/airflow/sandbox/lib/python3.8/site-packages/airflow/example_dags/example_task_group.py
[2022-04-12 04:24:19,111] {logging_mixin.py:104} INFO - [2022-04-12 04:24:19,110] {dag.py:1832} INFO - Sync 1 DAGs
[2022-04-12 04:24:19,223] {logging_mixin.py:104} INFO - [2022-04-12 04:24:19,222] {dag.py:2305} INFO - Setting next_dagrun for example_task_group to 2022-04-10 00:00:00+00:00
[2022-04-12 04:24:19,417] {scheduler_job.py:190} INFO - Processing /home/airflow/sandbox/lib/python3.8/site-packages/airflow/example_dags/example_task_group.py took 0.723 seconds
[2022-04-12 04:24:51,866] {scheduler_job.py:182} INFO - Started process (PID=92061) to work on /home/airflow/sandbox/lib/python3.8/site-packages/airflow/example_dags/example_task_group.py
[2022-04-12 04:24:51,871] {scheduler_job.py:633} INFO - Processing file /home/airflow/sandbox/lib/python3.8/site-packages/airflow/example_dags/example_task_group.py for tasks to queue
[2022-04-12 04:24:51,874] {logging_mixin.py:104} INFO - [2022-04-12 04:24:51,874] {dagbag.py:487} INFO - Filling up the DagBag from /home/airflow/sandbox/lib/python3.8/site-packages/airflow/example_dags/example_task_group.py
[2022-04-12 04:24:51,901] {scheduler_job.py:643} INFO - DAG(s) dict_keys(['example_task_group']) retrieved from /home/airflow/sandbox/lib/python3.8/site-packages/airflow/example_dags/example_task_group.py
[2022-04-12 04:24:52,073] {logging_mixin.py:104} INFO - [2022-04-12 04:24:52,073] {dag.py:1832} INFO - Sync 1 DAGs
[2022-04-12 04:24:52,154] {logging_mixin.py:104} INFO - [2022-04-12 04:24:52,154] {dag.py:2305} INFO - Setting next_dagrun for example_task_group to 2022-04-10 00:00:00+00:00
[2022-04-12 04:24:52,203] {scheduler_job.py:190} INFO - Processing /home/airflow/sandbox/lib/python3.8/site-packages/airflow/example_dags/example_task_group.py took 0.348 seconds
[2022-04-12 04:25:23,509] {scheduler_job.py:182} INFO - Started process (PID=92260) to work on /home/airflow/sandbox/lib/python3.8/site-packages/airflow/example_dags/example_task_group.py
[2022-04-12 04:25:23,522] {scheduler_job.py:633} INFO - Processing file /home/airflow/sandbox/lib/python3.8/site-packages/airflow/example_dags/example_task_group.py for tasks to queue
[2022-04-12 04:25:23,524] {logging_mixin.py:104} INFO - [2022-04-12 04:25:23,524] {dagbag.py:487} INFO - Filling up the DagBag from /home/airflow/sandbox/lib/python3.8/site-packages/airflow/example_dags/example_task_group.py
[2022-04-12 04:25:23,579] {scheduler_job.py:643} INFO - DAG(s) dict_keys(['example_task_group']) retrieved from /home/airflow/sandbox/lib/python3.8/site-packages/airflow/example_dags/example_task_group.py
[2022-04-12 04:25:23,798] {logging_mixin.py:104} INFO - [2022-04-12 04:25:23,798] {dag.py:1832} INFO - Sync 1 DAGs
[2022-04-12 04:25:23,897] {logging_mixin.py:104} INFO - [2022-04-12 04:25:23,896] {dag.py:2305} INFO - Setting next_dagrun for example_task_group to 2022-04-10 00:00:00+00:00
[2022-04-12 04:25:23,992] {scheduler_job.py:190} INFO - Processing /home/airflow/sandbox/lib/python3.8/site-packages/airflow/example_dags/example_task_group.py took 0.499 seconds
[2022-04-12 04:25:54,247] {scheduler_job.py:182} INFO - Started process (PID=92454) to work on /home/airflow/sandbox/lib/python3.8/site-packages/airflow/example_dags/example_task_group.py
[2022-04-12 04:25:54,272] {scheduler_job.py:633} INFO - Processing file /home/airflow/sandbox/lib/python3.8/site-packages/airflow/example_dags/example_task_group.py for tasks to queue
[2022-04-12 04:25:54,290] {logging_mixin.py:104} INFO - [2022-04-12 04:25:54,289] {dagbag.py:487} INFO - Filling up the DagBag from /home/airflow/sandbox/lib/python3.8/site-packages/airflow/example_dags/example_task_group.py
[2022-04-12 04:25:54,393] {scheduler_job.py:643} INFO - DAG(s) dict_keys(['example_task_group']) retrieved from /home/airflow/sandbox/lib/python3.8/site-packages/airflow/example_dags/example_task_group.py
[2022-04-12 04:25:54,584] {logging_mixin.py:104} INFO - [2022-04-12 04:25:54,584] {dag.py:1832} INFO - Sync 1 DAGs
[2022-04-12 04:25:54,697] {logging_mixin.py:104} INFO - [2022-04-12 04:25:54,696] {dag.py:2305} INFO - Setting next_dagrun for example_task_group to 2022-04-10 00:00:00+00:00
[2022-04-12 04:25:54,766] {scheduler_job.py:190} INFO - Processing /home/airflow/sandbox/lib/python3.8/site-packages/airflow/example_dags/example_task_group.py took 0.546 seconds
[2022-04-12 04:26:25,463] {scheduler_job.py:182} INFO - Started process (PID=92656) to work on /home/airflow/sandbox/lib/python3.8/site-packages/airflow/example_dags/example_task_group.py
[2022-04-12 04:26:25,469] {scheduler_job.py:633} INFO - Processing file /home/airflow/sandbox/lib/python3.8/site-packages/airflow/example_dags/example_task_group.py for tasks to queue
[2022-04-12 04:26:25,475] {logging_mixin.py:104} INFO - [2022-04-12 04:26:25,475] {dagbag.py:487} INFO - Filling up the DagBag from /home/airflow/sandbox/lib/python3.8/site-packages/airflow/example_dags/example_task_group.py
[2022-04-12 04:26:25,517] {scheduler_job.py:643} INFO - DAG(s) dict_keys(['example_task_group']) retrieved from /home/airflow/sandbox/lib/python3.8/site-packages/airflow/example_dags/example_task_group.py
[2022-04-12 04:26:25,575] {logging_mixin.py:104} INFO - [2022-04-12 04:26:25,574] {dag.py:1832} INFO - Sync 1 DAGs
[2022-04-12 04:26:25,624] {logging_mixin.py:104} INFO - [2022-04-12 04:26:25,624] {dag.py:2305} INFO - Setting next_dagrun for example_task_group to 2022-04-10 00:00:00+00:00
[2022-04-12 04:26:25,677] {scheduler_job.py:190} INFO - Processing /home/airflow/sandbox/lib/python3.8/site-packages/airflow/example_dags/example_task_group.py took 0.233 seconds
[2022-04-12 04:26:56,342] {scheduler_job.py:182} INFO - Started process (PID=92853) to work on /home/airflow/sandbox/lib/python3.8/site-packages/airflow/example_dags/example_task_group.py
[2022-04-12 04:26:56,361] {scheduler_job.py:633} INFO - Processing file /home/airflow/sandbox/lib/python3.8/site-packages/airflow/example_dags/example_task_group.py for tasks to queue
[2022-04-12 04:26:56,380] {logging_mixin.py:104} INFO - [2022-04-12 04:26:56,379] {dagbag.py:487} INFO - Filling up the DagBag from /home/airflow/sandbox/lib/python3.8/site-packages/airflow/example_dags/example_task_group.py
[2022-04-12 04:26:56,503] {scheduler_job.py:643} INFO - DAG(s) dict_keys(['example_task_group']) retrieved from /home/airflow/sandbox/lib/python3.8/site-packages/airflow/example_dags/example_task_group.py
[2022-04-12 04:26:56,790] {logging_mixin.py:104} INFO - [2022-04-12 04:26:56,790] {dag.py:1832} INFO - Sync 1 DAGs
[2022-04-12 04:26:56,909] {logging_mixin.py:104} INFO - [2022-04-12 04:26:56,908] {dag.py:2305} INFO - Setting next_dagrun for example_task_group to 2022-04-10 00:00:00+00:00
[2022-04-12 04:26:57,041] {scheduler_job.py:190} INFO - Processing /home/airflow/sandbox/lib/python3.8/site-packages/airflow/example_dags/example_task_group.py took 0.736 seconds
[2022-04-12 04:27:27,493] {scheduler_job.py:182} INFO - Started process (PID=93050) to work on /home/airflow/sandbox/lib/python3.8/site-packages/airflow/example_dags/example_task_group.py
[2022-04-12 04:27:27,501] {scheduler_job.py:633} INFO - Processing file /home/airflow/sandbox/lib/python3.8/site-packages/airflow/example_dags/example_task_group.py for tasks to queue
[2022-04-12 04:27:27,524] {logging_mixin.py:104} INFO - [2022-04-12 04:27:27,523] {dagbag.py:487} INFO - Filling up the DagBag from /home/airflow/sandbox/lib/python3.8/site-packages/airflow/example_dags/example_task_group.py
[2022-04-12 04:27:27,596] {scheduler_job.py:643} INFO - DAG(s) dict_keys(['example_task_group']) retrieved from /home/airflow/sandbox/lib/python3.8/site-packages/airflow/example_dags/example_task_group.py
[2022-04-12 04:27:27,927] {logging_mixin.py:104} INFO - [2022-04-12 04:27:27,927] {dag.py:1832} INFO - Sync 1 DAGs
[2022-04-12 04:27:28,048] {logging_mixin.py:104} INFO - [2022-04-12 04:27:28,047] {dag.py:2305} INFO - Setting next_dagrun for example_task_group to 2022-04-10 00:00:00+00:00
[2022-04-12 04:27:28,154] {scheduler_job.py:190} INFO - Processing /home/airflow/sandbox/lib/python3.8/site-packages/airflow/example_dags/example_task_group.py took 0.683 seconds
[2022-04-12 04:27:58,800] {scheduler_job.py:182} INFO - Started process (PID=93251) to work on /home/airflow/sandbox/lib/python3.8/site-packages/airflow/example_dags/example_task_group.py
[2022-04-12 04:27:58,827] {scheduler_job.py:633} INFO - Processing file /home/airflow/sandbox/lib/python3.8/site-packages/airflow/example_dags/example_task_group.py for tasks to queue
[2022-04-12 04:27:58,837] {logging_mixin.py:104} INFO - [2022-04-12 04:27:58,836] {dagbag.py:487} INFO - Filling up the DagBag from /home/airflow/sandbox/lib/python3.8/site-packages/airflow/example_dags/example_task_group.py
[2022-04-12 04:27:58,894] {scheduler_job.py:643} INFO - DAG(s) dict_keys(['example_task_group']) retrieved from /home/airflow/sandbox/lib/python3.8/site-packages/airflow/example_dags/example_task_group.py
[2022-04-12 04:27:59,156] {logging_mixin.py:104} INFO - [2022-04-12 04:27:59,155] {dag.py:1832} INFO - Sync 1 DAGs
[2022-04-12 04:27:59,302] {logging_mixin.py:104} INFO - [2022-04-12 04:27:59,302] {dag.py:2305} INFO - Setting next_dagrun for example_task_group to 2022-04-10 00:00:00+00:00
[2022-04-12 04:27:59,523] {scheduler_job.py:190} INFO - Processing /home/airflow/sandbox/lib/python3.8/site-packages/airflow/example_dags/example_task_group.py took 0.735 seconds
[2022-04-12 04:28:30,618] {scheduler_job.py:182} INFO - Started process (PID=93451) to work on /home/airflow/sandbox/lib/python3.8/site-packages/airflow/example_dags/example_task_group.py
[2022-04-12 04:28:30,626] {scheduler_job.py:633} INFO - Processing file /home/airflow/sandbox/lib/python3.8/site-packages/airflow/example_dags/example_task_group.py for tasks to queue
[2022-04-12 04:28:30,638] {logging_mixin.py:104} INFO - [2022-04-12 04:28:30,638] {dagbag.py:487} INFO - Filling up the DagBag from /home/airflow/sandbox/lib/python3.8/site-packages/airflow/example_dags/example_task_group.py
[2022-04-12 04:28:30,747] {scheduler_job.py:643} INFO - DAG(s) dict_keys(['example_task_group']) retrieved from /home/airflow/sandbox/lib/python3.8/site-packages/airflow/example_dags/example_task_group.py
[2022-04-12 04:28:31,005] {logging_mixin.py:104} INFO - [2022-04-12 04:28:31,004] {dag.py:1832} INFO - Sync 1 DAGs
[2022-04-12 04:28:31,130] {logging_mixin.py:104} INFO - [2022-04-12 04:28:31,130] {dag.py:2305} INFO - Setting next_dagrun for example_task_group to 2022-04-10 00:00:00+00:00
[2022-04-12 04:28:31,235] {scheduler_job.py:190} INFO - Processing /home/airflow/sandbox/lib/python3.8/site-packages/airflow/example_dags/example_task_group.py took 0.646 seconds
[2022-04-12 04:29:02,136] {scheduler_job.py:182} INFO - Started process (PID=93650) to work on /home/airflow/sandbox/lib/python3.8/site-packages/airflow/example_dags/example_task_group.py
[2022-04-12 04:29:02,143] {scheduler_job.py:633} INFO - Processing file /home/airflow/sandbox/lib/python3.8/site-packages/airflow/example_dags/example_task_group.py for tasks to queue
[2022-04-12 04:29:02,145] {logging_mixin.py:104} INFO - [2022-04-12 04:29:02,145] {dagbag.py:487} INFO - Filling up the DagBag from /home/airflow/sandbox/lib/python3.8/site-packages/airflow/example_dags/example_task_group.py
[2022-04-12 04:29:02,215] {scheduler_job.py:643} INFO - DAG(s) dict_keys(['example_task_group']) retrieved from /home/airflow/sandbox/lib/python3.8/site-packages/airflow/example_dags/example_task_group.py
[2022-04-12 04:29:02,546] {logging_mixin.py:104} INFO - [2022-04-12 04:29:02,546] {dag.py:1832} INFO - Sync 1 DAGs
[2022-04-12 04:29:02,737] {logging_mixin.py:104} INFO - [2022-04-12 04:29:02,737] {dag.py:2305} INFO - Setting next_dagrun for example_task_group to 2022-04-10 00:00:00+00:00
[2022-04-12 04:29:02,922] {scheduler_job.py:190} INFO - Processing /home/airflow/sandbox/lib/python3.8/site-packages/airflow/example_dags/example_task_group.py took 0.837 seconds
[2022-04-12 04:30:39,827] {scheduler_job.py:182} INFO - Started process (PID=94097) to work on /home/airflow/sandbox/lib/python3.8/site-packages/airflow/example_dags/example_task_group.py
[2022-04-12 04:30:39,833] {scheduler_job.py:633} INFO - Processing file /home/airflow/sandbox/lib/python3.8/site-packages/airflow/example_dags/example_task_group.py for tasks to queue
[2022-04-12 04:30:39,847] {logging_mixin.py:104} INFO - [2022-04-12 04:30:39,846] {dagbag.py:487} INFO - Filling up the DagBag from /home/airflow/sandbox/lib/python3.8/site-packages/airflow/example_dags/example_task_group.py
[2022-04-12 04:30:39,939] {scheduler_job.py:643} INFO - DAG(s) dict_keys(['example_task_group']) retrieved from /home/airflow/sandbox/lib/python3.8/site-packages/airflow/example_dags/example_task_group.py
[2022-04-12 04:30:40,228] {logging_mixin.py:104} INFO - [2022-04-12 04:30:40,228] {dag.py:1832} INFO - Sync 1 DAGs
[2022-04-12 04:30:40,385] {logging_mixin.py:104} INFO - [2022-04-12 04:30:40,385] {dag.py:2305} INFO - Setting next_dagrun for example_task_group to 2022-04-10 00:00:00+00:00
[2022-04-12 04:30:40,584] {scheduler_job.py:190} INFO - Processing /home/airflow/sandbox/lib/python3.8/site-packages/airflow/example_dags/example_task_group.py took 0.789 seconds
[2022-04-12 04:31:14,709] {scheduler_job.py:182} INFO - Started process (PID=94298) to work on /home/airflow/sandbox/lib/python3.8/site-packages/airflow/example_dags/example_task_group.py
[2022-04-12 04:31:14,714] {scheduler_job.py:633} INFO - Processing file /home/airflow/sandbox/lib/python3.8/site-packages/airflow/example_dags/example_task_group.py for tasks to queue
[2022-04-12 04:31:14,716] {logging_mixin.py:104} INFO - [2022-04-12 04:31:14,716] {dagbag.py:487} INFO - Filling up the DagBag from /home/airflow/sandbox/lib/python3.8/site-packages/airflow/example_dags/example_task_group.py
[2022-04-12 04:31:14,750] {scheduler_job.py:643} INFO - DAG(s) dict_keys(['example_task_group']) retrieved from /home/airflow/sandbox/lib/python3.8/site-packages/airflow/example_dags/example_task_group.py
[2022-04-12 04:31:14,828] {logging_mixin.py:104} INFO - [2022-04-12 04:31:14,828] {dag.py:1832} INFO - Sync 1 DAGs
[2022-04-12 04:31:14,860] {logging_mixin.py:104} INFO - [2022-04-12 04:31:14,860] {dag.py:2305} INFO - Setting next_dagrun for example_task_group to 2022-04-10 00:00:00+00:00
[2022-04-12 04:31:14,917] {scheduler_job.py:190} INFO - Processing /home/airflow/sandbox/lib/python3.8/site-packages/airflow/example_dags/example_task_group.py took 0.221 seconds
[2022-04-12 04:31:46,407] {scheduler_job.py:182} INFO - Started process (PID=94496) to work on /home/airflow/sandbox/lib/python3.8/site-packages/airflow/example_dags/example_task_group.py
[2022-04-12 04:31:46,435] {scheduler_job.py:633} INFO - Processing file /home/airflow/sandbox/lib/python3.8/site-packages/airflow/example_dags/example_task_group.py for tasks to queue
[2022-04-12 04:31:46,438] {logging_mixin.py:104} INFO - [2022-04-12 04:31:46,437] {dagbag.py:487} INFO - Filling up the DagBag from /home/airflow/sandbox/lib/python3.8/site-packages/airflow/example_dags/example_task_group.py
[2022-04-12 04:31:46,483] {scheduler_job.py:643} INFO - DAG(s) dict_keys(['example_task_group']) retrieved from /home/airflow/sandbox/lib/python3.8/site-packages/airflow/example_dags/example_task_group.py
[2022-04-12 04:31:46,561] {logging_mixin.py:104} INFO - [2022-04-12 04:31:46,561] {dag.py:1832} INFO - Sync 1 DAGs
[2022-04-12 04:31:46,666] {logging_mixin.py:104} INFO - [2022-04-12 04:31:46,665] {dag.py:2305} INFO - Setting next_dagrun for example_task_group to 2022-04-10 00:00:00+00:00
[2022-04-12 04:31:46,854] {scheduler_job.py:190} INFO - Processing /home/airflow/sandbox/lib/python3.8/site-packages/airflow/example_dags/example_task_group.py took 0.456 seconds
[2022-04-12 04:32:19,993] {scheduler_job.py:182} INFO - Started process (PID=94696) to work on /home/airflow/sandbox/lib/python3.8/site-packages/airflow/example_dags/example_task_group.py
[2022-04-12 04:32:20,004] {scheduler_job.py:633} INFO - Processing file /home/airflow/sandbox/lib/python3.8/site-packages/airflow/example_dags/example_task_group.py for tasks to queue
[2022-04-12 04:32:20,022] {logging_mixin.py:104} INFO - [2022-04-12 04:32:20,021] {dagbag.py:487} INFO - Filling up the DagBag from /home/airflow/sandbox/lib/python3.8/site-packages/airflow/example_dags/example_task_group.py
[2022-04-12 04:32:20,169] {scheduler_job.py:643} INFO - DAG(s) dict_keys(['example_task_group']) retrieved from /home/airflow/sandbox/lib/python3.8/site-packages/airflow/example_dags/example_task_group.py
[2022-04-12 04:32:20,511] {logging_mixin.py:104} INFO - [2022-04-12 04:32:20,510] {dag.py:1832} INFO - Sync 1 DAGs
[2022-04-12 04:32:20,691] {logging_mixin.py:104} INFO - [2022-04-12 04:32:20,690] {dag.py:2305} INFO - Setting next_dagrun for example_task_group to 2022-04-10 00:00:00+00:00
[2022-04-12 04:32:20,806] {scheduler_job.py:190} INFO - Processing /home/airflow/sandbox/lib/python3.8/site-packages/airflow/example_dags/example_task_group.py took 0.847 seconds
