[2022-04-12 04:05:39,569] {scheduler_job.py:182} INFO - Started process (PID=82217) to work on /home/airflow/sandbox/lib/python3.8/site-packages/airflow/example_dags/example_external_task_marker_dag.py
[2022-04-12 04:05:39,640] {scheduler_job.py:633} INFO - Processing file /home/airflow/sandbox/lib/python3.8/site-packages/airflow/example_dags/example_external_task_marker_dag.py for tasks to queue
[2022-04-12 04:05:39,646] {logging_mixin.py:104} INFO - [2022-04-12 04:05:39,646] {dagbag.py:487} INFO - Filling up the DagBag from /home/airflow/sandbox/lib/python3.8/site-packages/airflow/example_dags/example_external_task_marker_dag.py
[2022-04-12 04:05:39,845] {scheduler_job.py:643} INFO - DAG(s) dict_keys(['example_external_task_marker_parent', 'example_external_task_marker_child']) retrieved from /home/airflow/sandbox/lib/python3.8/site-packages/airflow/example_dags/example_external_task_marker_dag.py
[2022-04-12 04:05:41,658] {logging_mixin.py:104} INFO - [2022-04-12 04:05:41,657] {dag.py:1832} INFO - Sync 2 DAGs
[2022-04-12 04:05:42,007] {logging_mixin.py:104} INFO - [2022-04-12 04:05:42,007] {dag.py:2305} INFO - Setting next_dagrun for example_external_task_marker_child to None
[2022-04-12 04:05:42,019] {logging_mixin.py:104} INFO - [2022-04-12 04:05:42,015] {dag.py:2305} INFO - Setting next_dagrun for example_external_task_marker_parent to None
[2022-04-12 04:05:42,586] {scheduler_job.py:190} INFO - Processing /home/airflow/sandbox/lib/python3.8/site-packages/airflow/example_dags/example_external_task_marker_dag.py took 3.023 seconds
[2022-04-12 04:06:24,208] {scheduler_job.py:182} INFO - Started process (PID=83596) to work on /home/airflow/sandbox/lib/python3.8/site-packages/airflow/example_dags/example_external_task_marker_dag.py
[2022-04-12 04:06:24,211] {scheduler_job.py:633} INFO - Processing file /home/airflow/sandbox/lib/python3.8/site-packages/airflow/example_dags/example_external_task_marker_dag.py for tasks to queue
[2022-04-12 04:06:24,212] {logging_mixin.py:104} INFO - [2022-04-12 04:06:24,212] {dagbag.py:487} INFO - Filling up the DagBag from /home/airflow/sandbox/lib/python3.8/site-packages/airflow/example_dags/example_external_task_marker_dag.py
[2022-04-12 04:06:24,217] {scheduler_job.py:643} INFO - DAG(s) dict_keys(['example_external_task_marker_parent', 'example_external_task_marker_child']) retrieved from /home/airflow/sandbox/lib/python3.8/site-packages/airflow/example_dags/example_external_task_marker_dag.py
[2022-04-12 04:06:24,311] {logging_mixin.py:104} INFO - [2022-04-12 04:06:24,311] {dag.py:1832} INFO - Sync 2 DAGs
[2022-04-12 04:06:24,324] {logging_mixin.py:104} INFO - [2022-04-12 04:06:24,324] {dag.py:2305} INFO - Setting next_dagrun for example_external_task_marker_child to None
[2022-04-12 04:06:24,325] {logging_mixin.py:104} INFO - [2022-04-12 04:06:24,325] {dag.py:2305} INFO - Setting next_dagrun for example_external_task_marker_parent to None
[2022-04-12 04:06:24,399] {scheduler_job.py:190} INFO - Processing /home/airflow/sandbox/lib/python3.8/site-packages/airflow/example_dags/example_external_task_marker_dag.py took 0.193 seconds
[2022-04-12 04:06:55,056] {scheduler_job.py:182} INFO - Started process (PID=83959) to work on /home/airflow/sandbox/lib/python3.8/site-packages/airflow/example_dags/example_external_task_marker_dag.py
[2022-04-12 04:06:55,070] {scheduler_job.py:633} INFO - Processing file /home/airflow/sandbox/lib/python3.8/site-packages/airflow/example_dags/example_external_task_marker_dag.py for tasks to queue
[2022-04-12 04:06:55,071] {logging_mixin.py:104} INFO - [2022-04-12 04:06:55,071] {dagbag.py:487} INFO - Filling up the DagBag from /home/airflow/sandbox/lib/python3.8/site-packages/airflow/example_dags/example_external_task_marker_dag.py
[2022-04-12 04:06:55,086] {scheduler_job.py:643} INFO - DAG(s) dict_keys(['example_external_task_marker_parent', 'example_external_task_marker_child']) retrieved from /home/airflow/sandbox/lib/python3.8/site-packages/airflow/example_dags/example_external_task_marker_dag.py
[2022-04-12 04:06:55,176] {logging_mixin.py:104} INFO - [2022-04-12 04:06:55,176] {dag.py:1832} INFO - Sync 2 DAGs
[2022-04-12 04:06:55,279] {logging_mixin.py:104} INFO - [2022-04-12 04:06:55,279] {dag.py:2305} INFO - Setting next_dagrun for example_external_task_marker_child to None
[2022-04-12 04:06:55,286] {logging_mixin.py:104} INFO - [2022-04-12 04:06:55,286] {dag.py:2305} INFO - Setting next_dagrun for example_external_task_marker_parent to None
[2022-04-12 04:06:55,390] {scheduler_job.py:190} INFO - Processing /home/airflow/sandbox/lib/python3.8/site-packages/airflow/example_dags/example_external_task_marker_dag.py took 0.340 seconds
[2022-04-12 04:07:26,589] {scheduler_job.py:182} INFO - Started process (PID=84212) to work on /home/airflow/sandbox/lib/python3.8/site-packages/airflow/example_dags/example_external_task_marker_dag.py
[2022-04-12 04:07:26,591] {scheduler_job.py:633} INFO - Processing file /home/airflow/sandbox/lib/python3.8/site-packages/airflow/example_dags/example_external_task_marker_dag.py for tasks to queue
[2022-04-12 04:07:26,592] {logging_mixin.py:104} INFO - [2022-04-12 04:07:26,592] {dagbag.py:487} INFO - Filling up the DagBag from /home/airflow/sandbox/lib/python3.8/site-packages/airflow/example_dags/example_external_task_marker_dag.py
[2022-04-12 04:07:26,604] {scheduler_job.py:643} INFO - DAG(s) dict_keys(['example_external_task_marker_parent', 'example_external_task_marker_child']) retrieved from /home/airflow/sandbox/lib/python3.8/site-packages/airflow/example_dags/example_external_task_marker_dag.py
[2022-04-12 04:07:26,657] {logging_mixin.py:104} INFO - [2022-04-12 04:07:26,657] {dag.py:1832} INFO - Sync 2 DAGs
[2022-04-12 04:07:26,728] {logging_mixin.py:104} INFO - [2022-04-12 04:07:26,728] {dag.py:2305} INFO - Setting next_dagrun for example_external_task_marker_child to None
[2022-04-12 04:07:26,730] {logging_mixin.py:104} INFO - [2022-04-12 04:07:26,730] {dag.py:2305} INFO - Setting next_dagrun for example_external_task_marker_parent to None
[2022-04-12 04:07:26,883] {scheduler_job.py:190} INFO - Processing /home/airflow/sandbox/lib/python3.8/site-packages/airflow/example_dags/example_external_task_marker_dag.py took 0.300 seconds
[2022-04-12 04:07:58,268] {scheduler_job.py:182} INFO - Started process (PID=84412) to work on /home/airflow/sandbox/lib/python3.8/site-packages/airflow/example_dags/example_external_task_marker_dag.py
[2022-04-12 04:07:58,277] {scheduler_job.py:633} INFO - Processing file /home/airflow/sandbox/lib/python3.8/site-packages/airflow/example_dags/example_external_task_marker_dag.py for tasks to queue
[2022-04-12 04:07:58,286] {logging_mixin.py:104} INFO - [2022-04-12 04:07:58,286] {dagbag.py:487} INFO - Filling up the DagBag from /home/airflow/sandbox/lib/python3.8/site-packages/airflow/example_dags/example_external_task_marker_dag.py
[2022-04-12 04:07:58,316] {scheduler_job.py:643} INFO - DAG(s) dict_keys(['example_external_task_marker_parent', 'example_external_task_marker_child']) retrieved from /home/airflow/sandbox/lib/python3.8/site-packages/airflow/example_dags/example_external_task_marker_dag.py
[2022-04-12 04:07:58,399] {logging_mixin.py:104} INFO - [2022-04-12 04:07:58,399] {dag.py:1832} INFO - Sync 2 DAGs
[2022-04-12 04:07:58,485] {logging_mixin.py:104} INFO - [2022-04-12 04:07:58,484] {dag.py:2305} INFO - Setting next_dagrun for example_external_task_marker_child to None
[2022-04-12 04:07:58,489] {logging_mixin.py:104} INFO - [2022-04-12 04:07:58,489] {dag.py:2305} INFO - Setting next_dagrun for example_external_task_marker_parent to None
[2022-04-12 04:07:58,559] {scheduler_job.py:190} INFO - Processing /home/airflow/sandbox/lib/python3.8/site-packages/airflow/example_dags/example_external_task_marker_dag.py took 0.310 seconds
[2022-04-12 04:08:30,207] {scheduler_job.py:182} INFO - Started process (PID=84671) to work on /home/airflow/sandbox/lib/python3.8/site-packages/airflow/example_dags/example_external_task_marker_dag.py
[2022-04-12 04:08:30,210] {scheduler_job.py:633} INFO - Processing file /home/airflow/sandbox/lib/python3.8/site-packages/airflow/example_dags/example_external_task_marker_dag.py for tasks to queue
[2022-04-12 04:08:30,212] {logging_mixin.py:104} INFO - [2022-04-12 04:08:30,211] {dagbag.py:487} INFO - Filling up the DagBag from /home/airflow/sandbox/lib/python3.8/site-packages/airflow/example_dags/example_external_task_marker_dag.py
[2022-04-12 04:08:30,227] {scheduler_job.py:643} INFO - DAG(s) dict_keys(['example_external_task_marker_parent', 'example_external_task_marker_child']) retrieved from /home/airflow/sandbox/lib/python3.8/site-packages/airflow/example_dags/example_external_task_marker_dag.py
[2022-04-12 04:08:30,288] {logging_mixin.py:104} INFO - [2022-04-12 04:08:30,288] {dag.py:1832} INFO - Sync 2 DAGs
[2022-04-12 04:08:30,348] {logging_mixin.py:104} INFO - [2022-04-12 04:08:30,348] {dag.py:2305} INFO - Setting next_dagrun for example_external_task_marker_child to None
[2022-04-12 04:08:30,358] {logging_mixin.py:104} INFO - [2022-04-12 04:08:30,358] {dag.py:2305} INFO - Setting next_dagrun for example_external_task_marker_parent to None
[2022-04-12 04:08:30,537] {scheduler_job.py:190} INFO - Processing /home/airflow/sandbox/lib/python3.8/site-packages/airflow/example_dags/example_external_task_marker_dag.py took 0.339 seconds
[2022-04-12 04:09:01,710] {scheduler_job.py:182} INFO - Started process (PID=84864) to work on /home/airflow/sandbox/lib/python3.8/site-packages/airflow/example_dags/example_external_task_marker_dag.py
[2022-04-12 04:09:01,727] {scheduler_job.py:633} INFO - Processing file /home/airflow/sandbox/lib/python3.8/site-packages/airflow/example_dags/example_external_task_marker_dag.py for tasks to queue
[2022-04-12 04:09:01,737] {logging_mixin.py:104} INFO - [2022-04-12 04:09:01,737] {dagbag.py:487} INFO - Filling up the DagBag from /home/airflow/sandbox/lib/python3.8/site-packages/airflow/example_dags/example_external_task_marker_dag.py
[2022-04-12 04:09:01,763] {scheduler_job.py:643} INFO - DAG(s) dict_keys(['example_external_task_marker_parent', 'example_external_task_marker_child']) retrieved from /home/airflow/sandbox/lib/python3.8/site-packages/airflow/example_dags/example_external_task_marker_dag.py
[2022-04-12 04:09:01,969] {logging_mixin.py:104} INFO - [2022-04-12 04:09:01,969] {dag.py:1832} INFO - Sync 2 DAGs
[2022-04-12 04:09:02,038] {logging_mixin.py:104} INFO - [2022-04-12 04:09:02,037] {dag.py:2305} INFO - Setting next_dagrun for example_external_task_marker_child to None
[2022-04-12 04:09:02,040] {logging_mixin.py:104} INFO - [2022-04-12 04:09:02,040] {dag.py:2305} INFO - Setting next_dagrun for example_external_task_marker_parent to None
[2022-04-12 04:09:02,172] {scheduler_job.py:190} INFO - Processing /home/airflow/sandbox/lib/python3.8/site-packages/airflow/example_dags/example_external_task_marker_dag.py took 0.469 seconds
[2022-04-12 04:14:42,187] {scheduler_job.py:182} INFO - Started process (PID=85281) to work on /home/airflow/sandbox/lib/python3.8/site-packages/airflow/example_dags/example_external_task_marker_dag.py
[2022-04-12 04:14:42,211] {scheduler_job.py:633} INFO - Processing file /home/airflow/sandbox/lib/python3.8/site-packages/airflow/example_dags/example_external_task_marker_dag.py for tasks to queue
[2022-04-12 04:14:42,250] {logging_mixin.py:104} INFO - [2022-04-12 04:14:42,250] {dagbag.py:487} INFO - Filling up the DagBag from /home/airflow/sandbox/lib/python3.8/site-packages/airflow/example_dags/example_external_task_marker_dag.py
[2022-04-12 04:14:42,319] {scheduler_job.py:643} INFO - DAG(s) dict_keys(['example_external_task_marker_parent', 'example_external_task_marker_child']) retrieved from /home/airflow/sandbox/lib/python3.8/site-packages/airflow/example_dags/example_external_task_marker_dag.py
[2022-04-12 04:14:42,697] {logging_mixin.py:104} INFO - [2022-04-12 04:14:42,696] {dag.py:1832} INFO - Sync 2 DAGs
[2022-04-12 04:14:42,850] {logging_mixin.py:104} INFO - [2022-04-12 04:14:42,850] {dag.py:2305} INFO - Setting next_dagrun for example_external_task_marker_child to None
[2022-04-12 04:14:42,861] {logging_mixin.py:104} INFO - [2022-04-12 04:14:42,861] {dag.py:2305} INFO - Setting next_dagrun for example_external_task_marker_parent to None
[2022-04-12 04:14:43,341] {scheduler_job.py:190} INFO - Processing /home/airflow/sandbox/lib/python3.8/site-packages/airflow/example_dags/example_external_task_marker_dag.py took 1.158 seconds
[2022-04-12 04:15:13,874] {scheduler_job.py:182} INFO - Started process (PID=85807) to work on /home/airflow/sandbox/lib/python3.8/site-packages/airflow/example_dags/example_external_task_marker_dag.py
[2022-04-12 04:15:13,877] {scheduler_job.py:633} INFO - Processing file /home/airflow/sandbox/lib/python3.8/site-packages/airflow/example_dags/example_external_task_marker_dag.py for tasks to queue
[2022-04-12 04:15:13,878] {logging_mixin.py:104} INFO - [2022-04-12 04:15:13,878] {dagbag.py:487} INFO - Filling up the DagBag from /home/airflow/sandbox/lib/python3.8/site-packages/airflow/example_dags/example_external_task_marker_dag.py
[2022-04-12 04:15:13,897] {scheduler_job.py:643} INFO - DAG(s) dict_keys(['example_external_task_marker_parent', 'example_external_task_marker_child']) retrieved from /home/airflow/sandbox/lib/python3.8/site-packages/airflow/example_dags/example_external_task_marker_dag.py
[2022-04-12 04:15:13,950] {logging_mixin.py:104} INFO - [2022-04-12 04:15:13,950] {dag.py:1832} INFO - Sync 2 DAGs
[2022-04-12 04:15:13,979] {logging_mixin.py:104} INFO - [2022-04-12 04:15:13,979] {dag.py:2305} INFO - Setting next_dagrun for example_external_task_marker_child to None
[2022-04-12 04:15:13,980] {logging_mixin.py:104} INFO - [2022-04-12 04:15:13,980] {dag.py:2305} INFO - Setting next_dagrun for example_external_task_marker_parent to None
[2022-04-12 04:15:14,009] {scheduler_job.py:190} INFO - Processing /home/airflow/sandbox/lib/python3.8/site-packages/airflow/example_dags/example_external_task_marker_dag.py took 0.144 seconds
[2022-04-12 04:15:44,131] {scheduler_job.py:182} INFO - Started process (PID=86186) to work on /home/airflow/sandbox/lib/python3.8/site-packages/airflow/example_dags/example_external_task_marker_dag.py
[2022-04-12 04:15:44,139] {scheduler_job.py:633} INFO - Processing file /home/airflow/sandbox/lib/python3.8/site-packages/airflow/example_dags/example_external_task_marker_dag.py for tasks to queue
[2022-04-12 04:15:44,144] {logging_mixin.py:104} INFO - [2022-04-12 04:15:44,143] {dagbag.py:487} INFO - Filling up the DagBag from /home/airflow/sandbox/lib/python3.8/site-packages/airflow/example_dags/example_external_task_marker_dag.py
[2022-04-12 04:15:44,171] {scheduler_job.py:643} INFO - DAG(s) dict_keys(['example_external_task_marker_parent', 'example_external_task_marker_child']) retrieved from /home/airflow/sandbox/lib/python3.8/site-packages/airflow/example_dags/example_external_task_marker_dag.py
[2022-04-12 04:15:44,296] {logging_mixin.py:104} INFO - [2022-04-12 04:15:44,296] {dag.py:1832} INFO - Sync 2 DAGs
[2022-04-12 04:15:44,331] {logging_mixin.py:104} INFO - [2022-04-12 04:15:44,330] {dag.py:2305} INFO - Setting next_dagrun for example_external_task_marker_child to None
[2022-04-12 04:15:44,334] {logging_mixin.py:104} INFO - [2022-04-12 04:15:44,334] {dag.py:2305} INFO - Setting next_dagrun for example_external_task_marker_parent to None
[2022-04-12 04:15:44,361] {scheduler_job.py:190} INFO - Processing /home/airflow/sandbox/lib/python3.8/site-packages/airflow/example_dags/example_external_task_marker_dag.py took 0.242 seconds
[2022-04-12 04:16:14,488] {scheduler_job.py:182} INFO - Started process (PID=86565) to work on /home/airflow/sandbox/lib/python3.8/site-packages/airflow/example_dags/example_external_task_marker_dag.py
[2022-04-12 04:16:14,490] {scheduler_job.py:633} INFO - Processing file /home/airflow/sandbox/lib/python3.8/site-packages/airflow/example_dags/example_external_task_marker_dag.py for tasks to queue
[2022-04-12 04:16:14,491] {logging_mixin.py:104} INFO - [2022-04-12 04:16:14,491] {dagbag.py:487} INFO - Filling up the DagBag from /home/airflow/sandbox/lib/python3.8/site-packages/airflow/example_dags/example_external_task_marker_dag.py
[2022-04-12 04:16:14,529] {scheduler_job.py:643} INFO - DAG(s) dict_keys(['example_external_task_marker_parent', 'example_external_task_marker_child']) retrieved from /home/airflow/sandbox/lib/python3.8/site-packages/airflow/example_dags/example_external_task_marker_dag.py
[2022-04-12 04:16:14,591] {logging_mixin.py:104} INFO - [2022-04-12 04:16:14,590] {dag.py:1832} INFO - Sync 2 DAGs
[2022-04-12 04:16:14,626] {logging_mixin.py:104} INFO - [2022-04-12 04:16:14,626] {dag.py:2305} INFO - Setting next_dagrun for example_external_task_marker_child to None
[2022-04-12 04:16:14,629] {logging_mixin.py:104} INFO - [2022-04-12 04:16:14,629] {dag.py:2305} INFO - Setting next_dagrun for example_external_task_marker_parent to None
[2022-04-12 04:16:14,659] {scheduler_job.py:190} INFO - Processing /home/airflow/sandbox/lib/python3.8/site-packages/airflow/example_dags/example_external_task_marker_dag.py took 0.182 seconds
[2022-04-12 04:16:44,890] {scheduler_job.py:182} INFO - Started process (PID=86944) to work on /home/airflow/sandbox/lib/python3.8/site-packages/airflow/example_dags/example_external_task_marker_dag.py
[2022-04-12 04:16:44,895] {scheduler_job.py:633} INFO - Processing file /home/airflow/sandbox/lib/python3.8/site-packages/airflow/example_dags/example_external_task_marker_dag.py for tasks to queue
[2022-04-12 04:16:44,896] {logging_mixin.py:104} INFO - [2022-04-12 04:16:44,896] {dagbag.py:487} INFO - Filling up the DagBag from /home/airflow/sandbox/lib/python3.8/site-packages/airflow/example_dags/example_external_task_marker_dag.py
[2022-04-12 04:16:44,915] {scheduler_job.py:643} INFO - DAG(s) dict_keys(['example_external_task_marker_parent', 'example_external_task_marker_child']) retrieved from /home/airflow/sandbox/lib/python3.8/site-packages/airflow/example_dags/example_external_task_marker_dag.py
[2022-04-12 04:16:45,011] {logging_mixin.py:104} INFO - [2022-04-12 04:16:45,011] {dag.py:1832} INFO - Sync 2 DAGs
[2022-04-12 04:16:45,070] {logging_mixin.py:104} INFO - [2022-04-12 04:16:45,070] {dag.py:2305} INFO - Setting next_dagrun for example_external_task_marker_child to None
[2022-04-12 04:16:45,074] {logging_mixin.py:104} INFO - [2022-04-12 04:16:45,074] {dag.py:2305} INFO - Setting next_dagrun for example_external_task_marker_parent to None
[2022-04-12 04:16:45,114] {scheduler_job.py:190} INFO - Processing /home/airflow/sandbox/lib/python3.8/site-packages/airflow/example_dags/example_external_task_marker_dag.py took 0.232 seconds
[2022-04-12 04:17:15,446] {scheduler_job.py:182} INFO - Started process (PID=87326) to work on /home/airflow/sandbox/lib/python3.8/site-packages/airflow/example_dags/example_external_task_marker_dag.py
[2022-04-12 04:17:15,449] {scheduler_job.py:633} INFO - Processing file /home/airflow/sandbox/lib/python3.8/site-packages/airflow/example_dags/example_external_task_marker_dag.py for tasks to queue
[2022-04-12 04:17:15,450] {logging_mixin.py:104} INFO - [2022-04-12 04:17:15,450] {dagbag.py:487} INFO - Filling up the DagBag from /home/airflow/sandbox/lib/python3.8/site-packages/airflow/example_dags/example_external_task_marker_dag.py
[2022-04-12 04:17:15,462] {scheduler_job.py:643} INFO - DAG(s) dict_keys(['example_external_task_marker_parent', 'example_external_task_marker_child']) retrieved from /home/airflow/sandbox/lib/python3.8/site-packages/airflow/example_dags/example_external_task_marker_dag.py
[2022-04-12 04:17:15,519] {logging_mixin.py:104} INFO - [2022-04-12 04:17:15,519] {dag.py:1832} INFO - Sync 2 DAGs
[2022-04-12 04:17:15,553] {logging_mixin.py:104} INFO - [2022-04-12 04:17:15,553] {dag.py:2305} INFO - Setting next_dagrun for example_external_task_marker_child to None
[2022-04-12 04:17:15,555] {logging_mixin.py:104} INFO - [2022-04-12 04:17:15,555] {dag.py:2305} INFO - Setting next_dagrun for example_external_task_marker_parent to None
[2022-04-12 04:17:15,588] {scheduler_job.py:190} INFO - Processing /home/airflow/sandbox/lib/python3.8/site-packages/airflow/example_dags/example_external_task_marker_dag.py took 0.149 seconds
[2022-04-12 04:17:45,796] {scheduler_job.py:182} INFO - Started process (PID=87706) to work on /home/airflow/sandbox/lib/python3.8/site-packages/airflow/example_dags/example_external_task_marker_dag.py
[2022-04-12 04:17:45,798] {scheduler_job.py:633} INFO - Processing file /home/airflow/sandbox/lib/python3.8/site-packages/airflow/example_dags/example_external_task_marker_dag.py for tasks to queue
[2022-04-12 04:17:45,799] {logging_mixin.py:104} INFO - [2022-04-12 04:17:45,799] {dagbag.py:487} INFO - Filling up the DagBag from /home/airflow/sandbox/lib/python3.8/site-packages/airflow/example_dags/example_external_task_marker_dag.py
[2022-04-12 04:17:45,814] {scheduler_job.py:643} INFO - DAG(s) dict_keys(['example_external_task_marker_parent', 'example_external_task_marker_child']) retrieved from /home/airflow/sandbox/lib/python3.8/site-packages/airflow/example_dags/example_external_task_marker_dag.py
[2022-04-12 04:17:45,872] {logging_mixin.py:104} INFO - [2022-04-12 04:17:45,872] {dag.py:1832} INFO - Sync 2 DAGs
[2022-04-12 04:17:45,904] {logging_mixin.py:104} INFO - [2022-04-12 04:17:45,904] {dag.py:2305} INFO - Setting next_dagrun for example_external_task_marker_child to None
[2022-04-12 04:17:45,906] {logging_mixin.py:104} INFO - [2022-04-12 04:17:45,906] {dag.py:2305} INFO - Setting next_dagrun for example_external_task_marker_parent to None
[2022-04-12 04:17:45,937] {scheduler_job.py:190} INFO - Processing /home/airflow/sandbox/lib/python3.8/site-packages/airflow/example_dags/example_external_task_marker_dag.py took 0.151 seconds
[2022-04-12 04:18:16,591] {scheduler_job.py:182} INFO - Started process (PID=88100) to work on /home/airflow/sandbox/lib/python3.8/site-packages/airflow/example_dags/example_external_task_marker_dag.py
[2022-04-12 04:18:16,594] {scheduler_job.py:633} INFO - Processing file /home/airflow/sandbox/lib/python3.8/site-packages/airflow/example_dags/example_external_task_marker_dag.py for tasks to queue
[2022-04-12 04:18:16,595] {logging_mixin.py:104} INFO - [2022-04-12 04:18:16,595] {dagbag.py:487} INFO - Filling up the DagBag from /home/airflow/sandbox/lib/python3.8/site-packages/airflow/example_dags/example_external_task_marker_dag.py
[2022-04-12 04:18:16,615] {scheduler_job.py:643} INFO - DAG(s) dict_keys(['example_external_task_marker_parent', 'example_external_task_marker_child']) retrieved from /home/airflow/sandbox/lib/python3.8/site-packages/airflow/example_dags/example_external_task_marker_dag.py
[2022-04-12 04:18:16,691] {logging_mixin.py:104} INFO - [2022-04-12 04:18:16,691] {dag.py:1832} INFO - Sync 2 DAGs
[2022-04-12 04:18:16,742] {logging_mixin.py:104} INFO - [2022-04-12 04:18:16,742] {dag.py:2305} INFO - Setting next_dagrun for example_external_task_marker_child to None
[2022-04-12 04:18:16,747] {logging_mixin.py:104} INFO - [2022-04-12 04:18:16,747] {dag.py:2305} INFO - Setting next_dagrun for example_external_task_marker_parent to None
[2022-04-12 04:18:16,779] {scheduler_job.py:190} INFO - Processing /home/airflow/sandbox/lib/python3.8/site-packages/airflow/example_dags/example_external_task_marker_dag.py took 0.201 seconds
[2022-04-12 04:18:47,143] {scheduler_job.py:182} INFO - Started process (PID=88479) to work on /home/airflow/sandbox/lib/python3.8/site-packages/airflow/example_dags/example_external_task_marker_dag.py
[2022-04-12 04:18:47,146] {scheduler_job.py:633} INFO - Processing file /home/airflow/sandbox/lib/python3.8/site-packages/airflow/example_dags/example_external_task_marker_dag.py for tasks to queue
[2022-04-12 04:18:47,147] {logging_mixin.py:104} INFO - [2022-04-12 04:18:47,147] {dagbag.py:487} INFO - Filling up the DagBag from /home/airflow/sandbox/lib/python3.8/site-packages/airflow/example_dags/example_external_task_marker_dag.py
[2022-04-12 04:18:47,165] {scheduler_job.py:643} INFO - DAG(s) dict_keys(['example_external_task_marker_parent', 'example_external_task_marker_child']) retrieved from /home/airflow/sandbox/lib/python3.8/site-packages/airflow/example_dags/example_external_task_marker_dag.py
[2022-04-12 04:18:47,254] {logging_mixin.py:104} INFO - [2022-04-12 04:18:47,254] {dag.py:1832} INFO - Sync 2 DAGs
[2022-04-12 04:18:47,325] {logging_mixin.py:104} INFO - [2022-04-12 04:18:47,324] {dag.py:2305} INFO - Setting next_dagrun for example_external_task_marker_child to None
[2022-04-12 04:18:47,334] {logging_mixin.py:104} INFO - [2022-04-12 04:18:47,334] {dag.py:2305} INFO - Setting next_dagrun for example_external_task_marker_parent to None
[2022-04-12 04:18:47,406] {scheduler_job.py:190} INFO - Processing /home/airflow/sandbox/lib/python3.8/site-packages/airflow/example_dags/example_external_task_marker_dag.py took 0.273 seconds
[2022-04-12 04:19:18,097] {scheduler_job.py:182} INFO - Started process (PID=88873) to work on /home/airflow/sandbox/lib/python3.8/site-packages/airflow/example_dags/example_external_task_marker_dag.py
[2022-04-12 04:19:18,100] {scheduler_job.py:633} INFO - Processing file /home/airflow/sandbox/lib/python3.8/site-packages/airflow/example_dags/example_external_task_marker_dag.py for tasks to queue
[2022-04-12 04:19:18,102] {logging_mixin.py:104} INFO - [2022-04-12 04:19:18,101] {dagbag.py:487} INFO - Filling up the DagBag from /home/airflow/sandbox/lib/python3.8/site-packages/airflow/example_dags/example_external_task_marker_dag.py
[2022-04-12 04:19:18,121] {scheduler_job.py:643} INFO - DAG(s) dict_keys(['example_external_task_marker_parent', 'example_external_task_marker_child']) retrieved from /home/airflow/sandbox/lib/python3.8/site-packages/airflow/example_dags/example_external_task_marker_dag.py
[2022-04-12 04:19:18,231] {logging_mixin.py:104} INFO - [2022-04-12 04:19:18,230] {dag.py:1832} INFO - Sync 2 DAGs
[2022-04-12 04:19:18,289] {logging_mixin.py:104} INFO - [2022-04-12 04:19:18,289] {dag.py:2305} INFO - Setting next_dagrun for example_external_task_marker_child to None
[2022-04-12 04:19:18,297] {logging_mixin.py:104} INFO - [2022-04-12 04:19:18,293] {dag.py:2305} INFO - Setting next_dagrun for example_external_task_marker_parent to None
[2022-04-12 04:19:18,340] {scheduler_job.py:190} INFO - Processing /home/airflow/sandbox/lib/python3.8/site-packages/airflow/example_dags/example_external_task_marker_dag.py took 0.252 seconds
[2022-04-12 04:19:48,663] {scheduler_job.py:182} INFO - Started process (PID=89497) to work on /home/airflow/sandbox/lib/python3.8/site-packages/airflow/example_dags/example_external_task_marker_dag.py
[2022-04-12 04:19:48,692] {scheduler_job.py:633} INFO - Processing file /home/airflow/sandbox/lib/python3.8/site-packages/airflow/example_dags/example_external_task_marker_dag.py for tasks to queue
[2022-04-12 04:19:48,693] {logging_mixin.py:104} INFO - [2022-04-12 04:19:48,693] {dagbag.py:487} INFO - Filling up the DagBag from /home/airflow/sandbox/lib/python3.8/site-packages/airflow/example_dags/example_external_task_marker_dag.py
[2022-04-12 04:19:48,718] {scheduler_job.py:643} INFO - DAG(s) dict_keys(['example_external_task_marker_parent', 'example_external_task_marker_child']) retrieved from /home/airflow/sandbox/lib/python3.8/site-packages/airflow/example_dags/example_external_task_marker_dag.py
[2022-04-12 04:19:48,819] {logging_mixin.py:104} INFO - [2022-04-12 04:19:48,819] {dag.py:1832} INFO - Sync 2 DAGs
[2022-04-12 04:19:48,843] {logging_mixin.py:104} INFO - [2022-04-12 04:19:48,843] {dag.py:2305} INFO - Setting next_dagrun for example_external_task_marker_child to None
[2022-04-12 04:19:48,845] {logging_mixin.py:104} INFO - [2022-04-12 04:19:48,845] {dag.py:2305} INFO - Setting next_dagrun for example_external_task_marker_parent to None
[2022-04-12 04:19:48,876] {scheduler_job.py:190} INFO - Processing /home/airflow/sandbox/lib/python3.8/site-packages/airflow/example_dags/example_external_task_marker_dag.py took 0.224 seconds
[2022-04-12 04:20:19,578] {scheduler_job.py:182} INFO - Started process (PID=89870) to work on /home/airflow/sandbox/lib/python3.8/site-packages/airflow/example_dags/example_external_task_marker_dag.py
[2022-04-12 04:20:19,580] {scheduler_job.py:633} INFO - Processing file /home/airflow/sandbox/lib/python3.8/site-packages/airflow/example_dags/example_external_task_marker_dag.py for tasks to queue
[2022-04-12 04:20:19,587] {logging_mixin.py:104} INFO - [2022-04-12 04:20:19,586] {dagbag.py:487} INFO - Filling up the DagBag from /home/airflow/sandbox/lib/python3.8/site-packages/airflow/example_dags/example_external_task_marker_dag.py
[2022-04-12 04:20:19,627] {scheduler_job.py:643} INFO - DAG(s) dict_keys(['example_external_task_marker_parent', 'example_external_task_marker_child']) retrieved from /home/airflow/sandbox/lib/python3.8/site-packages/airflow/example_dags/example_external_task_marker_dag.py
[2022-04-12 04:20:19,809] {logging_mixin.py:104} INFO - [2022-04-12 04:20:19,809] {dag.py:1832} INFO - Sync 2 DAGs
[2022-04-12 04:20:19,958] {logging_mixin.py:104} INFO - [2022-04-12 04:20:19,958] {dag.py:2305} INFO - Setting next_dagrun for example_external_task_marker_child to None
[2022-04-12 04:20:19,980] {logging_mixin.py:104} INFO - [2022-04-12 04:20:19,980] {dag.py:2305} INFO - Setting next_dagrun for example_external_task_marker_parent to None
[2022-04-12 04:20:20,080] {scheduler_job.py:190} INFO - Processing /home/airflow/sandbox/lib/python3.8/site-packages/airflow/example_dags/example_external_task_marker_dag.py took 0.521 seconds
[2022-04-12 04:20:52,191] {scheduler_job.py:182} INFO - Started process (PID=90189) to work on /home/airflow/sandbox/lib/python3.8/site-packages/airflow/example_dags/example_external_task_marker_dag.py
[2022-04-12 04:20:52,206] {scheduler_job.py:633} INFO - Processing file /home/airflow/sandbox/lib/python3.8/site-packages/airflow/example_dags/example_external_task_marker_dag.py for tasks to queue
[2022-04-12 04:20:52,213] {logging_mixin.py:104} INFO - [2022-04-12 04:20:52,213] {dagbag.py:487} INFO - Filling up the DagBag from /home/airflow/sandbox/lib/python3.8/site-packages/airflow/example_dags/example_external_task_marker_dag.py
[2022-04-12 04:20:52,291] {scheduler_job.py:643} INFO - DAG(s) dict_keys(['example_external_task_marker_parent', 'example_external_task_marker_child']) retrieved from /home/airflow/sandbox/lib/python3.8/site-packages/airflow/example_dags/example_external_task_marker_dag.py
[2022-04-12 04:20:52,592] {logging_mixin.py:104} INFO - [2022-04-12 04:20:52,592] {dag.py:1832} INFO - Sync 2 DAGs
[2022-04-12 04:20:52,719] {logging_mixin.py:104} INFO - [2022-04-12 04:20:52,719] {dag.py:2305} INFO - Setting next_dagrun for example_external_task_marker_child to None
[2022-04-12 04:20:52,731] {logging_mixin.py:104} INFO - [2022-04-12 04:20:52,730] {dag.py:2305} INFO - Setting next_dagrun for example_external_task_marker_parent to None
[2022-04-12 04:20:52,871] {scheduler_job.py:190} INFO - Processing /home/airflow/sandbox/lib/python3.8/site-packages/airflow/example_dags/example_external_task_marker_dag.py took 0.766 seconds
[2022-04-12 04:21:24,409] {scheduler_job.py:182} INFO - Started process (PID=90371) to work on /home/airflow/sandbox/lib/python3.8/site-packages/airflow/example_dags/example_external_task_marker_dag.py
[2022-04-12 04:21:24,413] {scheduler_job.py:633} INFO - Processing file /home/airflow/sandbox/lib/python3.8/site-packages/airflow/example_dags/example_external_task_marker_dag.py for tasks to queue
[2022-04-12 04:21:24,415] {logging_mixin.py:104} INFO - [2022-04-12 04:21:24,415] {dagbag.py:487} INFO - Filling up the DagBag from /home/airflow/sandbox/lib/python3.8/site-packages/airflow/example_dags/example_external_task_marker_dag.py
[2022-04-12 04:21:24,439] {scheduler_job.py:643} INFO - DAG(s) dict_keys(['example_external_task_marker_parent', 'example_external_task_marker_child']) retrieved from /home/airflow/sandbox/lib/python3.8/site-packages/airflow/example_dags/example_external_task_marker_dag.py
[2022-04-12 04:21:24,594] {logging_mixin.py:104} INFO - [2022-04-12 04:21:24,593] {dag.py:1832} INFO - Sync 2 DAGs
[2022-04-12 04:21:24,804] {logging_mixin.py:104} INFO - [2022-04-12 04:21:24,803] {dag.py:2305} INFO - Setting next_dagrun for example_external_task_marker_child to None
[2022-04-12 04:21:24,809] {logging_mixin.py:104} INFO - [2022-04-12 04:21:24,808] {dag.py:2305} INFO - Setting next_dagrun for example_external_task_marker_parent to None
[2022-04-12 04:21:24,877] {scheduler_job.py:190} INFO - Processing /home/airflow/sandbox/lib/python3.8/site-packages/airflow/example_dags/example_external_task_marker_dag.py took 0.496 seconds
[2022-04-12 04:21:55,541] {scheduler_job.py:182} INFO - Started process (PID=90589) to work on /home/airflow/sandbox/lib/python3.8/site-packages/airflow/example_dags/example_external_task_marker_dag.py
[2022-04-12 04:21:55,547] {scheduler_job.py:633} INFO - Processing file /home/airflow/sandbox/lib/python3.8/site-packages/airflow/example_dags/example_external_task_marker_dag.py for tasks to queue
[2022-04-12 04:21:55,565] {logging_mixin.py:104} INFO - [2022-04-12 04:21:55,565] {dagbag.py:487} INFO - Filling up the DagBag from /home/airflow/sandbox/lib/python3.8/site-packages/airflow/example_dags/example_external_task_marker_dag.py
[2022-04-12 04:21:55,597] {scheduler_job.py:643} INFO - DAG(s) dict_keys(['example_external_task_marker_parent', 'example_external_task_marker_child']) retrieved from /home/airflow/sandbox/lib/python3.8/site-packages/airflow/example_dags/example_external_task_marker_dag.py
[2022-04-12 04:21:55,888] {logging_mixin.py:104} INFO - [2022-04-12 04:21:55,888] {dag.py:1832} INFO - Sync 2 DAGs
[2022-04-12 04:21:56,008] {logging_mixin.py:104} INFO - [2022-04-12 04:21:56,007] {dag.py:2305} INFO - Setting next_dagrun for example_external_task_marker_child to None
[2022-04-12 04:21:56,025] {logging_mixin.py:104} INFO - [2022-04-12 04:21:56,025] {dag.py:2305} INFO - Setting next_dagrun for example_external_task_marker_parent to None
[2022-04-12 04:21:56,298] {scheduler_job.py:190} INFO - Processing /home/airflow/sandbox/lib/python3.8/site-packages/airflow/example_dags/example_external_task_marker_dag.py took 0.778 seconds
[2022-04-12 04:22:27,213] {scheduler_job.py:182} INFO - Started process (PID=90924) to work on /home/airflow/sandbox/lib/python3.8/site-packages/airflow/example_dags/example_external_task_marker_dag.py
[2022-04-12 04:22:27,225] {scheduler_job.py:633} INFO - Processing file /home/airflow/sandbox/lib/python3.8/site-packages/airflow/example_dags/example_external_task_marker_dag.py for tasks to queue
[2022-04-12 04:22:27,234] {logging_mixin.py:104} INFO - [2022-04-12 04:22:27,233] {dagbag.py:487} INFO - Filling up the DagBag from /home/airflow/sandbox/lib/python3.8/site-packages/airflow/example_dags/example_external_task_marker_dag.py
[2022-04-12 04:22:27,312] {scheduler_job.py:643} INFO - DAG(s) dict_keys(['example_external_task_marker_parent', 'example_external_task_marker_child']) retrieved from /home/airflow/sandbox/lib/python3.8/site-packages/airflow/example_dags/example_external_task_marker_dag.py
[2022-04-12 04:22:27,470] {logging_mixin.py:104} INFO - [2022-04-12 04:22:27,470] {dag.py:1832} INFO - Sync 2 DAGs
[2022-04-12 04:22:27,560] {logging_mixin.py:104} INFO - [2022-04-12 04:22:27,560] {dag.py:2305} INFO - Setting next_dagrun for example_external_task_marker_child to None
[2022-04-12 04:22:27,567] {logging_mixin.py:104} INFO - [2022-04-12 04:22:27,566] {dag.py:2305} INFO - Setting next_dagrun for example_external_task_marker_parent to None
[2022-04-12 04:22:27,798] {scheduler_job.py:190} INFO - Processing /home/airflow/sandbox/lib/python3.8/site-packages/airflow/example_dags/example_external_task_marker_dag.py took 0.616 seconds
[2022-04-12 04:22:58,161] {scheduler_job.py:182} INFO - Started process (PID=91120) to work on /home/airflow/sandbox/lib/python3.8/site-packages/airflow/example_dags/example_external_task_marker_dag.py
[2022-04-12 04:22:58,170] {scheduler_job.py:633} INFO - Processing file /home/airflow/sandbox/lib/python3.8/site-packages/airflow/example_dags/example_external_task_marker_dag.py for tasks to queue
[2022-04-12 04:22:58,191] {logging_mixin.py:104} INFO - [2022-04-12 04:22:58,190] {dagbag.py:487} INFO - Filling up the DagBag from /home/airflow/sandbox/lib/python3.8/site-packages/airflow/example_dags/example_external_task_marker_dag.py
[2022-04-12 04:22:58,298] {scheduler_job.py:643} INFO - DAG(s) dict_keys(['example_external_task_marker_parent', 'example_external_task_marker_child']) retrieved from /home/airflow/sandbox/lib/python3.8/site-packages/airflow/example_dags/example_external_task_marker_dag.py
[2022-04-12 04:22:58,686] {logging_mixin.py:104} INFO - [2022-04-12 04:22:58,686] {dag.py:1832} INFO - Sync 2 DAGs
[2022-04-12 04:22:58,837] {logging_mixin.py:104} INFO - [2022-04-12 04:22:58,836] {dag.py:2305} INFO - Setting next_dagrun for example_external_task_marker_child to None
[2022-04-12 04:22:58,856] {logging_mixin.py:104} INFO - [2022-04-12 04:22:58,856] {dag.py:2305} INFO - Setting next_dagrun for example_external_task_marker_parent to None
[2022-04-12 04:22:59,004] {scheduler_job.py:190} INFO - Processing /home/airflow/sandbox/lib/python3.8/site-packages/airflow/example_dags/example_external_task_marker_dag.py took 0.902 seconds
[2022-04-12 04:23:29,645] {scheduler_job.py:182} INFO - Started process (PID=91319) to work on /home/airflow/sandbox/lib/python3.8/site-packages/airflow/example_dags/example_external_task_marker_dag.py
[2022-04-12 04:23:29,648] {scheduler_job.py:633} INFO - Processing file /home/airflow/sandbox/lib/python3.8/site-packages/airflow/example_dags/example_external_task_marker_dag.py for tasks to queue
[2022-04-12 04:23:29,658] {logging_mixin.py:104} INFO - [2022-04-12 04:23:29,658] {dagbag.py:487} INFO - Filling up the DagBag from /home/airflow/sandbox/lib/python3.8/site-packages/airflow/example_dags/example_external_task_marker_dag.py
[2022-04-12 04:23:29,684] {scheduler_job.py:643} INFO - DAG(s) dict_keys(['example_external_task_marker_parent', 'example_external_task_marker_child']) retrieved from /home/airflow/sandbox/lib/python3.8/site-packages/airflow/example_dags/example_external_task_marker_dag.py
[2022-04-12 04:23:29,824] {logging_mixin.py:104} INFO - [2022-04-12 04:23:29,824] {dag.py:1832} INFO - Sync 2 DAGs
[2022-04-12 04:23:29,918] {logging_mixin.py:104} INFO - [2022-04-12 04:23:29,918] {dag.py:2305} INFO - Setting next_dagrun for example_external_task_marker_child to None
[2022-04-12 04:23:29,920] {logging_mixin.py:104} INFO - [2022-04-12 04:23:29,920] {dag.py:2305} INFO - Setting next_dagrun for example_external_task_marker_parent to None
[2022-04-12 04:23:29,966] {scheduler_job.py:190} INFO - Processing /home/airflow/sandbox/lib/python3.8/site-packages/airflow/example_dags/example_external_task_marker_dag.py took 0.339 seconds
[2022-04-12 04:24:00,183] {scheduler_job.py:182} INFO - Started process (PID=91519) to work on /home/airflow/sandbox/lib/python3.8/site-packages/airflow/example_dags/example_external_task_marker_dag.py
[2022-04-12 04:24:00,214] {scheduler_job.py:633} INFO - Processing file /home/airflow/sandbox/lib/python3.8/site-packages/airflow/example_dags/example_external_task_marker_dag.py for tasks to queue
[2022-04-12 04:24:00,219] {logging_mixin.py:104} INFO - [2022-04-12 04:24:00,218] {dagbag.py:487} INFO - Filling up the DagBag from /home/airflow/sandbox/lib/python3.8/site-packages/airflow/example_dags/example_external_task_marker_dag.py
[2022-04-12 04:24:00,271] {scheduler_job.py:643} INFO - DAG(s) dict_keys(['example_external_task_marker_parent', 'example_external_task_marker_child']) retrieved from /home/airflow/sandbox/lib/python3.8/site-packages/airflow/example_dags/example_external_task_marker_dag.py
[2022-04-12 04:24:00,555] {logging_mixin.py:104} INFO - [2022-04-12 04:24:00,554] {dag.py:1832} INFO - Sync 2 DAGs
[2022-04-12 04:24:00,638] {logging_mixin.py:104} INFO - [2022-04-12 04:24:00,637] {dag.py:2305} INFO - Setting next_dagrun for example_external_task_marker_child to None
[2022-04-12 04:24:00,645] {logging_mixin.py:104} INFO - [2022-04-12 04:24:00,645] {dag.py:2305} INFO - Setting next_dagrun for example_external_task_marker_parent to None
[2022-04-12 04:24:00,876] {scheduler_job.py:190} INFO - Processing /home/airflow/sandbox/lib/python3.8/site-packages/airflow/example_dags/example_external_task_marker_dag.py took 0.716 seconds
[2022-04-12 04:24:31,721] {scheduler_job.py:182} INFO - Started process (PID=91722) to work on /home/airflow/sandbox/lib/python3.8/site-packages/airflow/example_dags/example_external_task_marker_dag.py
[2022-04-12 04:24:31,745] {scheduler_job.py:633} INFO - Processing file /home/airflow/sandbox/lib/python3.8/site-packages/airflow/example_dags/example_external_task_marker_dag.py for tasks to queue
[2022-04-12 04:24:31,753] {logging_mixin.py:104} INFO - [2022-04-12 04:24:31,752] {dagbag.py:487} INFO - Filling up the DagBag from /home/airflow/sandbox/lib/python3.8/site-packages/airflow/example_dags/example_external_task_marker_dag.py
[2022-04-12 04:24:31,837] {scheduler_job.py:643} INFO - DAG(s) dict_keys(['example_external_task_marker_parent', 'example_external_task_marker_child']) retrieved from /home/airflow/sandbox/lib/python3.8/site-packages/airflow/example_dags/example_external_task_marker_dag.py
[2022-04-12 04:24:32,050] {logging_mixin.py:104} INFO - [2022-04-12 04:24:32,048] {dag.py:1832} INFO - Sync 2 DAGs
[2022-04-12 04:24:32,149] {logging_mixin.py:104} INFO - [2022-04-12 04:24:32,149] {dag.py:2305} INFO - Setting next_dagrun for example_external_task_marker_child to None
[2022-04-12 04:24:32,151] {logging_mixin.py:104} INFO - [2022-04-12 04:24:32,151] {dag.py:2305} INFO - Setting next_dagrun for example_external_task_marker_parent to None
[2022-04-12 04:24:32,227] {scheduler_job.py:190} INFO - Processing /home/airflow/sandbox/lib/python3.8/site-packages/airflow/example_dags/example_external_task_marker_dag.py took 0.538 seconds
[2022-04-12 04:25:02,987] {scheduler_job.py:182} INFO - Started process (PID=92160) to work on /home/airflow/sandbox/lib/python3.8/site-packages/airflow/example_dags/example_external_task_marker_dag.py
[2022-04-12 04:25:03,034] {scheduler_job.py:633} INFO - Processing file /home/airflow/sandbox/lib/python3.8/site-packages/airflow/example_dags/example_external_task_marker_dag.py for tasks to queue
[2022-04-12 04:25:03,038] {logging_mixin.py:104} INFO - [2022-04-12 04:25:03,037] {dagbag.py:487} INFO - Filling up the DagBag from /home/airflow/sandbox/lib/python3.8/site-packages/airflow/example_dags/example_external_task_marker_dag.py
[2022-04-12 04:25:03,102] {scheduler_job.py:643} INFO - DAG(s) dict_keys(['example_external_task_marker_parent', 'example_external_task_marker_child']) retrieved from /home/airflow/sandbox/lib/python3.8/site-packages/airflow/example_dags/example_external_task_marker_dag.py
[2022-04-12 04:25:03,523] {logging_mixin.py:104} INFO - [2022-04-12 04:25:03,523] {dag.py:1832} INFO - Sync 2 DAGs
[2022-04-12 04:25:03,676] {logging_mixin.py:104} INFO - [2022-04-12 04:25:03,676] {dag.py:2305} INFO - Setting next_dagrun for example_external_task_marker_child to None
[2022-04-12 04:25:03,685] {logging_mixin.py:104} INFO - [2022-04-12 04:25:03,685] {dag.py:2305} INFO - Setting next_dagrun for example_external_task_marker_parent to None
[2022-04-12 04:25:03,877] {scheduler_job.py:190} INFO - Processing /home/airflow/sandbox/lib/python3.8/site-packages/airflow/example_dags/example_external_task_marker_dag.py took 0.902 seconds
[2022-04-12 04:25:34,085] {scheduler_job.py:182} INFO - Started process (PID=92357) to work on /home/airflow/sandbox/lib/python3.8/site-packages/airflow/example_dags/example_external_task_marker_dag.py
[2022-04-12 04:25:34,100] {scheduler_job.py:633} INFO - Processing file /home/airflow/sandbox/lib/python3.8/site-packages/airflow/example_dags/example_external_task_marker_dag.py for tasks to queue
[2022-04-12 04:25:34,103] {logging_mixin.py:104} INFO - [2022-04-12 04:25:34,102] {dagbag.py:487} INFO - Filling up the DagBag from /home/airflow/sandbox/lib/python3.8/site-packages/airflow/example_dags/example_external_task_marker_dag.py
[2022-04-12 04:25:34,185] {scheduler_job.py:643} INFO - DAG(s) dict_keys(['example_external_task_marker_parent', 'example_external_task_marker_child']) retrieved from /home/airflow/sandbox/lib/python3.8/site-packages/airflow/example_dags/example_external_task_marker_dag.py
[2022-04-12 04:25:34,559] {logging_mixin.py:104} INFO - [2022-04-12 04:25:34,559] {dag.py:1832} INFO - Sync 2 DAGs
[2022-04-12 04:25:34,827] {logging_mixin.py:104} INFO - [2022-04-12 04:25:34,826] {dag.py:2305} INFO - Setting next_dagrun for example_external_task_marker_child to None
[2022-04-12 04:25:34,832] {logging_mixin.py:104} INFO - [2022-04-12 04:25:34,832] {dag.py:2305} INFO - Setting next_dagrun for example_external_task_marker_parent to None
[2022-04-12 04:25:34,902] {scheduler_job.py:190} INFO - Processing /home/airflow/sandbox/lib/python3.8/site-packages/airflow/example_dags/example_external_task_marker_dag.py took 0.838 seconds
[2022-04-12 04:26:05,396] {scheduler_job.py:182} INFO - Started process (PID=92552) to work on /home/airflow/sandbox/lib/python3.8/site-packages/airflow/example_dags/example_external_task_marker_dag.py
[2022-04-12 04:26:05,410] {scheduler_job.py:633} INFO - Processing file /home/airflow/sandbox/lib/python3.8/site-packages/airflow/example_dags/example_external_task_marker_dag.py for tasks to queue
[2022-04-12 04:26:05,422] {logging_mixin.py:104} INFO - [2022-04-12 04:26:05,421] {dagbag.py:487} INFO - Filling up the DagBag from /home/airflow/sandbox/lib/python3.8/site-packages/airflow/example_dags/example_external_task_marker_dag.py
[2022-04-12 04:26:05,465] {scheduler_job.py:643} INFO - DAG(s) dict_keys(['example_external_task_marker_parent', 'example_external_task_marker_child']) retrieved from /home/airflow/sandbox/lib/python3.8/site-packages/airflow/example_dags/example_external_task_marker_dag.py
[2022-04-12 04:26:05,749] {logging_mixin.py:104} INFO - [2022-04-12 04:26:05,748] {dag.py:1832} INFO - Sync 2 DAGs
[2022-04-12 04:26:05,868] {logging_mixin.py:104} INFO - [2022-04-12 04:26:05,868] {dag.py:2305} INFO - Setting next_dagrun for example_external_task_marker_child to None
[2022-04-12 04:26:05,878] {logging_mixin.py:104} INFO - [2022-04-12 04:26:05,878] {dag.py:2305} INFO - Setting next_dagrun for example_external_task_marker_parent to None
[2022-04-12 04:26:05,984] {scheduler_job.py:190} INFO - Processing /home/airflow/sandbox/lib/python3.8/site-packages/airflow/example_dags/example_external_task_marker_dag.py took 0.601 seconds
[2022-04-12 04:26:36,389] {scheduler_job.py:182} INFO - Started process (PID=92746) to work on /home/airflow/sandbox/lib/python3.8/site-packages/airflow/example_dags/example_external_task_marker_dag.py
[2022-04-12 04:26:36,394] {scheduler_job.py:633} INFO - Processing file /home/airflow/sandbox/lib/python3.8/site-packages/airflow/example_dags/example_external_task_marker_dag.py for tasks to queue
[2022-04-12 04:26:36,400] {logging_mixin.py:104} INFO - [2022-04-12 04:26:36,400] {dagbag.py:487} INFO - Filling up the DagBag from /home/airflow/sandbox/lib/python3.8/site-packages/airflow/example_dags/example_external_task_marker_dag.py
[2022-04-12 04:26:36,452] {scheduler_job.py:643} INFO - DAG(s) dict_keys(['example_external_task_marker_parent', 'example_external_task_marker_child']) retrieved from /home/airflow/sandbox/lib/python3.8/site-packages/airflow/example_dags/example_external_task_marker_dag.py
[2022-04-12 04:26:36,690] {logging_mixin.py:104} INFO - [2022-04-12 04:26:36,690] {dag.py:1832} INFO - Sync 2 DAGs
[2022-04-12 04:26:36,783] {logging_mixin.py:104} INFO - [2022-04-12 04:26:36,783] {dag.py:2305} INFO - Setting next_dagrun for example_external_task_marker_child to None
[2022-04-12 04:26:36,795] {logging_mixin.py:104} INFO - [2022-04-12 04:26:36,795] {dag.py:2305} INFO - Setting next_dagrun for example_external_task_marker_parent to None
[2022-04-12 04:26:36,925] {scheduler_job.py:190} INFO - Processing /home/airflow/sandbox/lib/python3.8/site-packages/airflow/example_dags/example_external_task_marker_dag.py took 0.577 seconds
[2022-04-12 04:27:07,183] {scheduler_job.py:182} INFO - Started process (PID=92938) to work on /home/airflow/sandbox/lib/python3.8/site-packages/airflow/example_dags/example_external_task_marker_dag.py
[2022-04-12 04:27:07,201] {scheduler_job.py:633} INFO - Processing file /home/airflow/sandbox/lib/python3.8/site-packages/airflow/example_dags/example_external_task_marker_dag.py for tasks to queue
[2022-04-12 04:27:07,218] {logging_mixin.py:104} INFO - [2022-04-12 04:27:07,218] {dagbag.py:487} INFO - Filling up the DagBag from /home/airflow/sandbox/lib/python3.8/site-packages/airflow/example_dags/example_external_task_marker_dag.py
[2022-04-12 04:27:07,257] {scheduler_job.py:643} INFO - DAG(s) dict_keys(['example_external_task_marker_parent', 'example_external_task_marker_child']) retrieved from /home/airflow/sandbox/lib/python3.8/site-packages/airflow/example_dags/example_external_task_marker_dag.py
[2022-04-12 04:27:07,525] {logging_mixin.py:104} INFO - [2022-04-12 04:27:07,524] {dag.py:1832} INFO - Sync 2 DAGs
[2022-04-12 04:27:07,728] {logging_mixin.py:104} INFO - [2022-04-12 04:27:07,728] {dag.py:2305} INFO - Setting next_dagrun for example_external_task_marker_child to None
[2022-04-12 04:27:07,758] {logging_mixin.py:104} INFO - [2022-04-12 04:27:07,757] {dag.py:2305} INFO - Setting next_dagrun for example_external_task_marker_parent to None
[2022-04-12 04:27:08,059] {scheduler_job.py:190} INFO - Processing /home/airflow/sandbox/lib/python3.8/site-packages/airflow/example_dags/example_external_task_marker_dag.py took 0.901 seconds
[2022-04-12 04:27:38,905] {scheduler_job.py:182} INFO - Started process (PID=93136) to work on /home/airflow/sandbox/lib/python3.8/site-packages/airflow/example_dags/example_external_task_marker_dag.py
[2022-04-12 04:27:38,931] {scheduler_job.py:633} INFO - Processing file /home/airflow/sandbox/lib/python3.8/site-packages/airflow/example_dags/example_external_task_marker_dag.py for tasks to queue
[2022-04-12 04:27:38,934] {logging_mixin.py:104} INFO - [2022-04-12 04:27:38,934] {dagbag.py:487} INFO - Filling up the DagBag from /home/airflow/sandbox/lib/python3.8/site-packages/airflow/example_dags/example_external_task_marker_dag.py
[2022-04-12 04:27:38,983] {scheduler_job.py:643} INFO - DAG(s) dict_keys(['example_external_task_marker_parent', 'example_external_task_marker_child']) retrieved from /home/airflow/sandbox/lib/python3.8/site-packages/airflow/example_dags/example_external_task_marker_dag.py
[2022-04-12 04:27:39,300] {logging_mixin.py:104} INFO - [2022-04-12 04:27:39,300] {dag.py:1832} INFO - Sync 2 DAGs
[2022-04-12 04:27:39,513] {logging_mixin.py:104} INFO - [2022-04-12 04:27:39,513] {dag.py:2305} INFO - Setting next_dagrun for example_external_task_marker_child to None
[2022-04-12 04:27:39,538] {logging_mixin.py:104} INFO - [2022-04-12 04:27:39,537] {dag.py:2305} INFO - Setting next_dagrun for example_external_task_marker_parent to None
[2022-04-12 04:27:39,635] {scheduler_job.py:190} INFO - Processing /home/airflow/sandbox/lib/python3.8/site-packages/airflow/example_dags/example_external_task_marker_dag.py took 0.738 seconds
[2022-04-12 04:28:10,364] {scheduler_job.py:182} INFO - Started process (PID=93333) to work on /home/airflow/sandbox/lib/python3.8/site-packages/airflow/example_dags/example_external_task_marker_dag.py
[2022-04-12 04:28:10,369] {scheduler_job.py:633} INFO - Processing file /home/airflow/sandbox/lib/python3.8/site-packages/airflow/example_dags/example_external_task_marker_dag.py for tasks to queue
[2022-04-12 04:28:10,371] {logging_mixin.py:104} INFO - [2022-04-12 04:28:10,370] {dagbag.py:487} INFO - Filling up the DagBag from /home/airflow/sandbox/lib/python3.8/site-packages/airflow/example_dags/example_external_task_marker_dag.py
[2022-04-12 04:28:10,393] {scheduler_job.py:643} INFO - DAG(s) dict_keys(['example_external_task_marker_parent', 'example_external_task_marker_child']) retrieved from /home/airflow/sandbox/lib/python3.8/site-packages/airflow/example_dags/example_external_task_marker_dag.py
[2022-04-12 04:28:10,480] {logging_mixin.py:104} INFO - [2022-04-12 04:28:10,479] {dag.py:1832} INFO - Sync 2 DAGs
[2022-04-12 04:28:10,536] {logging_mixin.py:104} INFO - [2022-04-12 04:28:10,535] {dag.py:2305} INFO - Setting next_dagrun for example_external_task_marker_child to None
[2022-04-12 04:28:10,541] {logging_mixin.py:104} INFO - [2022-04-12 04:28:10,541] {dag.py:2305} INFO - Setting next_dagrun for example_external_task_marker_parent to None
[2022-04-12 04:28:10,591] {scheduler_job.py:190} INFO - Processing /home/airflow/sandbox/lib/python3.8/site-packages/airflow/example_dags/example_external_task_marker_dag.py took 0.239 seconds
[2022-04-12 04:28:41,191] {scheduler_job.py:182} INFO - Started process (PID=93532) to work on /home/airflow/sandbox/lib/python3.8/site-packages/airflow/example_dags/example_external_task_marker_dag.py
[2022-04-12 04:28:41,197] {scheduler_job.py:633} INFO - Processing file /home/airflow/sandbox/lib/python3.8/site-packages/airflow/example_dags/example_external_task_marker_dag.py for tasks to queue
[2022-04-12 04:28:41,202] {logging_mixin.py:104} INFO - [2022-04-12 04:28:41,202] {dagbag.py:487} INFO - Filling up the DagBag from /home/airflow/sandbox/lib/python3.8/site-packages/airflow/example_dags/example_external_task_marker_dag.py
[2022-04-12 04:28:41,238] {scheduler_job.py:643} INFO - DAG(s) dict_keys(['example_external_task_marker_parent', 'example_external_task_marker_child']) retrieved from /home/airflow/sandbox/lib/python3.8/site-packages/airflow/example_dags/example_external_task_marker_dag.py
[2022-04-12 04:28:41,331] {logging_mixin.py:104} INFO - [2022-04-12 04:28:41,331] {dag.py:1832} INFO - Sync 2 DAGs
[2022-04-12 04:28:41,372] {logging_mixin.py:104} INFO - [2022-04-12 04:28:41,371] {dag.py:2305} INFO - Setting next_dagrun for example_external_task_marker_child to None
[2022-04-12 04:28:41,374] {logging_mixin.py:104} INFO - [2022-04-12 04:28:41,374] {dag.py:2305} INFO - Setting next_dagrun for example_external_task_marker_parent to None
[2022-04-12 04:28:41,397] {scheduler_job.py:190} INFO - Processing /home/airflow/sandbox/lib/python3.8/site-packages/airflow/example_dags/example_external_task_marker_dag.py took 0.225 seconds
[2022-04-12 04:30:27,641] {scheduler_job.py:182} INFO - Started process (PID=93871) to work on /home/airflow/sandbox/lib/python3.8/site-packages/airflow/example_dags/example_external_task_marker_dag.py
[2022-04-12 04:30:27,687] {scheduler_job.py:633} INFO - Processing file /home/airflow/sandbox/lib/python3.8/site-packages/airflow/example_dags/example_external_task_marker_dag.py for tasks to queue
[2022-04-12 04:30:27,698] {logging_mixin.py:104} INFO - [2022-04-12 04:30:27,698] {dagbag.py:487} INFO - Filling up the DagBag from /home/airflow/sandbox/lib/python3.8/site-packages/airflow/example_dags/example_external_task_marker_dag.py
[2022-04-12 04:30:27,731] {scheduler_job.py:643} INFO - DAG(s) dict_keys(['example_external_task_marker_parent', 'example_external_task_marker_child']) retrieved from /home/airflow/sandbox/lib/python3.8/site-packages/airflow/example_dags/example_external_task_marker_dag.py
[2022-04-12 04:30:27,886] {logging_mixin.py:104} INFO - [2022-04-12 04:30:27,886] {dag.py:1832} INFO - Sync 2 DAGs
[2022-04-12 04:30:27,976] {logging_mixin.py:104} INFO - [2022-04-12 04:30:27,976] {dag.py:2305} INFO - Setting next_dagrun for example_external_task_marker_child to None
[2022-04-12 04:30:27,989] {logging_mixin.py:104} INFO - [2022-04-12 04:30:27,988] {dag.py:2305} INFO - Setting next_dagrun for example_external_task_marker_parent to None
[2022-04-12 04:30:28,231] {scheduler_job.py:190} INFO - Processing /home/airflow/sandbox/lib/python3.8/site-packages/airflow/example_dags/example_external_task_marker_dag.py took 0.599 seconds
[2022-04-12 04:30:58,484] {scheduler_job.py:182} INFO - Started process (PID=94202) to work on /home/airflow/sandbox/lib/python3.8/site-packages/airflow/example_dags/example_external_task_marker_dag.py
[2022-04-12 04:30:58,495] {scheduler_job.py:633} INFO - Processing file /home/airflow/sandbox/lib/python3.8/site-packages/airflow/example_dags/example_external_task_marker_dag.py for tasks to queue
[2022-04-12 04:30:58,500] {logging_mixin.py:104} INFO - [2022-04-12 04:30:58,500] {dagbag.py:487} INFO - Filling up the DagBag from /home/airflow/sandbox/lib/python3.8/site-packages/airflow/example_dags/example_external_task_marker_dag.py
[2022-04-12 04:30:58,549] {scheduler_job.py:643} INFO - DAG(s) dict_keys(['example_external_task_marker_parent', 'example_external_task_marker_child']) retrieved from /home/airflow/sandbox/lib/python3.8/site-packages/airflow/example_dags/example_external_task_marker_dag.py
[2022-04-12 04:30:58,805] {logging_mixin.py:104} INFO - [2022-04-12 04:30:58,805] {dag.py:1832} INFO - Sync 2 DAGs
[2022-04-12 04:30:58,915] {logging_mixin.py:104} INFO - [2022-04-12 04:30:58,915] {dag.py:2305} INFO - Setting next_dagrun for example_external_task_marker_child to None
[2022-04-12 04:30:58,922] {logging_mixin.py:104} INFO - [2022-04-12 04:30:58,922] {dag.py:2305} INFO - Setting next_dagrun for example_external_task_marker_parent to None
[2022-04-12 04:30:58,994] {scheduler_job.py:190} INFO - Processing /home/airflow/sandbox/lib/python3.8/site-packages/airflow/example_dags/example_external_task_marker_dag.py took 0.530 seconds
[2022-04-12 04:31:29,841] {scheduler_job.py:182} INFO - Started process (PID=94402) to work on /home/airflow/sandbox/lib/python3.8/site-packages/airflow/example_dags/example_external_task_marker_dag.py
[2022-04-12 04:31:29,853] {scheduler_job.py:633} INFO - Processing file /home/airflow/sandbox/lib/python3.8/site-packages/airflow/example_dags/example_external_task_marker_dag.py for tasks to queue
[2022-04-12 04:31:29,855] {logging_mixin.py:104} INFO - [2022-04-12 04:31:29,855] {dagbag.py:487} INFO - Filling up the DagBag from /home/airflow/sandbox/lib/python3.8/site-packages/airflow/example_dags/example_external_task_marker_dag.py
[2022-04-12 04:31:29,880] {scheduler_job.py:643} INFO - DAG(s) dict_keys(['example_external_task_marker_parent', 'example_external_task_marker_child']) retrieved from /home/airflow/sandbox/lib/python3.8/site-packages/airflow/example_dags/example_external_task_marker_dag.py
[2022-04-12 04:31:30,002] {logging_mixin.py:104} INFO - [2022-04-12 04:31:30,002] {dag.py:1832} INFO - Sync 2 DAGs
[2022-04-12 04:31:30,067] {logging_mixin.py:104} INFO - [2022-04-12 04:31:30,066] {dag.py:2305} INFO - Setting next_dagrun for example_external_task_marker_child to None
[2022-04-12 04:31:30,078] {logging_mixin.py:104} INFO - [2022-04-12 04:31:30,078] {dag.py:2305} INFO - Setting next_dagrun for example_external_task_marker_parent to None
[2022-04-12 04:31:30,159] {scheduler_job.py:190} INFO - Processing /home/airflow/sandbox/lib/python3.8/site-packages/airflow/example_dags/example_external_task_marker_dag.py took 0.367 seconds
[2022-04-12 04:32:00,523] {scheduler_job.py:182} INFO - Started process (PID=94601) to work on /home/airflow/sandbox/lib/python3.8/site-packages/airflow/example_dags/example_external_task_marker_dag.py
[2022-04-12 04:32:00,538] {scheduler_job.py:633} INFO - Processing file /home/airflow/sandbox/lib/python3.8/site-packages/airflow/example_dags/example_external_task_marker_dag.py for tasks to queue
[2022-04-12 04:32:00,548] {logging_mixin.py:104} INFO - [2022-04-12 04:32:00,547] {dagbag.py:487} INFO - Filling up the DagBag from /home/airflow/sandbox/lib/python3.8/site-packages/airflow/example_dags/example_external_task_marker_dag.py
[2022-04-12 04:32:00,579] {scheduler_job.py:643} INFO - DAG(s) dict_keys(['example_external_task_marker_parent', 'example_external_task_marker_child']) retrieved from /home/airflow/sandbox/lib/python3.8/site-packages/airflow/example_dags/example_external_task_marker_dag.py
[2022-04-12 04:32:00,725] {logging_mixin.py:104} INFO - [2022-04-12 04:32:00,725] {dag.py:1832} INFO - Sync 2 DAGs
[2022-04-12 04:32:00,810] {logging_mixin.py:104} INFO - [2022-04-12 04:32:00,809] {dag.py:2305} INFO - Setting next_dagrun for example_external_task_marker_child to None
[2022-04-12 04:32:00,816] {logging_mixin.py:104} INFO - [2022-04-12 04:32:00,816] {dag.py:2305} INFO - Setting next_dagrun for example_external_task_marker_parent to None
[2022-04-12 04:32:00,885] {scheduler_job.py:190} INFO - Processing /home/airflow/sandbox/lib/python3.8/site-packages/airflow/example_dags/example_external_task_marker_dag.py took 0.401 seconds
[2022-04-12 04:32:31,076] {scheduler_job.py:182} INFO - Started process (PID=94800) to work on /home/airflow/sandbox/lib/python3.8/site-packages/airflow/example_dags/example_external_task_marker_dag.py
[2022-04-12 04:32:31,082] {scheduler_job.py:633} INFO - Processing file /home/airflow/sandbox/lib/python3.8/site-packages/airflow/example_dags/example_external_task_marker_dag.py for tasks to queue
[2022-04-12 04:32:31,084] {logging_mixin.py:104} INFO - [2022-04-12 04:32:31,084] {dagbag.py:487} INFO - Filling up the DagBag from /home/airflow/sandbox/lib/python3.8/site-packages/airflow/example_dags/example_external_task_marker_dag.py
[2022-04-12 04:32:31,105] {scheduler_job.py:643} INFO - DAG(s) dict_keys(['example_external_task_marker_parent', 'example_external_task_marker_child']) retrieved from /home/airflow/sandbox/lib/python3.8/site-packages/airflow/example_dags/example_external_task_marker_dag.py
[2022-04-12 04:32:31,217] {logging_mixin.py:104} INFO - [2022-04-12 04:32:31,217] {dag.py:1832} INFO - Sync 2 DAGs
[2022-04-12 04:32:31,303] {logging_mixin.py:104} INFO - [2022-04-12 04:32:31,302] {dag.py:2305} INFO - Setting next_dagrun for example_external_task_marker_child to None
[2022-04-12 04:32:31,308] {logging_mixin.py:104} INFO - [2022-04-12 04:32:31,307] {dag.py:2305} INFO - Setting next_dagrun for example_external_task_marker_parent to None
[2022-04-12 04:32:31,413] {scheduler_job.py:190} INFO - Processing /home/airflow/sandbox/lib/python3.8/site-packages/airflow/example_dags/example_external_task_marker_dag.py took 0.355 seconds
