[2022-04-12 04:06:09,250] {scheduler_job.py:182} INFO - Started process (PID=83034) to work on /home/airflow/sandbox/lib/python3.8/site-packages/airflow/example_dags/tutorial_taskflow_api_etl_virtualenv.py
[2022-04-12 04:06:09,292] {scheduler_job.py:633} INFO - Processing file /home/airflow/sandbox/lib/python3.8/site-packages/airflow/example_dags/tutorial_taskflow_api_etl_virtualenv.py for tasks to queue
[2022-04-12 04:06:09,311] {logging_mixin.py:104} INFO - [2022-04-12 04:06:09,311] {dagbag.py:487} INFO - Filling up the DagBag from /home/airflow/sandbox/lib/python3.8/site-packages/airflow/example_dags/tutorial_taskflow_api_etl_virtualenv.py
[2022-04-12 04:06:09,449] {scheduler_job.py:643} INFO - DAG(s) dict_keys(['tutorial_taskflow_api_etl_virtualenv']) retrieved from /home/airflow/sandbox/lib/python3.8/site-packages/airflow/example_dags/tutorial_taskflow_api_etl_virtualenv.py
[2022-04-12 04:06:11,566] {logging_mixin.py:104} INFO - [2022-04-12 04:06:11,566] {dag.py:1832} INFO - Sync 1 DAGs
[2022-04-12 04:06:11,627] {logging_mixin.py:104} INFO - [2022-04-12 04:06:11,627] {dag.py:2305} INFO - Setting next_dagrun for tutorial_taskflow_api_etl_virtualenv to None
[2022-04-12 04:06:11,793] {scheduler_job.py:190} INFO - Processing /home/airflow/sandbox/lib/python3.8/site-packages/airflow/example_dags/tutorial_taskflow_api_etl_virtualenv.py took 2.548 seconds
[2022-04-12 04:06:41,988] {scheduler_job.py:182} INFO - Started process (PID=83846) to work on /home/airflow/sandbox/lib/python3.8/site-packages/airflow/example_dags/tutorial_taskflow_api_etl_virtualenv.py
[2022-04-12 04:06:41,989] {scheduler_job.py:633} INFO - Processing file /home/airflow/sandbox/lib/python3.8/site-packages/airflow/example_dags/tutorial_taskflow_api_etl_virtualenv.py for tasks to queue
[2022-04-12 04:06:41,989] {logging_mixin.py:104} INFO - [2022-04-12 04:06:41,989] {dagbag.py:487} INFO - Filling up the DagBag from /home/airflow/sandbox/lib/python3.8/site-packages/airflow/example_dags/tutorial_taskflow_api_etl_virtualenv.py
[2022-04-12 04:06:41,997] {scheduler_job.py:643} INFO - DAG(s) dict_keys(['tutorial_taskflow_api_etl_virtualenv']) retrieved from /home/airflow/sandbox/lib/python3.8/site-packages/airflow/example_dags/tutorial_taskflow_api_etl_virtualenv.py
[2022-04-12 04:06:42,168] {logging_mixin.py:104} INFO - [2022-04-12 04:06:42,168] {dag.py:1832} INFO - Sync 1 DAGs
[2022-04-12 04:06:42,179] {logging_mixin.py:104} INFO - [2022-04-12 04:06:42,178] {dag.py:2305} INFO - Setting next_dagrun for tutorial_taskflow_api_etl_virtualenv to None
[2022-04-12 04:06:42,189] {scheduler_job.py:190} INFO - Processing /home/airflow/sandbox/lib/python3.8/site-packages/airflow/example_dags/tutorial_taskflow_api_etl_virtualenv.py took 0.203 seconds
[2022-04-12 04:07:12,307] {scheduler_job.py:182} INFO - Started process (PID=84105) to work on /home/airflow/sandbox/lib/python3.8/site-packages/airflow/example_dags/tutorial_taskflow_api_etl_virtualenv.py
[2022-04-12 04:07:12,310] {scheduler_job.py:633} INFO - Processing file /home/airflow/sandbox/lib/python3.8/site-packages/airflow/example_dags/tutorial_taskflow_api_etl_virtualenv.py for tasks to queue
[2022-04-12 04:07:12,312] {logging_mixin.py:104} INFO - [2022-04-12 04:07:12,312] {dagbag.py:487} INFO - Filling up the DagBag from /home/airflow/sandbox/lib/python3.8/site-packages/airflow/example_dags/tutorial_taskflow_api_etl_virtualenv.py
[2022-04-12 04:07:12,339] {scheduler_job.py:643} INFO - DAG(s) dict_keys(['tutorial_taskflow_api_etl_virtualenv']) retrieved from /home/airflow/sandbox/lib/python3.8/site-packages/airflow/example_dags/tutorial_taskflow_api_etl_virtualenv.py
[2022-04-12 04:07:12,945] {logging_mixin.py:104} INFO - [2022-04-12 04:07:12,944] {dag.py:1832} INFO - Sync 1 DAGs
[2022-04-12 04:07:12,963] {logging_mixin.py:104} INFO - [2022-04-12 04:07:12,963] {dag.py:2305} INFO - Setting next_dagrun for tutorial_taskflow_api_etl_virtualenv to None
[2022-04-12 04:07:12,995] {scheduler_job.py:190} INFO - Processing /home/airflow/sandbox/lib/python3.8/site-packages/airflow/example_dags/tutorial_taskflow_api_etl_virtualenv.py took 0.698 seconds
[2022-04-12 04:07:43,844] {scheduler_job.py:182} INFO - Started process (PID=84304) to work on /home/airflow/sandbox/lib/python3.8/site-packages/airflow/example_dags/tutorial_taskflow_api_etl_virtualenv.py
[2022-04-12 04:07:43,858] {scheduler_job.py:633} INFO - Processing file /home/airflow/sandbox/lib/python3.8/site-packages/airflow/example_dags/tutorial_taskflow_api_etl_virtualenv.py for tasks to queue
[2022-04-12 04:07:43,861] {logging_mixin.py:104} INFO - [2022-04-12 04:07:43,861] {dagbag.py:487} INFO - Filling up the DagBag from /home/airflow/sandbox/lib/python3.8/site-packages/airflow/example_dags/tutorial_taskflow_api_etl_virtualenv.py
[2022-04-12 04:07:43,910] {scheduler_job.py:643} INFO - DAG(s) dict_keys(['tutorial_taskflow_api_etl_virtualenv']) retrieved from /home/airflow/sandbox/lib/python3.8/site-packages/airflow/example_dags/tutorial_taskflow_api_etl_virtualenv.py
[2022-04-12 04:07:44,504] {logging_mixin.py:104} INFO - [2022-04-12 04:07:44,504] {dag.py:1832} INFO - Sync 1 DAGs
[2022-04-12 04:07:44,523] {logging_mixin.py:104} INFO - [2022-04-12 04:07:44,523] {dag.py:2305} INFO - Setting next_dagrun for tutorial_taskflow_api_etl_virtualenv to None
[2022-04-12 04:07:44,555] {scheduler_job.py:190} INFO - Processing /home/airflow/sandbox/lib/python3.8/site-packages/airflow/example_dags/tutorial_taskflow_api_etl_virtualenv.py took 0.717 seconds
[2022-04-12 04:08:15,313] {scheduler_job.py:182} INFO - Started process (PID=84570) to work on /home/airflow/sandbox/lib/python3.8/site-packages/airflow/example_dags/tutorial_taskflow_api_etl_virtualenv.py
[2022-04-12 04:08:15,315] {scheduler_job.py:633} INFO - Processing file /home/airflow/sandbox/lib/python3.8/site-packages/airflow/example_dags/tutorial_taskflow_api_etl_virtualenv.py for tasks to queue
[2022-04-12 04:08:15,316] {logging_mixin.py:104} INFO - [2022-04-12 04:08:15,316] {dagbag.py:487} INFO - Filling up the DagBag from /home/airflow/sandbox/lib/python3.8/site-packages/airflow/example_dags/tutorial_taskflow_api_etl_virtualenv.py
[2022-04-12 04:08:15,343] {scheduler_job.py:643} INFO - DAG(s) dict_keys(['tutorial_taskflow_api_etl_virtualenv']) retrieved from /home/airflow/sandbox/lib/python3.8/site-packages/airflow/example_dags/tutorial_taskflow_api_etl_virtualenv.py
[2022-04-12 04:08:15,895] {logging_mixin.py:104} INFO - [2022-04-12 04:08:15,894] {dag.py:1832} INFO - Sync 1 DAGs
[2022-04-12 04:08:15,919] {logging_mixin.py:104} INFO - [2022-04-12 04:08:15,919] {dag.py:2305} INFO - Setting next_dagrun for tutorial_taskflow_api_etl_virtualenv to None
[2022-04-12 04:08:15,951] {scheduler_job.py:190} INFO - Processing /home/airflow/sandbox/lib/python3.8/site-packages/airflow/example_dags/tutorial_taskflow_api_etl_virtualenv.py took 0.645 seconds
[2022-04-12 04:08:46,930] {scheduler_job.py:182} INFO - Started process (PID=84769) to work on /home/airflow/sandbox/lib/python3.8/site-packages/airflow/example_dags/tutorial_taskflow_api_etl_virtualenv.py
[2022-04-12 04:08:46,932] {scheduler_job.py:633} INFO - Processing file /home/airflow/sandbox/lib/python3.8/site-packages/airflow/example_dags/tutorial_taskflow_api_etl_virtualenv.py for tasks to queue
[2022-04-12 04:08:46,935] {logging_mixin.py:104} INFO - [2022-04-12 04:08:46,935] {dagbag.py:487} INFO - Filling up the DagBag from /home/airflow/sandbox/lib/python3.8/site-packages/airflow/example_dags/tutorial_taskflow_api_etl_virtualenv.py
[2022-04-12 04:08:46,961] {scheduler_job.py:643} INFO - DAG(s) dict_keys(['tutorial_taskflow_api_etl_virtualenv']) retrieved from /home/airflow/sandbox/lib/python3.8/site-packages/airflow/example_dags/tutorial_taskflow_api_etl_virtualenv.py
[2022-04-12 04:08:47,448] {logging_mixin.py:104} INFO - [2022-04-12 04:08:47,447] {dag.py:1832} INFO - Sync 1 DAGs
[2022-04-12 04:08:47,476] {logging_mixin.py:104} INFO - [2022-04-12 04:08:47,476] {dag.py:2305} INFO - Setting next_dagrun for tutorial_taskflow_api_etl_virtualenv to None
[2022-04-12 04:08:47,562] {scheduler_job.py:190} INFO - Processing /home/airflow/sandbox/lib/python3.8/site-packages/airflow/example_dags/tutorial_taskflow_api_etl_virtualenv.py took 0.640 seconds
[2022-04-12 04:09:18,105] {scheduler_job.py:182} INFO - Started process (PID=85028) to work on /home/airflow/sandbox/lib/python3.8/site-packages/airflow/example_dags/tutorial_taskflow_api_etl_virtualenv.py
[2022-04-12 04:09:18,107] {scheduler_job.py:633} INFO - Processing file /home/airflow/sandbox/lib/python3.8/site-packages/airflow/example_dags/tutorial_taskflow_api_etl_virtualenv.py for tasks to queue
[2022-04-12 04:09:18,108] {logging_mixin.py:104} INFO - [2022-04-12 04:09:18,108] {dagbag.py:487} INFO - Filling up the DagBag from /home/airflow/sandbox/lib/python3.8/site-packages/airflow/example_dags/tutorial_taskflow_api_etl_virtualenv.py
[2022-04-12 04:09:18,131] {scheduler_job.py:643} INFO - DAG(s) dict_keys(['tutorial_taskflow_api_etl_virtualenv']) retrieved from /home/airflow/sandbox/lib/python3.8/site-packages/airflow/example_dags/tutorial_taskflow_api_etl_virtualenv.py
[2022-04-12 04:09:18,723] {logging_mixin.py:104} INFO - [2022-04-12 04:09:18,723] {dag.py:1832} INFO - Sync 1 DAGs
[2022-04-12 04:09:18,774] {logging_mixin.py:104} INFO - [2022-04-12 04:09:18,774] {dag.py:2305} INFO - Setting next_dagrun for tutorial_taskflow_api_etl_virtualenv to None
[2022-04-12 04:09:18,813] {scheduler_job.py:190} INFO - Processing /home/airflow/sandbox/lib/python3.8/site-packages/airflow/example_dags/tutorial_taskflow_api_etl_virtualenv.py took 0.716 seconds
[2022-04-12 04:14:50,896] {scheduler_job.py:182} INFO - Started process (PID=85625) to work on /home/airflow/sandbox/lib/python3.8/site-packages/airflow/example_dags/tutorial_taskflow_api_etl_virtualenv.py
[2022-04-12 04:14:50,913] {scheduler_job.py:633} INFO - Processing file /home/airflow/sandbox/lib/python3.8/site-packages/airflow/example_dags/tutorial_taskflow_api_etl_virtualenv.py for tasks to queue
[2022-04-12 04:14:50,923] {logging_mixin.py:104} INFO - [2022-04-12 04:14:50,923] {dagbag.py:487} INFO - Filling up the DagBag from /home/airflow/sandbox/lib/python3.8/site-packages/airflow/example_dags/tutorial_taskflow_api_etl_virtualenv.py
[2022-04-12 04:14:50,991] {scheduler_job.py:643} INFO - DAG(s) dict_keys(['tutorial_taskflow_api_etl_virtualenv']) retrieved from /home/airflow/sandbox/lib/python3.8/site-packages/airflow/example_dags/tutorial_taskflow_api_etl_virtualenv.py
[2022-04-12 04:14:52,397] {logging_mixin.py:104} INFO - [2022-04-12 04:14:52,397] {dag.py:1832} INFO - Sync 1 DAGs
[2022-04-12 04:14:52,709] {logging_mixin.py:104} INFO - [2022-04-12 04:14:52,708] {dag.py:2305} INFO - Setting next_dagrun for tutorial_taskflow_api_etl_virtualenv to None
[2022-04-12 04:14:52,978] {scheduler_job.py:190} INFO - Processing /home/airflow/sandbox/lib/python3.8/site-packages/airflow/example_dags/tutorial_taskflow_api_etl_virtualenv.py took 2.102 seconds
[2022-04-12 04:15:23,550] {scheduler_job.py:182} INFO - Started process (PID=85939) to work on /home/airflow/sandbox/lib/python3.8/site-packages/airflow/example_dags/tutorial_taskflow_api_etl_virtualenv.py
[2022-04-12 04:15:23,554] {scheduler_job.py:633} INFO - Processing file /home/airflow/sandbox/lib/python3.8/site-packages/airflow/example_dags/tutorial_taskflow_api_etl_virtualenv.py for tasks to queue
[2022-04-12 04:15:23,558] {logging_mixin.py:104} INFO - [2022-04-12 04:15:23,558] {dagbag.py:487} INFO - Filling up the DagBag from /home/airflow/sandbox/lib/python3.8/site-packages/airflow/example_dags/tutorial_taskflow_api_etl_virtualenv.py
[2022-04-12 04:15:23,605] {scheduler_job.py:643} INFO - DAG(s) dict_keys(['tutorial_taskflow_api_etl_virtualenv']) retrieved from /home/airflow/sandbox/lib/python3.8/site-packages/airflow/example_dags/tutorial_taskflow_api_etl_virtualenv.py
[2022-04-12 04:15:24,303] {logging_mixin.py:104} INFO - [2022-04-12 04:15:24,303] {dag.py:1832} INFO - Sync 1 DAGs
[2022-04-12 04:15:24,329] {logging_mixin.py:104} INFO - [2022-04-12 04:15:24,328] {dag.py:2305} INFO - Setting next_dagrun for tutorial_taskflow_api_etl_virtualenv to None
[2022-04-12 04:15:24,380] {scheduler_job.py:190} INFO - Processing /home/airflow/sandbox/lib/python3.8/site-packages/airflow/example_dags/tutorial_taskflow_api_etl_virtualenv.py took 0.851 seconds
[2022-04-12 04:15:54,617] {scheduler_job.py:182} INFO - Started process (PID=86322) to work on /home/airflow/sandbox/lib/python3.8/site-packages/airflow/example_dags/tutorial_taskflow_api_etl_virtualenv.py
[2022-04-12 04:15:54,619] {scheduler_job.py:633} INFO - Processing file /home/airflow/sandbox/lib/python3.8/site-packages/airflow/example_dags/tutorial_taskflow_api_etl_virtualenv.py for tasks to queue
[2022-04-12 04:15:54,624] {logging_mixin.py:104} INFO - [2022-04-12 04:15:54,623] {dagbag.py:487} INFO - Filling up the DagBag from /home/airflow/sandbox/lib/python3.8/site-packages/airflow/example_dags/tutorial_taskflow_api_etl_virtualenv.py
[2022-04-12 04:15:54,725] {scheduler_job.py:643} INFO - DAG(s) dict_keys(['tutorial_taskflow_api_etl_virtualenv']) retrieved from /home/airflow/sandbox/lib/python3.8/site-packages/airflow/example_dags/tutorial_taskflow_api_etl_virtualenv.py
[2022-04-12 04:15:56,278] {logging_mixin.py:104} INFO - [2022-04-12 04:15:56,277] {dag.py:1832} INFO - Sync 1 DAGs
[2022-04-12 04:15:56,360] {logging_mixin.py:104} INFO - [2022-04-12 04:15:56,359] {dag.py:2305} INFO - Setting next_dagrun for tutorial_taskflow_api_etl_virtualenv to None
[2022-04-12 04:15:56,458] {scheduler_job.py:190} INFO - Processing /home/airflow/sandbox/lib/python3.8/site-packages/airflow/example_dags/tutorial_taskflow_api_etl_virtualenv.py took 1.864 seconds
[2022-04-12 04:16:26,565] {scheduler_job.py:182} INFO - Started process (PID=86727) to work on /home/airflow/sandbox/lib/python3.8/site-packages/airflow/example_dags/tutorial_taskflow_api_etl_virtualenv.py
[2022-04-12 04:16:26,567] {scheduler_job.py:633} INFO - Processing file /home/airflow/sandbox/lib/python3.8/site-packages/airflow/example_dags/tutorial_taskflow_api_etl_virtualenv.py for tasks to queue
[2022-04-12 04:16:26,577] {logging_mixin.py:104} INFO - [2022-04-12 04:16:26,577] {dagbag.py:487} INFO - Filling up the DagBag from /home/airflow/sandbox/lib/python3.8/site-packages/airflow/example_dags/tutorial_taskflow_api_etl_virtualenv.py
[2022-04-12 04:16:26,639] {scheduler_job.py:643} INFO - DAG(s) dict_keys(['tutorial_taskflow_api_etl_virtualenv']) retrieved from /home/airflow/sandbox/lib/python3.8/site-packages/airflow/example_dags/tutorial_taskflow_api_etl_virtualenv.py
[2022-04-12 04:16:27,710] {logging_mixin.py:104} INFO - [2022-04-12 04:16:27,710] {dag.py:1832} INFO - Sync 1 DAGs
[2022-04-12 04:16:27,775] {logging_mixin.py:104} INFO - [2022-04-12 04:16:27,775] {dag.py:2305} INFO - Setting next_dagrun for tutorial_taskflow_api_etl_virtualenv to None
[2022-04-12 04:16:27,941] {scheduler_job.py:190} INFO - Processing /home/airflow/sandbox/lib/python3.8/site-packages/airflow/example_dags/tutorial_taskflow_api_etl_virtualenv.py took 1.390 seconds
[2022-04-12 04:16:58,188] {scheduler_job.py:182} INFO - Started process (PID=87130) to work on /home/airflow/sandbox/lib/python3.8/site-packages/airflow/example_dags/tutorial_taskflow_api_etl_virtualenv.py
[2022-04-12 04:16:58,209] {scheduler_job.py:633} INFO - Processing file /home/airflow/sandbox/lib/python3.8/site-packages/airflow/example_dags/tutorial_taskflow_api_etl_virtualenv.py for tasks to queue
[2022-04-12 04:16:58,216] {logging_mixin.py:104} INFO - [2022-04-12 04:16:58,216] {dagbag.py:487} INFO - Filling up the DagBag from /home/airflow/sandbox/lib/python3.8/site-packages/airflow/example_dags/tutorial_taskflow_api_etl_virtualenv.py
[2022-04-12 04:16:58,281] {scheduler_job.py:643} INFO - DAG(s) dict_keys(['tutorial_taskflow_api_etl_virtualenv']) retrieved from /home/airflow/sandbox/lib/python3.8/site-packages/airflow/example_dags/tutorial_taskflow_api_etl_virtualenv.py
[2022-04-12 04:16:59,111] {logging_mixin.py:104} INFO - [2022-04-12 04:16:59,111] {dag.py:1832} INFO - Sync 1 DAGs
[2022-04-12 04:16:59,151] {logging_mixin.py:104} INFO - [2022-04-12 04:16:59,151] {dag.py:2305} INFO - Setting next_dagrun for tutorial_taskflow_api_etl_virtualenv to None
[2022-04-12 04:16:59,215] {scheduler_job.py:190} INFO - Processing /home/airflow/sandbox/lib/python3.8/site-packages/airflow/example_dags/tutorial_taskflow_api_etl_virtualenv.py took 1.059 seconds
[2022-04-12 04:17:29,648] {scheduler_job.py:182} INFO - Started process (PID=87518) to work on /home/airflow/sandbox/lib/python3.8/site-packages/airflow/example_dags/tutorial_taskflow_api_etl_virtualenv.py
[2022-04-12 04:17:29,650] {scheduler_job.py:633} INFO - Processing file /home/airflow/sandbox/lib/python3.8/site-packages/airflow/example_dags/tutorial_taskflow_api_etl_virtualenv.py for tasks to queue
[2022-04-12 04:17:29,652] {logging_mixin.py:104} INFO - [2022-04-12 04:17:29,651] {dagbag.py:487} INFO - Filling up the DagBag from /home/airflow/sandbox/lib/python3.8/site-packages/airflow/example_dags/tutorial_taskflow_api_etl_virtualenv.py
[2022-04-12 04:17:29,675] {scheduler_job.py:643} INFO - DAG(s) dict_keys(['tutorial_taskflow_api_etl_virtualenv']) retrieved from /home/airflow/sandbox/lib/python3.8/site-packages/airflow/example_dags/tutorial_taskflow_api_etl_virtualenv.py
[2022-04-12 04:17:30,175] {logging_mixin.py:104} INFO - [2022-04-12 04:17:30,175] {dag.py:1832} INFO - Sync 1 DAGs
[2022-04-12 04:17:30,198] {logging_mixin.py:104} INFO - [2022-04-12 04:17:30,198] {dag.py:2305} INFO - Setting next_dagrun for tutorial_taskflow_api_etl_virtualenv to None
[2022-04-12 04:17:30,234] {scheduler_job.py:190} INFO - Processing /home/airflow/sandbox/lib/python3.8/site-packages/airflow/example_dags/tutorial_taskflow_api_etl_virtualenv.py took 0.597 seconds
[2022-04-12 04:18:02,611] {scheduler_job.py:182} INFO - Started process (PID=87913) to work on /home/airflow/sandbox/lib/python3.8/site-packages/airflow/example_dags/tutorial_taskflow_api_etl_virtualenv.py
[2022-04-12 04:18:02,615] {scheduler_job.py:633} INFO - Processing file /home/airflow/sandbox/lib/python3.8/site-packages/airflow/example_dags/tutorial_taskflow_api_etl_virtualenv.py for tasks to queue
[2022-04-12 04:18:02,639] {logging_mixin.py:104} INFO - [2022-04-12 04:18:02,638] {dagbag.py:487} INFO - Filling up the DagBag from /home/airflow/sandbox/lib/python3.8/site-packages/airflow/example_dags/tutorial_taskflow_api_etl_virtualenv.py
[2022-04-12 04:18:02,738] {scheduler_job.py:643} INFO - DAG(s) dict_keys(['tutorial_taskflow_api_etl_virtualenv']) retrieved from /home/airflow/sandbox/lib/python3.8/site-packages/airflow/example_dags/tutorial_taskflow_api_etl_virtualenv.py
[2022-04-12 04:18:04,195] {logging_mixin.py:104} INFO - [2022-04-12 04:18:04,195] {dag.py:1832} INFO - Sync 1 DAGs
[2022-04-12 04:18:04,348] {logging_mixin.py:104} INFO - [2022-04-12 04:18:04,348] {dag.py:2305} INFO - Setting next_dagrun for tutorial_taskflow_api_etl_virtualenv to None
[2022-04-12 04:18:04,450] {scheduler_job.py:190} INFO - Processing /home/airflow/sandbox/lib/python3.8/site-packages/airflow/example_dags/tutorial_taskflow_api_etl_virtualenv.py took 1.852 seconds
[2022-04-12 04:18:35,676] {scheduler_job.py:182} INFO - Started process (PID=88318) to work on /home/airflow/sandbox/lib/python3.8/site-packages/airflow/example_dags/tutorial_taskflow_api_etl_virtualenv.py
[2022-04-12 04:18:35,687] {scheduler_job.py:633} INFO - Processing file /home/airflow/sandbox/lib/python3.8/site-packages/airflow/example_dags/tutorial_taskflow_api_etl_virtualenv.py for tasks to queue
[2022-04-12 04:18:35,688] {logging_mixin.py:104} INFO - [2022-04-12 04:18:35,688] {dagbag.py:487} INFO - Filling up the DagBag from /home/airflow/sandbox/lib/python3.8/site-packages/airflow/example_dags/tutorial_taskflow_api_etl_virtualenv.py
[2022-04-12 04:18:35,733] {scheduler_job.py:643} INFO - DAG(s) dict_keys(['tutorial_taskflow_api_etl_virtualenv']) retrieved from /home/airflow/sandbox/lib/python3.8/site-packages/airflow/example_dags/tutorial_taskflow_api_etl_virtualenv.py
[2022-04-12 04:18:37,639] {logging_mixin.py:104} INFO - [2022-04-12 04:18:37,637] {dag.py:1832} INFO - Sync 1 DAGs
[2022-04-12 04:18:37,686] {logging_mixin.py:104} INFO - [2022-04-12 04:18:37,686] {dag.py:2305} INFO - Setting next_dagrun for tutorial_taskflow_api_etl_virtualenv to None
[2022-04-12 04:18:37,765] {scheduler_job.py:190} INFO - Processing /home/airflow/sandbox/lib/python3.8/site-packages/airflow/example_dags/tutorial_taskflow_api_etl_virtualenv.py took 2.116 seconds
[2022-04-12 04:19:08,349] {scheduler_job.py:182} INFO - Started process (PID=88738) to work on /home/airflow/sandbox/lib/python3.8/site-packages/airflow/example_dags/tutorial_taskflow_api_etl_virtualenv.py
[2022-04-12 04:19:08,378] {scheduler_job.py:633} INFO - Processing file /home/airflow/sandbox/lib/python3.8/site-packages/airflow/example_dags/tutorial_taskflow_api_etl_virtualenv.py for tasks to queue
[2022-04-12 04:19:08,384] {logging_mixin.py:104} INFO - [2022-04-12 04:19:08,383] {dagbag.py:487} INFO - Filling up the DagBag from /home/airflow/sandbox/lib/python3.8/site-packages/airflow/example_dags/tutorial_taskflow_api_etl_virtualenv.py
[2022-04-12 04:19:08,464] {scheduler_job.py:643} INFO - DAG(s) dict_keys(['tutorial_taskflow_api_etl_virtualenv']) retrieved from /home/airflow/sandbox/lib/python3.8/site-packages/airflow/example_dags/tutorial_taskflow_api_etl_virtualenv.py
[2022-04-12 04:19:10,158] {logging_mixin.py:104} INFO - [2022-04-12 04:19:10,158] {dag.py:1832} INFO - Sync 1 DAGs
[2022-04-12 04:19:10,232] {logging_mixin.py:104} INFO - [2022-04-12 04:19:10,232] {dag.py:2305} INFO - Setting next_dagrun for tutorial_taskflow_api_etl_virtualenv to None
[2022-04-12 04:19:10,390] {scheduler_job.py:190} INFO - Processing /home/airflow/sandbox/lib/python3.8/site-packages/airflow/example_dags/tutorial_taskflow_api_etl_virtualenv.py took 2.063 seconds
[2022-04-12 04:19:41,239] {scheduler_job.py:182} INFO - Started process (PID=89171) to work on /home/airflow/sandbox/lib/python3.8/site-packages/airflow/example_dags/tutorial_taskflow_api_etl_virtualenv.py
[2022-04-12 04:19:41,266] {scheduler_job.py:633} INFO - Processing file /home/airflow/sandbox/lib/python3.8/site-packages/airflow/example_dags/tutorial_taskflow_api_etl_virtualenv.py for tasks to queue
[2022-04-12 04:19:41,278] {logging_mixin.py:104} INFO - [2022-04-12 04:19:41,277] {dagbag.py:487} INFO - Filling up the DagBag from /home/airflow/sandbox/lib/python3.8/site-packages/airflow/example_dags/tutorial_taskflow_api_etl_virtualenv.py
[2022-04-12 04:19:41,371] {scheduler_job.py:643} INFO - DAG(s) dict_keys(['tutorial_taskflow_api_etl_virtualenv']) retrieved from /home/airflow/sandbox/lib/python3.8/site-packages/airflow/example_dags/tutorial_taskflow_api_etl_virtualenv.py
[2022-04-12 04:19:43,630] {logging_mixin.py:104} INFO - [2022-04-12 04:19:43,630] {dag.py:1832} INFO - Sync 1 DAGs
[2022-04-12 04:19:43,680] {logging_mixin.py:104} INFO - [2022-04-12 04:19:43,680] {dag.py:2305} INFO - Setting next_dagrun for tutorial_taskflow_api_etl_virtualenv to None
[2022-04-12 04:19:43,934] {scheduler_job.py:190} INFO - Processing /home/airflow/sandbox/lib/python3.8/site-packages/airflow/example_dags/tutorial_taskflow_api_etl_virtualenv.py took 2.704 seconds
[2022-04-12 04:20:14,241] {scheduler_job.py:182} INFO - Started process (PID=89784) to work on /home/airflow/sandbox/lib/python3.8/site-packages/airflow/example_dags/tutorial_taskflow_api_etl_virtualenv.py
[2022-04-12 04:20:14,244] {scheduler_job.py:633} INFO - Processing file /home/airflow/sandbox/lib/python3.8/site-packages/airflow/example_dags/tutorial_taskflow_api_etl_virtualenv.py for tasks to queue
[2022-04-12 04:20:14,246] {logging_mixin.py:104} INFO - [2022-04-12 04:20:14,245] {dagbag.py:487} INFO - Filling up the DagBag from /home/airflow/sandbox/lib/python3.8/site-packages/airflow/example_dags/tutorial_taskflow_api_etl_virtualenv.py
[2022-04-12 04:20:14,327] {scheduler_job.py:643} INFO - DAG(s) dict_keys(['tutorial_taskflow_api_etl_virtualenv']) retrieved from /home/airflow/sandbox/lib/python3.8/site-packages/airflow/example_dags/tutorial_taskflow_api_etl_virtualenv.py
[2022-04-12 04:20:15,728] {logging_mixin.py:104} INFO - [2022-04-12 04:20:15,728] {dag.py:1832} INFO - Sync 1 DAGs
[2022-04-12 04:20:15,819] {logging_mixin.py:104} INFO - [2022-04-12 04:20:15,818] {dag.py:2305} INFO - Setting next_dagrun for tutorial_taskflow_api_etl_virtualenv to None
[2022-04-12 04:20:16,032] {scheduler_job.py:190} INFO - Processing /home/airflow/sandbox/lib/python3.8/site-packages/airflow/example_dags/tutorial_taskflow_api_etl_virtualenv.py took 1.829 seconds
[2022-04-12 04:20:46,751] {scheduler_job.py:182} INFO - Started process (PID=90146) to work on /home/airflow/sandbox/lib/python3.8/site-packages/airflow/example_dags/tutorial_taskflow_api_etl_virtualenv.py
[2022-04-12 04:20:46,820] {scheduler_job.py:633} INFO - Processing file /home/airflow/sandbox/lib/python3.8/site-packages/airflow/example_dags/tutorial_taskflow_api_etl_virtualenv.py for tasks to queue
[2022-04-12 04:20:46,831] {logging_mixin.py:104} INFO - [2022-04-12 04:20:46,830] {dagbag.py:487} INFO - Filling up the DagBag from /home/airflow/sandbox/lib/python3.8/site-packages/airflow/example_dags/tutorial_taskflow_api_etl_virtualenv.py
[2022-04-12 04:20:46,899] {scheduler_job.py:643} INFO - DAG(s) dict_keys(['tutorial_taskflow_api_etl_virtualenv']) retrieved from /home/airflow/sandbox/lib/python3.8/site-packages/airflow/example_dags/tutorial_taskflow_api_etl_virtualenv.py
[2022-04-12 04:20:48,911] {logging_mixin.py:104} INFO - [2022-04-12 04:20:48,911] {dag.py:1832} INFO - Sync 1 DAGs
[2022-04-12 04:20:48,980] {logging_mixin.py:104} INFO - [2022-04-12 04:20:48,975] {dag.py:2305} INFO - Setting next_dagrun for tutorial_taskflow_api_etl_virtualenv to None
[2022-04-12 04:20:49,148] {scheduler_job.py:190} INFO - Processing /home/airflow/sandbox/lib/python3.8/site-packages/airflow/example_dags/tutorial_taskflow_api_etl_virtualenv.py took 2.416 seconds
[2022-04-12 04:21:19,910] {scheduler_job.py:182} INFO - Started process (PID=90343) to work on /home/airflow/sandbox/lib/python3.8/site-packages/airflow/example_dags/tutorial_taskflow_api_etl_virtualenv.py
[2022-04-12 04:21:19,937] {scheduler_job.py:633} INFO - Processing file /home/airflow/sandbox/lib/python3.8/site-packages/airflow/example_dags/tutorial_taskflow_api_etl_virtualenv.py for tasks to queue
[2022-04-12 04:21:19,941] {logging_mixin.py:104} INFO - [2022-04-12 04:21:19,941] {dagbag.py:487} INFO - Filling up the DagBag from /home/airflow/sandbox/lib/python3.8/site-packages/airflow/example_dags/tutorial_taskflow_api_etl_virtualenv.py
[2022-04-12 04:21:20,075] {scheduler_job.py:643} INFO - DAG(s) dict_keys(['tutorial_taskflow_api_etl_virtualenv']) retrieved from /home/airflow/sandbox/lib/python3.8/site-packages/airflow/example_dags/tutorial_taskflow_api_etl_virtualenv.py
[2022-04-12 04:21:22,111] {logging_mixin.py:104} INFO - [2022-04-12 04:21:22,111] {dag.py:1832} INFO - Sync 1 DAGs
[2022-04-12 04:21:22,228] {logging_mixin.py:104} INFO - [2022-04-12 04:21:22,227] {dag.py:2305} INFO - Setting next_dagrun for tutorial_taskflow_api_etl_virtualenv to None
[2022-04-12 04:21:22,536] {scheduler_job.py:190} INFO - Processing /home/airflow/sandbox/lib/python3.8/site-packages/airflow/example_dags/tutorial_taskflow_api_etl_virtualenv.py took 2.693 seconds
[2022-04-12 04:21:52,798] {scheduler_job.py:182} INFO - Started process (PID=90541) to work on /home/airflow/sandbox/lib/python3.8/site-packages/airflow/example_dags/tutorial_taskflow_api_etl_virtualenv.py
[2022-04-12 04:21:52,818] {scheduler_job.py:633} INFO - Processing file /home/airflow/sandbox/lib/python3.8/site-packages/airflow/example_dags/tutorial_taskflow_api_etl_virtualenv.py for tasks to queue
[2022-04-12 04:21:52,820] {logging_mixin.py:104} INFO - [2022-04-12 04:21:52,820] {dagbag.py:487} INFO - Filling up the DagBag from /home/airflow/sandbox/lib/python3.8/site-packages/airflow/example_dags/tutorial_taskflow_api_etl_virtualenv.py
[2022-04-12 04:21:52,880] {scheduler_job.py:643} INFO - DAG(s) dict_keys(['tutorial_taskflow_api_etl_virtualenv']) retrieved from /home/airflow/sandbox/lib/python3.8/site-packages/airflow/example_dags/tutorial_taskflow_api_etl_virtualenv.py
[2022-04-12 04:21:54,378] {logging_mixin.py:104} INFO - [2022-04-12 04:21:54,378] {dag.py:1832} INFO - Sync 1 DAGs
[2022-04-12 04:21:54,501] {logging_mixin.py:104} INFO - [2022-04-12 04:21:54,500] {dag.py:2305} INFO - Setting next_dagrun for tutorial_taskflow_api_etl_virtualenv to None
[2022-04-12 04:21:54,632] {scheduler_job.py:190} INFO - Processing /home/airflow/sandbox/lib/python3.8/site-packages/airflow/example_dags/tutorial_taskflow_api_etl_virtualenv.py took 1.856 seconds
[2022-04-12 04:22:25,506] {scheduler_job.py:182} INFO - Started process (PID=90910) to work on /home/airflow/sandbox/lib/python3.8/site-packages/airflow/example_dags/tutorial_taskflow_api_etl_virtualenv.py
[2022-04-12 04:22:25,524] {scheduler_job.py:633} INFO - Processing file /home/airflow/sandbox/lib/python3.8/site-packages/airflow/example_dags/tutorial_taskflow_api_etl_virtualenv.py for tasks to queue
[2022-04-12 04:22:25,526] {logging_mixin.py:104} INFO - [2022-04-12 04:22:25,525] {dagbag.py:487} INFO - Filling up the DagBag from /home/airflow/sandbox/lib/python3.8/site-packages/airflow/example_dags/tutorial_taskflow_api_etl_virtualenv.py
[2022-04-12 04:22:25,584] {scheduler_job.py:643} INFO - DAG(s) dict_keys(['tutorial_taskflow_api_etl_virtualenv']) retrieved from /home/airflow/sandbox/lib/python3.8/site-packages/airflow/example_dags/tutorial_taskflow_api_etl_virtualenv.py
[2022-04-12 04:22:27,146] {logging_mixin.py:104} INFO - [2022-04-12 04:22:27,145] {dag.py:1832} INFO - Sync 1 DAGs
[2022-04-12 04:22:27,255] {logging_mixin.py:104} INFO - [2022-04-12 04:22:27,254] {dag.py:2305} INFO - Setting next_dagrun for tutorial_taskflow_api_etl_virtualenv to None
[2022-04-12 04:22:27,426] {scheduler_job.py:190} INFO - Processing /home/airflow/sandbox/lib/python3.8/site-packages/airflow/example_dags/tutorial_taskflow_api_etl_virtualenv.py took 1.936 seconds
[2022-04-12 04:22:58,175] {scheduler_job.py:182} INFO - Started process (PID=91122) to work on /home/airflow/sandbox/lib/python3.8/site-packages/airflow/example_dags/tutorial_taskflow_api_etl_virtualenv.py
[2022-04-12 04:22:58,197] {scheduler_job.py:633} INFO - Processing file /home/airflow/sandbox/lib/python3.8/site-packages/airflow/example_dags/tutorial_taskflow_api_etl_virtualenv.py for tasks to queue
[2022-04-12 04:22:58,216] {logging_mixin.py:104} INFO - [2022-04-12 04:22:58,215] {dagbag.py:487} INFO - Filling up the DagBag from /home/airflow/sandbox/lib/python3.8/site-packages/airflow/example_dags/tutorial_taskflow_api_etl_virtualenv.py
[2022-04-12 04:22:58,424] {scheduler_job.py:643} INFO - DAG(s) dict_keys(['tutorial_taskflow_api_etl_virtualenv']) retrieved from /home/airflow/sandbox/lib/python3.8/site-packages/airflow/example_dags/tutorial_taskflow_api_etl_virtualenv.py
[2022-04-12 04:22:58,698] {logging_mixin.py:104} INFO - [2022-04-12 04:22:58,698] {dag.py:1832} INFO - Sync 1 DAGs
[2022-04-12 04:22:58,859] {logging_mixin.py:104} INFO - [2022-04-12 04:22:58,858] {dag.py:2305} INFO - Setting next_dagrun for tutorial_taskflow_api_etl_virtualenv to None
[2022-04-12 04:22:59,049] {scheduler_job.py:190} INFO - Processing /home/airflow/sandbox/lib/python3.8/site-packages/airflow/example_dags/tutorial_taskflow_api_etl_virtualenv.py took 0.909 seconds
[2022-04-12 04:23:29,640] {scheduler_job.py:182} INFO - Started process (PID=91320) to work on /home/airflow/sandbox/lib/python3.8/site-packages/airflow/example_dags/tutorial_taskflow_api_etl_virtualenv.py
[2022-04-12 04:23:29,643] {scheduler_job.py:633} INFO - Processing file /home/airflow/sandbox/lib/python3.8/site-packages/airflow/example_dags/tutorial_taskflow_api_etl_virtualenv.py for tasks to queue
[2022-04-12 04:23:29,650] {logging_mixin.py:104} INFO - [2022-04-12 04:23:29,650] {dagbag.py:487} INFO - Filling up the DagBag from /home/airflow/sandbox/lib/python3.8/site-packages/airflow/example_dags/tutorial_taskflow_api_etl_virtualenv.py
[2022-04-12 04:23:29,706] {scheduler_job.py:643} INFO - DAG(s) dict_keys(['tutorial_taskflow_api_etl_virtualenv']) retrieved from /home/airflow/sandbox/lib/python3.8/site-packages/airflow/example_dags/tutorial_taskflow_api_etl_virtualenv.py
[2022-04-12 04:23:29,839] {logging_mixin.py:104} INFO - [2022-04-12 04:23:29,838] {dag.py:1832} INFO - Sync 1 DAGs
[2022-04-12 04:23:29,906] {logging_mixin.py:104} INFO - [2022-04-12 04:23:29,906] {dag.py:2305} INFO - Setting next_dagrun for tutorial_taskflow_api_etl_virtualenv to None
[2022-04-12 04:23:29,967] {scheduler_job.py:190} INFO - Processing /home/airflow/sandbox/lib/python3.8/site-packages/airflow/example_dags/tutorial_taskflow_api_etl_virtualenv.py took 0.345 seconds
[2022-04-12 04:24:00,206] {scheduler_job.py:182} INFO - Started process (PID=91521) to work on /home/airflow/sandbox/lib/python3.8/site-packages/airflow/example_dags/tutorial_taskflow_api_etl_virtualenv.py
[2022-04-12 04:24:00,235] {scheduler_job.py:633} INFO - Processing file /home/airflow/sandbox/lib/python3.8/site-packages/airflow/example_dags/tutorial_taskflow_api_etl_virtualenv.py for tasks to queue
[2022-04-12 04:24:00,238] {logging_mixin.py:104} INFO - [2022-04-12 04:24:00,237] {dagbag.py:487} INFO - Filling up the DagBag from /home/airflow/sandbox/lib/python3.8/site-packages/airflow/example_dags/tutorial_taskflow_api_etl_virtualenv.py
[2022-04-12 04:24:00,362] {scheduler_job.py:643} INFO - DAG(s) dict_keys(['tutorial_taskflow_api_etl_virtualenv']) retrieved from /home/airflow/sandbox/lib/python3.8/site-packages/airflow/example_dags/tutorial_taskflow_api_etl_virtualenv.py
[2022-04-12 04:24:00,572] {logging_mixin.py:104} INFO - [2022-04-12 04:24:00,572] {dag.py:1832} INFO - Sync 1 DAGs
[2022-04-12 04:24:00,675] {logging_mixin.py:104} INFO - [2022-04-12 04:24:00,674] {dag.py:2305} INFO - Setting next_dagrun for tutorial_taskflow_api_etl_virtualenv to None
[2022-04-12 04:24:00,776] {scheduler_job.py:190} INFO - Processing /home/airflow/sandbox/lib/python3.8/site-packages/airflow/example_dags/tutorial_taskflow_api_etl_virtualenv.py took 0.590 seconds
[2022-04-12 04:24:30,903] {scheduler_job.py:182} INFO - Started process (PID=91718) to work on /home/airflow/sandbox/lib/python3.8/site-packages/airflow/example_dags/tutorial_taskflow_api_etl_virtualenv.py
[2022-04-12 04:24:30,909] {scheduler_job.py:633} INFO - Processing file /home/airflow/sandbox/lib/python3.8/site-packages/airflow/example_dags/tutorial_taskflow_api_etl_virtualenv.py for tasks to queue
[2022-04-12 04:24:30,912] {logging_mixin.py:104} INFO - [2022-04-12 04:24:30,912] {dagbag.py:487} INFO - Filling up the DagBag from /home/airflow/sandbox/lib/python3.8/site-packages/airflow/example_dags/tutorial_taskflow_api_etl_virtualenv.py
[2022-04-12 04:24:30,985] {scheduler_job.py:643} INFO - DAG(s) dict_keys(['tutorial_taskflow_api_etl_virtualenv']) retrieved from /home/airflow/sandbox/lib/python3.8/site-packages/airflow/example_dags/tutorial_taskflow_api_etl_virtualenv.py
[2022-04-12 04:24:32,424] {logging_mixin.py:104} INFO - [2022-04-12 04:24:32,424] {dag.py:1832} INFO - Sync 1 DAGs
[2022-04-12 04:24:32,542] {logging_mixin.py:104} INFO - [2022-04-12 04:24:32,541] {dag.py:2305} INFO - Setting next_dagrun for tutorial_taskflow_api_etl_virtualenv to None
[2022-04-12 04:24:32,692] {scheduler_job.py:190} INFO - Processing /home/airflow/sandbox/lib/python3.8/site-packages/airflow/example_dags/tutorial_taskflow_api_etl_virtualenv.py took 1.804 seconds
[2022-04-12 04:25:03,057] {scheduler_job.py:182} INFO - Started process (PID=92162) to work on /home/airflow/sandbox/lib/python3.8/site-packages/airflow/example_dags/tutorial_taskflow_api_etl_virtualenv.py
[2022-04-12 04:25:03,061] {scheduler_job.py:633} INFO - Processing file /home/airflow/sandbox/lib/python3.8/site-packages/airflow/example_dags/tutorial_taskflow_api_etl_virtualenv.py for tasks to queue
[2022-04-12 04:25:03,068] {logging_mixin.py:104} INFO - [2022-04-12 04:25:03,068] {dagbag.py:487} INFO - Filling up the DagBag from /home/airflow/sandbox/lib/python3.8/site-packages/airflow/example_dags/tutorial_taskflow_api_etl_virtualenv.py
[2022-04-12 04:25:03,158] {scheduler_job.py:643} INFO - DAG(s) dict_keys(['tutorial_taskflow_api_etl_virtualenv']) retrieved from /home/airflow/sandbox/lib/python3.8/site-packages/airflow/example_dags/tutorial_taskflow_api_etl_virtualenv.py
[2022-04-12 04:25:04,876] {logging_mixin.py:104} INFO - [2022-04-12 04:25:04,875] {dag.py:1832} INFO - Sync 1 DAGs
[2022-04-12 04:25:05,026] {logging_mixin.py:104} INFO - [2022-04-12 04:25:05,025] {dag.py:2305} INFO - Setting next_dagrun for tutorial_taskflow_api_etl_virtualenv to None
[2022-04-12 04:25:05,311] {scheduler_job.py:190} INFO - Processing /home/airflow/sandbox/lib/python3.8/site-packages/airflow/example_dags/tutorial_taskflow_api_etl_virtualenv.py took 2.294 seconds
[2022-04-12 04:25:36,056] {scheduler_job.py:182} INFO - Started process (PID=92366) to work on /home/airflow/sandbox/lib/python3.8/site-packages/airflow/example_dags/tutorial_taskflow_api_etl_virtualenv.py
[2022-04-12 04:25:36,072] {scheduler_job.py:633} INFO - Processing file /home/airflow/sandbox/lib/python3.8/site-packages/airflow/example_dags/tutorial_taskflow_api_etl_virtualenv.py for tasks to queue
[2022-04-12 04:25:36,074] {logging_mixin.py:104} INFO - [2022-04-12 04:25:36,074] {dagbag.py:487} INFO - Filling up the DagBag from /home/airflow/sandbox/lib/python3.8/site-packages/airflow/example_dags/tutorial_taskflow_api_etl_virtualenv.py
[2022-04-12 04:25:36,151] {scheduler_job.py:643} INFO - DAG(s) dict_keys(['tutorial_taskflow_api_etl_virtualenv']) retrieved from /home/airflow/sandbox/lib/python3.8/site-packages/airflow/example_dags/tutorial_taskflow_api_etl_virtualenv.py
[2022-04-12 04:25:37,841] {logging_mixin.py:104} INFO - [2022-04-12 04:25:37,837] {dag.py:1832} INFO - Sync 1 DAGs
[2022-04-12 04:25:37,962] {logging_mixin.py:104} INFO - [2022-04-12 04:25:37,961] {dag.py:2305} INFO - Setting next_dagrun for tutorial_taskflow_api_etl_virtualenv to None
[2022-04-12 04:25:38,183] {scheduler_job.py:190} INFO - Processing /home/airflow/sandbox/lib/python3.8/site-packages/airflow/example_dags/tutorial_taskflow_api_etl_virtualenv.py took 2.193 seconds
[2022-04-12 04:26:09,839] {scheduler_job.py:182} INFO - Started process (PID=92590) to work on /home/airflow/sandbox/lib/python3.8/site-packages/airflow/example_dags/tutorial_taskflow_api_etl_virtualenv.py
[2022-04-12 04:26:09,842] {scheduler_job.py:633} INFO - Processing file /home/airflow/sandbox/lib/python3.8/site-packages/airflow/example_dags/tutorial_taskflow_api_etl_virtualenv.py for tasks to queue
[2022-04-12 04:26:09,844] {logging_mixin.py:104} INFO - [2022-04-12 04:26:09,843] {dagbag.py:487} INFO - Filling up the DagBag from /home/airflow/sandbox/lib/python3.8/site-packages/airflow/example_dags/tutorial_taskflow_api_etl_virtualenv.py
[2022-04-12 04:26:09,884] {scheduler_job.py:643} INFO - DAG(s) dict_keys(['tutorial_taskflow_api_etl_virtualenv']) retrieved from /home/airflow/sandbox/lib/python3.8/site-packages/airflow/example_dags/tutorial_taskflow_api_etl_virtualenv.py
[2022-04-12 04:26:11,403] {logging_mixin.py:104} INFO - [2022-04-12 04:26:11,402] {dag.py:1832} INFO - Sync 1 DAGs
[2022-04-12 04:26:11,436] {logging_mixin.py:104} INFO - [2022-04-12 04:26:11,436] {dag.py:2305} INFO - Setting next_dagrun for tutorial_taskflow_api_etl_virtualenv to None
[2022-04-12 04:26:11,482] {scheduler_job.py:190} INFO - Processing /home/airflow/sandbox/lib/python3.8/site-packages/airflow/example_dags/tutorial_taskflow_api_etl_virtualenv.py took 1.658 seconds
[2022-04-12 04:26:41,793] {scheduler_job.py:182} INFO - Started process (PID=92790) to work on /home/airflow/sandbox/lib/python3.8/site-packages/airflow/example_dags/tutorial_taskflow_api_etl_virtualenv.py
[2022-04-12 04:26:41,825] {scheduler_job.py:633} INFO - Processing file /home/airflow/sandbox/lib/python3.8/site-packages/airflow/example_dags/tutorial_taskflow_api_etl_virtualenv.py for tasks to queue
[2022-04-12 04:26:41,833] {logging_mixin.py:104} INFO - [2022-04-12 04:26:41,832] {dagbag.py:487} INFO - Filling up the DagBag from /home/airflow/sandbox/lib/python3.8/site-packages/airflow/example_dags/tutorial_taskflow_api_etl_virtualenv.py
[2022-04-12 04:26:41,933] {scheduler_job.py:643} INFO - DAG(s) dict_keys(['tutorial_taskflow_api_etl_virtualenv']) retrieved from /home/airflow/sandbox/lib/python3.8/site-packages/airflow/example_dags/tutorial_taskflow_api_etl_virtualenv.py
[2022-04-12 04:26:43,327] {logging_mixin.py:104} INFO - [2022-04-12 04:26:43,326] {dag.py:1832} INFO - Sync 1 DAGs
[2022-04-12 04:26:43,369] {logging_mixin.py:104} INFO - [2022-04-12 04:26:43,369] {dag.py:2305} INFO - Setting next_dagrun for tutorial_taskflow_api_etl_virtualenv to None
[2022-04-12 04:26:43,416] {scheduler_job.py:190} INFO - Processing /home/airflow/sandbox/lib/python3.8/site-packages/airflow/example_dags/tutorial_taskflow_api_etl_virtualenv.py took 1.638 seconds
[2022-04-12 04:27:15,029] {scheduler_job.py:182} INFO - Started process (PID=92987) to work on /home/airflow/sandbox/lib/python3.8/site-packages/airflow/example_dags/tutorial_taskflow_api_etl_virtualenv.py
[2022-04-12 04:27:15,033] {scheduler_job.py:633} INFO - Processing file /home/airflow/sandbox/lib/python3.8/site-packages/airflow/example_dags/tutorial_taskflow_api_etl_virtualenv.py for tasks to queue
[2022-04-12 04:27:15,047] {logging_mixin.py:104} INFO - [2022-04-12 04:27:15,047] {dagbag.py:487} INFO - Filling up the DagBag from /home/airflow/sandbox/lib/python3.8/site-packages/airflow/example_dags/tutorial_taskflow_api_etl_virtualenv.py
[2022-04-12 04:27:15,126] {scheduler_job.py:643} INFO - DAG(s) dict_keys(['tutorial_taskflow_api_etl_virtualenv']) retrieved from /home/airflow/sandbox/lib/python3.8/site-packages/airflow/example_dags/tutorial_taskflow_api_etl_virtualenv.py
[2022-04-12 04:27:17,781] {logging_mixin.py:104} INFO - [2022-04-12 04:27:17,780] {dag.py:1832} INFO - Sync 1 DAGs
[2022-04-12 04:27:17,860] {logging_mixin.py:104} INFO - [2022-04-12 04:27:17,858] {dag.py:2305} INFO - Setting next_dagrun for tutorial_taskflow_api_etl_virtualenv to None
[2022-04-12 04:27:17,971] {scheduler_job.py:190} INFO - Processing /home/airflow/sandbox/lib/python3.8/site-packages/airflow/example_dags/tutorial_taskflow_api_etl_virtualenv.py took 2.969 seconds
[2022-04-12 04:27:48,729] {scheduler_job.py:182} INFO - Started process (PID=93198) to work on /home/airflow/sandbox/lib/python3.8/site-packages/airflow/example_dags/tutorial_taskflow_api_etl_virtualenv.py
[2022-04-12 04:27:48,733] {scheduler_job.py:633} INFO - Processing file /home/airflow/sandbox/lib/python3.8/site-packages/airflow/example_dags/tutorial_taskflow_api_etl_virtualenv.py for tasks to queue
[2022-04-12 04:27:48,740] {logging_mixin.py:104} INFO - [2022-04-12 04:27:48,739] {dagbag.py:487} INFO - Filling up the DagBag from /home/airflow/sandbox/lib/python3.8/site-packages/airflow/example_dags/tutorial_taskflow_api_etl_virtualenv.py
[2022-04-12 04:27:48,837] {scheduler_job.py:643} INFO - DAG(s) dict_keys(['tutorial_taskflow_api_etl_virtualenv']) retrieved from /home/airflow/sandbox/lib/python3.8/site-packages/airflow/example_dags/tutorial_taskflow_api_etl_virtualenv.py
[2022-04-12 04:27:49,744] {logging_mixin.py:104} INFO - [2022-04-12 04:27:49,744] {dag.py:1832} INFO - Sync 1 DAGs
[2022-04-12 04:27:49,787] {logging_mixin.py:104} INFO - [2022-04-12 04:27:49,786] {dag.py:2305} INFO - Setting next_dagrun for tutorial_taskflow_api_etl_virtualenv to None
[2022-04-12 04:27:49,905] {scheduler_job.py:190} INFO - Processing /home/airflow/sandbox/lib/python3.8/site-packages/airflow/example_dags/tutorial_taskflow_api_etl_virtualenv.py took 1.247 seconds
[2022-04-12 04:28:21,189] {scheduler_job.py:182} INFO - Started process (PID=93397) to work on /home/airflow/sandbox/lib/python3.8/site-packages/airflow/example_dags/tutorial_taskflow_api_etl_virtualenv.py
[2022-04-12 04:28:21,206] {scheduler_job.py:633} INFO - Processing file /home/airflow/sandbox/lib/python3.8/site-packages/airflow/example_dags/tutorial_taskflow_api_etl_virtualenv.py for tasks to queue
[2022-04-12 04:28:21,214] {logging_mixin.py:104} INFO - [2022-04-12 04:28:21,214] {dagbag.py:487} INFO - Filling up the DagBag from /home/airflow/sandbox/lib/python3.8/site-packages/airflow/example_dags/tutorial_taskflow_api_etl_virtualenv.py
[2022-04-12 04:28:21,248] {scheduler_job.py:643} INFO - DAG(s) dict_keys(['tutorial_taskflow_api_etl_virtualenv']) retrieved from /home/airflow/sandbox/lib/python3.8/site-packages/airflow/example_dags/tutorial_taskflow_api_etl_virtualenv.py
[2022-04-12 04:28:21,388] {logging_mixin.py:104} INFO - [2022-04-12 04:28:21,387] {dag.py:1832} INFO - Sync 1 DAGs
[2022-04-12 04:28:21,462] {logging_mixin.py:104} INFO - [2022-04-12 04:28:21,461] {dag.py:2305} INFO - Setting next_dagrun for tutorial_taskflow_api_etl_virtualenv to None
[2022-04-12 04:28:21,513] {scheduler_job.py:190} INFO - Processing /home/airflow/sandbox/lib/python3.8/site-packages/airflow/example_dags/tutorial_taskflow_api_etl_virtualenv.py took 0.346 seconds
[2022-04-12 04:28:52,180] {scheduler_job.py:182} INFO - Started process (PID=93590) to work on /home/airflow/sandbox/lib/python3.8/site-packages/airflow/example_dags/tutorial_taskflow_api_etl_virtualenv.py
[2022-04-12 04:28:52,202] {scheduler_job.py:633} INFO - Processing file /home/airflow/sandbox/lib/python3.8/site-packages/airflow/example_dags/tutorial_taskflow_api_etl_virtualenv.py for tasks to queue
[2022-04-12 04:28:52,211] {logging_mixin.py:104} INFO - [2022-04-12 04:28:52,211] {dagbag.py:487} INFO - Filling up the DagBag from /home/airflow/sandbox/lib/python3.8/site-packages/airflow/example_dags/tutorial_taskflow_api_etl_virtualenv.py
[2022-04-12 04:28:52,338] {scheduler_job.py:643} INFO - DAG(s) dict_keys(['tutorial_taskflow_api_etl_virtualenv']) retrieved from /home/airflow/sandbox/lib/python3.8/site-packages/airflow/example_dags/tutorial_taskflow_api_etl_virtualenv.py
[2022-04-12 04:28:52,508] {logging_mixin.py:104} INFO - [2022-04-12 04:28:52,508] {dag.py:1832} INFO - Sync 1 DAGs
[2022-04-12 04:28:52,638] {logging_mixin.py:104} INFO - [2022-04-12 04:28:52,637] {dag.py:2305} INFO - Setting next_dagrun for tutorial_taskflow_api_etl_virtualenv to None
[2022-04-12 04:28:52,756] {scheduler_job.py:190} INFO - Processing /home/airflow/sandbox/lib/python3.8/site-packages/airflow/example_dags/tutorial_taskflow_api_etl_virtualenv.py took 0.609 seconds
[2022-04-12 04:30:37,333] {scheduler_job.py:182} INFO - Started process (PID=94073) to work on /home/airflow/sandbox/lib/python3.8/site-packages/airflow/example_dags/tutorial_taskflow_api_etl_virtualenv.py
[2022-04-12 04:30:37,370] {scheduler_job.py:633} INFO - Processing file /home/airflow/sandbox/lib/python3.8/site-packages/airflow/example_dags/tutorial_taskflow_api_etl_virtualenv.py for tasks to queue
[2022-04-12 04:30:37,372] {logging_mixin.py:104} INFO - [2022-04-12 04:30:37,372] {dagbag.py:487} INFO - Filling up the DagBag from /home/airflow/sandbox/lib/python3.8/site-packages/airflow/example_dags/tutorial_taskflow_api_etl_virtualenv.py
[2022-04-12 04:30:37,409] {scheduler_job.py:643} INFO - DAG(s) dict_keys(['tutorial_taskflow_api_etl_virtualenv']) retrieved from /home/airflow/sandbox/lib/python3.8/site-packages/airflow/example_dags/tutorial_taskflow_api_etl_virtualenv.py
[2022-04-12 04:30:39,286] {logging_mixin.py:104} INFO - [2022-04-12 04:30:39,284] {dag.py:1832} INFO - Sync 1 DAGs
[2022-04-12 04:30:39,471] {logging_mixin.py:104} INFO - [2022-04-12 04:30:39,471] {dag.py:2305} INFO - Setting next_dagrun for tutorial_taskflow_api_etl_virtualenv to None
[2022-04-12 04:30:39,630] {scheduler_job.py:190} INFO - Processing /home/airflow/sandbox/lib/python3.8/site-packages/airflow/example_dags/tutorial_taskflow_api_etl_virtualenv.py took 2.305 seconds
[2022-04-12 04:31:11,243] {scheduler_job.py:182} INFO - Started process (PID=94278) to work on /home/airflow/sandbox/lib/python3.8/site-packages/airflow/example_dags/tutorial_taskflow_api_etl_virtualenv.py
[2022-04-12 04:31:11,251] {scheduler_job.py:633} INFO - Processing file /home/airflow/sandbox/lib/python3.8/site-packages/airflow/example_dags/tutorial_taskflow_api_etl_virtualenv.py for tasks to queue
[2022-04-12 04:31:11,277] {logging_mixin.py:104} INFO - [2022-04-12 04:31:11,277] {dagbag.py:487} INFO - Filling up the DagBag from /home/airflow/sandbox/lib/python3.8/site-packages/airflow/example_dags/tutorial_taskflow_api_etl_virtualenv.py
[2022-04-12 04:31:11,449] {scheduler_job.py:643} INFO - DAG(s) dict_keys(['tutorial_taskflow_api_etl_virtualenv']) retrieved from /home/airflow/sandbox/lib/python3.8/site-packages/airflow/example_dags/tutorial_taskflow_api_etl_virtualenv.py
[2022-04-12 04:31:14,491] {logging_mixin.py:104} INFO - [2022-04-12 04:31:14,491] {dag.py:1832} INFO - Sync 1 DAGs
[2022-04-12 04:31:14,530] {logging_mixin.py:104} INFO - [2022-04-12 04:31:14,530] {dag.py:2305} INFO - Setting next_dagrun for tutorial_taskflow_api_etl_virtualenv to None
[2022-04-12 04:31:14,626] {scheduler_job.py:190} INFO - Processing /home/airflow/sandbox/lib/python3.8/site-packages/airflow/example_dags/tutorial_taskflow_api_etl_virtualenv.py took 3.438 seconds
[2022-04-12 04:31:44,833] {scheduler_job.py:182} INFO - Started process (PID=94478) to work on /home/airflow/sandbox/lib/python3.8/site-packages/airflow/example_dags/tutorial_taskflow_api_etl_virtualenv.py
[2022-04-12 04:31:44,839] {scheduler_job.py:633} INFO - Processing file /home/airflow/sandbox/lib/python3.8/site-packages/airflow/example_dags/tutorial_taskflow_api_etl_virtualenv.py for tasks to queue
[2022-04-12 04:31:44,847] {logging_mixin.py:104} INFO - [2022-04-12 04:31:44,847] {dagbag.py:487} INFO - Filling up the DagBag from /home/airflow/sandbox/lib/python3.8/site-packages/airflow/example_dags/tutorial_taskflow_api_etl_virtualenv.py
[2022-04-12 04:31:44,991] {scheduler_job.py:643} INFO - DAG(s) dict_keys(['tutorial_taskflow_api_etl_virtualenv']) retrieved from /home/airflow/sandbox/lib/python3.8/site-packages/airflow/example_dags/tutorial_taskflow_api_etl_virtualenv.py
[2022-04-12 04:31:45,152] {logging_mixin.py:104} INFO - [2022-04-12 04:31:45,152] {dag.py:1832} INFO - Sync 1 DAGs
[2022-04-12 04:31:45,208] {logging_mixin.py:104} INFO - [2022-04-12 04:31:45,208] {dag.py:2305} INFO - Setting next_dagrun for tutorial_taskflow_api_etl_virtualenv to None
[2022-04-12 04:31:45,319] {scheduler_job.py:190} INFO - Processing /home/airflow/sandbox/lib/python3.8/site-packages/airflow/example_dags/tutorial_taskflow_api_etl_virtualenv.py took 0.510 seconds
[2022-04-12 04:32:16,421] {scheduler_job.py:182} INFO - Started process (PID=94677) to work on /home/airflow/sandbox/lib/python3.8/site-packages/airflow/example_dags/tutorial_taskflow_api_etl_virtualenv.py
[2022-04-12 04:32:16,438] {scheduler_job.py:633} INFO - Processing file /home/airflow/sandbox/lib/python3.8/site-packages/airflow/example_dags/tutorial_taskflow_api_etl_virtualenv.py for tasks to queue
[2022-04-12 04:32:16,439] {logging_mixin.py:104} INFO - [2022-04-12 04:32:16,439] {dagbag.py:487} INFO - Filling up the DagBag from /home/airflow/sandbox/lib/python3.8/site-packages/airflow/example_dags/tutorial_taskflow_api_etl_virtualenv.py
[2022-04-12 04:32:16,568] {scheduler_job.py:643} INFO - DAG(s) dict_keys(['tutorial_taskflow_api_etl_virtualenv']) retrieved from /home/airflow/sandbox/lib/python3.8/site-packages/airflow/example_dags/tutorial_taskflow_api_etl_virtualenv.py
[2022-04-12 04:32:19,223] {logging_mixin.py:104} INFO - [2022-04-12 04:32:19,223] {dag.py:1832} INFO - Sync 1 DAGs
[2022-04-12 04:32:19,252] {logging_mixin.py:104} INFO - [2022-04-12 04:32:19,251] {dag.py:2305} INFO - Setting next_dagrun for tutorial_taskflow_api_etl_virtualenv to None
[2022-04-12 04:32:19,373] {scheduler_job.py:190} INFO - Processing /home/airflow/sandbox/lib/python3.8/site-packages/airflow/example_dags/tutorial_taskflow_api_etl_virtualenv.py took 2.988 seconds
