[2022-04-12 04:06:11,875] {scheduler_job.py:182} INFO - Started process (PID=83107) to work on /home/airflow/sandbox/lib/python3.8/site-packages/airflow/example_dags/tutorial_etl_dag.py
[2022-04-12 04:06:11,940] {scheduler_job.py:633} INFO - Processing file /home/airflow/sandbox/lib/python3.8/site-packages/airflow/example_dags/tutorial_etl_dag.py for tasks to queue
[2022-04-12 04:06:11,944] {logging_mixin.py:104} INFO - [2022-04-12 04:06:11,943] {dagbag.py:487} INFO - Filling up the DagBag from /home/airflow/sandbox/lib/python3.8/site-packages/airflow/example_dags/tutorial_etl_dag.py
[2022-04-12 04:06:11,992] {scheduler_job.py:643} INFO - DAG(s) dict_keys(['tutorial_etl_dag']) retrieved from /home/airflow/sandbox/lib/python3.8/site-packages/airflow/example_dags/tutorial_etl_dag.py
[2022-04-12 04:06:14,114] {logging_mixin.py:104} INFO - [2022-04-12 04:06:14,114] {dag.py:1832} INFO - Sync 1 DAGs
[2022-04-12 04:06:14,169] {logging_mixin.py:104} INFO - [2022-04-12 04:06:14,169] {dag.py:2305} INFO - Setting next_dagrun for tutorial_etl_dag to None
[2022-04-12 04:06:14,254] {scheduler_job.py:190} INFO - Processing /home/airflow/sandbox/lib/python3.8/site-packages/airflow/example_dags/tutorial_etl_dag.py took 2.383 seconds
[2022-04-12 04:06:45,263] {scheduler_job.py:182} INFO - Started process (PID=83858) to work on /home/airflow/sandbox/lib/python3.8/site-packages/airflow/example_dags/tutorial_etl_dag.py
[2022-04-12 04:06:45,278] {scheduler_job.py:633} INFO - Processing file /home/airflow/sandbox/lib/python3.8/site-packages/airflow/example_dags/tutorial_etl_dag.py for tasks to queue
[2022-04-12 04:06:45,289] {logging_mixin.py:104} INFO - [2022-04-12 04:06:45,289] {dagbag.py:487} INFO - Filling up the DagBag from /home/airflow/sandbox/lib/python3.8/site-packages/airflow/example_dags/tutorial_etl_dag.py
[2022-04-12 04:06:45,323] {scheduler_job.py:643} INFO - DAG(s) dict_keys(['tutorial_etl_dag']) retrieved from /home/airflow/sandbox/lib/python3.8/site-packages/airflow/example_dags/tutorial_etl_dag.py
[2022-04-12 04:06:45,450] {logging_mixin.py:104} INFO - [2022-04-12 04:06:45,450] {dag.py:1832} INFO - Sync 1 DAGs
[2022-04-12 04:06:45,560] {logging_mixin.py:104} INFO - [2022-04-12 04:06:45,560] {dag.py:2305} INFO - Setting next_dagrun for tutorial_etl_dag to None
[2022-04-12 04:06:45,628] {scheduler_job.py:190} INFO - Processing /home/airflow/sandbox/lib/python3.8/site-packages/airflow/example_dags/tutorial_etl_dag.py took 0.373 seconds
[2022-04-12 04:07:16,347] {scheduler_job.py:182} INFO - Started process (PID=84117) to work on /home/airflow/sandbox/lib/python3.8/site-packages/airflow/example_dags/tutorial_etl_dag.py
[2022-04-12 04:07:16,349] {scheduler_job.py:633} INFO - Processing file /home/airflow/sandbox/lib/python3.8/site-packages/airflow/example_dags/tutorial_etl_dag.py for tasks to queue
[2022-04-12 04:07:16,354] {logging_mixin.py:104} INFO - [2022-04-12 04:07:16,354] {dagbag.py:487} INFO - Filling up the DagBag from /home/airflow/sandbox/lib/python3.8/site-packages/airflow/example_dags/tutorial_etl_dag.py
[2022-04-12 04:07:16,378] {scheduler_job.py:643} INFO - DAG(s) dict_keys(['tutorial_etl_dag']) retrieved from /home/airflow/sandbox/lib/python3.8/site-packages/airflow/example_dags/tutorial_etl_dag.py
[2022-04-12 04:07:16,502] {logging_mixin.py:104} INFO - [2022-04-12 04:07:16,502] {dag.py:1832} INFO - Sync 1 DAGs
[2022-04-12 04:07:16,549] {logging_mixin.py:104} INFO - [2022-04-12 04:07:16,548] {dag.py:2305} INFO - Setting next_dagrun for tutorial_etl_dag to None
[2022-04-12 04:07:16,608] {scheduler_job.py:190} INFO - Processing /home/airflow/sandbox/lib/python3.8/site-packages/airflow/example_dags/tutorial_etl_dag.py took 0.279 seconds
[2022-04-12 04:07:47,176] {scheduler_job.py:182} INFO - Started process (PID=84316) to work on /home/airflow/sandbox/lib/python3.8/site-packages/airflow/example_dags/tutorial_etl_dag.py
[2022-04-12 04:07:47,202] {scheduler_job.py:633} INFO - Processing file /home/airflow/sandbox/lib/python3.8/site-packages/airflow/example_dags/tutorial_etl_dag.py for tasks to queue
[2022-04-12 04:07:47,206] {logging_mixin.py:104} INFO - [2022-04-12 04:07:47,206] {dagbag.py:487} INFO - Filling up the DagBag from /home/airflow/sandbox/lib/python3.8/site-packages/airflow/example_dags/tutorial_etl_dag.py
[2022-04-12 04:07:47,240] {scheduler_job.py:643} INFO - DAG(s) dict_keys(['tutorial_etl_dag']) retrieved from /home/airflow/sandbox/lib/python3.8/site-packages/airflow/example_dags/tutorial_etl_dag.py
[2022-04-12 04:07:47,415] {logging_mixin.py:104} INFO - [2022-04-12 04:07:47,414] {dag.py:1832} INFO - Sync 1 DAGs
[2022-04-12 04:07:47,477] {logging_mixin.py:104} INFO - [2022-04-12 04:07:47,477] {dag.py:2305} INFO - Setting next_dagrun for tutorial_etl_dag to None
[2022-04-12 04:07:47,547] {scheduler_job.py:190} INFO - Processing /home/airflow/sandbox/lib/python3.8/site-packages/airflow/example_dags/tutorial_etl_dag.py took 0.377 seconds
[2022-04-12 04:08:18,023] {scheduler_job.py:182} INFO - Started process (PID=84576) to work on /home/airflow/sandbox/lib/python3.8/site-packages/airflow/example_dags/tutorial_etl_dag.py
[2022-04-12 04:08:18,036] {scheduler_job.py:633} INFO - Processing file /home/airflow/sandbox/lib/python3.8/site-packages/airflow/example_dags/tutorial_etl_dag.py for tasks to queue
[2022-04-12 04:08:18,037] {logging_mixin.py:104} INFO - [2022-04-12 04:08:18,037] {dagbag.py:487} INFO - Filling up the DagBag from /home/airflow/sandbox/lib/python3.8/site-packages/airflow/example_dags/tutorial_etl_dag.py
[2022-04-12 04:08:18,064] {scheduler_job.py:643} INFO - DAG(s) dict_keys(['tutorial_etl_dag']) retrieved from /home/airflow/sandbox/lib/python3.8/site-packages/airflow/example_dags/tutorial_etl_dag.py
[2022-04-12 04:08:18,188] {logging_mixin.py:104} INFO - [2022-04-12 04:08:18,188] {dag.py:1832} INFO - Sync 1 DAGs
[2022-04-12 04:08:18,237] {logging_mixin.py:104} INFO - [2022-04-12 04:08:18,237] {dag.py:2305} INFO - Setting next_dagrun for tutorial_etl_dag to None
[2022-04-12 04:08:18,292] {scheduler_job.py:190} INFO - Processing /home/airflow/sandbox/lib/python3.8/site-packages/airflow/example_dags/tutorial_etl_dag.py took 0.276 seconds
[2022-04-12 04:08:48,642] {scheduler_job.py:182} INFO - Started process (PID=84775) to work on /home/airflow/sandbox/lib/python3.8/site-packages/airflow/example_dags/tutorial_etl_dag.py
[2022-04-12 04:08:48,644] {scheduler_job.py:633} INFO - Processing file /home/airflow/sandbox/lib/python3.8/site-packages/airflow/example_dags/tutorial_etl_dag.py for tasks to queue
[2022-04-12 04:08:48,646] {logging_mixin.py:104} INFO - [2022-04-12 04:08:48,646] {dagbag.py:487} INFO - Filling up the DagBag from /home/airflow/sandbox/lib/python3.8/site-packages/airflow/example_dags/tutorial_etl_dag.py
[2022-04-12 04:08:48,673] {scheduler_job.py:643} INFO - DAG(s) dict_keys(['tutorial_etl_dag']) retrieved from /home/airflow/sandbox/lib/python3.8/site-packages/airflow/example_dags/tutorial_etl_dag.py
[2022-04-12 04:08:48,783] {logging_mixin.py:104} INFO - [2022-04-12 04:08:48,783] {dag.py:1832} INFO - Sync 1 DAGs
[2022-04-12 04:08:48,836] {logging_mixin.py:104} INFO - [2022-04-12 04:08:48,836] {dag.py:2305} INFO - Setting next_dagrun for tutorial_etl_dag to None
[2022-04-12 04:08:48,920] {scheduler_job.py:190} INFO - Processing /home/airflow/sandbox/lib/python3.8/site-packages/airflow/example_dags/tutorial_etl_dag.py took 0.302 seconds
[2022-04-12 04:09:19,340] {scheduler_job.py:182} INFO - Started process (PID=85034) to work on /home/airflow/sandbox/lib/python3.8/site-packages/airflow/example_dags/tutorial_etl_dag.py
[2022-04-12 04:09:19,345] {scheduler_job.py:633} INFO - Processing file /home/airflow/sandbox/lib/python3.8/site-packages/airflow/example_dags/tutorial_etl_dag.py for tasks to queue
[2022-04-12 04:09:19,349] {logging_mixin.py:104} INFO - [2022-04-12 04:09:19,349] {dagbag.py:487} INFO - Filling up the DagBag from /home/airflow/sandbox/lib/python3.8/site-packages/airflow/example_dags/tutorial_etl_dag.py
[2022-04-12 04:09:19,386] {scheduler_job.py:643} INFO - DAG(s) dict_keys(['tutorial_etl_dag']) retrieved from /home/airflow/sandbox/lib/python3.8/site-packages/airflow/example_dags/tutorial_etl_dag.py
[2022-04-12 04:09:19,521] {logging_mixin.py:104} INFO - [2022-04-12 04:09:19,521] {dag.py:1832} INFO - Sync 1 DAGs
[2022-04-12 04:09:19,587] {logging_mixin.py:104} INFO - [2022-04-12 04:09:19,584] {dag.py:2305} INFO - Setting next_dagrun for tutorial_etl_dag to None
[2022-04-12 04:09:19,628] {scheduler_job.py:190} INFO - Processing /home/airflow/sandbox/lib/python3.8/site-packages/airflow/example_dags/tutorial_etl_dag.py took 0.295 seconds
[2022-04-12 04:14:53,174] {scheduler_job.py:182} INFO - Started process (PID=85638) to work on /home/airflow/sandbox/lib/python3.8/site-packages/airflow/example_dags/tutorial_etl_dag.py
[2022-04-12 04:14:53,196] {scheduler_job.py:633} INFO - Processing file /home/airflow/sandbox/lib/python3.8/site-packages/airflow/example_dags/tutorial_etl_dag.py for tasks to queue
[2022-04-12 04:14:53,198] {logging_mixin.py:104} INFO - [2022-04-12 04:14:53,198] {dagbag.py:487} INFO - Filling up the DagBag from /home/airflow/sandbox/lib/python3.8/site-packages/airflow/example_dags/tutorial_etl_dag.py
[2022-04-12 04:14:53,225] {scheduler_job.py:643} INFO - DAG(s) dict_keys(['tutorial_etl_dag']) retrieved from /home/airflow/sandbox/lib/python3.8/site-packages/airflow/example_dags/tutorial_etl_dag.py
[2022-04-12 04:14:53,379] {logging_mixin.py:104} INFO - [2022-04-12 04:14:53,379] {dag.py:1832} INFO - Sync 1 DAGs
[2022-04-12 04:14:53,465] {logging_mixin.py:104} INFO - [2022-04-12 04:14:53,465] {dag.py:2305} INFO - Setting next_dagrun for tutorial_etl_dag to None
[2022-04-12 04:14:53,878] {scheduler_job.py:190} INFO - Processing /home/airflow/sandbox/lib/python3.8/site-packages/airflow/example_dags/tutorial_etl_dag.py took 0.708 seconds
[2022-04-12 04:15:24,448] {scheduler_job.py:182} INFO - Started process (PID=85951) to work on /home/airflow/sandbox/lib/python3.8/site-packages/airflow/example_dags/tutorial_etl_dag.py
[2022-04-12 04:15:24,467] {scheduler_job.py:633} INFO - Processing file /home/airflow/sandbox/lib/python3.8/site-packages/airflow/example_dags/tutorial_etl_dag.py for tasks to queue
[2022-04-12 04:15:24,469] {logging_mixin.py:104} INFO - [2022-04-12 04:15:24,468] {dagbag.py:487} INFO - Filling up the DagBag from /home/airflow/sandbox/lib/python3.8/site-packages/airflow/example_dags/tutorial_etl_dag.py
[2022-04-12 04:15:24,516] {scheduler_job.py:643} INFO - DAG(s) dict_keys(['tutorial_etl_dag']) retrieved from /home/airflow/sandbox/lib/python3.8/site-packages/airflow/example_dags/tutorial_etl_dag.py
[2022-04-12 04:15:24,691] {logging_mixin.py:104} INFO - [2022-04-12 04:15:24,690] {dag.py:1832} INFO - Sync 1 DAGs
[2022-04-12 04:15:24,744] {logging_mixin.py:104} INFO - [2022-04-12 04:15:24,744] {dag.py:2305} INFO - Setting next_dagrun for tutorial_etl_dag to None
[2022-04-12 04:15:24,821] {scheduler_job.py:190} INFO - Processing /home/airflow/sandbox/lib/python3.8/site-packages/airflow/example_dags/tutorial_etl_dag.py took 0.381 seconds
[2022-04-12 04:15:55,375] {scheduler_job.py:182} INFO - Started process (PID=86328) to work on /home/airflow/sandbox/lib/python3.8/site-packages/airflow/example_dags/tutorial_etl_dag.py
[2022-04-12 04:15:55,393] {scheduler_job.py:633} INFO - Processing file /home/airflow/sandbox/lib/python3.8/site-packages/airflow/example_dags/tutorial_etl_dag.py for tasks to queue
[2022-04-12 04:15:55,394] {logging_mixin.py:104} INFO - [2022-04-12 04:15:55,394] {dagbag.py:487} INFO - Filling up the DagBag from /home/airflow/sandbox/lib/python3.8/site-packages/airflow/example_dags/tutorial_etl_dag.py
[2022-04-12 04:15:55,427] {scheduler_job.py:643} INFO - DAG(s) dict_keys(['tutorial_etl_dag']) retrieved from /home/airflow/sandbox/lib/python3.8/site-packages/airflow/example_dags/tutorial_etl_dag.py
[2022-04-12 04:15:55,589] {logging_mixin.py:104} INFO - [2022-04-12 04:15:55,589] {dag.py:1832} INFO - Sync 1 DAGs
[2022-04-12 04:15:55,721] {logging_mixin.py:104} INFO - [2022-04-12 04:15:55,721] {dag.py:2305} INFO - Setting next_dagrun for tutorial_etl_dag to None
[2022-04-12 04:15:55,795] {scheduler_job.py:190} INFO - Processing /home/airflow/sandbox/lib/python3.8/site-packages/airflow/example_dags/tutorial_etl_dag.py took 0.428 seconds
[2022-04-12 04:16:26,181] {scheduler_job.py:182} INFO - Started process (PID=86707) to work on /home/airflow/sandbox/lib/python3.8/site-packages/airflow/example_dags/tutorial_etl_dag.py
[2022-04-12 04:16:26,198] {scheduler_job.py:633} INFO - Processing file /home/airflow/sandbox/lib/python3.8/site-packages/airflow/example_dags/tutorial_etl_dag.py for tasks to queue
[2022-04-12 04:16:26,200] {logging_mixin.py:104} INFO - [2022-04-12 04:16:26,200] {dagbag.py:487} INFO - Filling up the DagBag from /home/airflow/sandbox/lib/python3.8/site-packages/airflow/example_dags/tutorial_etl_dag.py
[2022-04-12 04:16:26,230] {scheduler_job.py:643} INFO - DAG(s) dict_keys(['tutorial_etl_dag']) retrieved from /home/airflow/sandbox/lib/python3.8/site-packages/airflow/example_dags/tutorial_etl_dag.py
[2022-04-12 04:16:26,357] {logging_mixin.py:104} INFO - [2022-04-12 04:16:26,357] {dag.py:1832} INFO - Sync 1 DAGs
[2022-04-12 04:16:26,406] {logging_mixin.py:104} INFO - [2022-04-12 04:16:26,405] {dag.py:2305} INFO - Setting next_dagrun for tutorial_etl_dag to None
[2022-04-12 04:16:26,455] {scheduler_job.py:190} INFO - Processing /home/airflow/sandbox/lib/python3.8/site-packages/airflow/example_dags/tutorial_etl_dag.py took 0.281 seconds
[2022-04-12 04:16:57,507] {scheduler_job.py:182} INFO - Started process (PID=87097) to work on /home/airflow/sandbox/lib/python3.8/site-packages/airflow/example_dags/tutorial_etl_dag.py
[2022-04-12 04:16:57,512] {scheduler_job.py:633} INFO - Processing file /home/airflow/sandbox/lib/python3.8/site-packages/airflow/example_dags/tutorial_etl_dag.py for tasks to queue
[2022-04-12 04:16:57,513] {logging_mixin.py:104} INFO - [2022-04-12 04:16:57,513] {dagbag.py:487} INFO - Filling up the DagBag from /home/airflow/sandbox/lib/python3.8/site-packages/airflow/example_dags/tutorial_etl_dag.py
[2022-04-12 04:16:57,525] {scheduler_job.py:643} INFO - DAG(s) dict_keys(['tutorial_etl_dag']) retrieved from /home/airflow/sandbox/lib/python3.8/site-packages/airflow/example_dags/tutorial_etl_dag.py
[2022-04-12 04:16:57,609] {logging_mixin.py:104} INFO - [2022-04-12 04:16:57,608] {dag.py:1832} INFO - Sync 1 DAGs
[2022-04-12 04:16:57,647] {logging_mixin.py:104} INFO - [2022-04-12 04:16:57,647] {dag.py:2305} INFO - Setting next_dagrun for tutorial_etl_dag to None
[2022-04-12 04:16:57,684] {scheduler_job.py:190} INFO - Processing /home/airflow/sandbox/lib/python3.8/site-packages/airflow/example_dags/tutorial_etl_dag.py took 0.185 seconds
[2022-04-12 04:17:28,260] {scheduler_job.py:182} INFO - Started process (PID=87492) to work on /home/airflow/sandbox/lib/python3.8/site-packages/airflow/example_dags/tutorial_etl_dag.py
[2022-04-12 04:17:28,274] {scheduler_job.py:633} INFO - Processing file /home/airflow/sandbox/lib/python3.8/site-packages/airflow/example_dags/tutorial_etl_dag.py for tasks to queue
[2022-04-12 04:17:28,276] {logging_mixin.py:104} INFO - [2022-04-12 04:17:28,276] {dagbag.py:487} INFO - Filling up the DagBag from /home/airflow/sandbox/lib/python3.8/site-packages/airflow/example_dags/tutorial_etl_dag.py
[2022-04-12 04:17:28,306] {scheduler_job.py:643} INFO - DAG(s) dict_keys(['tutorial_etl_dag']) retrieved from /home/airflow/sandbox/lib/python3.8/site-packages/airflow/example_dags/tutorial_etl_dag.py
[2022-04-12 04:17:28,410] {logging_mixin.py:104} INFO - [2022-04-12 04:17:28,410] {dag.py:1832} INFO - Sync 1 DAGs
[2022-04-12 04:17:28,477] {logging_mixin.py:104} INFO - [2022-04-12 04:17:28,476] {dag.py:2305} INFO - Setting next_dagrun for tutorial_etl_dag to None
[2022-04-12 04:17:28,735] {scheduler_job.py:190} INFO - Processing /home/airflow/sandbox/lib/python3.8/site-packages/airflow/example_dags/tutorial_etl_dag.py took 0.483 seconds
[2022-04-12 04:18:01,349] {scheduler_job.py:182} INFO - Started process (PID=87876) to work on /home/airflow/sandbox/lib/python3.8/site-packages/airflow/example_dags/tutorial_etl_dag.py
[2022-04-12 04:18:01,383] {scheduler_job.py:633} INFO - Processing file /home/airflow/sandbox/lib/python3.8/site-packages/airflow/example_dags/tutorial_etl_dag.py for tasks to queue
[2022-04-12 04:18:01,387] {logging_mixin.py:104} INFO - [2022-04-12 04:18:01,387] {dagbag.py:487} INFO - Filling up the DagBag from /home/airflow/sandbox/lib/python3.8/site-packages/airflow/example_dags/tutorial_etl_dag.py
[2022-04-12 04:18:01,468] {scheduler_job.py:643} INFO - DAG(s) dict_keys(['tutorial_etl_dag']) retrieved from /home/airflow/sandbox/lib/python3.8/site-packages/airflow/example_dags/tutorial_etl_dag.py
[2022-04-12 04:18:01,835] {logging_mixin.py:104} INFO - [2022-04-12 04:18:01,834] {dag.py:1832} INFO - Sync 1 DAGs
[2022-04-12 04:18:01,918] {logging_mixin.py:104} INFO - [2022-04-12 04:18:01,918] {dag.py:2305} INFO - Setting next_dagrun for tutorial_etl_dag to None
[2022-04-12 04:18:02,057] {scheduler_job.py:190} INFO - Processing /home/airflow/sandbox/lib/python3.8/site-packages/airflow/example_dags/tutorial_etl_dag.py took 0.757 seconds
[2022-04-12 04:18:32,550] {scheduler_job.py:182} INFO - Started process (PID=88278) to work on /home/airflow/sandbox/lib/python3.8/site-packages/airflow/example_dags/tutorial_etl_dag.py
[2022-04-12 04:18:32,605] {scheduler_job.py:633} INFO - Processing file /home/airflow/sandbox/lib/python3.8/site-packages/airflow/example_dags/tutorial_etl_dag.py for tasks to queue
[2022-04-12 04:18:32,610] {logging_mixin.py:104} INFO - [2022-04-12 04:18:32,610] {dagbag.py:487} INFO - Filling up the DagBag from /home/airflow/sandbox/lib/python3.8/site-packages/airflow/example_dags/tutorial_etl_dag.py
[2022-04-12 04:18:32,683] {scheduler_job.py:643} INFO - DAG(s) dict_keys(['tutorial_etl_dag']) retrieved from /home/airflow/sandbox/lib/python3.8/site-packages/airflow/example_dags/tutorial_etl_dag.py
[2022-04-12 04:18:32,867] {logging_mixin.py:104} INFO - [2022-04-12 04:18:32,867] {dag.py:1832} INFO - Sync 1 DAGs
[2022-04-12 04:18:32,937] {logging_mixin.py:104} INFO - [2022-04-12 04:18:32,937] {dag.py:2305} INFO - Setting next_dagrun for tutorial_etl_dag to None
[2022-04-12 04:18:33,040] {scheduler_job.py:190} INFO - Processing /home/airflow/sandbox/lib/python3.8/site-packages/airflow/example_dags/tutorial_etl_dag.py took 0.497 seconds
[2022-04-12 04:19:03,139] {scheduler_job.py:182} INFO - Started process (PID=88656) to work on /home/airflow/sandbox/lib/python3.8/site-packages/airflow/example_dags/tutorial_etl_dag.py
[2022-04-12 04:19:03,155] {scheduler_job.py:633} INFO - Processing file /home/airflow/sandbox/lib/python3.8/site-packages/airflow/example_dags/tutorial_etl_dag.py for tasks to queue
[2022-04-12 04:19:03,156] {logging_mixin.py:104} INFO - [2022-04-12 04:19:03,156] {dagbag.py:487} INFO - Filling up the DagBag from /home/airflow/sandbox/lib/python3.8/site-packages/airflow/example_dags/tutorial_etl_dag.py
[2022-04-12 04:19:03,195] {scheduler_job.py:643} INFO - DAG(s) dict_keys(['tutorial_etl_dag']) retrieved from /home/airflow/sandbox/lib/python3.8/site-packages/airflow/example_dags/tutorial_etl_dag.py
[2022-04-12 04:19:03,362] {logging_mixin.py:104} INFO - [2022-04-12 04:19:03,361] {dag.py:1832} INFO - Sync 1 DAGs
[2022-04-12 04:19:03,405] {logging_mixin.py:104} INFO - [2022-04-12 04:19:03,405] {dag.py:2305} INFO - Setting next_dagrun for tutorial_etl_dag to None
[2022-04-12 04:19:03,428] {scheduler_job.py:190} INFO - Processing /home/airflow/sandbox/lib/python3.8/site-packages/airflow/example_dags/tutorial_etl_dag.py took 0.308 seconds
[2022-04-12 04:19:33,665] {scheduler_job.py:182} INFO - Started process (PID=89032) to work on /home/airflow/sandbox/lib/python3.8/site-packages/airflow/example_dags/tutorial_etl_dag.py
[2022-04-12 04:19:33,668] {scheduler_job.py:633} INFO - Processing file /home/airflow/sandbox/lib/python3.8/site-packages/airflow/example_dags/tutorial_etl_dag.py for tasks to queue
[2022-04-12 04:19:33,670] {logging_mixin.py:104} INFO - [2022-04-12 04:19:33,670] {dagbag.py:487} INFO - Filling up the DagBag from /home/airflow/sandbox/lib/python3.8/site-packages/airflow/example_dags/tutorial_etl_dag.py
[2022-04-12 04:19:33,711] {scheduler_job.py:643} INFO - DAG(s) dict_keys(['tutorial_etl_dag']) retrieved from /home/airflow/sandbox/lib/python3.8/site-packages/airflow/example_dags/tutorial_etl_dag.py
[2022-04-12 04:19:33,843] {logging_mixin.py:104} INFO - [2022-04-12 04:19:33,843] {dag.py:1832} INFO - Sync 1 DAGs
[2022-04-12 04:19:33,903] {logging_mixin.py:104} INFO - [2022-04-12 04:19:33,903] {dag.py:2305} INFO - Setting next_dagrun for tutorial_etl_dag to None
[2022-04-12 04:19:34,040] {scheduler_job.py:190} INFO - Processing /home/airflow/sandbox/lib/python3.8/site-packages/airflow/example_dags/tutorial_etl_dag.py took 0.410 seconds
[2022-04-12 04:20:04,598] {scheduler_job.py:182} INFO - Started process (PID=89652) to work on /home/airflow/sandbox/lib/python3.8/site-packages/airflow/example_dags/tutorial_etl_dag.py
[2022-04-12 04:20:04,601] {scheduler_job.py:633} INFO - Processing file /home/airflow/sandbox/lib/python3.8/site-packages/airflow/example_dags/tutorial_etl_dag.py for tasks to queue
[2022-04-12 04:20:04,602] {logging_mixin.py:104} INFO - [2022-04-12 04:20:04,602] {dagbag.py:487} INFO - Filling up the DagBag from /home/airflow/sandbox/lib/python3.8/site-packages/airflow/example_dags/tutorial_etl_dag.py
[2022-04-12 04:20:04,619] {scheduler_job.py:643} INFO - DAG(s) dict_keys(['tutorial_etl_dag']) retrieved from /home/airflow/sandbox/lib/python3.8/site-packages/airflow/example_dags/tutorial_etl_dag.py
[2022-04-12 04:20:04,740] {logging_mixin.py:104} INFO - [2022-04-12 04:20:04,739] {dag.py:1832} INFO - Sync 1 DAGs
[2022-04-12 04:20:04,778] {logging_mixin.py:104} INFO - [2022-04-12 04:20:04,777] {dag.py:2305} INFO - Setting next_dagrun for tutorial_etl_dag to None
[2022-04-12 04:20:04,852] {scheduler_job.py:190} INFO - Processing /home/airflow/sandbox/lib/python3.8/site-packages/airflow/example_dags/tutorial_etl_dag.py took 0.263 seconds
[2022-04-12 04:20:35,361] {scheduler_job.py:182} INFO - Started process (PID=90031) to work on /home/airflow/sandbox/lib/python3.8/site-packages/airflow/example_dags/tutorial_etl_dag.py
[2022-04-12 04:20:35,368] {scheduler_job.py:633} INFO - Processing file /home/airflow/sandbox/lib/python3.8/site-packages/airflow/example_dags/tutorial_etl_dag.py for tasks to queue
[2022-04-12 04:20:35,378] {logging_mixin.py:104} INFO - [2022-04-12 04:20:35,378] {dagbag.py:487} INFO - Filling up the DagBag from /home/airflow/sandbox/lib/python3.8/site-packages/airflow/example_dags/tutorial_etl_dag.py
[2022-04-12 04:20:35,396] {scheduler_job.py:643} INFO - DAG(s) dict_keys(['tutorial_etl_dag']) retrieved from /home/airflow/sandbox/lib/python3.8/site-packages/airflow/example_dags/tutorial_etl_dag.py
[2022-04-12 04:20:35,582] {logging_mixin.py:104} INFO - [2022-04-12 04:20:35,581] {dag.py:1832} INFO - Sync 1 DAGs
[2022-04-12 04:20:35,733] {logging_mixin.py:104} INFO - [2022-04-12 04:20:35,733] {dag.py:2305} INFO - Setting next_dagrun for tutorial_etl_dag to None
[2022-04-12 04:20:36,029] {scheduler_job.py:190} INFO - Processing /home/airflow/sandbox/lib/python3.8/site-packages/airflow/example_dags/tutorial_etl_dag.py took 0.690 seconds
[2022-04-12 04:21:06,812] {scheduler_job.py:182} INFO - Started process (PID=90258) to work on /home/airflow/sandbox/lib/python3.8/site-packages/airflow/example_dags/tutorial_etl_dag.py
[2022-04-12 04:21:06,815] {scheduler_job.py:633} INFO - Processing file /home/airflow/sandbox/lib/python3.8/site-packages/airflow/example_dags/tutorial_etl_dag.py for tasks to queue
[2022-04-12 04:21:06,818] {logging_mixin.py:104} INFO - [2022-04-12 04:21:06,818] {dagbag.py:487} INFO - Filling up the DagBag from /home/airflow/sandbox/lib/python3.8/site-packages/airflow/example_dags/tutorial_etl_dag.py
[2022-04-12 04:21:06,842] {scheduler_job.py:643} INFO - DAG(s) dict_keys(['tutorial_etl_dag']) retrieved from /home/airflow/sandbox/lib/python3.8/site-packages/airflow/example_dags/tutorial_etl_dag.py
[2022-04-12 04:21:06,939] {logging_mixin.py:104} INFO - [2022-04-12 04:21:06,939] {dag.py:1832} INFO - Sync 1 DAGs
[2022-04-12 04:21:07,000] {logging_mixin.py:104} INFO - [2022-04-12 04:21:06,999] {dag.py:2305} INFO - Setting next_dagrun for tutorial_etl_dag to None
[2022-04-12 04:21:07,156] {scheduler_job.py:190} INFO - Processing /home/airflow/sandbox/lib/python3.8/site-packages/airflow/example_dags/tutorial_etl_dag.py took 0.357 seconds
[2022-04-12 04:21:37,838] {scheduler_job.py:182} INFO - Started process (PID=90457) to work on /home/airflow/sandbox/lib/python3.8/site-packages/airflow/example_dags/tutorial_etl_dag.py
[2022-04-12 04:21:37,847] {scheduler_job.py:633} INFO - Processing file /home/airflow/sandbox/lib/python3.8/site-packages/airflow/example_dags/tutorial_etl_dag.py for tasks to queue
[2022-04-12 04:21:37,850] {logging_mixin.py:104} INFO - [2022-04-12 04:21:37,849] {dagbag.py:487} INFO - Filling up the DagBag from /home/airflow/sandbox/lib/python3.8/site-packages/airflow/example_dags/tutorial_etl_dag.py
[2022-04-12 04:21:37,879] {scheduler_job.py:643} INFO - DAG(s) dict_keys(['tutorial_etl_dag']) retrieved from /home/airflow/sandbox/lib/python3.8/site-packages/airflow/example_dags/tutorial_etl_dag.py
[2022-04-12 04:21:37,974] {logging_mixin.py:104} INFO - [2022-04-12 04:21:37,974] {dag.py:1832} INFO - Sync 1 DAGs
[2022-04-12 04:21:38,029] {logging_mixin.py:104} INFO - [2022-04-12 04:21:38,028] {dag.py:2305} INFO - Setting next_dagrun for tutorial_etl_dag to None
[2022-04-12 04:21:38,074] {scheduler_job.py:190} INFO - Processing /home/airflow/sandbox/lib/python3.8/site-packages/airflow/example_dags/tutorial_etl_dag.py took 0.248 seconds
[2022-04-12 04:22:08,454] {scheduler_job.py:182} INFO - Started process (PID=90746) to work on /home/airflow/sandbox/lib/python3.8/site-packages/airflow/example_dags/tutorial_etl_dag.py
[2022-04-12 04:22:08,458] {scheduler_job.py:633} INFO - Processing file /home/airflow/sandbox/lib/python3.8/site-packages/airflow/example_dags/tutorial_etl_dag.py for tasks to queue
[2022-04-12 04:22:08,460] {logging_mixin.py:104} INFO - [2022-04-12 04:22:08,460] {dagbag.py:487} INFO - Filling up the DagBag from /home/airflow/sandbox/lib/python3.8/site-packages/airflow/example_dags/tutorial_etl_dag.py
[2022-04-12 04:22:08,488] {scheduler_job.py:643} INFO - DAG(s) dict_keys(['tutorial_etl_dag']) retrieved from /home/airflow/sandbox/lib/python3.8/site-packages/airflow/example_dags/tutorial_etl_dag.py
[2022-04-12 04:22:08,633] {logging_mixin.py:104} INFO - [2022-04-12 04:22:08,632] {dag.py:1832} INFO - Sync 1 DAGs
[2022-04-12 04:22:08,678] {logging_mixin.py:104} INFO - [2022-04-12 04:22:08,677] {dag.py:2305} INFO - Setting next_dagrun for tutorial_etl_dag to None
[2022-04-12 04:22:08,734] {scheduler_job.py:190} INFO - Processing /home/airflow/sandbox/lib/python3.8/site-packages/airflow/example_dags/tutorial_etl_dag.py took 0.295 seconds
[2022-04-12 04:22:39,507] {scheduler_job.py:182} INFO - Started process (PID=91018) to work on /home/airflow/sandbox/lib/python3.8/site-packages/airflow/example_dags/tutorial_etl_dag.py
[2022-04-12 04:22:39,512] {scheduler_job.py:633} INFO - Processing file /home/airflow/sandbox/lib/python3.8/site-packages/airflow/example_dags/tutorial_etl_dag.py for tasks to queue
[2022-04-12 04:22:39,516] {logging_mixin.py:104} INFO - [2022-04-12 04:22:39,515] {dagbag.py:487} INFO - Filling up the DagBag from /home/airflow/sandbox/lib/python3.8/site-packages/airflow/example_dags/tutorial_etl_dag.py
[2022-04-12 04:22:39,543] {scheduler_job.py:643} INFO - DAG(s) dict_keys(['tutorial_etl_dag']) retrieved from /home/airflow/sandbox/lib/python3.8/site-packages/airflow/example_dags/tutorial_etl_dag.py
[2022-04-12 04:22:39,652] {logging_mixin.py:104} INFO - [2022-04-12 04:22:39,652] {dag.py:1832} INFO - Sync 1 DAGs
[2022-04-12 04:22:39,717] {logging_mixin.py:104} INFO - [2022-04-12 04:22:39,717] {dag.py:2305} INFO - Setting next_dagrun for tutorial_etl_dag to None
[2022-04-12 04:22:39,816] {scheduler_job.py:190} INFO - Processing /home/airflow/sandbox/lib/python3.8/site-packages/airflow/example_dags/tutorial_etl_dag.py took 0.323 seconds
[2022-04-12 04:23:11,549] {scheduler_job.py:182} INFO - Started process (PID=91215) to work on /home/airflow/sandbox/lib/python3.8/site-packages/airflow/example_dags/tutorial_etl_dag.py
[2022-04-12 04:23:11,553] {scheduler_job.py:633} INFO - Processing file /home/airflow/sandbox/lib/python3.8/site-packages/airflow/example_dags/tutorial_etl_dag.py for tasks to queue
[2022-04-12 04:23:11,555] {logging_mixin.py:104} INFO - [2022-04-12 04:23:11,555] {dagbag.py:487} INFO - Filling up the DagBag from /home/airflow/sandbox/lib/python3.8/site-packages/airflow/example_dags/tutorial_etl_dag.py
[2022-04-12 04:23:11,571] {scheduler_job.py:643} INFO - DAG(s) dict_keys(['tutorial_etl_dag']) retrieved from /home/airflow/sandbox/lib/python3.8/site-packages/airflow/example_dags/tutorial_etl_dag.py
[2022-04-12 04:23:11,632] {logging_mixin.py:104} INFO - [2022-04-12 04:23:11,630] {dag.py:1832} INFO - Sync 1 DAGs
[2022-04-12 04:23:11,716] {logging_mixin.py:104} INFO - [2022-04-12 04:23:11,716] {dag.py:2305} INFO - Setting next_dagrun for tutorial_etl_dag to None
[2022-04-12 04:23:11,865] {scheduler_job.py:190} INFO - Processing /home/airflow/sandbox/lib/python3.8/site-packages/airflow/example_dags/tutorial_etl_dag.py took 0.325 seconds
[2022-04-12 04:23:44,872] {scheduler_job.py:182} INFO - Started process (PID=91415) to work on /home/airflow/sandbox/lib/python3.8/site-packages/airflow/example_dags/tutorial_etl_dag.py
[2022-04-12 04:23:44,890] {scheduler_job.py:633} INFO - Processing file /home/airflow/sandbox/lib/python3.8/site-packages/airflow/example_dags/tutorial_etl_dag.py for tasks to queue
[2022-04-12 04:23:44,892] {logging_mixin.py:104} INFO - [2022-04-12 04:23:44,892] {dagbag.py:487} INFO - Filling up the DagBag from /home/airflow/sandbox/lib/python3.8/site-packages/airflow/example_dags/tutorial_etl_dag.py
[2022-04-12 04:23:44,983] {scheduler_job.py:643} INFO - DAG(s) dict_keys(['tutorial_etl_dag']) retrieved from /home/airflow/sandbox/lib/python3.8/site-packages/airflow/example_dags/tutorial_etl_dag.py
[2022-04-12 04:23:45,235] {logging_mixin.py:104} INFO - [2022-04-12 04:23:45,235] {dag.py:1832} INFO - Sync 1 DAGs
[2022-04-12 04:23:45,289] {logging_mixin.py:104} INFO - [2022-04-12 04:23:45,288] {dag.py:2305} INFO - Setting next_dagrun for tutorial_etl_dag to None
[2022-04-12 04:23:45,432] {scheduler_job.py:190} INFO - Processing /home/airflow/sandbox/lib/python3.8/site-packages/airflow/example_dags/tutorial_etl_dag.py took 0.586 seconds
[2022-04-12 04:24:17,784] {scheduler_job.py:182} INFO - Started process (PID=91608) to work on /home/airflow/sandbox/lib/python3.8/site-packages/airflow/example_dags/tutorial_etl_dag.py
[2022-04-12 04:24:17,792] {scheduler_job.py:633} INFO - Processing file /home/airflow/sandbox/lib/python3.8/site-packages/airflow/example_dags/tutorial_etl_dag.py for tasks to queue
[2022-04-12 04:24:17,795] {logging_mixin.py:104} INFO - [2022-04-12 04:24:17,794] {dagbag.py:487} INFO - Filling up the DagBag from /home/airflow/sandbox/lib/python3.8/site-packages/airflow/example_dags/tutorial_etl_dag.py
[2022-04-12 04:24:17,876] {scheduler_job.py:643} INFO - DAG(s) dict_keys(['tutorial_etl_dag']) retrieved from /home/airflow/sandbox/lib/python3.8/site-packages/airflow/example_dags/tutorial_etl_dag.py
[2022-04-12 04:24:18,092] {logging_mixin.py:104} INFO - [2022-04-12 04:24:18,091] {dag.py:1832} INFO - Sync 1 DAGs
[2022-04-12 04:24:18,256] {logging_mixin.py:104} INFO - [2022-04-12 04:24:18,256] {dag.py:2305} INFO - Setting next_dagrun for tutorial_etl_dag to None
[2022-04-12 04:24:18,475] {scheduler_job.py:190} INFO - Processing /home/airflow/sandbox/lib/python3.8/site-packages/airflow/example_dags/tutorial_etl_dag.py took 0.707 seconds
[2022-04-12 04:24:50,779] {scheduler_job.py:182} INFO - Started process (PID=92046) to work on /home/airflow/sandbox/lib/python3.8/site-packages/airflow/example_dags/tutorial_etl_dag.py
[2022-04-12 04:24:50,785] {scheduler_job.py:633} INFO - Processing file /home/airflow/sandbox/lib/python3.8/site-packages/airflow/example_dags/tutorial_etl_dag.py for tasks to queue
[2022-04-12 04:24:50,797] {logging_mixin.py:104} INFO - [2022-04-12 04:24:50,797] {dagbag.py:487} INFO - Filling up the DagBag from /home/airflow/sandbox/lib/python3.8/site-packages/airflow/example_dags/tutorial_etl_dag.py
[2022-04-12 04:24:50,839] {scheduler_job.py:643} INFO - DAG(s) dict_keys(['tutorial_etl_dag']) retrieved from /home/airflow/sandbox/lib/python3.8/site-packages/airflow/example_dags/tutorial_etl_dag.py
[2022-04-12 04:24:51,025] {logging_mixin.py:104} INFO - [2022-04-12 04:24:51,025] {dag.py:1832} INFO - Sync 1 DAGs
[2022-04-12 04:24:51,163] {logging_mixin.py:104} INFO - [2022-04-12 04:24:51,163] {dag.py:2305} INFO - Setting next_dagrun for tutorial_etl_dag to None
[2022-04-12 04:24:51,322] {scheduler_job.py:190} INFO - Processing /home/airflow/sandbox/lib/python3.8/site-packages/airflow/example_dags/tutorial_etl_dag.py took 0.585 seconds
[2022-04-12 04:25:21,731] {scheduler_job.py:182} INFO - Started process (PID=92241) to work on /home/airflow/sandbox/lib/python3.8/site-packages/airflow/example_dags/tutorial_etl_dag.py
[2022-04-12 04:25:21,755] {scheduler_job.py:633} INFO - Processing file /home/airflow/sandbox/lib/python3.8/site-packages/airflow/example_dags/tutorial_etl_dag.py for tasks to queue
[2022-04-12 04:25:21,757] {logging_mixin.py:104} INFO - [2022-04-12 04:25:21,757] {dagbag.py:487} INFO - Filling up the DagBag from /home/airflow/sandbox/lib/python3.8/site-packages/airflow/example_dags/tutorial_etl_dag.py
[2022-04-12 04:25:21,842] {scheduler_job.py:643} INFO - DAG(s) dict_keys(['tutorial_etl_dag']) retrieved from /home/airflow/sandbox/lib/python3.8/site-packages/airflow/example_dags/tutorial_etl_dag.py
[2022-04-12 04:25:22,091] {logging_mixin.py:104} INFO - [2022-04-12 04:25:22,091] {dag.py:1832} INFO - Sync 1 DAGs
[2022-04-12 04:25:22,224] {logging_mixin.py:104} INFO - [2022-04-12 04:25:22,223] {dag.py:2305} INFO - Setting next_dagrun for tutorial_etl_dag to None
[2022-04-12 04:25:22,619] {scheduler_job.py:190} INFO - Processing /home/airflow/sandbox/lib/python3.8/site-packages/airflow/example_dags/tutorial_etl_dag.py took 0.913 seconds
[2022-04-12 04:25:52,927] {scheduler_job.py:182} INFO - Started process (PID=92441) to work on /home/airflow/sandbox/lib/python3.8/site-packages/airflow/example_dags/tutorial_etl_dag.py
[2022-04-12 04:25:52,972] {scheduler_job.py:633} INFO - Processing file /home/airflow/sandbox/lib/python3.8/site-packages/airflow/example_dags/tutorial_etl_dag.py for tasks to queue
[2022-04-12 04:25:52,977] {logging_mixin.py:104} INFO - [2022-04-12 04:25:52,976] {dagbag.py:487} INFO - Filling up the DagBag from /home/airflow/sandbox/lib/python3.8/site-packages/airflow/example_dags/tutorial_etl_dag.py
[2022-04-12 04:25:53,072] {scheduler_job.py:643} INFO - DAG(s) dict_keys(['tutorial_etl_dag']) retrieved from /home/airflow/sandbox/lib/python3.8/site-packages/airflow/example_dags/tutorial_etl_dag.py
[2022-04-12 04:25:53,452] {logging_mixin.py:104} INFO - [2022-04-12 04:25:53,451] {dag.py:1832} INFO - Sync 1 DAGs
[2022-04-12 04:25:53,609] {logging_mixin.py:104} INFO - [2022-04-12 04:25:53,609] {dag.py:2305} INFO - Setting next_dagrun for tutorial_etl_dag to None
[2022-04-12 04:25:53,918] {scheduler_job.py:190} INFO - Processing /home/airflow/sandbox/lib/python3.8/site-packages/airflow/example_dags/tutorial_etl_dag.py took 1.017 seconds
[2022-04-12 04:26:24,496] {scheduler_job.py:182} INFO - Started process (PID=92640) to work on /home/airflow/sandbox/lib/python3.8/site-packages/airflow/example_dags/tutorial_etl_dag.py
[2022-04-12 04:26:24,529] {scheduler_job.py:633} INFO - Processing file /home/airflow/sandbox/lib/python3.8/site-packages/airflow/example_dags/tutorial_etl_dag.py for tasks to queue
[2022-04-12 04:26:24,532] {logging_mixin.py:104} INFO - [2022-04-12 04:26:24,532] {dagbag.py:487} INFO - Filling up the DagBag from /home/airflow/sandbox/lib/python3.8/site-packages/airflow/example_dags/tutorial_etl_dag.py
[2022-04-12 04:26:24,579] {scheduler_job.py:643} INFO - DAG(s) dict_keys(['tutorial_etl_dag']) retrieved from /home/airflow/sandbox/lib/python3.8/site-packages/airflow/example_dags/tutorial_etl_dag.py
[2022-04-12 04:26:24,767] {logging_mixin.py:104} INFO - [2022-04-12 04:26:24,767] {dag.py:1832} INFO - Sync 1 DAGs
[2022-04-12 04:26:24,847] {logging_mixin.py:104} INFO - [2022-04-12 04:26:24,847] {dag.py:2305} INFO - Setting next_dagrun for tutorial_etl_dag to None
[2022-04-12 04:26:24,925] {scheduler_job.py:190} INFO - Processing /home/airflow/sandbox/lib/python3.8/site-packages/airflow/example_dags/tutorial_etl_dag.py took 0.469 seconds
[2022-04-12 04:26:55,095] {scheduler_job.py:182} INFO - Started process (PID=92840) to work on /home/airflow/sandbox/lib/python3.8/site-packages/airflow/example_dags/tutorial_etl_dag.py
[2022-04-12 04:26:55,108] {scheduler_job.py:633} INFO - Processing file /home/airflow/sandbox/lib/python3.8/site-packages/airflow/example_dags/tutorial_etl_dag.py for tasks to queue
[2022-04-12 04:26:55,113] {logging_mixin.py:104} INFO - [2022-04-12 04:26:55,113] {dagbag.py:487} INFO - Filling up the DagBag from /home/airflow/sandbox/lib/python3.8/site-packages/airflow/example_dags/tutorial_etl_dag.py
[2022-04-12 04:26:55,204] {scheduler_job.py:643} INFO - DAG(s) dict_keys(['tutorial_etl_dag']) retrieved from /home/airflow/sandbox/lib/python3.8/site-packages/airflow/example_dags/tutorial_etl_dag.py
[2022-04-12 04:26:55,521] {logging_mixin.py:104} INFO - [2022-04-12 04:26:55,521] {dag.py:1832} INFO - Sync 1 DAGs
[2022-04-12 04:26:55,752] {logging_mixin.py:104} INFO - [2022-04-12 04:26:55,751] {dag.py:2305} INFO - Setting next_dagrun for tutorial_etl_dag to None
[2022-04-12 04:26:56,039] {scheduler_job.py:190} INFO - Processing /home/airflow/sandbox/lib/python3.8/site-packages/airflow/example_dags/tutorial_etl_dag.py took 0.977 seconds
[2022-04-12 04:27:26,456] {scheduler_job.py:182} INFO - Started process (PID=93043) to work on /home/airflow/sandbox/lib/python3.8/site-packages/airflow/example_dags/tutorial_etl_dag.py
[2022-04-12 04:27:26,461] {scheduler_job.py:633} INFO - Processing file /home/airflow/sandbox/lib/python3.8/site-packages/airflow/example_dags/tutorial_etl_dag.py for tasks to queue
[2022-04-12 04:27:26,464] {logging_mixin.py:104} INFO - [2022-04-12 04:27:26,463] {dagbag.py:487} INFO - Filling up the DagBag from /home/airflow/sandbox/lib/python3.8/site-packages/airflow/example_dags/tutorial_etl_dag.py
[2022-04-12 04:27:26,512] {scheduler_job.py:643} INFO - DAG(s) dict_keys(['tutorial_etl_dag']) retrieved from /home/airflow/sandbox/lib/python3.8/site-packages/airflow/example_dags/tutorial_etl_dag.py
[2022-04-12 04:27:26,617] {logging_mixin.py:104} INFO - [2022-04-12 04:27:26,617] {dag.py:1832} INFO - Sync 1 DAGs
[2022-04-12 04:27:26,722] {logging_mixin.py:104} INFO - [2022-04-12 04:27:26,721] {dag.py:2305} INFO - Setting next_dagrun for tutorial_etl_dag to None
[2022-04-12 04:27:26,819] {scheduler_job.py:190} INFO - Processing /home/airflow/sandbox/lib/python3.8/site-packages/airflow/example_dags/tutorial_etl_dag.py took 0.376 seconds
[2022-04-12 04:27:57,453] {scheduler_job.py:182} INFO - Started process (PID=93240) to work on /home/airflow/sandbox/lib/python3.8/site-packages/airflow/example_dags/tutorial_etl_dag.py
[2022-04-12 04:27:57,462] {scheduler_job.py:633} INFO - Processing file /home/airflow/sandbox/lib/python3.8/site-packages/airflow/example_dags/tutorial_etl_dag.py for tasks to queue
[2022-04-12 04:27:57,470] {logging_mixin.py:104} INFO - [2022-04-12 04:27:57,470] {dagbag.py:487} INFO - Filling up the DagBag from /home/airflow/sandbox/lib/python3.8/site-packages/airflow/example_dags/tutorial_etl_dag.py
[2022-04-12 04:27:57,488] {scheduler_job.py:643} INFO - DAG(s) dict_keys(['tutorial_etl_dag']) retrieved from /home/airflow/sandbox/lib/python3.8/site-packages/airflow/example_dags/tutorial_etl_dag.py
[2022-04-12 04:27:57,666] {logging_mixin.py:104} INFO - [2022-04-12 04:27:57,666] {dag.py:1832} INFO - Sync 1 DAGs
[2022-04-12 04:27:57,743] {logging_mixin.py:104} INFO - [2022-04-12 04:27:57,742] {dag.py:2305} INFO - Setting next_dagrun for tutorial_etl_dag to None
[2022-04-12 04:27:58,001] {scheduler_job.py:190} INFO - Processing /home/airflow/sandbox/lib/python3.8/site-packages/airflow/example_dags/tutorial_etl_dag.py took 0.576 seconds
[2022-04-12 04:28:28,186] {scheduler_job.py:182} INFO - Started process (PID=93435) to work on /home/airflow/sandbox/lib/python3.8/site-packages/airflow/example_dags/tutorial_etl_dag.py
[2022-04-12 04:28:28,190] {scheduler_job.py:633} INFO - Processing file /home/airflow/sandbox/lib/python3.8/site-packages/airflow/example_dags/tutorial_etl_dag.py for tasks to queue
[2022-04-12 04:28:28,193] {logging_mixin.py:104} INFO - [2022-04-12 04:28:28,193] {dagbag.py:487} INFO - Filling up the DagBag from /home/airflow/sandbox/lib/python3.8/site-packages/airflow/example_dags/tutorial_etl_dag.py
[2022-04-12 04:28:28,263] {scheduler_job.py:643} INFO - DAG(s) dict_keys(['tutorial_etl_dag']) retrieved from /home/airflow/sandbox/lib/python3.8/site-packages/airflow/example_dags/tutorial_etl_dag.py
[2022-04-12 04:28:28,581] {logging_mixin.py:104} INFO - [2022-04-12 04:28:28,580] {dag.py:1832} INFO - Sync 1 DAGs
[2022-04-12 04:28:28,684] {logging_mixin.py:104} INFO - [2022-04-12 04:28:28,683] {dag.py:2305} INFO - Setting next_dagrun for tutorial_etl_dag to None
[2022-04-12 04:28:28,763] {scheduler_job.py:190} INFO - Processing /home/airflow/sandbox/lib/python3.8/site-packages/airflow/example_dags/tutorial_etl_dag.py took 0.587 seconds
[2022-04-12 04:28:59,163] {scheduler_job.py:182} INFO - Started process (PID=93630) to work on /home/airflow/sandbox/lib/python3.8/site-packages/airflow/example_dags/tutorial_etl_dag.py
[2022-04-12 04:28:59,172] {scheduler_job.py:633} INFO - Processing file /home/airflow/sandbox/lib/python3.8/site-packages/airflow/example_dags/tutorial_etl_dag.py for tasks to queue
[2022-04-12 04:28:59,181] {logging_mixin.py:104} INFO - [2022-04-12 04:28:59,181] {dagbag.py:487} INFO - Filling up the DagBag from /home/airflow/sandbox/lib/python3.8/site-packages/airflow/example_dags/tutorial_etl_dag.py
[2022-04-12 04:28:59,222] {scheduler_job.py:643} INFO - DAG(s) dict_keys(['tutorial_etl_dag']) retrieved from /home/airflow/sandbox/lib/python3.8/site-packages/airflow/example_dags/tutorial_etl_dag.py
[2022-04-12 04:28:59,360] {logging_mixin.py:104} INFO - [2022-04-12 04:28:59,360] {dag.py:1832} INFO - Sync 1 DAGs
[2022-04-12 04:28:59,490] {logging_mixin.py:104} INFO - [2022-04-12 04:28:59,490] {dag.py:2305} INFO - Setting next_dagrun for tutorial_etl_dag to None
[2022-04-12 04:28:59,597] {scheduler_job.py:190} INFO - Processing /home/airflow/sandbox/lib/python3.8/site-packages/airflow/example_dags/tutorial_etl_dag.py took 0.454 seconds
[2022-04-12 04:30:38,147] {scheduler_job.py:182} INFO - Started process (PID=94085) to work on /home/airflow/sandbox/lib/python3.8/site-packages/airflow/example_dags/tutorial_etl_dag.py
[2022-04-12 04:30:38,161] {scheduler_job.py:633} INFO - Processing file /home/airflow/sandbox/lib/python3.8/site-packages/airflow/example_dags/tutorial_etl_dag.py for tasks to queue
[2022-04-12 04:30:38,164] {logging_mixin.py:104} INFO - [2022-04-12 04:30:38,163] {dagbag.py:487} INFO - Filling up the DagBag from /home/airflow/sandbox/lib/python3.8/site-packages/airflow/example_dags/tutorial_etl_dag.py
[2022-04-12 04:30:38,208] {scheduler_job.py:643} INFO - DAG(s) dict_keys(['tutorial_etl_dag']) retrieved from /home/airflow/sandbox/lib/python3.8/site-packages/airflow/example_dags/tutorial_etl_dag.py
[2022-04-12 04:30:38,376] {logging_mixin.py:104} INFO - [2022-04-12 04:30:38,376] {dag.py:1832} INFO - Sync 1 DAGs
[2022-04-12 04:30:38,489] {logging_mixin.py:104} INFO - [2022-04-12 04:30:38,489] {dag.py:2305} INFO - Setting next_dagrun for tutorial_etl_dag to None
[2022-04-12 04:30:39,121] {scheduler_job.py:190} INFO - Processing /home/airflow/sandbox/lib/python3.8/site-packages/airflow/example_dags/tutorial_etl_dag.py took 0.995 seconds
[2022-04-12 04:31:13,341] {scheduler_job.py:182} INFO - Started process (PID=94284) to work on /home/airflow/sandbox/lib/python3.8/site-packages/airflow/example_dags/tutorial_etl_dag.py
[2022-04-12 04:31:13,382] {scheduler_job.py:633} INFO - Processing file /home/airflow/sandbox/lib/python3.8/site-packages/airflow/example_dags/tutorial_etl_dag.py for tasks to queue
[2022-04-12 04:31:13,385] {logging_mixin.py:104} INFO - [2022-04-12 04:31:13,384] {dagbag.py:487} INFO - Filling up the DagBag from /home/airflow/sandbox/lib/python3.8/site-packages/airflow/example_dags/tutorial_etl_dag.py
[2022-04-12 04:31:13,492] {scheduler_job.py:643} INFO - DAG(s) dict_keys(['tutorial_etl_dag']) retrieved from /home/airflow/sandbox/lib/python3.8/site-packages/airflow/example_dags/tutorial_etl_dag.py
[2022-04-12 04:31:13,942] {logging_mixin.py:104} INFO - [2022-04-12 04:31:13,941] {dag.py:1832} INFO - Sync 1 DAGs
[2022-04-12 04:31:14,063] {logging_mixin.py:104} INFO - [2022-04-12 04:31:14,063] {dag.py:2305} INFO - Setting next_dagrun for tutorial_etl_dag to None
[2022-04-12 04:31:14,221] {scheduler_job.py:190} INFO - Processing /home/airflow/sandbox/lib/python3.8/site-packages/airflow/example_dags/tutorial_etl_dag.py took 0.894 seconds
[2022-04-12 04:31:45,485] {scheduler_job.py:182} INFO - Started process (PID=94484) to work on /home/airflow/sandbox/lib/python3.8/site-packages/airflow/example_dags/tutorial_etl_dag.py
[2022-04-12 04:31:45,524] {scheduler_job.py:633} INFO - Processing file /home/airflow/sandbox/lib/python3.8/site-packages/airflow/example_dags/tutorial_etl_dag.py for tasks to queue
[2022-04-12 04:31:45,527] {logging_mixin.py:104} INFO - [2022-04-12 04:31:45,527] {dagbag.py:487} INFO - Filling up the DagBag from /home/airflow/sandbox/lib/python3.8/site-packages/airflow/example_dags/tutorial_etl_dag.py
[2022-04-12 04:31:45,624] {scheduler_job.py:643} INFO - DAG(s) dict_keys(['tutorial_etl_dag']) retrieved from /home/airflow/sandbox/lib/python3.8/site-packages/airflow/example_dags/tutorial_etl_dag.py
[2022-04-12 04:31:45,834] {logging_mixin.py:104} INFO - [2022-04-12 04:31:45,834] {dag.py:1832} INFO - Sync 1 DAGs
[2022-04-12 04:31:45,987] {logging_mixin.py:104} INFO - [2022-04-12 04:31:45,986] {dag.py:2305} INFO - Setting next_dagrun for tutorial_etl_dag to None
[2022-04-12 04:31:46,229] {scheduler_job.py:190} INFO - Processing /home/airflow/sandbox/lib/python3.8/site-packages/airflow/example_dags/tutorial_etl_dag.py took 0.751 seconds
[2022-04-12 04:32:19,332] {scheduler_job.py:182} INFO - Started process (PID=94684) to work on /home/airflow/sandbox/lib/python3.8/site-packages/airflow/example_dags/tutorial_etl_dag.py
[2022-04-12 04:32:19,336] {scheduler_job.py:633} INFO - Processing file /home/airflow/sandbox/lib/python3.8/site-packages/airflow/example_dags/tutorial_etl_dag.py for tasks to queue
[2022-04-12 04:32:19,342] {logging_mixin.py:104} INFO - [2022-04-12 04:32:19,341] {dagbag.py:487} INFO - Filling up the DagBag from /home/airflow/sandbox/lib/python3.8/site-packages/airflow/example_dags/tutorial_etl_dag.py
[2022-04-12 04:32:19,366] {scheduler_job.py:643} INFO - DAG(s) dict_keys(['tutorial_etl_dag']) retrieved from /home/airflow/sandbox/lib/python3.8/site-packages/airflow/example_dags/tutorial_etl_dag.py
[2022-04-12 04:32:19,598] {logging_mixin.py:104} INFO - [2022-04-12 04:32:19,597] {dag.py:1832} INFO - Sync 1 DAGs
[2022-04-12 04:32:19,754] {logging_mixin.py:104} INFO - [2022-04-12 04:32:19,748] {dag.py:2305} INFO - Setting next_dagrun for tutorial_etl_dag to None
[2022-04-12 04:32:19,868] {scheduler_job.py:190} INFO - Processing /home/airflow/sandbox/lib/python3.8/site-packages/airflow/example_dags/tutorial_etl_dag.py took 0.544 seconds
