[2022-04-19 09:01:56,092] {taskinstance.py:876} INFO - Dependencies all met for <TaskInstance: parallel_dag.task_4 2022-04-19T09:01:34.132341+00:00 [queued]>
[2022-04-19 09:01:56,107] {taskinstance.py:876} INFO - Dependencies all met for <TaskInstance: parallel_dag.task_4 2022-04-19T09:01:34.132341+00:00 [queued]>
[2022-04-19 09:01:56,107] {taskinstance.py:1067} INFO - 
--------------------------------------------------------------------------------
[2022-04-19 09:01:56,108] {taskinstance.py:1068} INFO - Starting attempt 1 of 1
[2022-04-19 09:01:56,108] {taskinstance.py:1069} INFO - 
--------------------------------------------------------------------------------
[2022-04-19 09:01:56,160] {taskinstance.py:1087} INFO - Executing <Task(BashOperator): task_4> on 2022-04-19T09:01:34.132341+00:00
[2022-04-19 09:01:56,170] {standard_task_runner.py:52} INFO - Started process 58254 to run task
[2022-04-19 09:01:56,186] {standard_task_runner.py:76} INFO - Running: ['airflow', 'tasks', 'run', 'parallel_dag', 'task_4', '2022-04-19T09:01:34.132341+00:00', '--job-id', '148', '--pool', 'default_pool', '--raw', '--subdir', 'DAGS_FOLDER/parallel_dag.py', '--cfg-path', '/tmp/tmpgk034r3s', '--error-file', '/tmp/tmpfw_7u0k3']
[2022-04-19 09:01:56,190] {standard_task_runner.py:77} INFO - Job 148: Subtask task_4
[2022-04-19 09:01:56,414] {logging_mixin.py:104} INFO - Running <TaskInstance: parallel_dag.task_4 2022-04-19T09:01:34.132341+00:00 [running]> on host airflowvm
[2022-04-19 09:01:56,671] {taskinstance.py:1280} INFO - Exporting the following env vars:
AIRFLOW_CTX_DAG_OWNER=airflow
AIRFLOW_CTX_DAG_ID=parallel_dag
AIRFLOW_CTX_TASK_ID=task_4
AIRFLOW_CTX_EXECUTION_DATE=2022-04-19T09:01:34.132341+00:00
AIRFLOW_CTX_DAG_RUN_ID=manual__2022-04-19T09:01:34.132341+00:00
[2022-04-19 09:01:56,673] {subprocess.py:52} INFO - Tmp dir root location: 
 /tmp
[2022-04-19 09:01:56,674] {subprocess.py:63} INFO - Running command: ['bash', '-c', 'sleep 3']
[2022-04-19 09:01:56,687] {subprocess.py:75} INFO - Output:
[2022-04-19 09:01:59,699] {subprocess.py:83} INFO - Command exited with return code 0
[2022-04-19 09:02:00,235] {taskinstance.py:1184} INFO - Marking task as SUCCESS. dag_id=parallel_dag, task_id=task_4, execution_date=20220419T090134, start_date=20220419T090156, end_date=20220419T090200
[2022-04-19 09:02:00,584] {taskinstance.py:1245} INFO - 0 downstream tasks scheduled from follow-on schedule check
[2022-04-19 09:02:00,688] {local_task_job.py:151} INFO - Task exited with return code 0
