[2022-04-16 04:08:03,854] {taskinstance.py:876} INFO - Dependencies all met for <TaskInstance: parallel_dag.task_4 2022-04-15T00:00:00+00:00 [queued]>
[2022-04-16 04:08:04,136] {taskinstance.py:876} INFO - Dependencies all met for <TaskInstance: parallel_dag.task_4 2022-04-15T00:00:00+00:00 [queued]>
[2022-04-16 04:08:04,141] {taskinstance.py:1067} INFO - 
--------------------------------------------------------------------------------
[2022-04-16 04:08:04,148] {taskinstance.py:1068} INFO - Starting attempt 1 of 1
[2022-04-16 04:08:04,155] {taskinstance.py:1069} INFO - 
--------------------------------------------------------------------------------
[2022-04-16 04:08:04,663] {taskinstance.py:1087} INFO - Executing <Task(BashOperator): task_4> on 2022-04-15T00:00:00+00:00
[2022-04-16 04:08:04,756] {standard_task_runner.py:52} INFO - Started process 42843 to run task
[2022-04-16 04:08:04,865] {standard_task_runner.py:76} INFO - Running: ['airflow', 'tasks', 'run', 'parallel_dag', 'task_4', '2022-04-15T00:00:00+00:00', '--job-id', '69', '--pool', 'default_pool', '--raw', '--subdir', 'DAGS_FOLDER/parallel_dag.py', '--cfg-path', '/tmp/tmp9i_ght4b', '--error-file', '/tmp/tmp7u3n2uba']
[2022-04-16 04:08:04,915] {standard_task_runner.py:77} INFO - Job 69: Subtask task_4
[2022-04-16 04:08:06,217] {logging_mixin.py:104} INFO - Running <TaskInstance: parallel_dag.task_4 2022-04-15T00:00:00+00:00 [running]> on host airflowvm
[2022-04-16 04:08:07,269] {taskinstance.py:1280} INFO - Exporting the following env vars:
AIRFLOW_CTX_DAG_OWNER=airflow
AIRFLOW_CTX_DAG_ID=parallel_dag
AIRFLOW_CTX_TASK_ID=task_4
AIRFLOW_CTX_EXECUTION_DATE=2022-04-15T00:00:00+00:00
AIRFLOW_CTX_DAG_RUN_ID=scheduled__2022-04-15T00:00:00+00:00
[2022-04-16 04:08:07,271] {subprocess.py:52} INFO - Tmp dir root location: 
 /tmp
[2022-04-16 04:08:07,281] {subprocess.py:63} INFO - Running command: ['bash', '-c', 'sleep 3']
[2022-04-16 04:08:07,360] {subprocess.py:75} INFO - Output:
[2022-04-16 04:08:10,500] {subprocess.py:83} INFO - Command exited with return code 0
[2022-04-16 04:08:10,800] {taskinstance.py:1184} INFO - Marking task as SUCCESS. dag_id=parallel_dag, task_id=task_4, execution_date=20220415T000000, start_date=20220416T040803, end_date=20220416T040810
[2022-04-16 04:08:11,604] {taskinstance.py:1245} INFO - 0 downstream tasks scheduled from follow-on schedule check
[2022-04-16 04:08:11,625] {local_task_job.py:151} INFO - Task exited with return code 0
