[2022-04-17 02:42:04,254] {taskinstance.py:876} INFO - Dependencies all met for <TaskInstance: xcom_dag.processing_tasks.training_model_c 2022-04-16T00:00:00+00:00 [queued]>
[2022-04-17 02:42:04,446] {taskinstance.py:876} INFO - Dependencies all met for <TaskInstance: xcom_dag.processing_tasks.training_model_c 2022-04-16T00:00:00+00:00 [queued]>
[2022-04-17 02:42:04,446] {taskinstance.py:1067} INFO - 
--------------------------------------------------------------------------------
[2022-04-17 02:42:04,446] {taskinstance.py:1068} INFO - Starting attempt 1 of 1
[2022-04-17 02:42:04,446] {taskinstance.py:1069} INFO - 
--------------------------------------------------------------------------------
[2022-04-17 02:42:04,580] {taskinstance.py:1087} INFO - Executing <Task(PythonOperator): processing_tasks.training_model_c> on 2022-04-16T00:00:00+00:00
[2022-04-17 02:42:04,638] {standard_task_runner.py:76} INFO - Running: ['airflow', 'tasks', 'run', 'xcom_dag', 'processing_tasks.training_model_c', '2022-04-16T00:00:00+00:00', '--job-id', '105', '--pool', 'default_pool', '--raw', '--subdir', 'DAGS_FOLDER/xcom_dag.py', '--cfg-path', '/tmp/tmpnn5e81_w', '--error-file', '/tmp/tmp9acwaml3']
[2022-04-17 02:42:04,622] {standard_task_runner.py:52} INFO - Started process 94897 to run task
[2022-04-17 02:42:04,727] {standard_task_runner.py:77} INFO - Job 105: Subtask processing_tasks.training_model_c
[2022-04-17 02:42:05,756] {logging_mixin.py:104} INFO - Running <TaskInstance: xcom_dag.processing_tasks.training_model_c 2022-04-16T00:00:00+00:00 [running]> on host airflowvm
[2022-04-17 02:42:06,557] {taskinstance.py:1280} INFO - Exporting the following env vars:
AIRFLOW_CTX_DAG_OWNER=airflow
AIRFLOW_CTX_DAG_ID=xcom_dag
AIRFLOW_CTX_TASK_ID=processing_tasks.training_model_c
AIRFLOW_CTX_EXECUTION_DATE=2022-04-16T00:00:00+00:00
AIRFLOW_CTX_DAG_RUN_ID=scheduled__2022-04-16T00:00:00+00:00
[2022-04-17 02:42:06,558] {logging_mixin.py:104} INFO - model's accuracy: 2.7495338553851063
[2022-04-17 02:42:06,750] {python.py:151} INFO - Done. Returned value was: None
[2022-04-17 02:42:06,889] {taskinstance.py:1184} INFO - Marking task as SUCCESS. dag_id=xcom_dag, task_id=processing_tasks.training_model_c, execution_date=20220416T000000, start_date=20220417T024204, end_date=20220417T024206
[2022-04-17 02:42:07,571] {taskinstance.py:1245} INFO - 0 downstream tasks scheduled from follow-on schedule check
[2022-04-17 02:42:07,640] {local_task_job.py:151} INFO - Task exited with return code 0
[2022-04-17 03:20:57,216] {taskinstance.py:876} INFO - Dependencies all met for <TaskInstance: xcom_dag.processing_tasks.training_model_c 2022-04-16T00:00:00+00:00 [queued]>
[2022-04-17 03:20:57,290] {taskinstance.py:876} INFO - Dependencies all met for <TaskInstance: xcom_dag.processing_tasks.training_model_c 2022-04-16T00:00:00+00:00 [queued]>
[2022-04-17 03:20:57,294] {taskinstance.py:1067} INFO - 
--------------------------------------------------------------------------------
[2022-04-17 03:20:57,295] {taskinstance.py:1068} INFO - Starting attempt 1 of 1
[2022-04-17 03:20:57,295] {taskinstance.py:1069} INFO - 
--------------------------------------------------------------------------------
[2022-04-17 03:20:57,391] {taskinstance.py:1087} INFO - Executing <Task(PythonOperator): processing_tasks.training_model_c> on 2022-04-16T00:00:00+00:00
[2022-04-17 03:20:57,393] {standard_task_runner.py:52} INFO - Started process 107231 to run task
[2022-04-17 03:20:57,414] {standard_task_runner.py:76} INFO - Running: ['airflow', 'tasks', 'run', 'xcom_dag', 'processing_tasks.training_model_c', '2022-04-16T00:00:00+00:00', '--job-id', '114', '--pool', 'default_pool', '--raw', '--subdir', 'DAGS_FOLDER/xcom_dag.py', '--cfg-path', '/tmp/tmpb2aqcnyk', '--error-file', '/tmp/tmpehpoyj29']
[2022-04-17 03:20:57,431] {standard_task_runner.py:77} INFO - Job 114: Subtask processing_tasks.training_model_c
[2022-04-17 03:20:57,796] {logging_mixin.py:104} INFO - Running <TaskInstance: xcom_dag.processing_tasks.training_model_c 2022-04-16T00:00:00+00:00 [running]> on host airflowvm
[2022-04-17 03:20:58,254] {taskinstance.py:1280} INFO - Exporting the following env vars:
AIRFLOW_CTX_DAG_OWNER=airflow
AIRFLOW_CTX_DAG_ID=xcom_dag
AIRFLOW_CTX_TASK_ID=processing_tasks.training_model_c
AIRFLOW_CTX_EXECUTION_DATE=2022-04-16T00:00:00+00:00
AIRFLOW_CTX_DAG_RUN_ID=scheduled__2022-04-16T00:00:00+00:00
[2022-04-17 03:20:58,258] {logging_mixin.py:104} INFO - model's accuracy: 1.430332445238004
[2022-04-17 03:20:58,388] {python.py:151} INFO - Done. Returned value was: None
[2022-04-17 03:20:58,457] {taskinstance.py:1184} INFO - Marking task as SUCCESS. dag_id=xcom_dag, task_id=processing_tasks.training_model_c, execution_date=20220416T000000, start_date=20220417T032057, end_date=20220417T032058
[2022-04-17 03:20:58,638] {taskinstance.py:1245} INFO - 1 downstream tasks scheduled from follow-on schedule check
[2022-04-17 03:20:58,691] {local_task_job.py:151} INFO - Task exited with return code 0
