[2022-04-16 08:44:58,765] {taskinstance.py:876} INFO - Dependencies all met for <TaskInstance: xcom_dag.processing_tasks.training_model_b 2022-04-16T08:44:50.623562+00:00 [queued]>
[2022-04-16 08:44:58,918] {taskinstance.py:876} INFO - Dependencies all met for <TaskInstance: xcom_dag.processing_tasks.training_model_b 2022-04-16T08:44:50.623562+00:00 [queued]>
[2022-04-16 08:44:58,921] {taskinstance.py:1067} INFO - 
--------------------------------------------------------------------------------
[2022-04-16 08:44:58,922] {taskinstance.py:1068} INFO - Starting attempt 1 of 1
[2022-04-16 08:44:58,929] {taskinstance.py:1069} INFO - 
--------------------------------------------------------------------------------
[2022-04-16 08:44:59,167] {taskinstance.py:1087} INFO - Executing <Task(PythonOperator): processing_tasks.training_model_b> on 2022-04-16T08:44:50.623562+00:00
[2022-04-16 08:44:59,190] {standard_task_runner.py:52} INFO - Started process 54292 to run task
[2022-04-16 08:44:59,232] {standard_task_runner.py:76} INFO - Running: ['airflow', 'tasks', 'run', 'xcom_dag', 'processing_tasks.training_model_b', '2022-04-16T08:44:50.623562+00:00', '--job-id', '79', '--pool', 'default_pool', '--raw', '--subdir', 'DAGS_FOLDER/xcom_dag.py', '--cfg-path', '/tmp/tmpug5kcp3v', '--error-file', '/tmp/tmpv1bo8rax']
[2022-04-16 08:44:59,259] {standard_task_runner.py:77} INFO - Job 79: Subtask processing_tasks.training_model_b
[2022-04-16 08:44:59,974] {logging_mixin.py:104} INFO - Running <TaskInstance: xcom_dag.processing_tasks.training_model_b 2022-04-16T08:44:50.623562+00:00 [running]> on host airflowvm
[2022-04-16 08:45:00,983] {taskinstance.py:1280} INFO - Exporting the following env vars:
AIRFLOW_CTX_DAG_OWNER=airflow
AIRFLOW_CTX_DAG_ID=xcom_dag
AIRFLOW_CTX_TASK_ID=processing_tasks.training_model_b
AIRFLOW_CTX_EXECUTION_DATE=2022-04-16T08:44:50.623562+00:00
AIRFLOW_CTX_DAG_RUN_ID=manual__2022-04-16T08:44:50.623562+00:00
[2022-04-16 08:45:00,985] {logging_mixin.py:104} INFO - model's accuracy: 3.8333918841925763
[2022-04-16 08:45:01,285] {python.py:151} INFO - Done. Returned value was: None
[2022-04-16 08:45:01,384] {taskinstance.py:1184} INFO - Marking task as SUCCESS. dag_id=xcom_dag, task_id=processing_tasks.training_model_b, execution_date=20220416T084450, start_date=20220416T084458, end_date=20220416T084501
[2022-04-16 08:45:01,791] {taskinstance.py:1245} INFO - 1 downstream tasks scheduled from follow-on schedule check
[2022-04-16 08:45:01,838] {local_task_job.py:151} INFO - Task exited with return code 0
