[2022-04-16 10:47:12,904] {taskinstance.py:876} INFO - Dependencies all met for <TaskInstance: xcom_dag.choose_best_model 2022-04-16T10:46:59.667395+00:00 [queued]>
[2022-04-16 10:47:13,026] {taskinstance.py:876} INFO - Dependencies all met for <TaskInstance: xcom_dag.choose_best_model 2022-04-16T10:46:59.667395+00:00 [queued]>
[2022-04-16 10:47:13,027] {taskinstance.py:1067} INFO - 
--------------------------------------------------------------------------------
[2022-04-16 10:47:13,027] {taskinstance.py:1068} INFO - Starting attempt 1 of 1
[2022-04-16 10:47:13,028] {taskinstance.py:1069} INFO - 
--------------------------------------------------------------------------------
[2022-04-16 10:47:13,287] {taskinstance.py:1087} INFO - Executing <Task(PythonOperator): choose_best_model> on 2022-04-16T10:46:59.667395+00:00
[2022-04-16 10:47:13,331] {standard_task_runner.py:52} INFO - Started process 68189 to run task
[2022-04-16 10:47:13,333] {standard_task_runner.py:76} INFO - Running: ['airflow', 'tasks', 'run', 'xcom_dag', 'choose_best_model', '2022-04-16T10:46:59.667395+00:00', '--job-id', '91', '--pool', 'default_pool', '--raw', '--subdir', 'DAGS_FOLDER/xcom_dag.py', '--cfg-path', '/tmp/tmpez1zen82', '--error-file', '/tmp/tmpk14v__uo']
[2022-04-16 10:47:13,340] {standard_task_runner.py:77} INFO - Job 91: Subtask choose_best_model
[2022-04-16 10:47:13,845] {logging_mixin.py:104} INFO - Running <TaskInstance: xcom_dag.choose_best_model 2022-04-16T10:46:59.667395+00:00 [running]> on host airflowvm
[2022-04-16 10:47:14,426] {taskinstance.py:1280} INFO - Exporting the following env vars:
AIRFLOW_CTX_DAG_OWNER=airflow
AIRFLOW_CTX_DAG_ID=xcom_dag
AIRFLOW_CTX_TASK_ID=choose_best_model
AIRFLOW_CTX_EXECUTION_DATE=2022-04-16T10:46:59.667395+00:00
AIRFLOW_CTX_DAG_RUN_ID=manual__2022-04-16T10:46:59.667395+00:00
[2022-04-16 10:47:14,431] {logging_mixin.py:104} INFO - choose best model
[2022-04-16 10:47:14,468] {logging_mixin.py:104} INFO - [3.9081096163156412, 7.23184608586763, 2.609807309638231]
[2022-04-16 10:47:14,469] {python.py:151} INFO - Done. Returned value was: None
[2022-04-16 10:47:14,532] {taskinstance.py:1184} INFO - Marking task as SUCCESS. dag_id=xcom_dag, task_id=choose_best_model, execution_date=20220416T104659, start_date=20220416T104712, end_date=20220416T104714
[2022-04-16 10:47:14,769] {taskinstance.py:1245} INFO - 0 downstream tasks scheduled from follow-on schedule check
[2022-04-16 10:47:14,782] {local_task_job.py:151} INFO - Task exited with return code 0
