[2022-04-19 05:43:34,236] {taskinstance.py:876} INFO - Dependencies all met for <TaskInstance: xcom_dag.downloading_data 2022-04-18T00:00:00+00:00 [queued]>
[2022-04-19 05:43:34,393] {taskinstance.py:876} INFO - Dependencies all met for <TaskInstance: xcom_dag.downloading_data 2022-04-18T00:00:00+00:00 [queued]>
[2022-04-19 05:43:34,394] {taskinstance.py:1067} INFO - 
--------------------------------------------------------------------------------
[2022-04-19 05:43:34,394] {taskinstance.py:1068} INFO - Starting attempt 1 of 1
[2022-04-19 05:43:34,394] {taskinstance.py:1069} INFO - 
--------------------------------------------------------------------------------
[2022-04-19 05:43:34,484] {taskinstance.py:1087} INFO - Executing <Task(BashOperator): downloading_data> on 2022-04-18T00:00:00+00:00
[2022-04-19 05:43:34,530] {standard_task_runner.py:52} INFO - Started process 20233 to run task
[2022-04-19 05:43:34,535] {standard_task_runner.py:76} INFO - Running: ['airflow', 'tasks', 'run', 'xcom_dag', 'downloading_data', '2022-04-18T00:00:00+00:00', '--job-id', '132', '--pool', 'default_pool', '--raw', '--subdir', 'DAGS_FOLDER/xcom_dag.py', '--cfg-path', '/tmp/tmps960hifj', '--error-file', '/tmp/tmp46c4kmu2']
[2022-04-19 05:43:34,546] {standard_task_runner.py:77} INFO - Job 132: Subtask downloading_data
[2022-04-19 05:43:35,451] {logging_mixin.py:104} INFO - Running <TaskInstance: xcom_dag.downloading_data 2022-04-18T00:00:00+00:00 [running]> on host airflowvm
[2022-04-19 05:43:36,001] {taskinstance.py:1280} INFO - Exporting the following env vars:
AIRFLOW_CTX_DAG_OWNER=airflow
AIRFLOW_CTX_DAG_ID=xcom_dag
AIRFLOW_CTX_TASK_ID=downloading_data
AIRFLOW_CTX_EXECUTION_DATE=2022-04-18T00:00:00+00:00
AIRFLOW_CTX_DAG_RUN_ID=scheduled__2022-04-18T00:00:00+00:00
[2022-04-19 05:43:36,009] {subprocess.py:52} INFO - Tmp dir root location: 
 /tmp
[2022-04-19 05:43:36,026] {subprocess.py:63} INFO - Running command: ['bash', '-c', 'sleep 3']
[2022-04-19 05:43:36,070] {subprocess.py:75} INFO - Output:
[2022-04-19 05:43:39,139] {subprocess.py:83} INFO - Command exited with return code 0
[2022-04-19 05:43:39,218] {taskinstance.py:1184} INFO - Marking task as SUCCESS. dag_id=xcom_dag, task_id=downloading_data, execution_date=20220418T000000, start_date=20220419T054334, end_date=20220419T054339
[2022-04-19 05:43:39,642] {local_task_job.py:196} WARNING - State of this instance has been externally set to success. Terminating instance.
[2022-04-19 05:43:39,649] {process_utils.py:100} INFO - Sending Signals.SIGTERM to GPID 20233
[2022-04-19 05:43:39,721] {taskinstance.py:1264} ERROR - Received SIGTERM. Terminating subprocesses.
[2022-04-19 05:43:39,721] {subprocess.py:89} INFO - Sending SIGTERM signal to process group
[2022-04-19 05:43:39,729] {process_utils.py:66} INFO - Process psutil.Process(pid=20233, status='terminated', exitcode=1, started='05:43:34') (20233) terminated with exit code 1
