[2022-04-16 08:35:00,656] {taskinstance.py:876} INFO - Dependencies all met for <TaskInstance: xcom_dag.processing_tasks.training_model_a 2022-04-15T00:00:00+00:00 [queued]>
[2022-04-16 08:35:00,737] {taskinstance.py:876} INFO - Dependencies all met for <TaskInstance: xcom_dag.processing_tasks.training_model_a 2022-04-15T00:00:00+00:00 [queued]>
[2022-04-16 08:35:00,738] {taskinstance.py:1067} INFO - 
--------------------------------------------------------------------------------
[2022-04-16 08:35:00,742] {taskinstance.py:1068} INFO - Starting attempt 1 of 1
[2022-04-16 08:35:00,743] {taskinstance.py:1069} INFO - 
--------------------------------------------------------------------------------
[2022-04-16 08:35:00,915] {taskinstance.py:1087} INFO - Executing <Task(PythonOperator): processing_tasks.training_model_a> on 2022-04-15T00:00:00+00:00
[2022-04-16 08:35:00,919] {standard_task_runner.py:52} INFO - Started process 51936 to run task
[2022-04-16 08:35:00,965] {standard_task_runner.py:76} INFO - Running: ['airflow', 'tasks', 'run', 'xcom_dag', 'processing_tasks.training_model_a', '2022-04-15T00:00:00+00:00', '--job-id', '74', '--pool', 'default_pool', '--raw', '--subdir', 'DAGS_FOLDER/xcom_dag.py', '--cfg-path', '/tmp/tmpej_aiz57', '--error-file', '/tmp/tmpsodmzjr9']
[2022-04-16 08:35:00,980] {standard_task_runner.py:77} INFO - Job 74: Subtask processing_tasks.training_model_a
[2022-04-16 08:35:01,312] {logging_mixin.py:104} INFO - Running <TaskInstance: xcom_dag.processing_tasks.training_model_a 2022-04-15T00:00:00+00:00 [running]> on host airflowvm
[2022-04-16 08:35:01,748] {taskinstance.py:1280} INFO - Exporting the following env vars:
AIRFLOW_CTX_DAG_OWNER=airflow
AIRFLOW_CTX_DAG_ID=xcom_dag
AIRFLOW_CTX_TASK_ID=processing_tasks.training_model_a
AIRFLOW_CTX_EXECUTION_DATE=2022-04-15T00:00:00+00:00
AIRFLOW_CTX_DAG_RUN_ID=scheduled__2022-04-15T00:00:00+00:00
[2022-04-16 08:35:01,749] {logging_mixin.py:104} INFO - model's accuracy: 6.036499270421395
[2022-04-16 08:35:01,749] {python.py:151} INFO - Done. Returned value was: 6.036499270421395
[2022-04-16 08:35:02,050] {taskinstance.py:1184} INFO - Marking task as SUCCESS. dag_id=xcom_dag, task_id=processing_tasks.training_model_a, execution_date=20220415T000000, start_date=20220416T083500, end_date=20220416T083502
[2022-04-16 08:35:02,256] {taskinstance.py:1245} INFO - 0 downstream tasks scheduled from follow-on schedule check
[2022-04-16 08:35:02,290] {local_task_job.py:151} INFO - Task exited with return code 0
