[2022-04-16 04:07:48,639] {taskinstance.py:876} INFO - Dependencies all met for <TaskInstance: parallel_dag.processing_tasks.task_2 2022-04-15T00:00:00+00:00 [queued]>
[2022-04-16 04:07:48,967] {taskinstance.py:876} INFO - Dependencies all met for <TaskInstance: parallel_dag.processing_tasks.task_2 2022-04-15T00:00:00+00:00 [queued]>
[2022-04-16 04:07:48,984] {taskinstance.py:1067} INFO - 
--------------------------------------------------------------------------------
[2022-04-16 04:07:48,985] {taskinstance.py:1068} INFO - Starting attempt 1 of 1
[2022-04-16 04:07:48,989] {taskinstance.py:1069} INFO - 
--------------------------------------------------------------------------------
[2022-04-16 04:07:49,296] {taskinstance.py:1087} INFO - Executing <Task(BashOperator): processing_tasks.task_2> on 2022-04-15T00:00:00+00:00
[2022-04-16 04:07:49,319] {standard_task_runner.py:76} INFO - Running: ['airflow', 'tasks', 'run', 'parallel_dag', 'processing_tasks.task_2', '2022-04-15T00:00:00+00:00', '--job-id', '68', '--pool', 'default_pool', '--raw', '--subdir', 'DAGS_FOLDER/parallel_dag.py', '--cfg-path', '/tmp/tmphir_yriw', '--error-file', '/tmp/tmpfdwcw26i']
[2022-04-16 04:07:49,322] {standard_task_runner.py:52} INFO - Started process 42503 to run task
[2022-04-16 04:07:49,370] {standard_task_runner.py:77} INFO - Job 68: Subtask processing_tasks.task_2
[2022-04-16 04:07:50,214] {logging_mixin.py:104} INFO - Running <TaskInstance: parallel_dag.processing_tasks.task_2 2022-04-15T00:00:00+00:00 [running]> on host airflowvm
[2022-04-16 04:07:51,433] {taskinstance.py:1280} INFO - Exporting the following env vars:
AIRFLOW_CTX_DAG_OWNER=airflow
AIRFLOW_CTX_DAG_ID=parallel_dag
AIRFLOW_CTX_TASK_ID=processing_tasks.task_2
AIRFLOW_CTX_EXECUTION_DATE=2022-04-15T00:00:00+00:00
AIRFLOW_CTX_DAG_RUN_ID=scheduled__2022-04-15T00:00:00+00:00
[2022-04-16 04:07:51,435] {subprocess.py:52} INFO - Tmp dir root location: 
 /tmp
[2022-04-16 04:07:51,463] {subprocess.py:63} INFO - Running command: ['bash', '-c', 'sleep 3']
[2022-04-16 04:07:51,605] {subprocess.py:75} INFO - Output:
[2022-04-16 04:07:54,723] {subprocess.py:83} INFO - Command exited with return code 0
[2022-04-16 04:07:55,503] {taskinstance.py:1184} INFO - Marking task as SUCCESS. dag_id=parallel_dag, task_id=processing_tasks.task_2, execution_date=20220415T000000, start_date=20220416T040748, end_date=20220416T040755
[2022-04-16 04:07:56,990] {taskinstance.py:1245} INFO - 0 downstream tasks scheduled from follow-on schedule check
[2022-04-16 04:07:57,035] {local_task_job.py:151} INFO - Task exited with return code 0
