[2022-04-16 08:51:25,710] {taskinstance.py:876} INFO - Dependencies all met for <TaskInstance: xcom_dag.processing_tasks.training_model_c 2022-04-16T08:51:18.711255+00:00 [queued]>
[2022-04-16 08:51:25,779] {taskinstance.py:876} INFO - Dependencies all met for <TaskInstance: xcom_dag.processing_tasks.training_model_c 2022-04-16T08:51:18.711255+00:00 [queued]>
[2022-04-16 08:51:25,779] {taskinstance.py:1067} INFO - 
--------------------------------------------------------------------------------
[2022-04-16 08:51:25,779] {taskinstance.py:1068} INFO - Starting attempt 1 of 1
[2022-04-16 08:51:25,780] {taskinstance.py:1069} INFO - 
--------------------------------------------------------------------------------
[2022-04-16 08:51:25,872] {taskinstance.py:1087} INFO - Executing <Task(PythonOperator): processing_tasks.training_model_c> on 2022-04-16T08:51:18.711255+00:00
[2022-04-16 08:51:25,885] {standard_task_runner.py:52} INFO - Started process 56445 to run task
[2022-04-16 08:51:25,923] {standard_task_runner.py:76} INFO - Running: ['airflow', 'tasks', 'run', 'xcom_dag', 'processing_tasks.training_model_c', '2022-04-16T08:51:18.711255+00:00', '--job-id', '84', '--pool', 'default_pool', '--raw', '--subdir', 'DAGS_FOLDER/xcom_dag.py', '--cfg-path', '/tmp/tmpai79s4td', '--error-file', '/tmp/tmpedlszeuu']
[2022-04-16 08:51:25,951] {standard_task_runner.py:77} INFO - Job 84: Subtask processing_tasks.training_model_c
[2022-04-16 08:51:26,414] {logging_mixin.py:104} INFO - Running <TaskInstance: xcom_dag.processing_tasks.training_model_c 2022-04-16T08:51:18.711255+00:00 [running]> on host airflowvm
[2022-04-16 08:51:32,047] {taskinstance.py:1280} INFO - Exporting the following env vars:
AIRFLOW_CTX_DAG_OWNER=airflow
AIRFLOW_CTX_DAG_ID=xcom_dag
AIRFLOW_CTX_TASK_ID=processing_tasks.training_model_c
AIRFLOW_CTX_EXECUTION_DATE=2022-04-16T08:51:18.711255+00:00
AIRFLOW_CTX_DAG_RUN_ID=manual__2022-04-16T08:51:18.711255+00:00
[2022-04-16 08:51:32,048] {logging_mixin.py:104} INFO - model's accuracy: 4.37812385201891
[2022-04-16 08:51:32,135] {python.py:151} INFO - Done. Returned value was: None
[2022-04-16 08:51:32,203] {taskinstance.py:1184} INFO - Marking task as SUCCESS. dag_id=xcom_dag, task_id=processing_tasks.training_model_c, execution_date=20220416T085118, start_date=20220416T085125, end_date=20220416T085132
[2022-04-16 08:51:32,400] {taskinstance.py:1245} INFO - 1 downstream tasks scheduled from follow-on schedule check
[2022-04-16 08:51:32,408] {local_task_job.py:151} INFO - Task exited with return code 0
