[2022-04-16 08:34:53,716] {taskinstance.py:876} INFO - Dependencies all met for <TaskInstance: xcom_dag.downloading_data 2022-04-15T00:00:00+00:00 [queued]>
[2022-04-16 08:34:53,781] {taskinstance.py:876} INFO - Dependencies all met for <TaskInstance: xcom_dag.downloading_data 2022-04-15T00:00:00+00:00 [queued]>
[2022-04-16 08:34:53,783] {taskinstance.py:1067} INFO - 
--------------------------------------------------------------------------------
[2022-04-16 08:34:53,784] {taskinstance.py:1068} INFO - Starting attempt 1 of 1
[2022-04-16 08:34:53,786] {taskinstance.py:1069} INFO - 
--------------------------------------------------------------------------------
[2022-04-16 08:34:53,819] {taskinstance.py:1087} INFO - Executing <Task(BashOperator): downloading_data> on 2022-04-15T00:00:00+00:00
[2022-04-16 08:34:53,825] {standard_task_runner.py:52} INFO - Started process 51710 to run task
[2022-04-16 08:34:53,846] {standard_task_runner.py:76} INFO - Running: ['airflow', 'tasks', 'run', 'xcom_dag', 'downloading_data', '2022-04-15T00:00:00+00:00', '--job-id', '71', '--pool', 'default_pool', '--raw', '--subdir', 'DAGS_FOLDER/xcom_dag.py', '--cfg-path', '/tmp/tmp7o3e1sxm', '--error-file', '/tmp/tmp615vrwt9']
[2022-04-16 08:34:53,847] {standard_task_runner.py:77} INFO - Job 71: Subtask downloading_data
[2022-04-16 08:34:54,163] {logging_mixin.py:104} INFO - Running <TaskInstance: xcom_dag.downloading_data 2022-04-15T00:00:00+00:00 [running]> on host airflowvm
[2022-04-16 08:34:54,417] {taskinstance.py:1280} INFO - Exporting the following env vars:
AIRFLOW_CTX_DAG_OWNER=airflow
AIRFLOW_CTX_DAG_ID=xcom_dag
AIRFLOW_CTX_TASK_ID=downloading_data
AIRFLOW_CTX_EXECUTION_DATE=2022-04-15T00:00:00+00:00
AIRFLOW_CTX_DAG_RUN_ID=scheduled__2022-04-15T00:00:00+00:00
[2022-04-16 08:34:54,418] {subprocess.py:52} INFO - Tmp dir root location: 
 /tmp
[2022-04-16 08:34:54,418] {subprocess.py:63} INFO - Running command: ['bash', '-c', 'sleep 3']
[2022-04-16 08:34:54,441] {subprocess.py:75} INFO - Output:
[2022-04-16 08:34:57,449] {subprocess.py:83} INFO - Command exited with return code 0
[2022-04-16 08:34:57,551] {taskinstance.py:1184} INFO - Marking task as SUCCESS. dag_id=xcom_dag, task_id=downloading_data, execution_date=20220415T000000, start_date=20220416T083453, end_date=20220416T083457
[2022-04-16 08:34:57,667] {taskinstance.py:1245} INFO - 3 downstream tasks scheduled from follow-on schedule check
[2022-04-16 08:34:57,704] {local_task_job.py:151} INFO - Task exited with return code 0
