[2022-04-16 08:45:03,507] {taskinstance.py:876} INFO - Dependencies all met for <TaskInstance: xcom_dag.task_4 2022-04-16T08:44:50.623562+00:00 [queued]>
[2022-04-16 08:45:03,549] {taskinstance.py:876} INFO - Dependencies all met for <TaskInstance: xcom_dag.task_4 2022-04-16T08:44:50.623562+00:00 [queued]>
[2022-04-16 08:45:03,550] {taskinstance.py:1067} INFO - 
--------------------------------------------------------------------------------
[2022-04-16 08:45:03,550] {taskinstance.py:1068} INFO - Starting attempt 1 of 1
[2022-04-16 08:45:03,550] {taskinstance.py:1069} INFO - 
--------------------------------------------------------------------------------
[2022-04-16 08:45:03,594] {taskinstance.py:1087} INFO - Executing <Task(PythonOperator): task_4> on 2022-04-16T08:44:50.623562+00:00
[2022-04-16 08:45:03,604] {standard_task_runner.py:52} INFO - Started process 54528 to run task
[2022-04-16 08:45:03,620] {standard_task_runner.py:76} INFO - Running: ['airflow', 'tasks', 'run', 'xcom_dag', 'task_4', '2022-04-16T08:44:50.623562+00:00', '--job-id', '80', '--pool', 'default_pool', '--raw', '--subdir', 'DAGS_FOLDER/xcom_dag.py', '--cfg-path', '/tmp/tmpqtcg9wnr', '--error-file', '/tmp/tmpqyaeyobr']
[2022-04-16 08:45:03,629] {standard_task_runner.py:77} INFO - Job 80: Subtask task_4
[2022-04-16 08:45:03,898] {logging_mixin.py:104} INFO - Running <TaskInstance: xcom_dag.task_4 2022-04-16T08:44:50.623562+00:00 [running]> on host airflowvm
[2022-04-16 08:45:04,159] {taskinstance.py:1280} INFO - Exporting the following env vars:
AIRFLOW_CTX_DAG_OWNER=airflow
AIRFLOW_CTX_DAG_ID=xcom_dag
AIRFLOW_CTX_TASK_ID=task_4
AIRFLOW_CTX_EXECUTION_DATE=2022-04-16T08:44:50.623562+00:00
AIRFLOW_CTX_DAG_RUN_ID=manual__2022-04-16T08:44:50.623562+00:00
[2022-04-16 08:45:04,160] {logging_mixin.py:104} INFO - choose best model
[2022-04-16 08:45:04,161] {python.py:151} INFO - Done. Returned value was: None
[2022-04-16 08:45:04,207] {taskinstance.py:1184} INFO - Marking task as SUCCESS. dag_id=xcom_dag, task_id=task_4, execution_date=20220416T084450, start_date=20220416T084503, end_date=20220416T084504
[2022-04-16 08:45:04,257] {taskinstance.py:1245} INFO - 0 downstream tasks scheduled from follow-on schedule check
[2022-04-16 08:45:04,294] {local_task_job.py:151} INFO - Task exited with return code 0
