[2022-04-17 02:41:52,403] {taskinstance.py:876} INFO - Dependencies all met for <TaskInstance: xcom_dag.downloading_data 2022-04-16T00:00:00+00:00 [queued]>
[2022-04-17 02:41:52,586] {taskinstance.py:876} INFO - Dependencies all met for <TaskInstance: xcom_dag.downloading_data 2022-04-16T00:00:00+00:00 [queued]>
[2022-04-17 02:41:52,587] {taskinstance.py:1067} INFO - 
--------------------------------------------------------------------------------
[2022-04-17 02:41:52,592] {taskinstance.py:1068} INFO - Starting attempt 1 of 1
[2022-04-17 02:41:52,593] {taskinstance.py:1069} INFO - 
--------------------------------------------------------------------------------
[2022-04-17 02:41:52,753] {taskinstance.py:1087} INFO - Executing <Task(BashOperator): downloading_data> on 2022-04-16T00:00:00+00:00
[2022-04-17 02:41:52,867] {standard_task_runner.py:52} INFO - Started process 94586 to run task
[2022-04-17 02:41:52,911] {standard_task_runner.py:76} INFO - Running: ['airflow', 'tasks', 'run', 'xcom_dag', 'downloading_data', '2022-04-16T00:00:00+00:00', '--job-id', '103', '--pool', 'default_pool', '--raw', '--subdir', 'DAGS_FOLDER/xcom_dag.py', '--cfg-path', '/tmp/tmpv740y2t8', '--error-file', '/tmp/tmpdrny9gxy']
[2022-04-17 02:41:52,950] {standard_task_runner.py:77} INFO - Job 103: Subtask downloading_data
[2022-04-17 02:41:54,197] {logging_mixin.py:104} INFO - Running <TaskInstance: xcom_dag.downloading_data 2022-04-16T00:00:00+00:00 [running]> on host airflowvm
[2022-04-17 02:41:54,751] {taskinstance.py:1280} INFO - Exporting the following env vars:
AIRFLOW_CTX_DAG_OWNER=airflow
AIRFLOW_CTX_DAG_ID=xcom_dag
AIRFLOW_CTX_TASK_ID=downloading_data
AIRFLOW_CTX_EXECUTION_DATE=2022-04-16T00:00:00+00:00
AIRFLOW_CTX_DAG_RUN_ID=scheduled__2022-04-16T00:00:00+00:00
[2022-04-17 02:41:54,751] {subprocess.py:52} INFO - Tmp dir root location: 
 /tmp
[2022-04-17 02:41:54,757] {subprocess.py:63} INFO - Running command: ['bash', '-c', 'sleep 3']
[2022-04-17 02:41:54,809] {subprocess.py:75} INFO - Output:
[2022-04-17 02:41:57,889] {subprocess.py:83} INFO - Command exited with return code 0
[2022-04-17 02:41:57,934] {taskinstance.py:1184} INFO - Marking task as SUCCESS. dag_id=xcom_dag, task_id=downloading_data, execution_date=20220416T000000, start_date=20220417T024152, end_date=20220417T024157
[2022-04-17 02:41:58,239] {local_task_job.py:196} WARNING - State of this instance has been externally set to success. Terminating instance.
[2022-04-17 02:41:58,268] {process_utils.py:100} INFO - Sending Signals.SIGTERM to GPID 94586
[2022-04-17 02:41:58,440] {taskinstance.py:1264} ERROR - Received SIGTERM. Terminating subprocesses.
[2022-04-17 02:41:58,440] {subprocess.py:89} INFO - Sending SIGTERM signal to process group
[2022-04-17 02:41:58,457] {process_utils.py:66} INFO - Process psutil.Process(pid=94586, status='terminated', exitcode=1, started='02:41:51') (94586) terminated with exit code 1
[2022-04-17 03:20:51,047] {taskinstance.py:876} INFO - Dependencies all met for <TaskInstance: xcom_dag.downloading_data 2022-04-16T00:00:00+00:00 [queued]>
[2022-04-17 03:20:51,081] {taskinstance.py:876} INFO - Dependencies all met for <TaskInstance: xcom_dag.downloading_data 2022-04-16T00:00:00+00:00 [queued]>
[2022-04-17 03:20:51,081] {taskinstance.py:1067} INFO - 
--------------------------------------------------------------------------------
[2022-04-17 03:20:51,081] {taskinstance.py:1068} INFO - Starting attempt 1 of 1
[2022-04-17 03:20:51,082] {taskinstance.py:1069} INFO - 
--------------------------------------------------------------------------------
[2022-04-17 03:20:51,099] {taskinstance.py:1087} INFO - Executing <Task(BashOperator): downloading_data> on 2022-04-16T00:00:00+00:00
[2022-04-17 03:20:51,103] {standard_task_runner.py:52} INFO - Started process 106946 to run task
[2022-04-17 03:20:51,115] {standard_task_runner.py:76} INFO - Running: ['airflow', 'tasks', 'run', 'xcom_dag', 'downloading_data', '2022-04-16T00:00:00+00:00', '--job-id', '112', '--pool', 'default_pool', '--raw', '--subdir', 'DAGS_FOLDER/xcom_dag.py', '--cfg-path', '/tmp/tmpya8_jpkt', '--error-file', '/tmp/tmpiwt1en6q']
[2022-04-17 03:20:51,116] {standard_task_runner.py:77} INFO - Job 112: Subtask downloading_data
[2022-04-17 03:20:51,302] {logging_mixin.py:104} INFO - Running <TaskInstance: xcom_dag.downloading_data 2022-04-16T00:00:00+00:00 [running]> on host airflowvm
[2022-04-17 03:20:51,699] {taskinstance.py:1280} INFO - Exporting the following env vars:
AIRFLOW_CTX_DAG_OWNER=airflow
AIRFLOW_CTX_DAG_ID=xcom_dag
AIRFLOW_CTX_TASK_ID=downloading_data
AIRFLOW_CTX_EXECUTION_DATE=2022-04-16T00:00:00+00:00
AIRFLOW_CTX_DAG_RUN_ID=scheduled__2022-04-16T00:00:00+00:00
[2022-04-17 03:20:51,699] {subprocess.py:52} INFO - Tmp dir root location: 
 /tmp
[2022-04-17 03:20:51,700] {subprocess.py:63} INFO - Running command: ['bash', '-c', 'sleep 3']
[2022-04-17 03:20:51,742] {subprocess.py:75} INFO - Output:
[2022-04-17 03:20:54,770] {subprocess.py:83} INFO - Command exited with return code 0
[2022-04-17 03:20:54,797] {taskinstance.py:1184} INFO - Marking task as SUCCESS. dag_id=xcom_dag, task_id=downloading_data, execution_date=20220416T000000, start_date=20220417T032051, end_date=20220417T032054
[2022-04-17 03:20:54,862] {taskinstance.py:1245} INFO - 3 downstream tasks scheduled from follow-on schedule check
[2022-04-17 03:20:54,896] {local_task_job.py:151} INFO - Task exited with return code 0
