[2022-04-19 08:24:22,329] {taskinstance.py:876} INFO - Dependencies all met for <TaskInstance: parallel_dag.task_1 2022-04-19T08:24:19.368873+00:00 [queued]>
[2022-04-19 08:24:22,462] {taskinstance.py:876} INFO - Dependencies all met for <TaskInstance: parallel_dag.task_1 2022-04-19T08:24:19.368873+00:00 [queued]>
[2022-04-19 08:24:22,468] {taskinstance.py:1067} INFO - 
--------------------------------------------------------------------------------
[2022-04-19 08:24:22,468] {taskinstance.py:1068} INFO - Starting attempt 1 of 1
[2022-04-19 08:24:22,469] {taskinstance.py:1069} INFO - 
--------------------------------------------------------------------------------
[2022-04-19 08:24:22,535] {taskinstance.py:1087} INFO - Executing <Task(BashOperator): task_1> on 2022-04-19T08:24:19.368873+00:00
[2022-04-19 08:24:22,578] {standard_task_runner.py:76} INFO - Running: ['airflow', 'tasks', 'run', 'parallel_dag', 'task_1', '2022-04-19T08:24:19.368873+00:00', '--job-id', '141', '--pool', 'default_pool', '--raw', '--subdir', 'DAGS_FOLDER/parallel_dag.py', '--cfg-path', '/tmp/tmpx64j11f5', '--error-file', '/tmp/tmpjucu_h8j']
[2022-04-19 08:24:22,587] {standard_task_runner.py:52} INFO - Started process 45415 to run task
[2022-04-19 08:24:22,623] {standard_task_runner.py:77} INFO - Job 141: Subtask task_1
[2022-04-19 08:24:23,036] {logging_mixin.py:104} INFO - Running <TaskInstance: parallel_dag.task_1 2022-04-19T08:24:19.368873+00:00 [running]> on host airflowvm
[2022-04-19 08:24:23,511] {taskinstance.py:1280} INFO - Exporting the following env vars:
AIRFLOW_CTX_DAG_OWNER=airflow
AIRFLOW_CTX_DAG_ID=parallel_dag
AIRFLOW_CTX_TASK_ID=task_1
AIRFLOW_CTX_EXECUTION_DATE=2022-04-19T08:24:19.368873+00:00
AIRFLOW_CTX_DAG_RUN_ID=manual__2022-04-19T08:24:19.368873+00:00
[2022-04-19 08:24:23,514] {subprocess.py:52} INFO - Tmp dir root location: 
 /tmp
[2022-04-19 08:24:23,518] {subprocess.py:63} INFO - Running command: ['bash', '-c', 'sleep 3']
[2022-04-19 08:24:23,560] {subprocess.py:75} INFO - Output:
[2022-04-19 08:24:26,596] {subprocess.py:83} INFO - Command exited with return code 0
[2022-04-19 08:24:26,659] {taskinstance.py:1184} INFO - Marking task as SUCCESS. dag_id=parallel_dag, task_id=task_1, execution_date=20220419T082419, start_date=20220419T082422, end_date=20220419T082426
[2022-04-19 08:24:26,765] {taskinstance.py:1245} INFO - 2 downstream tasks scheduled from follow-on schedule check
[2022-04-19 08:24:26,774] {local_task_job.py:151} INFO - Task exited with return code 0
