[2022-04-02 16:13:07,571] {taskinstance.py:876} INFO - Dependencies all met for <TaskInstance: user_processing.creating_table 2022-04-02T16:11:41.268561+00:00 [queued]>
[2022-04-02 16:13:07,600] {taskinstance.py:876} INFO - Dependencies all met for <TaskInstance: user_processing.creating_table 2022-04-02T16:11:41.268561+00:00 [queued]>
[2022-04-02 16:13:07,609] {taskinstance.py:1067} INFO - 
--------------------------------------------------------------------------------
[2022-04-02 16:13:07,609] {taskinstance.py:1068} INFO - Starting attempt 1 of 1
[2022-04-02 16:13:07,609] {taskinstance.py:1069} INFO - 
--------------------------------------------------------------------------------
[2022-04-02 16:13:07,659] {taskinstance.py:1087} INFO - Executing <Task(SqliteOperator): creating_table> on 2022-04-02T16:11:41.268561+00:00
[2022-04-02 16:13:07,668] {standard_task_runner.py:52} INFO - Started process 2577 to run task
[2022-04-02 16:13:07,693] {standard_task_runner.py:76} INFO - Running: ['airflow', 'tasks', 'run', 'user_processing', 'creating_table', '2022-04-02T16:11:41.268561+00:00', '--job-id', '26', '--pool', 'default_pool', '--raw', '--subdir', 'DAGS_FOLDER/user_processing.py', '--cfg-path', '/tmp/tmpejhece6s', '--error-file', '/tmp/tmp4smmdjv1']
[2022-04-02 16:13:07,695] {standard_task_runner.py:77} INFO - Job 26: Subtask creating_table
[2022-04-02 16:13:08,137] {logging_mixin.py:104} INFO - Running <TaskInstance: user_processing.creating_table 2022-04-02T16:11:41.268561+00:00 [running]> on host airflowvm
[2022-04-02 16:13:08,380] {taskinstance.py:1280} INFO - Exporting the following env vars:
AIRFLOW_CTX_DAG_OWNER=airflow
AIRFLOW_CTX_DAG_ID=user_processing
AIRFLOW_CTX_TASK_ID=creating_table
AIRFLOW_CTX_EXECUTION_DATE=2022-04-02T16:11:41.268561+00:00
AIRFLOW_CTX_DAG_RUN_ID=manual__2022-04-02T16:11:41.268561+00:00
[2022-04-02 16:13:08,382] {sqlite.py:63} INFO - Executing: 
                    create table IF NOT EXISTS statedata(
                      
                        state_id text integer not null,
                        state_name text not null
                        
                    );
                
[2022-04-02 16:13:08,390] {base.py:69} INFO - Using connection to: id: db_sqlite. Host: /home/airflow/airflow/airflow.db, Port: None, Schema: , Login: , Password: ***, extra: {}
[2022-04-02 16:13:08,391] {dbapi.py:204} INFO - Running statement: 
                    create table IF NOT EXISTS statedata(
                      
                        state_id text integer not null,
                        state_name text not null
                        
                    );
                , parameters: []
[2022-04-02 16:13:08,406] {taskinstance.py:1184} INFO - Marking task as SUCCESS. dag_id=user_processing, task_id=creating_table, execution_date=20220402T161141, start_date=20220402T161307, end_date=20220402T161308
[2022-04-02 16:13:08,500] {taskinstance.py:1245} INFO - 1 downstream tasks scheduled from follow-on schedule check
[2022-04-02 16:13:08,548] {local_task_job.py:151} INFO - Task exited with return code 0
