[2022-04-01 15:14:51,500] {taskinstance.py:876} INFO - Dependencies all met for <TaskInstance: user_processing.is_api_available 2022-04-01T15:14:40.728618+00:00 [queued]>
[2022-04-01 15:14:51,506] {taskinstance.py:876} INFO - Dependencies all met for <TaskInstance: user_processing.is_api_available 2022-04-01T15:14:40.728618+00:00 [queued]>
[2022-04-01 15:14:51,506] {taskinstance.py:1067} INFO - 
--------------------------------------------------------------------------------
[2022-04-01 15:14:51,506] {taskinstance.py:1068} INFO - Starting attempt 1 of 1
[2022-04-01 15:14:51,506] {taskinstance.py:1069} INFO - 
--------------------------------------------------------------------------------
[2022-04-01 15:14:51,531] {taskinstance.py:1087} INFO - Executing <Task(HttpSensor): is_api_available> on 2022-04-01T15:14:40.728618+00:00
[2022-04-01 15:14:51,533] {standard_task_runner.py:52} INFO - Started process 12648 to run task
[2022-04-01 15:14:51,539] {standard_task_runner.py:76} INFO - Running: ['airflow', 'tasks', 'run', 'user_processing', 'is_api_available', '2022-04-01T15:14:40.728618+00:00', '--job-id', '15', '--pool', 'default_pool', '--raw', '--subdir', 'DAGS_FOLDER/user_processing.py', '--cfg-path', '/tmp/tmpm1nsffs6', '--error-file', '/tmp/tmpts2j4ytp']
[2022-04-01 15:14:51,540] {standard_task_runner.py:77} INFO - Job 15: Subtask is_api_available
[2022-04-01 15:14:51,658] {logging_mixin.py:104} INFO - Running <TaskInstance: user_processing.is_api_available 2022-04-01T15:14:40.728618+00:00 [running]> on host airflowvm
[2022-04-01 15:14:51,784] {taskinstance.py:1280} INFO - Exporting the following env vars:
AIRFLOW_CTX_DAG_OWNER=airflow
AIRFLOW_CTX_DAG_ID=user_processing
AIRFLOW_CTX_TASK_ID=is_api_available
AIRFLOW_CTX_EXECUTION_DATE=2022-04-01T15:14:40.728618+00:00
AIRFLOW_CTX_DAG_RUN_ID=manual__2022-04-01T15:14:40.728618+00:00
[2022-04-01 15:14:51,784] {http.py:101} INFO - Poking: api/v2/admin/location/states/
[2022-04-01 15:14:51,788] {base.py:69} INFO - Using connection to: id: user_api. Host: https://cdn-api.co-vin.in, Port: None, Schema: , Login: , Password: None, extra: {}
[2022-04-01 15:14:51,791] {http.py:140} INFO - Sending 'GET' to url: https://cdn-api.co-vin.in/api/v2/admin/location/states/
[2022-04-01 15:14:52,123] {base.py:243} INFO - Success criteria met. Exiting.
[2022-04-01 15:14:52,130] {taskinstance.py:1184} INFO - Marking task as SUCCESS. dag_id=user_processing, task_id=is_api_available, execution_date=20220401T151440, start_date=20220401T151451, end_date=20220401T151452
[2022-04-01 15:14:52,186] {taskinstance.py:1245} INFO - 1 downstream tasks scheduled from follow-on schedule check
[2022-04-01 15:14:52,230] {local_task_job.py:151} INFO - Task exited with return code 0
