[2022-04-19 08:24:36,508] {taskinstance.py:876} INFO - Dependencies all met for <TaskInstance: parallel_dag.task_4 2022-04-19T08:24:19.368873+00:00 [queued]>
[2022-04-19 08:24:36,539] {taskinstance.py:876} INFO - Dependencies all met for <TaskInstance: parallel_dag.task_4 2022-04-19T08:24:19.368873+00:00 [queued]>
[2022-04-19 08:24:36,540] {taskinstance.py:1067} INFO - 
--------------------------------------------------------------------------------
[2022-04-19 08:24:36,540] {taskinstance.py:1068} INFO - Starting attempt 1 of 1
[2022-04-19 08:24:36,541] {taskinstance.py:1069} INFO - 
--------------------------------------------------------------------------------
[2022-04-19 08:24:36,594] {taskinstance.py:1087} INFO - Executing <Task(BashOperator): task_4> on 2022-04-19T08:24:19.368873+00:00
[2022-04-19 08:24:36,629] {standard_task_runner.py:76} INFO - Running: ['airflow', 'tasks', 'run', 'parallel_dag', 'task_4', '2022-04-19T08:24:19.368873+00:00', '--job-id', '144', '--pool', 'default_pool', '--raw', '--subdir', 'DAGS_FOLDER/parallel_dag.py', '--cfg-path', '/tmp/tmpikk58bc6', '--error-file', '/tmp/tmp06ouznzf']
[2022-04-19 08:24:36,621] {standard_task_runner.py:52} INFO - Started process 45987 to run task
[2022-04-19 08:24:36,634] {standard_task_runner.py:77} INFO - Job 144: Subtask task_4
[2022-04-19 08:24:36,798] {logging_mixin.py:104} INFO - Running <TaskInstance: parallel_dag.task_4 2022-04-19T08:24:19.368873+00:00 [running]> on host airflowvm
[2022-04-19 08:24:42,204] {taskinstance.py:1280} INFO - Exporting the following env vars:
AIRFLOW_CTX_DAG_OWNER=airflow
AIRFLOW_CTX_DAG_ID=parallel_dag
AIRFLOW_CTX_TASK_ID=task_4
AIRFLOW_CTX_EXECUTION_DATE=2022-04-19T08:24:19.368873+00:00
AIRFLOW_CTX_DAG_RUN_ID=manual__2022-04-19T08:24:19.368873+00:00
[2022-04-19 08:24:42,205] {subprocess.py:52} INFO - Tmp dir root location: 
 /tmp
[2022-04-19 08:24:42,205] {subprocess.py:63} INFO - Running command: ['bash', '-c', 'sleep 3']
[2022-04-19 08:24:42,219] {subprocess.py:75} INFO - Output:
[2022-04-19 08:24:45,225] {subprocess.py:83} INFO - Command exited with return code 0
[2022-04-19 08:24:45,341] {taskinstance.py:1184} INFO - Marking task as SUCCESS. dag_id=parallel_dag, task_id=task_4, execution_date=20220419T082419, start_date=20220419T082436, end_date=20220419T082445
[2022-04-19 08:24:45,478] {taskinstance.py:1245} INFO - 0 downstream tasks scheduled from follow-on schedule check
[2022-04-19 08:24:45,484] {local_task_job.py:151} INFO - Task exited with return code 0
