[2022-04-02 16:12:57,186] {scheduler_job.py:182} INFO - Started process (PID=2464) to work on /home/airflow/airflow/dags/user_processing.py
[2022-04-02 16:12:57,193] {scheduler_job.py:633} INFO - Processing file /home/airflow/airflow/dags/user_processing.py for tasks to queue
[2022-04-02 16:12:57,198] {logging_mixin.py:104} INFO - [2022-04-02 16:12:57,197] {dagbag.py:487} INFO - Filling up the DagBag from /home/airflow/airflow/dags/user_processing.py
[2022-04-02 16:12:57,272] {logging_mixin.py:104} WARNING - /home/airflow/sandbox/lib/python3.8/site-packages/airflow/providers/sqlite/operators/sqlite.py:25 DeprecationWarning: This decorator is deprecated.

In previous versions, all subclasses of BaseOperator must use apply_default decorator for the`default_args` feature to work properly.

In current version, it is optional. The decorator is applied automatically using the metaclass.
[2022-04-02 16:12:59,158] {scheduler_job.py:643} INFO - DAG(s) dict_keys(['user_processing']) retrieved from /home/airflow/airflow/dags/user_processing.py
[2022-04-02 16:12:59,192] {logging_mixin.py:104} INFO - [2022-04-02 16:12:59,191] {dag.py:1832} INFO - Sync 1 DAGs
[2022-04-02 16:12:59,225] {logging_mixin.py:104} INFO - [2022-04-02 16:12:59,225] {dag.py:2305} INFO - Setting next_dagrun for user_processing to 2022-04-01 00:00:00+00:00
[2022-04-02 16:12:59,249] {scheduler_job.py:190} INFO - Processing /home/airflow/airflow/dags/user_processing.py took 2.078 seconds
[2022-04-02 16:14:29,505] {scheduler_job.py:182} INFO - Started process (PID=3173) to work on /home/airflow/airflow/dags/user_processing.py
[2022-04-02 16:14:29,506] {scheduler_job.py:633} INFO - Processing file /home/airflow/airflow/dags/user_processing.py for tasks to queue
[2022-04-02 16:14:29,507] {logging_mixin.py:104} INFO - [2022-04-02 16:14:29,507] {dagbag.py:487} INFO - Filling up the DagBag from /home/airflow/airflow/dags/user_processing.py
[2022-04-02 16:14:29,517] {logging_mixin.py:104} WARNING - /home/airflow/sandbox/lib/python3.8/site-packages/airflow/providers/sqlite/operators/sqlite.py:25 DeprecationWarning: This decorator is deprecated.

In previous versions, all subclasses of BaseOperator must use apply_default decorator for the`default_args` feature to work properly.

In current version, it is optional. The decorator is applied automatically using the metaclass.
[2022-04-02 16:14:29,986] {scheduler_job.py:643} INFO - DAG(s) dict_keys(['user_processing']) retrieved from /home/airflow/airflow/dags/user_processing.py
[2022-04-02 16:14:30,008] {logging_mixin.py:104} INFO - [2022-04-02 16:14:30,007] {dag.py:1832} INFO - Sync 1 DAGs
[2022-04-02 16:14:30,026] {logging_mixin.py:104} INFO - [2022-04-02 16:14:30,026] {dag.py:2305} INFO - Setting next_dagrun for user_processing to 2022-04-02 00:00:00+00:00
[2022-04-02 16:14:30,055] {scheduler_job.py:190} INFO - Processing /home/airflow/airflow/dags/user_processing.py took 0.555 seconds
[2022-04-02 16:15:04,802] {scheduler_job.py:182} INFO - Started process (PID=3201) to work on /home/airflow/airflow/dags/user_processing.py
[2022-04-02 16:15:04,803] {scheduler_job.py:633} INFO - Processing file /home/airflow/airflow/dags/user_processing.py for tasks to queue
[2022-04-02 16:15:04,803] {logging_mixin.py:104} INFO - [2022-04-02 16:15:04,803] {dagbag.py:487} INFO - Filling up the DagBag from /home/airflow/airflow/dags/user_processing.py
[2022-04-02 16:15:04,814] {logging_mixin.py:104} WARNING - /home/airflow/sandbox/lib/python3.8/site-packages/airflow/providers/sqlite/operators/sqlite.py:25 DeprecationWarning: This decorator is deprecated.

In previous versions, all subclasses of BaseOperator must use apply_default decorator for the`default_args` feature to work properly.

In current version, it is optional. The decorator is applied automatically using the metaclass.
[2022-04-02 16:15:05,481] {scheduler_job.py:643} INFO - DAG(s) dict_keys(['user_processing']) retrieved from /home/airflow/airflow/dags/user_processing.py
[2022-04-02 16:15:05,512] {logging_mixin.py:104} INFO - [2022-04-02 16:15:05,511] {dag.py:1832} INFO - Sync 1 DAGs
[2022-04-02 16:15:05,522] {logging_mixin.py:104} INFO - [2022-04-02 16:15:05,522] {dag.py:2305} INFO - Setting next_dagrun for user_processing to 2022-04-02 00:00:00+00:00
[2022-04-02 16:15:05,551] {scheduler_job.py:190} INFO - Processing /home/airflow/airflow/dags/user_processing.py took 0.752 seconds
[2022-04-02 16:15:43,599] {scheduler_job.py:182} INFO - Started process (PID=3233) to work on /home/airflow/airflow/dags/user_processing.py
[2022-04-02 16:15:43,601] {scheduler_job.py:633} INFO - Processing file /home/airflow/airflow/dags/user_processing.py for tasks to queue
[2022-04-02 16:15:43,602] {logging_mixin.py:104} INFO - [2022-04-02 16:15:43,602] {dagbag.py:487} INFO - Filling up the DagBag from /home/airflow/airflow/dags/user_processing.py
[2022-04-02 16:15:43,627] {logging_mixin.py:104} WARNING - /home/airflow/sandbox/lib/python3.8/site-packages/airflow/providers/sqlite/operators/sqlite.py:25 DeprecationWarning: This decorator is deprecated.

In previous versions, all subclasses of BaseOperator must use apply_default decorator for the`default_args` feature to work properly.

In current version, it is optional. The decorator is applied automatically using the metaclass.
[2022-04-02 16:15:44,305] {scheduler_job.py:643} INFO - DAG(s) dict_keys(['user_processing']) retrieved from /home/airflow/airflow/dags/user_processing.py
[2022-04-02 16:15:44,318] {logging_mixin.py:104} INFO - [2022-04-02 16:15:44,318] {dag.py:1832} INFO - Sync 1 DAGs
[2022-04-02 16:15:44,327] {logging_mixin.py:104} INFO - [2022-04-02 16:15:44,327] {dag.py:2305} INFO - Setting next_dagrun for user_processing to 2022-04-02 00:00:00+00:00
[2022-04-02 16:15:44,353] {scheduler_job.py:190} INFO - Processing /home/airflow/airflow/dags/user_processing.py took 0.762 seconds
[2022-04-02 16:16:20,118] {scheduler_job.py:182} INFO - Started process (PID=3263) to work on /home/airflow/airflow/dags/user_processing.py
[2022-04-02 16:16:20,121] {scheduler_job.py:633} INFO - Processing file /home/airflow/airflow/dags/user_processing.py for tasks to queue
[2022-04-02 16:16:20,123] {logging_mixin.py:104} INFO - [2022-04-02 16:16:20,122] {dagbag.py:487} INFO - Filling up the DagBag from /home/airflow/airflow/dags/user_processing.py
[2022-04-02 16:16:20,141] {logging_mixin.py:104} WARNING - /home/airflow/sandbox/lib/python3.8/site-packages/airflow/providers/sqlite/operators/sqlite.py:25 DeprecationWarning: This decorator is deprecated.

In previous versions, all subclasses of BaseOperator must use apply_default decorator for the`default_args` feature to work properly.

In current version, it is optional. The decorator is applied automatically using the metaclass.
[2022-04-02 16:16:20,775] {scheduler_job.py:643} INFO - DAG(s) dict_keys(['user_processing']) retrieved from /home/airflow/airflow/dags/user_processing.py
[2022-04-02 16:16:20,805] {logging_mixin.py:104} INFO - [2022-04-02 16:16:20,804] {dag.py:1832} INFO - Sync 1 DAGs
[2022-04-02 16:16:20,825] {logging_mixin.py:104} INFO - [2022-04-02 16:16:20,825] {dag.py:2305} INFO - Setting next_dagrun for user_processing to 2022-04-02 00:00:00+00:00
[2022-04-02 16:16:20,853] {scheduler_job.py:190} INFO - Processing /home/airflow/airflow/dags/user_processing.py took 0.740 seconds
[2022-04-02 16:16:56,150] {scheduler_job.py:182} INFO - Started process (PID=3294) to work on /home/airflow/airflow/dags/user_processing.py
[2022-04-02 16:16:56,152] {scheduler_job.py:633} INFO - Processing file /home/airflow/airflow/dags/user_processing.py for tasks to queue
[2022-04-02 16:16:56,152] {logging_mixin.py:104} INFO - [2022-04-02 16:16:56,152] {dagbag.py:487} INFO - Filling up the DagBag from /home/airflow/airflow/dags/user_processing.py
[2022-04-02 16:16:56,170] {logging_mixin.py:104} WARNING - /home/airflow/sandbox/lib/python3.8/site-packages/airflow/providers/sqlite/operators/sqlite.py:25 DeprecationWarning: This decorator is deprecated.

In previous versions, all subclasses of BaseOperator must use apply_default decorator for the`default_args` feature to work properly.

In current version, it is optional. The decorator is applied automatically using the metaclass.
[2022-04-02 16:16:56,899] {scheduler_job.py:643} INFO - DAG(s) dict_keys(['user_processing']) retrieved from /home/airflow/airflow/dags/user_processing.py
[2022-04-02 16:16:56,921] {logging_mixin.py:104} INFO - [2022-04-02 16:16:56,920] {dag.py:1832} INFO - Sync 1 DAGs
[2022-04-02 16:16:56,943] {logging_mixin.py:104} INFO - [2022-04-02 16:16:56,943] {dag.py:2305} INFO - Setting next_dagrun for user_processing to 2022-04-02 00:00:00+00:00
[2022-04-02 16:16:56,972] {scheduler_job.py:190} INFO - Processing /home/airflow/airflow/dags/user_processing.py took 0.828 seconds
[2022-04-02 16:17:28,193] {scheduler_job.py:182} INFO - Started process (PID=3333) to work on /home/airflow/airflow/dags/user_processing.py
[2022-04-02 16:17:28,194] {scheduler_job.py:633} INFO - Processing file /home/airflow/airflow/dags/user_processing.py for tasks to queue
[2022-04-02 16:17:28,195] {logging_mixin.py:104} INFO - [2022-04-02 16:17:28,195] {dagbag.py:487} INFO - Filling up the DagBag from /home/airflow/airflow/dags/user_processing.py
[2022-04-02 16:17:28,207] {logging_mixin.py:104} WARNING - /home/airflow/sandbox/lib/python3.8/site-packages/airflow/providers/sqlite/operators/sqlite.py:25 DeprecationWarning: This decorator is deprecated.

In previous versions, all subclasses of BaseOperator must use apply_default decorator for the`default_args` feature to work properly.

In current version, it is optional. The decorator is applied automatically using the metaclass.
[2022-04-02 16:17:28,829] {scheduler_job.py:643} INFO - DAG(s) dict_keys(['user_processing']) retrieved from /home/airflow/airflow/dags/user_processing.py
[2022-04-02 16:17:28,849] {logging_mixin.py:104} INFO - [2022-04-02 16:17:28,849] {dag.py:1832} INFO - Sync 1 DAGs
[2022-04-02 16:17:28,877] {logging_mixin.py:104} INFO - [2022-04-02 16:17:28,877] {dag.py:2305} INFO - Setting next_dagrun for user_processing to 2022-04-02 00:00:00+00:00
[2022-04-02 16:17:28,906] {scheduler_job.py:190} INFO - Processing /home/airflow/airflow/dags/user_processing.py took 0.716 seconds
[2022-04-02 16:18:07,533] {scheduler_job.py:182} INFO - Started process (PID=3425) to work on /home/airflow/airflow/dags/user_processing.py
[2022-04-02 16:18:07,536] {scheduler_job.py:633} INFO - Processing file /home/airflow/airflow/dags/user_processing.py for tasks to queue
[2022-04-02 16:18:07,538] {logging_mixin.py:104} INFO - [2022-04-02 16:18:07,538] {dagbag.py:487} INFO - Filling up the DagBag from /home/airflow/airflow/dags/user_processing.py
[2022-04-02 16:18:07,557] {logging_mixin.py:104} WARNING - /home/airflow/sandbox/lib/python3.8/site-packages/airflow/providers/sqlite/operators/sqlite.py:25 DeprecationWarning: This decorator is deprecated.

In previous versions, all subclasses of BaseOperator must use apply_default decorator for the`default_args` feature to work properly.

In current version, it is optional. The decorator is applied automatically using the metaclass.
[2022-04-02 16:18:07,960] {scheduler_job.py:643} INFO - DAG(s) dict_keys(['user_processing']) retrieved from /home/airflow/airflow/dags/user_processing.py
[2022-04-02 16:18:07,968] {logging_mixin.py:104} INFO - [2022-04-02 16:18:07,968] {dag.py:1832} INFO - Sync 1 DAGs
[2022-04-02 16:18:07,982] {logging_mixin.py:104} INFO - [2022-04-02 16:18:07,981] {dag.py:2305} INFO - Setting next_dagrun for user_processing to 2022-04-02 00:00:00+00:00
[2022-04-02 16:18:07,996] {scheduler_job.py:190} INFO - Processing /home/airflow/airflow/dags/user_processing.py took 0.469 seconds
[2022-04-02 16:18:44,804] {scheduler_job.py:182} INFO - Started process (PID=3456) to work on /home/airflow/airflow/dags/user_processing.py
[2022-04-02 16:18:44,808] {scheduler_job.py:633} INFO - Processing file /home/airflow/airflow/dags/user_processing.py for tasks to queue
[2022-04-02 16:18:44,808] {logging_mixin.py:104} INFO - [2022-04-02 16:18:44,808] {dagbag.py:487} INFO - Filling up the DagBag from /home/airflow/airflow/dags/user_processing.py
[2022-04-02 16:18:44,828] {logging_mixin.py:104} WARNING - /home/airflow/sandbox/lib/python3.8/site-packages/airflow/providers/sqlite/operators/sqlite.py:25 DeprecationWarning: This decorator is deprecated.

In previous versions, all subclasses of BaseOperator must use apply_default decorator for the`default_args` feature to work properly.

In current version, it is optional. The decorator is applied automatically using the metaclass.
[2022-04-02 16:18:45,451] {scheduler_job.py:643} INFO - DAG(s) dict_keys(['user_processing']) retrieved from /home/airflow/airflow/dags/user_processing.py
[2022-04-02 16:18:45,470] {logging_mixin.py:104} INFO - [2022-04-02 16:18:45,469] {dag.py:1832} INFO - Sync 1 DAGs
[2022-04-02 16:18:45,485] {logging_mixin.py:104} INFO - [2022-04-02 16:18:45,485] {dag.py:2305} INFO - Setting next_dagrun for user_processing to 2022-04-02 00:00:00+00:00
[2022-04-02 16:18:45,511] {scheduler_job.py:190} INFO - Processing /home/airflow/airflow/dags/user_processing.py took 0.713 seconds
[2022-04-02 16:19:22,281] {scheduler_job.py:182} INFO - Started process (PID=3487) to work on /home/airflow/airflow/dags/user_processing.py
[2022-04-02 16:19:22,282] {scheduler_job.py:633} INFO - Processing file /home/airflow/airflow/dags/user_processing.py for tasks to queue
[2022-04-02 16:19:22,283] {logging_mixin.py:104} INFO - [2022-04-02 16:19:22,283] {dagbag.py:487} INFO - Filling up the DagBag from /home/airflow/airflow/dags/user_processing.py
[2022-04-02 16:19:22,305] {logging_mixin.py:104} WARNING - /home/airflow/sandbox/lib/python3.8/site-packages/airflow/providers/sqlite/operators/sqlite.py:25 DeprecationWarning: This decorator is deprecated.

In previous versions, all subclasses of BaseOperator must use apply_default decorator for the`default_args` feature to work properly.

In current version, it is optional. The decorator is applied automatically using the metaclass.
[2022-04-02 16:19:22,813] {scheduler_job.py:643} INFO - DAG(s) dict_keys(['user_processing']) retrieved from /home/airflow/airflow/dags/user_processing.py
[2022-04-02 16:19:22,823] {logging_mixin.py:104} INFO - [2022-04-02 16:19:22,823] {dag.py:1832} INFO - Sync 1 DAGs
[2022-04-02 16:19:22,834] {logging_mixin.py:104} INFO - [2022-04-02 16:19:22,833] {dag.py:2305} INFO - Setting next_dagrun for user_processing to 2022-04-02 00:00:00+00:00
[2022-04-02 16:19:22,848] {scheduler_job.py:190} INFO - Processing /home/airflow/airflow/dags/user_processing.py took 0.571 seconds
[2022-04-02 16:19:55,032] {scheduler_job.py:182} INFO - Started process (PID=3612) to work on /home/airflow/airflow/dags/user_processing.py
[2022-04-02 16:19:55,034] {scheduler_job.py:633} INFO - Processing file /home/airflow/airflow/dags/user_processing.py for tasks to queue
[2022-04-02 16:19:55,034] {logging_mixin.py:104} INFO - [2022-04-02 16:19:55,034] {dagbag.py:487} INFO - Filling up the DagBag from /home/airflow/airflow/dags/user_processing.py
[2022-04-02 16:19:55,052] {logging_mixin.py:104} WARNING - /home/airflow/sandbox/lib/python3.8/site-packages/airflow/providers/sqlite/operators/sqlite.py:25 DeprecationWarning: This decorator is deprecated.

In previous versions, all subclasses of BaseOperator must use apply_default decorator for the`default_args` feature to work properly.

In current version, it is optional. The decorator is applied automatically using the metaclass.
[2022-04-02 16:19:55,572] {scheduler_job.py:643} INFO - DAG(s) dict_keys(['user_processing']) retrieved from /home/airflow/airflow/dags/user_processing.py
[2022-04-02 16:19:55,580] {logging_mixin.py:104} INFO - [2022-04-02 16:19:55,580] {dag.py:1832} INFO - Sync 1 DAGs
[2022-04-02 16:19:55,589] {logging_mixin.py:104} INFO - [2022-04-02 16:19:55,588] {dag.py:2305} INFO - Setting next_dagrun for user_processing to 2022-04-02 00:00:00+00:00
[2022-04-02 16:19:55,602] {scheduler_job.py:190} INFO - Processing /home/airflow/airflow/dags/user_processing.py took 0.574 seconds
[2022-04-02 16:20:26,783] {scheduler_job.py:182} INFO - Started process (PID=3639) to work on /home/airflow/airflow/dags/user_processing.py
[2022-04-02 16:20:26,786] {scheduler_job.py:633} INFO - Processing file /home/airflow/airflow/dags/user_processing.py for tasks to queue
[2022-04-02 16:20:26,788] {logging_mixin.py:104} INFO - [2022-04-02 16:20:26,788] {dagbag.py:487} INFO - Filling up the DagBag from /home/airflow/airflow/dags/user_processing.py
[2022-04-02 16:20:26,810] {logging_mixin.py:104} WARNING - /home/airflow/sandbox/lib/python3.8/site-packages/airflow/providers/sqlite/operators/sqlite.py:25 DeprecationWarning: This decorator is deprecated.

In previous versions, all subclasses of BaseOperator must use apply_default decorator for the`default_args` feature to work properly.

In current version, it is optional. The decorator is applied automatically using the metaclass.
[2022-04-02 16:20:27,389] {scheduler_job.py:643} INFO - DAG(s) dict_keys(['user_processing']) retrieved from /home/airflow/airflow/dags/user_processing.py
[2022-04-02 16:20:27,400] {logging_mixin.py:104} INFO - [2022-04-02 16:20:27,400] {dag.py:1832} INFO - Sync 1 DAGs
[2022-04-02 16:20:27,420] {logging_mixin.py:104} INFO - [2022-04-02 16:20:27,420] {dag.py:2305} INFO - Setting next_dagrun for user_processing to 2022-04-02 00:00:00+00:00
[2022-04-02 16:20:27,446] {scheduler_job.py:190} INFO - Processing /home/airflow/airflow/dags/user_processing.py took 0.670 seconds
[2022-04-02 16:20:59,142] {scheduler_job.py:182} INFO - Started process (PID=3665) to work on /home/airflow/airflow/dags/user_processing.py
[2022-04-02 16:20:59,145] {scheduler_job.py:633} INFO - Processing file /home/airflow/airflow/dags/user_processing.py for tasks to queue
[2022-04-02 16:20:59,146] {logging_mixin.py:104} INFO - [2022-04-02 16:20:59,146] {dagbag.py:487} INFO - Filling up the DagBag from /home/airflow/airflow/dags/user_processing.py
[2022-04-02 16:20:59,169] {logging_mixin.py:104} WARNING - /home/airflow/sandbox/lib/python3.8/site-packages/airflow/providers/sqlite/operators/sqlite.py:25 DeprecationWarning: This decorator is deprecated.

In previous versions, all subclasses of BaseOperator must use apply_default decorator for the`default_args` feature to work properly.

In current version, it is optional. The decorator is applied automatically using the metaclass.
[2022-04-02 16:20:59,870] {scheduler_job.py:643} INFO - DAG(s) dict_keys(['user_processing']) retrieved from /home/airflow/airflow/dags/user_processing.py
[2022-04-02 16:20:59,882] {logging_mixin.py:104} INFO - [2022-04-02 16:20:59,881] {dag.py:1832} INFO - Sync 1 DAGs
[2022-04-02 16:20:59,894] {logging_mixin.py:104} INFO - [2022-04-02 16:20:59,894] {dag.py:2305} INFO - Setting next_dagrun for user_processing to 2022-04-02 00:00:00+00:00
[2022-04-02 16:20:59,914] {scheduler_job.py:190} INFO - Processing /home/airflow/airflow/dags/user_processing.py took 0.780 seconds
[2022-04-02 16:21:32,740] {scheduler_job.py:182} INFO - Started process (PID=3693) to work on /home/airflow/airflow/dags/user_processing.py
[2022-04-02 16:21:32,741] {scheduler_job.py:633} INFO - Processing file /home/airflow/airflow/dags/user_processing.py for tasks to queue
[2022-04-02 16:21:32,742] {logging_mixin.py:104} INFO - [2022-04-02 16:21:32,742] {dagbag.py:487} INFO - Filling up the DagBag from /home/airflow/airflow/dags/user_processing.py
[2022-04-02 16:21:32,759] {logging_mixin.py:104} WARNING - /home/airflow/sandbox/lib/python3.8/site-packages/airflow/providers/sqlite/operators/sqlite.py:25 DeprecationWarning: This decorator is deprecated.

In previous versions, all subclasses of BaseOperator must use apply_default decorator for the`default_args` feature to work properly.

In current version, it is optional. The decorator is applied automatically using the metaclass.
[2022-04-02 16:21:33,247] {scheduler_job.py:643} INFO - DAG(s) dict_keys(['user_processing']) retrieved from /home/airflow/airflow/dags/user_processing.py
[2022-04-02 16:21:33,279] {logging_mixin.py:104} INFO - [2022-04-02 16:21:33,278] {dag.py:1832} INFO - Sync 1 DAGs
[2022-04-02 16:21:33,293] {logging_mixin.py:104} INFO - [2022-04-02 16:21:33,293] {dag.py:2305} INFO - Setting next_dagrun for user_processing to 2022-04-02 00:00:00+00:00
[2022-04-02 16:21:33,314] {scheduler_job.py:190} INFO - Processing /home/airflow/airflow/dags/user_processing.py took 0.578 seconds
[2022-04-02 16:22:06,229] {scheduler_job.py:182} INFO - Started process (PID=3722) to work on /home/airflow/airflow/dags/user_processing.py
[2022-04-02 16:22:06,231] {scheduler_job.py:633} INFO - Processing file /home/airflow/airflow/dags/user_processing.py for tasks to queue
[2022-04-02 16:22:06,232] {logging_mixin.py:104} INFO - [2022-04-02 16:22:06,232] {dagbag.py:487} INFO - Filling up the DagBag from /home/airflow/airflow/dags/user_processing.py
[2022-04-02 16:22:06,251] {logging_mixin.py:104} WARNING - /home/airflow/sandbox/lib/python3.8/site-packages/airflow/providers/sqlite/operators/sqlite.py:25 DeprecationWarning: This decorator is deprecated.

In previous versions, all subclasses of BaseOperator must use apply_default decorator for the`default_args` feature to work properly.

In current version, it is optional. The decorator is applied automatically using the metaclass.
[2022-04-02 16:22:06,747] {scheduler_job.py:643} INFO - DAG(s) dict_keys(['user_processing']) retrieved from /home/airflow/airflow/dags/user_processing.py
[2022-04-02 16:22:06,759] {logging_mixin.py:104} INFO - [2022-04-02 16:22:06,759] {dag.py:1832} INFO - Sync 1 DAGs
[2022-04-02 16:22:06,771] {logging_mixin.py:104} INFO - [2022-04-02 16:22:06,771] {dag.py:2305} INFO - Setting next_dagrun for user_processing to 2022-04-02 00:00:00+00:00
[2022-04-02 16:22:06,789] {scheduler_job.py:190} INFO - Processing /home/airflow/airflow/dags/user_processing.py took 0.565 seconds
[2022-04-02 16:22:41,750] {scheduler_job.py:182} INFO - Started process (PID=3751) to work on /home/airflow/airflow/dags/user_processing.py
[2022-04-02 16:22:41,751] {scheduler_job.py:633} INFO - Processing file /home/airflow/airflow/dags/user_processing.py for tasks to queue
[2022-04-02 16:22:41,752] {logging_mixin.py:104} INFO - [2022-04-02 16:22:41,752] {dagbag.py:487} INFO - Filling up the DagBag from /home/airflow/airflow/dags/user_processing.py
[2022-04-02 16:22:41,775] {logging_mixin.py:104} WARNING - /home/airflow/sandbox/lib/python3.8/site-packages/airflow/providers/sqlite/operators/sqlite.py:25 DeprecationWarning: This decorator is deprecated.

In previous versions, all subclasses of BaseOperator must use apply_default decorator for the`default_args` feature to work properly.

In current version, it is optional. The decorator is applied automatically using the metaclass.
[2022-04-02 16:22:42,330] {scheduler_job.py:643} INFO - DAG(s) dict_keys(['user_processing']) retrieved from /home/airflow/airflow/dags/user_processing.py
[2022-04-02 16:22:42,349] {logging_mixin.py:104} INFO - [2022-04-02 16:22:42,349] {dag.py:1832} INFO - Sync 1 DAGs
[2022-04-02 16:22:42,373] {logging_mixin.py:104} INFO - [2022-04-02 16:22:42,372] {dag.py:2305} INFO - Setting next_dagrun for user_processing to 2022-04-02 00:00:00+00:00
[2022-04-02 16:22:42,400] {scheduler_job.py:190} INFO - Processing /home/airflow/airflow/dags/user_processing.py took 0.651 seconds
[2022-04-02 16:23:18,421] {scheduler_job.py:182} INFO - Started process (PID=3824) to work on /home/airflow/airflow/dags/user_processing.py
[2022-04-02 16:23:18,423] {scheduler_job.py:633} INFO - Processing file /home/airflow/airflow/dags/user_processing.py for tasks to queue
[2022-04-02 16:23:18,425] {logging_mixin.py:104} INFO - [2022-04-02 16:23:18,424] {dagbag.py:487} INFO - Filling up the DagBag from /home/airflow/airflow/dags/user_processing.py
[2022-04-02 16:23:18,453] {logging_mixin.py:104} WARNING - /home/airflow/sandbox/lib/python3.8/site-packages/airflow/providers/sqlite/operators/sqlite.py:25 DeprecationWarning: This decorator is deprecated.

In previous versions, all subclasses of BaseOperator must use apply_default decorator for the`default_args` feature to work properly.

In current version, it is optional. The decorator is applied automatically using the metaclass.
[2022-04-02 16:23:19,019] {scheduler_job.py:643} INFO - DAG(s) dict_keys(['user_processing']) retrieved from /home/airflow/airflow/dags/user_processing.py
[2022-04-02 16:23:19,038] {logging_mixin.py:104} INFO - [2022-04-02 16:23:19,037] {dag.py:1832} INFO - Sync 1 DAGs
[2022-04-02 16:23:19,063] {logging_mixin.py:104} INFO - [2022-04-02 16:23:19,063] {dag.py:2305} INFO - Setting next_dagrun for user_processing to 2022-04-02 00:00:00+00:00
[2022-04-02 16:23:19,094] {scheduler_job.py:190} INFO - Processing /home/airflow/airflow/dags/user_processing.py took 0.679 seconds
[2022-04-02 16:23:56,999] {scheduler_job.py:182} INFO - Started process (PID=3857) to work on /home/airflow/airflow/dags/user_processing.py
[2022-04-02 16:23:57,000] {scheduler_job.py:633} INFO - Processing file /home/airflow/airflow/dags/user_processing.py for tasks to queue
[2022-04-02 16:23:57,001] {logging_mixin.py:104} INFO - [2022-04-02 16:23:57,001] {dagbag.py:487} INFO - Filling up the DagBag from /home/airflow/airflow/dags/user_processing.py
[2022-04-02 16:23:57,011] {logging_mixin.py:104} WARNING - /home/airflow/sandbox/lib/python3.8/site-packages/airflow/providers/sqlite/operators/sqlite.py:25 DeprecationWarning: This decorator is deprecated.

In previous versions, all subclasses of BaseOperator must use apply_default decorator for the`default_args` feature to work properly.

In current version, it is optional. The decorator is applied automatically using the metaclass.
[2022-04-02 16:23:57,480] {scheduler_job.py:643} INFO - DAG(s) dict_keys(['user_processing']) retrieved from /home/airflow/airflow/dags/user_processing.py
[2022-04-02 16:23:57,493] {logging_mixin.py:104} INFO - [2022-04-02 16:23:57,492] {dag.py:1832} INFO - Sync 1 DAGs
[2022-04-02 16:23:57,506] {logging_mixin.py:104} INFO - [2022-04-02 16:23:57,506] {dag.py:2305} INFO - Setting next_dagrun for user_processing to 2022-04-02 00:00:00+00:00
[2022-04-02 16:23:57,522] {scheduler_job.py:190} INFO - Processing /home/airflow/airflow/dags/user_processing.py took 0.525 seconds
[2022-04-02 16:24:35,570] {scheduler_job.py:182} INFO - Started process (PID=3888) to work on /home/airflow/airflow/dags/user_processing.py
[2022-04-02 16:24:35,572] {scheduler_job.py:633} INFO - Processing file /home/airflow/airflow/dags/user_processing.py for tasks to queue
[2022-04-02 16:24:35,573] {logging_mixin.py:104} INFO - [2022-04-02 16:24:35,573] {dagbag.py:487} INFO - Filling up the DagBag from /home/airflow/airflow/dags/user_processing.py
[2022-04-02 16:24:35,592] {logging_mixin.py:104} WARNING - /home/airflow/sandbox/lib/python3.8/site-packages/airflow/providers/sqlite/operators/sqlite.py:25 DeprecationWarning: This decorator is deprecated.

In previous versions, all subclasses of BaseOperator must use apply_default decorator for the`default_args` feature to work properly.

In current version, it is optional. The decorator is applied automatically using the metaclass.
[2022-04-02 16:24:36,154] {scheduler_job.py:643} INFO - DAG(s) dict_keys(['user_processing']) retrieved from /home/airflow/airflow/dags/user_processing.py
[2022-04-02 16:24:36,170] {logging_mixin.py:104} INFO - [2022-04-02 16:24:36,170] {dag.py:1832} INFO - Sync 1 DAGs
[2022-04-02 16:24:36,199] {logging_mixin.py:104} INFO - [2022-04-02 16:24:36,199] {dag.py:2305} INFO - Setting next_dagrun for user_processing to 2022-04-02 00:00:00+00:00
[2022-04-02 16:24:36,225] {scheduler_job.py:190} INFO - Processing /home/airflow/airflow/dags/user_processing.py took 0.661 seconds
[2022-04-02 16:25:07,231] {scheduler_job.py:182} INFO - Started process (PID=3915) to work on /home/airflow/airflow/dags/user_processing.py
[2022-04-02 16:25:07,234] {scheduler_job.py:633} INFO - Processing file /home/airflow/airflow/dags/user_processing.py for tasks to queue
[2022-04-02 16:25:07,235] {logging_mixin.py:104} INFO - [2022-04-02 16:25:07,235] {dagbag.py:487} INFO - Filling up the DagBag from /home/airflow/airflow/dags/user_processing.py
[2022-04-02 16:25:07,260] {logging_mixin.py:104} WARNING - /home/airflow/sandbox/lib/python3.8/site-packages/airflow/providers/sqlite/operators/sqlite.py:25 DeprecationWarning: This decorator is deprecated.

In previous versions, all subclasses of BaseOperator must use apply_default decorator for the`default_args` feature to work properly.

In current version, it is optional. The decorator is applied automatically using the metaclass.
[2022-04-02 16:25:07,908] {scheduler_job.py:643} INFO - DAG(s) dict_keys(['user_processing']) retrieved from /home/airflow/airflow/dags/user_processing.py
[2022-04-02 16:25:07,926] {logging_mixin.py:104} INFO - [2022-04-02 16:25:07,925] {dag.py:1832} INFO - Sync 1 DAGs
[2022-04-02 16:25:07,939] {logging_mixin.py:104} INFO - [2022-04-02 16:25:07,939] {dag.py:2305} INFO - Setting next_dagrun for user_processing to 2022-04-02 00:00:00+00:00
[2022-04-02 16:25:07,969] {scheduler_job.py:190} INFO - Processing /home/airflow/airflow/dags/user_processing.py took 0.744 seconds
[2022-04-02 16:25:46,584] {scheduler_job.py:182} INFO - Started process (PID=3947) to work on /home/airflow/airflow/dags/user_processing.py
[2022-04-02 16:25:46,587] {scheduler_job.py:633} INFO - Processing file /home/airflow/airflow/dags/user_processing.py for tasks to queue
[2022-04-02 16:25:46,588] {logging_mixin.py:104} INFO - [2022-04-02 16:25:46,588] {dagbag.py:487} INFO - Filling up the DagBag from /home/airflow/airflow/dags/user_processing.py
[2022-04-02 16:25:46,607] {logging_mixin.py:104} WARNING - /home/airflow/sandbox/lib/python3.8/site-packages/airflow/providers/sqlite/operators/sqlite.py:25 DeprecationWarning: This decorator is deprecated.

In previous versions, all subclasses of BaseOperator must use apply_default decorator for the`default_args` feature to work properly.

In current version, it is optional. The decorator is applied automatically using the metaclass.
[2022-04-02 16:25:47,180] {scheduler_job.py:643} INFO - DAG(s) dict_keys(['user_processing']) retrieved from /home/airflow/airflow/dags/user_processing.py
[2022-04-02 16:25:47,188] {logging_mixin.py:104} INFO - [2022-04-02 16:25:47,188] {dag.py:1832} INFO - Sync 1 DAGs
[2022-04-02 16:25:47,204] {logging_mixin.py:104} INFO - [2022-04-02 16:25:47,204] {dag.py:2305} INFO - Setting next_dagrun for user_processing to 2022-04-02 00:00:00+00:00
[2022-04-02 16:25:47,232] {scheduler_job.py:190} INFO - Processing /home/airflow/airflow/dags/user_processing.py took 0.653 seconds
[2022-04-02 16:26:23,117] {scheduler_job.py:182} INFO - Started process (PID=3977) to work on /home/airflow/airflow/dags/user_processing.py
[2022-04-02 16:26:23,119] {scheduler_job.py:633} INFO - Processing file /home/airflow/airflow/dags/user_processing.py for tasks to queue
[2022-04-02 16:26:23,120] {logging_mixin.py:104} INFO - [2022-04-02 16:26:23,120] {dagbag.py:487} INFO - Filling up the DagBag from /home/airflow/airflow/dags/user_processing.py
[2022-04-02 16:26:23,146] {logging_mixin.py:104} WARNING - /home/airflow/sandbox/lib/python3.8/site-packages/airflow/providers/sqlite/operators/sqlite.py:25 DeprecationWarning: This decorator is deprecated.

In previous versions, all subclasses of BaseOperator must use apply_default decorator for the`default_args` feature to work properly.

In current version, it is optional. The decorator is applied automatically using the metaclass.
[2022-04-02 16:26:23,649] {scheduler_job.py:643} INFO - DAG(s) dict_keys(['user_processing']) retrieved from /home/airflow/airflow/dags/user_processing.py
[2022-04-02 16:26:23,662] {logging_mixin.py:104} INFO - [2022-04-02 16:26:23,662] {dag.py:1832} INFO - Sync 1 DAGs
[2022-04-02 16:26:23,682] {logging_mixin.py:104} INFO - [2022-04-02 16:26:23,681] {dag.py:2305} INFO - Setting next_dagrun for user_processing to 2022-04-02 00:00:00+00:00
[2022-04-02 16:26:23,709] {scheduler_job.py:190} INFO - Processing /home/airflow/airflow/dags/user_processing.py took 0.597 seconds
[2022-04-02 16:27:00,008] {scheduler_job.py:182} INFO - Started process (PID=4008) to work on /home/airflow/airflow/dags/user_processing.py
[2022-04-02 16:27:00,012] {scheduler_job.py:633} INFO - Processing file /home/airflow/airflow/dags/user_processing.py for tasks to queue
[2022-04-02 16:27:00,014] {logging_mixin.py:104} INFO - [2022-04-02 16:27:00,014] {dagbag.py:487} INFO - Filling up the DagBag from /home/airflow/airflow/dags/user_processing.py
[2022-04-02 16:27:00,038] {logging_mixin.py:104} WARNING - /home/airflow/sandbox/lib/python3.8/site-packages/airflow/providers/sqlite/operators/sqlite.py:25 DeprecationWarning: This decorator is deprecated.

In previous versions, all subclasses of BaseOperator must use apply_default decorator for the`default_args` feature to work properly.

In current version, it is optional. The decorator is applied automatically using the metaclass.
[2022-04-02 16:27:00,614] {scheduler_job.py:643} INFO - DAG(s) dict_keys(['user_processing']) retrieved from /home/airflow/airflow/dags/user_processing.py
[2022-04-02 16:27:00,622] {logging_mixin.py:104} INFO - [2022-04-02 16:27:00,622] {dag.py:1832} INFO - Sync 1 DAGs
[2022-04-02 16:27:00,631] {logging_mixin.py:104} INFO - [2022-04-02 16:27:00,631] {dag.py:2305} INFO - Setting next_dagrun for user_processing to 2022-04-02 00:00:00+00:00
[2022-04-02 16:27:00,660] {scheduler_job.py:190} INFO - Processing /home/airflow/airflow/dags/user_processing.py took 0.659 seconds
