[2022-04-11 17:49:46,533] {taskinstance.py:876} INFO - Dependencies all met for <TaskInstance: paralled_dag.task_4 2022-04-10T00:00:00+00:00 [queued]>
[2022-04-11 17:49:46,669] {taskinstance.py:876} INFO - Dependencies all met for <TaskInstance: paralled_dag.task_4 2022-04-10T00:00:00+00:00 [queued]>
[2022-04-11 17:49:46,669] {taskinstance.py:1067} INFO - 
--------------------------------------------------------------------------------
[2022-04-11 17:49:46,670] {taskinstance.py:1068} INFO - Starting attempt 1 of 1
[2022-04-11 17:49:46,670] {taskinstance.py:1069} INFO - 
--------------------------------------------------------------------------------
[2022-04-11 17:49:46,782] {taskinstance.py:1087} INFO - Executing <Task(BashOperator): task_4> on 2022-04-10T00:00:00+00:00
[2022-04-11 17:49:46,798] {standard_task_runner.py:52} INFO - Started process 78106 to run task
[2022-04-11 17:49:46,844] {standard_task_runner.py:76} INFO - Running: ['airflow', 'tasks', 'run', 'paralled_dag', 'task_4', '2022-04-10T00:00:00+00:00', '--job-id', '5', '--pool', 'default_pool', '--raw', '--subdir', 'DAGS_FOLDER/parallel_dag.py', '--cfg-path', '/tmp/tmpbup3pf54', '--error-file', '/tmp/tmp38k0z23d']
[2022-04-11 17:49:46,868] {standard_task_runner.py:77} INFO - Job 5: Subtask task_4
[2022-04-11 17:49:47,483] {logging_mixin.py:104} INFO - Running <TaskInstance: paralled_dag.task_4 2022-04-10T00:00:00+00:00 [running]> on host airflowvm
[2022-04-11 17:49:48,122] {taskinstance.py:1280} INFO - Exporting the following env vars:
AIRFLOW_CTX_DAG_OWNER=airflow
AIRFLOW_CTX_DAG_ID=paralled_dag
AIRFLOW_CTX_TASK_ID=task_4
AIRFLOW_CTX_EXECUTION_DATE=2022-04-10T00:00:00+00:00
AIRFLOW_CTX_DAG_RUN_ID=scheduled__2022-04-10T00:00:00+00:00
[2022-04-11 17:49:48,125] {subprocess.py:52} INFO - Tmp dir root location: 
 /tmp
[2022-04-11 17:49:48,135] {subprocess.py:63} INFO - Running command: ['bash', '-c', 'sleep 3']
[2022-04-11 17:49:48,180] {subprocess.py:75} INFO - Output:
[2022-04-11 17:49:51,231] {subprocess.py:83} INFO - Command exited with return code 0
[2022-04-11 17:49:51,359] {taskinstance.py:1184} INFO - Marking task as SUCCESS. dag_id=paralled_dag, task_id=task_4, execution_date=20220410T000000, start_date=20220411T174946, end_date=20220411T174951
[2022-04-11 17:49:51,456] {taskinstance.py:1245} INFO - 0 downstream tasks scheduled from follow-on schedule check
[2022-04-11 17:49:51,470] {local_task_job.py:151} INFO - Task exited with return code 0
