[2022-04-12 04:05:36,397] {scheduler_job.py:182} INFO - Started process (PID=82159) to work on /home/airflow/airflow/dags/parallel_dag.py
[2022-04-12 04:05:36,451] {scheduler_job.py:633} INFO - Processing file /home/airflow/airflow/dags/parallel_dag.py for tasks to queue
[2022-04-12 04:05:36,455] {logging_mixin.py:104} INFO - [2022-04-12 04:05:36,455] {dagbag.py:487} INFO - Filling up the DagBag from /home/airflow/airflow/dags/parallel_dag.py
[2022-04-12 04:05:36,585] {scheduler_job.py:643} INFO - DAG(s) dict_keys(['paralled_dag']) retrieved from /home/airflow/airflow/dags/parallel_dag.py
[2022-04-12 04:05:37,051] {logging_mixin.py:104} INFO - [2022-04-12 04:05:37,050] {dag.py:1832} INFO - Sync 1 DAGs
[2022-04-12 04:05:37,321] {logging_mixin.py:104} INFO - [2022-04-12 04:05:37,321] {dag.py:2305} INFO - Setting next_dagrun for paralled_dag to 2022-04-12 00:00:00+00:00
[2022-04-12 04:05:37,912] {scheduler_job.py:190} INFO - Processing /home/airflow/airflow/dags/parallel_dag.py took 1.568 seconds
[2022-04-12 04:06:23,978] {scheduler_job.py:182} INFO - Started process (PID=83572) to work on /home/airflow/airflow/dags/parallel_dag.py
[2022-04-12 04:06:23,979] {scheduler_job.py:633} INFO - Processing file /home/airflow/airflow/dags/parallel_dag.py for tasks to queue
[2022-04-12 04:06:23,982] {logging_mixin.py:104} INFO - [2022-04-12 04:06:23,982] {dagbag.py:487} INFO - Filling up the DagBag from /home/airflow/airflow/dags/parallel_dag.py
[2022-04-12 04:06:24,007] {scheduler_job.py:643} INFO - DAG(s) dict_keys(['paralled_dag']) retrieved from /home/airflow/airflow/dags/parallel_dag.py
[2022-04-12 04:06:24,037] {logging_mixin.py:104} INFO - [2022-04-12 04:06:24,036] {dag.py:1832} INFO - Sync 1 DAGs
[2022-04-12 04:06:24,050] {logging_mixin.py:104} INFO - [2022-04-12 04:06:24,050] {dag.py:2305} INFO - Setting next_dagrun for paralled_dag to 2022-04-12 00:00:00+00:00
[2022-04-12 04:06:24,065] {scheduler_job.py:190} INFO - Processing /home/airflow/airflow/dags/parallel_dag.py took 0.091 seconds
[2022-04-12 04:06:54,684] {scheduler_job.py:182} INFO - Started process (PID=83947) to work on /home/airflow/airflow/dags/parallel_dag.py
[2022-04-12 04:06:54,694] {scheduler_job.py:633} INFO - Processing file /home/airflow/airflow/dags/parallel_dag.py for tasks to queue
[2022-04-12 04:06:54,703] {logging_mixin.py:104} INFO - [2022-04-12 04:06:54,703] {dagbag.py:487} INFO - Filling up the DagBag from /home/airflow/airflow/dags/parallel_dag.py
[2022-04-12 04:06:54,729] {scheduler_job.py:643} INFO - DAG(s) dict_keys(['paralled_dag']) retrieved from /home/airflow/airflow/dags/parallel_dag.py
[2022-04-12 04:06:54,797] {logging_mixin.py:104} INFO - [2022-04-12 04:06:54,797] {dag.py:1832} INFO - Sync 1 DAGs
[2022-04-12 04:06:54,891] {logging_mixin.py:104} INFO - [2022-04-12 04:06:54,865] {dag.py:2305} INFO - Setting next_dagrun for paralled_dag to 2022-04-12 00:00:00+00:00
[2022-04-12 04:06:55,190] {scheduler_job.py:190} INFO - Processing /home/airflow/airflow/dags/parallel_dag.py took 0.530 seconds
[2022-04-12 04:07:26,239] {scheduler_job.py:182} INFO - Started process (PID=84199) to work on /home/airflow/airflow/dags/parallel_dag.py
[2022-04-12 04:07:26,255] {scheduler_job.py:633} INFO - Processing file /home/airflow/airflow/dags/parallel_dag.py for tasks to queue
[2022-04-12 04:07:26,266] {logging_mixin.py:104} INFO - [2022-04-12 04:07:26,266] {dagbag.py:487} INFO - Filling up the DagBag from /home/airflow/airflow/dags/parallel_dag.py
[2022-04-12 04:07:26,297] {scheduler_job.py:643} INFO - DAG(s) dict_keys(['paralled_dag']) retrieved from /home/airflow/airflow/dags/parallel_dag.py
[2022-04-12 04:07:26,431] {logging_mixin.py:104} INFO - [2022-04-12 04:07:26,431] {dag.py:1832} INFO - Sync 1 DAGs
[2022-04-12 04:07:26,521] {logging_mixin.py:104} INFO - [2022-04-12 04:07:26,521] {dag.py:2305} INFO - Setting next_dagrun for paralled_dag to 2022-04-12 00:00:00+00:00
[2022-04-12 04:07:26,685] {scheduler_job.py:190} INFO - Processing /home/airflow/airflow/dags/parallel_dag.py took 0.454 seconds
[2022-04-12 04:07:58,088] {scheduler_job.py:182} INFO - Started process (PID=84402) to work on /home/airflow/airflow/dags/parallel_dag.py
[2022-04-12 04:07:58,106] {scheduler_job.py:633} INFO - Processing file /home/airflow/airflow/dags/parallel_dag.py for tasks to queue
[2022-04-12 04:07:58,107] {logging_mixin.py:104} INFO - [2022-04-12 04:07:58,107] {dagbag.py:487} INFO - Filling up the DagBag from /home/airflow/airflow/dags/parallel_dag.py
[2022-04-12 04:07:58,143] {scheduler_job.py:643} INFO - DAG(s) dict_keys(['paralled_dag']) retrieved from /home/airflow/airflow/dags/parallel_dag.py
[2022-04-12 04:07:58,272] {logging_mixin.py:104} INFO - [2022-04-12 04:07:58,272] {dag.py:1832} INFO - Sync 1 DAGs
[2022-04-12 04:07:58,336] {logging_mixin.py:104} INFO - [2022-04-12 04:07:58,336] {dag.py:2305} INFO - Setting next_dagrun for paralled_dag to 2022-04-12 00:00:00+00:00
[2022-04-12 04:07:58,428] {scheduler_job.py:190} INFO - Processing /home/airflow/airflow/dags/parallel_dag.py took 0.347 seconds
[2022-04-12 04:08:29,896] {scheduler_job.py:182} INFO - Started process (PID=84659) to work on /home/airflow/airflow/dags/parallel_dag.py
[2022-04-12 04:08:29,898] {scheduler_job.py:633} INFO - Processing file /home/airflow/airflow/dags/parallel_dag.py for tasks to queue
[2022-04-12 04:08:29,900] {logging_mixin.py:104} INFO - [2022-04-12 04:08:29,899] {dagbag.py:487} INFO - Filling up the DagBag from /home/airflow/airflow/dags/parallel_dag.py
[2022-04-12 04:08:29,920] {scheduler_job.py:643} INFO - DAG(s) dict_keys(['paralled_dag']) retrieved from /home/airflow/airflow/dags/parallel_dag.py
[2022-04-12 04:08:29,975] {logging_mixin.py:104} INFO - [2022-04-12 04:08:29,975] {dag.py:1832} INFO - Sync 1 DAGs
[2022-04-12 04:08:30,061] {logging_mixin.py:104} INFO - [2022-04-12 04:08:30,061] {dag.py:2305} INFO - Setting next_dagrun for paralled_dag to 2022-04-12 00:00:00+00:00
[2022-04-12 04:08:30,329] {scheduler_job.py:190} INFO - Processing /home/airflow/airflow/dags/parallel_dag.py took 0.441 seconds
[2022-04-12 04:09:01,508] {scheduler_job.py:182} INFO - Started process (PID=84854) to work on /home/airflow/airflow/dags/parallel_dag.py
[2022-04-12 04:09:01,528] {scheduler_job.py:633} INFO - Processing file /home/airflow/airflow/dags/parallel_dag.py for tasks to queue
[2022-04-12 04:09:01,530] {logging_mixin.py:104} INFO - [2022-04-12 04:09:01,530] {dagbag.py:487} INFO - Filling up the DagBag from /home/airflow/airflow/dags/parallel_dag.py
[2022-04-12 04:09:01,568] {scheduler_job.py:643} INFO - DAG(s) dict_keys(['paralled_dag']) retrieved from /home/airflow/airflow/dags/parallel_dag.py
[2022-04-12 04:09:01,715] {logging_mixin.py:104} INFO - [2022-04-12 04:09:01,715] {dag.py:1832} INFO - Sync 1 DAGs
[2022-04-12 04:09:01,790] {logging_mixin.py:104} INFO - [2022-04-12 04:09:01,790] {dag.py:2305} INFO - Setting next_dagrun for paralled_dag to 2022-04-12 00:00:00+00:00
[2022-04-12 04:09:01,862] {scheduler_job.py:190} INFO - Processing /home/airflow/airflow/dags/parallel_dag.py took 0.360 seconds
[2022-04-12 04:14:37,878] {scheduler_job.py:182} INFO - Started process (PID=85126) to work on /home/airflow/airflow/dags/parallel_dag.py
[2022-04-12 04:14:37,938] {scheduler_job.py:633} INFO - Processing file /home/airflow/airflow/dags/parallel_dag.py for tasks to queue
[2022-04-12 04:14:37,953] {logging_mixin.py:104} INFO - [2022-04-12 04:14:37,953] {dagbag.py:487} INFO - Filling up the DagBag from /home/airflow/airflow/dags/parallel_dag.py
[2022-04-12 04:14:38,301] {scheduler_job.py:643} INFO - DAG(s) dict_keys(['paralled_dag']) retrieved from /home/airflow/airflow/dags/parallel_dag.py
[2022-04-12 04:14:39,188] {logging_mixin.py:104} INFO - [2022-04-12 04:14:39,187] {dag.py:1832} INFO - Sync 1 DAGs
[2022-04-12 04:14:39,511] {logging_mixin.py:104} INFO - [2022-04-12 04:14:39,511] {dag.py:2305} INFO - Setting next_dagrun for paralled_dag to 2022-04-12 00:00:00+00:00
[2022-04-12 04:14:39,995] {scheduler_job.py:190} INFO - Processing /home/airflow/airflow/dags/parallel_dag.py took 2.349 seconds
[2022-04-12 04:15:10,425] {scheduler_job.py:182} INFO - Started process (PID=85783) to work on /home/airflow/airflow/dags/parallel_dag.py
[2022-04-12 04:15:10,430] {scheduler_job.py:633} INFO - Processing file /home/airflow/airflow/dags/parallel_dag.py for tasks to queue
[2022-04-12 04:15:10,432] {logging_mixin.py:104} INFO - [2022-04-12 04:15:10,432] {dagbag.py:487} INFO - Filling up the DagBag from /home/airflow/airflow/dags/parallel_dag.py
[2022-04-12 04:15:10,453] {scheduler_job.py:643} INFO - DAG(s) dict_keys(['paralled_dag']) retrieved from /home/airflow/airflow/dags/parallel_dag.py
[2022-04-12 04:15:10,695] {logging_mixin.py:104} INFO - [2022-04-12 04:15:10,694] {dag.py:1832} INFO - Sync 1 DAGs
[2022-04-12 04:15:10,741] {logging_mixin.py:104} INFO - [2022-04-12 04:15:10,741] {dag.py:2305} INFO - Setting next_dagrun for paralled_dag to 2022-04-12 00:00:00+00:00
[2022-04-12 04:15:10,788] {scheduler_job.py:190} INFO - Processing /home/airflow/airflow/dags/parallel_dag.py took 0.371 seconds
[2022-04-12 04:15:40,895] {scheduler_job.py:182} INFO - Started process (PID=86144) to work on /home/airflow/airflow/dags/parallel_dag.py
[2022-04-12 04:15:40,897] {scheduler_job.py:633} INFO - Processing file /home/airflow/airflow/dags/parallel_dag.py for tasks to queue
[2022-04-12 04:15:40,898] {logging_mixin.py:104} INFO - [2022-04-12 04:15:40,898] {dagbag.py:487} INFO - Filling up the DagBag from /home/airflow/airflow/dags/parallel_dag.py
[2022-04-12 04:15:40,924] {scheduler_job.py:643} INFO - DAG(s) dict_keys(['paralled_dag']) retrieved from /home/airflow/airflow/dags/parallel_dag.py
[2022-04-12 04:15:40,984] {logging_mixin.py:104} INFO - [2022-04-12 04:15:40,984] {dag.py:1832} INFO - Sync 1 DAGs
[2022-04-12 04:15:41,022] {logging_mixin.py:104} INFO - [2022-04-12 04:15:41,022] {dag.py:2305} INFO - Setting next_dagrun for paralled_dag to 2022-04-12 00:00:00+00:00
[2022-04-12 04:15:41,047] {scheduler_job.py:190} INFO - Processing /home/airflow/airflow/dags/parallel_dag.py took 0.159 seconds
[2022-04-12 04:16:11,376] {scheduler_job.py:182} INFO - Started process (PID=86538) to work on /home/airflow/airflow/dags/parallel_dag.py
[2022-04-12 04:16:11,378] {scheduler_job.py:633} INFO - Processing file /home/airflow/airflow/dags/parallel_dag.py for tasks to queue
[2022-04-12 04:16:11,379] {logging_mixin.py:104} INFO - [2022-04-12 04:16:11,379] {dagbag.py:487} INFO - Filling up the DagBag from /home/airflow/airflow/dags/parallel_dag.py
[2022-04-12 04:16:11,399] {scheduler_job.py:643} INFO - DAG(s) dict_keys(['paralled_dag']) retrieved from /home/airflow/airflow/dags/parallel_dag.py
[2022-04-12 04:16:11,467] {logging_mixin.py:104} INFO - [2022-04-12 04:16:11,467] {dag.py:1832} INFO - Sync 1 DAGs
[2022-04-12 04:16:11,501] {logging_mixin.py:104} INFO - [2022-04-12 04:16:11,501] {dag.py:2305} INFO - Setting next_dagrun for paralled_dag to 2022-04-12 00:00:00+00:00
[2022-04-12 04:16:11,519] {scheduler_job.py:190} INFO - Processing /home/airflow/airflow/dags/parallel_dag.py took 0.151 seconds
[2022-04-12 04:16:41,865] {scheduler_job.py:182} INFO - Started process (PID=86917) to work on /home/airflow/airflow/dags/parallel_dag.py
[2022-04-12 04:16:41,869] {scheduler_job.py:633} INFO - Processing file /home/airflow/airflow/dags/parallel_dag.py for tasks to queue
[2022-04-12 04:16:41,872] {logging_mixin.py:104} INFO - [2022-04-12 04:16:41,870] {dagbag.py:487} INFO - Filling up the DagBag from /home/airflow/airflow/dags/parallel_dag.py
[2022-04-12 04:16:41,890] {scheduler_job.py:643} INFO - DAG(s) dict_keys(['paralled_dag']) retrieved from /home/airflow/airflow/dags/parallel_dag.py
[2022-04-12 04:16:41,941] {logging_mixin.py:104} INFO - [2022-04-12 04:16:41,940] {dag.py:1832} INFO - Sync 1 DAGs
[2022-04-12 04:16:41,983] {logging_mixin.py:104} INFO - [2022-04-12 04:16:41,983] {dag.py:2305} INFO - Setting next_dagrun for paralled_dag to 2022-04-12 00:00:00+00:00
[2022-04-12 04:16:42,008] {scheduler_job.py:190} INFO - Processing /home/airflow/airflow/dags/parallel_dag.py took 0.149 seconds
[2022-04-12 04:17:12,417] {scheduler_job.py:182} INFO - Started process (PID=87314) to work on /home/airflow/airflow/dags/parallel_dag.py
[2022-04-12 04:17:12,419] {scheduler_job.py:633} INFO - Processing file /home/airflow/airflow/dags/parallel_dag.py for tasks to queue
[2022-04-12 04:17:12,420] {logging_mixin.py:104} INFO - [2022-04-12 04:17:12,420] {dagbag.py:487} INFO - Filling up the DagBag from /home/airflow/airflow/dags/parallel_dag.py
[2022-04-12 04:17:12,439] {scheduler_job.py:643} INFO - DAG(s) dict_keys(['paralled_dag']) retrieved from /home/airflow/airflow/dags/parallel_dag.py
[2022-04-12 04:17:12,488] {logging_mixin.py:104} INFO - [2022-04-12 04:17:12,488] {dag.py:1832} INFO - Sync 1 DAGs
[2022-04-12 04:17:12,519] {logging_mixin.py:104} INFO - [2022-04-12 04:17:12,519] {dag.py:2305} INFO - Setting next_dagrun for paralled_dag to 2022-04-12 00:00:00+00:00
[2022-04-12 04:17:12,549] {scheduler_job.py:190} INFO - Processing /home/airflow/airflow/dags/parallel_dag.py took 0.139 seconds
[2022-04-12 04:17:42,767] {scheduler_job.py:182} INFO - Started process (PID=87694) to work on /home/airflow/airflow/dags/parallel_dag.py
[2022-04-12 04:17:42,770] {scheduler_job.py:633} INFO - Processing file /home/airflow/airflow/dags/parallel_dag.py for tasks to queue
[2022-04-12 04:17:42,772] {logging_mixin.py:104} INFO - [2022-04-12 04:17:42,772] {dagbag.py:487} INFO - Filling up the DagBag from /home/airflow/airflow/dags/parallel_dag.py
[2022-04-12 04:17:42,795] {scheduler_job.py:643} INFO - DAG(s) dict_keys(['paralled_dag']) retrieved from /home/airflow/airflow/dags/parallel_dag.py
[2022-04-12 04:17:42,847] {logging_mixin.py:104} INFO - [2022-04-12 04:17:42,847] {dag.py:1832} INFO - Sync 1 DAGs
[2022-04-12 04:17:42,879] {logging_mixin.py:104} INFO - [2022-04-12 04:17:42,878] {dag.py:2305} INFO - Setting next_dagrun for paralled_dag to 2022-04-12 00:00:00+00:00
[2022-04-12 04:17:42,920] {scheduler_job.py:190} INFO - Processing /home/airflow/airflow/dags/parallel_dag.py took 0.161 seconds
[2022-04-12 04:18:13,167] {scheduler_job.py:182} INFO - Started process (PID=88071) to work on /home/airflow/airflow/dags/parallel_dag.py
[2022-04-12 04:18:13,183] {scheduler_job.py:633} INFO - Processing file /home/airflow/airflow/dags/parallel_dag.py for tasks to queue
[2022-04-12 04:18:13,185] {logging_mixin.py:104} INFO - [2022-04-12 04:18:13,184] {dagbag.py:487} INFO - Filling up the DagBag from /home/airflow/airflow/dags/parallel_dag.py
[2022-04-12 04:18:13,235] {scheduler_job.py:643} INFO - DAG(s) dict_keys(['paralled_dag']) retrieved from /home/airflow/airflow/dags/parallel_dag.py
[2022-04-12 04:18:13,360] {logging_mixin.py:104} INFO - [2022-04-12 04:18:13,360] {dag.py:1832} INFO - Sync 1 DAGs
[2022-04-12 04:18:13,505] {logging_mixin.py:104} INFO - [2022-04-12 04:18:13,505] {dag.py:2305} INFO - Setting next_dagrun for paralled_dag to 2022-04-12 00:00:00+00:00
[2022-04-12 04:18:13,644] {scheduler_job.py:190} INFO - Processing /home/airflow/airflow/dags/parallel_dag.py took 0.500 seconds
[2022-04-12 04:18:43,936] {scheduler_job.py:182} INFO - Started process (PID=88446) to work on /home/airflow/airflow/dags/parallel_dag.py
[2022-04-12 04:18:43,940] {scheduler_job.py:633} INFO - Processing file /home/airflow/airflow/dags/parallel_dag.py for tasks to queue
[2022-04-12 04:18:43,941] {logging_mixin.py:104} INFO - [2022-04-12 04:18:43,941] {dagbag.py:487} INFO - Filling up the DagBag from /home/airflow/airflow/dags/parallel_dag.py
[2022-04-12 04:18:43,995] {scheduler_job.py:643} INFO - DAG(s) dict_keys(['paralled_dag']) retrieved from /home/airflow/airflow/dags/parallel_dag.py
[2022-04-12 04:18:44,166] {logging_mixin.py:104} INFO - [2022-04-12 04:18:44,166] {dag.py:1832} INFO - Sync 1 DAGs
[2022-04-12 04:18:44,244] {logging_mixin.py:104} INFO - [2022-04-12 04:18:44,244] {dag.py:2305} INFO - Setting next_dagrun for paralled_dag to 2022-04-12 00:00:00+00:00
[2022-04-12 04:18:44,361] {scheduler_job.py:190} INFO - Processing /home/airflow/airflow/dags/parallel_dag.py took 0.466 seconds
[2022-04-12 04:19:14,865] {scheduler_job.py:182} INFO - Started process (PID=88825) to work on /home/airflow/airflow/dags/parallel_dag.py
[2022-04-12 04:19:14,868] {scheduler_job.py:633} INFO - Processing file /home/airflow/airflow/dags/parallel_dag.py for tasks to queue
[2022-04-12 04:19:14,870] {logging_mixin.py:104} INFO - [2022-04-12 04:19:14,870] {dagbag.py:487} INFO - Filling up the DagBag from /home/airflow/airflow/dags/parallel_dag.py
[2022-04-12 04:19:14,906] {scheduler_job.py:643} INFO - DAG(s) dict_keys(['paralled_dag']) retrieved from /home/airflow/airflow/dags/parallel_dag.py
[2022-04-12 04:19:14,965] {logging_mixin.py:104} INFO - [2022-04-12 04:19:14,964] {dag.py:1832} INFO - Sync 1 DAGs
[2022-04-12 04:19:14,994] {logging_mixin.py:104} INFO - [2022-04-12 04:19:14,993] {dag.py:2305} INFO - Setting next_dagrun for paralled_dag to 2022-04-12 00:00:00+00:00
[2022-04-12 04:19:15,031] {scheduler_job.py:190} INFO - Processing /home/airflow/airflow/dags/parallel_dag.py took 0.177 seconds
[2022-04-12 04:19:45,625] {scheduler_job.py:182} INFO - Started process (PID=89351) to work on /home/airflow/airflow/dags/parallel_dag.py
[2022-04-12 04:19:45,654] {scheduler_job.py:633} INFO - Processing file /home/airflow/airflow/dags/parallel_dag.py for tasks to queue
[2022-04-12 04:19:45,663] {logging_mixin.py:104} INFO - [2022-04-12 04:19:45,660] {dagbag.py:487} INFO - Filling up the DagBag from /home/airflow/airflow/dags/parallel_dag.py
[2022-04-12 04:19:45,679] {scheduler_job.py:643} INFO - DAG(s) dict_keys(['paralled_dag']) retrieved from /home/airflow/airflow/dags/parallel_dag.py
[2022-04-12 04:19:45,880] {logging_mixin.py:104} INFO - [2022-04-12 04:19:45,880] {dag.py:1832} INFO - Sync 1 DAGs
[2022-04-12 04:19:45,953] {logging_mixin.py:104} INFO - [2022-04-12 04:19:45,953] {dag.py:2305} INFO - Setting next_dagrun for paralled_dag to 2022-04-12 00:00:00+00:00
[2022-04-12 04:19:46,178] {scheduler_job.py:190} INFO - Processing /home/airflow/airflow/dags/parallel_dag.py took 0.608 seconds
[2022-04-12 04:20:17,024] {scheduler_job.py:182} INFO - Started process (PID=89835) to work on /home/airflow/airflow/dags/parallel_dag.py
[2022-04-12 04:20:17,030] {scheduler_job.py:633} INFO - Processing file /home/airflow/airflow/dags/parallel_dag.py for tasks to queue
[2022-04-12 04:20:17,040] {logging_mixin.py:104} INFO - [2022-04-12 04:20:17,039] {dagbag.py:487} INFO - Filling up the DagBag from /home/airflow/airflow/dags/parallel_dag.py
[2022-04-12 04:20:17,085] {scheduler_job.py:643} INFO - DAG(s) dict_keys(['paralled_dag']) retrieved from /home/airflow/airflow/dags/parallel_dag.py
[2022-04-12 04:20:17,215] {logging_mixin.py:104} INFO - [2022-04-12 04:20:17,215] {dag.py:1832} INFO - Sync 1 DAGs
[2022-04-12 04:20:17,304] {logging_mixin.py:104} INFO - [2022-04-12 04:20:17,303] {dag.py:2305} INFO - Setting next_dagrun for paralled_dag to 2022-04-12 00:00:00+00:00
[2022-04-12 04:20:17,393] {scheduler_job.py:190} INFO - Processing /home/airflow/airflow/dags/parallel_dag.py took 0.387 seconds
[2022-04-12 04:20:49,652] {scheduler_job.py:182} INFO - Started process (PID=90161) to work on /home/airflow/airflow/dags/parallel_dag.py
[2022-04-12 04:20:49,658] {scheduler_job.py:633} INFO - Processing file /home/airflow/airflow/dags/parallel_dag.py for tasks to queue
[2022-04-12 04:20:49,660] {logging_mixin.py:104} INFO - [2022-04-12 04:20:49,660] {dagbag.py:487} INFO - Filling up the DagBag from /home/airflow/airflow/dags/parallel_dag.py
[2022-04-12 04:20:49,764] {scheduler_job.py:643} INFO - DAG(s) dict_keys(['paralled_dag']) retrieved from /home/airflow/airflow/dags/parallel_dag.py
[2022-04-12 04:20:49,994] {logging_mixin.py:104} INFO - [2022-04-12 04:20:49,994] {dag.py:1832} INFO - Sync 1 DAGs
[2022-04-12 04:20:50,128] {logging_mixin.py:104} INFO - [2022-04-12 04:20:50,127] {dag.py:2305} INFO - Setting next_dagrun for paralled_dag to 2022-04-12 00:00:00+00:00
[2022-04-12 04:20:50,298] {scheduler_job.py:190} INFO - Processing /home/airflow/airflow/dags/parallel_dag.py took 0.710 seconds
[2022-04-12 04:21:23,227] {scheduler_job.py:182} INFO - Started process (PID=90357) to work on /home/airflow/airflow/dags/parallel_dag.py
[2022-04-12 04:21:23,242] {scheduler_job.py:633} INFO - Processing file /home/airflow/airflow/dags/parallel_dag.py for tasks to queue
[2022-04-12 04:21:23,272] {logging_mixin.py:104} INFO - [2022-04-12 04:21:23,272] {dagbag.py:487} INFO - Filling up the DagBag from /home/airflow/airflow/dags/parallel_dag.py
[2022-04-12 04:21:23,414] {scheduler_job.py:643} INFO - DAG(s) dict_keys(['paralled_dag']) retrieved from /home/airflow/airflow/dags/parallel_dag.py
[2022-04-12 04:21:23,667] {logging_mixin.py:104} INFO - [2022-04-12 04:21:23,654] {dag.py:1832} INFO - Sync 1 DAGs
[2022-04-12 04:21:23,802] {logging_mixin.py:104} INFO - [2022-04-12 04:21:23,802] {dag.py:2305} INFO - Setting next_dagrun for paralled_dag to 2022-04-12 00:00:00+00:00
[2022-04-12 04:21:24,020] {scheduler_job.py:190} INFO - Processing /home/airflow/airflow/dags/parallel_dag.py took 0.917 seconds
[2022-04-12 04:21:54,142] {scheduler_job.py:182} INFO - Started process (PID=90558) to work on /home/airflow/airflow/dags/parallel_dag.py
[2022-04-12 04:21:54,185] {scheduler_job.py:633} INFO - Processing file /home/airflow/airflow/dags/parallel_dag.py for tasks to queue
[2022-04-12 04:21:54,187] {logging_mixin.py:104} INFO - [2022-04-12 04:21:54,186] {dagbag.py:487} INFO - Filling up the DagBag from /home/airflow/airflow/dags/parallel_dag.py
[2022-04-12 04:21:54,237] {scheduler_job.py:643} INFO - DAG(s) dict_keys(['paralled_dag']) retrieved from /home/airflow/airflow/dags/parallel_dag.py
[2022-04-12 04:21:54,484] {logging_mixin.py:104} INFO - [2022-04-12 04:21:54,483] {dag.py:1832} INFO - Sync 1 DAGs
[2022-04-12 04:21:54,594] {logging_mixin.py:104} INFO - [2022-04-12 04:21:54,593] {dag.py:2305} INFO - Setting next_dagrun for paralled_dag to 2022-04-12 00:00:00+00:00
[2022-04-12 04:21:54,642] {scheduler_job.py:190} INFO - Processing /home/airflow/airflow/dags/parallel_dag.py took 0.509 seconds
[2022-04-12 04:22:25,493] {scheduler_job.py:182} INFO - Started process (PID=90908) to work on /home/airflow/airflow/dags/parallel_dag.py
[2022-04-12 04:22:25,497] {scheduler_job.py:633} INFO - Processing file /home/airflow/airflow/dags/parallel_dag.py for tasks to queue
[2022-04-12 04:22:25,508] {logging_mixin.py:104} INFO - [2022-04-12 04:22:25,508] {dagbag.py:487} INFO - Filling up the DagBag from /home/airflow/airflow/dags/parallel_dag.py
[2022-04-12 04:22:25,552] {scheduler_job.py:643} INFO - DAG(s) dict_keys(['paralled_dag']) retrieved from /home/airflow/airflow/dags/parallel_dag.py
[2022-04-12 04:22:25,728] {logging_mixin.py:104} INFO - [2022-04-12 04:22:25,728] {dag.py:1832} INFO - Sync 1 DAGs
[2022-04-12 04:22:25,872] {logging_mixin.py:104} INFO - [2022-04-12 04:22:25,871] {dag.py:2305} INFO - Setting next_dagrun for paralled_dag to 2022-04-12 00:00:00+00:00
[2022-04-12 04:22:25,949] {scheduler_job.py:190} INFO - Processing /home/airflow/airflow/dags/parallel_dag.py took 0.476 seconds
[2022-04-12 04:22:56,736] {scheduler_job.py:182} INFO - Started process (PID=91108) to work on /home/airflow/airflow/dags/parallel_dag.py
[2022-04-12 04:22:56,740] {scheduler_job.py:633} INFO - Processing file /home/airflow/airflow/dags/parallel_dag.py for tasks to queue
[2022-04-12 04:22:56,744] {logging_mixin.py:104} INFO - [2022-04-12 04:22:56,743] {dagbag.py:487} INFO - Filling up the DagBag from /home/airflow/airflow/dags/parallel_dag.py
[2022-04-12 04:22:56,818] {scheduler_job.py:643} INFO - DAG(s) dict_keys(['paralled_dag']) retrieved from /home/airflow/airflow/dags/parallel_dag.py
[2022-04-12 04:22:57,078] {logging_mixin.py:104} INFO - [2022-04-12 04:22:57,078] {dag.py:1832} INFO - Sync 1 DAGs
[2022-04-12 04:22:57,183] {logging_mixin.py:104} INFO - [2022-04-12 04:22:57,182] {dag.py:2305} INFO - Setting next_dagrun for paralled_dag to 2022-04-12 00:00:00+00:00
[2022-04-12 04:22:57,225] {scheduler_job.py:190} INFO - Processing /home/airflow/airflow/dags/parallel_dag.py took 0.535 seconds
[2022-04-12 04:23:27,396] {scheduler_job.py:182} INFO - Started process (PID=91307) to work on /home/airflow/airflow/dags/parallel_dag.py
[2022-04-12 04:23:27,402] {scheduler_job.py:633} INFO - Processing file /home/airflow/airflow/dags/parallel_dag.py for tasks to queue
[2022-04-12 04:23:27,405] {logging_mixin.py:104} INFO - [2022-04-12 04:23:27,405] {dagbag.py:487} INFO - Filling up the DagBag from /home/airflow/airflow/dags/parallel_dag.py
[2022-04-12 04:23:27,468] {scheduler_job.py:643} INFO - DAG(s) dict_keys(['paralled_dag']) retrieved from /home/airflow/airflow/dags/parallel_dag.py
[2022-04-12 04:23:27,597] {logging_mixin.py:104} INFO - [2022-04-12 04:23:27,596] {dag.py:1832} INFO - Sync 1 DAGs
[2022-04-12 04:23:27,654] {logging_mixin.py:104} INFO - [2022-04-12 04:23:27,653] {dag.py:2305} INFO - Setting next_dagrun for paralled_dag to 2022-04-12 00:00:00+00:00
[2022-04-12 04:23:27,784] {scheduler_job.py:190} INFO - Processing /home/airflow/airflow/dags/parallel_dag.py took 0.407 seconds
[2022-04-12 04:23:58,731] {scheduler_job.py:182} INFO - Started process (PID=91513) to work on /home/airflow/airflow/dags/parallel_dag.py
[2022-04-12 04:23:58,735] {scheduler_job.py:633} INFO - Processing file /home/airflow/airflow/dags/parallel_dag.py for tasks to queue
[2022-04-12 04:23:58,738] {logging_mixin.py:104} INFO - [2022-04-12 04:23:58,738] {dagbag.py:487} INFO - Filling up the DagBag from /home/airflow/airflow/dags/parallel_dag.py
[2022-04-12 04:23:58,787] {scheduler_job.py:643} INFO - DAG(s) dict_keys(['paralled_dag']) retrieved from /home/airflow/airflow/dags/parallel_dag.py
[2022-04-12 04:23:58,958] {logging_mixin.py:104} INFO - [2022-04-12 04:23:58,958] {dag.py:1832} INFO - Sync 1 DAGs
[2022-04-12 04:23:59,015] {logging_mixin.py:104} INFO - [2022-04-12 04:23:59,014] {dag.py:2305} INFO - Setting next_dagrun for paralled_dag to 2022-04-12 00:00:00+00:00
[2022-04-12 04:23:59,069] {scheduler_job.py:190} INFO - Processing /home/airflow/airflow/dags/parallel_dag.py took 0.353 seconds
[2022-04-12 04:24:29,516] {scheduler_job.py:182} INFO - Started process (PID=91712) to work on /home/airflow/airflow/dags/parallel_dag.py
[2022-04-12 04:24:29,522] {scheduler_job.py:633} INFO - Processing file /home/airflow/airflow/dags/parallel_dag.py for tasks to queue
[2022-04-12 04:24:29,526] {logging_mixin.py:104} INFO - [2022-04-12 04:24:29,526] {dagbag.py:487} INFO - Filling up the DagBag from /home/airflow/airflow/dags/parallel_dag.py
[2022-04-12 04:24:29,569] {scheduler_job.py:643} INFO - DAG(s) dict_keys(['paralled_dag']) retrieved from /home/airflow/airflow/dags/parallel_dag.py
[2022-04-12 04:24:29,688] {logging_mixin.py:104} INFO - [2022-04-12 04:24:29,687] {dag.py:1832} INFO - Sync 1 DAGs
[2022-04-12 04:24:29,777] {logging_mixin.py:104} INFO - [2022-04-12 04:24:29,776] {dag.py:2305} INFO - Setting next_dagrun for paralled_dag to 2022-04-12 00:00:00+00:00
[2022-04-12 04:24:29,819] {scheduler_job.py:190} INFO - Processing /home/airflow/airflow/dags/parallel_dag.py took 0.331 seconds
[2022-04-12 04:25:00,176] {scheduler_job.py:182} INFO - Started process (PID=92149) to work on /home/airflow/airflow/dags/parallel_dag.py
[2022-04-12 04:25:00,186] {scheduler_job.py:633} INFO - Processing file /home/airflow/airflow/dags/parallel_dag.py for tasks to queue
[2022-04-12 04:25:00,196] {logging_mixin.py:104} INFO - [2022-04-12 04:25:00,196] {dagbag.py:487} INFO - Filling up the DagBag from /home/airflow/airflow/dags/parallel_dag.py
[2022-04-12 04:25:00,278] {scheduler_job.py:643} INFO - DAG(s) dict_keys(['paralled_dag']) retrieved from /home/airflow/airflow/dags/parallel_dag.py
[2022-04-12 04:25:00,547] {logging_mixin.py:104} INFO - [2022-04-12 04:25:00,546] {dag.py:1832} INFO - Sync 1 DAGs
[2022-04-12 04:25:00,704] {logging_mixin.py:104} INFO - [2022-04-12 04:25:00,703] {dag.py:2305} INFO - Setting next_dagrun for paralled_dag to 2022-04-12 00:00:00+00:00
[2022-04-12 04:25:00,842] {scheduler_job.py:190} INFO - Processing /home/airflow/airflow/dags/parallel_dag.py took 0.745 seconds
[2022-04-12 04:25:32,179] {scheduler_job.py:182} INFO - Started process (PID=92339) to work on /home/airflow/airflow/dags/parallel_dag.py
[2022-04-12 04:25:32,194] {scheduler_job.py:633} INFO - Processing file /home/airflow/airflow/dags/parallel_dag.py for tasks to queue
[2022-04-12 04:25:32,203] {logging_mixin.py:104} INFO - [2022-04-12 04:25:32,203] {dagbag.py:487} INFO - Filling up the DagBag from /home/airflow/airflow/dags/parallel_dag.py
[2022-04-12 04:25:32,277] {scheduler_job.py:643} INFO - DAG(s) dict_keys(['paralled_dag']) retrieved from /home/airflow/airflow/dags/parallel_dag.py
[2022-04-12 04:25:32,479] {logging_mixin.py:104} INFO - [2022-04-12 04:25:32,479] {dag.py:1832} INFO - Sync 1 DAGs
[2022-04-12 04:25:32,594] {logging_mixin.py:104} INFO - [2022-04-12 04:25:32,593] {dag.py:2305} INFO - Setting next_dagrun for paralled_dag to 2022-04-12 00:00:00+00:00
[2022-04-12 04:25:32,732] {scheduler_job.py:190} INFO - Processing /home/airflow/airflow/dags/parallel_dag.py took 0.561 seconds
[2022-04-12 04:26:03,736] {scheduler_job.py:182} INFO - Started process (PID=92533) to work on /home/airflow/airflow/dags/parallel_dag.py
[2022-04-12 04:26:03,750] {scheduler_job.py:633} INFO - Processing file /home/airflow/airflow/dags/parallel_dag.py for tasks to queue
[2022-04-12 04:26:03,753] {logging_mixin.py:104} INFO - [2022-04-12 04:26:03,753] {dagbag.py:487} INFO - Filling up the DagBag from /home/airflow/airflow/dags/parallel_dag.py
[2022-04-12 04:26:03,781] {scheduler_job.py:643} INFO - DAG(s) dict_keys(['paralled_dag']) retrieved from /home/airflow/airflow/dags/parallel_dag.py
[2022-04-12 04:26:04,006] {logging_mixin.py:104} INFO - [2022-04-12 04:26:04,005] {dag.py:1832} INFO - Sync 1 DAGs
[2022-04-12 04:26:04,138] {logging_mixin.py:104} INFO - [2022-04-12 04:26:04,137] {dag.py:2305} INFO - Setting next_dagrun for paralled_dag to 2022-04-12 00:00:00+00:00
[2022-04-12 04:26:04,244] {scheduler_job.py:190} INFO - Processing /home/airflow/airflow/dags/parallel_dag.py took 0.516 seconds
[2022-04-12 04:26:34,648] {scheduler_job.py:182} INFO - Started process (PID=92725) to work on /home/airflow/airflow/dags/parallel_dag.py
[2022-04-12 04:26:34,652] {scheduler_job.py:633} INFO - Processing file /home/airflow/airflow/dags/parallel_dag.py for tasks to queue
[2022-04-12 04:26:34,654] {logging_mixin.py:104} INFO - [2022-04-12 04:26:34,654] {dagbag.py:487} INFO - Filling up the DagBag from /home/airflow/airflow/dags/parallel_dag.py
[2022-04-12 04:26:34,726] {scheduler_job.py:643} INFO - DAG(s) dict_keys(['paralled_dag']) retrieved from /home/airflow/airflow/dags/parallel_dag.py
[2022-04-12 04:26:34,996] {logging_mixin.py:104} INFO - [2022-04-12 04:26:34,995] {dag.py:1832} INFO - Sync 1 DAGs
[2022-04-12 04:26:35,108] {logging_mixin.py:104} INFO - [2022-04-12 04:26:35,107] {dag.py:2305} INFO - Setting next_dagrun for paralled_dag to 2022-04-12 00:00:00+00:00
[2022-04-12 04:26:35,283] {scheduler_job.py:190} INFO - Processing /home/airflow/airflow/dags/parallel_dag.py took 0.710 seconds
[2022-04-12 04:27:05,585] {scheduler_job.py:182} INFO - Started process (PID=92920) to work on /home/airflow/airflow/dags/parallel_dag.py
[2022-04-12 04:27:05,589] {scheduler_job.py:633} INFO - Processing file /home/airflow/airflow/dags/parallel_dag.py for tasks to queue
[2022-04-12 04:27:05,605] {logging_mixin.py:104} INFO - [2022-04-12 04:27:05,604] {dagbag.py:487} INFO - Filling up the DagBag from /home/airflow/airflow/dags/parallel_dag.py
[2022-04-12 04:27:05,685] {scheduler_job.py:643} INFO - DAG(s) dict_keys(['paralled_dag']) retrieved from /home/airflow/airflow/dags/parallel_dag.py
[2022-04-12 04:27:05,879] {logging_mixin.py:104} INFO - [2022-04-12 04:27:05,879] {dag.py:1832} INFO - Sync 1 DAGs
[2022-04-12 04:27:06,016] {logging_mixin.py:104} INFO - [2022-04-12 04:27:06,016] {dag.py:2305} INFO - Setting next_dagrun for paralled_dag to 2022-04-12 00:00:00+00:00
[2022-04-12 04:27:06,102] {scheduler_job.py:190} INFO - Processing /home/airflow/airflow/dags/parallel_dag.py took 0.554 seconds
[2022-04-12 04:27:37,188] {scheduler_job.py:182} INFO - Started process (PID=93116) to work on /home/airflow/airflow/dags/parallel_dag.py
[2022-04-12 04:27:37,193] {scheduler_job.py:633} INFO - Processing file /home/airflow/airflow/dags/parallel_dag.py for tasks to queue
[2022-04-12 04:27:37,200] {logging_mixin.py:104} INFO - [2022-04-12 04:27:37,199] {dagbag.py:487} INFO - Filling up the DagBag from /home/airflow/airflow/dags/parallel_dag.py
[2022-04-12 04:27:37,295] {scheduler_job.py:643} INFO - DAG(s) dict_keys(['paralled_dag']) retrieved from /home/airflow/airflow/dags/parallel_dag.py
[2022-04-12 04:27:37,522] {logging_mixin.py:104} INFO - [2022-04-12 04:27:37,521] {dag.py:1832} INFO - Sync 1 DAGs
[2022-04-12 04:27:37,617] {logging_mixin.py:104} INFO - [2022-04-12 04:27:37,616] {dag.py:2305} INFO - Setting next_dagrun for paralled_dag to 2022-04-12 00:00:00+00:00
[2022-04-12 04:27:37,818] {scheduler_job.py:190} INFO - Processing /home/airflow/airflow/dags/parallel_dag.py took 0.664 seconds
[2022-04-12 04:28:08,037] {scheduler_job.py:182} INFO - Started process (PID=93315) to work on /home/airflow/airflow/dags/parallel_dag.py
[2022-04-12 04:28:08,043] {scheduler_job.py:633} INFO - Processing file /home/airflow/airflow/dags/parallel_dag.py for tasks to queue
[2022-04-12 04:28:08,045] {logging_mixin.py:104} INFO - [2022-04-12 04:28:08,045] {dagbag.py:487} INFO - Filling up the DagBag from /home/airflow/airflow/dags/parallel_dag.py
[2022-04-12 04:28:08,162] {scheduler_job.py:643} INFO - DAG(s) dict_keys(['paralled_dag']) retrieved from /home/airflow/airflow/dags/parallel_dag.py
[2022-04-12 04:28:08,363] {logging_mixin.py:104} INFO - [2022-04-12 04:28:08,363] {dag.py:1832} INFO - Sync 1 DAGs
[2022-04-12 04:28:08,430] {logging_mixin.py:104} INFO - [2022-04-12 04:28:08,430] {dag.py:2305} INFO - Setting next_dagrun for paralled_dag to 2022-04-12 00:00:00+00:00
[2022-04-12 04:28:08,546] {scheduler_job.py:190} INFO - Processing /home/airflow/airflow/dags/parallel_dag.py took 0.555 seconds
[2022-04-12 04:28:39,628] {scheduler_job.py:182} INFO - Started process (PID=93520) to work on /home/airflow/airflow/dags/parallel_dag.py
[2022-04-12 04:28:39,636] {scheduler_job.py:633} INFO - Processing file /home/airflow/airflow/dags/parallel_dag.py for tasks to queue
[2022-04-12 04:28:39,645] {logging_mixin.py:104} INFO - [2022-04-12 04:28:39,644] {dagbag.py:487} INFO - Filling up the DagBag from /home/airflow/airflow/dags/parallel_dag.py
[2022-04-12 04:28:39,831] {scheduler_job.py:643} INFO - DAG(s) dict_keys(['paralled_dag']) retrieved from /home/airflow/airflow/dags/parallel_dag.py
[2022-04-12 04:28:40,115] {logging_mixin.py:104} INFO - [2022-04-12 04:28:40,114] {dag.py:1832} INFO - Sync 1 DAGs
[2022-04-12 04:28:40,310] {logging_mixin.py:104} INFO - [2022-04-12 04:28:40,310] {dag.py:2305} INFO - Setting next_dagrun for paralled_dag to 2022-04-12 00:00:00+00:00
[2022-04-12 04:28:40,420] {scheduler_job.py:190} INFO - Processing /home/airflow/airflow/dags/parallel_dag.py took 0.844 seconds
[2022-04-12 04:30:24,065] {scheduler_job.py:182} INFO - Started process (PID=93755) to work on /home/airflow/airflow/dags/parallel_dag.py
[2022-04-12 04:30:24,098] {scheduler_job.py:633} INFO - Processing file /home/airflow/airflow/dags/parallel_dag.py for tasks to queue
[2022-04-12 04:30:24,109] {logging_mixin.py:104} INFO - [2022-04-12 04:30:24,109] {dagbag.py:487} INFO - Filling up the DagBag from /home/airflow/airflow/dags/parallel_dag.py
[2022-04-12 04:30:25,097] {scheduler_job.py:643} INFO - DAG(s) dict_keys(['paralled_dag']) retrieved from /home/airflow/airflow/dags/parallel_dag.py
[2022-04-12 04:30:26,096] {logging_mixin.py:104} INFO - [2022-04-12 04:30:26,095] {dag.py:1832} INFO - Sync 1 DAGs
[2022-04-12 04:30:26,659] {logging_mixin.py:104} INFO - [2022-04-12 04:30:26,657] {dag.py:2305} INFO - Setting next_dagrun for paralled_dag to 2022-04-12 00:00:00+00:00
[2022-04-12 04:30:26,951] {scheduler_job.py:190} INFO - Processing /home/airflow/airflow/dags/parallel_dag.py took 2.987 seconds
[2022-04-12 04:30:57,938] {scheduler_job.py:182} INFO - Started process (PID=94190) to work on /home/airflow/airflow/dags/parallel_dag.py
[2022-04-12 04:30:57,968] {scheduler_job.py:633} INFO - Processing file /home/airflow/airflow/dags/parallel_dag.py for tasks to queue
[2022-04-12 04:30:57,970] {logging_mixin.py:104} INFO - [2022-04-12 04:30:57,969] {dagbag.py:487} INFO - Filling up the DagBag from /home/airflow/airflow/dags/parallel_dag.py
[2022-04-12 04:30:58,016] {scheduler_job.py:643} INFO - DAG(s) dict_keys(['paralled_dag']) retrieved from /home/airflow/airflow/dags/parallel_dag.py
[2022-04-12 04:30:58,208] {logging_mixin.py:104} INFO - [2022-04-12 04:30:58,208] {dag.py:1832} INFO - Sync 1 DAGs
[2022-04-12 04:30:58,339] {logging_mixin.py:104} INFO - [2022-04-12 04:30:58,339] {dag.py:2305} INFO - Setting next_dagrun for paralled_dag to 2022-04-12 00:00:00+00:00
[2022-04-12 04:30:58,393] {scheduler_job.py:190} INFO - Processing /home/airflow/airflow/dags/parallel_dag.py took 0.466 seconds
[2022-04-12 04:31:28,529] {scheduler_job.py:182} INFO - Started process (PID=94393) to work on /home/airflow/airflow/dags/parallel_dag.py
[2022-04-12 04:31:28,549] {scheduler_job.py:633} INFO - Processing file /home/airflow/airflow/dags/parallel_dag.py for tasks to queue
[2022-04-12 04:31:28,559] {logging_mixin.py:104} INFO - [2022-04-12 04:31:28,558] {dagbag.py:487} INFO - Filling up the DagBag from /home/airflow/airflow/dags/parallel_dag.py
[2022-04-12 04:31:28,618] {scheduler_job.py:643} INFO - DAG(s) dict_keys(['paralled_dag']) retrieved from /home/airflow/airflow/dags/parallel_dag.py
[2022-04-12 04:31:28,795] {logging_mixin.py:104} INFO - [2022-04-12 04:31:28,795] {dag.py:1832} INFO - Sync 1 DAGs
[2022-04-12 04:31:28,838] {logging_mixin.py:104} INFO - [2022-04-12 04:31:28,838] {dag.py:2305} INFO - Setting next_dagrun for paralled_dag to 2022-04-12 00:00:00+00:00
[2022-04-12 04:31:28,868] {scheduler_job.py:190} INFO - Processing /home/airflow/airflow/dags/parallel_dag.py took 0.357 seconds
[2022-04-12 04:31:59,094] {scheduler_job.py:182} INFO - Started process (PID=94589) to work on /home/airflow/airflow/dags/parallel_dag.py
[2022-04-12 04:31:59,138] {scheduler_job.py:633} INFO - Processing file /home/airflow/airflow/dags/parallel_dag.py for tasks to queue
[2022-04-12 04:31:59,162] {logging_mixin.py:104} INFO - [2022-04-12 04:31:59,159] {dagbag.py:487} INFO - Filling up the DagBag from /home/airflow/airflow/dags/parallel_dag.py
[2022-04-12 04:31:59,290] {scheduler_job.py:643} INFO - DAG(s) dict_keys(['paralled_dag']) retrieved from /home/airflow/airflow/dags/parallel_dag.py
[2022-04-12 04:31:59,443] {logging_mixin.py:104} INFO - [2022-04-12 04:31:59,442] {dag.py:1832} INFO - Sync 1 DAGs
[2022-04-12 04:31:59,514] {logging_mixin.py:104} INFO - [2022-04-12 04:31:59,514] {dag.py:2305} INFO - Setting next_dagrun for paralled_dag to 2022-04-12 00:00:00+00:00
[2022-04-12 04:31:59,573] {scheduler_job.py:190} INFO - Processing /home/airflow/airflow/dags/parallel_dag.py took 0.495 seconds
[2022-04-12 04:32:29,786] {scheduler_job.py:182} INFO - Started process (PID=94794) to work on /home/airflow/airflow/dags/parallel_dag.py
[2022-04-12 04:32:29,788] {scheduler_job.py:633} INFO - Processing file /home/airflow/airflow/dags/parallel_dag.py for tasks to queue
[2022-04-12 04:32:29,804] {logging_mixin.py:104} INFO - [2022-04-12 04:32:29,804] {dagbag.py:487} INFO - Filling up the DagBag from /home/airflow/airflow/dags/parallel_dag.py
[2022-04-12 04:32:29,827] {scheduler_job.py:643} INFO - DAG(s) dict_keys(['paralled_dag']) retrieved from /home/airflow/airflow/dags/parallel_dag.py
[2022-04-12 04:32:29,891] {logging_mixin.py:104} INFO - [2022-04-12 04:32:29,891] {dag.py:1832} INFO - Sync 1 DAGs
[2022-04-12 04:32:29,946] {logging_mixin.py:104} INFO - [2022-04-12 04:32:29,946] {dag.py:2305} INFO - Setting next_dagrun for paralled_dag to 2022-04-12 00:00:00+00:00
[2022-04-12 04:32:29,988] {scheduler_job.py:190} INFO - Processing /home/airflow/airflow/dags/parallel_dag.py took 0.210 seconds
