[2022-04-12 04:05:36,449] {scheduler_job.py:182} INFO - Started process (PID=82162) to work on /home/airflow/airflow/dags/user_processing.py
[2022-04-12 04:05:36,482] {scheduler_job.py:633} INFO - Processing file /home/airflow/airflow/dags/user_processing.py for tasks to queue
[2022-04-12 04:05:36,483] {logging_mixin.py:104} INFO - [2022-04-12 04:05:36,483] {dagbag.py:487} INFO - Filling up the DagBag from /home/airflow/airflow/dags/user_processing.py
[2022-04-12 04:05:36,735] {logging_mixin.py:104} WARNING - /home/airflow/sandbox/lib/python3.8/site-packages/airflow/providers/sqlite/operators/sqlite.py:25 DeprecationWarning: This decorator is deprecated.

In previous versions, all subclasses of BaseOperator must use apply_default decorator for the`default_args` feature to work properly.

In current version, it is optional. The decorator is applied automatically using the metaclass.
[2022-04-12 04:05:48,721] {scheduler_job.py:643} INFO - DAG(s) dict_keys(['user_processing']) retrieved from /home/airflow/airflow/dags/user_processing.py
[2022-04-12 04:05:49,144] {logging_mixin.py:104} INFO - [2022-04-12 04:05:49,144] {dag.py:1832} INFO - Sync 1 DAGs
[2022-04-12 04:05:49,461] {logging_mixin.py:104} INFO - [2022-04-12 04:05:49,461] {dag.py:2305} INFO - Setting next_dagrun for user_processing to 2022-04-11 00:00:00+00:00
[2022-04-12 04:05:49,625] {scheduler_job.py:190} INFO - Processing /home/airflow/airflow/dags/user_processing.py took 13.159 seconds
[2022-04-12 04:06:24,106] {scheduler_job.py:182} INFO - Started process (PID=83579) to work on /home/airflow/airflow/dags/user_processing.py
[2022-04-12 04:06:24,114] {scheduler_job.py:633} INFO - Processing file /home/airflow/airflow/dags/user_processing.py for tasks to queue
[2022-04-12 04:06:24,115] {logging_mixin.py:104} INFO - [2022-04-12 04:06:24,115] {dagbag.py:487} INFO - Filling up the DagBag from /home/airflow/airflow/dags/user_processing.py
[2022-04-12 04:06:24,138] {logging_mixin.py:104} WARNING - /home/airflow/sandbox/lib/python3.8/site-packages/airflow/providers/sqlite/operators/sqlite.py:25 DeprecationWarning: This decorator is deprecated.

In previous versions, all subclasses of BaseOperator must use apply_default decorator for the`default_args` feature to work properly.

In current version, it is optional. The decorator is applied automatically using the metaclass.
[2022-04-12 04:06:25,030] {scheduler_job.py:643} INFO - DAG(s) dict_keys(['user_processing']) retrieved from /home/airflow/airflow/dags/user_processing.py
[2022-04-12 04:06:25,075] {logging_mixin.py:104} INFO - [2022-04-12 04:06:25,074] {dag.py:1832} INFO - Sync 1 DAGs
[2022-04-12 04:06:25,102] {logging_mixin.py:104} INFO - [2022-04-12 04:06:25,102] {dag.py:2305} INFO - Setting next_dagrun for user_processing to 2022-04-11 00:00:00+00:00
[2022-04-12 04:06:25,128] {scheduler_job.py:190} INFO - Processing /home/airflow/airflow/dags/user_processing.py took 1.025 seconds
[2022-04-12 04:06:55,833] {scheduler_job.py:182} INFO - Started process (PID=83977) to work on /home/airflow/airflow/dags/user_processing.py
[2022-04-12 04:06:55,839] {scheduler_job.py:633} INFO - Processing file /home/airflow/airflow/dags/user_processing.py for tasks to queue
[2022-04-12 04:06:55,840] {logging_mixin.py:104} INFO - [2022-04-12 04:06:55,840] {dagbag.py:487} INFO - Filling up the DagBag from /home/airflow/airflow/dags/user_processing.py
[2022-04-12 04:06:55,909] {logging_mixin.py:104} WARNING - /home/airflow/sandbox/lib/python3.8/site-packages/airflow/providers/sqlite/operators/sqlite.py:25 DeprecationWarning: This decorator is deprecated.

In previous versions, all subclasses of BaseOperator must use apply_default decorator for the`default_args` feature to work properly.

In current version, it is optional. The decorator is applied automatically using the metaclass.
[2022-04-12 04:06:57,906] {scheduler_job.py:643} INFO - DAG(s) dict_keys(['user_processing']) retrieved from /home/airflow/airflow/dags/user_processing.py
[2022-04-12 04:06:58,029] {logging_mixin.py:104} INFO - [2022-04-12 04:06:58,028] {dag.py:1832} INFO - Sync 1 DAGs
[2022-04-12 04:06:58,107] {logging_mixin.py:104} INFO - [2022-04-12 04:06:58,107] {dag.py:2305} INFO - Setting next_dagrun for user_processing to 2022-04-11 00:00:00+00:00
[2022-04-12 04:06:58,194] {scheduler_job.py:190} INFO - Processing /home/airflow/airflow/dags/user_processing.py took 2.370 seconds
[2022-04-12 04:07:28,661] {scheduler_job.py:182} INFO - Started process (PID=84248) to work on /home/airflow/airflow/dags/user_processing.py
[2022-04-12 04:07:28,673] {scheduler_job.py:633} INFO - Processing file /home/airflow/airflow/dags/user_processing.py for tasks to queue
[2022-04-12 04:07:28,678] {logging_mixin.py:104} INFO - [2022-04-12 04:07:28,678] {dagbag.py:487} INFO - Filling up the DagBag from /home/airflow/airflow/dags/user_processing.py
[2022-04-12 04:07:28,739] {logging_mixin.py:104} WARNING - /home/airflow/sandbox/lib/python3.8/site-packages/airflow/providers/sqlite/operators/sqlite.py:25 DeprecationWarning: This decorator is deprecated.

In previous versions, all subclasses of BaseOperator must use apply_default decorator for the`default_args` feature to work properly.

In current version, it is optional. The decorator is applied automatically using the metaclass.
[2022-04-12 04:07:30,424] {scheduler_job.py:643} INFO - DAG(s) dict_keys(['user_processing']) retrieved from /home/airflow/airflow/dags/user_processing.py
[2022-04-12 04:07:30,470] {logging_mixin.py:104} INFO - [2022-04-12 04:07:30,469] {dag.py:1832} INFO - Sync 1 DAGs
[2022-04-12 04:07:30,503] {logging_mixin.py:104} INFO - [2022-04-12 04:07:30,502] {dag.py:2305} INFO - Setting next_dagrun for user_processing to 2022-04-11 00:00:00+00:00
[2022-04-12 04:07:30,543] {scheduler_job.py:190} INFO - Processing /home/airflow/airflow/dags/user_processing.py took 1.889 seconds
[2022-04-12 04:08:01,130] {scheduler_job.py:182} INFO - Started process (PID=84450) to work on /home/airflow/airflow/dags/user_processing.py
[2022-04-12 04:08:01,144] {scheduler_job.py:633} INFO - Processing file /home/airflow/airflow/dags/user_processing.py for tasks to queue
[2022-04-12 04:08:01,146] {logging_mixin.py:104} INFO - [2022-04-12 04:08:01,146] {dagbag.py:487} INFO - Filling up the DagBag from /home/airflow/airflow/dags/user_processing.py
[2022-04-12 04:08:01,211] {logging_mixin.py:104} WARNING - /home/airflow/sandbox/lib/python3.8/site-packages/airflow/providers/sqlite/operators/sqlite.py:25 DeprecationWarning: This decorator is deprecated.

In previous versions, all subclasses of BaseOperator must use apply_default decorator for the`default_args` feature to work properly.

In current version, it is optional. The decorator is applied automatically using the metaclass.
[2022-04-12 04:08:02,933] {scheduler_job.py:643} INFO - DAG(s) dict_keys(['user_processing']) retrieved from /home/airflow/airflow/dags/user_processing.py
[2022-04-12 04:08:02,982] {logging_mixin.py:104} INFO - [2022-04-12 04:08:02,981] {dag.py:1832} INFO - Sync 1 DAGs
[2022-04-12 04:08:03,032] {logging_mixin.py:104} INFO - [2022-04-12 04:08:03,032] {dag.py:2305} INFO - Setting next_dagrun for user_processing to 2022-04-11 00:00:00+00:00
[2022-04-12 04:08:03,068] {scheduler_job.py:190} INFO - Processing /home/airflow/airflow/dags/user_processing.py took 1.944 seconds
[2022-04-12 04:08:33,158] {scheduler_job.py:182} INFO - Started process (PID=84725) to work on /home/airflow/airflow/dags/user_processing.py
[2022-04-12 04:08:33,161] {scheduler_job.py:633} INFO - Processing file /home/airflow/airflow/dags/user_processing.py for tasks to queue
[2022-04-12 04:08:33,162] {logging_mixin.py:104} INFO - [2022-04-12 04:08:33,162] {dagbag.py:487} INFO - Filling up the DagBag from /home/airflow/airflow/dags/user_processing.py
[2022-04-12 04:08:33,201] {logging_mixin.py:104} WARNING - /home/airflow/sandbox/lib/python3.8/site-packages/airflow/providers/sqlite/operators/sqlite.py:25 DeprecationWarning: This decorator is deprecated.

In previous versions, all subclasses of BaseOperator must use apply_default decorator for the`default_args` feature to work properly.

In current version, it is optional. The decorator is applied automatically using the metaclass.
[2022-04-12 04:08:34,031] {scheduler_job.py:643} INFO - DAG(s) dict_keys(['user_processing']) retrieved from /home/airflow/airflow/dags/user_processing.py
[2022-04-12 04:08:34,075] {logging_mixin.py:104} INFO - [2022-04-12 04:08:34,074] {dag.py:1832} INFO - Sync 1 DAGs
[2022-04-12 04:08:34,100] {logging_mixin.py:104} INFO - [2022-04-12 04:08:34,100] {dag.py:2305} INFO - Setting next_dagrun for user_processing to 2022-04-11 00:00:00+00:00
[2022-04-12 04:08:34,119] {scheduler_job.py:190} INFO - Processing /home/airflow/airflow/dags/user_processing.py took 0.969 seconds
[2022-04-12 04:09:04,265] {scheduler_job.py:182} INFO - Started process (PID=84948) to work on /home/airflow/airflow/dags/user_processing.py
[2022-04-12 04:09:04,267] {scheduler_job.py:633} INFO - Processing file /home/airflow/airflow/dags/user_processing.py for tasks to queue
[2022-04-12 04:09:04,269] {logging_mixin.py:104} INFO - [2022-04-12 04:09:04,269] {dagbag.py:487} INFO - Filling up the DagBag from /home/airflow/airflow/dags/user_processing.py
[2022-04-12 04:09:04,295] {logging_mixin.py:104} WARNING - /home/airflow/sandbox/lib/python3.8/site-packages/airflow/providers/sqlite/operators/sqlite.py:25 DeprecationWarning: This decorator is deprecated.

In previous versions, all subclasses of BaseOperator must use apply_default decorator for the`default_args` feature to work properly.

In current version, it is optional. The decorator is applied automatically using the metaclass.
[2022-04-12 04:09:05,308] {scheduler_job.py:643} INFO - DAG(s) dict_keys(['user_processing']) retrieved from /home/airflow/airflow/dags/user_processing.py
[2022-04-12 04:09:05,367] {logging_mixin.py:104} INFO - [2022-04-12 04:09:05,366] {dag.py:1832} INFO - Sync 1 DAGs
[2022-04-12 04:09:05,438] {logging_mixin.py:104} INFO - [2022-04-12 04:09:05,438] {dag.py:2305} INFO - Setting next_dagrun for user_processing to 2022-04-11 00:00:00+00:00
[2022-04-12 04:09:05,465] {scheduler_job.py:190} INFO - Processing /home/airflow/airflow/dags/user_processing.py took 1.208 seconds
[2022-04-12 04:14:37,593] {scheduler_job.py:182} INFO - Started process (PID=85128) to work on /home/airflow/airflow/dags/user_processing.py
[2022-04-12 04:14:37,817] {scheduler_job.py:633} INFO - Processing file /home/airflow/airflow/dags/user_processing.py for tasks to queue
[2022-04-12 04:14:37,894] {logging_mixin.py:104} INFO - [2022-04-12 04:14:37,894] {dagbag.py:487} INFO - Filling up the DagBag from /home/airflow/airflow/dags/user_processing.py
[2022-04-12 04:14:38,241] {logging_mixin.py:104} WARNING - /home/airflow/sandbox/lib/python3.8/site-packages/airflow/providers/sqlite/operators/sqlite.py:25 DeprecationWarning: This decorator is deprecated.

In previous versions, all subclasses of BaseOperator must use apply_default decorator for the`default_args` feature to work properly.

In current version, it is optional. The decorator is applied automatically using the metaclass.
[2022-04-12 04:14:44,991] {scheduler_job.py:643} INFO - DAG(s) dict_keys(['user_processing']) retrieved from /home/airflow/airflow/dags/user_processing.py
[2022-04-12 04:14:45,213] {logging_mixin.py:104} INFO - [2022-04-12 04:14:45,212] {dag.py:1832} INFO - Sync 1 DAGs
[2022-04-12 04:14:45,459] {logging_mixin.py:104} INFO - [2022-04-12 04:14:45,458] {dag.py:2305} INFO - Setting next_dagrun for user_processing to 2022-04-11 00:00:00+00:00
[2022-04-12 04:14:46,185] {scheduler_job.py:190} INFO - Processing /home/airflow/airflow/dags/user_processing.py took 8.596 seconds
[2022-04-12 04:15:17,105] {scheduler_job.py:182} INFO - Started process (PID=85828) to work on /home/airflow/airflow/dags/user_processing.py
[2022-04-12 04:15:17,117] {scheduler_job.py:633} INFO - Processing file /home/airflow/airflow/dags/user_processing.py for tasks to queue
[2022-04-12 04:15:17,133] {logging_mixin.py:104} INFO - [2022-04-12 04:15:17,132] {dagbag.py:487} INFO - Filling up the DagBag from /home/airflow/airflow/dags/user_processing.py
[2022-04-12 04:15:17,197] {logging_mixin.py:104} WARNING - /home/airflow/sandbox/lib/python3.8/site-packages/airflow/providers/sqlite/operators/sqlite.py:25 DeprecationWarning: This decorator is deprecated.

In previous versions, all subclasses of BaseOperator must use apply_default decorator for the`default_args` feature to work properly.

In current version, it is optional. The decorator is applied automatically using the metaclass.
[2022-04-12 04:15:19,110] {scheduler_job.py:643} INFO - DAG(s) dict_keys(['user_processing']) retrieved from /home/airflow/airflow/dags/user_processing.py
[2022-04-12 04:15:19,156] {logging_mixin.py:104} INFO - [2022-04-12 04:15:19,155] {dag.py:1832} INFO - Sync 1 DAGs
[2022-04-12 04:15:19,189] {logging_mixin.py:104} INFO - [2022-04-12 04:15:19,189] {dag.py:2305} INFO - Setting next_dagrun for user_processing to 2022-04-11 00:00:00+00:00
[2022-04-12 04:15:19,234] {scheduler_job.py:190} INFO - Processing /home/airflow/airflow/dags/user_processing.py took 2.187 seconds
[2022-04-12 04:15:49,456] {scheduler_job.py:182} INFO - Started process (PID=86222) to work on /home/airflow/airflow/dags/user_processing.py
[2022-04-12 04:15:49,470] {scheduler_job.py:633} INFO - Processing file /home/airflow/airflow/dags/user_processing.py for tasks to queue
[2022-04-12 04:15:49,472] {logging_mixin.py:104} INFO - [2022-04-12 04:15:49,472] {dagbag.py:487} INFO - Filling up the DagBag from /home/airflow/airflow/dags/user_processing.py
[2022-04-12 04:15:49,528] {logging_mixin.py:104} WARNING - /home/airflow/sandbox/lib/python3.8/site-packages/airflow/providers/sqlite/operators/sqlite.py:25 DeprecationWarning: This decorator is deprecated.

In previous versions, all subclasses of BaseOperator must use apply_default decorator for the`default_args` feature to work properly.

In current version, it is optional. The decorator is applied automatically using the metaclass.
[2022-04-12 04:15:51,557] {scheduler_job.py:643} INFO - DAG(s) dict_keys(['user_processing']) retrieved from /home/airflow/airflow/dags/user_processing.py
[2022-04-12 04:15:51,685] {logging_mixin.py:104} INFO - [2022-04-12 04:15:51,685] {dag.py:1832} INFO - Sync 1 DAGs
[2022-04-12 04:15:51,780] {logging_mixin.py:104} INFO - [2022-04-12 04:15:51,779] {dag.py:2305} INFO - Setting next_dagrun for user_processing to 2022-04-11 00:00:00+00:00
[2022-04-12 04:15:51,854] {scheduler_job.py:190} INFO - Processing /home/airflow/airflow/dags/user_processing.py took 2.418 seconds
[2022-04-12 04:16:22,376] {scheduler_job.py:182} INFO - Started process (PID=86640) to work on /home/airflow/airflow/dags/user_processing.py
[2022-04-12 04:16:22,392] {scheduler_job.py:633} INFO - Processing file /home/airflow/airflow/dags/user_processing.py for tasks to queue
[2022-04-12 04:16:22,398] {logging_mixin.py:104} INFO - [2022-04-12 04:16:22,398] {dagbag.py:487} INFO - Filling up the DagBag from /home/airflow/airflow/dags/user_processing.py
[2022-04-12 04:16:22,484] {logging_mixin.py:104} WARNING - /home/airflow/sandbox/lib/python3.8/site-packages/airflow/providers/sqlite/operators/sqlite.py:25 DeprecationWarning: This decorator is deprecated.

In previous versions, all subclasses of BaseOperator must use apply_default decorator for the`default_args` feature to work properly.

In current version, it is optional. The decorator is applied automatically using the metaclass.
[2022-04-12 04:16:24,240] {scheduler_job.py:643} INFO - DAG(s) dict_keys(['user_processing']) retrieved from /home/airflow/airflow/dags/user_processing.py
[2022-04-12 04:16:24,348] {logging_mixin.py:104} INFO - [2022-04-12 04:16:24,347] {dag.py:1832} INFO - Sync 1 DAGs
[2022-04-12 04:16:24,400] {logging_mixin.py:104} INFO - [2022-04-12 04:16:24,399] {dag.py:2305} INFO - Setting next_dagrun for user_processing to 2022-04-11 00:00:00+00:00
[2022-04-12 04:16:24,478] {scheduler_job.py:190} INFO - Processing /home/airflow/airflow/dags/user_processing.py took 2.127 seconds
[2022-04-12 04:16:54,600] {scheduler_job.py:182} INFO - Started process (PID=87040) to work on /home/airflow/airflow/dags/user_processing.py
[2022-04-12 04:16:54,607] {scheduler_job.py:633} INFO - Processing file /home/airflow/airflow/dags/user_processing.py for tasks to queue
[2022-04-12 04:16:54,609] {logging_mixin.py:104} INFO - [2022-04-12 04:16:54,608] {dagbag.py:487} INFO - Filling up the DagBag from /home/airflow/airflow/dags/user_processing.py
[2022-04-12 04:16:54,632] {logging_mixin.py:104} WARNING - /home/airflow/sandbox/lib/python3.8/site-packages/airflow/providers/sqlite/operators/sqlite.py:25 DeprecationWarning: This decorator is deprecated.

In previous versions, all subclasses of BaseOperator must use apply_default decorator for the`default_args` feature to work properly.

In current version, it is optional. The decorator is applied automatically using the metaclass.
[2022-04-12 04:16:55,998] {scheduler_job.py:643} INFO - DAG(s) dict_keys(['user_processing']) retrieved from /home/airflow/airflow/dags/user_processing.py
[2022-04-12 04:16:56,094] {logging_mixin.py:104} INFO - [2022-04-12 04:16:56,093] {dag.py:1832} INFO - Sync 1 DAGs
[2022-04-12 04:16:56,198] {logging_mixin.py:104} INFO - [2022-04-12 04:16:56,198] {dag.py:2305} INFO - Setting next_dagrun for user_processing to 2022-04-11 00:00:00+00:00
[2022-04-12 04:16:56,282] {scheduler_job.py:190} INFO - Processing /home/airflow/airflow/dags/user_processing.py took 1.689 seconds
[2022-04-12 04:17:26,464] {scheduler_job.py:182} INFO - Started process (PID=87449) to work on /home/airflow/airflow/dags/user_processing.py
[2022-04-12 04:17:26,474] {scheduler_job.py:633} INFO - Processing file /home/airflow/airflow/dags/user_processing.py for tasks to queue
[2022-04-12 04:17:26,477] {logging_mixin.py:104} INFO - [2022-04-12 04:17:26,476] {dagbag.py:487} INFO - Filling up the DagBag from /home/airflow/airflow/dags/user_processing.py
[2022-04-12 04:17:26,503] {logging_mixin.py:104} WARNING - /home/airflow/sandbox/lib/python3.8/site-packages/airflow/providers/sqlite/operators/sqlite.py:25 DeprecationWarning: This decorator is deprecated.

In previous versions, all subclasses of BaseOperator must use apply_default decorator for the`default_args` feature to work properly.

In current version, it is optional. The decorator is applied automatically using the metaclass.
[2022-04-12 04:17:27,573] {scheduler_job.py:643} INFO - DAG(s) dict_keys(['user_processing']) retrieved from /home/airflow/airflow/dags/user_processing.py
[2022-04-12 04:17:27,679] {logging_mixin.py:104} INFO - [2022-04-12 04:17:27,678] {dag.py:1832} INFO - Sync 1 DAGs
[2022-04-12 04:17:27,742] {logging_mixin.py:104} INFO - [2022-04-12 04:17:27,742] {dag.py:2305} INFO - Setting next_dagrun for user_processing to 2022-04-11 00:00:00+00:00
[2022-04-12 04:17:27,786] {scheduler_job.py:190} INFO - Processing /home/airflow/airflow/dags/user_processing.py took 1.330 seconds
[2022-04-12 04:17:58,630] {scheduler_job.py:182} INFO - Started process (PID=87848) to work on /home/airflow/airflow/dags/user_processing.py
[2022-04-12 04:17:58,642] {scheduler_job.py:633} INFO - Processing file /home/airflow/airflow/dags/user_processing.py for tasks to queue
[2022-04-12 04:17:58,652] {logging_mixin.py:104} INFO - [2022-04-12 04:17:58,651] {dagbag.py:487} INFO - Filling up the DagBag from /home/airflow/airflow/dags/user_processing.py
[2022-04-12 04:17:58,764] {logging_mixin.py:104} WARNING - /home/airflow/sandbox/lib/python3.8/site-packages/airflow/providers/sqlite/operators/sqlite.py:25 DeprecationWarning: This decorator is deprecated.

In previous versions, all subclasses of BaseOperator must use apply_default decorator for the`default_args` feature to work properly.

In current version, it is optional. The decorator is applied automatically using the metaclass.
[2022-04-12 04:18:01,119] {scheduler_job.py:643} INFO - DAG(s) dict_keys(['user_processing']) retrieved from /home/airflow/airflow/dags/user_processing.py
[2022-04-12 04:18:01,243] {logging_mixin.py:104} INFO - [2022-04-12 04:18:01,242] {dag.py:1832} INFO - Sync 1 DAGs
[2022-04-12 04:18:01,416] {logging_mixin.py:104} INFO - [2022-04-12 04:18:01,415] {dag.py:2305} INFO - Setting next_dagrun for user_processing to 2022-04-11 00:00:00+00:00
[2022-04-12 04:18:01,544] {scheduler_job.py:190} INFO - Processing /home/airflow/airflow/dags/user_processing.py took 2.930 seconds
[2022-04-12 04:18:32,556] {scheduler_job.py:182} INFO - Started process (PID=88276) to work on /home/airflow/airflow/dags/user_processing.py
[2022-04-12 04:18:32,565] {scheduler_job.py:633} INFO - Processing file /home/airflow/airflow/dags/user_processing.py for tasks to queue
[2022-04-12 04:18:32,592] {logging_mixin.py:104} INFO - [2022-04-12 04:18:32,580] {dagbag.py:487} INFO - Filling up the DagBag from /home/airflow/airflow/dags/user_processing.py
[2022-04-12 04:18:32,693] {logging_mixin.py:104} WARNING - /home/airflow/sandbox/lib/python3.8/site-packages/airflow/providers/sqlite/operators/sqlite.py:25 DeprecationWarning: This decorator is deprecated.

In previous versions, all subclasses of BaseOperator must use apply_default decorator for the`default_args` feature to work properly.

In current version, it is optional. The decorator is applied automatically using the metaclass.
[2022-04-12 04:18:34,630] {scheduler_job.py:643} INFO - DAG(s) dict_keys(['user_processing']) retrieved from /home/airflow/airflow/dags/user_processing.py
[2022-04-12 04:18:34,683] {logging_mixin.py:104} INFO - [2022-04-12 04:18:34,682] {dag.py:1832} INFO - Sync 1 DAGs
[2022-04-12 04:18:34,764] {logging_mixin.py:104} INFO - [2022-04-12 04:18:34,763] {dag.py:2305} INFO - Setting next_dagrun for user_processing to 2022-04-11 00:00:00+00:00
[2022-04-12 04:18:34,919] {scheduler_job.py:190} INFO - Processing /home/airflow/airflow/dags/user_processing.py took 2.396 seconds
[2022-04-12 04:19:05,448] {scheduler_job.py:182} INFO - Started process (PID=88675) to work on /home/airflow/airflow/dags/user_processing.py
[2022-04-12 04:19:05,458] {scheduler_job.py:633} INFO - Processing file /home/airflow/airflow/dags/user_processing.py for tasks to queue
[2022-04-12 04:19:05,460] {logging_mixin.py:104} INFO - [2022-04-12 04:19:05,459] {dagbag.py:487} INFO - Filling up the DagBag from /home/airflow/airflow/dags/user_processing.py
[2022-04-12 04:19:05,538] {logging_mixin.py:104} WARNING - /home/airflow/sandbox/lib/python3.8/site-packages/airflow/providers/sqlite/operators/sqlite.py:25 DeprecationWarning: This decorator is deprecated.

In previous versions, all subclasses of BaseOperator must use apply_default decorator for the`default_args` feature to work properly.

In current version, it is optional. The decorator is applied automatically using the metaclass.
[2022-04-12 04:19:08,593] {scheduler_job.py:643} INFO - DAG(s) dict_keys(['user_processing']) retrieved from /home/airflow/airflow/dags/user_processing.py
[2022-04-12 04:19:08,707] {logging_mixin.py:104} INFO - [2022-04-12 04:19:08,706] {dag.py:1832} INFO - Sync 1 DAGs
[2022-04-12 04:19:08,849] {logging_mixin.py:104} INFO - [2022-04-12 04:19:08,849] {dag.py:2305} INFO - Setting next_dagrun for user_processing to 2022-04-11 00:00:00+00:00
[2022-04-12 04:19:08,934] {scheduler_job.py:190} INFO - Processing /home/airflow/airflow/dags/user_processing.py took 3.505 seconds
[2022-04-12 04:19:39,332] {scheduler_job.py:182} INFO - Started process (PID=89116) to work on /home/airflow/airflow/dags/user_processing.py
[2022-04-12 04:19:39,335] {scheduler_job.py:633} INFO - Processing file /home/airflow/airflow/dags/user_processing.py for tasks to queue
[2022-04-12 04:19:39,336] {logging_mixin.py:104} INFO - [2022-04-12 04:19:39,336] {dagbag.py:487} INFO - Filling up the DagBag from /home/airflow/airflow/dags/user_processing.py
[2022-04-12 04:19:39,370] {logging_mixin.py:104} WARNING - /home/airflow/sandbox/lib/python3.8/site-packages/airflow/providers/sqlite/operators/sqlite.py:25 DeprecationWarning: This decorator is deprecated.

In previous versions, all subclasses of BaseOperator must use apply_default decorator for the`default_args` feature to work properly.

In current version, it is optional. The decorator is applied automatically using the metaclass.
[2022-04-12 04:19:41,631] {scheduler_job.py:643} INFO - DAG(s) dict_keys(['user_processing']) retrieved from /home/airflow/airflow/dags/user_processing.py
[2022-04-12 04:19:41,762] {logging_mixin.py:104} INFO - [2022-04-12 04:19:41,761] {dag.py:1832} INFO - Sync 1 DAGs
[2022-04-12 04:19:41,903] {logging_mixin.py:104} INFO - [2022-04-12 04:19:41,903] {dag.py:2305} INFO - Setting next_dagrun for user_processing to 2022-04-11 00:00:00+00:00
[2022-04-12 04:19:41,975] {scheduler_job.py:190} INFO - Processing /home/airflow/airflow/dags/user_processing.py took 2.653 seconds
[2022-04-12 04:20:12,130] {scheduler_job.py:182} INFO - Started process (PID=89753) to work on /home/airflow/airflow/dags/user_processing.py
[2022-04-12 04:20:12,149] {scheduler_job.py:633} INFO - Processing file /home/airflow/airflow/dags/user_processing.py for tasks to queue
[2022-04-12 04:20:12,153] {logging_mixin.py:104} INFO - [2022-04-12 04:20:12,153] {dagbag.py:487} INFO - Filling up the DagBag from /home/airflow/airflow/dags/user_processing.py
[2022-04-12 04:20:12,206] {logging_mixin.py:104} WARNING - /home/airflow/sandbox/lib/python3.8/site-packages/airflow/providers/sqlite/operators/sqlite.py:25 DeprecationWarning: This decorator is deprecated.

In previous versions, all subclasses of BaseOperator must use apply_default decorator for the`default_args` feature to work properly.

In current version, it is optional. The decorator is applied automatically using the metaclass.
[2022-04-12 04:20:14,034] {scheduler_job.py:643} INFO - DAG(s) dict_keys(['user_processing']) retrieved from /home/airflow/airflow/dags/user_processing.py
[2022-04-12 04:20:14,100] {logging_mixin.py:104} INFO - [2022-04-12 04:20:14,100] {dag.py:1832} INFO - Sync 1 DAGs
[2022-04-12 04:20:14,156] {logging_mixin.py:104} INFO - [2022-04-12 04:20:14,156] {dag.py:2305} INFO - Setting next_dagrun for user_processing to 2022-04-11 00:00:00+00:00
[2022-04-12 04:20:14,219] {scheduler_job.py:190} INFO - Processing /home/airflow/airflow/dags/user_processing.py took 2.094 seconds
[2022-04-12 04:20:44,708] {scheduler_job.py:182} INFO - Started process (PID=90131) to work on /home/airflow/airflow/dags/user_processing.py
[2022-04-12 04:20:44,714] {scheduler_job.py:633} INFO - Processing file /home/airflow/airflow/dags/user_processing.py for tasks to queue
[2022-04-12 04:20:44,717] {logging_mixin.py:104} INFO - [2022-04-12 04:20:44,716] {dagbag.py:487} INFO - Filling up the DagBag from /home/airflow/airflow/dags/user_processing.py
[2022-04-12 04:20:44,758] {logging_mixin.py:104} WARNING - /home/airflow/sandbox/lib/python3.8/site-packages/airflow/providers/sqlite/operators/sqlite.py:25 DeprecationWarning: This decorator is deprecated.

In previous versions, all subclasses of BaseOperator must use apply_default decorator for the`default_args` feature to work properly.

In current version, it is optional. The decorator is applied automatically using the metaclass.
[2022-04-12 04:20:48,420] {scheduler_job.py:643} INFO - DAG(s) dict_keys(['user_processing']) retrieved from /home/airflow/airflow/dags/user_processing.py
[2022-04-12 04:20:48,752] {logging_mixin.py:104} INFO - [2022-04-12 04:20:48,752] {dag.py:1832} INFO - Sync 1 DAGs
[2022-04-12 04:20:48,859] {logging_mixin.py:104} INFO - [2022-04-12 04:20:48,858] {dag.py:2305} INFO - Setting next_dagrun for user_processing to 2022-04-11 00:00:00+00:00
[2022-04-12 04:20:49,049] {scheduler_job.py:190} INFO - Processing /home/airflow/airflow/dags/user_processing.py took 4.352 seconds
[2022-04-12 04:21:19,776] {scheduler_job.py:182} INFO - Started process (PID=90342) to work on /home/airflow/airflow/dags/user_processing.py
[2022-04-12 04:21:19,849] {scheduler_job.py:633} INFO - Processing file /home/airflow/airflow/dags/user_processing.py for tasks to queue
[2022-04-12 04:21:19,875] {logging_mixin.py:104} INFO - [2022-04-12 04:21:19,874] {dagbag.py:487} INFO - Filling up the DagBag from /home/airflow/airflow/dags/user_processing.py
[2022-04-12 04:21:20,051] {logging_mixin.py:104} WARNING - /home/airflow/sandbox/lib/python3.8/site-packages/airflow/providers/sqlite/operators/sqlite.py:25 DeprecationWarning: This decorator is deprecated.

In previous versions, all subclasses of BaseOperator must use apply_default decorator for the`default_args` feature to work properly.

In current version, it is optional. The decorator is applied automatically using the metaclass.
[2022-04-12 04:21:23,818] {scheduler_job.py:643} INFO - DAG(s) dict_keys(['user_processing']) retrieved from /home/airflow/airflow/dags/user_processing.py
[2022-04-12 04:21:23,932] {logging_mixin.py:104} INFO - [2022-04-12 04:21:23,929] {dag.py:1832} INFO - Sync 1 DAGs
[2022-04-12 04:21:24,056] {logging_mixin.py:104} INFO - [2022-04-12 04:21:24,056] {dag.py:2305} INFO - Setting next_dagrun for user_processing to 2022-04-11 00:00:00+00:00
[2022-04-12 04:21:24,222] {scheduler_job.py:190} INFO - Processing /home/airflow/airflow/dags/user_processing.py took 4.466 seconds
[2022-04-12 04:21:54,750] {scheduler_job.py:182} INFO - Started process (PID=90574) to work on /home/airflow/airflow/dags/user_processing.py
[2022-04-12 04:21:54,756] {scheduler_job.py:633} INFO - Processing file /home/airflow/airflow/dags/user_processing.py for tasks to queue
[2022-04-12 04:21:54,758] {logging_mixin.py:104} INFO - [2022-04-12 04:21:54,758] {dagbag.py:487} INFO - Filling up the DagBag from /home/airflow/airflow/dags/user_processing.py
[2022-04-12 04:21:54,805] {logging_mixin.py:104} WARNING - /home/airflow/sandbox/lib/python3.8/site-packages/airflow/providers/sqlite/operators/sqlite.py:25 DeprecationWarning: This decorator is deprecated.

In previous versions, all subclasses of BaseOperator must use apply_default decorator for the`default_args` feature to work properly.

In current version, it is optional. The decorator is applied automatically using the metaclass.
[2022-04-12 04:21:58,336] {scheduler_job.py:643} INFO - DAG(s) dict_keys(['user_processing']) retrieved from /home/airflow/airflow/dags/user_processing.py
[2022-04-12 04:21:58,532] {logging_mixin.py:104} INFO - [2022-04-12 04:21:58,531] {dag.py:1832} INFO - Sync 1 DAGs
[2022-04-12 04:21:58,620] {logging_mixin.py:104} INFO - [2022-04-12 04:21:58,620] {dag.py:2305} INFO - Setting next_dagrun for user_processing to 2022-04-11 00:00:00+00:00
[2022-04-12 04:21:58,677] {scheduler_job.py:190} INFO - Processing /home/airflow/airflow/dags/user_processing.py took 3.948 seconds
[2022-04-12 04:22:28,949] {scheduler_job.py:182} INFO - Started process (PID=90938) to work on /home/airflow/airflow/dags/user_processing.py
[2022-04-12 04:22:28,963] {scheduler_job.py:633} INFO - Processing file /home/airflow/airflow/dags/user_processing.py for tasks to queue
[2022-04-12 04:22:28,984] {logging_mixin.py:104} INFO - [2022-04-12 04:22:28,984] {dagbag.py:487} INFO - Filling up the DagBag from /home/airflow/airflow/dags/user_processing.py
[2022-04-12 04:22:29,162] {logging_mixin.py:104} WARNING - /home/airflow/sandbox/lib/python3.8/site-packages/airflow/providers/sqlite/operators/sqlite.py:25 DeprecationWarning: This decorator is deprecated.

In previous versions, all subclasses of BaseOperator must use apply_default decorator for the`default_args` feature to work properly.

In current version, it is optional. The decorator is applied automatically using the metaclass.
[2022-04-12 04:22:32,804] {scheduler_job.py:643} INFO - DAG(s) dict_keys(['user_processing']) retrieved from /home/airflow/airflow/dags/user_processing.py
[2022-04-12 04:22:32,904] {logging_mixin.py:104} INFO - [2022-04-12 04:22:32,903] {dag.py:1832} INFO - Sync 1 DAGs
[2022-04-12 04:22:33,082] {logging_mixin.py:104} INFO - [2022-04-12 04:22:33,081] {dag.py:2305} INFO - Setting next_dagrun for user_processing to 2022-04-11 00:00:00+00:00
[2022-04-12 04:22:33,184] {scheduler_job.py:190} INFO - Processing /home/airflow/airflow/dags/user_processing.py took 4.279 seconds
[2022-04-12 04:23:03,903] {scheduler_job.py:182} INFO - Started process (PID=91156) to work on /home/airflow/airflow/dags/user_processing.py
[2022-04-12 04:23:03,906] {scheduler_job.py:633} INFO - Processing file /home/airflow/airflow/dags/user_processing.py for tasks to queue
[2022-04-12 04:23:03,908] {logging_mixin.py:104} INFO - [2022-04-12 04:23:03,907] {dagbag.py:487} INFO - Filling up the DagBag from /home/airflow/airflow/dags/user_processing.py
[2022-04-12 04:23:03,947] {logging_mixin.py:104} WARNING - /home/airflow/sandbox/lib/python3.8/site-packages/airflow/providers/sqlite/operators/sqlite.py:25 DeprecationWarning: This decorator is deprecated.

In previous versions, all subclasses of BaseOperator must use apply_default decorator for the`default_args` feature to work properly.

In current version, it is optional. The decorator is applied automatically using the metaclass.
[2022-04-12 04:23:07,160] {scheduler_job.py:643} INFO - DAG(s) dict_keys(['user_processing']) retrieved from /home/airflow/airflow/dags/user_processing.py
[2022-04-12 04:23:07,363] {logging_mixin.py:104} INFO - [2022-04-12 04:23:07,350] {dag.py:1832} INFO - Sync 1 DAGs
[2022-04-12 04:23:07,515] {logging_mixin.py:104} INFO - [2022-04-12 04:23:07,514] {dag.py:2305} INFO - Setting next_dagrun for user_processing to 2022-04-11 00:00:00+00:00
[2022-04-12 04:23:07,601] {scheduler_job.py:190} INFO - Processing /home/airflow/airflow/dags/user_processing.py took 3.712 seconds
[2022-04-12 04:23:38,099] {scheduler_job.py:182} INFO - Started process (PID=91363) to work on /home/airflow/airflow/dags/user_processing.py
[2022-04-12 04:23:38,131] {scheduler_job.py:633} INFO - Processing file /home/airflow/airflow/dags/user_processing.py for tasks to queue
[2022-04-12 04:23:38,133] {logging_mixin.py:104} INFO - [2022-04-12 04:23:38,133] {dagbag.py:487} INFO - Filling up the DagBag from /home/airflow/airflow/dags/user_processing.py
[2022-04-12 04:23:38,277] {logging_mixin.py:104} WARNING - /home/airflow/sandbox/lib/python3.8/site-packages/airflow/providers/sqlite/operators/sqlite.py:25 DeprecationWarning: This decorator is deprecated.

In previous versions, all subclasses of BaseOperator must use apply_default decorator for the`default_args` feature to work properly.

In current version, it is optional. The decorator is applied automatically using the metaclass.
[2022-04-12 04:23:41,965] {scheduler_job.py:643} INFO - DAG(s) dict_keys(['user_processing']) retrieved from /home/airflow/airflow/dags/user_processing.py
[2022-04-12 04:23:42,041] {logging_mixin.py:104} INFO - [2022-04-12 04:23:42,040] {dag.py:1832} INFO - Sync 1 DAGs
[2022-04-12 04:23:42,174] {logging_mixin.py:104} INFO - [2022-04-12 04:23:42,161] {dag.py:2305} INFO - Setting next_dagrun for user_processing to 2022-04-11 00:00:00+00:00
[2022-04-12 04:23:42,292] {scheduler_job.py:190} INFO - Processing /home/airflow/airflow/dags/user_processing.py took 4.250 seconds
[2022-04-12 04:24:12,436] {scheduler_job.py:182} INFO - Started process (PID=91572) to work on /home/airflow/airflow/dags/user_processing.py
[2022-04-12 04:24:12,438] {scheduler_job.py:633} INFO - Processing file /home/airflow/airflow/dags/user_processing.py for tasks to queue
[2022-04-12 04:24:12,448] {logging_mixin.py:104} INFO - [2022-04-12 04:24:12,448] {dagbag.py:487} INFO - Filling up the DagBag from /home/airflow/airflow/dags/user_processing.py
[2022-04-12 04:24:12,480] {logging_mixin.py:104} WARNING - /home/airflow/sandbox/lib/python3.8/site-packages/airflow/providers/sqlite/operators/sqlite.py:25 DeprecationWarning: This decorator is deprecated.

In previous versions, all subclasses of BaseOperator must use apply_default decorator for the`default_args` feature to work properly.

In current version, it is optional. The decorator is applied automatically using the metaclass.
[2022-04-12 04:24:16,267] {scheduler_job.py:643} INFO - DAG(s) dict_keys(['user_processing']) retrieved from /home/airflow/airflow/dags/user_processing.py
[2022-04-12 04:24:16,329] {logging_mixin.py:104} INFO - [2022-04-12 04:24:16,327] {dag.py:1832} INFO - Sync 1 DAGs
[2022-04-12 04:24:16,439] {logging_mixin.py:104} INFO - [2022-04-12 04:24:16,438] {dag.py:2305} INFO - Setting next_dagrun for user_processing to 2022-04-11 00:00:00+00:00
[2022-04-12 04:24:16,580] {scheduler_job.py:190} INFO - Processing /home/airflow/airflow/dags/user_processing.py took 4.153 seconds
[2022-04-12 04:24:47,223] {scheduler_job.py:182} INFO - Started process (PID=91970) to work on /home/airflow/airflow/dags/user_processing.py
[2022-04-12 04:24:47,234] {scheduler_job.py:633} INFO - Processing file /home/airflow/airflow/dags/user_processing.py for tasks to queue
[2022-04-12 04:24:47,253] {logging_mixin.py:104} INFO - [2022-04-12 04:24:47,252] {dagbag.py:487} INFO - Filling up the DagBag from /home/airflow/airflow/dags/user_processing.py
[2022-04-12 04:24:47,397] {logging_mixin.py:104} WARNING - /home/airflow/sandbox/lib/python3.8/site-packages/airflow/providers/sqlite/operators/sqlite.py:25 DeprecationWarning: This decorator is deprecated.

In previous versions, all subclasses of BaseOperator must use apply_default decorator for the`default_args` feature to work properly.

In current version, it is optional. The decorator is applied automatically using the metaclass.
[2022-04-12 04:24:51,391] {scheduler_job.py:643} INFO - DAG(s) dict_keys(['user_processing']) retrieved from /home/airflow/airflow/dags/user_processing.py
[2022-04-12 04:24:51,532] {logging_mixin.py:104} INFO - [2022-04-12 04:24:51,531] {dag.py:1832} INFO - Sync 1 DAGs
[2022-04-12 04:24:51,585] {logging_mixin.py:104} INFO - [2022-04-12 04:24:51,584] {dag.py:2305} INFO - Setting next_dagrun for user_processing to 2022-04-11 00:00:00+00:00
[2022-04-12 04:24:51,723] {scheduler_job.py:190} INFO - Processing /home/airflow/airflow/dags/user_processing.py took 4.540 seconds
[2022-04-12 04:25:22,469] {scheduler_job.py:182} INFO - Started process (PID=92249) to work on /home/airflow/airflow/dags/user_processing.py
[2022-04-12 04:25:22,478] {scheduler_job.py:633} INFO - Processing file /home/airflow/airflow/dags/user_processing.py for tasks to queue
[2022-04-12 04:25:22,485] {logging_mixin.py:104} INFO - [2022-04-12 04:25:22,482] {dagbag.py:487} INFO - Filling up the DagBag from /home/airflow/airflow/dags/user_processing.py
[2022-04-12 04:25:22,687] {logging_mixin.py:104} WARNING - /home/airflow/sandbox/lib/python3.8/site-packages/airflow/providers/sqlite/operators/sqlite.py:25 DeprecationWarning: This decorator is deprecated.

In previous versions, all subclasses of BaseOperator must use apply_default decorator for the`default_args` feature to work properly.

In current version, it is optional. The decorator is applied automatically using the metaclass.
[2022-04-12 04:25:26,510] {scheduler_job.py:643} INFO - DAG(s) dict_keys(['user_processing']) retrieved from /home/airflow/airflow/dags/user_processing.py
[2022-04-12 04:25:26,601] {logging_mixin.py:104} INFO - [2022-04-12 04:25:26,600] {dag.py:1832} INFO - Sync 1 DAGs
[2022-04-12 04:25:26,652] {logging_mixin.py:104} INFO - [2022-04-12 04:25:26,651] {dag.py:2305} INFO - Setting next_dagrun for user_processing to 2022-04-11 00:00:00+00:00
[2022-04-12 04:25:26,766] {scheduler_job.py:190} INFO - Processing /home/airflow/airflow/dags/user_processing.py took 4.327 seconds
[2022-04-12 04:25:57,256] {scheduler_job.py:182} INFO - Started process (PID=92475) to work on /home/airflow/airflow/dags/user_processing.py
[2022-04-12 04:25:57,296] {scheduler_job.py:633} INFO - Processing file /home/airflow/airflow/dags/user_processing.py for tasks to queue
[2022-04-12 04:25:57,302] {logging_mixin.py:104} INFO - [2022-04-12 04:25:57,301] {dagbag.py:487} INFO - Filling up the DagBag from /home/airflow/airflow/dags/user_processing.py
[2022-04-12 04:25:57,406] {logging_mixin.py:104} WARNING - /home/airflow/sandbox/lib/python3.8/site-packages/airflow/providers/sqlite/operators/sqlite.py:25 DeprecationWarning: This decorator is deprecated.

In previous versions, all subclasses of BaseOperator must use apply_default decorator for the`default_args` feature to work properly.

In current version, it is optional. The decorator is applied automatically using the metaclass.
[2022-04-12 04:26:01,039] {scheduler_job.py:643} INFO - DAG(s) dict_keys(['user_processing']) retrieved from /home/airflow/airflow/dags/user_processing.py
[2022-04-12 04:26:01,267] {logging_mixin.py:104} INFO - [2022-04-12 04:26:01,266] {dag.py:1832} INFO - Sync 1 DAGs
[2022-04-12 04:26:01,363] {logging_mixin.py:104} INFO - [2022-04-12 04:26:01,363] {dag.py:2305} INFO - Setting next_dagrun for user_processing to 2022-04-11 00:00:00+00:00
[2022-04-12 04:26:01,446] {scheduler_job.py:190} INFO - Processing /home/airflow/airflow/dags/user_processing.py took 4.208 seconds
[2022-04-12 04:26:31,758] {scheduler_job.py:182} INFO - Started process (PID=92704) to work on /home/airflow/airflow/dags/user_processing.py
[2022-04-12 04:26:31,762] {scheduler_job.py:633} INFO - Processing file /home/airflow/airflow/dags/user_processing.py for tasks to queue
[2022-04-12 04:26:31,764] {logging_mixin.py:104} INFO - [2022-04-12 04:26:31,764] {dagbag.py:487} INFO - Filling up the DagBag from /home/airflow/airflow/dags/user_processing.py
[2022-04-12 04:26:31,797] {logging_mixin.py:104} WARNING - /home/airflow/sandbox/lib/python3.8/site-packages/airflow/providers/sqlite/operators/sqlite.py:25 DeprecationWarning: This decorator is deprecated.

In previous versions, all subclasses of BaseOperator must use apply_default decorator for the`default_args` feature to work properly.

In current version, it is optional. The decorator is applied automatically using the metaclass.
[2022-04-12 04:26:33,850] {scheduler_job.py:643} INFO - DAG(s) dict_keys(['user_processing']) retrieved from /home/airflow/airflow/dags/user_processing.py
[2022-04-12 04:26:34,038] {logging_mixin.py:104} INFO - [2022-04-12 04:26:34,037] {dag.py:1832} INFO - Sync 1 DAGs
[2022-04-12 04:26:34,204] {logging_mixin.py:104} INFO - [2022-04-12 04:26:34,203] {dag.py:2305} INFO - Setting next_dagrun for user_processing to 2022-04-11 00:00:00+00:00
[2022-04-12 04:26:34,325] {scheduler_job.py:190} INFO - Processing /home/airflow/airflow/dags/user_processing.py took 2.577 seconds
[2022-04-12 04:27:04,845] {scheduler_job.py:182} INFO - Started process (PID=92917) to work on /home/airflow/airflow/dags/user_processing.py
[2022-04-12 04:27:04,850] {scheduler_job.py:633} INFO - Processing file /home/airflow/airflow/dags/user_processing.py for tasks to queue
[2022-04-12 04:27:04,852] {logging_mixin.py:104} INFO - [2022-04-12 04:27:04,852] {dagbag.py:487} INFO - Filling up the DagBag from /home/airflow/airflow/dags/user_processing.py
[2022-04-12 04:27:04,905] {logging_mixin.py:104} WARNING - /home/airflow/sandbox/lib/python3.8/site-packages/airflow/providers/sqlite/operators/sqlite.py:25 DeprecationWarning: This decorator is deprecated.

In previous versions, all subclasses of BaseOperator must use apply_default decorator for the`default_args` feature to work properly.

In current version, it is optional. The decorator is applied automatically using the metaclass.
[2022-04-12 04:27:08,247] {scheduler_job.py:643} INFO - DAG(s) dict_keys(['user_processing']) retrieved from /home/airflow/airflow/dags/user_processing.py
[2022-04-12 04:27:08,467] {logging_mixin.py:104} INFO - [2022-04-12 04:27:08,466] {dag.py:1832} INFO - Sync 1 DAGs
[2022-04-12 04:27:08,543] {logging_mixin.py:104} INFO - [2022-04-12 04:27:08,542] {dag.py:2305} INFO - Setting next_dagrun for user_processing to 2022-04-11 00:00:00+00:00
[2022-04-12 04:27:08,671] {scheduler_job.py:190} INFO - Processing /home/airflow/airflow/dags/user_processing.py took 3.837 seconds
[2022-04-12 04:27:38,908] {scheduler_job.py:182} INFO - Started process (PID=93134) to work on /home/airflow/airflow/dags/user_processing.py
[2022-04-12 04:27:38,911] {scheduler_job.py:633} INFO - Processing file /home/airflow/airflow/dags/user_processing.py for tasks to queue
[2022-04-12 04:27:38,912] {logging_mixin.py:104} INFO - [2022-04-12 04:27:38,912] {dagbag.py:487} INFO - Filling up the DagBag from /home/airflow/airflow/dags/user_processing.py
[2022-04-12 04:27:38,994] {logging_mixin.py:104} WARNING - /home/airflow/sandbox/lib/python3.8/site-packages/airflow/providers/sqlite/operators/sqlite.py:25 DeprecationWarning: This decorator is deprecated.

In previous versions, all subclasses of BaseOperator must use apply_default decorator for the`default_args` feature to work properly.

In current version, it is optional. The decorator is applied automatically using the metaclass.
[2022-04-12 04:27:40,661] {scheduler_job.py:643} INFO - DAG(s) dict_keys(['user_processing']) retrieved from /home/airflow/airflow/dags/user_processing.py
[2022-04-12 04:27:40,844] {logging_mixin.py:104} INFO - [2022-04-12 04:27:40,842] {dag.py:1832} INFO - Sync 1 DAGs
[2022-04-12 04:27:40,980] {logging_mixin.py:104} INFO - [2022-04-12 04:27:40,980] {dag.py:2305} INFO - Setting next_dagrun for user_processing to 2022-04-11 00:00:00+00:00
[2022-04-12 04:27:41,217] {scheduler_job.py:190} INFO - Processing /home/airflow/airflow/dags/user_processing.py took 2.360 seconds
[2022-04-12 04:28:11,395] {scheduler_job.py:182} INFO - Started process (PID=93339) to work on /home/airflow/airflow/dags/user_processing.py
[2022-04-12 04:28:11,397] {scheduler_job.py:633} INFO - Processing file /home/airflow/airflow/dags/user_processing.py for tasks to queue
[2022-04-12 04:28:11,399] {logging_mixin.py:104} INFO - [2022-04-12 04:28:11,399] {dagbag.py:487} INFO - Filling up the DagBag from /home/airflow/airflow/dags/user_processing.py
[2022-04-12 04:28:11,438] {logging_mixin.py:104} WARNING - /home/airflow/sandbox/lib/python3.8/site-packages/airflow/providers/sqlite/operators/sqlite.py:25 DeprecationWarning: This decorator is deprecated.

In previous versions, all subclasses of BaseOperator must use apply_default decorator for the`default_args` feature to work properly.

In current version, it is optional. The decorator is applied automatically using the metaclass.
[2022-04-12 04:28:14,153] {scheduler_job.py:643} INFO - DAG(s) dict_keys(['user_processing']) retrieved from /home/airflow/airflow/dags/user_processing.py
[2022-04-12 04:28:14,389] {logging_mixin.py:104} INFO - [2022-04-12 04:28:14,388] {dag.py:1832} INFO - Sync 1 DAGs
[2022-04-12 04:28:14,583] {logging_mixin.py:104} INFO - [2022-04-12 04:28:14,583] {dag.py:2305} INFO - Setting next_dagrun for user_processing to 2022-04-11 00:00:00+00:00
[2022-04-12 04:28:14,912] {scheduler_job.py:190} INFO - Processing /home/airflow/airflow/dags/user_processing.py took 3.532 seconds
[2022-04-12 04:28:45,575] {scheduler_job.py:182} INFO - Started process (PID=93544) to work on /home/airflow/airflow/dags/user_processing.py
[2022-04-12 04:28:45,622] {scheduler_job.py:633} INFO - Processing file /home/airflow/airflow/dags/user_processing.py for tasks to queue
[2022-04-12 04:28:45,628] {logging_mixin.py:104} INFO - [2022-04-12 04:28:45,628] {dagbag.py:487} INFO - Filling up the DagBag from /home/airflow/airflow/dags/user_processing.py
[2022-04-12 04:28:45,749] {logging_mixin.py:104} WARNING - /home/airflow/sandbox/lib/python3.8/site-packages/airflow/providers/sqlite/operators/sqlite.py:25 DeprecationWarning: This decorator is deprecated.

In previous versions, all subclasses of BaseOperator must use apply_default decorator for the`default_args` feature to work properly.

In current version, it is optional. The decorator is applied automatically using the metaclass.
[2022-04-12 04:28:48,167] {scheduler_job.py:643} INFO - DAG(s) dict_keys(['user_processing']) retrieved from /home/airflow/airflow/dags/user_processing.py
[2022-04-12 04:28:48,351] {logging_mixin.py:104} INFO - [2022-04-12 04:28:48,350] {dag.py:1832} INFO - Sync 1 DAGs
[2022-04-12 04:28:48,479] {logging_mixin.py:104} INFO - [2022-04-12 04:28:48,479] {dag.py:2305} INFO - Setting next_dagrun for user_processing to 2022-04-11 00:00:00+00:00
[2022-04-12 04:28:48,618] {scheduler_job.py:190} INFO - Processing /home/airflow/airflow/dags/user_processing.py took 3.057 seconds
[2022-04-12 04:30:24,002] {scheduler_job.py:182} INFO - Started process (PID=93756) to work on /home/airflow/airflow/dags/user_processing.py
[2022-04-12 04:30:24,062] {scheduler_job.py:633} INFO - Processing file /home/airflow/airflow/dags/user_processing.py for tasks to queue
[2022-04-12 04:30:24,090] {logging_mixin.py:104} INFO - [2022-04-12 04:30:24,088] {dagbag.py:487} INFO - Filling up the DagBag from /home/airflow/airflow/dags/user_processing.py
[2022-04-12 04:30:24,741] {logging_mixin.py:104} WARNING - /home/airflow/sandbox/lib/python3.8/site-packages/airflow/providers/sqlite/operators/sqlite.py:25 DeprecationWarning: This decorator is deprecated.

In previous versions, all subclasses of BaseOperator must use apply_default decorator for the`default_args` feature to work properly.

In current version, it is optional. The decorator is applied automatically using the metaclass.
[2022-04-12 04:30:30,561] {scheduler_job.py:643} INFO - DAG(s) dict_keys(['user_processing']) retrieved from /home/airflow/airflow/dags/user_processing.py
[2022-04-12 04:30:31,152] {logging_mixin.py:104} INFO - [2022-04-12 04:30:31,150] {dag.py:1832} INFO - Sync 1 DAGs
[2022-04-12 04:30:31,743] {logging_mixin.py:104} INFO - [2022-04-12 04:30:31,742] {dag.py:2305} INFO - Setting next_dagrun for user_processing to 2022-04-11 00:00:00+00:00
[2022-04-12 04:30:31,824] {scheduler_job.py:190} INFO - Processing /home/airflow/airflow/dags/user_processing.py took 7.883 seconds
[2022-04-12 04:31:02,087] {scheduler_job.py:182} INFO - Started process (PID=94208) to work on /home/airflow/airflow/dags/user_processing.py
[2022-04-12 04:31:02,092] {scheduler_job.py:633} INFO - Processing file /home/airflow/airflow/dags/user_processing.py for tasks to queue
[2022-04-12 04:31:02,094] {logging_mixin.py:104} INFO - [2022-04-12 04:31:02,094] {dagbag.py:487} INFO - Filling up the DagBag from /home/airflow/airflow/dags/user_processing.py
[2022-04-12 04:31:02,148] {logging_mixin.py:104} WARNING - /home/airflow/sandbox/lib/python3.8/site-packages/airflow/providers/sqlite/operators/sqlite.py:25 DeprecationWarning: This decorator is deprecated.

In previous versions, all subclasses of BaseOperator must use apply_default decorator for the`default_args` feature to work properly.

In current version, it is optional. The decorator is applied automatically using the metaclass.
[2022-04-12 04:31:05,212] {scheduler_job.py:643} INFO - DAG(s) dict_keys(['user_processing']) retrieved from /home/airflow/airflow/dags/user_processing.py
[2022-04-12 04:31:05,368] {logging_mixin.py:104} INFO - [2022-04-12 04:31:05,367] {dag.py:1832} INFO - Sync 1 DAGs
[2022-04-12 04:31:05,502] {logging_mixin.py:104} INFO - [2022-04-12 04:31:05,501] {dag.py:2305} INFO - Setting next_dagrun for user_processing to 2022-04-11 00:00:00+00:00
[2022-04-12 04:31:05,624] {scheduler_job.py:190} INFO - Processing /home/airflow/airflow/dags/user_processing.py took 3.553 seconds
[2022-04-12 04:31:35,972] {scheduler_job.py:182} INFO - Started process (PID=94414) to work on /home/airflow/airflow/dags/user_processing.py
[2022-04-12 04:31:35,975] {scheduler_job.py:633} INFO - Processing file /home/airflow/airflow/dags/user_processing.py for tasks to queue
[2022-04-12 04:31:35,977] {logging_mixin.py:104} INFO - [2022-04-12 04:31:35,977] {dagbag.py:487} INFO - Filling up the DagBag from /home/airflow/airflow/dags/user_processing.py
[2022-04-12 04:31:36,183] {logging_mixin.py:104} WARNING - /home/airflow/sandbox/lib/python3.8/site-packages/airflow/providers/sqlite/operators/sqlite.py:25 DeprecationWarning: This decorator is deprecated.

In previous versions, all subclasses of BaseOperator must use apply_default decorator for the`default_args` feature to work properly.

In current version, it is optional. The decorator is applied automatically using the metaclass.
[2022-04-12 04:31:38,969] {scheduler_job.py:643} INFO - DAG(s) dict_keys(['user_processing']) retrieved from /home/airflow/airflow/dags/user_processing.py
[2022-04-12 04:31:39,329] {logging_mixin.py:104} INFO - [2022-04-12 04:31:39,326] {dag.py:1832} INFO - Sync 1 DAGs
[2022-04-12 04:31:39,377] {logging_mixin.py:104} INFO - [2022-04-12 04:31:39,377] {dag.py:2305} INFO - Setting next_dagrun for user_processing to 2022-04-11 00:00:00+00:00
[2022-04-12 04:31:39,501] {scheduler_job.py:190} INFO - Processing /home/airflow/airflow/dags/user_processing.py took 3.539 seconds
[2022-04-12 04:32:10,053] {scheduler_job.py:182} INFO - Started process (PID=94619) to work on /home/airflow/airflow/dags/user_processing.py
[2022-04-12 04:32:10,059] {scheduler_job.py:633} INFO - Processing file /home/airflow/airflow/dags/user_processing.py for tasks to queue
[2022-04-12 04:32:10,061] {logging_mixin.py:104} INFO - [2022-04-12 04:32:10,060] {dagbag.py:487} INFO - Filling up the DagBag from /home/airflow/airflow/dags/user_processing.py
[2022-04-12 04:32:10,098] {logging_mixin.py:104} WARNING - /home/airflow/sandbox/lib/python3.8/site-packages/airflow/providers/sqlite/operators/sqlite.py:25 DeprecationWarning: This decorator is deprecated.

In previous versions, all subclasses of BaseOperator must use apply_default decorator for the`default_args` feature to work properly.

In current version, it is optional. The decorator is applied automatically using the metaclass.
[2022-04-12 04:32:13,729] {scheduler_job.py:643} INFO - DAG(s) dict_keys(['user_processing']) retrieved from /home/airflow/airflow/dags/user_processing.py
[2022-04-12 04:32:13,893] {logging_mixin.py:104} INFO - [2022-04-12 04:32:13,892] {dag.py:1832} INFO - Sync 1 DAGs
[2022-04-12 04:32:14,016] {logging_mixin.py:104} INFO - [2022-04-12 04:32:14,015] {dag.py:2305} INFO - Setting next_dagrun for user_processing to 2022-04-11 00:00:00+00:00
[2022-04-12 04:32:14,140] {scheduler_job.py:190} INFO - Processing /home/airflow/airflow/dags/user_processing.py took 4.099 seconds
[2022-04-12 04:32:44,286] {scheduler_job.py:182} INFO - Started process (PID=94824) to work on /home/airflow/airflow/dags/user_processing.py
[2022-04-12 04:32:44,290] {scheduler_job.py:633} INFO - Processing file /home/airflow/airflow/dags/user_processing.py for tasks to queue
[2022-04-12 04:32:44,296] {logging_mixin.py:104} INFO - [2022-04-12 04:32:44,294] {dagbag.py:487} INFO - Filling up the DagBag from /home/airflow/airflow/dags/user_processing.py
[2022-04-12 04:32:44,383] {logging_mixin.py:104} WARNING - /home/airflow/sandbox/lib/python3.8/site-packages/airflow/providers/sqlite/operators/sqlite.py:25 DeprecationWarning: This decorator is deprecated.

In previous versions, all subclasses of BaseOperator must use apply_default decorator for the`default_args` feature to work properly.

In current version, it is optional. The decorator is applied automatically using the metaclass.
