[2022-04-16 10:53:45,593] {taskinstance.py:876} INFO - Dependencies all met for <TaskInstance: xcom_dag.choose_best_model 2022-04-16T10:53:30.535936+00:00 [queued]>
[2022-04-16 10:53:45,641] {taskinstance.py:876} INFO - Dependencies all met for <TaskInstance: xcom_dag.choose_best_model 2022-04-16T10:53:30.535936+00:00 [queued]>
[2022-04-16 10:53:45,641] {taskinstance.py:1067} INFO - 
--------------------------------------------------------------------------------
[2022-04-16 10:53:45,641] {taskinstance.py:1068} INFO - Starting attempt 1 of 1
[2022-04-16 10:53:45,642] {taskinstance.py:1069} INFO - 
--------------------------------------------------------------------------------
[2022-04-16 10:53:45,695] {taskinstance.py:1087} INFO - Executing <Task(BranchPythonOperator): choose_best_model> on 2022-04-16T10:53:30.535936+00:00
[2022-04-16 10:53:45,712] {standard_task_runner.py:52} INFO - Started process 69966 to run task
[2022-04-16 10:53:45,727] {standard_task_runner.py:76} INFO - Running: ['airflow', 'tasks', 'run', 'xcom_dag', 'choose_best_model', '2022-04-16T10:53:30.535936+00:00', '--job-id', '97', '--pool', 'default_pool', '--raw', '--subdir', 'DAGS_FOLDER/xcom_dag.py', '--cfg-path', '/tmp/tmpn19h4540', '--error-file', '/tmp/tmp1ueznpgf']
[2022-04-16 10:53:45,729] {standard_task_runner.py:77} INFO - Job 97: Subtask choose_best_model
[2022-04-16 10:53:46,049] {logging_mixin.py:104} INFO - Running <TaskInstance: xcom_dag.choose_best_model 2022-04-16T10:53:30.535936+00:00 [running]> on host airflowvm
[2022-04-16 10:53:46,360] {taskinstance.py:1280} INFO - Exporting the following env vars:
AIRFLOW_CTX_DAG_OWNER=airflow
AIRFLOW_CTX_DAG_ID=xcom_dag
AIRFLOW_CTX_TASK_ID=choose_best_model
AIRFLOW_CTX_EXECUTION_DATE=2022-04-16T10:53:30.535936+00:00
AIRFLOW_CTX_DAG_RUN_ID=manual__2022-04-16T10:53:30.535936+00:00
[2022-04-16 10:53:46,362] {logging_mixin.py:104} INFO - choose best model
[2022-04-16 10:53:46,396] {python.py:151} INFO - Done. Returned value was: accurate
[2022-04-16 10:53:46,397] {skipmixin.py:124} INFO - Following branch accurate
[2022-04-16 10:53:46,427] {skipmixin.py:155} INFO - Skipping tasks ['inaccurate']
[2022-04-16 10:53:46,711] {taskinstance.py:1184} INFO - Marking task as SUCCESS. dag_id=xcom_dag, task_id=choose_best_model, execution_date=20220416T105330, start_date=20220416T105345, end_date=20220416T105346
[2022-04-16 10:53:46,805] {taskinstance.py:1245} INFO - 1 downstream tasks scheduled from follow-on schedule check
[2022-04-16 10:53:46,838] {local_task_job.py:151} INFO - Task exited with return code 0
