[2022-04-16 04:07:48,403] {taskinstance.py:876} INFO - Dependencies all met for <TaskInstance: parallel_dag.processing_tasks.task_3 2022-04-15T00:00:00+00:00 [queued]>
[2022-04-16 04:07:48,729] {taskinstance.py:876} INFO - Dependencies all met for <TaskInstance: parallel_dag.processing_tasks.task_3 2022-04-15T00:00:00+00:00 [queued]>
[2022-04-16 04:07:48,735] {taskinstance.py:1067} INFO - 
--------------------------------------------------------------------------------
[2022-04-16 04:07:48,747] {taskinstance.py:1068} INFO - Starting attempt 1 of 1
[2022-04-16 04:07:48,749] {taskinstance.py:1069} INFO - 
--------------------------------------------------------------------------------
[2022-04-16 04:07:49,146] {taskinstance.py:1087} INFO - Executing <Task(BashOperator): processing_tasks.task_3> on 2022-04-15T00:00:00+00:00
[2022-04-16 04:07:49,188] {standard_task_runner.py:76} INFO - Running: ['airflow', 'tasks', 'run', 'parallel_dag', 'processing_tasks.task_3', '2022-04-15T00:00:00+00:00', '--job-id', '67', '--pool', 'default_pool', '--raw', '--subdir', 'DAGS_FOLDER/parallel_dag.py', '--cfg-path', '/tmp/tmp5ejuoerk', '--error-file', '/tmp/tmp2apw2wy5']
[2022-04-16 04:07:49,200] {standard_task_runner.py:52} INFO - Started process 42500 to run task
[2022-04-16 04:07:49,328] {standard_task_runner.py:77} INFO - Job 67: Subtask processing_tasks.task_3
[2022-04-16 04:07:50,218] {logging_mixin.py:104} INFO - Running <TaskInstance: parallel_dag.processing_tasks.task_3 2022-04-15T00:00:00+00:00 [running]> on host airflowvm
[2022-04-16 04:07:51,511] {taskinstance.py:1280} INFO - Exporting the following env vars:
AIRFLOW_CTX_DAG_OWNER=airflow
AIRFLOW_CTX_DAG_ID=parallel_dag
AIRFLOW_CTX_TASK_ID=processing_tasks.task_3
AIRFLOW_CTX_EXECUTION_DATE=2022-04-15T00:00:00+00:00
AIRFLOW_CTX_DAG_RUN_ID=scheduled__2022-04-15T00:00:00+00:00
[2022-04-16 04:07:51,513] {subprocess.py:52} INFO - Tmp dir root location: 
 /tmp
[2022-04-16 04:07:51,514] {subprocess.py:63} INFO - Running command: ['bash', '-c', 'sleep 3']
[2022-04-16 04:07:51,600] {subprocess.py:75} INFO - Output:
[2022-04-16 04:07:54,703] {subprocess.py:83} INFO - Command exited with return code 0
[2022-04-16 04:07:55,511] {taskinstance.py:1184} INFO - Marking task as SUCCESS. dag_id=parallel_dag, task_id=processing_tasks.task_3, execution_date=20220415T000000, start_date=20220416T040748, end_date=20220416T040755
[2022-04-16 04:07:56,840] {taskinstance.py:1245} INFO - 1 downstream tasks scheduled from follow-on schedule check
[2022-04-16 04:07:56,860] {local_task_job.py:151} INFO - Task exited with return code 0
