[2022-04-16 08:44:58,761] {taskinstance.py:876} INFO - Dependencies all met for <TaskInstance: xcom_dag.processing_tasks.training_model_c 2022-04-16T08:44:50.623562+00:00 [queued]>
[2022-04-16 08:44:58,851] {taskinstance.py:876} INFO - Dependencies all met for <TaskInstance: xcom_dag.processing_tasks.training_model_c 2022-04-16T08:44:50.623562+00:00 [queued]>
[2022-04-16 08:44:58,852] {taskinstance.py:1067} INFO - 
--------------------------------------------------------------------------------
[2022-04-16 08:44:58,852] {taskinstance.py:1068} INFO - Starting attempt 1 of 1
[2022-04-16 08:44:58,852] {taskinstance.py:1069} INFO - 
--------------------------------------------------------------------------------
[2022-04-16 08:44:59,000] {taskinstance.py:1087} INFO - Executing <Task(PythonOperator): processing_tasks.training_model_c> on 2022-04-16T08:44:50.623562+00:00
[2022-04-16 08:44:59,044] {standard_task_runner.py:52} INFO - Started process 54289 to run task
[2022-04-16 08:44:59,215] {standard_task_runner.py:76} INFO - Running: ['airflow', 'tasks', 'run', 'xcom_dag', 'processing_tasks.training_model_c', '2022-04-16T08:44:50.623562+00:00', '--job-id', '78', '--pool', 'default_pool', '--raw', '--subdir', 'DAGS_FOLDER/xcom_dag.py', '--cfg-path', '/tmp/tmp6laojei6', '--error-file', '/tmp/tmp47ujpqp7']
[2022-04-16 08:44:59,222] {standard_task_runner.py:77} INFO - Job 78: Subtask processing_tasks.training_model_c
[2022-04-16 08:44:59,970] {logging_mixin.py:104} INFO - Running <TaskInstance: xcom_dag.processing_tasks.training_model_c 2022-04-16T08:44:50.623562+00:00 [running]> on host airflowvm
[2022-04-16 08:45:01,076] {taskinstance.py:1280} INFO - Exporting the following env vars:
AIRFLOW_CTX_DAG_OWNER=airflow
AIRFLOW_CTX_DAG_ID=xcom_dag
AIRFLOW_CTX_TASK_ID=processing_tasks.training_model_c
AIRFLOW_CTX_EXECUTION_DATE=2022-04-16T08:44:50.623562+00:00
AIRFLOW_CTX_DAG_RUN_ID=manual__2022-04-16T08:44:50.623562+00:00
[2022-04-16 08:45:01,081] {logging_mixin.py:104} INFO - model's accuracy: 7.766779620046663
[2022-04-16 08:45:01,308] {python.py:151} INFO - Done. Returned value was: None
[2022-04-16 08:45:01,460] {taskinstance.py:1184} INFO - Marking task as SUCCESS. dag_id=xcom_dag, task_id=processing_tasks.training_model_c, execution_date=20220416T084450, start_date=20220416T084458, end_date=20220416T084501
[2022-04-16 08:45:01,905] {taskinstance.py:1245} INFO - 0 downstream tasks scheduled from follow-on schedule check
[2022-04-16 08:45:01,924] {local_task_job.py:151} INFO - Task exited with return code 0
