[2022-04-02 16:13:03,567] {taskinstance.py:876} INFO - Dependencies all met for <TaskInstance: user_processing.creating_table 2022-04-01T00:00:00+00:00 [queued]>
[2022-04-02 16:13:03,586] {taskinstance.py:876} INFO - Dependencies all met for <TaskInstance: user_processing.creating_table 2022-04-01T00:00:00+00:00 [queued]>
[2022-04-02 16:13:03,587] {taskinstance.py:1067} INFO - 
--------------------------------------------------------------------------------
[2022-04-02 16:13:03,587] {taskinstance.py:1068} INFO - Starting attempt 1 of 1
[2022-04-02 16:13:03,587] {taskinstance.py:1069} INFO - 
--------------------------------------------------------------------------------
[2022-04-02 16:13:03,672] {taskinstance.py:1087} INFO - Executing <Task(SqliteOperator): creating_table> on 2022-04-01T00:00:00+00:00
[2022-04-02 16:13:03,675] {standard_task_runner.py:52} INFO - Started process 2521 to run task
[2022-04-02 16:13:03,700] {standard_task_runner.py:76} INFO - Running: ['airflow', 'tasks', 'run', 'user_processing', 'creating_table', '2022-04-01T00:00:00+00:00', '--job-id', '25', '--pool', 'default_pool', '--raw', '--subdir', 'DAGS_FOLDER/user_processing.py', '--cfg-path', '/tmp/tmpuyybusju', '--error-file', '/tmp/tmppk4dx2jc']
[2022-04-02 16:13:03,701] {standard_task_runner.py:77} INFO - Job 25: Subtask creating_table
[2022-04-02 16:13:03,941] {logging_mixin.py:104} INFO - Running <TaskInstance: user_processing.creating_table 2022-04-01T00:00:00+00:00 [running]> on host airflowvm
[2022-04-02 16:13:04,193] {taskinstance.py:1280} INFO - Exporting the following env vars:
AIRFLOW_CTX_DAG_OWNER=airflow
AIRFLOW_CTX_DAG_ID=user_processing
AIRFLOW_CTX_TASK_ID=creating_table
AIRFLOW_CTX_EXECUTION_DATE=2022-04-01T00:00:00+00:00
AIRFLOW_CTX_DAG_RUN_ID=scheduled__2022-04-01T00:00:00+00:00
[2022-04-02 16:13:04,195] {sqlite.py:63} INFO - Executing: 
                    create table IF NOT EXISTS statedata(
                      
                        state_id text integer not null,
                        state_name text not null
                        
                    );
                
[2022-04-02 16:13:04,211] {base.py:69} INFO - Using connection to: id: db_sqlite. Host: /home/airflow/airflow/airflow.db, Port: None, Schema: , Login: , Password: ***, extra: {}
[2022-04-02 16:13:04,217] {dbapi.py:204} INFO - Running statement: 
                    create table IF NOT EXISTS statedata(
                      
                        state_id text integer not null,
                        state_name text not null
                        
                    );
                , parameters: []
[2022-04-02 16:13:04,228] {taskinstance.py:1184} INFO - Marking task as SUCCESS. dag_id=user_processing, task_id=creating_table, execution_date=20220401T000000, start_date=20220402T161303, end_date=20220402T161304
[2022-04-02 16:13:04,314] {taskinstance.py:1245} INFO - 1 downstream tasks scheduled from follow-on schedule check
[2022-04-02 16:13:04,328] {local_task_job.py:151} INFO - Task exited with return code 0
