[2022-04-16 10:47:08,595] {taskinstance.py:876} INFO - Dependencies all met for <TaskInstance: xcom_dag.processing_tasks.training_model_c 2022-04-16T10:46:59.667395+00:00 [queued]>
[2022-04-16 10:47:08,730] {taskinstance.py:876} INFO - Dependencies all met for <TaskInstance: xcom_dag.processing_tasks.training_model_c 2022-04-16T10:46:59.667395+00:00 [queued]>
[2022-04-16 10:47:08,740] {taskinstance.py:1067} INFO - 
--------------------------------------------------------------------------------
[2022-04-16 10:47:08,744] {taskinstance.py:1068} INFO - Starting attempt 1 of 1
[2022-04-16 10:47:08,750] {taskinstance.py:1069} INFO - 
--------------------------------------------------------------------------------
[2022-04-16 10:47:08,907] {taskinstance.py:1087} INFO - Executing <Task(PythonOperator): processing_tasks.training_model_c> on 2022-04-16T10:46:59.667395+00:00
[2022-04-16 10:47:08,948] {standard_task_runner.py:52} INFO - Started process 67972 to run task
[2022-04-16 10:47:08,984] {standard_task_runner.py:76} INFO - Running: ['airflow', 'tasks', 'run', 'xcom_dag', 'processing_tasks.training_model_c', '2022-04-16T10:46:59.667395+00:00', '--job-id', '88', '--pool', 'default_pool', '--raw', '--subdir', 'DAGS_FOLDER/xcom_dag.py', '--cfg-path', '/tmp/tmpc_8u5i1p', '--error-file', '/tmp/tmp9hg_k_02']
[2022-04-16 10:47:09,000] {standard_task_runner.py:77} INFO - Job 88: Subtask processing_tasks.training_model_c
[2022-04-16 10:47:09,545] {logging_mixin.py:104} INFO - Running <TaskInstance: xcom_dag.processing_tasks.training_model_c 2022-04-16T10:46:59.667395+00:00 [running]> on host airflowvm
[2022-04-16 10:47:10,337] {taskinstance.py:1280} INFO - Exporting the following env vars:
AIRFLOW_CTX_DAG_OWNER=airflow
AIRFLOW_CTX_DAG_ID=xcom_dag
AIRFLOW_CTX_TASK_ID=processing_tasks.training_model_c
AIRFLOW_CTX_EXECUTION_DATE=2022-04-16T10:46:59.667395+00:00
AIRFLOW_CTX_DAG_RUN_ID=manual__2022-04-16T10:46:59.667395+00:00
[2022-04-16 10:47:10,346] {logging_mixin.py:104} INFO - model's accuracy: 2.609807309638231
[2022-04-16 10:47:10,545] {python.py:151} INFO - Done. Returned value was: None
[2022-04-16 10:47:10,681] {taskinstance.py:1184} INFO - Marking task as SUCCESS. dag_id=xcom_dag, task_id=processing_tasks.training_model_c, execution_date=20220416T104659, start_date=20220416T104708, end_date=20220416T104710
[2022-04-16 10:47:11,274] {taskinstance.py:1245} INFO - 0 downstream tasks scheduled from follow-on schedule check
[2022-04-16 10:47:11,303] {local_task_job.py:151} INFO - Task exited with return code 0
