[2022-04-16 04:07:29,843] {taskinstance.py:876} INFO - Dependencies all met for <TaskInstance: parallel_dag.task_1 2022-04-15T00:00:00+00:00 [queued]>
[2022-04-16 04:07:30,262] {taskinstance.py:876} INFO - Dependencies all met for <TaskInstance: parallel_dag.task_1 2022-04-15T00:00:00+00:00 [queued]>
[2022-04-16 04:07:30,283] {taskinstance.py:1067} INFO - 
--------------------------------------------------------------------------------
[2022-04-16 04:07:30,284] {taskinstance.py:1068} INFO - Starting attempt 1 of 1
[2022-04-16 04:07:30,308] {taskinstance.py:1069} INFO - 
--------------------------------------------------------------------------------
[2022-04-16 04:07:30,569] {taskinstance.py:1087} INFO - Executing <Task(BashOperator): task_1> on 2022-04-15T00:00:00+00:00
[2022-04-16 04:07:30,696] {standard_task_runner.py:52} INFO - Started process 42065 to run task
[2022-04-16 04:07:30,936] {standard_task_runner.py:76} INFO - Running: ['airflow', 'tasks', 'run', 'parallel_dag', 'task_1', '2022-04-15T00:00:00+00:00', '--job-id', '66', '--pool', 'default_pool', '--raw', '--subdir', 'DAGS_FOLDER/parallel_dag.py', '--cfg-path', '/tmp/tmppo6e951x', '--error-file', '/tmp/tmpqjs5o480']
[2022-04-16 04:07:30,992] {standard_task_runner.py:77} INFO - Job 66: Subtask task_1
[2022-04-16 04:07:32,169] {logging_mixin.py:104} INFO - Running <TaskInstance: parallel_dag.task_1 2022-04-15T00:00:00+00:00 [running]> on host airflowvm
[2022-04-16 04:07:33,718] {taskinstance.py:1280} INFO - Exporting the following env vars:
AIRFLOW_CTX_DAG_OWNER=airflow
AIRFLOW_CTX_DAG_ID=parallel_dag
AIRFLOW_CTX_TASK_ID=task_1
AIRFLOW_CTX_EXECUTION_DATE=2022-04-15T00:00:00+00:00
AIRFLOW_CTX_DAG_RUN_ID=scheduled__2022-04-15T00:00:00+00:00
[2022-04-16 04:07:33,720] {subprocess.py:52} INFO - Tmp dir root location: 
 /tmp
[2022-04-16 04:07:33,744] {subprocess.py:63} INFO - Running command: ['bash', '-c', 'sleep 3']
[2022-04-16 04:07:33,876] {subprocess.py:75} INFO - Output:
[2022-04-16 04:07:37,042] {subprocess.py:83} INFO - Command exited with return code 0
[2022-04-16 04:07:37,553] {taskinstance.py:1184} INFO - Marking task as SUCCESS. dag_id=parallel_dag, task_id=task_1, execution_date=20220415T000000, start_date=20220416T040729, end_date=20220416T040737
[2022-04-16 04:07:38,259] {taskinstance.py:1245} INFO - 2 downstream tasks scheduled from follow-on schedule check
[2022-04-16 04:07:38,295] {local_task_job.py:151} INFO - Task exited with return code 0
