[2022-04-08 10:45:14,190] {scheduler_job.py:182} INFO - Started process (PID=3342) to work on /home/airflow/sandbox/lib/python3.8/site-packages/airflow/example_dags/example_complex.py
[2022-04-08 10:45:14,191] {scheduler_job.py:633} INFO - Processing file /home/airflow/sandbox/lib/python3.8/site-packages/airflow/example_dags/example_complex.py for tasks to queue
[2022-04-08 10:45:14,193] {logging_mixin.py:104} INFO - [2022-04-08 10:45:14,192] {dagbag.py:487} INFO - Filling up the DagBag from /home/airflow/sandbox/lib/python3.8/site-packages/airflow/example_dags/example_complex.py
[2022-04-08 10:45:14,237] {scheduler_job.py:643} INFO - DAG(s) dict_keys(['example_complex']) retrieved from /home/airflow/sandbox/lib/python3.8/site-packages/airflow/example_dags/example_complex.py
[2022-04-08 10:45:14,787] {logging_mixin.py:104} INFO - [2022-04-08 10:45:14,787] {dag.py:1832} INFO - Sync 1 DAGs
[2022-04-08 10:45:14,810] {logging_mixin.py:104} INFO - [2022-04-08 10:45:14,810] {dag.py:2305} INFO - Setting next_dagrun for example_complex to None
[2022-04-08 10:45:14,858] {scheduler_job.py:190} INFO - Processing /home/airflow/sandbox/lib/python3.8/site-packages/airflow/example_dags/example_complex.py took 0.676 seconds
[2022-04-08 10:46:02,309] {scheduler_job.py:182} INFO - Started process (PID=3439) to work on /home/airflow/sandbox/lib/python3.8/site-packages/airflow/example_dags/example_complex.py
[2022-04-08 10:46:02,311] {scheduler_job.py:633} INFO - Processing file /home/airflow/sandbox/lib/python3.8/site-packages/airflow/example_dags/example_complex.py for tasks to queue
[2022-04-08 10:46:02,313] {logging_mixin.py:104} INFO - [2022-04-08 10:46:02,312] {dagbag.py:487} INFO - Filling up the DagBag from /home/airflow/sandbox/lib/python3.8/site-packages/airflow/example_dags/example_complex.py
[2022-04-08 10:46:02,348] {scheduler_job.py:643} INFO - DAG(s) dict_keys(['example_complex']) retrieved from /home/airflow/sandbox/lib/python3.8/site-packages/airflow/example_dags/example_complex.py
[2022-04-08 10:46:02,386] {logging_mixin.py:104} INFO - [2022-04-08 10:46:02,386] {dag.py:1832} INFO - Sync 1 DAGs
[2022-04-08 10:46:02,406] {logging_mixin.py:104} INFO - [2022-04-08 10:46:02,406] {dag.py:2305} INFO - Setting next_dagrun for example_complex to None
[2022-04-08 10:46:02,447] {scheduler_job.py:190} INFO - Processing /home/airflow/sandbox/lib/python3.8/site-packages/airflow/example_dags/example_complex.py took 0.144 seconds
[2022-04-08 10:46:51,782] {scheduler_job.py:182} INFO - Started process (PID=3552) to work on /home/airflow/sandbox/lib/python3.8/site-packages/airflow/example_dags/example_complex.py
[2022-04-08 10:46:51,784] {scheduler_job.py:633} INFO - Processing file /home/airflow/sandbox/lib/python3.8/site-packages/airflow/example_dags/example_complex.py for tasks to queue
[2022-04-08 10:46:51,787] {logging_mixin.py:104} INFO - [2022-04-08 10:46:51,785] {dagbag.py:487} INFO - Filling up the DagBag from /home/airflow/sandbox/lib/python3.8/site-packages/airflow/example_dags/example_complex.py
[2022-04-08 10:46:51,817] {scheduler_job.py:643} INFO - DAG(s) dict_keys(['example_complex']) retrieved from /home/airflow/sandbox/lib/python3.8/site-packages/airflow/example_dags/example_complex.py
[2022-04-08 10:46:51,851] {logging_mixin.py:104} INFO - [2022-04-08 10:46:51,851] {dag.py:1832} INFO - Sync 1 DAGs
[2022-04-08 10:46:51,898] {logging_mixin.py:104} INFO - [2022-04-08 10:46:51,898] {dag.py:2305} INFO - Setting next_dagrun for example_complex to None
[2022-04-08 10:46:51,963] {scheduler_job.py:190} INFO - Processing /home/airflow/sandbox/lib/python3.8/site-packages/airflow/example_dags/example_complex.py took 0.186 seconds
[2022-04-08 10:47:43,979] {scheduler_job.py:182} INFO - Started process (PID=3639) to work on /home/airflow/sandbox/lib/python3.8/site-packages/airflow/example_dags/example_complex.py
[2022-04-08 10:47:43,981] {scheduler_job.py:633} INFO - Processing file /home/airflow/sandbox/lib/python3.8/site-packages/airflow/example_dags/example_complex.py for tasks to queue
[2022-04-08 10:47:43,982] {logging_mixin.py:104} INFO - [2022-04-08 10:47:43,982] {dagbag.py:487} INFO - Filling up the DagBag from /home/airflow/sandbox/lib/python3.8/site-packages/airflow/example_dags/example_complex.py
[2022-04-08 10:47:44,021] {scheduler_job.py:643} INFO - DAG(s) dict_keys(['example_complex']) retrieved from /home/airflow/sandbox/lib/python3.8/site-packages/airflow/example_dags/example_complex.py
[2022-04-08 10:47:44,054] {logging_mixin.py:104} INFO - [2022-04-08 10:47:44,054] {dag.py:1832} INFO - Sync 1 DAGs
[2022-04-08 10:47:44,076] {logging_mixin.py:104} INFO - [2022-04-08 10:47:44,076] {dag.py:2305} INFO - Setting next_dagrun for example_complex to None
[2022-04-08 10:47:44,117] {scheduler_job.py:190} INFO - Processing /home/airflow/sandbox/lib/python3.8/site-packages/airflow/example_dags/example_complex.py took 0.145 seconds
[2022-04-08 10:49:11,181] {scheduler_job.py:182} INFO - Started process (PID=3925) to work on /home/airflow/sandbox/lib/python3.8/site-packages/airflow/example_dags/example_complex.py
[2022-04-08 10:49:11,184] {scheduler_job.py:633} INFO - Processing file /home/airflow/sandbox/lib/python3.8/site-packages/airflow/example_dags/example_complex.py for tasks to queue
[2022-04-08 10:49:11,186] {logging_mixin.py:104} INFO - [2022-04-08 10:49:11,185] {dagbag.py:487} INFO - Filling up the DagBag from /home/airflow/sandbox/lib/python3.8/site-packages/airflow/example_dags/example_complex.py
[2022-04-08 10:49:11,223] {scheduler_job.py:643} INFO - DAG(s) dict_keys(['example_complex']) retrieved from /home/airflow/sandbox/lib/python3.8/site-packages/airflow/example_dags/example_complex.py
[2022-04-08 10:49:11,266] {logging_mixin.py:104} INFO - [2022-04-08 10:49:11,266] {dag.py:1832} INFO - Sync 1 DAGs
[2022-04-08 10:49:11,288] {logging_mixin.py:104} INFO - [2022-04-08 10:49:11,288] {dag.py:2305} INFO - Setting next_dagrun for example_complex to None
[2022-04-08 10:49:11,332] {scheduler_job.py:190} INFO - Processing /home/airflow/sandbox/lib/python3.8/site-packages/airflow/example_dags/example_complex.py took 0.158 seconds
[2022-04-08 10:49:59,014] {scheduler_job.py:182} INFO - Started process (PID=3963) to work on /home/airflow/sandbox/lib/python3.8/site-packages/airflow/example_dags/example_complex.py
[2022-04-08 10:49:59,017] {scheduler_job.py:633} INFO - Processing file /home/airflow/sandbox/lib/python3.8/site-packages/airflow/example_dags/example_complex.py for tasks to queue
[2022-04-08 10:49:59,019] {logging_mixin.py:104} INFO - [2022-04-08 10:49:59,018] {dagbag.py:487} INFO - Filling up the DagBag from /home/airflow/sandbox/lib/python3.8/site-packages/airflow/example_dags/example_complex.py
[2022-04-08 10:49:59,049] {scheduler_job.py:643} INFO - DAG(s) dict_keys(['example_complex']) retrieved from /home/airflow/sandbox/lib/python3.8/site-packages/airflow/example_dags/example_complex.py
[2022-04-08 10:49:59,091] {logging_mixin.py:104} INFO - [2022-04-08 10:49:59,091] {dag.py:1832} INFO - Sync 1 DAGs
[2022-04-08 10:49:59,114] {logging_mixin.py:104} INFO - [2022-04-08 10:49:59,114] {dag.py:2305} INFO - Setting next_dagrun for example_complex to None
[2022-04-08 10:49:59,161] {scheduler_job.py:190} INFO - Processing /home/airflow/sandbox/lib/python3.8/site-packages/airflow/example_dags/example_complex.py took 0.153 seconds
[2022-04-08 10:50:44,246] {scheduler_job.py:182} INFO - Started process (PID=4000) to work on /home/airflow/sandbox/lib/python3.8/site-packages/airflow/example_dags/example_complex.py
[2022-04-08 10:50:44,248] {scheduler_job.py:633} INFO - Processing file /home/airflow/sandbox/lib/python3.8/site-packages/airflow/example_dags/example_complex.py for tasks to queue
[2022-04-08 10:50:44,249] {logging_mixin.py:104} INFO - [2022-04-08 10:50:44,249] {dagbag.py:487} INFO - Filling up the DagBag from /home/airflow/sandbox/lib/python3.8/site-packages/airflow/example_dags/example_complex.py
[2022-04-08 10:50:44,295] {scheduler_job.py:643} INFO - DAG(s) dict_keys(['example_complex']) retrieved from /home/airflow/sandbox/lib/python3.8/site-packages/airflow/example_dags/example_complex.py
[2022-04-08 10:50:44,332] {logging_mixin.py:104} INFO - [2022-04-08 10:50:44,332] {dag.py:1832} INFO - Sync 1 DAGs
[2022-04-08 10:50:44,352] {logging_mixin.py:104} INFO - [2022-04-08 10:50:44,351] {dag.py:2305} INFO - Setting next_dagrun for example_complex to None
[2022-04-08 10:50:44,395] {scheduler_job.py:190} INFO - Processing /home/airflow/sandbox/lib/python3.8/site-packages/airflow/example_dags/example_complex.py took 0.155 seconds
[2022-04-08 10:51:34,064] {scheduler_job.py:182} INFO - Started process (PID=4039) to work on /home/airflow/sandbox/lib/python3.8/site-packages/airflow/example_dags/example_complex.py
[2022-04-08 10:51:34,066] {scheduler_job.py:633} INFO - Processing file /home/airflow/sandbox/lib/python3.8/site-packages/airflow/example_dags/example_complex.py for tasks to queue
[2022-04-08 10:51:34,067] {logging_mixin.py:104} INFO - [2022-04-08 10:51:34,067] {dagbag.py:487} INFO - Filling up the DagBag from /home/airflow/sandbox/lib/python3.8/site-packages/airflow/example_dags/example_complex.py
[2022-04-08 10:51:34,106] {scheduler_job.py:643} INFO - DAG(s) dict_keys(['example_complex']) retrieved from /home/airflow/sandbox/lib/python3.8/site-packages/airflow/example_dags/example_complex.py
[2022-04-08 10:51:34,143] {logging_mixin.py:104} INFO - [2022-04-08 10:51:34,143] {dag.py:1832} INFO - Sync 1 DAGs
[2022-04-08 10:51:34,163] {logging_mixin.py:104} INFO - [2022-04-08 10:51:34,163] {dag.py:2305} INFO - Setting next_dagrun for example_complex to None
[2022-04-08 10:51:34,193] {scheduler_job.py:190} INFO - Processing /home/airflow/sandbox/lib/python3.8/site-packages/airflow/example_dags/example_complex.py took 0.137 seconds
[2022-04-08 10:52:24,446] {scheduler_job.py:182} INFO - Started process (PID=4078) to work on /home/airflow/sandbox/lib/python3.8/site-packages/airflow/example_dags/example_complex.py
[2022-04-08 10:52:24,451] {scheduler_job.py:633} INFO - Processing file /home/airflow/sandbox/lib/python3.8/site-packages/airflow/example_dags/example_complex.py for tasks to queue
[2022-04-08 10:52:24,453] {logging_mixin.py:104} INFO - [2022-04-08 10:52:24,453] {dagbag.py:487} INFO - Filling up the DagBag from /home/airflow/sandbox/lib/python3.8/site-packages/airflow/example_dags/example_complex.py
[2022-04-08 10:52:24,502] {scheduler_job.py:643} INFO - DAG(s) dict_keys(['example_complex']) retrieved from /home/airflow/sandbox/lib/python3.8/site-packages/airflow/example_dags/example_complex.py
[2022-04-08 10:52:24,544] {logging_mixin.py:104} INFO - [2022-04-08 10:52:24,544] {dag.py:1832} INFO - Sync 1 DAGs
[2022-04-08 10:52:24,566] {logging_mixin.py:104} INFO - [2022-04-08 10:52:24,566] {dag.py:2305} INFO - Setting next_dagrun for example_complex to None
[2022-04-08 10:52:24,609] {scheduler_job.py:190} INFO - Processing /home/airflow/sandbox/lib/python3.8/site-packages/airflow/example_dags/example_complex.py took 0.170 seconds
[2022-04-08 10:53:07,361] {scheduler_job.py:182} INFO - Started process (PID=4112) to work on /home/airflow/sandbox/lib/python3.8/site-packages/airflow/example_dags/example_complex.py
[2022-04-08 10:53:07,363] {scheduler_job.py:633} INFO - Processing file /home/airflow/sandbox/lib/python3.8/site-packages/airflow/example_dags/example_complex.py for tasks to queue
[2022-04-08 10:53:07,365] {logging_mixin.py:104} INFO - [2022-04-08 10:53:07,364] {dagbag.py:487} INFO - Filling up the DagBag from /home/airflow/sandbox/lib/python3.8/site-packages/airflow/example_dags/example_complex.py
[2022-04-08 10:53:07,407] {scheduler_job.py:643} INFO - DAG(s) dict_keys(['example_complex']) retrieved from /home/airflow/sandbox/lib/python3.8/site-packages/airflow/example_dags/example_complex.py
[2022-04-08 10:53:07,444] {logging_mixin.py:104} INFO - [2022-04-08 10:53:07,443] {dag.py:1832} INFO - Sync 1 DAGs
[2022-04-08 10:53:07,464] {logging_mixin.py:104} INFO - [2022-04-08 10:53:07,464] {dag.py:2305} INFO - Setting next_dagrun for example_complex to None
[2022-04-08 10:53:07,500] {scheduler_job.py:190} INFO - Processing /home/airflow/sandbox/lib/python3.8/site-packages/airflow/example_dags/example_complex.py took 0.147 seconds
[2022-04-08 10:53:54,605] {scheduler_job.py:182} INFO - Started process (PID=4193) to work on /home/airflow/sandbox/lib/python3.8/site-packages/airflow/example_dags/example_complex.py
[2022-04-08 10:53:54,607] {scheduler_job.py:633} INFO - Processing file /home/airflow/sandbox/lib/python3.8/site-packages/airflow/example_dags/example_complex.py for tasks to queue
[2022-04-08 10:53:54,608] {logging_mixin.py:104} INFO - [2022-04-08 10:53:54,608] {dagbag.py:487} INFO - Filling up the DagBag from /home/airflow/sandbox/lib/python3.8/site-packages/airflow/example_dags/example_complex.py
[2022-04-08 10:53:54,645] {scheduler_job.py:643} INFO - DAG(s) dict_keys(['example_complex']) retrieved from /home/airflow/sandbox/lib/python3.8/site-packages/airflow/example_dags/example_complex.py
[2022-04-08 10:53:54,677] {logging_mixin.py:104} INFO - [2022-04-08 10:53:54,677] {dag.py:1832} INFO - Sync 1 DAGs
[2022-04-08 10:53:54,697] {logging_mixin.py:104} INFO - [2022-04-08 10:53:54,697] {dag.py:2305} INFO - Setting next_dagrun for example_complex to None
[2022-04-08 10:53:54,737] {scheduler_job.py:190} INFO - Processing /home/airflow/sandbox/lib/python3.8/site-packages/airflow/example_dags/example_complex.py took 0.138 seconds
[2022-04-08 10:54:44,134] {scheduler_job.py:182} INFO - Started process (PID=4234) to work on /home/airflow/sandbox/lib/python3.8/site-packages/airflow/example_dags/example_complex.py
[2022-04-08 10:54:44,136] {scheduler_job.py:633} INFO - Processing file /home/airflow/sandbox/lib/python3.8/site-packages/airflow/example_dags/example_complex.py for tasks to queue
[2022-04-08 10:54:44,137] {logging_mixin.py:104} INFO - [2022-04-08 10:54:44,137] {dagbag.py:487} INFO - Filling up the DagBag from /home/airflow/sandbox/lib/python3.8/site-packages/airflow/example_dags/example_complex.py
[2022-04-08 10:54:44,176] {scheduler_job.py:643} INFO - DAG(s) dict_keys(['example_complex']) retrieved from /home/airflow/sandbox/lib/python3.8/site-packages/airflow/example_dags/example_complex.py
[2022-04-08 10:54:44,212] {logging_mixin.py:104} INFO - [2022-04-08 10:54:44,212] {dag.py:1832} INFO - Sync 1 DAGs
[2022-04-08 10:54:44,232] {logging_mixin.py:104} INFO - [2022-04-08 10:54:44,232] {dag.py:2305} INFO - Setting next_dagrun for example_complex to None
[2022-04-08 10:54:44,272] {scheduler_job.py:190} INFO - Processing /home/airflow/sandbox/lib/python3.8/site-packages/airflow/example_dags/example_complex.py took 0.145 seconds
[2022-04-08 10:55:31,172] {scheduler_job.py:182} INFO - Started process (PID=4270) to work on /home/airflow/sandbox/lib/python3.8/site-packages/airflow/example_dags/example_complex.py
[2022-04-08 10:55:31,174] {scheduler_job.py:633} INFO - Processing file /home/airflow/sandbox/lib/python3.8/site-packages/airflow/example_dags/example_complex.py for tasks to queue
[2022-04-08 10:55:31,176] {logging_mixin.py:104} INFO - [2022-04-08 10:55:31,175] {dagbag.py:487} INFO - Filling up the DagBag from /home/airflow/sandbox/lib/python3.8/site-packages/airflow/example_dags/example_complex.py
[2022-04-08 10:55:31,214] {scheduler_job.py:643} INFO - DAG(s) dict_keys(['example_complex']) retrieved from /home/airflow/sandbox/lib/python3.8/site-packages/airflow/example_dags/example_complex.py
[2022-04-08 10:55:31,254] {logging_mixin.py:104} INFO - [2022-04-08 10:55:31,254] {dag.py:1832} INFO - Sync 1 DAGs
[2022-04-08 10:55:31,275] {logging_mixin.py:104} INFO - [2022-04-08 10:55:31,275] {dag.py:2305} INFO - Setting next_dagrun for example_complex to None
[2022-04-08 10:55:31,315] {scheduler_job.py:190} INFO - Processing /home/airflow/sandbox/lib/python3.8/site-packages/airflow/example_dags/example_complex.py took 0.149 seconds
[2022-04-08 10:56:20,666] {scheduler_job.py:182} INFO - Started process (PID=4310) to work on /home/airflow/sandbox/lib/python3.8/site-packages/airflow/example_dags/example_complex.py
[2022-04-08 10:56:20,668] {scheduler_job.py:633} INFO - Processing file /home/airflow/sandbox/lib/python3.8/site-packages/airflow/example_dags/example_complex.py for tasks to queue
[2022-04-08 10:56:20,669] {logging_mixin.py:104} INFO - [2022-04-08 10:56:20,669] {dagbag.py:487} INFO - Filling up the DagBag from /home/airflow/sandbox/lib/python3.8/site-packages/airflow/example_dags/example_complex.py
[2022-04-08 10:56:20,707] {scheduler_job.py:643} INFO - DAG(s) dict_keys(['example_complex']) retrieved from /home/airflow/sandbox/lib/python3.8/site-packages/airflow/example_dags/example_complex.py
[2022-04-08 10:56:20,744] {logging_mixin.py:104} INFO - [2022-04-08 10:56:20,743] {dag.py:1832} INFO - Sync 1 DAGs
[2022-04-08 10:56:20,775] {logging_mixin.py:104} INFO - [2022-04-08 10:56:20,775] {dag.py:2305} INFO - Setting next_dagrun for example_complex to None
[2022-04-08 10:56:20,814] {scheduler_job.py:190} INFO - Processing /home/airflow/sandbox/lib/python3.8/site-packages/airflow/example_dags/example_complex.py took 0.153 seconds
[2022-04-08 10:57:06,635] {scheduler_job.py:182} INFO - Started process (PID=4348) to work on /home/airflow/sandbox/lib/python3.8/site-packages/airflow/example_dags/example_complex.py
[2022-04-08 10:57:06,637] {scheduler_job.py:633} INFO - Processing file /home/airflow/sandbox/lib/python3.8/site-packages/airflow/example_dags/example_complex.py for tasks to queue
[2022-04-08 10:57:06,638] {logging_mixin.py:104} INFO - [2022-04-08 10:57:06,638] {dagbag.py:487} INFO - Filling up the DagBag from /home/airflow/sandbox/lib/python3.8/site-packages/airflow/example_dags/example_complex.py
[2022-04-08 10:57:06,675] {scheduler_job.py:643} INFO - DAG(s) dict_keys(['example_complex']) retrieved from /home/airflow/sandbox/lib/python3.8/site-packages/airflow/example_dags/example_complex.py
[2022-04-08 10:57:06,712] {logging_mixin.py:104} INFO - [2022-04-08 10:57:06,711] {dag.py:1832} INFO - Sync 1 DAGs
[2022-04-08 10:57:06,732] {logging_mixin.py:104} INFO - [2022-04-08 10:57:06,731] {dag.py:2305} INFO - Setting next_dagrun for example_complex to None
[2022-04-08 10:57:06,767] {scheduler_job.py:190} INFO - Processing /home/airflow/sandbox/lib/python3.8/site-packages/airflow/example_dags/example_complex.py took 0.138 seconds
[2022-04-08 10:57:51,673] {scheduler_job.py:182} INFO - Started process (PID=4384) to work on /home/airflow/sandbox/lib/python3.8/site-packages/airflow/example_dags/example_complex.py
[2022-04-08 10:57:51,675] {scheduler_job.py:633} INFO - Processing file /home/airflow/sandbox/lib/python3.8/site-packages/airflow/example_dags/example_complex.py for tasks to queue
[2022-04-08 10:57:51,676] {logging_mixin.py:104} INFO - [2022-04-08 10:57:51,676] {dagbag.py:487} INFO - Filling up the DagBag from /home/airflow/sandbox/lib/python3.8/site-packages/airflow/example_dags/example_complex.py
[2022-04-08 10:57:51,717] {scheduler_job.py:643} INFO - DAG(s) dict_keys(['example_complex']) retrieved from /home/airflow/sandbox/lib/python3.8/site-packages/airflow/example_dags/example_complex.py
[2022-04-08 10:57:51,755] {logging_mixin.py:104} INFO - [2022-04-08 10:57:51,754] {dag.py:1832} INFO - Sync 1 DAGs
[2022-04-08 10:57:51,775] {logging_mixin.py:104} INFO - [2022-04-08 10:57:51,775] {dag.py:2305} INFO - Setting next_dagrun for example_complex to None
[2022-04-08 10:57:51,806] {scheduler_job.py:190} INFO - Processing /home/airflow/sandbox/lib/python3.8/site-packages/airflow/example_dags/example_complex.py took 0.138 seconds
[2022-04-08 10:58:37,640] {scheduler_job.py:182} INFO - Started process (PID=4454) to work on /home/airflow/sandbox/lib/python3.8/site-packages/airflow/example_dags/example_complex.py
[2022-04-08 10:58:37,643] {scheduler_job.py:633} INFO - Processing file /home/airflow/sandbox/lib/python3.8/site-packages/airflow/example_dags/example_complex.py for tasks to queue
[2022-04-08 10:58:37,644] {logging_mixin.py:104} INFO - [2022-04-08 10:58:37,644] {dagbag.py:487} INFO - Filling up the DagBag from /home/airflow/sandbox/lib/python3.8/site-packages/airflow/example_dags/example_complex.py
[2022-04-08 10:58:37,676] {scheduler_job.py:643} INFO - DAG(s) dict_keys(['example_complex']) retrieved from /home/airflow/sandbox/lib/python3.8/site-packages/airflow/example_dags/example_complex.py
[2022-04-08 10:58:37,712] {logging_mixin.py:104} INFO - [2022-04-08 10:58:37,712] {dag.py:1832} INFO - Sync 1 DAGs
[2022-04-08 10:58:37,745] {logging_mixin.py:104} INFO - [2022-04-08 10:58:37,744] {dag.py:2305} INFO - Setting next_dagrun for example_complex to None
[2022-04-08 10:58:37,792] {scheduler_job.py:190} INFO - Processing /home/airflow/sandbox/lib/python3.8/site-packages/airflow/example_dags/example_complex.py took 0.158 seconds
[2022-04-08 10:59:18,567] {scheduler_job.py:182} INFO - Started process (PID=4497) to work on /home/airflow/sandbox/lib/python3.8/site-packages/airflow/example_dags/example_complex.py
[2022-04-08 10:59:18,571] {scheduler_job.py:633} INFO - Processing file /home/airflow/sandbox/lib/python3.8/site-packages/airflow/example_dags/example_complex.py for tasks to queue
[2022-04-08 10:59:18,572] {logging_mixin.py:104} INFO - [2022-04-08 10:59:18,572] {dagbag.py:487} INFO - Filling up the DagBag from /home/airflow/sandbox/lib/python3.8/site-packages/airflow/example_dags/example_complex.py
[2022-04-08 10:59:18,607] {scheduler_job.py:643} INFO - DAG(s) dict_keys(['example_complex']) retrieved from /home/airflow/sandbox/lib/python3.8/site-packages/airflow/example_dags/example_complex.py
[2022-04-08 10:59:18,645] {logging_mixin.py:104} INFO - [2022-04-08 10:59:18,645] {dag.py:1832} INFO - Sync 1 DAGs
[2022-04-08 10:59:18,666] {logging_mixin.py:104} INFO - [2022-04-08 10:59:18,666] {dag.py:2305} INFO - Setting next_dagrun for example_complex to None
[2022-04-08 10:59:18,693] {scheduler_job.py:190} INFO - Processing /home/airflow/sandbox/lib/python3.8/site-packages/airflow/example_dags/example_complex.py took 0.134 seconds
[2022-04-08 11:03:52,695] {scheduler_job.py:182} INFO - Started process (PID=4736) to work on /home/airflow/sandbox/lib/python3.8/site-packages/airflow/example_dags/example_complex.py
[2022-04-08 11:03:52,697] {scheduler_job.py:633} INFO - Processing file /home/airflow/sandbox/lib/python3.8/site-packages/airflow/example_dags/example_complex.py for tasks to queue
[2022-04-08 11:03:52,699] {logging_mixin.py:104} INFO - [2022-04-08 11:03:52,698] {dagbag.py:487} INFO - Filling up the DagBag from /home/airflow/sandbox/lib/python3.8/site-packages/airflow/example_dags/example_complex.py
[2022-04-08 11:03:52,735] {scheduler_job.py:643} INFO - DAG(s) dict_keys(['example_complex']) retrieved from /home/airflow/sandbox/lib/python3.8/site-packages/airflow/example_dags/example_complex.py
[2022-04-08 11:03:52,773] {logging_mixin.py:104} INFO - [2022-04-08 11:03:52,773] {dag.py:1832} INFO - Sync 1 DAGs
[2022-04-08 11:03:52,794] {logging_mixin.py:104} INFO - [2022-04-08 11:03:52,794] {dag.py:2305} INFO - Setting next_dagrun for example_complex to None
[2022-04-08 11:03:52,834] {scheduler_job.py:190} INFO - Processing /home/airflow/sandbox/lib/python3.8/site-packages/airflow/example_dags/example_complex.py took 0.145 seconds
[2022-04-08 11:04:37,364] {scheduler_job.py:182} INFO - Started process (PID=4771) to work on /home/airflow/sandbox/lib/python3.8/site-packages/airflow/example_dags/example_complex.py
[2022-04-08 11:04:37,367] {scheduler_job.py:633} INFO - Processing file /home/airflow/sandbox/lib/python3.8/site-packages/airflow/example_dags/example_complex.py for tasks to queue
[2022-04-08 11:04:37,368] {logging_mixin.py:104} INFO - [2022-04-08 11:04:37,368] {dagbag.py:487} INFO - Filling up the DagBag from /home/airflow/sandbox/lib/python3.8/site-packages/airflow/example_dags/example_complex.py
[2022-04-08 11:04:37,403] {scheduler_job.py:643} INFO - DAG(s) dict_keys(['example_complex']) retrieved from /home/airflow/sandbox/lib/python3.8/site-packages/airflow/example_dags/example_complex.py
[2022-04-08 11:04:37,452] {logging_mixin.py:104} INFO - [2022-04-08 11:04:37,451] {dag.py:1832} INFO - Sync 1 DAGs
[2022-04-08 11:04:37,482] {logging_mixin.py:104} INFO - [2022-04-08 11:04:37,481] {dag.py:2305} INFO - Setting next_dagrun for example_complex to None
[2022-04-08 11:04:37,533] {scheduler_job.py:190} INFO - Processing /home/airflow/sandbox/lib/python3.8/site-packages/airflow/example_dags/example_complex.py took 0.173 seconds
[2022-04-08 11:05:23,088] {scheduler_job.py:182} INFO - Started process (PID=4807) to work on /home/airflow/sandbox/lib/python3.8/site-packages/airflow/example_dags/example_complex.py
[2022-04-08 11:05:23,090] {scheduler_job.py:633} INFO - Processing file /home/airflow/sandbox/lib/python3.8/site-packages/airflow/example_dags/example_complex.py for tasks to queue
[2022-04-08 11:05:23,091] {logging_mixin.py:104} INFO - [2022-04-08 11:05:23,091] {dagbag.py:487} INFO - Filling up the DagBag from /home/airflow/sandbox/lib/python3.8/site-packages/airflow/example_dags/example_complex.py
[2022-04-08 11:05:23,130] {scheduler_job.py:643} INFO - DAG(s) dict_keys(['example_complex']) retrieved from /home/airflow/sandbox/lib/python3.8/site-packages/airflow/example_dags/example_complex.py
[2022-04-08 11:05:23,177] {logging_mixin.py:104} INFO - [2022-04-08 11:05:23,177] {dag.py:1832} INFO - Sync 1 DAGs
[2022-04-08 11:05:23,200] {logging_mixin.py:104} INFO - [2022-04-08 11:05:23,200] {dag.py:2305} INFO - Setting next_dagrun for example_complex to None
[2022-04-08 11:05:23,248] {scheduler_job.py:190} INFO - Processing /home/airflow/sandbox/lib/python3.8/site-packages/airflow/example_dags/example_complex.py took 0.167 seconds
[2022-04-08 11:06:15,305] {scheduler_job.py:182} INFO - Started process (PID=5025) to work on /home/airflow/sandbox/lib/python3.8/site-packages/airflow/example_dags/example_complex.py
[2022-04-08 11:06:15,307] {scheduler_job.py:633} INFO - Processing file /home/airflow/sandbox/lib/python3.8/site-packages/airflow/example_dags/example_complex.py for tasks to queue
[2022-04-08 11:06:15,309] {logging_mixin.py:104} INFO - [2022-04-08 11:06:15,308] {dagbag.py:487} INFO - Filling up the DagBag from /home/airflow/sandbox/lib/python3.8/site-packages/airflow/example_dags/example_complex.py
[2022-04-08 11:06:15,348] {scheduler_job.py:643} INFO - DAG(s) dict_keys(['example_complex']) retrieved from /home/airflow/sandbox/lib/python3.8/site-packages/airflow/example_dags/example_complex.py
[2022-04-08 11:06:15,386] {logging_mixin.py:104} INFO - [2022-04-08 11:06:15,386] {dag.py:1832} INFO - Sync 1 DAGs
[2022-04-08 11:06:15,414] {logging_mixin.py:104} INFO - [2022-04-08 11:06:15,413] {dag.py:2305} INFO - Setting next_dagrun for example_complex to None
[2022-04-08 11:06:15,462] {scheduler_job.py:190} INFO - Processing /home/airflow/sandbox/lib/python3.8/site-packages/airflow/example_dags/example_complex.py took 0.163 seconds
[2022-04-08 11:07:05,069] {scheduler_job.py:182} INFO - Started process (PID=5483) to work on /home/airflow/sandbox/lib/python3.8/site-packages/airflow/example_dags/example_complex.py
[2022-04-08 11:07:05,072] {scheduler_job.py:633} INFO - Processing file /home/airflow/sandbox/lib/python3.8/site-packages/airflow/example_dags/example_complex.py for tasks to queue
[2022-04-08 11:07:05,076] {logging_mixin.py:104} INFO - [2022-04-08 11:07:05,075] {dagbag.py:487} INFO - Filling up the DagBag from /home/airflow/sandbox/lib/python3.8/site-packages/airflow/example_dags/example_complex.py
[2022-04-08 11:07:05,118] {scheduler_job.py:643} INFO - DAG(s) dict_keys(['example_complex']) retrieved from /home/airflow/sandbox/lib/python3.8/site-packages/airflow/example_dags/example_complex.py
[2022-04-08 11:07:05,167] {logging_mixin.py:104} INFO - [2022-04-08 11:07:05,167] {dag.py:1832} INFO - Sync 1 DAGs
[2022-04-08 11:07:05,187] {logging_mixin.py:104} INFO - [2022-04-08 11:07:05,187] {dag.py:2305} INFO - Setting next_dagrun for example_complex to None
[2022-04-08 11:07:05,228] {scheduler_job.py:190} INFO - Processing /home/airflow/sandbox/lib/python3.8/site-packages/airflow/example_dags/example_complex.py took 0.171 seconds
[2022-04-08 11:07:48,941] {scheduler_job.py:182} INFO - Started process (PID=5759) to work on /home/airflow/sandbox/lib/python3.8/site-packages/airflow/example_dags/example_complex.py
[2022-04-08 11:07:48,952] {scheduler_job.py:633} INFO - Processing file /home/airflow/sandbox/lib/python3.8/site-packages/airflow/example_dags/example_complex.py for tasks to queue
[2022-04-08 11:07:48,953] {logging_mixin.py:104} INFO - [2022-04-08 11:07:48,953] {dagbag.py:487} INFO - Filling up the DagBag from /home/airflow/sandbox/lib/python3.8/site-packages/airflow/example_dags/example_complex.py
[2022-04-08 11:07:49,013] {scheduler_job.py:643} INFO - DAG(s) dict_keys(['example_complex']) retrieved from /home/airflow/sandbox/lib/python3.8/site-packages/airflow/example_dags/example_complex.py
[2022-04-08 11:07:49,071] {logging_mixin.py:104} INFO - [2022-04-08 11:07:49,070] {dag.py:1832} INFO - Sync 1 DAGs
[2022-04-08 11:07:49,113] {logging_mixin.py:104} INFO - [2022-04-08 11:07:49,112] {dag.py:2305} INFO - Setting next_dagrun for example_complex to None
[2022-04-08 11:07:49,165] {scheduler_job.py:190} INFO - Processing /home/airflow/sandbox/lib/python3.8/site-packages/airflow/example_dags/example_complex.py took 0.240 seconds
[2022-04-08 11:08:39,622] {scheduler_job.py:182} INFO - Started process (PID=6144) to work on /home/airflow/sandbox/lib/python3.8/site-packages/airflow/example_dags/example_complex.py
[2022-04-08 11:08:39,623] {scheduler_job.py:633} INFO - Processing file /home/airflow/sandbox/lib/python3.8/site-packages/airflow/example_dags/example_complex.py for tasks to queue
[2022-04-08 11:08:39,630] {logging_mixin.py:104} INFO - [2022-04-08 11:08:39,630] {dagbag.py:487} INFO - Filling up the DagBag from /home/airflow/sandbox/lib/python3.8/site-packages/airflow/example_dags/example_complex.py
[2022-04-08 11:08:39,682] {scheduler_job.py:643} INFO - DAG(s) dict_keys(['example_complex']) retrieved from /home/airflow/sandbox/lib/python3.8/site-packages/airflow/example_dags/example_complex.py
[2022-04-08 11:08:39,755] {logging_mixin.py:104} INFO - [2022-04-08 11:08:39,755] {dag.py:1832} INFO - Sync 1 DAGs
[2022-04-08 11:08:39,800] {logging_mixin.py:104} INFO - [2022-04-08 11:08:39,800] {dag.py:2305} INFO - Setting next_dagrun for example_complex to None
[2022-04-08 11:08:40,025] {scheduler_job.py:190} INFO - Processing /home/airflow/sandbox/lib/python3.8/site-packages/airflow/example_dags/example_complex.py took 0.419 seconds
[2022-04-08 11:09:32,892] {scheduler_job.py:182} INFO - Started process (PID=6199) to work on /home/airflow/sandbox/lib/python3.8/site-packages/airflow/example_dags/example_complex.py
[2022-04-08 11:09:32,895] {scheduler_job.py:633} INFO - Processing file /home/airflow/sandbox/lib/python3.8/site-packages/airflow/example_dags/example_complex.py for tasks to queue
[2022-04-08 11:09:32,896] {logging_mixin.py:104} INFO - [2022-04-08 11:09:32,895] {dagbag.py:487} INFO - Filling up the DagBag from /home/airflow/sandbox/lib/python3.8/site-packages/airflow/example_dags/example_complex.py
[2022-04-08 11:09:32,938] {scheduler_job.py:643} INFO - DAG(s) dict_keys(['example_complex']) retrieved from /home/airflow/sandbox/lib/python3.8/site-packages/airflow/example_dags/example_complex.py
[2022-04-08 11:09:32,977] {logging_mixin.py:104} INFO - [2022-04-08 11:09:32,977] {dag.py:1832} INFO - Sync 1 DAGs
[2022-04-08 11:09:33,022] {logging_mixin.py:104} INFO - [2022-04-08 11:09:33,021] {dag.py:2305} INFO - Setting next_dagrun for example_complex to None
[2022-04-08 11:09:33,063] {scheduler_job.py:190} INFO - Processing /home/airflow/sandbox/lib/python3.8/site-packages/airflow/example_dags/example_complex.py took 0.176 seconds
[2022-04-08 11:10:21,250] {scheduler_job.py:182} INFO - Started process (PID=6237) to work on /home/airflow/sandbox/lib/python3.8/site-packages/airflow/example_dags/example_complex.py
[2022-04-08 11:10:21,252] {scheduler_job.py:633} INFO - Processing file /home/airflow/sandbox/lib/python3.8/site-packages/airflow/example_dags/example_complex.py for tasks to queue
[2022-04-08 11:10:21,253] {logging_mixin.py:104} INFO - [2022-04-08 11:10:21,253] {dagbag.py:487} INFO - Filling up the DagBag from /home/airflow/sandbox/lib/python3.8/site-packages/airflow/example_dags/example_complex.py
[2022-04-08 11:10:21,286] {scheduler_job.py:643} INFO - DAG(s) dict_keys(['example_complex']) retrieved from /home/airflow/sandbox/lib/python3.8/site-packages/airflow/example_dags/example_complex.py
[2022-04-08 11:10:21,322] {logging_mixin.py:104} INFO - [2022-04-08 11:10:21,321] {dag.py:1832} INFO - Sync 1 DAGs
[2022-04-08 11:10:21,344] {logging_mixin.py:104} INFO - [2022-04-08 11:10:21,343] {dag.py:2305} INFO - Setting next_dagrun for example_complex to None
[2022-04-08 11:10:21,385] {scheduler_job.py:190} INFO - Processing /home/airflow/sandbox/lib/python3.8/site-packages/airflow/example_dags/example_complex.py took 0.140 seconds
[2022-04-08 11:11:15,376] {scheduler_job.py:182} INFO - Started process (PID=6280) to work on /home/airflow/sandbox/lib/python3.8/site-packages/airflow/example_dags/example_complex.py
[2022-04-08 11:11:15,378] {scheduler_job.py:633} INFO - Processing file /home/airflow/sandbox/lib/python3.8/site-packages/airflow/example_dags/example_complex.py for tasks to queue
[2022-04-08 11:11:15,380] {logging_mixin.py:104} INFO - [2022-04-08 11:11:15,380] {dagbag.py:487} INFO - Filling up the DagBag from /home/airflow/sandbox/lib/python3.8/site-packages/airflow/example_dags/example_complex.py
[2022-04-08 11:11:15,414] {scheduler_job.py:643} INFO - DAG(s) dict_keys(['example_complex']) retrieved from /home/airflow/sandbox/lib/python3.8/site-packages/airflow/example_dags/example_complex.py
[2022-04-08 11:11:15,465] {logging_mixin.py:104} INFO - [2022-04-08 11:11:15,465] {dag.py:1832} INFO - Sync 1 DAGs
[2022-04-08 11:11:15,491] {logging_mixin.py:104} INFO - [2022-04-08 11:11:15,491] {dag.py:2305} INFO - Setting next_dagrun for example_complex to None
[2022-04-08 11:11:15,533] {scheduler_job.py:190} INFO - Processing /home/airflow/sandbox/lib/python3.8/site-packages/airflow/example_dags/example_complex.py took 0.163 seconds
[2022-04-08 11:14:07,920] {scheduler_job.py:182} INFO - Started process (PID=6549) to work on /home/airflow/sandbox/lib/python3.8/site-packages/airflow/example_dags/example_complex.py
[2022-04-08 11:14:07,923] {scheduler_job.py:633} INFO - Processing file /home/airflow/sandbox/lib/python3.8/site-packages/airflow/example_dags/example_complex.py for tasks to queue
[2022-04-08 11:14:07,924] {logging_mixin.py:104} INFO - [2022-04-08 11:14:07,924] {dagbag.py:487} INFO - Filling up the DagBag from /home/airflow/sandbox/lib/python3.8/site-packages/airflow/example_dags/example_complex.py
[2022-04-08 11:14:07,985] {scheduler_job.py:643} INFO - DAG(s) dict_keys(['example_complex']) retrieved from /home/airflow/sandbox/lib/python3.8/site-packages/airflow/example_dags/example_complex.py
[2022-04-08 11:14:08,038] {logging_mixin.py:104} INFO - [2022-04-08 11:14:08,038] {dag.py:1832} INFO - Sync 1 DAGs
[2022-04-08 11:14:08,082] {logging_mixin.py:104} INFO - [2022-04-08 11:14:08,081] {dag.py:2305} INFO - Setting next_dagrun for example_complex to None
[2022-04-08 11:14:08,121] {scheduler_job.py:190} INFO - Processing /home/airflow/sandbox/lib/python3.8/site-packages/airflow/example_dags/example_complex.py took 0.207 seconds
[2022-04-08 11:14:56,524] {scheduler_job.py:182} INFO - Started process (PID=8285) to work on /home/airflow/sandbox/lib/python3.8/site-packages/airflow/example_dags/example_complex.py
[2022-04-08 11:14:56,532] {scheduler_job.py:633} INFO - Processing file /home/airflow/sandbox/lib/python3.8/site-packages/airflow/example_dags/example_complex.py for tasks to queue
[2022-04-08 11:14:56,540] {logging_mixin.py:104} INFO - [2022-04-08 11:14:56,540] {dagbag.py:487} INFO - Filling up the DagBag from /home/airflow/sandbox/lib/python3.8/site-packages/airflow/example_dags/example_complex.py
[2022-04-08 11:14:56,681] {scheduler_job.py:643} INFO - DAG(s) dict_keys(['example_complex']) retrieved from /home/airflow/sandbox/lib/python3.8/site-packages/airflow/example_dags/example_complex.py
[2022-04-08 11:14:56,809] {logging_mixin.py:104} INFO - [2022-04-08 11:14:56,808] {dag.py:1832} INFO - Sync 1 DAGs
[2022-04-08 11:14:56,861] {logging_mixin.py:104} INFO - [2022-04-08 11:14:56,861] {dag.py:2305} INFO - Setting next_dagrun for example_complex to None
[2022-04-08 11:14:57,235] {scheduler_job.py:190} INFO - Processing /home/airflow/sandbox/lib/python3.8/site-packages/airflow/example_dags/example_complex.py took 0.754 seconds
[2022-04-08 11:15:58,141] {scheduler_job.py:182} INFO - Started process (PID=10192) to work on /home/airflow/sandbox/lib/python3.8/site-packages/airflow/example_dags/example_complex.py
[2022-04-08 11:15:58,143] {scheduler_job.py:633} INFO - Processing file /home/airflow/sandbox/lib/python3.8/site-packages/airflow/example_dags/example_complex.py for tasks to queue
[2022-04-08 11:15:58,145] {logging_mixin.py:104} INFO - [2022-04-08 11:15:58,145] {dagbag.py:487} INFO - Filling up the DagBag from /home/airflow/sandbox/lib/python3.8/site-packages/airflow/example_dags/example_complex.py
[2022-04-08 11:15:58,181] {scheduler_job.py:643} INFO - DAG(s) dict_keys(['example_complex']) retrieved from /home/airflow/sandbox/lib/python3.8/site-packages/airflow/example_dags/example_complex.py
[2022-04-08 11:15:58,215] {logging_mixin.py:104} INFO - [2022-04-08 11:15:58,215] {dag.py:1832} INFO - Sync 1 DAGs
[2022-04-08 11:15:58,237] {logging_mixin.py:104} INFO - [2022-04-08 11:15:58,237] {dag.py:2305} INFO - Setting next_dagrun for example_complex to None
[2022-04-08 11:15:58,282] {scheduler_job.py:190} INFO - Processing /home/airflow/sandbox/lib/python3.8/site-packages/airflow/example_dags/example_complex.py took 0.148 seconds
[2022-04-08 11:16:46,876] {scheduler_job.py:182} INFO - Started process (PID=10233) to work on /home/airflow/sandbox/lib/python3.8/site-packages/airflow/example_dags/example_complex.py
[2022-04-08 11:16:46,878] {scheduler_job.py:633} INFO - Processing file /home/airflow/sandbox/lib/python3.8/site-packages/airflow/example_dags/example_complex.py for tasks to queue
[2022-04-08 11:16:46,882] {logging_mixin.py:104} INFO - [2022-04-08 11:16:46,880] {dagbag.py:487} INFO - Filling up the DagBag from /home/airflow/sandbox/lib/python3.8/site-packages/airflow/example_dags/example_complex.py
[2022-04-08 11:16:46,919] {scheduler_job.py:643} INFO - DAG(s) dict_keys(['example_complex']) retrieved from /home/airflow/sandbox/lib/python3.8/site-packages/airflow/example_dags/example_complex.py
[2022-04-08 11:16:46,954] {logging_mixin.py:104} INFO - [2022-04-08 11:16:46,954] {dag.py:1832} INFO - Sync 1 DAGs
[2022-04-08 11:16:46,980] {logging_mixin.py:104} INFO - [2022-04-08 11:16:46,980] {dag.py:2305} INFO - Setting next_dagrun for example_complex to None
[2022-04-08 11:16:47,032] {scheduler_job.py:190} INFO - Processing /home/airflow/sandbox/lib/python3.8/site-packages/airflow/example_dags/example_complex.py took 0.164 seconds
[2022-04-08 11:17:33,749] {scheduler_job.py:182} INFO - Started process (PID=10275) to work on /home/airflow/sandbox/lib/python3.8/site-packages/airflow/example_dags/example_complex.py
[2022-04-08 11:17:33,753] {scheduler_job.py:633} INFO - Processing file /home/airflow/sandbox/lib/python3.8/site-packages/airflow/example_dags/example_complex.py for tasks to queue
[2022-04-08 11:17:33,754] {logging_mixin.py:104} INFO - [2022-04-08 11:17:33,754] {dagbag.py:487} INFO - Filling up the DagBag from /home/airflow/sandbox/lib/python3.8/site-packages/airflow/example_dags/example_complex.py
[2022-04-08 11:17:33,799] {scheduler_job.py:643} INFO - DAG(s) dict_keys(['example_complex']) retrieved from /home/airflow/sandbox/lib/python3.8/site-packages/airflow/example_dags/example_complex.py
[2022-04-08 11:17:33,836] {logging_mixin.py:104} INFO - [2022-04-08 11:17:33,836] {dag.py:1832} INFO - Sync 1 DAGs
[2022-04-08 11:17:33,856] {logging_mixin.py:104} INFO - [2022-04-08 11:17:33,856] {dag.py:2305} INFO - Setting next_dagrun for example_complex to None
[2022-04-08 11:17:33,894] {scheduler_job.py:190} INFO - Processing /home/airflow/sandbox/lib/python3.8/site-packages/airflow/example_dags/example_complex.py took 0.153 seconds
[2022-04-08 11:18:16,548] {scheduler_job.py:182} INFO - Started process (PID=10311) to work on /home/airflow/sandbox/lib/python3.8/site-packages/airflow/example_dags/example_complex.py
[2022-04-08 11:18:16,550] {scheduler_job.py:633} INFO - Processing file /home/airflow/sandbox/lib/python3.8/site-packages/airflow/example_dags/example_complex.py for tasks to queue
[2022-04-08 11:18:16,551] {logging_mixin.py:104} INFO - [2022-04-08 11:18:16,551] {dagbag.py:487} INFO - Filling up the DagBag from /home/airflow/sandbox/lib/python3.8/site-packages/airflow/example_dags/example_complex.py
[2022-04-08 11:18:16,585] {scheduler_job.py:643} INFO - DAG(s) dict_keys(['example_complex']) retrieved from /home/airflow/sandbox/lib/python3.8/site-packages/airflow/example_dags/example_complex.py
[2022-04-08 11:18:16,628] {logging_mixin.py:104} INFO - [2022-04-08 11:18:16,628] {dag.py:1832} INFO - Sync 1 DAGs
[2022-04-08 11:18:16,646] {logging_mixin.py:104} INFO - [2022-04-08 11:18:16,646] {dag.py:2305} INFO - Setting next_dagrun for example_complex to None
[2022-04-08 11:18:16,686] {scheduler_job.py:190} INFO - Processing /home/airflow/sandbox/lib/python3.8/site-packages/airflow/example_dags/example_complex.py took 0.144 seconds
[2022-04-08 12:06:43,541] {scheduler_job.py:182} INFO - Started process (PID=10720) to work on /home/airflow/sandbox/lib/python3.8/site-packages/airflow/example_dags/example_complex.py
[2022-04-08 12:06:43,544] {scheduler_job.py:633} INFO - Processing file /home/airflow/sandbox/lib/python3.8/site-packages/airflow/example_dags/example_complex.py for tasks to queue
[2022-04-08 12:06:43,545] {logging_mixin.py:104} INFO - [2022-04-08 12:06:43,545] {dagbag.py:487} INFO - Filling up the DagBag from /home/airflow/sandbox/lib/python3.8/site-packages/airflow/example_dags/example_complex.py
[2022-04-08 12:06:43,585] {scheduler_job.py:643} INFO - DAG(s) dict_keys(['example_complex']) retrieved from /home/airflow/sandbox/lib/python3.8/site-packages/airflow/example_dags/example_complex.py
[2022-04-08 12:06:43,623] {logging_mixin.py:104} INFO - [2022-04-08 12:06:43,622] {dag.py:1832} INFO - Sync 1 DAGs
[2022-04-08 12:06:43,647] {logging_mixin.py:104} INFO - [2022-04-08 12:06:43,647] {dag.py:2305} INFO - Setting next_dagrun for example_complex to None
[2022-04-08 12:06:43,688] {scheduler_job.py:190} INFO - Processing /home/airflow/sandbox/lib/python3.8/site-packages/airflow/example_dags/example_complex.py took 0.155 seconds
[2022-04-08 12:07:28,389] {scheduler_job.py:182} INFO - Started process (PID=10756) to work on /home/airflow/sandbox/lib/python3.8/site-packages/airflow/example_dags/example_complex.py
[2022-04-08 12:07:28,391] {scheduler_job.py:633} INFO - Processing file /home/airflow/sandbox/lib/python3.8/site-packages/airflow/example_dags/example_complex.py for tasks to queue
[2022-04-08 12:07:28,393] {logging_mixin.py:104} INFO - [2022-04-08 12:07:28,392] {dagbag.py:487} INFO - Filling up the DagBag from /home/airflow/sandbox/lib/python3.8/site-packages/airflow/example_dags/example_complex.py
[2022-04-08 12:07:28,427] {scheduler_job.py:643} INFO - DAG(s) dict_keys(['example_complex']) retrieved from /home/airflow/sandbox/lib/python3.8/site-packages/airflow/example_dags/example_complex.py
[2022-04-08 12:07:28,461] {logging_mixin.py:104} INFO - [2022-04-08 12:07:28,461] {dag.py:1832} INFO - Sync 1 DAGs
[2022-04-08 12:07:28,483] {logging_mixin.py:104} INFO - [2022-04-08 12:07:28,483] {dag.py:2305} INFO - Setting next_dagrun for example_complex to None
[2022-04-08 12:07:28,522] {scheduler_job.py:190} INFO - Processing /home/airflow/sandbox/lib/python3.8/site-packages/airflow/example_dags/example_complex.py took 0.139 seconds
[2022-04-08 12:08:09,198] {scheduler_job.py:182} INFO - Started process (PID=10791) to work on /home/airflow/sandbox/lib/python3.8/site-packages/airflow/example_dags/example_complex.py
[2022-04-08 12:08:09,201] {scheduler_job.py:633} INFO - Processing file /home/airflow/sandbox/lib/python3.8/site-packages/airflow/example_dags/example_complex.py for tasks to queue
[2022-04-08 12:08:09,203] {logging_mixin.py:104} INFO - [2022-04-08 12:08:09,203] {dagbag.py:487} INFO - Filling up the DagBag from /home/airflow/sandbox/lib/python3.8/site-packages/airflow/example_dags/example_complex.py
[2022-04-08 12:08:09,241] {scheduler_job.py:643} INFO - DAG(s) dict_keys(['example_complex']) retrieved from /home/airflow/sandbox/lib/python3.8/site-packages/airflow/example_dags/example_complex.py
[2022-04-08 12:08:09,299] {logging_mixin.py:104} INFO - [2022-04-08 12:08:09,299] {dag.py:1832} INFO - Sync 1 DAGs
[2022-04-08 12:08:09,332] {logging_mixin.py:104} INFO - [2022-04-08 12:08:09,332] {dag.py:2305} INFO - Setting next_dagrun for example_complex to None
[2022-04-08 12:08:09,379] {scheduler_job.py:190} INFO - Processing /home/airflow/sandbox/lib/python3.8/site-packages/airflow/example_dags/example_complex.py took 0.189 seconds
[2022-04-08 12:08:53,360] {scheduler_job.py:182} INFO - Started process (PID=10829) to work on /home/airflow/sandbox/lib/python3.8/site-packages/airflow/example_dags/example_complex.py
[2022-04-08 12:08:53,363] {scheduler_job.py:633} INFO - Processing file /home/airflow/sandbox/lib/python3.8/site-packages/airflow/example_dags/example_complex.py for tasks to queue
[2022-04-08 12:08:53,365] {logging_mixin.py:104} INFO - [2022-04-08 12:08:53,365] {dagbag.py:487} INFO - Filling up the DagBag from /home/airflow/sandbox/lib/python3.8/site-packages/airflow/example_dags/example_complex.py
[2022-04-08 12:08:53,403] {scheduler_job.py:643} INFO - DAG(s) dict_keys(['example_complex']) retrieved from /home/airflow/sandbox/lib/python3.8/site-packages/airflow/example_dags/example_complex.py
[2022-04-08 12:08:53,443] {logging_mixin.py:104} INFO - [2022-04-08 12:08:53,442] {dag.py:1832} INFO - Sync 1 DAGs
[2022-04-08 12:08:53,465] {logging_mixin.py:104} INFO - [2022-04-08 12:08:53,465] {dag.py:2305} INFO - Setting next_dagrun for example_complex to None
[2022-04-08 12:08:53,508] {scheduler_job.py:190} INFO - Processing /home/airflow/sandbox/lib/python3.8/site-packages/airflow/example_dags/example_complex.py took 0.154 seconds
[2022-04-08 12:09:39,627] {scheduler_job.py:182} INFO - Started process (PID=10868) to work on /home/airflow/sandbox/lib/python3.8/site-packages/airflow/example_dags/example_complex.py
[2022-04-08 12:09:39,629] {scheduler_job.py:633} INFO - Processing file /home/airflow/sandbox/lib/python3.8/site-packages/airflow/example_dags/example_complex.py for tasks to queue
[2022-04-08 12:09:39,630] {logging_mixin.py:104} INFO - [2022-04-08 12:09:39,630] {dagbag.py:487} INFO - Filling up the DagBag from /home/airflow/sandbox/lib/python3.8/site-packages/airflow/example_dags/example_complex.py
[2022-04-08 12:09:39,673] {scheduler_job.py:643} INFO - DAG(s) dict_keys(['example_complex']) retrieved from /home/airflow/sandbox/lib/python3.8/site-packages/airflow/example_dags/example_complex.py
[2022-04-08 12:09:39,711] {logging_mixin.py:104} INFO - [2022-04-08 12:09:39,711] {dag.py:1832} INFO - Sync 1 DAGs
[2022-04-08 12:09:39,736] {logging_mixin.py:104} INFO - [2022-04-08 12:09:39,736] {dag.py:2305} INFO - Setting next_dagrun for example_complex to None
[2022-04-08 12:09:39,769] {scheduler_job.py:190} INFO - Processing /home/airflow/sandbox/lib/python3.8/site-packages/airflow/example_dags/example_complex.py took 0.148 seconds
[2022-04-08 13:36:22,938] {scheduler_job.py:182} INFO - Started process (PID=11143) to work on /home/airflow/sandbox/lib/python3.8/site-packages/airflow/example_dags/example_complex.py
[2022-04-08 13:36:22,943] {scheduler_job.py:633} INFO - Processing file /home/airflow/sandbox/lib/python3.8/site-packages/airflow/example_dags/example_complex.py for tasks to queue
[2022-04-08 13:36:22,946] {logging_mixin.py:104} INFO - [2022-04-08 13:36:22,945] {dagbag.py:487} INFO - Filling up the DagBag from /home/airflow/sandbox/lib/python3.8/site-packages/airflow/example_dags/example_complex.py
[2022-04-08 13:36:22,994] {scheduler_job.py:643} INFO - DAG(s) dict_keys(['example_complex']) retrieved from /home/airflow/sandbox/lib/python3.8/site-packages/airflow/example_dags/example_complex.py
[2022-04-08 13:36:23,046] {logging_mixin.py:104} INFO - [2022-04-08 13:36:23,044] {dag.py:1832} INFO - Sync 1 DAGs
[2022-04-08 13:36:23,191] {logging_mixin.py:104} INFO - [2022-04-08 13:36:23,191] {dag.py:2305} INFO - Setting next_dagrun for example_complex to None
[2022-04-08 13:36:23,222] {scheduler_job.py:190} INFO - Processing /home/airflow/sandbox/lib/python3.8/site-packages/airflow/example_dags/example_complex.py took 0.298 seconds
[2022-04-08 13:37:05,751] {scheduler_job.py:182} INFO - Started process (PID=11222) to work on /home/airflow/sandbox/lib/python3.8/site-packages/airflow/example_dags/example_complex.py
[2022-04-08 13:37:05,753] {scheduler_job.py:633} INFO - Processing file /home/airflow/sandbox/lib/python3.8/site-packages/airflow/example_dags/example_complex.py for tasks to queue
[2022-04-08 13:37:05,754] {logging_mixin.py:104} INFO - [2022-04-08 13:37:05,754] {dagbag.py:487} INFO - Filling up the DagBag from /home/airflow/sandbox/lib/python3.8/site-packages/airflow/example_dags/example_complex.py
[2022-04-08 13:37:05,802] {scheduler_job.py:643} INFO - DAG(s) dict_keys(['example_complex']) retrieved from /home/airflow/sandbox/lib/python3.8/site-packages/airflow/example_dags/example_complex.py
[2022-04-08 13:37:05,847] {logging_mixin.py:104} INFO - [2022-04-08 13:37:05,847] {dag.py:1832} INFO - Sync 1 DAGs
[2022-04-08 13:37:05,974] {logging_mixin.py:104} INFO - [2022-04-08 13:37:05,974] {dag.py:2305} INFO - Setting next_dagrun for example_complex to None
[2022-04-08 13:37:06,002] {scheduler_job.py:190} INFO - Processing /home/airflow/sandbox/lib/python3.8/site-packages/airflow/example_dags/example_complex.py took 0.259 seconds
[2022-04-08 13:37:57,560] {scheduler_job.py:182} INFO - Started process (PID=11263) to work on /home/airflow/sandbox/lib/python3.8/site-packages/airflow/example_dags/example_complex.py
[2022-04-08 13:37:57,562] {scheduler_job.py:633} INFO - Processing file /home/airflow/sandbox/lib/python3.8/site-packages/airflow/example_dags/example_complex.py for tasks to queue
[2022-04-08 13:37:57,563] {logging_mixin.py:104} INFO - [2022-04-08 13:37:57,563] {dagbag.py:487} INFO - Filling up the DagBag from /home/airflow/sandbox/lib/python3.8/site-packages/airflow/example_dags/example_complex.py
[2022-04-08 13:37:57,603] {scheduler_job.py:643} INFO - DAG(s) dict_keys(['example_complex']) retrieved from /home/airflow/sandbox/lib/python3.8/site-packages/airflow/example_dags/example_complex.py
[2022-04-08 13:37:57,735] {logging_mixin.py:104} INFO - [2022-04-08 13:37:57,734] {dag.py:1832} INFO - Sync 1 DAGs
[2022-04-08 13:37:57,760] {logging_mixin.py:104} INFO - [2022-04-08 13:37:57,759] {dag.py:2305} INFO - Setting next_dagrun for example_complex to None
[2022-04-08 13:37:57,794] {scheduler_job.py:190} INFO - Processing /home/airflow/sandbox/lib/python3.8/site-packages/airflow/example_dags/example_complex.py took 0.239 seconds
[2022-04-08 13:38:41,428] {scheduler_job.py:182} INFO - Started process (PID=11298) to work on /home/airflow/sandbox/lib/python3.8/site-packages/airflow/example_dags/example_complex.py
[2022-04-08 13:38:41,430] {scheduler_job.py:633} INFO - Processing file /home/airflow/sandbox/lib/python3.8/site-packages/airflow/example_dags/example_complex.py for tasks to queue
[2022-04-08 13:38:41,431] {logging_mixin.py:104} INFO - [2022-04-08 13:38:41,431] {dagbag.py:487} INFO - Filling up the DagBag from /home/airflow/sandbox/lib/python3.8/site-packages/airflow/example_dags/example_complex.py
[2022-04-08 13:38:41,474] {scheduler_job.py:643} INFO - DAG(s) dict_keys(['example_complex']) retrieved from /home/airflow/sandbox/lib/python3.8/site-packages/airflow/example_dags/example_complex.py
[2022-04-08 13:38:41,617] {logging_mixin.py:104} INFO - [2022-04-08 13:38:41,617] {dag.py:1832} INFO - Sync 1 DAGs
[2022-04-08 13:38:41,636] {logging_mixin.py:104} INFO - [2022-04-08 13:38:41,636] {dag.py:2305} INFO - Setting next_dagrun for example_complex to None
[2022-04-08 13:38:41,676] {scheduler_job.py:190} INFO - Processing /home/airflow/sandbox/lib/python3.8/site-packages/airflow/example_dags/example_complex.py took 0.256 seconds
[2022-04-08 13:39:34,653] {scheduler_job.py:182} INFO - Started process (PID=11339) to work on /home/airflow/sandbox/lib/python3.8/site-packages/airflow/example_dags/example_complex.py
[2022-04-08 13:39:34,657] {scheduler_job.py:633} INFO - Processing file /home/airflow/sandbox/lib/python3.8/site-packages/airflow/example_dags/example_complex.py for tasks to queue
[2022-04-08 13:39:34,658] {logging_mixin.py:104} INFO - [2022-04-08 13:39:34,658] {dagbag.py:487} INFO - Filling up the DagBag from /home/airflow/sandbox/lib/python3.8/site-packages/airflow/example_dags/example_complex.py
[2022-04-08 13:39:34,702] {scheduler_job.py:643} INFO - DAG(s) dict_keys(['example_complex']) retrieved from /home/airflow/sandbox/lib/python3.8/site-packages/airflow/example_dags/example_complex.py
[2022-04-08 13:39:34,826] {logging_mixin.py:104} INFO - [2022-04-08 13:39:34,826] {dag.py:1832} INFO - Sync 1 DAGs
[2022-04-08 13:39:34,843] {logging_mixin.py:104} INFO - [2022-04-08 13:39:34,842] {dag.py:2305} INFO - Setting next_dagrun for example_complex to None
[2022-04-08 13:39:34,887] {scheduler_job.py:190} INFO - Processing /home/airflow/sandbox/lib/python3.8/site-packages/airflow/example_dags/example_complex.py took 0.242 seconds
[2022-04-08 13:40:28,999] {scheduler_job.py:182} INFO - Started process (PID=11381) to work on /home/airflow/sandbox/lib/python3.8/site-packages/airflow/example_dags/example_complex.py
[2022-04-08 13:40:29,001] {scheduler_job.py:633} INFO - Processing file /home/airflow/sandbox/lib/python3.8/site-packages/airflow/example_dags/example_complex.py for tasks to queue
[2022-04-08 13:40:29,002] {logging_mixin.py:104} INFO - [2022-04-08 13:40:29,002] {dagbag.py:487} INFO - Filling up the DagBag from /home/airflow/sandbox/lib/python3.8/site-packages/airflow/example_dags/example_complex.py
[2022-04-08 13:40:29,038] {scheduler_job.py:643} INFO - DAG(s) dict_keys(['example_complex']) retrieved from /home/airflow/sandbox/lib/python3.8/site-packages/airflow/example_dags/example_complex.py
[2022-04-08 13:40:29,160] {logging_mixin.py:104} INFO - [2022-04-08 13:40:29,160] {dag.py:1832} INFO - Sync 1 DAGs
[2022-04-08 13:40:29,176] {logging_mixin.py:104} INFO - [2022-04-08 13:40:29,176] {dag.py:2305} INFO - Setting next_dagrun for example_complex to None
[2022-04-08 13:40:29,205] {scheduler_job.py:190} INFO - Processing /home/airflow/sandbox/lib/python3.8/site-packages/airflow/example_dags/example_complex.py took 0.212 seconds
[2022-04-08 13:46:05,160] {scheduler_job.py:182} INFO - Started process (PID=11841) to work on /home/airflow/sandbox/lib/python3.8/site-packages/airflow/example_dags/example_complex.py
[2022-04-08 13:46:05,163] {scheduler_job.py:633} INFO - Processing file /home/airflow/sandbox/lib/python3.8/site-packages/airflow/example_dags/example_complex.py for tasks to queue
[2022-04-08 13:46:05,164] {logging_mixin.py:104} INFO - [2022-04-08 13:46:05,164] {dagbag.py:487} INFO - Filling up the DagBag from /home/airflow/sandbox/lib/python3.8/site-packages/airflow/example_dags/example_complex.py
[2022-04-08 13:46:05,303] {scheduler_job.py:643} INFO - DAG(s) dict_keys(['example_complex']) retrieved from /home/airflow/sandbox/lib/python3.8/site-packages/airflow/example_dags/example_complex.py
[2022-04-08 13:46:05,333] {logging_mixin.py:104} INFO - [2022-04-08 13:46:05,333] {dag.py:1832} INFO - Sync 1 DAGs
[2022-04-08 13:46:05,349] {logging_mixin.py:104} INFO - [2022-04-08 13:46:05,349] {dag.py:2305} INFO - Setting next_dagrun for example_complex to None
[2022-04-08 13:46:05,389] {scheduler_job.py:190} INFO - Processing /home/airflow/sandbox/lib/python3.8/site-packages/airflow/example_dags/example_complex.py took 0.234 seconds
[2022-04-08 13:46:59,653] {scheduler_job.py:182} INFO - Started process (PID=11883) to work on /home/airflow/sandbox/lib/python3.8/site-packages/airflow/example_dags/example_complex.py
[2022-04-08 13:46:59,666] {scheduler_job.py:633} INFO - Processing file /home/airflow/sandbox/lib/python3.8/site-packages/airflow/example_dags/example_complex.py for tasks to queue
[2022-04-08 13:46:59,667] {logging_mixin.py:104} INFO - [2022-04-08 13:46:59,667] {dagbag.py:487} INFO - Filling up the DagBag from /home/airflow/sandbox/lib/python3.8/site-packages/airflow/example_dags/example_complex.py
[2022-04-08 13:46:59,886] {scheduler_job.py:643} INFO - DAG(s) dict_keys(['example_complex']) retrieved from /home/airflow/sandbox/lib/python3.8/site-packages/airflow/example_dags/example_complex.py
[2022-04-08 13:46:59,931] {logging_mixin.py:104} INFO - [2022-04-08 13:46:59,931] {dag.py:1832} INFO - Sync 1 DAGs
[2022-04-08 13:46:59,988] {logging_mixin.py:104} INFO - [2022-04-08 13:46:59,988] {dag.py:2305} INFO - Setting next_dagrun for example_complex to None
[2022-04-08 13:47:00,054] {scheduler_job.py:190} INFO - Processing /home/airflow/sandbox/lib/python3.8/site-packages/airflow/example_dags/example_complex.py took 0.407 seconds
[2022-04-08 13:47:44,783] {scheduler_job.py:182} INFO - Started process (PID=11916) to work on /home/airflow/sandbox/lib/python3.8/site-packages/airflow/example_dags/example_complex.py
[2022-04-08 13:47:44,786] {scheduler_job.py:633} INFO - Processing file /home/airflow/sandbox/lib/python3.8/site-packages/airflow/example_dags/example_complex.py for tasks to queue
[2022-04-08 13:47:44,787] {logging_mixin.py:104} INFO - [2022-04-08 13:47:44,787] {dagbag.py:487} INFO - Filling up the DagBag from /home/airflow/sandbox/lib/python3.8/site-packages/airflow/example_dags/example_complex.py
[2022-04-08 13:47:44,936] {scheduler_job.py:643} INFO - DAG(s) dict_keys(['example_complex']) retrieved from /home/airflow/sandbox/lib/python3.8/site-packages/airflow/example_dags/example_complex.py
[2022-04-08 13:47:44,973] {logging_mixin.py:104} INFO - [2022-04-08 13:47:44,973] {dag.py:1832} INFO - Sync 1 DAGs
[2022-04-08 13:47:45,000] {logging_mixin.py:104} INFO - [2022-04-08 13:47:45,000] {dag.py:2305} INFO - Setting next_dagrun for example_complex to None
[2022-04-08 13:47:45,038] {scheduler_job.py:190} INFO - Processing /home/airflow/sandbox/lib/python3.8/site-packages/airflow/example_dags/example_complex.py took 0.261 seconds
[2022-04-08 13:48:27,929] {scheduler_job.py:182} INFO - Started process (PID=11951) to work on /home/airflow/sandbox/lib/python3.8/site-packages/airflow/example_dags/example_complex.py
[2022-04-08 13:48:27,932] {scheduler_job.py:633} INFO - Processing file /home/airflow/sandbox/lib/python3.8/site-packages/airflow/example_dags/example_complex.py for tasks to queue
[2022-04-08 13:48:27,934] {logging_mixin.py:104} INFO - [2022-04-08 13:48:27,933] {dagbag.py:487} INFO - Filling up the DagBag from /home/airflow/sandbox/lib/python3.8/site-packages/airflow/example_dags/example_complex.py
[2022-04-08 13:48:28,092] {scheduler_job.py:643} INFO - DAG(s) dict_keys(['example_complex']) retrieved from /home/airflow/sandbox/lib/python3.8/site-packages/airflow/example_dags/example_complex.py
[2022-04-08 13:48:28,124] {logging_mixin.py:104} INFO - [2022-04-08 13:48:28,124] {dag.py:1832} INFO - Sync 1 DAGs
[2022-04-08 13:48:28,141] {logging_mixin.py:104} INFO - [2022-04-08 13:48:28,141] {dag.py:2305} INFO - Setting next_dagrun for example_complex to None
[2022-04-08 13:48:28,183] {scheduler_job.py:190} INFO - Processing /home/airflow/sandbox/lib/python3.8/site-packages/airflow/example_dags/example_complex.py took 0.262 seconds
[2022-04-08 13:49:24,864] {scheduler_job.py:182} INFO - Started process (PID=11994) to work on /home/airflow/sandbox/lib/python3.8/site-packages/airflow/example_dags/example_complex.py
[2022-04-08 13:49:24,866] {scheduler_job.py:633} INFO - Processing file /home/airflow/sandbox/lib/python3.8/site-packages/airflow/example_dags/example_complex.py for tasks to queue
[2022-04-08 13:49:24,867] {logging_mixin.py:104} INFO - [2022-04-08 13:49:24,867] {dagbag.py:487} INFO - Filling up the DagBag from /home/airflow/sandbox/lib/python3.8/site-packages/airflow/example_dags/example_complex.py
[2022-04-08 13:49:25,014] {scheduler_job.py:643} INFO - DAG(s) dict_keys(['example_complex']) retrieved from /home/airflow/sandbox/lib/python3.8/site-packages/airflow/example_dags/example_complex.py
[2022-04-08 13:49:25,055] {logging_mixin.py:104} INFO - [2022-04-08 13:49:25,054] {dag.py:1832} INFO - Sync 1 DAGs
[2022-04-08 13:49:25,075] {logging_mixin.py:104} INFO - [2022-04-08 13:49:25,074] {dag.py:2305} INFO - Setting next_dagrun for example_complex to None
[2022-04-08 13:49:25,130] {scheduler_job.py:190} INFO - Processing /home/airflow/sandbox/lib/python3.8/site-packages/airflow/example_dags/example_complex.py took 0.272 seconds
[2022-04-08 13:50:19,562] {scheduler_job.py:182} INFO - Started process (PID=12038) to work on /home/airflow/sandbox/lib/python3.8/site-packages/airflow/example_dags/example_complex.py
[2022-04-08 13:50:19,564] {scheduler_job.py:633} INFO - Processing file /home/airflow/sandbox/lib/python3.8/site-packages/airflow/example_dags/example_complex.py for tasks to queue
[2022-04-08 13:50:19,566] {logging_mixin.py:104} INFO - [2022-04-08 13:50:19,566] {dagbag.py:487} INFO - Filling up the DagBag from /home/airflow/sandbox/lib/python3.8/site-packages/airflow/example_dags/example_complex.py
[2022-04-08 13:50:19,700] {scheduler_job.py:643} INFO - DAG(s) dict_keys(['example_complex']) retrieved from /home/airflow/sandbox/lib/python3.8/site-packages/airflow/example_dags/example_complex.py
[2022-04-08 13:50:19,732] {logging_mixin.py:104} INFO - [2022-04-08 13:50:19,732] {dag.py:1832} INFO - Sync 1 DAGs
[2022-04-08 13:50:19,750] {logging_mixin.py:104} INFO - [2022-04-08 13:50:19,749] {dag.py:2305} INFO - Setting next_dagrun for example_complex to None
[2022-04-08 13:50:19,784] {scheduler_job.py:190} INFO - Processing /home/airflow/sandbox/lib/python3.8/site-packages/airflow/example_dags/example_complex.py took 0.230 seconds
[2022-04-08 13:51:16,283] {scheduler_job.py:182} INFO - Started process (PID=12126) to work on /home/airflow/sandbox/lib/python3.8/site-packages/airflow/example_dags/example_complex.py
[2022-04-08 13:51:16,286] {scheduler_job.py:633} INFO - Processing file /home/airflow/sandbox/lib/python3.8/site-packages/airflow/example_dags/example_complex.py for tasks to queue
[2022-04-08 13:51:16,288] {logging_mixin.py:104} INFO - [2022-04-08 13:51:16,287] {dagbag.py:487} INFO - Filling up the DagBag from /home/airflow/sandbox/lib/python3.8/site-packages/airflow/example_dags/example_complex.py
[2022-04-08 13:51:16,324] {scheduler_job.py:643} INFO - DAG(s) dict_keys(['example_complex']) retrieved from /home/airflow/sandbox/lib/python3.8/site-packages/airflow/example_dags/example_complex.py
[2022-04-08 13:51:16,363] {logging_mixin.py:104} INFO - [2022-04-08 13:51:16,363] {dag.py:1832} INFO - Sync 1 DAGs
[2022-04-08 13:51:16,386] {logging_mixin.py:104} INFO - [2022-04-08 13:51:16,386] {dag.py:2305} INFO - Setting next_dagrun for example_complex to None
[2022-04-08 13:51:16,426] {scheduler_job.py:190} INFO - Processing /home/airflow/sandbox/lib/python3.8/site-packages/airflow/example_dags/example_complex.py took 0.148 seconds
[2022-04-08 13:52:07,603] {scheduler_job.py:182} INFO - Started process (PID=12167) to work on /home/airflow/sandbox/lib/python3.8/site-packages/airflow/example_dags/example_complex.py
[2022-04-08 13:52:07,605] {scheduler_job.py:633} INFO - Processing file /home/airflow/sandbox/lib/python3.8/site-packages/airflow/example_dags/example_complex.py for tasks to queue
[2022-04-08 13:52:07,607] {logging_mixin.py:104} INFO - [2022-04-08 13:52:07,607] {dagbag.py:487} INFO - Filling up the DagBag from /home/airflow/sandbox/lib/python3.8/site-packages/airflow/example_dags/example_complex.py
[2022-04-08 13:52:07,648] {scheduler_job.py:643} INFO - DAG(s) dict_keys(['example_complex']) retrieved from /home/airflow/sandbox/lib/python3.8/site-packages/airflow/example_dags/example_complex.py
[2022-04-08 13:52:07,691] {logging_mixin.py:104} INFO - [2022-04-08 13:52:07,690] {dag.py:1832} INFO - Sync 1 DAGs
[2022-04-08 13:52:07,718] {logging_mixin.py:104} INFO - [2022-04-08 13:52:07,718] {dag.py:2305} INFO - Setting next_dagrun for example_complex to None
[2022-04-08 13:52:07,765] {scheduler_job.py:190} INFO - Processing /home/airflow/sandbox/lib/python3.8/site-packages/airflow/example_dags/example_complex.py took 0.172 seconds
[2022-04-08 13:52:59,730] {scheduler_job.py:182} INFO - Started process (PID=12208) to work on /home/airflow/sandbox/lib/python3.8/site-packages/airflow/example_dags/example_complex.py
[2022-04-08 13:52:59,736] {scheduler_job.py:633} INFO - Processing file /home/airflow/sandbox/lib/python3.8/site-packages/airflow/example_dags/example_complex.py for tasks to queue
[2022-04-08 13:52:59,737] {logging_mixin.py:104} INFO - [2022-04-08 13:52:59,737] {dagbag.py:487} INFO - Filling up the DagBag from /home/airflow/sandbox/lib/python3.8/site-packages/airflow/example_dags/example_complex.py
[2022-04-08 13:52:59,779] {scheduler_job.py:643} INFO - DAG(s) dict_keys(['example_complex']) retrieved from /home/airflow/sandbox/lib/python3.8/site-packages/airflow/example_dags/example_complex.py
[2022-04-08 13:52:59,846] {logging_mixin.py:104} INFO - [2022-04-08 13:52:59,846] {dag.py:1832} INFO - Sync 1 DAGs
[2022-04-08 13:52:59,871] {logging_mixin.py:104} INFO - [2022-04-08 13:52:59,871] {dag.py:2305} INFO - Setting next_dagrun for example_complex to None
[2022-04-08 13:52:59,919] {scheduler_job.py:190} INFO - Processing /home/airflow/sandbox/lib/python3.8/site-packages/airflow/example_dags/example_complex.py took 0.197 seconds
[2022-04-08 13:53:43,514] {scheduler_job.py:182} INFO - Started process (PID=12241) to work on /home/airflow/sandbox/lib/python3.8/site-packages/airflow/example_dags/example_complex.py
[2022-04-08 13:53:43,518] {scheduler_job.py:633} INFO - Processing file /home/airflow/sandbox/lib/python3.8/site-packages/airflow/example_dags/example_complex.py for tasks to queue
[2022-04-08 13:53:43,519] {logging_mixin.py:104} INFO - [2022-04-08 13:53:43,519] {dagbag.py:487} INFO - Filling up the DagBag from /home/airflow/sandbox/lib/python3.8/site-packages/airflow/example_dags/example_complex.py
[2022-04-08 13:53:43,560] {scheduler_job.py:643} INFO - DAG(s) dict_keys(['example_complex']) retrieved from /home/airflow/sandbox/lib/python3.8/site-packages/airflow/example_dags/example_complex.py
[2022-04-08 13:53:43,615] {logging_mixin.py:104} INFO - [2022-04-08 13:53:43,614] {dag.py:1832} INFO - Sync 1 DAGs
[2022-04-08 13:53:43,644] {logging_mixin.py:104} INFO - [2022-04-08 13:53:43,644] {dag.py:2305} INFO - Setting next_dagrun for example_complex to None
[2022-04-08 13:53:43,703] {scheduler_job.py:190} INFO - Processing /home/airflow/sandbox/lib/python3.8/site-packages/airflow/example_dags/example_complex.py took 0.196 seconds
[2022-04-08 13:54:36,520] {scheduler_job.py:182} INFO - Started process (PID=12284) to work on /home/airflow/sandbox/lib/python3.8/site-packages/airflow/example_dags/example_complex.py
[2022-04-08 13:54:36,522] {scheduler_job.py:633} INFO - Processing file /home/airflow/sandbox/lib/python3.8/site-packages/airflow/example_dags/example_complex.py for tasks to queue
[2022-04-08 13:54:36,523] {logging_mixin.py:104} INFO - [2022-04-08 13:54:36,523] {dagbag.py:487} INFO - Filling up the DagBag from /home/airflow/sandbox/lib/python3.8/site-packages/airflow/example_dags/example_complex.py
[2022-04-08 13:54:36,570] {scheduler_job.py:643} INFO - DAG(s) dict_keys(['example_complex']) retrieved from /home/airflow/sandbox/lib/python3.8/site-packages/airflow/example_dags/example_complex.py
[2022-04-08 13:54:36,634] {logging_mixin.py:104} INFO - [2022-04-08 13:54:36,631] {dag.py:1832} INFO - Sync 1 DAGs
[2022-04-08 13:54:36,659] {logging_mixin.py:104} INFO - [2022-04-08 13:54:36,659] {dag.py:2305} INFO - Setting next_dagrun for example_complex to None
[2022-04-08 13:54:36,718] {scheduler_job.py:190} INFO - Processing /home/airflow/sandbox/lib/python3.8/site-packages/airflow/example_dags/example_complex.py took 0.207 seconds
[2022-04-08 13:55:25,509] {scheduler_job.py:182} INFO - Started process (PID=12328) to work on /home/airflow/sandbox/lib/python3.8/site-packages/airflow/example_dags/example_complex.py
[2022-04-08 13:55:25,514] {scheduler_job.py:633} INFO - Processing file /home/airflow/sandbox/lib/python3.8/site-packages/airflow/example_dags/example_complex.py for tasks to queue
[2022-04-08 13:55:25,515] {logging_mixin.py:104} INFO - [2022-04-08 13:55:25,515] {dagbag.py:487} INFO - Filling up the DagBag from /home/airflow/sandbox/lib/python3.8/site-packages/airflow/example_dags/example_complex.py
[2022-04-08 13:55:25,555] {scheduler_job.py:643} INFO - DAG(s) dict_keys(['example_complex']) retrieved from /home/airflow/sandbox/lib/python3.8/site-packages/airflow/example_dags/example_complex.py
[2022-04-08 13:55:25,607] {logging_mixin.py:104} INFO - [2022-04-08 13:55:25,607] {dag.py:1832} INFO - Sync 1 DAGs
[2022-04-08 13:55:25,641] {logging_mixin.py:104} INFO - [2022-04-08 13:55:25,641] {dag.py:2305} INFO - Setting next_dagrun for example_complex to None
[2022-04-08 13:55:25,687] {scheduler_job.py:190} INFO - Processing /home/airflow/sandbox/lib/python3.8/site-packages/airflow/example_dags/example_complex.py took 0.185 seconds
[2022-04-08 13:56:18,189] {scheduler_job.py:182} INFO - Started process (PID=12414) to work on /home/airflow/sandbox/lib/python3.8/site-packages/airflow/example_dags/example_complex.py
[2022-04-08 13:56:18,191] {scheduler_job.py:633} INFO - Processing file /home/airflow/sandbox/lib/python3.8/site-packages/airflow/example_dags/example_complex.py for tasks to queue
[2022-04-08 13:56:18,193] {logging_mixin.py:104} INFO - [2022-04-08 13:56:18,193] {dagbag.py:487} INFO - Filling up the DagBag from /home/airflow/sandbox/lib/python3.8/site-packages/airflow/example_dags/example_complex.py
[2022-04-08 13:56:18,237] {scheduler_job.py:643} INFO - DAG(s) dict_keys(['example_complex']) retrieved from /home/airflow/sandbox/lib/python3.8/site-packages/airflow/example_dags/example_complex.py
[2022-04-08 13:56:18,276] {logging_mixin.py:104} INFO - [2022-04-08 13:56:18,276] {dag.py:1832} INFO - Sync 1 DAGs
[2022-04-08 13:56:18,303] {logging_mixin.py:104} INFO - [2022-04-08 13:56:18,303] {dag.py:2305} INFO - Setting next_dagrun for example_complex to None
[2022-04-08 13:56:18,353] {scheduler_job.py:190} INFO - Processing /home/airflow/sandbox/lib/python3.8/site-packages/airflow/example_dags/example_complex.py took 0.175 seconds
[2022-04-08 13:57:08,609] {scheduler_job.py:182} INFO - Started process (PID=12455) to work on /home/airflow/sandbox/lib/python3.8/site-packages/airflow/example_dags/example_complex.py
[2022-04-08 13:57:08,612] {scheduler_job.py:633} INFO - Processing file /home/airflow/sandbox/lib/python3.8/site-packages/airflow/example_dags/example_complex.py for tasks to queue
[2022-04-08 13:57:08,614] {logging_mixin.py:104} INFO - [2022-04-08 13:57:08,614] {dagbag.py:487} INFO - Filling up the DagBag from /home/airflow/sandbox/lib/python3.8/site-packages/airflow/example_dags/example_complex.py
[2022-04-08 13:57:08,650] {scheduler_job.py:643} INFO - DAG(s) dict_keys(['example_complex']) retrieved from /home/airflow/sandbox/lib/python3.8/site-packages/airflow/example_dags/example_complex.py
[2022-04-08 13:57:08,695] {logging_mixin.py:104} INFO - [2022-04-08 13:57:08,694] {dag.py:1832} INFO - Sync 1 DAGs
[2022-04-08 13:57:08,719] {logging_mixin.py:104} INFO - [2022-04-08 13:57:08,719] {dag.py:2305} INFO - Setting next_dagrun for example_complex to None
[2022-04-08 13:57:08,760] {scheduler_job.py:190} INFO - Processing /home/airflow/sandbox/lib/python3.8/site-packages/airflow/example_dags/example_complex.py took 0.160 seconds
[2022-04-08 13:58:05,059] {scheduler_job.py:182} INFO - Started process (PID=12498) to work on /home/airflow/sandbox/lib/python3.8/site-packages/airflow/example_dags/example_complex.py
[2022-04-08 13:58:05,064] {scheduler_job.py:633} INFO - Processing file /home/airflow/sandbox/lib/python3.8/site-packages/airflow/example_dags/example_complex.py for tasks to queue
[2022-04-08 13:58:05,066] {logging_mixin.py:104} INFO - [2022-04-08 13:58:05,066] {dagbag.py:487} INFO - Filling up the DagBag from /home/airflow/sandbox/lib/python3.8/site-packages/airflow/example_dags/example_complex.py
[2022-04-08 13:58:05,110] {scheduler_job.py:643} INFO - DAG(s) dict_keys(['example_complex']) retrieved from /home/airflow/sandbox/lib/python3.8/site-packages/airflow/example_dags/example_complex.py
[2022-04-08 13:58:05,154] {logging_mixin.py:104} INFO - [2022-04-08 13:58:05,154] {dag.py:1832} INFO - Sync 1 DAGs
[2022-04-08 13:58:05,178] {logging_mixin.py:104} INFO - [2022-04-08 13:58:05,178] {dag.py:2305} INFO - Setting next_dagrun for example_complex to None
[2022-04-08 13:58:05,230] {scheduler_job.py:190} INFO - Processing /home/airflow/sandbox/lib/python3.8/site-packages/airflow/example_dags/example_complex.py took 0.179 seconds
[2022-04-08 13:58:58,721] {scheduler_job.py:182} INFO - Started process (PID=12540) to work on /home/airflow/sandbox/lib/python3.8/site-packages/airflow/example_dags/example_complex.py
[2022-04-08 13:58:58,725] {scheduler_job.py:633} INFO - Processing file /home/airflow/sandbox/lib/python3.8/site-packages/airflow/example_dags/example_complex.py for tasks to queue
[2022-04-08 13:58:58,727] {logging_mixin.py:104} INFO - [2022-04-08 13:58:58,726] {dagbag.py:487} INFO - Filling up the DagBag from /home/airflow/sandbox/lib/python3.8/site-packages/airflow/example_dags/example_complex.py
[2022-04-08 13:58:58,784] {scheduler_job.py:643} INFO - DAG(s) dict_keys(['example_complex']) retrieved from /home/airflow/sandbox/lib/python3.8/site-packages/airflow/example_dags/example_complex.py
[2022-04-08 13:58:58,831] {logging_mixin.py:104} INFO - [2022-04-08 13:58:58,831] {dag.py:1832} INFO - Sync 1 DAGs
[2022-04-08 13:58:58,852] {logging_mixin.py:104} INFO - [2022-04-08 13:58:58,852] {dag.py:2305} INFO - Setting next_dagrun for example_complex to None
[2022-04-08 13:58:58,901] {scheduler_job.py:190} INFO - Processing /home/airflow/sandbox/lib/python3.8/site-packages/airflow/example_dags/example_complex.py took 0.187 seconds
[2022-04-08 13:59:50,795] {scheduler_job.py:182} INFO - Started process (PID=12579) to work on /home/airflow/sandbox/lib/python3.8/site-packages/airflow/example_dags/example_complex.py
[2022-04-08 13:59:50,800] {scheduler_job.py:633} INFO - Processing file /home/airflow/sandbox/lib/python3.8/site-packages/airflow/example_dags/example_complex.py for tasks to queue
[2022-04-08 13:59:50,804] {logging_mixin.py:104} INFO - [2022-04-08 13:59:50,804] {dagbag.py:487} INFO - Filling up the DagBag from /home/airflow/sandbox/lib/python3.8/site-packages/airflow/example_dags/example_complex.py
[2022-04-08 13:59:50,843] {scheduler_job.py:643} INFO - DAG(s) dict_keys(['example_complex']) retrieved from /home/airflow/sandbox/lib/python3.8/site-packages/airflow/example_dags/example_complex.py
[2022-04-08 13:59:50,892] {logging_mixin.py:104} INFO - [2022-04-08 13:59:50,891] {dag.py:1832} INFO - Sync 1 DAGs
[2022-04-08 13:59:50,919] {logging_mixin.py:104} INFO - [2022-04-08 13:59:50,919] {dag.py:2305} INFO - Setting next_dagrun for example_complex to None
[2022-04-08 13:59:50,956] {scheduler_job.py:190} INFO - Processing /home/airflow/sandbox/lib/python3.8/site-packages/airflow/example_dags/example_complex.py took 0.170 seconds
[2022-04-08 14:00:36,006] {scheduler_job.py:182} INFO - Started process (PID=12615) to work on /home/airflow/sandbox/lib/python3.8/site-packages/airflow/example_dags/example_complex.py
[2022-04-08 14:00:36,008] {scheduler_job.py:633} INFO - Processing file /home/airflow/sandbox/lib/python3.8/site-packages/airflow/example_dags/example_complex.py for tasks to queue
[2022-04-08 14:00:36,009] {logging_mixin.py:104} INFO - [2022-04-08 14:00:36,009] {dagbag.py:487} INFO - Filling up the DagBag from /home/airflow/sandbox/lib/python3.8/site-packages/airflow/example_dags/example_complex.py
[2022-04-08 14:00:36,062] {scheduler_job.py:643} INFO - DAG(s) dict_keys(['example_complex']) retrieved from /home/airflow/sandbox/lib/python3.8/site-packages/airflow/example_dags/example_complex.py
[2022-04-08 14:00:36,118] {logging_mixin.py:104} INFO - [2022-04-08 14:00:36,117] {dag.py:1832} INFO - Sync 1 DAGs
[2022-04-08 14:00:36,152] {logging_mixin.py:104} INFO - [2022-04-08 14:00:36,152] {dag.py:2305} INFO - Setting next_dagrun for example_complex to None
[2022-04-08 14:00:36,196] {scheduler_job.py:190} INFO - Processing /home/airflow/sandbox/lib/python3.8/site-packages/airflow/example_dags/example_complex.py took 0.198 seconds
[2022-04-08 14:01:28,539] {scheduler_job.py:182} INFO - Started process (PID=12699) to work on /home/airflow/sandbox/lib/python3.8/site-packages/airflow/example_dags/example_complex.py
[2022-04-08 14:01:28,543] {scheduler_job.py:633} INFO - Processing file /home/airflow/sandbox/lib/python3.8/site-packages/airflow/example_dags/example_complex.py for tasks to queue
[2022-04-08 14:01:28,545] {logging_mixin.py:104} INFO - [2022-04-08 14:01:28,545] {dagbag.py:487} INFO - Filling up the DagBag from /home/airflow/sandbox/lib/python3.8/site-packages/airflow/example_dags/example_complex.py
[2022-04-08 14:01:28,603] {scheduler_job.py:643} INFO - DAG(s) dict_keys(['example_complex']) retrieved from /home/airflow/sandbox/lib/python3.8/site-packages/airflow/example_dags/example_complex.py
[2022-04-08 14:01:28,660] {logging_mixin.py:104} INFO - [2022-04-08 14:01:28,659] {dag.py:1832} INFO - Sync 1 DAGs
[2022-04-08 14:01:28,686] {logging_mixin.py:104} INFO - [2022-04-08 14:01:28,686] {dag.py:2305} INFO - Setting next_dagrun for example_complex to None
[2022-04-08 14:01:28,737] {scheduler_job.py:190} INFO - Processing /home/airflow/sandbox/lib/python3.8/site-packages/airflow/example_dags/example_complex.py took 0.209 seconds
[2022-04-08 14:02:11,646] {scheduler_job.py:182} INFO - Started process (PID=12733) to work on /home/airflow/sandbox/lib/python3.8/site-packages/airflow/example_dags/example_complex.py
[2022-04-08 14:02:11,650] {scheduler_job.py:633} INFO - Processing file /home/airflow/sandbox/lib/python3.8/site-packages/airflow/example_dags/example_complex.py for tasks to queue
[2022-04-08 14:02:11,651] {logging_mixin.py:104} INFO - [2022-04-08 14:02:11,651] {dagbag.py:487} INFO - Filling up the DagBag from /home/airflow/sandbox/lib/python3.8/site-packages/airflow/example_dags/example_complex.py
[2022-04-08 14:02:11,695] {scheduler_job.py:643} INFO - DAG(s) dict_keys(['example_complex']) retrieved from /home/airflow/sandbox/lib/python3.8/site-packages/airflow/example_dags/example_complex.py
[2022-04-08 14:02:11,751] {logging_mixin.py:104} INFO - [2022-04-08 14:02:11,751] {dag.py:1832} INFO - Sync 1 DAGs
[2022-04-08 14:02:11,779] {logging_mixin.py:104} INFO - [2022-04-08 14:02:11,778] {dag.py:2305} INFO - Setting next_dagrun for example_complex to None
[2022-04-08 14:02:11,834] {scheduler_job.py:190} INFO - Processing /home/airflow/sandbox/lib/python3.8/site-packages/airflow/example_dags/example_complex.py took 0.197 seconds
[2022-04-08 14:03:06,176] {scheduler_job.py:182} INFO - Started process (PID=12777) to work on /home/airflow/sandbox/lib/python3.8/site-packages/airflow/example_dags/example_complex.py
[2022-04-08 14:03:06,179] {scheduler_job.py:633} INFO - Processing file /home/airflow/sandbox/lib/python3.8/site-packages/airflow/example_dags/example_complex.py for tasks to queue
[2022-04-08 14:03:06,180] {logging_mixin.py:104} INFO - [2022-04-08 14:03:06,180] {dagbag.py:487} INFO - Filling up the DagBag from /home/airflow/sandbox/lib/python3.8/site-packages/airflow/example_dags/example_complex.py
[2022-04-08 14:03:06,227] {scheduler_job.py:643} INFO - DAG(s) dict_keys(['example_complex']) retrieved from /home/airflow/sandbox/lib/python3.8/site-packages/airflow/example_dags/example_complex.py
[2022-04-08 14:03:06,274] {logging_mixin.py:104} INFO - [2022-04-08 14:03:06,274] {dag.py:1832} INFO - Sync 1 DAGs
[2022-04-08 14:03:06,302] {logging_mixin.py:104} INFO - [2022-04-08 14:03:06,301] {dag.py:2305} INFO - Setting next_dagrun for example_complex to None
[2022-04-08 14:03:06,355] {scheduler_job.py:190} INFO - Processing /home/airflow/sandbox/lib/python3.8/site-packages/airflow/example_dags/example_complex.py took 0.186 seconds
[2022-04-08 14:03:59,906] {scheduler_job.py:182} INFO - Started process (PID=12818) to work on /home/airflow/sandbox/lib/python3.8/site-packages/airflow/example_dags/example_complex.py
[2022-04-08 14:03:59,908] {scheduler_job.py:633} INFO - Processing file /home/airflow/sandbox/lib/python3.8/site-packages/airflow/example_dags/example_complex.py for tasks to queue
[2022-04-08 14:03:59,910] {logging_mixin.py:104} INFO - [2022-04-08 14:03:59,910] {dagbag.py:487} INFO - Filling up the DagBag from /home/airflow/sandbox/lib/python3.8/site-packages/airflow/example_dags/example_complex.py
[2022-04-08 14:03:59,953] {scheduler_job.py:643} INFO - DAG(s) dict_keys(['example_complex']) retrieved from /home/airflow/sandbox/lib/python3.8/site-packages/airflow/example_dags/example_complex.py
[2022-04-08 14:04:00,002] {logging_mixin.py:104} INFO - [2022-04-08 14:04:00,002] {dag.py:1832} INFO - Sync 1 DAGs
[2022-04-08 14:04:00,032] {logging_mixin.py:104} INFO - [2022-04-08 14:04:00,031] {dag.py:2305} INFO - Setting next_dagrun for example_complex to None
[2022-04-08 14:04:00,076] {scheduler_job.py:190} INFO - Processing /home/airflow/sandbox/lib/python3.8/site-packages/airflow/example_dags/example_complex.py took 0.177 seconds
[2022-04-08 14:04:45,390] {scheduler_job.py:182} INFO - Started process (PID=12854) to work on /home/airflow/sandbox/lib/python3.8/site-packages/airflow/example_dags/example_complex.py
[2022-04-08 14:04:45,405] {scheduler_job.py:633} INFO - Processing file /home/airflow/sandbox/lib/python3.8/site-packages/airflow/example_dags/example_complex.py for tasks to queue
[2022-04-08 14:04:45,407] {logging_mixin.py:104} INFO - [2022-04-08 14:04:45,407] {dagbag.py:487} INFO - Filling up the DagBag from /home/airflow/sandbox/lib/python3.8/site-packages/airflow/example_dags/example_complex.py
[2022-04-08 14:04:45,450] {scheduler_job.py:643} INFO - DAG(s) dict_keys(['example_complex']) retrieved from /home/airflow/sandbox/lib/python3.8/site-packages/airflow/example_dags/example_complex.py
[2022-04-08 14:04:45,511] {logging_mixin.py:104} INFO - [2022-04-08 14:04:45,511] {dag.py:1832} INFO - Sync 1 DAGs
[2022-04-08 14:04:45,561] {logging_mixin.py:104} INFO - [2022-04-08 14:04:45,561] {dag.py:2305} INFO - Setting next_dagrun for example_complex to None
[2022-04-08 14:04:45,620] {scheduler_job.py:190} INFO - Processing /home/airflow/sandbox/lib/python3.8/site-packages/airflow/example_dags/example_complex.py took 0.237 seconds
[2022-04-08 14:05:36,493] {scheduler_job.py:182} INFO - Started process (PID=12898) to work on /home/airflow/sandbox/lib/python3.8/site-packages/airflow/example_dags/example_complex.py
[2022-04-08 14:05:36,497] {scheduler_job.py:633} INFO - Processing file /home/airflow/sandbox/lib/python3.8/site-packages/airflow/example_dags/example_complex.py for tasks to queue
[2022-04-08 14:05:36,498] {logging_mixin.py:104} INFO - [2022-04-08 14:05:36,498] {dagbag.py:487} INFO - Filling up the DagBag from /home/airflow/sandbox/lib/python3.8/site-packages/airflow/example_dags/example_complex.py
[2022-04-08 14:05:36,547] {scheduler_job.py:643} INFO - DAG(s) dict_keys(['example_complex']) retrieved from /home/airflow/sandbox/lib/python3.8/site-packages/airflow/example_dags/example_complex.py
[2022-04-08 14:05:36,601] {logging_mixin.py:104} INFO - [2022-04-08 14:05:36,600] {dag.py:1832} INFO - Sync 1 DAGs
[2022-04-08 14:05:36,638] {logging_mixin.py:104} INFO - [2022-04-08 14:05:36,637] {dag.py:2305} INFO - Setting next_dagrun for example_complex to None
[2022-04-08 14:05:36,691] {scheduler_job.py:190} INFO - Processing /home/airflow/sandbox/lib/python3.8/site-packages/airflow/example_dags/example_complex.py took 0.204 seconds
[2022-04-08 14:06:20,930] {scheduler_job.py:182} INFO - Started process (PID=12976) to work on /home/airflow/sandbox/lib/python3.8/site-packages/airflow/example_dags/example_complex.py
[2022-04-08 14:06:20,934] {scheduler_job.py:633} INFO - Processing file /home/airflow/sandbox/lib/python3.8/site-packages/airflow/example_dags/example_complex.py for tasks to queue
[2022-04-08 14:06:20,939] {logging_mixin.py:104} INFO - [2022-04-08 14:06:20,939] {dagbag.py:487} INFO - Filling up the DagBag from /home/airflow/sandbox/lib/python3.8/site-packages/airflow/example_dags/example_complex.py
[2022-04-08 14:06:21,000] {scheduler_job.py:643} INFO - DAG(s) dict_keys(['example_complex']) retrieved from /home/airflow/sandbox/lib/python3.8/site-packages/airflow/example_dags/example_complex.py
[2022-04-08 14:06:21,089] {logging_mixin.py:104} INFO - [2022-04-08 14:06:21,088] {dag.py:1832} INFO - Sync 1 DAGs
[2022-04-08 14:06:21,123] {logging_mixin.py:104} INFO - [2022-04-08 14:06:21,123] {dag.py:2305} INFO - Setting next_dagrun for example_complex to None
[2022-04-08 14:06:21,168] {scheduler_job.py:190} INFO - Processing /home/airflow/sandbox/lib/python3.8/site-packages/airflow/example_dags/example_complex.py took 0.253 seconds
[2022-04-08 14:07:02,155] {scheduler_job.py:182} INFO - Started process (PID=13010) to work on /home/airflow/sandbox/lib/python3.8/site-packages/airflow/example_dags/example_complex.py
[2022-04-08 14:07:02,158] {scheduler_job.py:633} INFO - Processing file /home/airflow/sandbox/lib/python3.8/site-packages/airflow/example_dags/example_complex.py for tasks to queue
[2022-04-08 14:07:02,160] {logging_mixin.py:104} INFO - [2022-04-08 14:07:02,159] {dagbag.py:487} INFO - Filling up the DagBag from /home/airflow/sandbox/lib/python3.8/site-packages/airflow/example_dags/example_complex.py
[2022-04-08 14:07:02,203] {scheduler_job.py:643} INFO - DAG(s) dict_keys(['example_complex']) retrieved from /home/airflow/sandbox/lib/python3.8/site-packages/airflow/example_dags/example_complex.py
[2022-04-08 14:07:02,246] {logging_mixin.py:104} INFO - [2022-04-08 14:07:02,246] {dag.py:1832} INFO - Sync 1 DAGs
[2022-04-08 14:07:02,269] {logging_mixin.py:104} INFO - [2022-04-08 14:07:02,268] {dag.py:2305} INFO - Setting next_dagrun for example_complex to None
[2022-04-08 14:07:02,317] {scheduler_job.py:190} INFO - Processing /home/airflow/sandbox/lib/python3.8/site-packages/airflow/example_dags/example_complex.py took 0.170 seconds
[2022-04-08 14:07:51,842] {scheduler_job.py:182} INFO - Started process (PID=13048) to work on /home/airflow/sandbox/lib/python3.8/site-packages/airflow/example_dags/example_complex.py
[2022-04-08 14:07:51,847] {scheduler_job.py:633} INFO - Processing file /home/airflow/sandbox/lib/python3.8/site-packages/airflow/example_dags/example_complex.py for tasks to queue
[2022-04-08 14:07:51,848] {logging_mixin.py:104} INFO - [2022-04-08 14:07:51,848] {dagbag.py:487} INFO - Filling up the DagBag from /home/airflow/sandbox/lib/python3.8/site-packages/airflow/example_dags/example_complex.py
[2022-04-08 14:07:51,900] {scheduler_job.py:643} INFO - DAG(s) dict_keys(['example_complex']) retrieved from /home/airflow/sandbox/lib/python3.8/site-packages/airflow/example_dags/example_complex.py
[2022-04-08 14:07:51,945] {logging_mixin.py:104} INFO - [2022-04-08 14:07:51,945] {dag.py:1832} INFO - Sync 1 DAGs
[2022-04-08 14:07:51,970] {logging_mixin.py:104} INFO - [2022-04-08 14:07:51,969] {dag.py:2305} INFO - Setting next_dagrun for example_complex to None
[2022-04-08 14:07:52,014] {scheduler_job.py:190} INFO - Processing /home/airflow/sandbox/lib/python3.8/site-packages/airflow/example_dags/example_complex.py took 0.180 seconds
[2022-04-08 14:08:42,424] {scheduler_job.py:182} INFO - Started process (PID=13090) to work on /home/airflow/sandbox/lib/python3.8/site-packages/airflow/example_dags/example_complex.py
[2022-04-08 14:08:42,426] {scheduler_job.py:633} INFO - Processing file /home/airflow/sandbox/lib/python3.8/site-packages/airflow/example_dags/example_complex.py for tasks to queue
[2022-04-08 14:08:42,428] {logging_mixin.py:104} INFO - [2022-04-08 14:08:42,427] {dagbag.py:487} INFO - Filling up the DagBag from /home/airflow/sandbox/lib/python3.8/site-packages/airflow/example_dags/example_complex.py
[2022-04-08 14:08:42,471] {scheduler_job.py:643} INFO - DAG(s) dict_keys(['example_complex']) retrieved from /home/airflow/sandbox/lib/python3.8/site-packages/airflow/example_dags/example_complex.py
[2022-04-08 14:08:42,509] {logging_mixin.py:104} INFO - [2022-04-08 14:08:42,509] {dag.py:1832} INFO - Sync 1 DAGs
[2022-04-08 14:08:42,533] {logging_mixin.py:104} INFO - [2022-04-08 14:08:42,533] {dag.py:2305} INFO - Setting next_dagrun for example_complex to None
[2022-04-08 14:08:42,570] {scheduler_job.py:190} INFO - Processing /home/airflow/sandbox/lib/python3.8/site-packages/airflow/example_dags/example_complex.py took 0.154 seconds
[2022-04-08 14:09:29,433] {scheduler_job.py:182} INFO - Started process (PID=13129) to work on /home/airflow/sandbox/lib/python3.8/site-packages/airflow/example_dags/example_complex.py
[2022-04-08 14:09:29,437] {scheduler_job.py:633} INFO - Processing file /home/airflow/sandbox/lib/python3.8/site-packages/airflow/example_dags/example_complex.py for tasks to queue
[2022-04-08 14:09:29,439] {logging_mixin.py:104} INFO - [2022-04-08 14:09:29,438] {dagbag.py:487} INFO - Filling up the DagBag from /home/airflow/sandbox/lib/python3.8/site-packages/airflow/example_dags/example_complex.py
[2022-04-08 14:09:29,480] {scheduler_job.py:643} INFO - DAG(s) dict_keys(['example_complex']) retrieved from /home/airflow/sandbox/lib/python3.8/site-packages/airflow/example_dags/example_complex.py
[2022-04-08 14:09:29,535] {logging_mixin.py:104} INFO - [2022-04-08 14:09:29,534] {dag.py:1832} INFO - Sync 1 DAGs
[2022-04-08 14:09:29,586] {logging_mixin.py:104} INFO - [2022-04-08 14:09:29,586] {dag.py:2305} INFO - Setting next_dagrun for example_complex to None
[2022-04-08 14:09:29,623] {scheduler_job.py:190} INFO - Processing /home/airflow/sandbox/lib/python3.8/site-packages/airflow/example_dags/example_complex.py took 0.195 seconds
[2022-04-08 14:10:10,122] {scheduler_job.py:182} INFO - Started process (PID=13165) to work on /home/airflow/sandbox/lib/python3.8/site-packages/airflow/example_dags/example_complex.py
[2022-04-08 14:10:10,124] {scheduler_job.py:633} INFO - Processing file /home/airflow/sandbox/lib/python3.8/site-packages/airflow/example_dags/example_complex.py for tasks to queue
[2022-04-08 14:10:10,125] {logging_mixin.py:104} INFO - [2022-04-08 14:10:10,125] {dagbag.py:487} INFO - Filling up the DagBag from /home/airflow/sandbox/lib/python3.8/site-packages/airflow/example_dags/example_complex.py
[2022-04-08 14:10:10,167] {scheduler_job.py:643} INFO - DAG(s) dict_keys(['example_complex']) retrieved from /home/airflow/sandbox/lib/python3.8/site-packages/airflow/example_dags/example_complex.py
[2022-04-08 14:10:10,209] {logging_mixin.py:104} INFO - [2022-04-08 14:10:10,208] {dag.py:1832} INFO - Sync 1 DAGs
[2022-04-08 14:10:10,245] {logging_mixin.py:104} INFO - [2022-04-08 14:10:10,245] {dag.py:2305} INFO - Setting next_dagrun for example_complex to None
[2022-04-08 14:10:10,291] {scheduler_job.py:190} INFO - Processing /home/airflow/sandbox/lib/python3.8/site-packages/airflow/example_dags/example_complex.py took 0.175 seconds
