[2022-04-08 10:45:08,362] {scheduler_job.py:182} INFO - Started process (PID=3338) to work on /home/airflow/sandbox/lib/python3.8/site-packages/airflow/example_dags/example_dag_decorator.py
[2022-04-08 10:45:08,365] {scheduler_job.py:633} INFO - Processing file /home/airflow/sandbox/lib/python3.8/site-packages/airflow/example_dags/example_dag_decorator.py for tasks to queue
[2022-04-08 10:45:08,367] {logging_mixin.py:104} INFO - [2022-04-08 10:45:08,366] {dagbag.py:487} INFO - Filling up the DagBag from /home/airflow/sandbox/lib/python3.8/site-packages/airflow/example_dags/example_dag_decorator.py
[2022-04-08 10:45:08,413] {scheduler_job.py:643} INFO - DAG(s) dict_keys(['example_dag_decorator']) retrieved from /home/airflow/sandbox/lib/python3.8/site-packages/airflow/example_dags/example_dag_decorator.py
[2022-04-08 10:45:08,925] {logging_mixin.py:104} INFO - [2022-04-08 10:45:08,924] {dag.py:1832} INFO - Sync 1 DAGs
[2022-04-08 10:45:08,948] {logging_mixin.py:104} INFO - [2022-04-08 10:45:08,948] {dag.py:2305} INFO - Setting next_dagrun for example_dag_decorator to None
[2022-04-08 10:45:08,989] {scheduler_job.py:190} INFO - Processing /home/airflow/sandbox/lib/python3.8/site-packages/airflow/example_dags/example_dag_decorator.py took 0.634 seconds
[2022-04-08 10:45:56,892] {scheduler_job.py:182} INFO - Started process (PID=3435) to work on /home/airflow/sandbox/lib/python3.8/site-packages/airflow/example_dags/example_dag_decorator.py
[2022-04-08 10:45:56,894] {scheduler_job.py:633} INFO - Processing file /home/airflow/sandbox/lib/python3.8/site-packages/airflow/example_dags/example_dag_decorator.py for tasks to queue
[2022-04-08 10:45:56,895] {logging_mixin.py:104} INFO - [2022-04-08 10:45:56,895] {dagbag.py:487} INFO - Filling up the DagBag from /home/airflow/sandbox/lib/python3.8/site-packages/airflow/example_dags/example_dag_decorator.py
[2022-04-08 10:45:56,934] {scheduler_job.py:643} INFO - DAG(s) dict_keys(['example_dag_decorator']) retrieved from /home/airflow/sandbox/lib/python3.8/site-packages/airflow/example_dags/example_dag_decorator.py
[2022-04-08 10:45:57,445] {logging_mixin.py:104} INFO - [2022-04-08 10:45:57,445] {dag.py:1832} INFO - Sync 1 DAGs
[2022-04-08 10:45:57,462] {logging_mixin.py:104} INFO - [2022-04-08 10:45:57,462] {dag.py:2305} INFO - Setting next_dagrun for example_dag_decorator to None
[2022-04-08 10:45:57,491] {scheduler_job.py:190} INFO - Processing /home/airflow/sandbox/lib/python3.8/site-packages/airflow/example_dags/example_dag_decorator.py took 0.604 seconds
[2022-04-08 10:46:45,902] {scheduler_job.py:182} INFO - Started process (PID=3518) to work on /home/airflow/sandbox/lib/python3.8/site-packages/airflow/example_dags/example_dag_decorator.py
[2022-04-08 10:46:45,907] {scheduler_job.py:633} INFO - Processing file /home/airflow/sandbox/lib/python3.8/site-packages/airflow/example_dags/example_dag_decorator.py for tasks to queue
[2022-04-08 10:46:45,909] {logging_mixin.py:104} INFO - [2022-04-08 10:46:45,909] {dagbag.py:487} INFO - Filling up the DagBag from /home/airflow/sandbox/lib/python3.8/site-packages/airflow/example_dags/example_dag_decorator.py
[2022-04-08 10:46:45,958] {scheduler_job.py:643} INFO - DAG(s) dict_keys(['example_dag_decorator']) retrieved from /home/airflow/sandbox/lib/python3.8/site-packages/airflow/example_dags/example_dag_decorator.py
[2022-04-08 10:46:46,601] {logging_mixin.py:104} INFO - [2022-04-08 10:46:46,601] {dag.py:1832} INFO - Sync 1 DAGs
[2022-04-08 10:46:46,624] {logging_mixin.py:104} INFO - [2022-04-08 10:46:46,624] {dag.py:2305} INFO - Setting next_dagrun for example_dag_decorator to None
[2022-04-08 10:46:46,674] {scheduler_job.py:190} INFO - Processing /home/airflow/sandbox/lib/python3.8/site-packages/airflow/example_dags/example_dag_decorator.py took 0.779 seconds
[2022-04-08 10:47:28,282] {scheduler_job.py:182} INFO - Started process (PID=3626) to work on /home/airflow/sandbox/lib/python3.8/site-packages/airflow/example_dags/example_dag_decorator.py
[2022-04-08 10:47:28,285] {scheduler_job.py:633} INFO - Processing file /home/airflow/sandbox/lib/python3.8/site-packages/airflow/example_dags/example_dag_decorator.py for tasks to queue
[2022-04-08 10:47:28,286] {logging_mixin.py:104} INFO - [2022-04-08 10:47:28,286] {dagbag.py:487} INFO - Filling up the DagBag from /home/airflow/sandbox/lib/python3.8/site-packages/airflow/example_dags/example_dag_decorator.py
[2022-04-08 10:47:28,320] {scheduler_job.py:643} INFO - DAG(s) dict_keys(['example_dag_decorator']) retrieved from /home/airflow/sandbox/lib/python3.8/site-packages/airflow/example_dags/example_dag_decorator.py
[2022-04-08 10:47:28,841] {logging_mixin.py:104} INFO - [2022-04-08 10:47:28,840] {dag.py:1832} INFO - Sync 1 DAGs
[2022-04-08 10:47:28,856] {logging_mixin.py:104} INFO - [2022-04-08 10:47:28,855] {dag.py:2305} INFO - Setting next_dagrun for example_dag_decorator to None
[2022-04-08 10:47:28,897] {scheduler_job.py:190} INFO - Processing /home/airflow/sandbox/lib/python3.8/site-packages/airflow/example_dags/example_dag_decorator.py took 0.621 seconds
[2022-04-08 10:49:06,494] {scheduler_job.py:182} INFO - Started process (PID=3921) to work on /home/airflow/sandbox/lib/python3.8/site-packages/airflow/example_dags/example_dag_decorator.py
[2022-04-08 10:49:06,496] {scheduler_job.py:633} INFO - Processing file /home/airflow/sandbox/lib/python3.8/site-packages/airflow/example_dags/example_dag_decorator.py for tasks to queue
[2022-04-08 10:49:06,497] {logging_mixin.py:104} INFO - [2022-04-08 10:49:06,497] {dagbag.py:487} INFO - Filling up the DagBag from /home/airflow/sandbox/lib/python3.8/site-packages/airflow/example_dags/example_dag_decorator.py
[2022-04-08 10:49:06,529] {scheduler_job.py:643} INFO - DAG(s) dict_keys(['example_dag_decorator']) retrieved from /home/airflow/sandbox/lib/python3.8/site-packages/airflow/example_dags/example_dag_decorator.py
[2022-04-08 10:49:07,050] {logging_mixin.py:104} INFO - [2022-04-08 10:49:07,050] {dag.py:1832} INFO - Sync 1 DAGs
[2022-04-08 10:49:07,066] {logging_mixin.py:104} INFO - [2022-04-08 10:49:07,066] {dag.py:2305} INFO - Setting next_dagrun for example_dag_decorator to None
[2022-04-08 10:49:07,107] {scheduler_job.py:190} INFO - Processing /home/airflow/sandbox/lib/python3.8/site-packages/airflow/example_dags/example_dag_decorator.py took 0.619 seconds
[2022-04-08 10:49:54,229] {scheduler_job.py:182} INFO - Started process (PID=3959) to work on /home/airflow/sandbox/lib/python3.8/site-packages/airflow/example_dags/example_dag_decorator.py
[2022-04-08 10:49:54,231] {scheduler_job.py:633} INFO - Processing file /home/airflow/sandbox/lib/python3.8/site-packages/airflow/example_dags/example_dag_decorator.py for tasks to queue
[2022-04-08 10:49:54,232] {logging_mixin.py:104} INFO - [2022-04-08 10:49:54,232] {dagbag.py:487} INFO - Filling up the DagBag from /home/airflow/sandbox/lib/python3.8/site-packages/airflow/example_dags/example_dag_decorator.py
[2022-04-08 10:49:54,264] {scheduler_job.py:643} INFO - DAG(s) dict_keys(['example_dag_decorator']) retrieved from /home/airflow/sandbox/lib/python3.8/site-packages/airflow/example_dags/example_dag_decorator.py
[2022-04-08 10:49:54,797] {logging_mixin.py:104} INFO - [2022-04-08 10:49:54,797] {dag.py:1832} INFO - Sync 1 DAGs
[2022-04-08 10:49:54,815] {logging_mixin.py:104} INFO - [2022-04-08 10:49:54,815] {dag.py:2305} INFO - Setting next_dagrun for example_dag_decorator to None
[2022-04-08 10:49:54,859] {scheduler_job.py:190} INFO - Processing /home/airflow/sandbox/lib/python3.8/site-packages/airflow/example_dags/example_dag_decorator.py took 0.635 seconds
[2022-04-08 10:50:38,745] {scheduler_job.py:182} INFO - Started process (PID=3996) to work on /home/airflow/sandbox/lib/python3.8/site-packages/airflow/example_dags/example_dag_decorator.py
[2022-04-08 10:50:38,749] {scheduler_job.py:633} INFO - Processing file /home/airflow/sandbox/lib/python3.8/site-packages/airflow/example_dags/example_dag_decorator.py for tasks to queue
[2022-04-08 10:50:38,751] {logging_mixin.py:104} INFO - [2022-04-08 10:50:38,750] {dagbag.py:487} INFO - Filling up the DagBag from /home/airflow/sandbox/lib/python3.8/site-packages/airflow/example_dags/example_dag_decorator.py
[2022-04-08 10:50:38,784] {scheduler_job.py:643} INFO - DAG(s) dict_keys(['example_dag_decorator']) retrieved from /home/airflow/sandbox/lib/python3.8/site-packages/airflow/example_dags/example_dag_decorator.py
[2022-04-08 10:50:39,330] {logging_mixin.py:104} INFO - [2022-04-08 10:50:39,330] {dag.py:1832} INFO - Sync 1 DAGs
[2022-04-08 10:50:39,350] {logging_mixin.py:104} INFO - [2022-04-08 10:50:39,350] {dag.py:2305} INFO - Setting next_dagrun for example_dag_decorator to None
[2022-04-08 10:50:39,391] {scheduler_job.py:190} INFO - Processing /home/airflow/sandbox/lib/python3.8/site-packages/airflow/example_dags/example_dag_decorator.py took 0.654 seconds
[2022-04-08 10:51:21,331] {scheduler_job.py:182} INFO - Started process (PID=4029) to work on /home/airflow/sandbox/lib/python3.8/site-packages/airflow/example_dags/example_dag_decorator.py
[2022-04-08 10:51:21,335] {scheduler_job.py:633} INFO - Processing file /home/airflow/sandbox/lib/python3.8/site-packages/airflow/example_dags/example_dag_decorator.py for tasks to queue
[2022-04-08 10:51:21,336] {logging_mixin.py:104} INFO - [2022-04-08 10:51:21,336] {dagbag.py:487} INFO - Filling up the DagBag from /home/airflow/sandbox/lib/python3.8/site-packages/airflow/example_dags/example_dag_decorator.py
[2022-04-08 10:51:21,369] {scheduler_job.py:643} INFO - DAG(s) dict_keys(['example_dag_decorator']) retrieved from /home/airflow/sandbox/lib/python3.8/site-packages/airflow/example_dags/example_dag_decorator.py
[2022-04-08 10:51:21,930] {logging_mixin.py:104} INFO - [2022-04-08 10:51:21,930] {dag.py:1832} INFO - Sync 1 DAGs
[2022-04-08 10:51:21,950] {logging_mixin.py:104} INFO - [2022-04-08 10:51:21,950] {dag.py:2305} INFO - Setting next_dagrun for example_dag_decorator to None
[2022-04-08 10:51:21,991] {scheduler_job.py:190} INFO - Processing /home/airflow/sandbox/lib/python3.8/site-packages/airflow/example_dags/example_dag_decorator.py took 0.667 seconds
[2022-04-08 10:52:10,992] {scheduler_job.py:182} INFO - Started process (PID=4068) to work on /home/airflow/sandbox/lib/python3.8/site-packages/airflow/example_dags/example_dag_decorator.py
[2022-04-08 10:52:10,994] {scheduler_job.py:633} INFO - Processing file /home/airflow/sandbox/lib/python3.8/site-packages/airflow/example_dags/example_dag_decorator.py for tasks to queue
[2022-04-08 10:52:10,996] {logging_mixin.py:104} INFO - [2022-04-08 10:52:10,995] {dagbag.py:487} INFO - Filling up the DagBag from /home/airflow/sandbox/lib/python3.8/site-packages/airflow/example_dags/example_dag_decorator.py
[2022-04-08 10:52:11,026] {scheduler_job.py:643} INFO - DAG(s) dict_keys(['example_dag_decorator']) retrieved from /home/airflow/sandbox/lib/python3.8/site-packages/airflow/example_dags/example_dag_decorator.py
[2022-04-08 10:52:11,527] {logging_mixin.py:104} INFO - [2022-04-08 10:52:11,526] {dag.py:1832} INFO - Sync 1 DAGs
[2022-04-08 10:52:11,544] {logging_mixin.py:104} INFO - [2022-04-08 10:52:11,544] {dag.py:2305} INFO - Setting next_dagrun for example_dag_decorator to None
[2022-04-08 10:52:11,584] {scheduler_job.py:190} INFO - Processing /home/airflow/sandbox/lib/python3.8/site-packages/airflow/example_dags/example_dag_decorator.py took 0.598 seconds
[2022-04-08 10:52:53,410] {scheduler_job.py:182} INFO - Started process (PID=4102) to work on /home/airflow/sandbox/lib/python3.8/site-packages/airflow/example_dags/example_dag_decorator.py
[2022-04-08 10:52:53,412] {scheduler_job.py:633} INFO - Processing file /home/airflow/sandbox/lib/python3.8/site-packages/airflow/example_dags/example_dag_decorator.py for tasks to queue
[2022-04-08 10:52:53,413] {logging_mixin.py:104} INFO - [2022-04-08 10:52:53,413] {dagbag.py:487} INFO - Filling up the DagBag from /home/airflow/sandbox/lib/python3.8/site-packages/airflow/example_dags/example_dag_decorator.py
[2022-04-08 10:52:53,448] {scheduler_job.py:643} INFO - DAG(s) dict_keys(['example_dag_decorator']) retrieved from /home/airflow/sandbox/lib/python3.8/site-packages/airflow/example_dags/example_dag_decorator.py
[2022-04-08 10:52:53,967] {logging_mixin.py:104} INFO - [2022-04-08 10:52:53,967] {dag.py:1832} INFO - Sync 1 DAGs
[2022-04-08 10:52:53,986] {logging_mixin.py:104} INFO - [2022-04-08 10:52:53,986] {dag.py:2305} INFO - Setting next_dagrun for example_dag_decorator to None
[2022-04-08 10:52:54,028] {scheduler_job.py:190} INFO - Processing /home/airflow/sandbox/lib/python3.8/site-packages/airflow/example_dags/example_dag_decorator.py took 0.624 seconds
[2022-04-08 10:53:41,801] {scheduler_job.py:182} INFO - Started process (PID=4183) to work on /home/airflow/sandbox/lib/python3.8/site-packages/airflow/example_dags/example_dag_decorator.py
[2022-04-08 10:53:41,803] {scheduler_job.py:633} INFO - Processing file /home/airflow/sandbox/lib/python3.8/site-packages/airflow/example_dags/example_dag_decorator.py for tasks to queue
[2022-04-08 10:53:41,805] {logging_mixin.py:104} INFO - [2022-04-08 10:53:41,805] {dagbag.py:487} INFO - Filling up the DagBag from /home/airflow/sandbox/lib/python3.8/site-packages/airflow/example_dags/example_dag_decorator.py
[2022-04-08 10:53:41,840] {scheduler_job.py:643} INFO - DAG(s) dict_keys(['example_dag_decorator']) retrieved from /home/airflow/sandbox/lib/python3.8/site-packages/airflow/example_dags/example_dag_decorator.py
[2022-04-08 10:53:42,354] {logging_mixin.py:104} INFO - [2022-04-08 10:53:42,354] {dag.py:1832} INFO - Sync 1 DAGs
[2022-04-08 10:53:42,368] {logging_mixin.py:104} INFO - [2022-04-08 10:53:42,368] {dag.py:2305} INFO - Setting next_dagrun for example_dag_decorator to None
[2022-04-08 10:53:42,408] {scheduler_job.py:190} INFO - Processing /home/airflow/sandbox/lib/python3.8/site-packages/airflow/example_dags/example_dag_decorator.py took 0.614 seconds
[2022-04-08 10:54:30,782] {scheduler_job.py:182} INFO - Started process (PID=4222) to work on /home/airflow/sandbox/lib/python3.8/site-packages/airflow/example_dags/example_dag_decorator.py
[2022-04-08 10:54:30,784] {scheduler_job.py:633} INFO - Processing file /home/airflow/sandbox/lib/python3.8/site-packages/airflow/example_dags/example_dag_decorator.py for tasks to queue
[2022-04-08 10:54:30,785] {logging_mixin.py:104} INFO - [2022-04-08 10:54:30,785] {dagbag.py:487} INFO - Filling up the DagBag from /home/airflow/sandbox/lib/python3.8/site-packages/airflow/example_dags/example_dag_decorator.py
[2022-04-08 10:54:30,822] {scheduler_job.py:643} INFO - DAG(s) dict_keys(['example_dag_decorator']) retrieved from /home/airflow/sandbox/lib/python3.8/site-packages/airflow/example_dags/example_dag_decorator.py
[2022-04-08 10:54:31,347] {logging_mixin.py:104} INFO - [2022-04-08 10:54:31,347] {dag.py:1832} INFO - Sync 1 DAGs
[2022-04-08 10:54:31,364] {logging_mixin.py:104} INFO - [2022-04-08 10:54:31,364] {dag.py:2305} INFO - Setting next_dagrun for example_dag_decorator to None
[2022-04-08 10:54:31,390] {scheduler_job.py:190} INFO - Processing /home/airflow/sandbox/lib/python3.8/site-packages/airflow/example_dags/example_dag_decorator.py took 0.614 seconds
[2022-04-08 10:55:16,778] {scheduler_job.py:182} INFO - Started process (PID=4259) to work on /home/airflow/sandbox/lib/python3.8/site-packages/airflow/example_dags/example_dag_decorator.py
[2022-04-08 10:55:16,780] {scheduler_job.py:633} INFO - Processing file /home/airflow/sandbox/lib/python3.8/site-packages/airflow/example_dags/example_dag_decorator.py for tasks to queue
[2022-04-08 10:55:16,782] {logging_mixin.py:104} INFO - [2022-04-08 10:55:16,782] {dagbag.py:487} INFO - Filling up the DagBag from /home/airflow/sandbox/lib/python3.8/site-packages/airflow/example_dags/example_dag_decorator.py
[2022-04-08 10:55:16,821] {scheduler_job.py:643} INFO - DAG(s) dict_keys(['example_dag_decorator']) retrieved from /home/airflow/sandbox/lib/python3.8/site-packages/airflow/example_dags/example_dag_decorator.py
[2022-04-08 10:55:17,337] {logging_mixin.py:104} INFO - [2022-04-08 10:55:17,337] {dag.py:1832} INFO - Sync 1 DAGs
[2022-04-08 10:55:17,351] {logging_mixin.py:104} INFO - [2022-04-08 10:55:17,351] {dag.py:2305} INFO - Setting next_dagrun for example_dag_decorator to None
[2022-04-08 10:55:17,391] {scheduler_job.py:190} INFO - Processing /home/airflow/sandbox/lib/python3.8/site-packages/airflow/example_dags/example_dag_decorator.py took 0.619 seconds
[2022-04-08 10:56:04,938] {scheduler_job.py:182} INFO - Started process (PID=4298) to work on /home/airflow/sandbox/lib/python3.8/site-packages/airflow/example_dags/example_dag_decorator.py
[2022-04-08 10:56:04,942] {scheduler_job.py:633} INFO - Processing file /home/airflow/sandbox/lib/python3.8/site-packages/airflow/example_dags/example_dag_decorator.py for tasks to queue
[2022-04-08 10:56:04,945] {logging_mixin.py:104} INFO - [2022-04-08 10:56:04,944] {dagbag.py:487} INFO - Filling up the DagBag from /home/airflow/sandbox/lib/python3.8/site-packages/airflow/example_dags/example_dag_decorator.py
[2022-04-08 10:56:04,982] {scheduler_job.py:643} INFO - DAG(s) dict_keys(['example_dag_decorator']) retrieved from /home/airflow/sandbox/lib/python3.8/site-packages/airflow/example_dags/example_dag_decorator.py
[2022-04-08 10:56:05,476] {logging_mixin.py:104} INFO - [2022-04-08 10:56:05,475] {dag.py:1832} INFO - Sync 1 DAGs
[2022-04-08 10:56:05,491] {logging_mixin.py:104} INFO - [2022-04-08 10:56:05,491] {dag.py:2305} INFO - Setting next_dagrun for example_dag_decorator to None
[2022-04-08 10:56:05,517] {scheduler_job.py:190} INFO - Processing /home/airflow/sandbox/lib/python3.8/site-packages/airflow/example_dags/example_dag_decorator.py took 0.585 seconds
[2022-04-08 10:56:53,823] {scheduler_job.py:182} INFO - Started process (PID=4338) to work on /home/airflow/sandbox/lib/python3.8/site-packages/airflow/example_dags/example_dag_decorator.py
[2022-04-08 10:56:53,826] {scheduler_job.py:633} INFO - Processing file /home/airflow/sandbox/lib/python3.8/site-packages/airflow/example_dags/example_dag_decorator.py for tasks to queue
[2022-04-08 10:56:53,827] {logging_mixin.py:104} INFO - [2022-04-08 10:56:53,827] {dagbag.py:487} INFO - Filling up the DagBag from /home/airflow/sandbox/lib/python3.8/site-packages/airflow/example_dags/example_dag_decorator.py
[2022-04-08 10:56:53,871] {scheduler_job.py:643} INFO - DAG(s) dict_keys(['example_dag_decorator']) retrieved from /home/airflow/sandbox/lib/python3.8/site-packages/airflow/example_dags/example_dag_decorator.py
[2022-04-08 10:56:54,431] {logging_mixin.py:104} INFO - [2022-04-08 10:56:54,431] {dag.py:1832} INFO - Sync 1 DAGs
[2022-04-08 10:56:54,450] {logging_mixin.py:104} INFO - [2022-04-08 10:56:54,450] {dag.py:2305} INFO - Setting next_dagrun for example_dag_decorator to None
[2022-04-08 10:56:54,478] {scheduler_job.py:190} INFO - Processing /home/airflow/sandbox/lib/python3.8/site-packages/airflow/example_dags/example_dag_decorator.py took 0.660 seconds
[2022-04-08 10:57:36,726] {scheduler_job.py:182} INFO - Started process (PID=4373) to work on /home/airflow/sandbox/lib/python3.8/site-packages/airflow/example_dags/example_dag_decorator.py
[2022-04-08 10:57:36,728] {scheduler_job.py:633} INFO - Processing file /home/airflow/sandbox/lib/python3.8/site-packages/airflow/example_dags/example_dag_decorator.py for tasks to queue
[2022-04-08 10:57:36,730] {logging_mixin.py:104} INFO - [2022-04-08 10:57:36,730] {dagbag.py:487} INFO - Filling up the DagBag from /home/airflow/sandbox/lib/python3.8/site-packages/airflow/example_dags/example_dag_decorator.py
[2022-04-08 10:57:36,770] {scheduler_job.py:643} INFO - DAG(s) dict_keys(['example_dag_decorator']) retrieved from /home/airflow/sandbox/lib/python3.8/site-packages/airflow/example_dags/example_dag_decorator.py
[2022-04-08 10:57:37,322] {logging_mixin.py:104} INFO - [2022-04-08 10:57:37,322] {dag.py:1832} INFO - Sync 1 DAGs
[2022-04-08 10:57:37,339] {logging_mixin.py:104} INFO - [2022-04-08 10:57:37,339] {dag.py:2305} INFO - Setting next_dagrun for example_dag_decorator to None
[2022-04-08 10:57:37,361] {scheduler_job.py:190} INFO - Processing /home/airflow/sandbox/lib/python3.8/site-packages/airflow/example_dags/example_dag_decorator.py took 0.643 seconds
[2022-04-08 10:58:24,528] {scheduler_job.py:182} INFO - Started process (PID=4411) to work on /home/airflow/sandbox/lib/python3.8/site-packages/airflow/example_dags/example_dag_decorator.py
[2022-04-08 10:58:24,530] {scheduler_job.py:633} INFO - Processing file /home/airflow/sandbox/lib/python3.8/site-packages/airflow/example_dags/example_dag_decorator.py for tasks to queue
[2022-04-08 10:58:24,533] {logging_mixin.py:104} INFO - [2022-04-08 10:58:24,533] {dagbag.py:487} INFO - Filling up the DagBag from /home/airflow/sandbox/lib/python3.8/site-packages/airflow/example_dags/example_dag_decorator.py
[2022-04-08 10:58:24,569] {scheduler_job.py:643} INFO - DAG(s) dict_keys(['example_dag_decorator']) retrieved from /home/airflow/sandbox/lib/python3.8/site-packages/airflow/example_dags/example_dag_decorator.py
[2022-04-08 10:58:25,110] {logging_mixin.py:104} INFO - [2022-04-08 10:58:25,110] {dag.py:1832} INFO - Sync 1 DAGs
[2022-04-08 10:58:25,125] {logging_mixin.py:104} INFO - [2022-04-08 10:58:25,125] {dag.py:2305} INFO - Setting next_dagrun for example_dag_decorator to None
[2022-04-08 10:58:25,168] {scheduler_job.py:190} INFO - Processing /home/airflow/sandbox/lib/python3.8/site-packages/airflow/example_dags/example_dag_decorator.py took 0.646 seconds
[2022-04-08 10:59:06,122] {scheduler_job.py:182} INFO - Started process (PID=4487) to work on /home/airflow/sandbox/lib/python3.8/site-packages/airflow/example_dags/example_dag_decorator.py
[2022-04-08 10:59:06,125] {scheduler_job.py:633} INFO - Processing file /home/airflow/sandbox/lib/python3.8/site-packages/airflow/example_dags/example_dag_decorator.py for tasks to queue
[2022-04-08 10:59:06,126] {logging_mixin.py:104} INFO - [2022-04-08 10:59:06,126] {dagbag.py:487} INFO - Filling up the DagBag from /home/airflow/sandbox/lib/python3.8/site-packages/airflow/example_dags/example_dag_decorator.py
[2022-04-08 10:59:06,164] {scheduler_job.py:643} INFO - DAG(s) dict_keys(['example_dag_decorator']) retrieved from /home/airflow/sandbox/lib/python3.8/site-packages/airflow/example_dags/example_dag_decorator.py
[2022-04-08 10:59:06,699] {logging_mixin.py:104} INFO - [2022-04-08 10:59:06,699] {dag.py:1832} INFO - Sync 1 DAGs
[2022-04-08 10:59:06,716] {logging_mixin.py:104} INFO - [2022-04-08 10:59:06,715] {dag.py:2305} INFO - Setting next_dagrun for example_dag_decorator to None
[2022-04-08 10:59:06,741] {scheduler_job.py:190} INFO - Processing /home/airflow/sandbox/lib/python3.8/site-packages/airflow/example_dags/example_dag_decorator.py took 0.627 seconds
[2022-04-08 11:03:47,942] {scheduler_job.py:182} INFO - Started process (PID=4732) to work on /home/airflow/sandbox/lib/python3.8/site-packages/airflow/example_dags/example_dag_decorator.py
[2022-04-08 11:03:47,945] {scheduler_job.py:633} INFO - Processing file /home/airflow/sandbox/lib/python3.8/site-packages/airflow/example_dags/example_dag_decorator.py for tasks to queue
[2022-04-08 11:03:47,946] {logging_mixin.py:104} INFO - [2022-04-08 11:03:47,946] {dagbag.py:487} INFO - Filling up the DagBag from /home/airflow/sandbox/lib/python3.8/site-packages/airflow/example_dags/example_dag_decorator.py
[2022-04-08 11:03:47,982] {scheduler_job.py:643} INFO - DAG(s) dict_keys(['example_dag_decorator']) retrieved from /home/airflow/sandbox/lib/python3.8/site-packages/airflow/example_dags/example_dag_decorator.py
[2022-04-08 11:03:48,508] {logging_mixin.py:104} INFO - [2022-04-08 11:03:48,508] {dag.py:1832} INFO - Sync 1 DAGs
[2022-04-08 11:03:48,524] {logging_mixin.py:104} INFO - [2022-04-08 11:03:48,524] {dag.py:2305} INFO - Setting next_dagrun for example_dag_decorator to None
[2022-04-08 11:03:48,552] {scheduler_job.py:190} INFO - Processing /home/airflow/sandbox/lib/python3.8/site-packages/airflow/example_dags/example_dag_decorator.py took 0.616 seconds
[2022-04-08 11:04:32,189] {scheduler_job.py:182} INFO - Started process (PID=4767) to work on /home/airflow/sandbox/lib/python3.8/site-packages/airflow/example_dags/example_dag_decorator.py
[2022-04-08 11:04:32,191] {scheduler_job.py:633} INFO - Processing file /home/airflow/sandbox/lib/python3.8/site-packages/airflow/example_dags/example_dag_decorator.py for tasks to queue
[2022-04-08 11:04:32,195] {logging_mixin.py:104} INFO - [2022-04-08 11:04:32,194] {dagbag.py:487} INFO - Filling up the DagBag from /home/airflow/sandbox/lib/python3.8/site-packages/airflow/example_dags/example_dag_decorator.py
[2022-04-08 11:04:32,228] {scheduler_job.py:643} INFO - DAG(s) dict_keys(['example_dag_decorator']) retrieved from /home/airflow/sandbox/lib/python3.8/site-packages/airflow/example_dags/example_dag_decorator.py
[2022-04-08 11:04:32,733] {logging_mixin.py:104} INFO - [2022-04-08 11:04:32,732] {dag.py:1832} INFO - Sync 1 DAGs
[2022-04-08 11:04:32,747] {logging_mixin.py:104} INFO - [2022-04-08 11:04:32,747] {dag.py:2305} INFO - Setting next_dagrun for example_dag_decorator to None
[2022-04-08 11:04:32,787] {scheduler_job.py:190} INFO - Processing /home/airflow/sandbox/lib/python3.8/site-packages/airflow/example_dags/example_dag_decorator.py took 0.604 seconds
[2022-04-08 11:05:17,541] {scheduler_job.py:182} INFO - Started process (PID=4803) to work on /home/airflow/sandbox/lib/python3.8/site-packages/airflow/example_dags/example_dag_decorator.py
[2022-04-08 11:05:17,543] {scheduler_job.py:633} INFO - Processing file /home/airflow/sandbox/lib/python3.8/site-packages/airflow/example_dags/example_dag_decorator.py for tasks to queue
[2022-04-08 11:05:17,545] {logging_mixin.py:104} INFO - [2022-04-08 11:05:17,544] {dagbag.py:487} INFO - Filling up the DagBag from /home/airflow/sandbox/lib/python3.8/site-packages/airflow/example_dags/example_dag_decorator.py
[2022-04-08 11:05:17,581] {scheduler_job.py:643} INFO - DAG(s) dict_keys(['example_dag_decorator']) retrieved from /home/airflow/sandbox/lib/python3.8/site-packages/airflow/example_dags/example_dag_decorator.py
[2022-04-08 11:05:18,199] {logging_mixin.py:104} INFO - [2022-04-08 11:05:18,199] {dag.py:1832} INFO - Sync 1 DAGs
[2022-04-08 11:05:18,220] {logging_mixin.py:104} INFO - [2022-04-08 11:05:18,219] {dag.py:2305} INFO - Setting next_dagrun for example_dag_decorator to None
[2022-04-08 11:05:18,261] {scheduler_job.py:190} INFO - Processing /home/airflow/sandbox/lib/python3.8/site-packages/airflow/example_dags/example_dag_decorator.py took 0.726 seconds
[2022-04-08 11:05:59,740] {scheduler_job.py:182} INFO - Started process (PID=4949) to work on /home/airflow/sandbox/lib/python3.8/site-packages/airflow/example_dags/example_dag_decorator.py
[2022-04-08 11:05:59,743] {scheduler_job.py:633} INFO - Processing file /home/airflow/sandbox/lib/python3.8/site-packages/airflow/example_dags/example_dag_decorator.py for tasks to queue
[2022-04-08 11:05:59,745] {logging_mixin.py:104} INFO - [2022-04-08 11:05:59,744] {dagbag.py:487} INFO - Filling up the DagBag from /home/airflow/sandbox/lib/python3.8/site-packages/airflow/example_dags/example_dag_decorator.py
[2022-04-08 11:05:59,780] {scheduler_job.py:643} INFO - DAG(s) dict_keys(['example_dag_decorator']) retrieved from /home/airflow/sandbox/lib/python3.8/site-packages/airflow/example_dags/example_dag_decorator.py
[2022-04-08 11:06:00,444] {logging_mixin.py:104} INFO - [2022-04-08 11:06:00,444] {dag.py:1832} INFO - Sync 1 DAGs
[2022-04-08 11:06:00,462] {logging_mixin.py:104} INFO - [2022-04-08 11:06:00,462] {dag.py:2305} INFO - Setting next_dagrun for example_dag_decorator to None
[2022-04-08 11:06:00,506] {scheduler_job.py:190} INFO - Processing /home/airflow/sandbox/lib/python3.8/site-packages/airflow/example_dags/example_dag_decorator.py took 0.774 seconds
[2022-04-08 11:06:49,800] {scheduler_job.py:182} INFO - Started process (PID=5395) to work on /home/airflow/sandbox/lib/python3.8/site-packages/airflow/example_dags/example_dag_decorator.py
[2022-04-08 11:06:49,803] {scheduler_job.py:633} INFO - Processing file /home/airflow/sandbox/lib/python3.8/site-packages/airflow/example_dags/example_dag_decorator.py for tasks to queue
[2022-04-08 11:06:49,805] {logging_mixin.py:104} INFO - [2022-04-08 11:06:49,804] {dagbag.py:487} INFO - Filling up the DagBag from /home/airflow/sandbox/lib/python3.8/site-packages/airflow/example_dags/example_dag_decorator.py
[2022-04-08 11:06:49,848] {scheduler_job.py:643} INFO - DAG(s) dict_keys(['example_dag_decorator']) retrieved from /home/airflow/sandbox/lib/python3.8/site-packages/airflow/example_dags/example_dag_decorator.py
[2022-04-08 11:06:50,612] {logging_mixin.py:104} INFO - [2022-04-08 11:06:50,612] {dag.py:1832} INFO - Sync 1 DAGs
[2022-04-08 11:06:50,635] {logging_mixin.py:104} INFO - [2022-04-08 11:06:50,634] {dag.py:2305} INFO - Setting next_dagrun for example_dag_decorator to None
[2022-04-08 11:06:50,687] {scheduler_job.py:190} INFO - Processing /home/airflow/sandbox/lib/python3.8/site-packages/airflow/example_dags/example_dag_decorator.py took 0.893 seconds
[2022-04-08 11:07:33,212] {scheduler_job.py:182} INFO - Started process (PID=5667) to work on /home/airflow/sandbox/lib/python3.8/site-packages/airflow/example_dags/example_dag_decorator.py
[2022-04-08 11:07:33,215] {scheduler_job.py:633} INFO - Processing file /home/airflow/sandbox/lib/python3.8/site-packages/airflow/example_dags/example_dag_decorator.py for tasks to queue
[2022-04-08 11:07:33,216] {logging_mixin.py:104} INFO - [2022-04-08 11:07:33,216] {dagbag.py:487} INFO - Filling up the DagBag from /home/airflow/sandbox/lib/python3.8/site-packages/airflow/example_dags/example_dag_decorator.py
[2022-04-08 11:07:33,248] {scheduler_job.py:643} INFO - DAG(s) dict_keys(['example_dag_decorator']) retrieved from /home/airflow/sandbox/lib/python3.8/site-packages/airflow/example_dags/example_dag_decorator.py
[2022-04-08 11:07:33,772] {logging_mixin.py:104} INFO - [2022-04-08 11:07:33,771] {dag.py:1832} INFO - Sync 1 DAGs
[2022-04-08 11:07:33,786] {logging_mixin.py:104} INFO - [2022-04-08 11:07:33,786] {dag.py:2305} INFO - Setting next_dagrun for example_dag_decorator to None
[2022-04-08 11:07:33,824] {scheduler_job.py:190} INFO - Processing /home/airflow/sandbox/lib/python3.8/site-packages/airflow/example_dags/example_dag_decorator.py took 0.617 seconds
[2022-04-08 11:08:21,054] {scheduler_job.py:182} INFO - Started process (PID=5956) to work on /home/airflow/sandbox/lib/python3.8/site-packages/airflow/example_dags/example_dag_decorator.py
[2022-04-08 11:08:21,056] {scheduler_job.py:633} INFO - Processing file /home/airflow/sandbox/lib/python3.8/site-packages/airflow/example_dags/example_dag_decorator.py for tasks to queue
[2022-04-08 11:08:21,058] {logging_mixin.py:104} INFO - [2022-04-08 11:08:21,058] {dagbag.py:487} INFO - Filling up the DagBag from /home/airflow/sandbox/lib/python3.8/site-packages/airflow/example_dags/example_dag_decorator.py
[2022-04-08 11:08:21,097] {scheduler_job.py:643} INFO - DAG(s) dict_keys(['example_dag_decorator']) retrieved from /home/airflow/sandbox/lib/python3.8/site-packages/airflow/example_dags/example_dag_decorator.py
[2022-04-08 11:08:21,692] {logging_mixin.py:104} INFO - [2022-04-08 11:08:21,692] {dag.py:1832} INFO - Sync 1 DAGs
[2022-04-08 11:08:21,707] {logging_mixin.py:104} INFO - [2022-04-08 11:08:21,707] {dag.py:2305} INFO - Setting next_dagrun for example_dag_decorator to None
[2022-04-08 11:08:21,836] {scheduler_job.py:190} INFO - Processing /home/airflow/sandbox/lib/python3.8/site-packages/airflow/example_dags/example_dag_decorator.py took 0.789 seconds
[2022-04-08 11:09:08,063] {scheduler_job.py:182} INFO - Started process (PID=6180) to work on /home/airflow/sandbox/lib/python3.8/site-packages/airflow/example_dags/example_dag_decorator.py
[2022-04-08 11:09:08,066] {scheduler_job.py:633} INFO - Processing file /home/airflow/sandbox/lib/python3.8/site-packages/airflow/example_dags/example_dag_decorator.py for tasks to queue
[2022-04-08 11:09:08,067] {logging_mixin.py:104} INFO - [2022-04-08 11:09:08,067] {dagbag.py:487} INFO - Filling up the DagBag from /home/airflow/sandbox/lib/python3.8/site-packages/airflow/example_dags/example_dag_decorator.py
[2022-04-08 11:09:08,100] {scheduler_job.py:643} INFO - DAG(s) dict_keys(['example_dag_decorator']) retrieved from /home/airflow/sandbox/lib/python3.8/site-packages/airflow/example_dags/example_dag_decorator.py
[2022-04-08 11:09:08,592] {logging_mixin.py:104} INFO - [2022-04-08 11:09:08,592] {dag.py:1832} INFO - Sync 1 DAGs
[2022-04-08 11:09:08,608] {logging_mixin.py:104} INFO - [2022-04-08 11:09:08,608] {dag.py:2305} INFO - Setting next_dagrun for example_dag_decorator to None
[2022-04-08 11:09:08,659] {scheduler_job.py:190} INFO - Processing /home/airflow/sandbox/lib/python3.8/site-packages/airflow/example_dags/example_dag_decorator.py took 0.604 seconds
[2022-04-08 11:09:56,078] {scheduler_job.py:182} INFO - Started process (PID=6218) to work on /home/airflow/sandbox/lib/python3.8/site-packages/airflow/example_dags/example_dag_decorator.py
[2022-04-08 11:09:56,082] {scheduler_job.py:633} INFO - Processing file /home/airflow/sandbox/lib/python3.8/site-packages/airflow/example_dags/example_dag_decorator.py for tasks to queue
[2022-04-08 11:09:56,084] {logging_mixin.py:104} INFO - [2022-04-08 11:09:56,084] {dagbag.py:487} INFO - Filling up the DagBag from /home/airflow/sandbox/lib/python3.8/site-packages/airflow/example_dags/example_dag_decorator.py
[2022-04-08 11:09:56,125] {scheduler_job.py:643} INFO - DAG(s) dict_keys(['example_dag_decorator']) retrieved from /home/airflow/sandbox/lib/python3.8/site-packages/airflow/example_dags/example_dag_decorator.py
[2022-04-08 11:09:56,669] {logging_mixin.py:104} INFO - [2022-04-08 11:09:56,669] {dag.py:1832} INFO - Sync 1 DAGs
[2022-04-08 11:09:56,684] {logging_mixin.py:104} INFO - [2022-04-08 11:09:56,684] {dag.py:2305} INFO - Setting next_dagrun for example_dag_decorator to None
[2022-04-08 11:09:56,718] {scheduler_job.py:190} INFO - Processing /home/airflow/sandbox/lib/python3.8/site-packages/airflow/example_dags/example_dag_decorator.py took 0.647 seconds
[2022-04-08 11:10:46,714] {scheduler_job.py:182} INFO - Started process (PID=6257) to work on /home/airflow/sandbox/lib/python3.8/site-packages/airflow/example_dags/example_dag_decorator.py
[2022-04-08 11:10:46,718] {scheduler_job.py:633} INFO - Processing file /home/airflow/sandbox/lib/python3.8/site-packages/airflow/example_dags/example_dag_decorator.py for tasks to queue
[2022-04-08 11:10:46,719] {logging_mixin.py:104} INFO - [2022-04-08 11:10:46,719] {dagbag.py:487} INFO - Filling up the DagBag from /home/airflow/sandbox/lib/python3.8/site-packages/airflow/example_dags/example_dag_decorator.py
[2022-04-08 11:10:46,746] {scheduler_job.py:643} INFO - DAG(s) dict_keys(['example_dag_decorator']) retrieved from /home/airflow/sandbox/lib/python3.8/site-packages/airflow/example_dags/example_dag_decorator.py
[2022-04-08 11:10:47,249] {logging_mixin.py:104} INFO - [2022-04-08 11:10:47,249] {dag.py:1832} INFO - Sync 1 DAGs
[2022-04-08 11:10:47,266] {logging_mixin.py:104} INFO - [2022-04-08 11:10:47,266] {dag.py:2305} INFO - Setting next_dagrun for example_dag_decorator to None
[2022-04-08 11:10:47,306] {scheduler_job.py:190} INFO - Processing /home/airflow/sandbox/lib/python3.8/site-packages/airflow/example_dags/example_dag_decorator.py took 0.598 seconds
[2022-04-08 11:13:26,052] {scheduler_job.py:182} INFO - Started process (PID=6333) to work on /home/airflow/sandbox/lib/python3.8/site-packages/airflow/example_dags/example_dag_decorator.py
[2022-04-08 11:13:26,054] {scheduler_job.py:633} INFO - Processing file /home/airflow/sandbox/lib/python3.8/site-packages/airflow/example_dags/example_dag_decorator.py for tasks to queue
[2022-04-08 11:13:26,055] {logging_mixin.py:104} INFO - [2022-04-08 11:13:26,055] {dagbag.py:487} INFO - Filling up the DagBag from /home/airflow/sandbox/lib/python3.8/site-packages/airflow/example_dags/example_dag_decorator.py
[2022-04-08 11:13:26,094] {scheduler_job.py:643} INFO - DAG(s) dict_keys(['example_dag_decorator']) retrieved from /home/airflow/sandbox/lib/python3.8/site-packages/airflow/example_dags/example_dag_decorator.py
[2022-04-08 11:13:26,621] {logging_mixin.py:104} INFO - [2022-04-08 11:13:26,621] {dag.py:1832} INFO - Sync 1 DAGs
[2022-04-08 11:13:26,632] {logging_mixin.py:104} INFO - [2022-04-08 11:13:26,632] {dag.py:2305} INFO - Setting next_dagrun for example_dag_decorator to None
[2022-04-08 11:13:26,965] {scheduler_job.py:190} INFO - Processing /home/airflow/sandbox/lib/python3.8/site-packages/airflow/example_dags/example_dag_decorator.py took 0.916 seconds
[2022-04-08 11:14:20,618] {scheduler_job.py:182} INFO - Started process (PID=6632) to work on /home/airflow/sandbox/lib/python3.8/site-packages/airflow/example_dags/example_dag_decorator.py
[2022-04-08 11:14:20,626] {scheduler_job.py:633} INFO - Processing file /home/airflow/sandbox/lib/python3.8/site-packages/airflow/example_dags/example_dag_decorator.py for tasks to queue
[2022-04-08 11:14:20,632] {logging_mixin.py:104} INFO - [2022-04-08 11:14:20,632] {dagbag.py:487} INFO - Filling up the DagBag from /home/airflow/sandbox/lib/python3.8/site-packages/airflow/example_dags/example_dag_decorator.py
[2022-04-08 11:14:20,675] {scheduler_job.py:643} INFO - DAG(s) dict_keys(['example_dag_decorator']) retrieved from /home/airflow/sandbox/lib/python3.8/site-packages/airflow/example_dags/example_dag_decorator.py
[2022-04-08 11:14:21,309] {logging_mixin.py:104} INFO - [2022-04-08 11:14:21,309] {dag.py:1832} INFO - Sync 1 DAGs
[2022-04-08 11:14:21,357] {logging_mixin.py:104} INFO - [2022-04-08 11:14:21,357] {dag.py:2305} INFO - Setting next_dagrun for example_dag_decorator to None
[2022-04-08 11:14:21,449] {scheduler_job.py:190} INFO - Processing /home/airflow/sandbox/lib/python3.8/site-packages/airflow/example_dags/example_dag_decorator.py took 0.836 seconds
[2022-04-08 11:15:17,528] {scheduler_job.py:182} INFO - Started process (PID=9222) to work on /home/airflow/sandbox/lib/python3.8/site-packages/airflow/example_dags/example_dag_decorator.py
[2022-04-08 11:15:17,538] {scheduler_job.py:633} INFO - Processing file /home/airflow/sandbox/lib/python3.8/site-packages/airflow/example_dags/example_dag_decorator.py for tasks to queue
[2022-04-08 11:15:17,539] {logging_mixin.py:104} INFO - [2022-04-08 11:15:17,539] {dagbag.py:487} INFO - Filling up the DagBag from /home/airflow/sandbox/lib/python3.8/site-packages/airflow/example_dags/example_dag_decorator.py
[2022-04-08 11:15:17,572] {scheduler_job.py:643} INFO - DAG(s) dict_keys(['example_dag_decorator']) retrieved from /home/airflow/sandbox/lib/python3.8/site-packages/airflow/example_dags/example_dag_decorator.py
[2022-04-08 11:15:18,734] {logging_mixin.py:104} INFO - [2022-04-08 11:15:18,734] {dag.py:1832} INFO - Sync 1 DAGs
[2022-04-08 11:15:18,783] {logging_mixin.py:104} INFO - [2022-04-08 11:15:18,783] {dag.py:2305} INFO - Setting next_dagrun for example_dag_decorator to None
[2022-04-08 11:15:19,057] {scheduler_job.py:190} INFO - Processing /home/airflow/sandbox/lib/python3.8/site-packages/airflow/example_dags/example_dag_decorator.py took 1.547 seconds
[2022-04-08 11:16:10,192] {scheduler_job.py:182} INFO - Started process (PID=10203) to work on /home/airflow/sandbox/lib/python3.8/site-packages/airflow/example_dags/example_dag_decorator.py
[2022-04-08 11:16:10,194] {scheduler_job.py:633} INFO - Processing file /home/airflow/sandbox/lib/python3.8/site-packages/airflow/example_dags/example_dag_decorator.py for tasks to queue
[2022-04-08 11:16:10,195] {logging_mixin.py:104} INFO - [2022-04-08 11:16:10,195] {dagbag.py:487} INFO - Filling up the DagBag from /home/airflow/sandbox/lib/python3.8/site-packages/airflow/example_dags/example_dag_decorator.py
[2022-04-08 11:16:10,226] {scheduler_job.py:643} INFO - DAG(s) dict_keys(['example_dag_decorator']) retrieved from /home/airflow/sandbox/lib/python3.8/site-packages/airflow/example_dags/example_dag_decorator.py
[2022-04-08 11:16:10,710] {logging_mixin.py:104} INFO - [2022-04-08 11:16:10,709] {dag.py:1832} INFO - Sync 1 DAGs
[2022-04-08 11:16:10,726] {logging_mixin.py:104} INFO - [2022-04-08 11:16:10,725] {dag.py:2305} INFO - Setting next_dagrun for example_dag_decorator to None
[2022-04-08 11:16:10,757] {scheduler_job.py:190} INFO - Processing /home/airflow/sandbox/lib/python3.8/site-packages/airflow/example_dags/example_dag_decorator.py took 0.571 seconds
[2022-04-08 11:16:57,561] {scheduler_job.py:182} INFO - Started process (PID=10242) to work on /home/airflow/sandbox/lib/python3.8/site-packages/airflow/example_dags/example_dag_decorator.py
[2022-04-08 11:16:57,563] {scheduler_job.py:633} INFO - Processing file /home/airflow/sandbox/lib/python3.8/site-packages/airflow/example_dags/example_dag_decorator.py for tasks to queue
[2022-04-08 11:16:57,564] {logging_mixin.py:104} INFO - [2022-04-08 11:16:57,564] {dagbag.py:487} INFO - Filling up the DagBag from /home/airflow/sandbox/lib/python3.8/site-packages/airflow/example_dags/example_dag_decorator.py
[2022-04-08 11:16:57,600] {scheduler_job.py:643} INFO - DAG(s) dict_keys(['example_dag_decorator']) retrieved from /home/airflow/sandbox/lib/python3.8/site-packages/airflow/example_dags/example_dag_decorator.py
[2022-04-08 11:16:58,162] {logging_mixin.py:104} INFO - [2022-04-08 11:16:58,162] {dag.py:1832} INFO - Sync 1 DAGs
[2022-04-08 11:16:58,175] {logging_mixin.py:104} INFO - [2022-04-08 11:16:58,175] {dag.py:2305} INFO - Setting next_dagrun for example_dag_decorator to None
[2022-04-08 11:16:58,214] {scheduler_job.py:190} INFO - Processing /home/airflow/sandbox/lib/python3.8/site-packages/airflow/example_dags/example_dag_decorator.py took 0.660 seconds
[2022-04-08 11:17:42,733] {scheduler_job.py:182} INFO - Started process (PID=10283) to work on /home/airflow/sandbox/lib/python3.8/site-packages/airflow/example_dags/example_dag_decorator.py
[2022-04-08 11:17:42,737] {scheduler_job.py:633} INFO - Processing file /home/airflow/sandbox/lib/python3.8/site-packages/airflow/example_dags/example_dag_decorator.py for tasks to queue
[2022-04-08 11:17:42,739] {logging_mixin.py:104} INFO - [2022-04-08 11:17:42,738] {dagbag.py:487} INFO - Filling up the DagBag from /home/airflow/sandbox/lib/python3.8/site-packages/airflow/example_dags/example_dag_decorator.py
[2022-04-08 11:17:42,776] {scheduler_job.py:643} INFO - DAG(s) dict_keys(['example_dag_decorator']) retrieved from /home/airflow/sandbox/lib/python3.8/site-packages/airflow/example_dags/example_dag_decorator.py
[2022-04-08 11:17:43,379] {logging_mixin.py:104} INFO - [2022-04-08 11:17:43,379] {dag.py:1832} INFO - Sync 1 DAGs
[2022-04-08 11:17:43,391] {logging_mixin.py:104} INFO - [2022-04-08 11:17:43,391] {dag.py:2305} INFO - Setting next_dagrun for example_dag_decorator to None
[2022-04-08 11:17:43,432] {scheduler_job.py:190} INFO - Processing /home/airflow/sandbox/lib/python3.8/site-packages/airflow/example_dags/example_dag_decorator.py took 0.706 seconds
[2022-04-08 11:18:27,549] {scheduler_job.py:182} INFO - Started process (PID=10320) to work on /home/airflow/sandbox/lib/python3.8/site-packages/airflow/example_dags/example_dag_decorator.py
[2022-04-08 11:18:27,551] {scheduler_job.py:633} INFO - Processing file /home/airflow/sandbox/lib/python3.8/site-packages/airflow/example_dags/example_dag_decorator.py for tasks to queue
[2022-04-08 11:18:27,555] {logging_mixin.py:104} INFO - [2022-04-08 11:18:27,554] {dagbag.py:487} INFO - Filling up the DagBag from /home/airflow/sandbox/lib/python3.8/site-packages/airflow/example_dags/example_dag_decorator.py
[2022-04-08 11:18:27,590] {scheduler_job.py:643} INFO - DAG(s) dict_keys(['example_dag_decorator']) retrieved from /home/airflow/sandbox/lib/python3.8/site-packages/airflow/example_dags/example_dag_decorator.py
[2022-04-08 12:05:53,283] {logging_mixin.py:104} INFO - [2022-04-08 12:05:53,283] {dag.py:1832} INFO - Sync 1 DAGs
[2022-04-08 12:05:53,452] {logging_mixin.py:104} INFO - [2022-04-08 12:05:53,452] {dag.py:2305} INFO - Setting next_dagrun for example_dag_decorator to None
[2022-04-08 12:05:53,680] {scheduler_job.py:190} INFO - Processing /home/airflow/sandbox/lib/python3.8/site-packages/airflow/example_dags/example_dag_decorator.py took 2846.136 seconds
[2022-04-08 12:06:53,888] {scheduler_job.py:182} INFO - Started process (PID=10729) to work on /home/airflow/sandbox/lib/python3.8/site-packages/airflow/example_dags/example_dag_decorator.py
[2022-04-08 12:06:53,890] {scheduler_job.py:633} INFO - Processing file /home/airflow/sandbox/lib/python3.8/site-packages/airflow/example_dags/example_dag_decorator.py for tasks to queue
[2022-04-08 12:06:53,892] {logging_mixin.py:104} INFO - [2022-04-08 12:06:53,892] {dagbag.py:487} INFO - Filling up the DagBag from /home/airflow/sandbox/lib/python3.8/site-packages/airflow/example_dags/example_dag_decorator.py
[2022-04-08 12:06:53,925] {scheduler_job.py:643} INFO - DAG(s) dict_keys(['example_dag_decorator']) retrieved from /home/airflow/sandbox/lib/python3.8/site-packages/airflow/example_dags/example_dag_decorator.py
[2022-04-08 12:06:54,461] {logging_mixin.py:104} INFO - [2022-04-08 12:06:54,461] {dag.py:1832} INFO - Sync 1 DAGs
[2022-04-08 12:06:54,475] {logging_mixin.py:104} INFO - [2022-04-08 12:06:54,475] {dag.py:2305} INFO - Setting next_dagrun for example_dag_decorator to None
[2022-04-08 12:06:54,519] {scheduler_job.py:190} INFO - Processing /home/airflow/sandbox/lib/python3.8/site-packages/airflow/example_dags/example_dag_decorator.py took 0.637 seconds
[2022-04-08 12:07:37,854] {scheduler_job.py:182} INFO - Started process (PID=10765) to work on /home/airflow/sandbox/lib/python3.8/site-packages/airflow/example_dags/example_dag_decorator.py
[2022-04-08 12:07:37,856] {scheduler_job.py:633} INFO - Processing file /home/airflow/sandbox/lib/python3.8/site-packages/airflow/example_dags/example_dag_decorator.py for tasks to queue
[2022-04-08 12:07:37,858] {logging_mixin.py:104} INFO - [2022-04-08 12:07:37,857] {dagbag.py:487} INFO - Filling up the DagBag from /home/airflow/sandbox/lib/python3.8/site-packages/airflow/example_dags/example_dag_decorator.py
[2022-04-08 12:07:37,893] {scheduler_job.py:643} INFO - DAG(s) dict_keys(['example_dag_decorator']) retrieved from /home/airflow/sandbox/lib/python3.8/site-packages/airflow/example_dags/example_dag_decorator.py
[2022-04-08 12:07:38,388] {logging_mixin.py:104} INFO - [2022-04-08 12:07:38,388] {dag.py:1832} INFO - Sync 1 DAGs
[2022-04-08 12:07:38,406] {logging_mixin.py:104} INFO - [2022-04-08 12:07:38,405] {dag.py:2305} INFO - Setting next_dagrun for example_dag_decorator to None
[2022-04-08 12:07:38,451] {scheduler_job.py:190} INFO - Processing /home/airflow/sandbox/lib/python3.8/site-packages/airflow/example_dags/example_dag_decorator.py took 0.603 seconds
[2022-04-08 12:08:19,082] {scheduler_job.py:182} INFO - Started process (PID=10799) to work on /home/airflow/sandbox/lib/python3.8/site-packages/airflow/example_dags/example_dag_decorator.py
[2022-04-08 12:08:19,084] {scheduler_job.py:633} INFO - Processing file /home/airflow/sandbox/lib/python3.8/site-packages/airflow/example_dags/example_dag_decorator.py for tasks to queue
[2022-04-08 12:08:19,086] {logging_mixin.py:104} INFO - [2022-04-08 12:08:19,085] {dagbag.py:487} INFO - Filling up the DagBag from /home/airflow/sandbox/lib/python3.8/site-packages/airflow/example_dags/example_dag_decorator.py
[2022-04-08 12:08:19,119] {scheduler_job.py:643} INFO - DAG(s) dict_keys(['example_dag_decorator']) retrieved from /home/airflow/sandbox/lib/python3.8/site-packages/airflow/example_dags/example_dag_decorator.py
[2022-04-08 12:08:19,636] {logging_mixin.py:104} INFO - [2022-04-08 12:08:19,635] {dag.py:1832} INFO - Sync 1 DAGs
[2022-04-08 12:08:19,650] {logging_mixin.py:104} INFO - [2022-04-08 12:08:19,650] {dag.py:2305} INFO - Setting next_dagrun for example_dag_decorator to None
[2022-04-08 12:08:19,689] {scheduler_job.py:190} INFO - Processing /home/airflow/sandbox/lib/python3.8/site-packages/airflow/example_dags/example_dag_decorator.py took 0.613 seconds
[2022-04-08 12:09:01,550] {scheduler_job.py:182} INFO - Started process (PID=10837) to work on /home/airflow/sandbox/lib/python3.8/site-packages/airflow/example_dags/example_dag_decorator.py
[2022-04-08 12:09:01,552] {scheduler_job.py:633} INFO - Processing file /home/airflow/sandbox/lib/python3.8/site-packages/airflow/example_dags/example_dag_decorator.py for tasks to queue
[2022-04-08 12:09:01,554] {logging_mixin.py:104} INFO - [2022-04-08 12:09:01,553] {dagbag.py:487} INFO - Filling up the DagBag from /home/airflow/sandbox/lib/python3.8/site-packages/airflow/example_dags/example_dag_decorator.py
[2022-04-08 12:09:01,586] {scheduler_job.py:643} INFO - DAG(s) dict_keys(['example_dag_decorator']) retrieved from /home/airflow/sandbox/lib/python3.8/site-packages/airflow/example_dags/example_dag_decorator.py
[2022-04-08 12:09:01,613] {logging_mixin.py:104} INFO - [2022-04-08 12:09:01,613] {dag.py:1832} INFO - Sync 1 DAGs
[2022-04-08 12:09:01,635] {logging_mixin.py:104} INFO - [2022-04-08 12:09:01,635] {dag.py:2305} INFO - Setting next_dagrun for example_dag_decorator to None
[2022-04-08 12:09:01,674] {scheduler_job.py:190} INFO - Processing /home/airflow/sandbox/lib/python3.8/site-packages/airflow/example_dags/example_dag_decorator.py took 0.130 seconds
[2022-04-08 12:09:51,116] {scheduler_job.py:182} INFO - Started process (PID=10878) to work on /home/airflow/sandbox/lib/python3.8/site-packages/airflow/example_dags/example_dag_decorator.py
[2022-04-08 12:09:51,118] {scheduler_job.py:633} INFO - Processing file /home/airflow/sandbox/lib/python3.8/site-packages/airflow/example_dags/example_dag_decorator.py for tasks to queue
[2022-04-08 12:09:51,120] {logging_mixin.py:104} INFO - [2022-04-08 12:09:51,120] {dagbag.py:487} INFO - Filling up the DagBag from /home/airflow/sandbox/lib/python3.8/site-packages/airflow/example_dags/example_dag_decorator.py
[2022-04-08 12:09:51,157] {scheduler_job.py:643} INFO - DAG(s) dict_keys(['example_dag_decorator']) retrieved from /home/airflow/sandbox/lib/python3.8/site-packages/airflow/example_dags/example_dag_decorator.py
[2022-04-08 12:09:51,666] {logging_mixin.py:104} INFO - [2022-04-08 12:09:51,666] {dag.py:1832} INFO - Sync 1 DAGs
[2022-04-08 12:09:51,681] {logging_mixin.py:104} INFO - [2022-04-08 12:09:51,681] {dag.py:2305} INFO - Setting next_dagrun for example_dag_decorator to None
[2022-04-08 12:09:51,725] {scheduler_job.py:190} INFO - Processing /home/airflow/sandbox/lib/python3.8/site-packages/airflow/example_dags/example_dag_decorator.py took 0.616 seconds
[2022-04-08 13:36:19,004] {scheduler_job.py:182} INFO - Started process (PID=11125) to work on /home/airflow/sandbox/lib/python3.8/site-packages/airflow/example_dags/example_dag_decorator.py
[2022-04-08 13:36:19,006] {scheduler_job.py:633} INFO - Processing file /home/airflow/sandbox/lib/python3.8/site-packages/airflow/example_dags/example_dag_decorator.py for tasks to queue
[2022-04-08 13:36:19,008] {logging_mixin.py:104} INFO - [2022-04-08 13:36:19,008] {dagbag.py:487} INFO - Filling up the DagBag from /home/airflow/sandbox/lib/python3.8/site-packages/airflow/example_dags/example_dag_decorator.py
[2022-04-08 13:36:19,049] {scheduler_job.py:643} INFO - DAG(s) dict_keys(['example_dag_decorator']) retrieved from /home/airflow/sandbox/lib/python3.8/site-packages/airflow/example_dags/example_dag_decorator.py
[2022-04-08 13:36:19,622] {logging_mixin.py:104} INFO - [2022-04-08 13:36:19,622] {dag.py:1832} INFO - Sync 1 DAGs
[2022-04-08 13:36:19,645] {logging_mixin.py:104} INFO - [2022-04-08 13:36:19,645] {dag.py:2305} INFO - Setting next_dagrun for example_dag_decorator to None
[2022-04-08 13:36:19,688] {scheduler_job.py:190} INFO - Processing /home/airflow/sandbox/lib/python3.8/site-packages/airflow/example_dags/example_dag_decorator.py took 0.691 seconds
[2022-04-08 13:37:01,748] {scheduler_job.py:182} INFO - Started process (PID=11219) to work on /home/airflow/sandbox/lib/python3.8/site-packages/airflow/example_dags/example_dag_decorator.py
[2022-04-08 13:37:01,750] {scheduler_job.py:633} INFO - Processing file /home/airflow/sandbox/lib/python3.8/site-packages/airflow/example_dags/example_dag_decorator.py for tasks to queue
[2022-04-08 13:37:01,752] {logging_mixin.py:104} INFO - [2022-04-08 13:37:01,752] {dagbag.py:487} INFO - Filling up the DagBag from /home/airflow/sandbox/lib/python3.8/site-packages/airflow/example_dags/example_dag_decorator.py
[2022-04-08 13:37:01,792] {scheduler_job.py:643} INFO - DAG(s) dict_keys(['example_dag_decorator']) retrieved from /home/airflow/sandbox/lib/python3.8/site-packages/airflow/example_dags/example_dag_decorator.py
[2022-04-08 13:37:02,389] {logging_mixin.py:104} INFO - [2022-04-08 13:37:02,389] {dag.py:1832} INFO - Sync 1 DAGs
[2022-04-08 13:37:02,424] {logging_mixin.py:104} INFO - [2022-04-08 13:37:02,424] {dag.py:2305} INFO - Setting next_dagrun for example_dag_decorator to None
[2022-04-08 13:37:02,460] {scheduler_job.py:190} INFO - Processing /home/airflow/sandbox/lib/python3.8/site-packages/airflow/example_dags/example_dag_decorator.py took 0.718 seconds
[2022-04-08 13:37:43,689] {scheduler_job.py:182} INFO - Started process (PID=11253) to work on /home/airflow/sandbox/lib/python3.8/site-packages/airflow/example_dags/example_dag_decorator.py
[2022-04-08 13:37:43,693] {scheduler_job.py:633} INFO - Processing file /home/airflow/sandbox/lib/python3.8/site-packages/airflow/example_dags/example_dag_decorator.py for tasks to queue
[2022-04-08 13:37:43,694] {logging_mixin.py:104} INFO - [2022-04-08 13:37:43,694] {dagbag.py:487} INFO - Filling up the DagBag from /home/airflow/sandbox/lib/python3.8/site-packages/airflow/example_dags/example_dag_decorator.py
[2022-04-08 13:37:43,730] {scheduler_job.py:643} INFO - DAG(s) dict_keys(['example_dag_decorator']) retrieved from /home/airflow/sandbox/lib/python3.8/site-packages/airflow/example_dags/example_dag_decorator.py
[2022-04-08 13:37:44,327] {logging_mixin.py:104} INFO - [2022-04-08 13:37:44,326] {dag.py:1832} INFO - Sync 1 DAGs
[2022-04-08 13:37:44,348] {logging_mixin.py:104} INFO - [2022-04-08 13:37:44,348] {dag.py:2305} INFO - Setting next_dagrun for example_dag_decorator to None
[2022-04-08 13:37:44,389] {scheduler_job.py:190} INFO - Processing /home/airflow/sandbox/lib/python3.8/site-packages/airflow/example_dags/example_dag_decorator.py took 0.706 seconds
[2022-04-08 13:38:38,014] {scheduler_job.py:182} INFO - Started process (PID=11295) to work on /home/airflow/sandbox/lib/python3.8/site-packages/airflow/example_dags/example_dag_decorator.py
[2022-04-08 13:38:38,017] {scheduler_job.py:633} INFO - Processing file /home/airflow/sandbox/lib/python3.8/site-packages/airflow/example_dags/example_dag_decorator.py for tasks to queue
[2022-04-08 13:38:38,018] {logging_mixin.py:104} INFO - [2022-04-08 13:38:38,018] {dagbag.py:487} INFO - Filling up the DagBag from /home/airflow/sandbox/lib/python3.8/site-packages/airflow/example_dags/example_dag_decorator.py
[2022-04-08 13:38:38,053] {scheduler_job.py:643} INFO - DAG(s) dict_keys(['example_dag_decorator']) retrieved from /home/airflow/sandbox/lib/python3.8/site-packages/airflow/example_dags/example_dag_decorator.py
[2022-04-08 13:38:38,565] {logging_mixin.py:104} INFO - [2022-04-08 13:38:38,564] {dag.py:1832} INFO - Sync 1 DAGs
[2022-04-08 13:38:38,581] {logging_mixin.py:104} INFO - [2022-04-08 13:38:38,581] {dag.py:2305} INFO - Setting next_dagrun for example_dag_decorator to None
[2022-04-08 13:38:38,620] {scheduler_job.py:190} INFO - Processing /home/airflow/sandbox/lib/python3.8/site-packages/airflow/example_dags/example_dag_decorator.py took 0.613 seconds
[2022-04-08 13:39:30,268] {scheduler_job.py:182} INFO - Started process (PID=11335) to work on /home/airflow/sandbox/lib/python3.8/site-packages/airflow/example_dags/example_dag_decorator.py
[2022-04-08 13:39:30,270] {scheduler_job.py:633} INFO - Processing file /home/airflow/sandbox/lib/python3.8/site-packages/airflow/example_dags/example_dag_decorator.py for tasks to queue
[2022-04-08 13:39:30,272] {logging_mixin.py:104} INFO - [2022-04-08 13:39:30,272] {dagbag.py:487} INFO - Filling up the DagBag from /home/airflow/sandbox/lib/python3.8/site-packages/airflow/example_dags/example_dag_decorator.py
[2022-04-08 13:39:30,304] {scheduler_job.py:643} INFO - DAG(s) dict_keys(['example_dag_decorator']) retrieved from /home/airflow/sandbox/lib/python3.8/site-packages/airflow/example_dags/example_dag_decorator.py
[2022-04-08 13:39:30,853] {logging_mixin.py:104} INFO - [2022-04-08 13:39:30,852] {dag.py:1832} INFO - Sync 1 DAGs
[2022-04-08 13:39:30,879] {logging_mixin.py:104} INFO - [2022-04-08 13:39:30,879] {dag.py:2305} INFO - Setting next_dagrun for example_dag_decorator to None
[2022-04-08 13:39:30,915] {scheduler_job.py:190} INFO - Processing /home/airflow/sandbox/lib/python3.8/site-packages/airflow/example_dags/example_dag_decorator.py took 0.654 seconds
[2022-04-08 13:40:12,470] {scheduler_job.py:182} INFO - Started process (PID=11368) to work on /home/airflow/sandbox/lib/python3.8/site-packages/airflow/example_dags/example_dag_decorator.py
[2022-04-08 13:40:12,473] {scheduler_job.py:633} INFO - Processing file /home/airflow/sandbox/lib/python3.8/site-packages/airflow/example_dags/example_dag_decorator.py for tasks to queue
[2022-04-08 13:40:12,474] {logging_mixin.py:104} INFO - [2022-04-08 13:40:12,474] {dagbag.py:487} INFO - Filling up the DagBag from /home/airflow/sandbox/lib/python3.8/site-packages/airflow/example_dags/example_dag_decorator.py
[2022-04-08 13:40:12,519] {scheduler_job.py:643} INFO - DAG(s) dict_keys(['example_dag_decorator']) retrieved from /home/airflow/sandbox/lib/python3.8/site-packages/airflow/example_dags/example_dag_decorator.py
[2022-04-08 13:40:13,012] {logging_mixin.py:104} INFO - [2022-04-08 13:40:13,012] {dag.py:1832} INFO - Sync 1 DAGs
[2022-04-08 13:40:13,027] {logging_mixin.py:104} INFO - [2022-04-08 13:40:13,027] {dag.py:2305} INFO - Setting next_dagrun for example_dag_decorator to None
[2022-04-08 13:40:13,069] {scheduler_job.py:190} INFO - Processing /home/airflow/sandbox/lib/python3.8/site-packages/airflow/example_dags/example_dag_decorator.py took 0.604 seconds
[2022-04-08 13:46:00,701] {scheduler_job.py:182} INFO - Started process (PID=11807) to work on /home/airflow/sandbox/lib/python3.8/site-packages/airflow/example_dags/example_dag_decorator.py
[2022-04-08 13:46:00,703] {scheduler_job.py:633} INFO - Processing file /home/airflow/sandbox/lib/python3.8/site-packages/airflow/example_dags/example_dag_decorator.py for tasks to queue
[2022-04-08 13:46:00,705] {logging_mixin.py:104} INFO - [2022-04-08 13:46:00,704] {dagbag.py:487} INFO - Filling up the DagBag from /home/airflow/sandbox/lib/python3.8/site-packages/airflow/example_dags/example_dag_decorator.py
[2022-04-08 13:46:00,843] {scheduler_job.py:643} INFO - DAG(s) dict_keys(['example_dag_decorator']) retrieved from /home/airflow/sandbox/lib/python3.8/site-packages/airflow/example_dags/example_dag_decorator.py
[2022-04-08 13:46:01,303] {logging_mixin.py:104} INFO - [2022-04-08 13:46:01,302] {dag.py:1832} INFO - Sync 1 DAGs
[2022-04-08 13:46:01,321] {logging_mixin.py:104} INFO - [2022-04-08 13:46:01,321] {dag.py:2305} INFO - Setting next_dagrun for example_dag_decorator to None
[2022-04-08 13:46:01,362] {scheduler_job.py:190} INFO - Processing /home/airflow/sandbox/lib/python3.8/site-packages/airflow/example_dags/example_dag_decorator.py took 0.667 seconds
[2022-04-08 13:46:42,667] {scheduler_job.py:182} INFO - Started process (PID=11870) to work on /home/airflow/sandbox/lib/python3.8/site-packages/airflow/example_dags/example_dag_decorator.py
[2022-04-08 13:46:42,669] {scheduler_job.py:633} INFO - Processing file /home/airflow/sandbox/lib/python3.8/site-packages/airflow/example_dags/example_dag_decorator.py for tasks to queue
[2022-04-08 13:46:42,671] {logging_mixin.py:104} INFO - [2022-04-08 13:46:42,670] {dagbag.py:487} INFO - Filling up the DagBag from /home/airflow/sandbox/lib/python3.8/site-packages/airflow/example_dags/example_dag_decorator.py
[2022-04-08 13:46:42,821] {scheduler_job.py:643} INFO - DAG(s) dict_keys(['example_dag_decorator']) retrieved from /home/airflow/sandbox/lib/python3.8/site-packages/airflow/example_dags/example_dag_decorator.py
[2022-04-08 13:46:43,234] {logging_mixin.py:104} INFO - [2022-04-08 13:46:43,234] {dag.py:1832} INFO - Sync 1 DAGs
[2022-04-08 13:46:43,249] {logging_mixin.py:104} INFO - [2022-04-08 13:46:43,249] {dag.py:2305} INFO - Setting next_dagrun for example_dag_decorator to None
[2022-04-08 13:46:43,294] {scheduler_job.py:190} INFO - Processing /home/airflow/sandbox/lib/python3.8/site-packages/airflow/example_dags/example_dag_decorator.py took 0.633 seconds
[2022-04-08 13:47:27,955] {scheduler_job.py:182} INFO - Started process (PID=11904) to work on /home/airflow/sandbox/lib/python3.8/site-packages/airflow/example_dags/example_dag_decorator.py
[2022-04-08 13:47:27,957] {scheduler_job.py:633} INFO - Processing file /home/airflow/sandbox/lib/python3.8/site-packages/airflow/example_dags/example_dag_decorator.py for tasks to queue
[2022-04-08 13:47:27,958] {logging_mixin.py:104} INFO - [2022-04-08 13:47:27,958] {dagbag.py:487} INFO - Filling up the DagBag from /home/airflow/sandbox/lib/python3.8/site-packages/airflow/example_dags/example_dag_decorator.py
[2022-04-08 13:47:28,095] {scheduler_job.py:643} INFO - DAG(s) dict_keys(['example_dag_decorator']) retrieved from /home/airflow/sandbox/lib/python3.8/site-packages/airflow/example_dags/example_dag_decorator.py
[2022-04-08 13:47:28,526] {logging_mixin.py:104} INFO - [2022-04-08 13:47:28,526] {dag.py:1832} INFO - Sync 1 DAGs
[2022-04-08 13:47:28,548] {logging_mixin.py:104} INFO - [2022-04-08 13:47:28,547] {dag.py:2305} INFO - Setting next_dagrun for example_dag_decorator to None
[2022-04-08 13:47:28,596] {scheduler_job.py:190} INFO - Processing /home/airflow/sandbox/lib/python3.8/site-packages/airflow/example_dags/example_dag_decorator.py took 0.647 seconds
[2022-04-08 13:48:12,443] {scheduler_job.py:182} INFO - Started process (PID=11939) to work on /home/airflow/sandbox/lib/python3.8/site-packages/airflow/example_dags/example_dag_decorator.py
[2022-04-08 13:48:12,445] {scheduler_job.py:633} INFO - Processing file /home/airflow/sandbox/lib/python3.8/site-packages/airflow/example_dags/example_dag_decorator.py for tasks to queue
[2022-04-08 13:48:12,447] {logging_mixin.py:104} INFO - [2022-04-08 13:48:12,447] {dagbag.py:487} INFO - Filling up the DagBag from /home/airflow/sandbox/lib/python3.8/site-packages/airflow/example_dags/example_dag_decorator.py
[2022-04-08 13:48:12,624] {scheduler_job.py:643} INFO - DAG(s) dict_keys(['example_dag_decorator']) retrieved from /home/airflow/sandbox/lib/python3.8/site-packages/airflow/example_dags/example_dag_decorator.py
[2022-04-08 13:48:13,057] {logging_mixin.py:104} INFO - [2022-04-08 13:48:13,056] {dag.py:1832} INFO - Sync 1 DAGs
[2022-04-08 13:48:13,074] {logging_mixin.py:104} INFO - [2022-04-08 13:48:13,074] {dag.py:2305} INFO - Setting next_dagrun for example_dag_decorator to None
[2022-04-08 13:48:13,100] {scheduler_job.py:190} INFO - Processing /home/airflow/sandbox/lib/python3.8/site-packages/airflow/example_dags/example_dag_decorator.py took 0.664 seconds
[2022-04-08 13:49:07,634] {scheduler_job.py:182} INFO - Started process (PID=11981) to work on /home/airflow/sandbox/lib/python3.8/site-packages/airflow/example_dags/example_dag_decorator.py
[2022-04-08 13:49:07,636] {scheduler_job.py:633} INFO - Processing file /home/airflow/sandbox/lib/python3.8/site-packages/airflow/example_dags/example_dag_decorator.py for tasks to queue
[2022-04-08 13:49:07,637] {logging_mixin.py:104} INFO - [2022-04-08 13:49:07,637] {dagbag.py:487} INFO - Filling up the DagBag from /home/airflow/sandbox/lib/python3.8/site-packages/airflow/example_dags/example_dag_decorator.py
[2022-04-08 13:49:07,791] {scheduler_job.py:643} INFO - DAG(s) dict_keys(['example_dag_decorator']) retrieved from /home/airflow/sandbox/lib/python3.8/site-packages/airflow/example_dags/example_dag_decorator.py
[2022-04-08 13:49:08,333] {logging_mixin.py:104} INFO - [2022-04-08 13:49:08,333] {dag.py:1832} INFO - Sync 1 DAGs
[2022-04-08 13:49:08,351] {logging_mixin.py:104} INFO - [2022-04-08 13:49:08,351] {dag.py:2305} INFO - Setting next_dagrun for example_dag_decorator to None
[2022-04-08 13:49:08,399] {scheduler_job.py:190} INFO - Processing /home/airflow/sandbox/lib/python3.8/site-packages/airflow/example_dags/example_dag_decorator.py took 0.777 seconds
[2022-04-08 13:49:51,104] {scheduler_job.py:182} INFO - Started process (PID=12014) to work on /home/airflow/sandbox/lib/python3.8/site-packages/airflow/example_dags/example_dag_decorator.py
[2022-04-08 13:49:51,106] {scheduler_job.py:633} INFO - Processing file /home/airflow/sandbox/lib/python3.8/site-packages/airflow/example_dags/example_dag_decorator.py for tasks to queue
[2022-04-08 13:49:51,108] {logging_mixin.py:104} INFO - [2022-04-08 13:49:51,108] {dagbag.py:487} INFO - Filling up the DagBag from /home/airflow/sandbox/lib/python3.8/site-packages/airflow/example_dags/example_dag_decorator.py
[2022-04-08 13:49:51,254] {scheduler_job.py:643} INFO - DAG(s) dict_keys(['example_dag_decorator']) retrieved from /home/airflow/sandbox/lib/python3.8/site-packages/airflow/example_dags/example_dag_decorator.py
[2022-04-08 13:49:51,693] {logging_mixin.py:104} INFO - [2022-04-08 13:49:51,693] {dag.py:1832} INFO - Sync 1 DAGs
[2022-04-08 13:49:51,707] {logging_mixin.py:104} INFO - [2022-04-08 13:49:51,706] {dag.py:2305} INFO - Setting next_dagrun for example_dag_decorator to None
[2022-04-08 13:49:51,743] {scheduler_job.py:190} INFO - Processing /home/airflow/sandbox/lib/python3.8/site-packages/airflow/example_dags/example_dag_decorator.py took 0.646 seconds
[2022-04-08 13:50:45,574] {scheduler_job.py:182} INFO - Started process (PID=12101) to work on /home/airflow/sandbox/lib/python3.8/site-packages/airflow/example_dags/example_dag_decorator.py
[2022-04-08 13:50:45,576] {scheduler_job.py:633} INFO - Processing file /home/airflow/sandbox/lib/python3.8/site-packages/airflow/example_dags/example_dag_decorator.py for tasks to queue
[2022-04-08 13:50:45,577] {logging_mixin.py:104} INFO - [2022-04-08 13:50:45,577] {dagbag.py:487} INFO - Filling up the DagBag from /home/airflow/sandbox/lib/python3.8/site-packages/airflow/example_dags/example_dag_decorator.py
[2022-04-08 13:50:45,624] {scheduler_job.py:643} INFO - DAG(s) dict_keys(['example_dag_decorator']) retrieved from /home/airflow/sandbox/lib/python3.8/site-packages/airflow/example_dags/example_dag_decorator.py
[2022-04-08 13:50:46,080] {logging_mixin.py:104} INFO - [2022-04-08 13:50:46,080] {dag.py:1832} INFO - Sync 1 DAGs
[2022-04-08 13:50:46,097] {logging_mixin.py:104} INFO - [2022-04-08 13:50:46,097] {dag.py:2305} INFO - Setting next_dagrun for example_dag_decorator to None
[2022-04-08 13:50:46,137] {scheduler_job.py:190} INFO - Processing /home/airflow/sandbox/lib/python3.8/site-packages/airflow/example_dags/example_dag_decorator.py took 0.571 seconds
[2022-04-08 13:51:28,501] {scheduler_job.py:182} INFO - Started process (PID=12136) to work on /home/airflow/sandbox/lib/python3.8/site-packages/airflow/example_dags/example_dag_decorator.py
[2022-04-08 13:51:28,503] {scheduler_job.py:633} INFO - Processing file /home/airflow/sandbox/lib/python3.8/site-packages/airflow/example_dags/example_dag_decorator.py for tasks to queue
[2022-04-08 13:51:28,505] {logging_mixin.py:104} INFO - [2022-04-08 13:51:28,505] {dagbag.py:487} INFO - Filling up the DagBag from /home/airflow/sandbox/lib/python3.8/site-packages/airflow/example_dags/example_dag_decorator.py
[2022-04-08 13:51:28,550] {scheduler_job.py:643} INFO - DAG(s) dict_keys(['example_dag_decorator']) retrieved from /home/airflow/sandbox/lib/python3.8/site-packages/airflow/example_dags/example_dag_decorator.py
[2022-04-08 13:51:29,085] {logging_mixin.py:104} INFO - [2022-04-08 13:51:29,084] {dag.py:1832} INFO - Sync 1 DAGs
[2022-04-08 13:51:29,104] {logging_mixin.py:104} INFO - [2022-04-08 13:51:29,104] {dag.py:2305} INFO - Setting next_dagrun for example_dag_decorator to None
[2022-04-08 13:51:29,149] {scheduler_job.py:190} INFO - Processing /home/airflow/sandbox/lib/python3.8/site-packages/airflow/example_dags/example_dag_decorator.py took 0.655 seconds
[2022-04-08 13:52:19,393] {scheduler_job.py:182} INFO - Started process (PID=12177) to work on /home/airflow/sandbox/lib/python3.8/site-packages/airflow/example_dags/example_dag_decorator.py
[2022-04-08 13:52:19,395] {scheduler_job.py:633} INFO - Processing file /home/airflow/sandbox/lib/python3.8/site-packages/airflow/example_dags/example_dag_decorator.py for tasks to queue
[2022-04-08 13:52:19,397] {logging_mixin.py:104} INFO - [2022-04-08 13:52:19,396] {dagbag.py:487} INFO - Filling up the DagBag from /home/airflow/sandbox/lib/python3.8/site-packages/airflow/example_dags/example_dag_decorator.py
[2022-04-08 13:52:19,442] {scheduler_job.py:643} INFO - DAG(s) dict_keys(['example_dag_decorator']) retrieved from /home/airflow/sandbox/lib/python3.8/site-packages/airflow/example_dags/example_dag_decorator.py
[2022-04-08 13:52:20,021] {logging_mixin.py:104} INFO - [2022-04-08 13:52:20,021] {dag.py:1832} INFO - Sync 1 DAGs
[2022-04-08 13:52:20,058] {logging_mixin.py:104} INFO - [2022-04-08 13:52:20,057] {dag.py:2305} INFO - Setting next_dagrun for example_dag_decorator to None
[2022-04-08 13:52:20,108] {scheduler_job.py:190} INFO - Processing /home/airflow/sandbox/lib/python3.8/site-packages/airflow/example_dags/example_dag_decorator.py took 0.725 seconds
[2022-04-08 13:53:12,974] {scheduler_job.py:182} INFO - Started process (PID=12218) to work on /home/airflow/sandbox/lib/python3.8/site-packages/airflow/example_dags/example_dag_decorator.py
[2022-04-08 13:53:12,977] {scheduler_job.py:633} INFO - Processing file /home/airflow/sandbox/lib/python3.8/site-packages/airflow/example_dags/example_dag_decorator.py for tasks to queue
[2022-04-08 13:53:12,979] {logging_mixin.py:104} INFO - [2022-04-08 13:53:12,978] {dagbag.py:487} INFO - Filling up the DagBag from /home/airflow/sandbox/lib/python3.8/site-packages/airflow/example_dags/example_dag_decorator.py
[2022-04-08 13:53:13,022] {scheduler_job.py:643} INFO - DAG(s) dict_keys(['example_dag_decorator']) retrieved from /home/airflow/sandbox/lib/python3.8/site-packages/airflow/example_dags/example_dag_decorator.py
[2022-04-08 13:53:13,516] {logging_mixin.py:104} INFO - [2022-04-08 13:53:13,516] {dag.py:1832} INFO - Sync 1 DAGs
[2022-04-08 13:53:13,538] {logging_mixin.py:104} INFO - [2022-04-08 13:53:13,538] {dag.py:2305} INFO - Setting next_dagrun for example_dag_decorator to None
[2022-04-08 13:53:13,596] {scheduler_job.py:190} INFO - Processing /home/airflow/sandbox/lib/python3.8/site-packages/airflow/example_dags/example_dag_decorator.py took 0.630 seconds
[2022-04-08 13:53:55,945] {scheduler_job.py:182} INFO - Started process (PID=12252) to work on /home/airflow/sandbox/lib/python3.8/site-packages/airflow/example_dags/example_dag_decorator.py
[2022-04-08 13:53:55,948] {scheduler_job.py:633} INFO - Processing file /home/airflow/sandbox/lib/python3.8/site-packages/airflow/example_dags/example_dag_decorator.py for tasks to queue
[2022-04-08 13:53:55,950] {logging_mixin.py:104} INFO - [2022-04-08 13:53:55,950] {dagbag.py:487} INFO - Filling up the DagBag from /home/airflow/sandbox/lib/python3.8/site-packages/airflow/example_dags/example_dag_decorator.py
[2022-04-08 13:53:55,991] {scheduler_job.py:643} INFO - DAG(s) dict_keys(['example_dag_decorator']) retrieved from /home/airflow/sandbox/lib/python3.8/site-packages/airflow/example_dags/example_dag_decorator.py
[2022-04-08 13:53:56,536] {logging_mixin.py:104} INFO - [2022-04-08 13:53:56,536] {dag.py:1832} INFO - Sync 1 DAGs
[2022-04-08 13:53:56,573] {logging_mixin.py:104} INFO - [2022-04-08 13:53:56,573] {dag.py:2305} INFO - Setting next_dagrun for example_dag_decorator to None
[2022-04-08 13:53:56,632] {scheduler_job.py:190} INFO - Processing /home/airflow/sandbox/lib/python3.8/site-packages/airflow/example_dags/example_dag_decorator.py took 0.694 seconds
[2022-04-08 13:54:46,951] {scheduler_job.py:182} INFO - Started process (PID=12292) to work on /home/airflow/sandbox/lib/python3.8/site-packages/airflow/example_dags/example_dag_decorator.py
[2022-04-08 13:54:46,953] {scheduler_job.py:633} INFO - Processing file /home/airflow/sandbox/lib/python3.8/site-packages/airflow/example_dags/example_dag_decorator.py for tasks to queue
[2022-04-08 13:54:46,955] {logging_mixin.py:104} INFO - [2022-04-08 13:54:46,954] {dagbag.py:487} INFO - Filling up the DagBag from /home/airflow/sandbox/lib/python3.8/site-packages/airflow/example_dags/example_dag_decorator.py
[2022-04-08 13:54:47,003] {scheduler_job.py:643} INFO - DAG(s) dict_keys(['example_dag_decorator']) retrieved from /home/airflow/sandbox/lib/python3.8/site-packages/airflow/example_dags/example_dag_decorator.py
[2022-04-08 13:54:47,537] {logging_mixin.py:104} INFO - [2022-04-08 13:54:47,537] {dag.py:1832} INFO - Sync 1 DAGs
[2022-04-08 13:54:47,574] {logging_mixin.py:104} INFO - [2022-04-08 13:54:47,573] {dag.py:2305} INFO - Setting next_dagrun for example_dag_decorator to None
[2022-04-08 13:54:47,627] {scheduler_job.py:190} INFO - Processing /home/airflow/sandbox/lib/python3.8/site-packages/airflow/example_dags/example_dag_decorator.py took 0.685 seconds
[2022-04-08 13:55:36,066] {scheduler_job.py:182} INFO - Started process (PID=12336) to work on /home/airflow/sandbox/lib/python3.8/site-packages/airflow/example_dags/example_dag_decorator.py
[2022-04-08 13:55:36,069] {scheduler_job.py:633} INFO - Processing file /home/airflow/sandbox/lib/python3.8/site-packages/airflow/example_dags/example_dag_decorator.py for tasks to queue
[2022-04-08 13:55:36,071] {logging_mixin.py:104} INFO - [2022-04-08 13:55:36,070] {dagbag.py:487} INFO - Filling up the DagBag from /home/airflow/sandbox/lib/python3.8/site-packages/airflow/example_dags/example_dag_decorator.py
[2022-04-08 13:55:36,135] {scheduler_job.py:643} INFO - DAG(s) dict_keys(['example_dag_decorator']) retrieved from /home/airflow/sandbox/lib/python3.8/site-packages/airflow/example_dags/example_dag_decorator.py
[2022-04-08 13:55:36,842] {logging_mixin.py:104} INFO - [2022-04-08 13:55:36,842] {dag.py:1832} INFO - Sync 1 DAGs
[2022-04-08 13:55:36,870] {logging_mixin.py:104} INFO - [2022-04-08 13:55:36,870] {dag.py:2305} INFO - Setting next_dagrun for example_dag_decorator to None
[2022-04-08 13:55:36,934] {scheduler_job.py:190} INFO - Processing /home/airflow/sandbox/lib/python3.8/site-packages/airflow/example_dags/example_dag_decorator.py took 0.874 seconds
[2022-04-08 13:56:27,391] {scheduler_job.py:182} INFO - Started process (PID=12421) to work on /home/airflow/sandbox/lib/python3.8/site-packages/airflow/example_dags/example_dag_decorator.py
[2022-04-08 13:56:27,395] {scheduler_job.py:633} INFO - Processing file /home/airflow/sandbox/lib/python3.8/site-packages/airflow/example_dags/example_dag_decorator.py for tasks to queue
[2022-04-08 13:56:27,396] {logging_mixin.py:104} INFO - [2022-04-08 13:56:27,396] {dagbag.py:487} INFO - Filling up the DagBag from /home/airflow/sandbox/lib/python3.8/site-packages/airflow/example_dags/example_dag_decorator.py
[2022-04-08 13:56:27,460] {scheduler_job.py:643} INFO - DAG(s) dict_keys(['example_dag_decorator']) retrieved from /home/airflow/sandbox/lib/python3.8/site-packages/airflow/example_dags/example_dag_decorator.py
[2022-04-08 13:56:28,162] {logging_mixin.py:104} INFO - [2022-04-08 13:56:28,161] {dag.py:1832} INFO - Sync 1 DAGs
[2022-04-08 13:56:28,198] {logging_mixin.py:104} INFO - [2022-04-08 13:56:28,198] {dag.py:2305} INFO - Setting next_dagrun for example_dag_decorator to None
[2022-04-08 13:56:28,250] {scheduler_job.py:190} INFO - Processing /home/airflow/sandbox/lib/python3.8/site-packages/airflow/example_dags/example_dag_decorator.py took 0.866 seconds
[2022-04-08 13:57:18,958] {scheduler_job.py:182} INFO - Started process (PID=12463) to work on /home/airflow/sandbox/lib/python3.8/site-packages/airflow/example_dags/example_dag_decorator.py
[2022-04-08 13:57:18,961] {scheduler_job.py:633} INFO - Processing file /home/airflow/sandbox/lib/python3.8/site-packages/airflow/example_dags/example_dag_decorator.py for tasks to queue
[2022-04-08 13:57:18,963] {logging_mixin.py:104} INFO - [2022-04-08 13:57:18,963] {dagbag.py:487} INFO - Filling up the DagBag from /home/airflow/sandbox/lib/python3.8/site-packages/airflow/example_dags/example_dag_decorator.py
[2022-04-08 13:57:19,006] {scheduler_job.py:643} INFO - DAG(s) dict_keys(['example_dag_decorator']) retrieved from /home/airflow/sandbox/lib/python3.8/site-packages/airflow/example_dags/example_dag_decorator.py
[2022-04-08 13:57:19,556] {logging_mixin.py:104} INFO - [2022-04-08 13:57:19,556] {dag.py:1832} INFO - Sync 1 DAGs
[2022-04-08 13:57:19,578] {logging_mixin.py:104} INFO - [2022-04-08 13:57:19,578] {dag.py:2305} INFO - Setting next_dagrun for example_dag_decorator to None
[2022-04-08 13:57:19,624] {scheduler_job.py:190} INFO - Processing /home/airflow/sandbox/lib/python3.8/site-packages/airflow/example_dags/example_dag_decorator.py took 0.674 seconds
[2022-04-08 13:58:02,428] {scheduler_job.py:182} INFO - Started process (PID=12496) to work on /home/airflow/sandbox/lib/python3.8/site-packages/airflow/example_dags/example_dag_decorator.py
[2022-04-08 13:58:02,431] {scheduler_job.py:633} INFO - Processing file /home/airflow/sandbox/lib/python3.8/site-packages/airflow/example_dags/example_dag_decorator.py for tasks to queue
[2022-04-08 13:58:02,433] {logging_mixin.py:104} INFO - [2022-04-08 13:58:02,433] {dagbag.py:487} INFO - Filling up the DagBag from /home/airflow/sandbox/lib/python3.8/site-packages/airflow/example_dags/example_dag_decorator.py
[2022-04-08 13:58:02,481] {scheduler_job.py:643} INFO - DAG(s) dict_keys(['example_dag_decorator']) retrieved from /home/airflow/sandbox/lib/python3.8/site-packages/airflow/example_dags/example_dag_decorator.py
[2022-04-08 13:58:03,111] {logging_mixin.py:104} INFO - [2022-04-08 13:58:03,110] {dag.py:1832} INFO - Sync 1 DAGs
[2022-04-08 13:58:03,136] {logging_mixin.py:104} INFO - [2022-04-08 13:58:03,136] {dag.py:2305} INFO - Setting next_dagrun for example_dag_decorator to None
[2022-04-08 13:58:03,186] {scheduler_job.py:190} INFO - Processing /home/airflow/sandbox/lib/python3.8/site-packages/airflow/example_dags/example_dag_decorator.py took 0.766 seconds
[2022-04-08 13:58:46,460] {scheduler_job.py:182} INFO - Started process (PID=12529) to work on /home/airflow/sandbox/lib/python3.8/site-packages/airflow/example_dags/example_dag_decorator.py
[2022-04-08 13:58:46,463] {scheduler_job.py:633} INFO - Processing file /home/airflow/sandbox/lib/python3.8/site-packages/airflow/example_dags/example_dag_decorator.py for tasks to queue
[2022-04-08 13:58:46,464] {logging_mixin.py:104} INFO - [2022-04-08 13:58:46,464] {dagbag.py:487} INFO - Filling up the DagBag from /home/airflow/sandbox/lib/python3.8/site-packages/airflow/example_dags/example_dag_decorator.py
[2022-04-08 13:58:46,522] {scheduler_job.py:643} INFO - DAG(s) dict_keys(['example_dag_decorator']) retrieved from /home/airflow/sandbox/lib/python3.8/site-packages/airflow/example_dags/example_dag_decorator.py
[2022-04-08 13:58:47,262] {logging_mixin.py:104} INFO - [2022-04-08 13:58:47,262] {dag.py:1832} INFO - Sync 1 DAGs
[2022-04-08 13:58:47,286] {logging_mixin.py:104} INFO - [2022-04-08 13:58:47,285] {dag.py:2305} INFO - Setting next_dagrun for example_dag_decorator to None
[2022-04-08 13:58:47,320] {scheduler_job.py:190} INFO - Processing /home/airflow/sandbox/lib/python3.8/site-packages/airflow/example_dags/example_dag_decorator.py took 0.866 seconds
[2022-04-08 13:59:36,296] {scheduler_job.py:182} INFO - Started process (PID=12569) to work on /home/airflow/sandbox/lib/python3.8/site-packages/airflow/example_dags/example_dag_decorator.py
[2022-04-08 13:59:36,299] {scheduler_job.py:633} INFO - Processing file /home/airflow/sandbox/lib/python3.8/site-packages/airflow/example_dags/example_dag_decorator.py for tasks to queue
[2022-04-08 13:59:36,301] {logging_mixin.py:104} INFO - [2022-04-08 13:59:36,300] {dagbag.py:487} INFO - Filling up the DagBag from /home/airflow/sandbox/lib/python3.8/site-packages/airflow/example_dags/example_dag_decorator.py
[2022-04-08 13:59:36,342] {scheduler_job.py:643} INFO - DAG(s) dict_keys(['example_dag_decorator']) retrieved from /home/airflow/sandbox/lib/python3.8/site-packages/airflow/example_dags/example_dag_decorator.py
[2022-04-08 13:59:36,914] {logging_mixin.py:104} INFO - [2022-04-08 13:59:36,913] {dag.py:1832} INFO - Sync 1 DAGs
[2022-04-08 13:59:36,949] {logging_mixin.py:104} INFO - [2022-04-08 13:59:36,949] {dag.py:2305} INFO - Setting next_dagrun for example_dag_decorator to None
[2022-04-08 13:59:36,994] {scheduler_job.py:190} INFO - Processing /home/airflow/sandbox/lib/python3.8/site-packages/airflow/example_dags/example_dag_decorator.py took 0.705 seconds
[2022-04-08 14:00:32,768] {scheduler_job.py:182} INFO - Started process (PID=12613) to work on /home/airflow/sandbox/lib/python3.8/site-packages/airflow/example_dags/example_dag_decorator.py
[2022-04-08 14:00:32,770] {scheduler_job.py:633} INFO - Processing file /home/airflow/sandbox/lib/python3.8/site-packages/airflow/example_dags/example_dag_decorator.py for tasks to queue
[2022-04-08 14:00:32,773] {logging_mixin.py:104} INFO - [2022-04-08 14:00:32,772] {dagbag.py:487} INFO - Filling up the DagBag from /home/airflow/sandbox/lib/python3.8/site-packages/airflow/example_dags/example_dag_decorator.py
[2022-04-08 14:00:32,815] {scheduler_job.py:643} INFO - DAG(s) dict_keys(['example_dag_decorator']) retrieved from /home/airflow/sandbox/lib/python3.8/site-packages/airflow/example_dags/example_dag_decorator.py
[2022-04-08 14:00:33,458] {logging_mixin.py:104} INFO - [2022-04-08 14:00:33,458] {dag.py:1832} INFO - Sync 1 DAGs
[2022-04-08 14:00:33,481] {logging_mixin.py:104} INFO - [2022-04-08 14:00:33,481] {dag.py:2305} INFO - Setting next_dagrun for example_dag_decorator to None
[2022-04-08 14:00:33,554] {scheduler_job.py:190} INFO - Processing /home/airflow/sandbox/lib/python3.8/site-packages/airflow/example_dags/example_dag_decorator.py took 0.800 seconds
[2022-04-08 14:01:25,312] {scheduler_job.py:182} INFO - Started process (PID=12697) to work on /home/airflow/sandbox/lib/python3.8/site-packages/airflow/example_dags/example_dag_decorator.py
[2022-04-08 14:01:25,315] {scheduler_job.py:633} INFO - Processing file /home/airflow/sandbox/lib/python3.8/site-packages/airflow/example_dags/example_dag_decorator.py for tasks to queue
[2022-04-08 14:01:25,317] {logging_mixin.py:104} INFO - [2022-04-08 14:01:25,317] {dagbag.py:487} INFO - Filling up the DagBag from /home/airflow/sandbox/lib/python3.8/site-packages/airflow/example_dags/example_dag_decorator.py
[2022-04-08 14:01:25,357] {scheduler_job.py:643} INFO - DAG(s) dict_keys(['example_dag_decorator']) retrieved from /home/airflow/sandbox/lib/python3.8/site-packages/airflow/example_dags/example_dag_decorator.py
[2022-04-08 14:01:25,997] {logging_mixin.py:104} INFO - [2022-04-08 14:01:25,997] {dag.py:1832} INFO - Sync 1 DAGs
[2022-04-08 14:01:26,018] {logging_mixin.py:104} INFO - [2022-04-08 14:01:26,018] {dag.py:2305} INFO - Setting next_dagrun for example_dag_decorator to None
[2022-04-08 14:01:26,068] {scheduler_job.py:190} INFO - Processing /home/airflow/sandbox/lib/python3.8/site-packages/airflow/example_dags/example_dag_decorator.py took 0.767 seconds
[2022-04-08 14:02:08,519] {scheduler_job.py:182} INFO - Started process (PID=12731) to work on /home/airflow/sandbox/lib/python3.8/site-packages/airflow/example_dags/example_dag_decorator.py
[2022-04-08 14:02:08,523] {scheduler_job.py:633} INFO - Processing file /home/airflow/sandbox/lib/python3.8/site-packages/airflow/example_dags/example_dag_decorator.py for tasks to queue
[2022-04-08 14:02:08,525] {logging_mixin.py:104} INFO - [2022-04-08 14:02:08,525] {dagbag.py:487} INFO - Filling up the DagBag from /home/airflow/sandbox/lib/python3.8/site-packages/airflow/example_dags/example_dag_decorator.py
[2022-04-08 14:02:08,573] {scheduler_job.py:643} INFO - DAG(s) dict_keys(['example_dag_decorator']) retrieved from /home/airflow/sandbox/lib/python3.8/site-packages/airflow/example_dags/example_dag_decorator.py
[2022-04-08 14:02:09,153] {logging_mixin.py:104} INFO - [2022-04-08 14:02:09,153] {dag.py:1832} INFO - Sync 1 DAGs
[2022-04-08 14:02:09,183] {logging_mixin.py:104} INFO - [2022-04-08 14:02:09,183] {dag.py:2305} INFO - Setting next_dagrun for example_dag_decorator to None
[2022-04-08 14:02:09,238] {scheduler_job.py:190} INFO - Processing /home/airflow/sandbox/lib/python3.8/site-packages/airflow/example_dags/example_dag_decorator.py took 0.728 seconds
[2022-04-08 14:02:51,350] {scheduler_job.py:182} INFO - Started process (PID=12763) to work on /home/airflow/sandbox/lib/python3.8/site-packages/airflow/example_dags/example_dag_decorator.py
[2022-04-08 14:02:51,355] {scheduler_job.py:633} INFO - Processing file /home/airflow/sandbox/lib/python3.8/site-packages/airflow/example_dags/example_dag_decorator.py for tasks to queue
[2022-04-08 14:02:51,356] {logging_mixin.py:104} INFO - [2022-04-08 14:02:51,356] {dagbag.py:487} INFO - Filling up the DagBag from /home/airflow/sandbox/lib/python3.8/site-packages/airflow/example_dags/example_dag_decorator.py
[2022-04-08 14:02:51,398] {scheduler_job.py:643} INFO - DAG(s) dict_keys(['example_dag_decorator']) retrieved from /home/airflow/sandbox/lib/python3.8/site-packages/airflow/example_dags/example_dag_decorator.py
[2022-04-08 14:02:51,904] {logging_mixin.py:104} INFO - [2022-04-08 14:02:51,903] {dag.py:1832} INFO - Sync 1 DAGs
[2022-04-08 14:02:51,924] {logging_mixin.py:104} INFO - [2022-04-08 14:02:51,924] {dag.py:2305} INFO - Setting next_dagrun for example_dag_decorator to None
[2022-04-08 14:02:51,975] {scheduler_job.py:190} INFO - Processing /home/airflow/sandbox/lib/python3.8/site-packages/airflow/example_dags/example_dag_decorator.py took 0.640 seconds
[2022-04-08 14:03:42,780] {scheduler_job.py:182} INFO - Started process (PID=12805) to work on /home/airflow/sandbox/lib/python3.8/site-packages/airflow/example_dags/example_dag_decorator.py
[2022-04-08 14:03:42,782] {scheduler_job.py:633} INFO - Processing file /home/airflow/sandbox/lib/python3.8/site-packages/airflow/example_dags/example_dag_decorator.py for tasks to queue
[2022-04-08 14:03:42,784] {logging_mixin.py:104} INFO - [2022-04-08 14:03:42,783] {dagbag.py:487} INFO - Filling up the DagBag from /home/airflow/sandbox/lib/python3.8/site-packages/airflow/example_dags/example_dag_decorator.py
[2022-04-08 14:03:42,834] {scheduler_job.py:643} INFO - DAG(s) dict_keys(['example_dag_decorator']) retrieved from /home/airflow/sandbox/lib/python3.8/site-packages/airflow/example_dags/example_dag_decorator.py
[2022-04-08 14:03:43,372] {logging_mixin.py:104} INFO - [2022-04-08 14:03:43,372] {dag.py:1832} INFO - Sync 1 DAGs
[2022-04-08 14:03:43,391] {logging_mixin.py:104} INFO - [2022-04-08 14:03:43,391] {dag.py:2305} INFO - Setting next_dagrun for example_dag_decorator to None
[2022-04-08 14:03:43,432] {scheduler_job.py:190} INFO - Processing /home/airflow/sandbox/lib/python3.8/site-packages/airflow/example_dags/example_dag_decorator.py took 0.659 seconds
[2022-04-08 14:04:25,716] {scheduler_job.py:182} INFO - Started process (PID=12837) to work on /home/airflow/sandbox/lib/python3.8/site-packages/airflow/example_dags/example_dag_decorator.py
[2022-04-08 14:04:25,719] {scheduler_job.py:633} INFO - Processing file /home/airflow/sandbox/lib/python3.8/site-packages/airflow/example_dags/example_dag_decorator.py for tasks to queue
[2022-04-08 14:04:25,721] {logging_mixin.py:104} INFO - [2022-04-08 14:04:25,720] {dagbag.py:487} INFO - Filling up the DagBag from /home/airflow/sandbox/lib/python3.8/site-packages/airflow/example_dags/example_dag_decorator.py
[2022-04-08 14:04:25,768] {scheduler_job.py:643} INFO - DAG(s) dict_keys(['example_dag_decorator']) retrieved from /home/airflow/sandbox/lib/python3.8/site-packages/airflow/example_dags/example_dag_decorator.py
[2022-04-08 14:04:26,303] {logging_mixin.py:104} INFO - [2022-04-08 14:04:26,303] {dag.py:1832} INFO - Sync 1 DAGs
[2022-04-08 14:04:26,326] {logging_mixin.py:104} INFO - [2022-04-08 14:04:26,326] {dag.py:2305} INFO - Setting next_dagrun for example_dag_decorator to None
[2022-04-08 14:04:26,359] {scheduler_job.py:190} INFO - Processing /home/airflow/sandbox/lib/python3.8/site-packages/airflow/example_dags/example_dag_decorator.py took 0.654 seconds
[2022-04-08 14:05:07,984] {scheduler_job.py:182} INFO - Started process (PID=12876) to work on /home/airflow/sandbox/lib/python3.8/site-packages/airflow/example_dags/example_dag_decorator.py
[2022-04-08 14:05:07,986] {scheduler_job.py:633} INFO - Processing file /home/airflow/sandbox/lib/python3.8/site-packages/airflow/example_dags/example_dag_decorator.py for tasks to queue
[2022-04-08 14:05:07,988] {logging_mixin.py:104} INFO - [2022-04-08 14:05:07,988] {dagbag.py:487} INFO - Filling up the DagBag from /home/airflow/sandbox/lib/python3.8/site-packages/airflow/example_dags/example_dag_decorator.py
[2022-04-08 14:05:08,027] {scheduler_job.py:643} INFO - DAG(s) dict_keys(['example_dag_decorator']) retrieved from /home/airflow/sandbox/lib/python3.8/site-packages/airflow/example_dags/example_dag_decorator.py
[2022-04-08 14:05:08,590] {logging_mixin.py:104} INFO - [2022-04-08 14:05:08,590] {dag.py:1832} INFO - Sync 1 DAGs
[2022-04-08 14:05:08,611] {logging_mixin.py:104} INFO - [2022-04-08 14:05:08,611] {dag.py:2305} INFO - Setting next_dagrun for example_dag_decorator to None
[2022-04-08 14:05:08,648] {scheduler_job.py:190} INFO - Processing /home/airflow/sandbox/lib/python3.8/site-packages/airflow/example_dags/example_dag_decorator.py took 0.674 seconds
[2022-04-08 14:06:00,159] {scheduler_job.py:182} INFO - Started process (PID=12961) to work on /home/airflow/sandbox/lib/python3.8/site-packages/airflow/example_dags/example_dag_decorator.py
[2022-04-08 14:06:00,163] {scheduler_job.py:633} INFO - Processing file /home/airflow/sandbox/lib/python3.8/site-packages/airflow/example_dags/example_dag_decorator.py for tasks to queue
[2022-04-08 14:06:00,165] {logging_mixin.py:104} INFO - [2022-04-08 14:06:00,165] {dagbag.py:487} INFO - Filling up the DagBag from /home/airflow/sandbox/lib/python3.8/site-packages/airflow/example_dags/example_dag_decorator.py
[2022-04-08 14:06:00,211] {scheduler_job.py:643} INFO - DAG(s) dict_keys(['example_dag_decorator']) retrieved from /home/airflow/sandbox/lib/python3.8/site-packages/airflow/example_dags/example_dag_decorator.py
[2022-04-08 14:06:01,566] {logging_mixin.py:104} INFO - [2022-04-08 14:06:01,565] {dag.py:1832} INFO - Sync 1 DAGs
[2022-04-08 14:06:01,616] {logging_mixin.py:104} INFO - [2022-04-08 14:06:01,615] {dag.py:2305} INFO - Setting next_dagrun for example_dag_decorator to None
[2022-04-08 14:06:01,696] {scheduler_job.py:190} INFO - Processing /home/airflow/sandbox/lib/python3.8/site-packages/airflow/example_dags/example_dag_decorator.py took 1.547 seconds
[2022-04-08 14:06:46,367] {scheduler_job.py:182} INFO - Started process (PID=12996) to work on /home/airflow/sandbox/lib/python3.8/site-packages/airflow/example_dags/example_dag_decorator.py
[2022-04-08 14:06:46,371] {scheduler_job.py:633} INFO - Processing file /home/airflow/sandbox/lib/python3.8/site-packages/airflow/example_dags/example_dag_decorator.py for tasks to queue
[2022-04-08 14:06:46,372] {logging_mixin.py:104} INFO - [2022-04-08 14:06:46,372] {dagbag.py:487} INFO - Filling up the DagBag from /home/airflow/sandbox/lib/python3.8/site-packages/airflow/example_dags/example_dag_decorator.py
[2022-04-08 14:06:46,410] {scheduler_job.py:643} INFO - DAG(s) dict_keys(['example_dag_decorator']) retrieved from /home/airflow/sandbox/lib/python3.8/site-packages/airflow/example_dags/example_dag_decorator.py
[2022-04-08 14:06:46,906] {logging_mixin.py:104} INFO - [2022-04-08 14:06:46,906] {dag.py:1832} INFO - Sync 1 DAGs
[2022-04-08 14:06:46,927] {logging_mixin.py:104} INFO - [2022-04-08 14:06:46,926] {dag.py:2305} INFO - Setting next_dagrun for example_dag_decorator to None
[2022-04-08 14:06:46,956] {scheduler_job.py:190} INFO - Processing /home/airflow/sandbox/lib/python3.8/site-packages/airflow/example_dags/example_dag_decorator.py took 0.595 seconds
[2022-04-08 14:07:34,639] {scheduler_job.py:182} INFO - Started process (PID=13035) to work on /home/airflow/sandbox/lib/python3.8/site-packages/airflow/example_dags/example_dag_decorator.py
[2022-04-08 14:07:34,642] {scheduler_job.py:633} INFO - Processing file /home/airflow/sandbox/lib/python3.8/site-packages/airflow/example_dags/example_dag_decorator.py for tasks to queue
[2022-04-08 14:07:34,643] {logging_mixin.py:104} INFO - [2022-04-08 14:07:34,643] {dagbag.py:487} INFO - Filling up the DagBag from /home/airflow/sandbox/lib/python3.8/site-packages/airflow/example_dags/example_dag_decorator.py
[2022-04-08 14:07:34,685] {scheduler_job.py:643} INFO - DAG(s) dict_keys(['example_dag_decorator']) retrieved from /home/airflow/sandbox/lib/python3.8/site-packages/airflow/example_dags/example_dag_decorator.py
[2022-04-08 14:07:35,171] {logging_mixin.py:104} INFO - [2022-04-08 14:07:35,171] {dag.py:1832} INFO - Sync 1 DAGs
[2022-04-08 14:07:35,192] {logging_mixin.py:104} INFO - [2022-04-08 14:07:35,192] {dag.py:2305} INFO - Setting next_dagrun for example_dag_decorator to None
[2022-04-08 14:07:35,241] {scheduler_job.py:190} INFO - Processing /home/airflow/sandbox/lib/python3.8/site-packages/airflow/example_dags/example_dag_decorator.py took 0.609 seconds
[2022-04-08 14:08:17,810] {scheduler_job.py:182} INFO - Started process (PID=13069) to work on /home/airflow/sandbox/lib/python3.8/site-packages/airflow/example_dags/example_dag_decorator.py
[2022-04-08 14:08:17,813] {scheduler_job.py:633} INFO - Processing file /home/airflow/sandbox/lib/python3.8/site-packages/airflow/example_dags/example_dag_decorator.py for tasks to queue
[2022-04-08 14:08:17,815] {logging_mixin.py:104} INFO - [2022-04-08 14:08:17,814] {dagbag.py:487} INFO - Filling up the DagBag from /home/airflow/sandbox/lib/python3.8/site-packages/airflow/example_dags/example_dag_decorator.py
[2022-04-08 14:08:17,859] {scheduler_job.py:643} INFO - DAG(s) dict_keys(['example_dag_decorator']) retrieved from /home/airflow/sandbox/lib/python3.8/site-packages/airflow/example_dags/example_dag_decorator.py
[2022-04-08 14:08:18,373] {logging_mixin.py:104} INFO - [2022-04-08 14:08:18,373] {dag.py:1832} INFO - Sync 1 DAGs
[2022-04-08 14:08:18,398] {logging_mixin.py:104} INFO - [2022-04-08 14:08:18,398] {dag.py:2305} INFO - Setting next_dagrun for example_dag_decorator to None
[2022-04-08 14:08:18,450] {scheduler_job.py:190} INFO - Processing /home/airflow/sandbox/lib/python3.8/site-packages/airflow/example_dags/example_dag_decorator.py took 0.646 seconds
[2022-04-08 14:09:05,139] {scheduler_job.py:182} INFO - Started process (PID=13109) to work on /home/airflow/sandbox/lib/python3.8/site-packages/airflow/example_dags/example_dag_decorator.py
[2022-04-08 14:09:05,142] {scheduler_job.py:633} INFO - Processing file /home/airflow/sandbox/lib/python3.8/site-packages/airflow/example_dags/example_dag_decorator.py for tasks to queue
[2022-04-08 14:09:05,144] {logging_mixin.py:104} INFO - [2022-04-08 14:09:05,143] {dagbag.py:487} INFO - Filling up the DagBag from /home/airflow/sandbox/lib/python3.8/site-packages/airflow/example_dags/example_dag_decorator.py
[2022-04-08 14:09:05,192] {scheduler_job.py:643} INFO - DAG(s) dict_keys(['example_dag_decorator']) retrieved from /home/airflow/sandbox/lib/python3.8/site-packages/airflow/example_dags/example_dag_decorator.py
[2022-04-08 14:09:05,689] {logging_mixin.py:104} INFO - [2022-04-08 14:09:05,689] {dag.py:1832} INFO - Sync 1 DAGs
[2022-04-08 14:09:05,710] {logging_mixin.py:104} INFO - [2022-04-08 14:09:05,710] {dag.py:2305} INFO - Setting next_dagrun for example_dag_decorator to None
[2022-04-08 14:09:05,748] {scheduler_job.py:190} INFO - Processing /home/airflow/sandbox/lib/python3.8/site-packages/airflow/example_dags/example_dag_decorator.py took 0.615 seconds
[2022-04-08 14:09:50,323] {scheduler_job.py:182} INFO - Started process (PID=13146) to work on /home/airflow/sandbox/lib/python3.8/site-packages/airflow/example_dags/example_dag_decorator.py
[2022-04-08 14:09:50,327] {scheduler_job.py:633} INFO - Processing file /home/airflow/sandbox/lib/python3.8/site-packages/airflow/example_dags/example_dag_decorator.py for tasks to queue
[2022-04-08 14:09:50,328] {logging_mixin.py:104} INFO - [2022-04-08 14:09:50,328] {dagbag.py:487} INFO - Filling up the DagBag from /home/airflow/sandbox/lib/python3.8/site-packages/airflow/example_dags/example_dag_decorator.py
[2022-04-08 14:09:50,376] {scheduler_job.py:643} INFO - DAG(s) dict_keys(['example_dag_decorator']) retrieved from /home/airflow/sandbox/lib/python3.8/site-packages/airflow/example_dags/example_dag_decorator.py
[2022-04-08 14:09:50,405] {logging_mixin.py:104} INFO - [2022-04-08 14:09:50,405] {dag.py:1832} INFO - Sync 1 DAGs
[2022-04-08 14:09:50,432] {logging_mixin.py:104} INFO - [2022-04-08 14:09:50,432] {dag.py:2305} INFO - Setting next_dagrun for example_dag_decorator to None
[2022-04-08 14:09:50,470] {scheduler_job.py:190} INFO - Processing /home/airflow/sandbox/lib/python3.8/site-packages/airflow/example_dags/example_dag_decorator.py took 0.154 seconds
[2022-04-08 14:30:35,534] {scheduler_job.py:182} INFO - Started process (PID=13430) to work on /home/airflow/sandbox/lib/python3.8/site-packages/airflow/example_dags/example_dag_decorator.py
[2022-04-08 14:30:35,536] {scheduler_job.py:633} INFO - Processing file /home/airflow/sandbox/lib/python3.8/site-packages/airflow/example_dags/example_dag_decorator.py for tasks to queue
[2022-04-08 14:30:35,537] {logging_mixin.py:104} INFO - [2022-04-08 14:30:35,537] {dagbag.py:487} INFO - Filling up the DagBag from /home/airflow/sandbox/lib/python3.8/site-packages/airflow/example_dags/example_dag_decorator.py
[2022-04-08 14:30:35,642] {scheduler_job.py:643} INFO - DAG(s) dict_keys(['example_dag_decorator']) retrieved from /home/airflow/sandbox/lib/python3.8/site-packages/airflow/example_dags/example_dag_decorator.py
[2022-04-08 14:30:37,017] {logging_mixin.py:104} INFO - [2022-04-08 14:30:37,016] {dag.py:1832} INFO - Sync 1 DAGs
[2022-04-08 14:30:37,090] {logging_mixin.py:104} INFO - [2022-04-08 14:30:37,090] {dag.py:2305} INFO - Setting next_dagrun for example_dag_decorator to None
[2022-04-08 14:30:37,670] {scheduler_job.py:190} INFO - Processing /home/airflow/sandbox/lib/python3.8/site-packages/airflow/example_dags/example_dag_decorator.py took 2.155 seconds
