[2022-04-08 10:45:11,985] {scheduler_job.py:182} INFO - Started process (PID=3340) to work on /home/airflow/sandbox/lib/python3.8/site-packages/airflow/example_dags/example_xcom.py
[2022-04-08 10:45:11,986] {scheduler_job.py:633} INFO - Processing file /home/airflow/sandbox/lib/python3.8/site-packages/airflow/example_dags/example_xcom.py for tasks to queue
[2022-04-08 10:45:11,988] {logging_mixin.py:104} INFO - [2022-04-08 10:45:11,987] {dagbag.py:487} INFO - Filling up the DagBag from /home/airflow/sandbox/lib/python3.8/site-packages/airflow/example_dags/example_xcom.py
[2022-04-08 10:45:12,009] {scheduler_job.py:643} INFO - DAG(s) dict_keys(['example_xcom']) retrieved from /home/airflow/sandbox/lib/python3.8/site-packages/airflow/example_dags/example_xcom.py
[2022-04-08 10:45:12,548] {logging_mixin.py:104} INFO - [2022-04-08 10:45:12,548] {dag.py:1832} INFO - Sync 1 DAGs
[2022-04-08 10:45:12,564] {logging_mixin.py:104} INFO - [2022-04-08 10:45:12,564] {dag.py:2305} INFO - Setting next_dagrun for example_xcom to 2022-04-06 00:00:00+00:00
[2022-04-08 10:45:12,611] {scheduler_job.py:190} INFO - Processing /home/airflow/sandbox/lib/python3.8/site-packages/airflow/example_dags/example_xcom.py took 0.634 seconds
[2022-04-08 10:45:59,865] {scheduler_job.py:182} INFO - Started process (PID=3437) to work on /home/airflow/sandbox/lib/python3.8/site-packages/airflow/example_dags/example_xcom.py
[2022-04-08 10:45:59,867] {scheduler_job.py:633} INFO - Processing file /home/airflow/sandbox/lib/python3.8/site-packages/airflow/example_dags/example_xcom.py for tasks to queue
[2022-04-08 10:45:59,868] {logging_mixin.py:104} INFO - [2022-04-08 10:45:59,868] {dagbag.py:487} INFO - Filling up the DagBag from /home/airflow/sandbox/lib/python3.8/site-packages/airflow/example_dags/example_xcom.py
[2022-04-08 10:45:59,892] {scheduler_job.py:643} INFO - DAG(s) dict_keys(['example_xcom']) retrieved from /home/airflow/sandbox/lib/python3.8/site-packages/airflow/example_dags/example_xcom.py
[2022-04-08 10:45:59,929] {logging_mixin.py:104} INFO - [2022-04-08 10:45:59,929] {dag.py:1832} INFO - Sync 1 DAGs
[2022-04-08 10:45:59,955] {logging_mixin.py:104} INFO - [2022-04-08 10:45:59,954] {dag.py:2305} INFO - Setting next_dagrun for example_xcom to 2022-04-06 00:00:00+00:00
[2022-04-08 10:45:59,995] {scheduler_job.py:190} INFO - Processing /home/airflow/sandbox/lib/python3.8/site-packages/airflow/example_dags/example_xcom.py took 0.138 seconds
[2022-04-08 10:46:49,241] {scheduler_job.py:182} INFO - Started process (PID=3535) to work on /home/airflow/sandbox/lib/python3.8/site-packages/airflow/example_dags/example_xcom.py
[2022-04-08 10:46:49,242] {scheduler_job.py:633} INFO - Processing file /home/airflow/sandbox/lib/python3.8/site-packages/airflow/example_dags/example_xcom.py for tasks to queue
[2022-04-08 10:46:49,243] {logging_mixin.py:104} INFO - [2022-04-08 10:46:49,243] {dagbag.py:487} INFO - Filling up the DagBag from /home/airflow/sandbox/lib/python3.8/site-packages/airflow/example_dags/example_xcom.py
[2022-04-08 10:46:49,266] {scheduler_job.py:643} INFO - DAG(s) dict_keys(['example_xcom']) retrieved from /home/airflow/sandbox/lib/python3.8/site-packages/airflow/example_dags/example_xcom.py
[2022-04-08 10:46:49,306] {logging_mixin.py:104} INFO - [2022-04-08 10:46:49,306] {dag.py:1832} INFO - Sync 1 DAGs
[2022-04-08 10:46:49,338] {logging_mixin.py:104} INFO - [2022-04-08 10:46:49,337] {dag.py:2305} INFO - Setting next_dagrun for example_xcom to 2022-04-06 00:00:00+00:00
[2022-04-08 10:46:49,396] {scheduler_job.py:190} INFO - Processing /home/airflow/sandbox/lib/python3.8/site-packages/airflow/example_dags/example_xcom.py took 0.166 seconds
[2022-04-08 10:47:31,275] {scheduler_job.py:182} INFO - Started process (PID=3628) to work on /home/airflow/sandbox/lib/python3.8/site-packages/airflow/example_dags/example_xcom.py
[2022-04-08 10:47:31,277] {scheduler_job.py:633} INFO - Processing file /home/airflow/sandbox/lib/python3.8/site-packages/airflow/example_dags/example_xcom.py for tasks to queue
[2022-04-08 10:47:31,279] {logging_mixin.py:104} INFO - [2022-04-08 10:47:31,279] {dagbag.py:487} INFO - Filling up the DagBag from /home/airflow/sandbox/lib/python3.8/site-packages/airflow/example_dags/example_xcom.py
[2022-04-08 10:47:31,301] {scheduler_job.py:643} INFO - DAG(s) dict_keys(['example_xcom']) retrieved from /home/airflow/sandbox/lib/python3.8/site-packages/airflow/example_dags/example_xcom.py
[2022-04-08 10:47:31,330] {logging_mixin.py:104} INFO - [2022-04-08 10:47:31,330] {dag.py:1832} INFO - Sync 1 DAGs
[2022-04-08 10:47:31,354] {logging_mixin.py:104} INFO - [2022-04-08 10:47:31,353] {dag.py:2305} INFO - Setting next_dagrun for example_xcom to 2022-04-06 00:00:00+00:00
[2022-04-08 10:47:31,397] {scheduler_job.py:190} INFO - Processing /home/airflow/sandbox/lib/python3.8/site-packages/airflow/example_dags/example_xcom.py took 0.129 seconds
[2022-04-08 10:49:08,757] {scheduler_job.py:182} INFO - Started process (PID=3923) to work on /home/airflow/sandbox/lib/python3.8/site-packages/airflow/example_dags/example_xcom.py
[2022-04-08 10:49:08,759] {scheduler_job.py:633} INFO - Processing file /home/airflow/sandbox/lib/python3.8/site-packages/airflow/example_dags/example_xcom.py for tasks to queue
[2022-04-08 10:49:08,761] {logging_mixin.py:104} INFO - [2022-04-08 10:49:08,760] {dagbag.py:487} INFO - Filling up the DagBag from /home/airflow/sandbox/lib/python3.8/site-packages/airflow/example_dags/example_xcom.py
[2022-04-08 10:49:08,784] {scheduler_job.py:643} INFO - DAG(s) dict_keys(['example_xcom']) retrieved from /home/airflow/sandbox/lib/python3.8/site-packages/airflow/example_dags/example_xcom.py
[2022-04-08 10:49:08,815] {logging_mixin.py:104} INFO - [2022-04-08 10:49:08,815] {dag.py:1832} INFO - Sync 1 DAGs
[2022-04-08 10:49:08,838] {logging_mixin.py:104} INFO - [2022-04-08 10:49:08,837] {dag.py:2305} INFO - Setting next_dagrun for example_xcom to 2022-04-06 00:00:00+00:00
[2022-04-08 10:49:08,885] {scheduler_job.py:190} INFO - Processing /home/airflow/sandbox/lib/python3.8/site-packages/airflow/example_dags/example_xcom.py took 0.133 seconds
[2022-04-08 10:49:56,594] {scheduler_job.py:182} INFO - Started process (PID=3961) to work on /home/airflow/sandbox/lib/python3.8/site-packages/airflow/example_dags/example_xcom.py
[2022-04-08 10:49:56,596] {scheduler_job.py:633} INFO - Processing file /home/airflow/sandbox/lib/python3.8/site-packages/airflow/example_dags/example_xcom.py for tasks to queue
[2022-04-08 10:49:56,598] {logging_mixin.py:104} INFO - [2022-04-08 10:49:56,597] {dagbag.py:487} INFO - Filling up the DagBag from /home/airflow/sandbox/lib/python3.8/site-packages/airflow/example_dags/example_xcom.py
[2022-04-08 10:49:56,622] {scheduler_job.py:643} INFO - DAG(s) dict_keys(['example_xcom']) retrieved from /home/airflow/sandbox/lib/python3.8/site-packages/airflow/example_dags/example_xcom.py
[2022-04-08 10:49:56,650] {logging_mixin.py:104} INFO - [2022-04-08 10:49:56,649] {dag.py:1832} INFO - Sync 1 DAGs
[2022-04-08 10:49:56,672] {logging_mixin.py:104} INFO - [2022-04-08 10:49:56,671] {dag.py:2305} INFO - Setting next_dagrun for example_xcom to 2022-04-06 00:00:00+00:00
[2022-04-08 10:49:56,716] {scheduler_job.py:190} INFO - Processing /home/airflow/sandbox/lib/python3.8/site-packages/airflow/example_dags/example_xcom.py took 0.138 seconds
[2022-04-08 10:50:41,838] {scheduler_job.py:182} INFO - Started process (PID=3998) to work on /home/airflow/sandbox/lib/python3.8/site-packages/airflow/example_dags/example_xcom.py
[2022-04-08 10:50:41,840] {scheduler_job.py:633} INFO - Processing file /home/airflow/sandbox/lib/python3.8/site-packages/airflow/example_dags/example_xcom.py for tasks to queue
[2022-04-08 10:50:41,842] {logging_mixin.py:104} INFO - [2022-04-08 10:50:41,842] {dagbag.py:487} INFO - Filling up the DagBag from /home/airflow/sandbox/lib/python3.8/site-packages/airflow/example_dags/example_xcom.py
[2022-04-08 10:50:41,862] {scheduler_job.py:643} INFO - DAG(s) dict_keys(['example_xcom']) retrieved from /home/airflow/sandbox/lib/python3.8/site-packages/airflow/example_dags/example_xcom.py
[2022-04-08 10:50:41,891] {logging_mixin.py:104} INFO - [2022-04-08 10:50:41,891] {dag.py:1832} INFO - Sync 1 DAGs
[2022-04-08 10:50:41,915] {logging_mixin.py:104} INFO - [2022-04-08 10:50:41,914] {dag.py:2305} INFO - Setting next_dagrun for example_xcom to 2022-04-06 00:00:00+00:00
[2022-04-08 10:50:41,965] {scheduler_job.py:190} INFO - Processing /home/airflow/sandbox/lib/python3.8/site-packages/airflow/example_dags/example_xcom.py took 0.134 seconds
[2022-04-08 10:51:32,455] {scheduler_job.py:182} INFO - Started process (PID=4037) to work on /home/airflow/sandbox/lib/python3.8/site-packages/airflow/example_dags/example_xcom.py
[2022-04-08 10:51:32,457] {scheduler_job.py:633} INFO - Processing file /home/airflow/sandbox/lib/python3.8/site-packages/airflow/example_dags/example_xcom.py for tasks to queue
[2022-04-08 10:51:32,459] {logging_mixin.py:104} INFO - [2022-04-08 10:51:32,458] {dagbag.py:487} INFO - Filling up the DagBag from /home/airflow/sandbox/lib/python3.8/site-packages/airflow/example_dags/example_xcom.py
[2022-04-08 10:51:32,481] {scheduler_job.py:643} INFO - DAG(s) dict_keys(['example_xcom']) retrieved from /home/airflow/sandbox/lib/python3.8/site-packages/airflow/example_dags/example_xcom.py
[2022-04-08 10:51:32,508] {logging_mixin.py:104} INFO - [2022-04-08 10:51:32,508] {dag.py:1832} INFO - Sync 1 DAGs
[2022-04-08 10:51:32,533] {logging_mixin.py:104} INFO - [2022-04-08 10:51:32,533] {dag.py:2305} INFO - Setting next_dagrun for example_xcom to 2022-04-06 00:00:00+00:00
[2022-04-08 10:51:32,570] {scheduler_job.py:190} INFO - Processing /home/airflow/sandbox/lib/python3.8/site-packages/airflow/example_dags/example_xcom.py took 0.120 seconds
[2022-04-08 10:52:13,957] {scheduler_job.py:182} INFO - Started process (PID=4070) to work on /home/airflow/sandbox/lib/python3.8/site-packages/airflow/example_dags/example_xcom.py
[2022-04-08 10:52:13,959] {scheduler_job.py:633} INFO - Processing file /home/airflow/sandbox/lib/python3.8/site-packages/airflow/example_dags/example_xcom.py for tasks to queue
[2022-04-08 10:52:13,961] {logging_mixin.py:104} INFO - [2022-04-08 10:52:13,961] {dagbag.py:487} INFO - Filling up the DagBag from /home/airflow/sandbox/lib/python3.8/site-packages/airflow/example_dags/example_xcom.py
[2022-04-08 10:52:13,980] {scheduler_job.py:643} INFO - DAG(s) dict_keys(['example_xcom']) retrieved from /home/airflow/sandbox/lib/python3.8/site-packages/airflow/example_dags/example_xcom.py
[2022-04-08 10:52:14,008] {logging_mixin.py:104} INFO - [2022-04-08 10:52:14,008] {dag.py:1832} INFO - Sync 1 DAGs
[2022-04-08 10:52:14,030] {logging_mixin.py:104} INFO - [2022-04-08 10:52:14,030] {dag.py:2305} INFO - Setting next_dagrun for example_xcom to 2022-04-06 00:00:00+00:00
[2022-04-08 10:52:14,068] {scheduler_job.py:190} INFO - Processing /home/airflow/sandbox/lib/python3.8/site-packages/airflow/example_dags/example_xcom.py took 0.117 seconds
[2022-04-08 10:52:56,365] {scheduler_job.py:182} INFO - Started process (PID=4104) to work on /home/airflow/sandbox/lib/python3.8/site-packages/airflow/example_dags/example_xcom.py
[2022-04-08 10:52:56,368] {scheduler_job.py:633} INFO - Processing file /home/airflow/sandbox/lib/python3.8/site-packages/airflow/example_dags/example_xcom.py for tasks to queue
[2022-04-08 10:52:56,369] {logging_mixin.py:104} INFO - [2022-04-08 10:52:56,369] {dagbag.py:487} INFO - Filling up the DagBag from /home/airflow/sandbox/lib/python3.8/site-packages/airflow/example_dags/example_xcom.py
[2022-04-08 10:52:56,389] {scheduler_job.py:643} INFO - DAG(s) dict_keys(['example_xcom']) retrieved from /home/airflow/sandbox/lib/python3.8/site-packages/airflow/example_dags/example_xcom.py
[2022-04-08 10:52:56,421] {logging_mixin.py:104} INFO - [2022-04-08 10:52:56,420] {dag.py:1832} INFO - Sync 1 DAGs
[2022-04-08 10:52:56,452] {logging_mixin.py:104} INFO - [2022-04-08 10:52:56,452] {dag.py:2305} INFO - Setting next_dagrun for example_xcom to 2022-04-06 00:00:00+00:00
[2022-04-08 10:52:56,500] {scheduler_job.py:190} INFO - Processing /home/airflow/sandbox/lib/python3.8/site-packages/airflow/example_dags/example_xcom.py took 0.141 seconds
[2022-04-08 10:53:44,726] {scheduler_job.py:182} INFO - Started process (PID=4185) to work on /home/airflow/sandbox/lib/python3.8/site-packages/airflow/example_dags/example_xcom.py
[2022-04-08 10:53:44,728] {scheduler_job.py:633} INFO - Processing file /home/airflow/sandbox/lib/python3.8/site-packages/airflow/example_dags/example_xcom.py for tasks to queue
[2022-04-08 10:53:44,729] {logging_mixin.py:104} INFO - [2022-04-08 10:53:44,729] {dagbag.py:487} INFO - Filling up the DagBag from /home/airflow/sandbox/lib/python3.8/site-packages/airflow/example_dags/example_xcom.py
[2022-04-08 10:53:44,751] {scheduler_job.py:643} INFO - DAG(s) dict_keys(['example_xcom']) retrieved from /home/airflow/sandbox/lib/python3.8/site-packages/airflow/example_dags/example_xcom.py
[2022-04-08 10:53:44,780] {logging_mixin.py:104} INFO - [2022-04-08 10:53:44,780] {dag.py:1832} INFO - Sync 1 DAGs
[2022-04-08 10:53:44,800] {logging_mixin.py:104} INFO - [2022-04-08 10:53:44,800] {dag.py:2305} INFO - Setting next_dagrun for example_xcom to 2022-04-06 00:00:00+00:00
[2022-04-08 10:53:44,840] {scheduler_job.py:190} INFO - Processing /home/airflow/sandbox/lib/python3.8/site-packages/airflow/example_dags/example_xcom.py took 0.120 seconds
[2022-04-08 10:54:33,533] {scheduler_job.py:182} INFO - Started process (PID=4224) to work on /home/airflow/sandbox/lib/python3.8/site-packages/airflow/example_dags/example_xcom.py
[2022-04-08 10:54:33,536] {scheduler_job.py:633} INFO - Processing file /home/airflow/sandbox/lib/python3.8/site-packages/airflow/example_dags/example_xcom.py for tasks to queue
[2022-04-08 10:54:33,537] {logging_mixin.py:104} INFO - [2022-04-08 10:54:33,537] {dagbag.py:487} INFO - Filling up the DagBag from /home/airflow/sandbox/lib/python3.8/site-packages/airflow/example_dags/example_xcom.py
[2022-04-08 10:54:33,558] {scheduler_job.py:643} INFO - DAG(s) dict_keys(['example_xcom']) retrieved from /home/airflow/sandbox/lib/python3.8/site-packages/airflow/example_dags/example_xcom.py
[2022-04-08 10:54:33,591] {logging_mixin.py:104} INFO - [2022-04-08 10:54:33,591] {dag.py:1832} INFO - Sync 1 DAGs
[2022-04-08 10:54:33,618] {logging_mixin.py:104} INFO - [2022-04-08 10:54:33,618] {dag.py:2305} INFO - Setting next_dagrun for example_xcom to 2022-04-06 00:00:00+00:00
[2022-04-08 10:54:33,657] {scheduler_job.py:190} INFO - Processing /home/airflow/sandbox/lib/python3.8/site-packages/airflow/example_dags/example_xcom.py took 0.130 seconds
[2022-04-08 10:55:19,760] {scheduler_job.py:182} INFO - Started process (PID=4261) to work on /home/airflow/sandbox/lib/python3.8/site-packages/airflow/example_dags/example_xcom.py
[2022-04-08 10:55:19,761] {scheduler_job.py:633} INFO - Processing file /home/airflow/sandbox/lib/python3.8/site-packages/airflow/example_dags/example_xcom.py for tasks to queue
[2022-04-08 10:55:19,763] {logging_mixin.py:104} INFO - [2022-04-08 10:55:19,762] {dagbag.py:487} INFO - Filling up the DagBag from /home/airflow/sandbox/lib/python3.8/site-packages/airflow/example_dags/example_xcom.py
[2022-04-08 10:55:19,783] {scheduler_job.py:643} INFO - DAG(s) dict_keys(['example_xcom']) retrieved from /home/airflow/sandbox/lib/python3.8/site-packages/airflow/example_dags/example_xcom.py
[2022-04-08 10:55:19,814] {logging_mixin.py:104} INFO - [2022-04-08 10:55:19,813] {dag.py:1832} INFO - Sync 1 DAGs
[2022-04-08 10:55:19,835] {logging_mixin.py:104} INFO - [2022-04-08 10:55:19,835] {dag.py:2305} INFO - Setting next_dagrun for example_xcom to 2022-04-06 00:00:00+00:00
[2022-04-08 10:55:19,887] {scheduler_job.py:190} INFO - Processing /home/airflow/sandbox/lib/python3.8/site-packages/airflow/example_dags/example_xcom.py took 0.134 seconds
[2022-04-08 10:56:07,905] {scheduler_job.py:182} INFO - Started process (PID=4300) to work on /home/airflow/sandbox/lib/python3.8/site-packages/airflow/example_dags/example_xcom.py
[2022-04-08 10:56:07,907] {scheduler_job.py:633} INFO - Processing file /home/airflow/sandbox/lib/python3.8/site-packages/airflow/example_dags/example_xcom.py for tasks to queue
[2022-04-08 10:56:07,908] {logging_mixin.py:104} INFO - [2022-04-08 10:56:07,908] {dagbag.py:487} INFO - Filling up the DagBag from /home/airflow/sandbox/lib/python3.8/site-packages/airflow/example_dags/example_xcom.py
[2022-04-08 10:56:07,931] {scheduler_job.py:643} INFO - DAG(s) dict_keys(['example_xcom']) retrieved from /home/airflow/sandbox/lib/python3.8/site-packages/airflow/example_dags/example_xcom.py
[2022-04-08 10:56:07,964] {logging_mixin.py:104} INFO - [2022-04-08 10:56:07,964] {dag.py:1832} INFO - Sync 1 DAGs
[2022-04-08 10:56:07,984] {logging_mixin.py:104} INFO - [2022-04-08 10:56:07,984] {dag.py:2305} INFO - Setting next_dagrun for example_xcom to 2022-04-06 00:00:00+00:00
[2022-04-08 10:56:08,023] {scheduler_job.py:190} INFO - Processing /home/airflow/sandbox/lib/python3.8/site-packages/airflow/example_dags/example_xcom.py took 0.124 seconds
[2022-04-08 10:56:56,503] {scheduler_job.py:182} INFO - Started process (PID=4340) to work on /home/airflow/sandbox/lib/python3.8/site-packages/airflow/example_dags/example_xcom.py
[2022-04-08 10:56:56,505] {scheduler_job.py:633} INFO - Processing file /home/airflow/sandbox/lib/python3.8/site-packages/airflow/example_dags/example_xcom.py for tasks to queue
[2022-04-08 10:56:56,506] {logging_mixin.py:104} INFO - [2022-04-08 10:56:56,506] {dagbag.py:487} INFO - Filling up the DagBag from /home/airflow/sandbox/lib/python3.8/site-packages/airflow/example_dags/example_xcom.py
[2022-04-08 10:56:56,533] {scheduler_job.py:643} INFO - DAG(s) dict_keys(['example_xcom']) retrieved from /home/airflow/sandbox/lib/python3.8/site-packages/airflow/example_dags/example_xcom.py
[2022-04-08 10:56:56,560] {logging_mixin.py:104} INFO - [2022-04-08 10:56:56,559] {dag.py:1832} INFO - Sync 1 DAGs
[2022-04-08 10:56:56,581] {logging_mixin.py:104} INFO - [2022-04-08 10:56:56,580] {dag.py:2305} INFO - Setting next_dagrun for example_xcom to 2022-04-06 00:00:00+00:00
[2022-04-08 10:56:56,620] {scheduler_job.py:190} INFO - Processing /home/airflow/sandbox/lib/python3.8/site-packages/airflow/example_dags/example_xcom.py took 0.123 seconds
[2022-04-08 10:57:39,760] {scheduler_job.py:182} INFO - Started process (PID=4375) to work on /home/airflow/sandbox/lib/python3.8/site-packages/airflow/example_dags/example_xcom.py
[2022-04-08 10:57:39,762] {scheduler_job.py:633} INFO - Processing file /home/airflow/sandbox/lib/python3.8/site-packages/airflow/example_dags/example_xcom.py for tasks to queue
[2022-04-08 10:57:39,763] {logging_mixin.py:104} INFO - [2022-04-08 10:57:39,763] {dagbag.py:487} INFO - Filling up the DagBag from /home/airflow/sandbox/lib/python3.8/site-packages/airflow/example_dags/example_xcom.py
[2022-04-08 10:57:39,788] {scheduler_job.py:643} INFO - DAG(s) dict_keys(['example_xcom']) retrieved from /home/airflow/sandbox/lib/python3.8/site-packages/airflow/example_dags/example_xcom.py
[2022-04-08 10:57:39,814] {logging_mixin.py:104} INFO - [2022-04-08 10:57:39,814] {dag.py:1832} INFO - Sync 1 DAGs
[2022-04-08 10:57:39,845] {logging_mixin.py:104} INFO - [2022-04-08 10:57:39,845] {dag.py:2305} INFO - Setting next_dagrun for example_xcom to 2022-04-06 00:00:00+00:00
[2022-04-08 10:57:39,886] {scheduler_job.py:190} INFO - Processing /home/airflow/sandbox/lib/python3.8/site-packages/airflow/example_dags/example_xcom.py took 0.132 seconds
[2022-04-08 10:58:26,962] {scheduler_job.py:182} INFO - Started process (PID=4413) to work on /home/airflow/sandbox/lib/python3.8/site-packages/airflow/example_dags/example_xcom.py
[2022-04-08 10:58:26,964] {scheduler_job.py:633} INFO - Processing file /home/airflow/sandbox/lib/python3.8/site-packages/airflow/example_dags/example_xcom.py for tasks to queue
[2022-04-08 10:58:26,966] {logging_mixin.py:104} INFO - [2022-04-08 10:58:26,966] {dagbag.py:487} INFO - Filling up the DagBag from /home/airflow/sandbox/lib/python3.8/site-packages/airflow/example_dags/example_xcom.py
[2022-04-08 10:58:26,991] {scheduler_job.py:643} INFO - DAG(s) dict_keys(['example_xcom']) retrieved from /home/airflow/sandbox/lib/python3.8/site-packages/airflow/example_dags/example_xcom.py
[2022-04-08 10:58:27,017] {logging_mixin.py:104} INFO - [2022-04-08 10:58:27,016] {dag.py:1832} INFO - Sync 1 DAGs
[2022-04-08 10:58:27,036] {logging_mixin.py:104} INFO - [2022-04-08 10:58:27,036] {dag.py:2305} INFO - Setting next_dagrun for example_xcom to 2022-04-06 00:00:00+00:00
[2022-04-08 10:58:27,074] {scheduler_job.py:190} INFO - Processing /home/airflow/sandbox/lib/python3.8/site-packages/airflow/example_dags/example_xcom.py took 0.118 seconds
[2022-04-08 10:59:09,135] {scheduler_job.py:182} INFO - Started process (PID=4489) to work on /home/airflow/sandbox/lib/python3.8/site-packages/airflow/example_dags/example_xcom.py
[2022-04-08 10:59:09,138] {scheduler_job.py:633} INFO - Processing file /home/airflow/sandbox/lib/python3.8/site-packages/airflow/example_dags/example_xcom.py for tasks to queue
[2022-04-08 10:59:09,139] {logging_mixin.py:104} INFO - [2022-04-08 10:59:09,138] {dagbag.py:487} INFO - Filling up the DagBag from /home/airflow/sandbox/lib/python3.8/site-packages/airflow/example_dags/example_xcom.py
[2022-04-08 10:59:09,158] {scheduler_job.py:643} INFO - DAG(s) dict_keys(['example_xcom']) retrieved from /home/airflow/sandbox/lib/python3.8/site-packages/airflow/example_dags/example_xcom.py
[2022-04-08 10:59:09,182] {logging_mixin.py:104} INFO - [2022-04-08 10:59:09,182] {dag.py:1832} INFO - Sync 1 DAGs
[2022-04-08 10:59:09,201] {logging_mixin.py:104} INFO - [2022-04-08 10:59:09,200] {dag.py:2305} INFO - Setting next_dagrun for example_xcom to 2022-04-06 00:00:00+00:00
[2022-04-08 10:59:09,236] {scheduler_job.py:190} INFO - Processing /home/airflow/sandbox/lib/python3.8/site-packages/airflow/example_dags/example_xcom.py took 0.106 seconds
[2022-04-08 11:03:50,294] {scheduler_job.py:182} INFO - Started process (PID=4734) to work on /home/airflow/sandbox/lib/python3.8/site-packages/airflow/example_dags/example_xcom.py
[2022-04-08 11:03:50,296] {scheduler_job.py:633} INFO - Processing file /home/airflow/sandbox/lib/python3.8/site-packages/airflow/example_dags/example_xcom.py for tasks to queue
[2022-04-08 11:03:50,297] {logging_mixin.py:104} INFO - [2022-04-08 11:03:50,297] {dagbag.py:487} INFO - Filling up the DagBag from /home/airflow/sandbox/lib/python3.8/site-packages/airflow/example_dags/example_xcom.py
[2022-04-08 11:03:50,317] {scheduler_job.py:643} INFO - DAG(s) dict_keys(['example_xcom']) retrieved from /home/airflow/sandbox/lib/python3.8/site-packages/airflow/example_dags/example_xcom.py
[2022-04-08 11:03:50,343] {logging_mixin.py:104} INFO - [2022-04-08 11:03:50,342] {dag.py:1832} INFO - Sync 1 DAGs
[2022-04-08 11:03:50,365] {logging_mixin.py:104} INFO - [2022-04-08 11:03:50,365] {dag.py:2305} INFO - Setting next_dagrun for example_xcom to 2022-04-06 00:00:00+00:00
[2022-04-08 11:03:50,407] {scheduler_job.py:190} INFO - Processing /home/airflow/sandbox/lib/python3.8/site-packages/airflow/example_dags/example_xcom.py took 0.120 seconds
[2022-04-08 11:04:35,229] {scheduler_job.py:182} INFO - Started process (PID=4769) to work on /home/airflow/sandbox/lib/python3.8/site-packages/airflow/example_dags/example_xcom.py
[2022-04-08 11:04:35,231] {scheduler_job.py:633} INFO - Processing file /home/airflow/sandbox/lib/python3.8/site-packages/airflow/example_dags/example_xcom.py for tasks to queue
[2022-04-08 11:04:35,232] {logging_mixin.py:104} INFO - [2022-04-08 11:04:35,232] {dagbag.py:487} INFO - Filling up the DagBag from /home/airflow/sandbox/lib/python3.8/site-packages/airflow/example_dags/example_xcom.py
[2022-04-08 11:04:35,257] {scheduler_job.py:643} INFO - DAG(s) dict_keys(['example_xcom']) retrieved from /home/airflow/sandbox/lib/python3.8/site-packages/airflow/example_dags/example_xcom.py
[2022-04-08 11:04:35,286] {logging_mixin.py:104} INFO - [2022-04-08 11:04:35,285] {dag.py:1832} INFO - Sync 1 DAGs
[2022-04-08 11:04:35,308] {logging_mixin.py:104} INFO - [2022-04-08 11:04:35,307] {dag.py:2305} INFO - Setting next_dagrun for example_xcom to 2022-04-06 00:00:00+00:00
[2022-04-08 11:04:35,348] {scheduler_job.py:190} INFO - Processing /home/airflow/sandbox/lib/python3.8/site-packages/airflow/example_dags/example_xcom.py took 0.126 seconds
[2022-04-08 11:05:20,652] {scheduler_job.py:182} INFO - Started process (PID=4805) to work on /home/airflow/sandbox/lib/python3.8/site-packages/airflow/example_dags/example_xcom.py
[2022-04-08 11:05:20,655] {scheduler_job.py:633} INFO - Processing file /home/airflow/sandbox/lib/python3.8/site-packages/airflow/example_dags/example_xcom.py for tasks to queue
[2022-04-08 11:05:20,657] {logging_mixin.py:104} INFO - [2022-04-08 11:05:20,656] {dagbag.py:487} INFO - Filling up the DagBag from /home/airflow/sandbox/lib/python3.8/site-packages/airflow/example_dags/example_xcom.py
[2022-04-08 11:05:20,681] {scheduler_job.py:643} INFO - DAG(s) dict_keys(['example_xcom']) retrieved from /home/airflow/sandbox/lib/python3.8/site-packages/airflow/example_dags/example_xcom.py
[2022-04-08 11:05:20,704] {logging_mixin.py:104} INFO - [2022-04-08 11:05:20,703] {dag.py:1832} INFO - Sync 1 DAGs
[2022-04-08 11:05:20,727] {logging_mixin.py:104} INFO - [2022-04-08 11:05:20,726] {dag.py:2305} INFO - Setting next_dagrun for example_xcom to 2022-04-06 00:00:00+00:00
[2022-04-08 11:05:20,778] {scheduler_job.py:190} INFO - Processing /home/airflow/sandbox/lib/python3.8/site-packages/airflow/example_dags/example_xcom.py took 0.132 seconds
[2022-04-08 11:06:02,458] {scheduler_job.py:182} INFO - Started process (PID=4963) to work on /home/airflow/sandbox/lib/python3.8/site-packages/airflow/example_dags/example_xcom.py
[2022-04-08 11:06:02,460] {scheduler_job.py:633} INFO - Processing file /home/airflow/sandbox/lib/python3.8/site-packages/airflow/example_dags/example_xcom.py for tasks to queue
[2022-04-08 11:06:02,461] {logging_mixin.py:104} INFO - [2022-04-08 11:06:02,461] {dagbag.py:487} INFO - Filling up the DagBag from /home/airflow/sandbox/lib/python3.8/site-packages/airflow/example_dags/example_xcom.py
[2022-04-08 11:06:02,480] {scheduler_job.py:643} INFO - DAG(s) dict_keys(['example_xcom']) retrieved from /home/airflow/sandbox/lib/python3.8/site-packages/airflow/example_dags/example_xcom.py
[2022-04-08 11:06:02,522] {logging_mixin.py:104} INFO - [2022-04-08 11:06:02,521] {dag.py:1832} INFO - Sync 1 DAGs
[2022-04-08 11:06:02,555] {logging_mixin.py:104} INFO - [2022-04-08 11:06:02,554] {dag.py:2305} INFO - Setting next_dagrun for example_xcom to 2022-04-06 00:00:00+00:00
[2022-04-08 11:06:02,594] {scheduler_job.py:190} INFO - Processing /home/airflow/sandbox/lib/python3.8/site-packages/airflow/example_dags/example_xcom.py took 0.141 seconds
[2022-04-08 11:06:52,442] {scheduler_job.py:182} INFO - Started process (PID=5410) to work on /home/airflow/sandbox/lib/python3.8/site-packages/airflow/example_dags/example_xcom.py
[2022-04-08 11:06:52,445] {scheduler_job.py:633} INFO - Processing file /home/airflow/sandbox/lib/python3.8/site-packages/airflow/example_dags/example_xcom.py for tasks to queue
[2022-04-08 11:06:52,446] {logging_mixin.py:104} INFO - [2022-04-08 11:06:52,446] {dagbag.py:487} INFO - Filling up the DagBag from /home/airflow/sandbox/lib/python3.8/site-packages/airflow/example_dags/example_xcom.py
[2022-04-08 11:06:52,469] {scheduler_job.py:643} INFO - DAG(s) dict_keys(['example_xcom']) retrieved from /home/airflow/sandbox/lib/python3.8/site-packages/airflow/example_dags/example_xcom.py
[2022-04-08 11:06:52,494] {logging_mixin.py:104} INFO - [2022-04-08 11:06:52,494] {dag.py:1832} INFO - Sync 1 DAGs
[2022-04-08 11:06:52,516] {logging_mixin.py:104} INFO - [2022-04-08 11:06:52,516] {dag.py:2305} INFO - Setting next_dagrun for example_xcom to 2022-04-06 00:00:00+00:00
[2022-04-08 11:06:52,567] {scheduler_job.py:190} INFO - Processing /home/airflow/sandbox/lib/python3.8/site-packages/airflow/example_dags/example_xcom.py took 0.131 seconds
[2022-04-08 11:07:46,493] {scheduler_job.py:182} INFO - Started process (PID=5730) to work on /home/airflow/sandbox/lib/python3.8/site-packages/airflow/example_dags/example_xcom.py
[2022-04-08 11:07:46,495] {scheduler_job.py:633} INFO - Processing file /home/airflow/sandbox/lib/python3.8/site-packages/airflow/example_dags/example_xcom.py for tasks to queue
[2022-04-08 11:07:46,497] {logging_mixin.py:104} INFO - [2022-04-08 11:07:46,496] {dagbag.py:487} INFO - Filling up the DagBag from /home/airflow/sandbox/lib/python3.8/site-packages/airflow/example_dags/example_xcom.py
[2022-04-08 11:07:46,516] {scheduler_job.py:643} INFO - DAG(s) dict_keys(['example_xcom']) retrieved from /home/airflow/sandbox/lib/python3.8/site-packages/airflow/example_dags/example_xcom.py
[2022-04-08 11:07:46,545] {logging_mixin.py:104} INFO - [2022-04-08 11:07:46,545] {dag.py:1832} INFO - Sync 1 DAGs
[2022-04-08 11:07:46,565] {logging_mixin.py:104} INFO - [2022-04-08 11:07:46,565] {dag.py:2305} INFO - Setting next_dagrun for example_xcom to 2022-04-06 00:00:00+00:00
[2022-04-08 11:07:46,605] {scheduler_job.py:190} INFO - Processing /home/airflow/sandbox/lib/python3.8/site-packages/airflow/example_dags/example_xcom.py took 0.118 seconds
[2022-04-08 11:08:36,739] {scheduler_job.py:182} INFO - Started process (PID=6102) to work on /home/airflow/sandbox/lib/python3.8/site-packages/airflow/example_dags/example_xcom.py
[2022-04-08 11:08:36,748] {scheduler_job.py:633} INFO - Processing file /home/airflow/sandbox/lib/python3.8/site-packages/airflow/example_dags/example_xcom.py for tasks to queue
[2022-04-08 11:08:36,750] {logging_mixin.py:104} INFO - [2022-04-08 11:08:36,749] {dagbag.py:487} INFO - Filling up the DagBag from /home/airflow/sandbox/lib/python3.8/site-packages/airflow/example_dags/example_xcom.py
[2022-04-08 11:08:36,795] {scheduler_job.py:643} INFO - DAG(s) dict_keys(['example_xcom']) retrieved from /home/airflow/sandbox/lib/python3.8/site-packages/airflow/example_dags/example_xcom.py
[2022-04-08 11:08:36,849] {logging_mixin.py:104} INFO - [2022-04-08 11:08:36,849] {dag.py:1832} INFO - Sync 1 DAGs
[2022-04-08 11:08:36,920] {logging_mixin.py:104} INFO - [2022-04-08 11:08:36,920] {dag.py:2305} INFO - Setting next_dagrun for example_xcom to 2022-04-06 00:00:00+00:00
[2022-04-08 11:08:37,118] {scheduler_job.py:190} INFO - Processing /home/airflow/sandbox/lib/python3.8/site-packages/airflow/example_dags/example_xcom.py took 0.395 seconds
[2022-04-08 11:09:18,767] {scheduler_job.py:182} INFO - Started process (PID=6188) to work on /home/airflow/sandbox/lib/python3.8/site-packages/airflow/example_dags/example_xcom.py
[2022-04-08 11:09:18,769] {scheduler_job.py:633} INFO - Processing file /home/airflow/sandbox/lib/python3.8/site-packages/airflow/example_dags/example_xcom.py for tasks to queue
[2022-04-08 11:09:18,770] {logging_mixin.py:104} INFO - [2022-04-08 11:09:18,770] {dagbag.py:487} INFO - Filling up the DagBag from /home/airflow/sandbox/lib/python3.8/site-packages/airflow/example_dags/example_xcom.py
[2022-04-08 11:09:18,818] {scheduler_job.py:643} INFO - DAG(s) dict_keys(['example_xcom']) retrieved from /home/airflow/sandbox/lib/python3.8/site-packages/airflow/example_dags/example_xcom.py
[2022-04-08 11:09:18,849] {logging_mixin.py:104} INFO - [2022-04-08 11:09:18,849] {dag.py:1832} INFO - Sync 1 DAGs
[2022-04-08 11:09:18,875] {logging_mixin.py:104} INFO - [2022-04-08 11:09:18,874] {dag.py:2305} INFO - Setting next_dagrun for example_xcom to 2022-04-06 00:00:00+00:00
[2022-04-08 11:09:18,915] {scheduler_job.py:190} INFO - Processing /home/airflow/sandbox/lib/python3.8/site-packages/airflow/example_dags/example_xcom.py took 0.154 seconds
[2022-04-08 11:10:06,982] {scheduler_job.py:182} INFO - Started process (PID=6226) to work on /home/airflow/sandbox/lib/python3.8/site-packages/airflow/example_dags/example_xcom.py
[2022-04-08 11:10:06,985] {scheduler_job.py:633} INFO - Processing file /home/airflow/sandbox/lib/python3.8/site-packages/airflow/example_dags/example_xcom.py for tasks to queue
[2022-04-08 11:10:06,986] {logging_mixin.py:104} INFO - [2022-04-08 11:10:06,986] {dagbag.py:487} INFO - Filling up the DagBag from /home/airflow/sandbox/lib/python3.8/site-packages/airflow/example_dags/example_xcom.py
[2022-04-08 11:10:07,008] {scheduler_job.py:643} INFO - DAG(s) dict_keys(['example_xcom']) retrieved from /home/airflow/sandbox/lib/python3.8/site-packages/airflow/example_dags/example_xcom.py
[2022-04-08 11:10:07,036] {logging_mixin.py:104} INFO - [2022-04-08 11:10:07,036] {dag.py:1832} INFO - Sync 1 DAGs
[2022-04-08 11:10:07,059] {logging_mixin.py:104} INFO - [2022-04-08 11:10:07,059] {dag.py:2305} INFO - Setting next_dagrun for example_xcom to 2022-04-06 00:00:00+00:00
[2022-04-08 11:10:07,101] {scheduler_job.py:190} INFO - Processing /home/airflow/sandbox/lib/python3.8/site-packages/airflow/example_dags/example_xcom.py took 0.127 seconds
[2022-04-08 11:10:59,930] {scheduler_job.py:182} INFO - Started process (PID=6267) to work on /home/airflow/sandbox/lib/python3.8/site-packages/airflow/example_dags/example_xcom.py
[2022-04-08 11:10:59,932] {scheduler_job.py:633} INFO - Processing file /home/airflow/sandbox/lib/python3.8/site-packages/airflow/example_dags/example_xcom.py for tasks to queue
[2022-04-08 11:10:59,933] {logging_mixin.py:104} INFO - [2022-04-08 11:10:59,933] {dagbag.py:487} INFO - Filling up the DagBag from /home/airflow/sandbox/lib/python3.8/site-packages/airflow/example_dags/example_xcom.py
[2022-04-08 11:10:59,955] {scheduler_job.py:643} INFO - DAG(s) dict_keys(['example_xcom']) retrieved from /home/airflow/sandbox/lib/python3.8/site-packages/airflow/example_dags/example_xcom.py
[2022-04-08 11:10:59,985] {logging_mixin.py:104} INFO - [2022-04-08 11:10:59,984] {dag.py:1832} INFO - Sync 1 DAGs
[2022-04-08 11:11:00,007] {logging_mixin.py:104} INFO - [2022-04-08 11:11:00,007] {dag.py:2305} INFO - Setting next_dagrun for example_xcom to 2022-04-06 00:00:00+00:00
[2022-04-08 11:11:00,049] {scheduler_job.py:190} INFO - Processing /home/airflow/sandbox/lib/python3.8/site-packages/airflow/example_dags/example_xcom.py took 0.127 seconds
[2022-04-08 11:14:05,510] {scheduler_job.py:182} INFO - Started process (PID=6538) to work on /home/airflow/sandbox/lib/python3.8/site-packages/airflow/example_dags/example_xcom.py
[2022-04-08 11:14:05,512] {scheduler_job.py:633} INFO - Processing file /home/airflow/sandbox/lib/python3.8/site-packages/airflow/example_dags/example_xcom.py for tasks to queue
[2022-04-08 11:14:05,514] {logging_mixin.py:104} INFO - [2022-04-08 11:14:05,513] {dagbag.py:487} INFO - Filling up the DagBag from /home/airflow/sandbox/lib/python3.8/site-packages/airflow/example_dags/example_xcom.py
[2022-04-08 11:14:05,540] {scheduler_job.py:643} INFO - DAG(s) dict_keys(['example_xcom']) retrieved from /home/airflow/sandbox/lib/python3.8/site-packages/airflow/example_dags/example_xcom.py
[2022-04-08 11:14:05,581] {logging_mixin.py:104} INFO - [2022-04-08 11:14:05,581] {dag.py:1832} INFO - Sync 1 DAGs
[2022-04-08 11:14:05,607] {logging_mixin.py:104} INFO - [2022-04-08 11:14:05,607] {dag.py:2305} INFO - Setting next_dagrun for example_xcom to 2022-04-06 00:00:00+00:00
[2022-04-08 11:14:05,652] {scheduler_job.py:190} INFO - Processing /home/airflow/sandbox/lib/python3.8/site-packages/airflow/example_dags/example_xcom.py took 0.149 seconds
[2022-04-08 11:14:53,791] {scheduler_job.py:182} INFO - Started process (PID=8153) to work on /home/airflow/sandbox/lib/python3.8/site-packages/airflow/example_dags/example_xcom.py
[2022-04-08 11:14:53,808] {scheduler_job.py:633} INFO - Processing file /home/airflow/sandbox/lib/python3.8/site-packages/airflow/example_dags/example_xcom.py for tasks to queue
[2022-04-08 11:14:53,818] {logging_mixin.py:104} INFO - [2022-04-08 11:14:53,818] {dagbag.py:487} INFO - Filling up the DagBag from /home/airflow/sandbox/lib/python3.8/site-packages/airflow/example_dags/example_xcom.py
[2022-04-08 11:14:53,866] {scheduler_job.py:643} INFO - DAG(s) dict_keys(['example_xcom']) retrieved from /home/airflow/sandbox/lib/python3.8/site-packages/airflow/example_dags/example_xcom.py
[2022-04-08 11:14:53,935] {logging_mixin.py:104} INFO - [2022-04-08 11:14:53,935] {dag.py:1832} INFO - Sync 1 DAGs
[2022-04-08 11:14:53,980] {logging_mixin.py:104} INFO - [2022-04-08 11:14:53,980] {dag.py:2305} INFO - Setting next_dagrun for example_xcom to 2022-04-06 00:00:00+00:00
[2022-04-08 11:14:54,045] {scheduler_job.py:190} INFO - Processing /home/airflow/sandbox/lib/python3.8/site-packages/airflow/example_dags/example_xcom.py took 0.273 seconds
[2022-04-08 11:15:55,705] {scheduler_job.py:182} INFO - Started process (PID=10190) to work on /home/airflow/sandbox/lib/python3.8/site-packages/airflow/example_dags/example_xcom.py
[2022-04-08 11:15:55,707] {scheduler_job.py:633} INFO - Processing file /home/airflow/sandbox/lib/python3.8/site-packages/airflow/example_dags/example_xcom.py for tasks to queue
[2022-04-08 11:15:55,708] {logging_mixin.py:104} INFO - [2022-04-08 11:15:55,708] {dagbag.py:487} INFO - Filling up the DagBag from /home/airflow/sandbox/lib/python3.8/site-packages/airflow/example_dags/example_xcom.py
[2022-04-08 11:15:55,731] {scheduler_job.py:643} INFO - DAG(s) dict_keys(['example_xcom']) retrieved from /home/airflow/sandbox/lib/python3.8/site-packages/airflow/example_dags/example_xcom.py
[2022-04-08 11:15:55,760] {logging_mixin.py:104} INFO - [2022-04-08 11:15:55,760] {dag.py:1832} INFO - Sync 1 DAGs
[2022-04-08 11:15:55,779] {logging_mixin.py:104} INFO - [2022-04-08 11:15:55,779] {dag.py:2305} INFO - Setting next_dagrun for example_xcom to 2022-04-06 00:00:00+00:00
[2022-04-08 11:15:55,810] {scheduler_job.py:190} INFO - Processing /home/airflow/sandbox/lib/python3.8/site-packages/airflow/example_dags/example_xcom.py took 0.111 seconds
[2022-04-08 11:16:44,451] {scheduler_job.py:182} INFO - Started process (PID=10231) to work on /home/airflow/sandbox/lib/python3.8/site-packages/airflow/example_dags/example_xcom.py
[2022-04-08 11:16:44,453] {scheduler_job.py:633} INFO - Processing file /home/airflow/sandbox/lib/python3.8/site-packages/airflow/example_dags/example_xcom.py for tasks to queue
[2022-04-08 11:16:44,455] {logging_mixin.py:104} INFO - [2022-04-08 11:16:44,455] {dagbag.py:487} INFO - Filling up the DagBag from /home/airflow/sandbox/lib/python3.8/site-packages/airflow/example_dags/example_xcom.py
[2022-04-08 11:16:44,481] {scheduler_job.py:643} INFO - DAG(s) dict_keys(['example_xcom']) retrieved from /home/airflow/sandbox/lib/python3.8/site-packages/airflow/example_dags/example_xcom.py
[2022-04-08 11:16:44,510] {logging_mixin.py:104} INFO - [2022-04-08 11:16:44,509] {dag.py:1832} INFO - Sync 1 DAGs
[2022-04-08 11:16:44,534] {logging_mixin.py:104} INFO - [2022-04-08 11:16:44,534] {dag.py:2305} INFO - Setting next_dagrun for example_xcom to 2022-04-06 00:00:00+00:00
[2022-04-08 11:16:44,590] {scheduler_job.py:190} INFO - Processing /home/airflow/sandbox/lib/python3.8/site-packages/airflow/example_dags/example_xcom.py took 0.147 seconds
[2022-04-08 11:17:31,324] {scheduler_job.py:182} INFO - Started process (PID=10273) to work on /home/airflow/sandbox/lib/python3.8/site-packages/airflow/example_dags/example_xcom.py
[2022-04-08 11:17:31,327] {scheduler_job.py:633} INFO - Processing file /home/airflow/sandbox/lib/python3.8/site-packages/airflow/example_dags/example_xcom.py for tasks to queue
[2022-04-08 11:17:31,328] {logging_mixin.py:104} INFO - [2022-04-08 11:17:31,328] {dagbag.py:487} INFO - Filling up the DagBag from /home/airflow/sandbox/lib/python3.8/site-packages/airflow/example_dags/example_xcom.py
[2022-04-08 11:17:31,354] {scheduler_job.py:643} INFO - DAG(s) dict_keys(['example_xcom']) retrieved from /home/airflow/sandbox/lib/python3.8/site-packages/airflow/example_dags/example_xcom.py
[2022-04-08 11:17:31,385] {logging_mixin.py:104} INFO - [2022-04-08 11:17:31,385] {dag.py:1832} INFO - Sync 1 DAGs
[2022-04-08 11:17:31,415] {logging_mixin.py:104} INFO - [2022-04-08 11:17:31,414] {dag.py:2305} INFO - Setting next_dagrun for example_xcom to 2022-04-06 00:00:00+00:00
[2022-04-08 11:17:31,469] {scheduler_job.py:190} INFO - Processing /home/airflow/sandbox/lib/python3.8/site-packages/airflow/example_dags/example_xcom.py took 0.151 seconds
[2022-04-08 11:18:14,064] {scheduler_job.py:182} INFO - Started process (PID=10309) to work on /home/airflow/sandbox/lib/python3.8/site-packages/airflow/example_dags/example_xcom.py
[2022-04-08 11:18:14,066] {scheduler_job.py:633} INFO - Processing file /home/airflow/sandbox/lib/python3.8/site-packages/airflow/example_dags/example_xcom.py for tasks to queue
[2022-04-08 11:18:14,067] {logging_mixin.py:104} INFO - [2022-04-08 11:18:14,067] {dagbag.py:487} INFO - Filling up the DagBag from /home/airflow/sandbox/lib/python3.8/site-packages/airflow/example_dags/example_xcom.py
[2022-04-08 11:18:14,089] {scheduler_job.py:643} INFO - DAG(s) dict_keys(['example_xcom']) retrieved from /home/airflow/sandbox/lib/python3.8/site-packages/airflow/example_dags/example_xcom.py
[2022-04-08 11:18:14,117] {logging_mixin.py:104} INFO - [2022-04-08 11:18:14,117] {dag.py:1832} INFO - Sync 1 DAGs
[2022-04-08 11:18:14,142] {logging_mixin.py:104} INFO - [2022-04-08 11:18:14,142] {dag.py:2305} INFO - Setting next_dagrun for example_xcom to 2022-04-06 00:00:00+00:00
[2022-04-08 11:18:14,183] {scheduler_job.py:190} INFO - Processing /home/airflow/sandbox/lib/python3.8/site-packages/airflow/example_dags/example_xcom.py took 0.124 seconds
[2022-04-08 12:06:41,741] {scheduler_job.py:182} INFO - Started process (PID=10718) to work on /home/airflow/sandbox/lib/python3.8/site-packages/airflow/example_dags/example_xcom.py
[2022-04-08 12:06:41,743] {scheduler_job.py:633} INFO - Processing file /home/airflow/sandbox/lib/python3.8/site-packages/airflow/example_dags/example_xcom.py for tasks to queue
[2022-04-08 12:06:41,744] {logging_mixin.py:104} INFO - [2022-04-08 12:06:41,744] {dagbag.py:487} INFO - Filling up the DagBag from /home/airflow/sandbox/lib/python3.8/site-packages/airflow/example_dags/example_xcom.py
[2022-04-08 12:06:41,765] {scheduler_job.py:643} INFO - DAG(s) dict_keys(['example_xcom']) retrieved from /home/airflow/sandbox/lib/python3.8/site-packages/airflow/example_dags/example_xcom.py
[2022-04-08 12:06:41,791] {logging_mixin.py:104} INFO - [2022-04-08 12:06:41,790] {dag.py:1832} INFO - Sync 1 DAGs
[2022-04-08 12:06:41,811] {logging_mixin.py:104} INFO - [2022-04-08 12:06:41,811] {dag.py:2305} INFO - Setting next_dagrun for example_xcom to 2022-04-06 00:00:00+00:00
[2022-04-08 12:06:41,853] {scheduler_job.py:190} INFO - Processing /home/airflow/sandbox/lib/python3.8/site-packages/airflow/example_dags/example_xcom.py took 0.119 seconds
[2022-04-08 12:07:25,980] {scheduler_job.py:182} INFO - Started process (PID=10754) to work on /home/airflow/sandbox/lib/python3.8/site-packages/airflow/example_dags/example_xcom.py
[2022-04-08 12:07:25,982] {scheduler_job.py:633} INFO - Processing file /home/airflow/sandbox/lib/python3.8/site-packages/airflow/example_dags/example_xcom.py for tasks to queue
[2022-04-08 12:07:25,984] {logging_mixin.py:104} INFO - [2022-04-08 12:07:25,984] {dagbag.py:487} INFO - Filling up the DagBag from /home/airflow/sandbox/lib/python3.8/site-packages/airflow/example_dags/example_xcom.py
[2022-04-08 12:07:26,006] {scheduler_job.py:643} INFO - DAG(s) dict_keys(['example_xcom']) retrieved from /home/airflow/sandbox/lib/python3.8/site-packages/airflow/example_dags/example_xcom.py
[2022-04-08 12:07:26,032] {logging_mixin.py:104} INFO - [2022-04-08 12:07:26,032] {dag.py:1832} INFO - Sync 1 DAGs
[2022-04-08 12:07:26,053] {logging_mixin.py:104} INFO - [2022-04-08 12:07:26,052] {dag.py:2305} INFO - Setting next_dagrun for example_xcom to 2022-04-06 00:00:00+00:00
[2022-04-08 12:07:26,092] {scheduler_job.py:190} INFO - Processing /home/airflow/sandbox/lib/python3.8/site-packages/airflow/example_dags/example_xcom.py took 0.117 seconds
[2022-04-08 12:08:06,787] {scheduler_job.py:182} INFO - Started process (PID=10789) to work on /home/airflow/sandbox/lib/python3.8/site-packages/airflow/example_dags/example_xcom.py
[2022-04-08 12:08:06,789] {scheduler_job.py:633} INFO - Processing file /home/airflow/sandbox/lib/python3.8/site-packages/airflow/example_dags/example_xcom.py for tasks to queue
[2022-04-08 12:08:06,790] {logging_mixin.py:104} INFO - [2022-04-08 12:08:06,790] {dagbag.py:487} INFO - Filling up the DagBag from /home/airflow/sandbox/lib/python3.8/site-packages/airflow/example_dags/example_xcom.py
[2022-04-08 12:08:06,810] {scheduler_job.py:643} INFO - DAG(s) dict_keys(['example_xcom']) retrieved from /home/airflow/sandbox/lib/python3.8/site-packages/airflow/example_dags/example_xcom.py
[2022-04-08 12:08:06,836] {logging_mixin.py:104} INFO - [2022-04-08 12:08:06,836] {dag.py:1832} INFO - Sync 1 DAGs
[2022-04-08 12:08:06,856] {logging_mixin.py:104} INFO - [2022-04-08 12:08:06,856] {dag.py:2305} INFO - Setting next_dagrun for example_xcom to 2022-04-06 00:00:00+00:00
[2022-04-08 12:08:06,896] {scheduler_job.py:190} INFO - Processing /home/airflow/sandbox/lib/python3.8/site-packages/airflow/example_dags/example_xcom.py took 0.115 seconds
[2022-04-08 12:08:50,954] {scheduler_job.py:182} INFO - Started process (PID=10827) to work on /home/airflow/sandbox/lib/python3.8/site-packages/airflow/example_dags/example_xcom.py
[2022-04-08 12:08:50,956] {scheduler_job.py:633} INFO - Processing file /home/airflow/sandbox/lib/python3.8/site-packages/airflow/example_dags/example_xcom.py for tasks to queue
[2022-04-08 12:08:50,957] {logging_mixin.py:104} INFO - [2022-04-08 12:08:50,957] {dagbag.py:487} INFO - Filling up the DagBag from /home/airflow/sandbox/lib/python3.8/site-packages/airflow/example_dags/example_xcom.py
[2022-04-08 12:08:50,979] {scheduler_job.py:643} INFO - DAG(s) dict_keys(['example_xcom']) retrieved from /home/airflow/sandbox/lib/python3.8/site-packages/airflow/example_dags/example_xcom.py
[2022-04-08 12:08:51,009] {logging_mixin.py:104} INFO - [2022-04-08 12:08:51,008] {dag.py:1832} INFO - Sync 1 DAGs
[2022-04-08 12:08:51,030] {logging_mixin.py:104} INFO - [2022-04-08 12:08:51,030] {dag.py:2305} INFO - Setting next_dagrun for example_xcom to 2022-04-06 00:00:00+00:00
[2022-04-08 12:08:51,067] {scheduler_job.py:190} INFO - Processing /home/airflow/sandbox/lib/python3.8/site-packages/airflow/example_dags/example_xcom.py took 0.119 seconds
[2022-04-08 12:09:30,216] {scheduler_job.py:182} INFO - Started process (PID=10860) to work on /home/airflow/sandbox/lib/python3.8/site-packages/airflow/example_dags/example_xcom.py
[2022-04-08 12:09:30,219] {scheduler_job.py:633} INFO - Processing file /home/airflow/sandbox/lib/python3.8/site-packages/airflow/example_dags/example_xcom.py for tasks to queue
[2022-04-08 12:09:30,221] {logging_mixin.py:104} INFO - [2022-04-08 12:09:30,220] {dagbag.py:487} INFO - Filling up the DagBag from /home/airflow/sandbox/lib/python3.8/site-packages/airflow/example_dags/example_xcom.py
[2022-04-08 12:09:30,248] {scheduler_job.py:643} INFO - DAG(s) dict_keys(['example_xcom']) retrieved from /home/airflow/sandbox/lib/python3.8/site-packages/airflow/example_dags/example_xcom.py
[2022-04-08 12:09:30,277] {logging_mixin.py:104} INFO - [2022-04-08 12:09:30,277] {dag.py:1832} INFO - Sync 1 DAGs
[2022-04-08 12:09:30,303] {logging_mixin.py:104} INFO - [2022-04-08 12:09:30,303] {dag.py:2305} INFO - Setting next_dagrun for example_xcom to 2022-04-06 00:00:00+00:00
[2022-04-08 12:09:30,348] {scheduler_job.py:190} INFO - Processing /home/airflow/sandbox/lib/python3.8/site-packages/airflow/example_dags/example_xcom.py took 0.140 seconds
[2022-04-08 13:35:43,503] {scheduler_job.py:182} INFO - Started process (PID=11088) to work on /home/airflow/sandbox/lib/python3.8/site-packages/airflow/example_dags/example_xcom.py
[2022-04-08 13:35:43,505] {scheduler_job.py:633} INFO - Processing file /home/airflow/sandbox/lib/python3.8/site-packages/airflow/example_dags/example_xcom.py for tasks to queue
[2022-04-08 13:35:43,507] {logging_mixin.py:104} INFO - [2022-04-08 13:35:43,506] {dagbag.py:487} INFO - Filling up the DagBag from /home/airflow/sandbox/lib/python3.8/site-packages/airflow/example_dags/example_xcom.py
[2022-04-08 13:35:43,530] {scheduler_job.py:643} INFO - DAG(s) dict_keys(['example_xcom']) retrieved from /home/airflow/sandbox/lib/python3.8/site-packages/airflow/example_dags/example_xcom.py
[2022-04-08 13:35:43,560] {logging_mixin.py:104} INFO - [2022-04-08 13:35:43,560] {dag.py:1832} INFO - Sync 1 DAGs
[2022-04-08 13:35:43,581] {logging_mixin.py:104} INFO - [2022-04-08 13:35:43,581] {dag.py:2305} INFO - Setting next_dagrun for example_xcom to 2022-04-06 00:00:00+00:00
[2022-04-08 13:35:43,611] {scheduler_job.py:190} INFO - Processing /home/airflow/sandbox/lib/python3.8/site-packages/airflow/example_dags/example_xcom.py took 0.113 seconds
[2022-04-08 13:36:41,231] {scheduler_job.py:182} INFO - Started process (PID=11203) to work on /home/airflow/sandbox/lib/python3.8/site-packages/airflow/example_dags/example_xcom.py
[2022-04-08 13:36:41,234] {scheduler_job.py:633} INFO - Processing file /home/airflow/sandbox/lib/python3.8/site-packages/airflow/example_dags/example_xcom.py for tasks to queue
[2022-04-08 13:36:41,235] {logging_mixin.py:104} INFO - [2022-04-08 13:36:41,235] {dagbag.py:487} INFO - Filling up the DagBag from /home/airflow/sandbox/lib/python3.8/site-packages/airflow/example_dags/example_xcom.py
[2022-04-08 13:36:41,259] {scheduler_job.py:643} INFO - DAG(s) dict_keys(['example_xcom']) retrieved from /home/airflow/sandbox/lib/python3.8/site-packages/airflow/example_dags/example_xcom.py
[2022-04-08 13:36:41,295] {logging_mixin.py:104} INFO - [2022-04-08 13:36:41,295] {dag.py:1832} INFO - Sync 1 DAGs
[2022-04-08 13:36:41,316] {logging_mixin.py:104} INFO - [2022-04-08 13:36:41,316] {dag.py:2305} INFO - Setting next_dagrun for example_xcom to 2022-04-06 00:00:00+00:00
[2022-04-08 13:36:41,356] {scheduler_job.py:190} INFO - Processing /home/airflow/sandbox/lib/python3.8/site-packages/airflow/example_dags/example_xcom.py took 0.131 seconds
[2022-04-08 13:37:33,299] {scheduler_job.py:182} INFO - Started process (PID=11244) to work on /home/airflow/sandbox/lib/python3.8/site-packages/airflow/example_dags/example_xcom.py
[2022-04-08 13:37:33,301] {scheduler_job.py:633} INFO - Processing file /home/airflow/sandbox/lib/python3.8/site-packages/airflow/example_dags/example_xcom.py for tasks to queue
[2022-04-08 13:37:33,304] {logging_mixin.py:104} INFO - [2022-04-08 13:37:33,303] {dagbag.py:487} INFO - Filling up the DagBag from /home/airflow/sandbox/lib/python3.8/site-packages/airflow/example_dags/example_xcom.py
[2022-04-08 13:37:33,326] {scheduler_job.py:643} INFO - DAG(s) dict_keys(['example_xcom']) retrieved from /home/airflow/sandbox/lib/python3.8/site-packages/airflow/example_dags/example_xcom.py
[2022-04-08 13:37:33,352] {logging_mixin.py:104} INFO - [2022-04-08 13:37:33,351] {dag.py:1832} INFO - Sync 1 DAGs
[2022-04-08 13:37:33,376] {logging_mixin.py:104} INFO - [2022-04-08 13:37:33,375] {dag.py:2305} INFO - Setting next_dagrun for example_xcom to 2022-04-06 00:00:00+00:00
[2022-04-08 13:37:33,417] {scheduler_job.py:190} INFO - Processing /home/airflow/sandbox/lib/python3.8/site-packages/airflow/example_dags/example_xcom.py took 0.126 seconds
[2022-04-08 13:38:27,522] {scheduler_job.py:182} INFO - Started process (PID=11285) to work on /home/airflow/sandbox/lib/python3.8/site-packages/airflow/example_dags/example_xcom.py
[2022-04-08 13:38:27,525] {scheduler_job.py:633} INFO - Processing file /home/airflow/sandbox/lib/python3.8/site-packages/airflow/example_dags/example_xcom.py for tasks to queue
[2022-04-08 13:38:27,526] {logging_mixin.py:104} INFO - [2022-04-08 13:38:27,526] {dagbag.py:487} INFO - Filling up the DagBag from /home/airflow/sandbox/lib/python3.8/site-packages/airflow/example_dags/example_xcom.py
[2022-04-08 13:38:27,551] {scheduler_job.py:643} INFO - DAG(s) dict_keys(['example_xcom']) retrieved from /home/airflow/sandbox/lib/python3.8/site-packages/airflow/example_dags/example_xcom.py
[2022-04-08 13:38:27,578] {logging_mixin.py:104} INFO - [2022-04-08 13:38:27,577] {dag.py:1832} INFO - Sync 1 DAGs
[2022-04-08 13:38:27,599] {logging_mixin.py:104} INFO - [2022-04-08 13:38:27,598] {dag.py:2305} INFO - Setting next_dagrun for example_xcom to 2022-04-06 00:00:00+00:00
[2022-04-08 13:38:27,636] {scheduler_job.py:190} INFO - Processing /home/airflow/sandbox/lib/python3.8/site-packages/airflow/example_dags/example_xcom.py took 0.120 seconds
[2022-04-08 13:39:19,816] {scheduler_job.py:182} INFO - Started process (PID=11327) to work on /home/airflow/sandbox/lib/python3.8/site-packages/airflow/example_dags/example_xcom.py
[2022-04-08 13:39:19,818] {scheduler_job.py:633} INFO - Processing file /home/airflow/sandbox/lib/python3.8/site-packages/airflow/example_dags/example_xcom.py for tasks to queue
[2022-04-08 13:39:19,820] {logging_mixin.py:104} INFO - [2022-04-08 13:39:19,819] {dagbag.py:487} INFO - Filling up the DagBag from /home/airflow/sandbox/lib/python3.8/site-packages/airflow/example_dags/example_xcom.py
[2022-04-08 13:39:19,840] {scheduler_job.py:643} INFO - DAG(s) dict_keys(['example_xcom']) retrieved from /home/airflow/sandbox/lib/python3.8/site-packages/airflow/example_dags/example_xcom.py
[2022-04-08 13:39:19,877] {logging_mixin.py:104} INFO - [2022-04-08 13:39:19,877] {dag.py:1832} INFO - Sync 1 DAGs
[2022-04-08 13:39:19,898] {logging_mixin.py:104} INFO - [2022-04-08 13:39:19,898] {dag.py:2305} INFO - Setting next_dagrun for example_xcom to 2022-04-06 00:00:00+00:00
[2022-04-08 13:39:20,028] {scheduler_job.py:190} INFO - Processing /home/airflow/sandbox/lib/python3.8/site-packages/airflow/example_dags/example_xcom.py took 0.217 seconds
[2022-04-08 13:40:15,120] {scheduler_job.py:182} INFO - Started process (PID=11370) to work on /home/airflow/sandbox/lib/python3.8/site-packages/airflow/example_dags/example_xcom.py
[2022-04-08 13:40:15,122] {scheduler_job.py:633} INFO - Processing file /home/airflow/sandbox/lib/python3.8/site-packages/airflow/example_dags/example_xcom.py for tasks to queue
[2022-04-08 13:40:15,125] {logging_mixin.py:104} INFO - [2022-04-08 13:40:15,123] {dagbag.py:487} INFO - Filling up the DagBag from /home/airflow/sandbox/lib/python3.8/site-packages/airflow/example_dags/example_xcom.py
[2022-04-08 13:40:15,149] {scheduler_job.py:643} INFO - DAG(s) dict_keys(['example_xcom']) retrieved from /home/airflow/sandbox/lib/python3.8/site-packages/airflow/example_dags/example_xcom.py
[2022-04-08 13:40:15,179] {logging_mixin.py:104} INFO - [2022-04-08 13:40:15,179] {dag.py:1832} INFO - Sync 1 DAGs
[2022-04-08 13:40:15,201] {logging_mixin.py:104} INFO - [2022-04-08 13:40:15,201] {dag.py:2305} INFO - Setting next_dagrun for example_xcom to 2022-04-06 00:00:00+00:00
[2022-04-08 13:40:15,332] {scheduler_job.py:190} INFO - Processing /home/airflow/sandbox/lib/python3.8/site-packages/airflow/example_dags/example_xcom.py took 0.220 seconds
[2022-04-08 13:46:03,877] {scheduler_job.py:182} INFO - Started process (PID=11824) to work on /home/airflow/sandbox/lib/python3.8/site-packages/airflow/example_dags/example_xcom.py
[2022-04-08 13:46:03,880] {scheduler_job.py:633} INFO - Processing file /home/airflow/sandbox/lib/python3.8/site-packages/airflow/example_dags/example_xcom.py for tasks to queue
[2022-04-08 13:46:03,881] {logging_mixin.py:104} INFO - [2022-04-08 13:46:03,881] {dagbag.py:487} INFO - Filling up the DagBag from /home/airflow/sandbox/lib/python3.8/site-packages/airflow/example_dags/example_xcom.py
[2022-04-08 13:46:03,903] {scheduler_job.py:643} INFO - DAG(s) dict_keys(['example_xcom']) retrieved from /home/airflow/sandbox/lib/python3.8/site-packages/airflow/example_dags/example_xcom.py
[2022-04-08 13:46:04,050] {logging_mixin.py:104} INFO - [2022-04-08 13:46:04,050] {dag.py:1832} INFO - Sync 1 DAGs
[2022-04-08 13:46:04,076] {logging_mixin.py:104} INFO - [2022-04-08 13:46:04,076] {dag.py:2305} INFO - Setting next_dagrun for example_xcom to 2022-04-06 00:00:00+00:00
[2022-04-08 13:46:04,113] {scheduler_job.py:190} INFO - Processing /home/airflow/sandbox/lib/python3.8/site-packages/airflow/example_dags/example_xcom.py took 0.242 seconds
[2022-04-08 13:46:45,798] {scheduler_job.py:182} INFO - Started process (PID=11872) to work on /home/airflow/sandbox/lib/python3.8/site-packages/airflow/example_dags/example_xcom.py
[2022-04-08 13:46:45,800] {scheduler_job.py:633} INFO - Processing file /home/airflow/sandbox/lib/python3.8/site-packages/airflow/example_dags/example_xcom.py for tasks to queue
[2022-04-08 13:46:45,801] {logging_mixin.py:104} INFO - [2022-04-08 13:46:45,801] {dagbag.py:487} INFO - Filling up the DagBag from /home/airflow/sandbox/lib/python3.8/site-packages/airflow/example_dags/example_xcom.py
[2022-04-08 13:46:45,828] {scheduler_job.py:643} INFO - DAG(s) dict_keys(['example_xcom']) retrieved from /home/airflow/sandbox/lib/python3.8/site-packages/airflow/example_dags/example_xcom.py
[2022-04-08 13:46:45,947] {logging_mixin.py:104} INFO - [2022-04-08 13:46:45,946] {dag.py:1832} INFO - Sync 1 DAGs
[2022-04-08 13:46:45,967] {logging_mixin.py:104} INFO - [2022-04-08 13:46:45,967] {dag.py:2305} INFO - Setting next_dagrun for example_xcom to 2022-04-06 00:00:00+00:00
[2022-04-08 13:46:46,004] {scheduler_job.py:190} INFO - Processing /home/airflow/sandbox/lib/python3.8/site-packages/airflow/example_dags/example_xcom.py took 0.214 seconds
[2022-04-08 13:47:42,337] {scheduler_job.py:182} INFO - Started process (PID=11914) to work on /home/airflow/sandbox/lib/python3.8/site-packages/airflow/example_dags/example_xcom.py
[2022-04-08 13:47:42,339] {scheduler_job.py:633} INFO - Processing file /home/airflow/sandbox/lib/python3.8/site-packages/airflow/example_dags/example_xcom.py for tasks to queue
[2022-04-08 13:47:42,341] {logging_mixin.py:104} INFO - [2022-04-08 13:47:42,340] {dagbag.py:487} INFO - Filling up the DagBag from /home/airflow/sandbox/lib/python3.8/site-packages/airflow/example_dags/example_xcom.py
[2022-04-08 13:47:42,373] {scheduler_job.py:643} INFO - DAG(s) dict_keys(['example_xcom']) retrieved from /home/airflow/sandbox/lib/python3.8/site-packages/airflow/example_dags/example_xcom.py
[2022-04-08 13:47:42,539] {logging_mixin.py:104} INFO - [2022-04-08 13:47:42,539] {dag.py:1832} INFO - Sync 1 DAGs
[2022-04-08 13:47:42,560] {logging_mixin.py:104} INFO - [2022-04-08 13:47:42,560] {dag.py:2305} INFO - Setting next_dagrun for example_xcom to 2022-04-06 00:00:00+00:00
[2022-04-08 13:47:42,588] {scheduler_job.py:190} INFO - Processing /home/airflow/sandbox/lib/python3.8/site-packages/airflow/example_dags/example_xcom.py took 0.259 seconds
[2022-04-08 13:48:26,036] {scheduler_job.py:182} INFO - Started process (PID=11949) to work on /home/airflow/sandbox/lib/python3.8/site-packages/airflow/example_dags/example_xcom.py
[2022-04-08 13:48:26,038] {scheduler_job.py:633} INFO - Processing file /home/airflow/sandbox/lib/python3.8/site-packages/airflow/example_dags/example_xcom.py for tasks to queue
[2022-04-08 13:48:26,038] {logging_mixin.py:104} INFO - [2022-04-08 13:48:26,038] {dagbag.py:487} INFO - Filling up the DagBag from /home/airflow/sandbox/lib/python3.8/site-packages/airflow/example_dags/example_xcom.py
[2022-04-08 13:48:26,170] {scheduler_job.py:643} INFO - DAG(s) dict_keys(['example_xcom']) retrieved from /home/airflow/sandbox/lib/python3.8/site-packages/airflow/example_dags/example_xcom.py
[2022-04-08 13:48:26,190] {logging_mixin.py:104} INFO - [2022-04-08 13:48:26,190] {dag.py:1832} INFO - Sync 1 DAGs
[2022-04-08 13:48:26,209] {logging_mixin.py:104} INFO - [2022-04-08 13:48:26,209] {dag.py:2305} INFO - Setting next_dagrun for example_xcom to 2022-04-06 00:00:00+00:00
[2022-04-08 13:48:26,252] {scheduler_job.py:190} INFO - Processing /home/airflow/sandbox/lib/python3.8/site-packages/airflow/example_dags/example_xcom.py took 0.221 seconds
[2022-04-08 13:49:22,427] {scheduler_job.py:182} INFO - Started process (PID=11992) to work on /home/airflow/sandbox/lib/python3.8/site-packages/airflow/example_dags/example_xcom.py
[2022-04-08 13:49:22,429] {scheduler_job.py:633} INFO - Processing file /home/airflow/sandbox/lib/python3.8/site-packages/airflow/example_dags/example_xcom.py for tasks to queue
[2022-04-08 13:49:22,430] {logging_mixin.py:104} INFO - [2022-04-08 13:49:22,430] {dagbag.py:487} INFO - Filling up the DagBag from /home/airflow/sandbox/lib/python3.8/site-packages/airflow/example_dags/example_xcom.py
[2022-04-08 13:49:22,558] {scheduler_job.py:643} INFO - DAG(s) dict_keys(['example_xcom']) retrieved from /home/airflow/sandbox/lib/python3.8/site-packages/airflow/example_dags/example_xcom.py
[2022-04-08 13:49:22,589] {logging_mixin.py:104} INFO - [2022-04-08 13:49:22,589] {dag.py:1832} INFO - Sync 1 DAGs
[2022-04-08 13:49:22,612] {logging_mixin.py:104} INFO - [2022-04-08 13:49:22,612] {dag.py:2305} INFO - Setting next_dagrun for example_xcom to 2022-04-06 00:00:00+00:00
[2022-04-08 13:49:22,649] {scheduler_job.py:190} INFO - Processing /home/airflow/sandbox/lib/python3.8/site-packages/airflow/example_dags/example_xcom.py took 0.229 seconds
[2022-04-08 13:50:05,619] {scheduler_job.py:182} INFO - Started process (PID=12027) to work on /home/airflow/sandbox/lib/python3.8/site-packages/airflow/example_dags/example_xcom.py
[2022-04-08 13:50:05,623] {scheduler_job.py:633} INFO - Processing file /home/airflow/sandbox/lib/python3.8/site-packages/airflow/example_dags/example_xcom.py for tasks to queue
[2022-04-08 13:50:05,625] {logging_mixin.py:104} INFO - [2022-04-08 13:50:05,624] {dagbag.py:487} INFO - Filling up the DagBag from /home/airflow/sandbox/lib/python3.8/site-packages/airflow/example_dags/example_xcom.py
[2022-04-08 13:50:05,771] {scheduler_job.py:643} INFO - DAG(s) dict_keys(['example_xcom']) retrieved from /home/airflow/sandbox/lib/python3.8/site-packages/airflow/example_dags/example_xcom.py
[2022-04-08 13:50:05,793] {logging_mixin.py:104} INFO - [2022-04-08 13:50:05,792] {dag.py:1832} INFO - Sync 1 DAGs
[2022-04-08 13:50:05,810] {logging_mixin.py:104} INFO - [2022-04-08 13:50:05,810] {dag.py:2305} INFO - Setting next_dagrun for example_xcom to 2022-04-06 00:00:00+00:00
[2022-04-08 13:50:05,849] {scheduler_job.py:190} INFO - Processing /home/airflow/sandbox/lib/python3.8/site-packages/airflow/example_dags/example_xcom.py took 0.235 seconds
[2022-04-08 13:51:01,514] {scheduler_job.py:182} INFO - Started process (PID=12115) to work on /home/airflow/sandbox/lib/python3.8/site-packages/airflow/example_dags/example_xcom.py
[2022-04-08 13:51:01,516] {scheduler_job.py:633} INFO - Processing file /home/airflow/sandbox/lib/python3.8/site-packages/airflow/example_dags/example_xcom.py for tasks to queue
[2022-04-08 13:51:01,517] {logging_mixin.py:104} INFO - [2022-04-08 13:51:01,517] {dagbag.py:487} INFO - Filling up the DagBag from /home/airflow/sandbox/lib/python3.8/site-packages/airflow/example_dags/example_xcom.py
[2022-04-08 13:51:01,539] {scheduler_job.py:643} INFO - DAG(s) dict_keys(['example_xcom']) retrieved from /home/airflow/sandbox/lib/python3.8/site-packages/airflow/example_dags/example_xcom.py
[2022-04-08 13:51:01,567] {logging_mixin.py:104} INFO - [2022-04-08 13:51:01,567] {dag.py:1832} INFO - Sync 1 DAGs
[2022-04-08 13:51:01,586] {logging_mixin.py:104} INFO - [2022-04-08 13:51:01,586] {dag.py:2305} INFO - Setting next_dagrun for example_xcom to 2022-04-06 00:00:00+00:00
[2022-04-08 13:51:01,631] {scheduler_job.py:190} INFO - Processing /home/airflow/sandbox/lib/python3.8/site-packages/airflow/example_dags/example_xcom.py took 0.124 seconds
[2022-04-08 13:51:54,696] {scheduler_job.py:182} INFO - Started process (PID=12156) to work on /home/airflow/sandbox/lib/python3.8/site-packages/airflow/example_dags/example_xcom.py
[2022-04-08 13:51:54,699] {scheduler_job.py:633} INFO - Processing file /home/airflow/sandbox/lib/python3.8/site-packages/airflow/example_dags/example_xcom.py for tasks to queue
[2022-04-08 13:51:54,702] {logging_mixin.py:104} INFO - [2022-04-08 13:51:54,701] {dagbag.py:487} INFO - Filling up the DagBag from /home/airflow/sandbox/lib/python3.8/site-packages/airflow/example_dags/example_xcom.py
[2022-04-08 13:51:54,727] {scheduler_job.py:643} INFO - DAG(s) dict_keys(['example_xcom']) retrieved from /home/airflow/sandbox/lib/python3.8/site-packages/airflow/example_dags/example_xcom.py
[2022-04-08 13:51:54,770] {logging_mixin.py:104} INFO - [2022-04-08 13:51:54,769] {dag.py:1832} INFO - Sync 1 DAGs
[2022-04-08 13:51:54,791] {logging_mixin.py:104} INFO - [2022-04-08 13:51:54,791] {dag.py:2305} INFO - Setting next_dagrun for example_xcom to 2022-04-06 00:00:00+00:00
[2022-04-08 13:51:54,830] {scheduler_job.py:190} INFO - Processing /home/airflow/sandbox/lib/python3.8/site-packages/airflow/example_dags/example_xcom.py took 0.140 seconds
[2022-04-08 13:52:45,024] {scheduler_job.py:182} INFO - Started process (PID=12196) to work on /home/airflow/sandbox/lib/python3.8/site-packages/airflow/example_dags/example_xcom.py
[2022-04-08 13:52:45,026] {scheduler_job.py:633} INFO - Processing file /home/airflow/sandbox/lib/python3.8/site-packages/airflow/example_dags/example_xcom.py for tasks to queue
[2022-04-08 13:52:45,029] {logging_mixin.py:104} INFO - [2022-04-08 13:52:45,029] {dagbag.py:487} INFO - Filling up the DagBag from /home/airflow/sandbox/lib/python3.8/site-packages/airflow/example_dags/example_xcom.py
[2022-04-08 13:52:45,061] {scheduler_job.py:643} INFO - DAG(s) dict_keys(['example_xcom']) retrieved from /home/airflow/sandbox/lib/python3.8/site-packages/airflow/example_dags/example_xcom.py
[2022-04-08 13:52:45,101] {logging_mixin.py:104} INFO - [2022-04-08 13:52:45,089] {dag.py:1832} INFO - Sync 1 DAGs
[2022-04-08 13:52:45,127] {logging_mixin.py:104} INFO - [2022-04-08 13:52:45,127] {dag.py:2305} INFO - Setting next_dagrun for example_xcom to 2022-04-06 00:00:00+00:00
[2022-04-08 13:52:45,174] {scheduler_job.py:190} INFO - Processing /home/airflow/sandbox/lib/python3.8/site-packages/airflow/example_dags/example_xcom.py took 0.159 seconds
[2022-04-08 13:53:29,267] {scheduler_job.py:182} INFO - Started process (PID=12230) to work on /home/airflow/sandbox/lib/python3.8/site-packages/airflow/example_dags/example_xcom.py
[2022-04-08 13:53:29,271] {scheduler_job.py:633} INFO - Processing file /home/airflow/sandbox/lib/python3.8/site-packages/airflow/example_dags/example_xcom.py for tasks to queue
[2022-04-08 13:53:29,272] {logging_mixin.py:104} INFO - [2022-04-08 13:53:29,272] {dagbag.py:487} INFO - Filling up the DagBag from /home/airflow/sandbox/lib/python3.8/site-packages/airflow/example_dags/example_xcom.py
[2022-04-08 13:53:29,302] {scheduler_job.py:643} INFO - DAG(s) dict_keys(['example_xcom']) retrieved from /home/airflow/sandbox/lib/python3.8/site-packages/airflow/example_dags/example_xcom.py
[2022-04-08 13:53:29,334] {logging_mixin.py:104} INFO - [2022-04-08 13:53:29,334] {dag.py:1832} INFO - Sync 1 DAGs
[2022-04-08 13:53:29,362] {logging_mixin.py:104} INFO - [2022-04-08 13:53:29,362] {dag.py:2305} INFO - Setting next_dagrun for example_xcom to 2022-04-06 00:00:00+00:00
[2022-04-08 13:53:29,407] {scheduler_job.py:190} INFO - Processing /home/airflow/sandbox/lib/python3.8/site-packages/airflow/example_dags/example_xcom.py took 0.150 seconds
[2022-04-08 13:54:12,607] {scheduler_job.py:182} INFO - Started process (PID=12265) to work on /home/airflow/sandbox/lib/python3.8/site-packages/airflow/example_dags/example_xcom.py
[2022-04-08 13:54:12,610] {scheduler_job.py:633} INFO - Processing file /home/airflow/sandbox/lib/python3.8/site-packages/airflow/example_dags/example_xcom.py for tasks to queue
[2022-04-08 13:54:12,612] {logging_mixin.py:104} INFO - [2022-04-08 13:54:12,612] {dagbag.py:487} INFO - Filling up the DagBag from /home/airflow/sandbox/lib/python3.8/site-packages/airflow/example_dags/example_xcom.py
[2022-04-08 13:54:12,645] {scheduler_job.py:643} INFO - DAG(s) dict_keys(['example_xcom']) retrieved from /home/airflow/sandbox/lib/python3.8/site-packages/airflow/example_dags/example_xcom.py
[2022-04-08 13:54:12,676] {logging_mixin.py:104} INFO - [2022-04-08 13:54:12,676] {dag.py:1832} INFO - Sync 1 DAGs
[2022-04-08 13:54:12,705] {logging_mixin.py:104} INFO - [2022-04-08 13:54:12,705] {dag.py:2305} INFO - Setting next_dagrun for example_xcom to 2022-04-06 00:00:00+00:00
[2022-04-08 13:54:12,750] {scheduler_job.py:190} INFO - Processing /home/airflow/sandbox/lib/python3.8/site-packages/airflow/example_dags/example_xcom.py took 0.151 seconds
[2022-04-08 13:55:01,352] {scheduler_job.py:182} INFO - Started process (PID=12308) to work on /home/airflow/sandbox/lib/python3.8/site-packages/airflow/example_dags/example_xcom.py
[2022-04-08 13:55:01,356] {scheduler_job.py:633} INFO - Processing file /home/airflow/sandbox/lib/python3.8/site-packages/airflow/example_dags/example_xcom.py for tasks to queue
[2022-04-08 13:55:01,358] {logging_mixin.py:104} INFO - [2022-04-08 13:55:01,357] {dagbag.py:487} INFO - Filling up the DagBag from /home/airflow/sandbox/lib/python3.8/site-packages/airflow/example_dags/example_xcom.py
[2022-04-08 13:55:01,383] {scheduler_job.py:643} INFO - DAG(s) dict_keys(['example_xcom']) retrieved from /home/airflow/sandbox/lib/python3.8/site-packages/airflow/example_dags/example_xcom.py
[2022-04-08 13:55:01,414] {logging_mixin.py:104} INFO - [2022-04-08 13:55:01,414] {dag.py:1832} INFO - Sync 1 DAGs
[2022-04-08 13:55:01,438] {logging_mixin.py:104} INFO - [2022-04-08 13:55:01,438] {dag.py:2305} INFO - Setting next_dagrun for example_xcom to 2022-04-06 00:00:00+00:00
[2022-04-08 13:55:01,488] {scheduler_job.py:190} INFO - Processing /home/airflow/sandbox/lib/python3.8/site-packages/airflow/example_dags/example_xcom.py took 0.149 seconds
[2022-04-08 13:55:51,781] {scheduler_job.py:182} INFO - Started process (PID=12392) to work on /home/airflow/sandbox/lib/python3.8/site-packages/airflow/example_dags/example_xcom.py
[2022-04-08 13:55:51,785] {scheduler_job.py:633} INFO - Processing file /home/airflow/sandbox/lib/python3.8/site-packages/airflow/example_dags/example_xcom.py for tasks to queue
[2022-04-08 13:55:51,786] {logging_mixin.py:104} INFO - [2022-04-08 13:55:51,786] {dagbag.py:487} INFO - Filling up the DagBag from /home/airflow/sandbox/lib/python3.8/site-packages/airflow/example_dags/example_xcom.py
[2022-04-08 13:55:51,827] {scheduler_job.py:643} INFO - DAG(s) dict_keys(['example_xcom']) retrieved from /home/airflow/sandbox/lib/python3.8/site-packages/airflow/example_dags/example_xcom.py
[2022-04-08 13:55:51,862] {logging_mixin.py:104} INFO - [2022-04-08 13:55:51,862] {dag.py:1832} INFO - Sync 1 DAGs
[2022-04-08 13:55:51,894] {logging_mixin.py:104} INFO - [2022-04-08 13:55:51,894] {dag.py:2305} INFO - Setting next_dagrun for example_xcom to 2022-04-06 00:00:00+00:00
[2022-04-08 13:55:51,945] {scheduler_job.py:190} INFO - Processing /home/airflow/sandbox/lib/python3.8/site-packages/airflow/example_dags/example_xcom.py took 0.172 seconds
[2022-04-08 13:56:43,543] {scheduler_job.py:182} INFO - Started process (PID=12433) to work on /home/airflow/sandbox/lib/python3.8/site-packages/airflow/example_dags/example_xcom.py
[2022-04-08 13:56:43,546] {scheduler_job.py:633} INFO - Processing file /home/airflow/sandbox/lib/python3.8/site-packages/airflow/example_dags/example_xcom.py for tasks to queue
[2022-04-08 13:56:43,548] {logging_mixin.py:104} INFO - [2022-04-08 13:56:43,548] {dagbag.py:487} INFO - Filling up the DagBag from /home/airflow/sandbox/lib/python3.8/site-packages/airflow/example_dags/example_xcom.py
[2022-04-08 13:56:43,594] {scheduler_job.py:643} INFO - DAG(s) dict_keys(['example_xcom']) retrieved from /home/airflow/sandbox/lib/python3.8/site-packages/airflow/example_dags/example_xcom.py
[2022-04-08 13:56:43,644] {logging_mixin.py:104} INFO - [2022-04-08 13:56:43,644] {dag.py:1832} INFO - Sync 1 DAGs
[2022-04-08 13:56:43,682] {logging_mixin.py:104} INFO - [2022-04-08 13:56:43,681] {dag.py:2305} INFO - Setting next_dagrun for example_xcom to 2022-04-06 00:00:00+00:00
[2022-04-08 13:56:43,723] {scheduler_job.py:190} INFO - Processing /home/airflow/sandbox/lib/python3.8/site-packages/airflow/example_dags/example_xcom.py took 0.189 seconds
[2022-04-08 13:57:35,430] {scheduler_job.py:182} INFO - Started process (PID=12475) to work on /home/airflow/sandbox/lib/python3.8/site-packages/airflow/example_dags/example_xcom.py
[2022-04-08 13:57:35,433] {scheduler_job.py:633} INFO - Processing file /home/airflow/sandbox/lib/python3.8/site-packages/airflow/example_dags/example_xcom.py for tasks to queue
[2022-04-08 13:57:35,434] {logging_mixin.py:104} INFO - [2022-04-08 13:57:35,434] {dagbag.py:487} INFO - Filling up the DagBag from /home/airflow/sandbox/lib/python3.8/site-packages/airflow/example_dags/example_xcom.py
[2022-04-08 13:57:35,466] {scheduler_job.py:643} INFO - DAG(s) dict_keys(['example_xcom']) retrieved from /home/airflow/sandbox/lib/python3.8/site-packages/airflow/example_dags/example_xcom.py
[2022-04-08 13:57:35,507] {logging_mixin.py:104} INFO - [2022-04-08 13:57:35,507] {dag.py:1832} INFO - Sync 1 DAGs
[2022-04-08 13:57:35,532] {logging_mixin.py:104} INFO - [2022-04-08 13:57:35,532] {dag.py:2305} INFO - Setting next_dagrun for example_xcom to 2022-04-06 00:00:00+00:00
[2022-04-08 13:57:35,581] {scheduler_job.py:190} INFO - Processing /home/airflow/sandbox/lib/python3.8/site-packages/airflow/example_dags/example_xcom.py took 0.157 seconds
[2022-04-08 13:58:18,804] {scheduler_job.py:182} INFO - Started process (PID=12508) to work on /home/airflow/sandbox/lib/python3.8/site-packages/airflow/example_dags/example_xcom.py
[2022-04-08 13:58:18,806] {scheduler_job.py:633} INFO - Processing file /home/airflow/sandbox/lib/python3.8/site-packages/airflow/example_dags/example_xcom.py for tasks to queue
[2022-04-08 13:58:18,809] {logging_mixin.py:104} INFO - [2022-04-08 13:58:18,809] {dagbag.py:487} INFO - Filling up the DagBag from /home/airflow/sandbox/lib/python3.8/site-packages/airflow/example_dags/example_xcom.py
[2022-04-08 13:58:18,833] {scheduler_job.py:643} INFO - DAG(s) dict_keys(['example_xcom']) retrieved from /home/airflow/sandbox/lib/python3.8/site-packages/airflow/example_dags/example_xcom.py
[2022-04-08 13:58:18,880] {logging_mixin.py:104} INFO - [2022-04-08 13:58:18,880] {dag.py:1832} INFO - Sync 1 DAGs
[2022-04-08 13:58:18,908] {logging_mixin.py:104} INFO - [2022-04-08 13:58:18,908] {dag.py:2305} INFO - Setting next_dagrun for example_xcom to 2022-04-06 00:00:00+00:00
[2022-04-08 13:58:18,947] {scheduler_job.py:190} INFO - Processing /home/airflow/sandbox/lib/python3.8/site-packages/airflow/example_dags/example_xcom.py took 0.150 seconds
[2022-04-08 13:59:11,370] {scheduler_job.py:182} INFO - Started process (PID=12549) to work on /home/airflow/sandbox/lib/python3.8/site-packages/airflow/example_dags/example_xcom.py
[2022-04-08 13:59:11,374] {scheduler_job.py:633} INFO - Processing file /home/airflow/sandbox/lib/python3.8/site-packages/airflow/example_dags/example_xcom.py for tasks to queue
[2022-04-08 13:59:11,376] {logging_mixin.py:104} INFO - [2022-04-08 13:59:11,375] {dagbag.py:487} INFO - Filling up the DagBag from /home/airflow/sandbox/lib/python3.8/site-packages/airflow/example_dags/example_xcom.py
[2022-04-08 13:59:11,405] {scheduler_job.py:643} INFO - DAG(s) dict_keys(['example_xcom']) retrieved from /home/airflow/sandbox/lib/python3.8/site-packages/airflow/example_dags/example_xcom.py
[2022-04-08 13:59:11,444] {logging_mixin.py:104} INFO - [2022-04-08 13:59:11,444] {dag.py:1832} INFO - Sync 1 DAGs
[2022-04-08 13:59:11,466] {logging_mixin.py:104} INFO - [2022-04-08 13:59:11,466] {dag.py:2305} INFO - Setting next_dagrun for example_xcom to 2022-04-06 00:00:00+00:00
[2022-04-08 13:59:11,499] {scheduler_job.py:190} INFO - Processing /home/airflow/sandbox/lib/python3.8/site-packages/airflow/example_dags/example_xcom.py took 0.136 seconds
[2022-04-08 14:00:03,894] {scheduler_job.py:182} INFO - Started process (PID=12592) to work on /home/airflow/sandbox/lib/python3.8/site-packages/airflow/example_dags/example_xcom.py
[2022-04-08 14:00:03,899] {scheduler_job.py:633} INFO - Processing file /home/airflow/sandbox/lib/python3.8/site-packages/airflow/example_dags/example_xcom.py for tasks to queue
[2022-04-08 14:00:03,901] {logging_mixin.py:104} INFO - [2022-04-08 14:00:03,901] {dagbag.py:487} INFO - Filling up the DagBag from /home/airflow/sandbox/lib/python3.8/site-packages/airflow/example_dags/example_xcom.py
[2022-04-08 14:00:03,946] {scheduler_job.py:643} INFO - DAG(s) dict_keys(['example_xcom']) retrieved from /home/airflow/sandbox/lib/python3.8/site-packages/airflow/example_dags/example_xcom.py
[2022-04-08 14:00:03,977] {logging_mixin.py:104} INFO - [2022-04-08 14:00:03,977] {dag.py:1832} INFO - Sync 1 DAGs
[2022-04-08 14:00:04,007] {logging_mixin.py:104} INFO - [2022-04-08 14:00:04,007] {dag.py:2305} INFO - Setting next_dagrun for example_xcom to 2022-04-06 00:00:00+00:00
[2022-04-08 14:00:04,059] {scheduler_job.py:190} INFO - Processing /home/airflow/sandbox/lib/python3.8/site-packages/airflow/example_dags/example_xcom.py took 0.173 seconds
[2022-04-08 14:00:47,360] {scheduler_job.py:182} INFO - Started process (PID=12667) to work on /home/airflow/sandbox/lib/python3.8/site-packages/airflow/example_dags/example_xcom.py
[2022-04-08 14:00:47,362] {scheduler_job.py:633} INFO - Processing file /home/airflow/sandbox/lib/python3.8/site-packages/airflow/example_dags/example_xcom.py for tasks to queue
[2022-04-08 14:00:47,364] {logging_mixin.py:104} INFO - [2022-04-08 14:00:47,364] {dagbag.py:487} INFO - Filling up the DagBag from /home/airflow/sandbox/lib/python3.8/site-packages/airflow/example_dags/example_xcom.py
[2022-04-08 14:00:47,391] {scheduler_job.py:643} INFO - DAG(s) dict_keys(['example_xcom']) retrieved from /home/airflow/sandbox/lib/python3.8/site-packages/airflow/example_dags/example_xcom.py
[2022-04-08 14:00:47,425] {logging_mixin.py:104} INFO - [2022-04-08 14:00:47,424] {dag.py:1832} INFO - Sync 1 DAGs
[2022-04-08 14:00:47,456] {logging_mixin.py:104} INFO - [2022-04-08 14:00:47,456] {dag.py:2305} INFO - Setting next_dagrun for example_xcom to 2022-04-06 00:00:00+00:00
[2022-04-08 14:00:47,511] {scheduler_job.py:190} INFO - Processing /home/airflow/sandbox/lib/python3.8/site-packages/airflow/example_dags/example_xcom.py took 0.158 seconds
[2022-04-08 14:01:43,541] {scheduler_job.py:182} INFO - Started process (PID=12710) to work on /home/airflow/sandbox/lib/python3.8/site-packages/airflow/example_dags/example_xcom.py
[2022-04-08 14:01:43,543] {scheduler_job.py:633} INFO - Processing file /home/airflow/sandbox/lib/python3.8/site-packages/airflow/example_dags/example_xcom.py for tasks to queue
[2022-04-08 14:01:43,545] {logging_mixin.py:104} INFO - [2022-04-08 14:01:43,545] {dagbag.py:487} INFO - Filling up the DagBag from /home/airflow/sandbox/lib/python3.8/site-packages/airflow/example_dags/example_xcom.py
[2022-04-08 14:01:43,573] {scheduler_job.py:643} INFO - DAG(s) dict_keys(['example_xcom']) retrieved from /home/airflow/sandbox/lib/python3.8/site-packages/airflow/example_dags/example_xcom.py
[2022-04-08 14:01:43,616] {logging_mixin.py:104} INFO - [2022-04-08 14:01:43,616] {dag.py:1832} INFO - Sync 1 DAGs
[2022-04-08 14:01:43,643] {logging_mixin.py:104} INFO - [2022-04-08 14:01:43,642] {dag.py:2305} INFO - Setting next_dagrun for example_xcom to 2022-04-06 00:00:00+00:00
[2022-04-08 14:01:43,689] {scheduler_job.py:190} INFO - Processing /home/airflow/sandbox/lib/python3.8/site-packages/airflow/example_dags/example_xcom.py took 0.161 seconds
[2022-04-08 14:02:38,150] {scheduler_job.py:182} INFO - Started process (PID=12753) to work on /home/airflow/sandbox/lib/python3.8/site-packages/airflow/example_dags/example_xcom.py
[2022-04-08 14:02:38,154] {scheduler_job.py:633} INFO - Processing file /home/airflow/sandbox/lib/python3.8/site-packages/airflow/example_dags/example_xcom.py for tasks to queue
[2022-04-08 14:02:38,157] {logging_mixin.py:104} INFO - [2022-04-08 14:02:38,156] {dagbag.py:487} INFO - Filling up the DagBag from /home/airflow/sandbox/lib/python3.8/site-packages/airflow/example_dags/example_xcom.py
[2022-04-08 14:02:38,196] {scheduler_job.py:643} INFO - DAG(s) dict_keys(['example_xcom']) retrieved from /home/airflow/sandbox/lib/python3.8/site-packages/airflow/example_dags/example_xcom.py
[2022-04-08 14:02:38,237] {logging_mixin.py:104} INFO - [2022-04-08 14:02:38,237] {dag.py:1832} INFO - Sync 1 DAGs
[2022-04-08 14:02:38,271] {logging_mixin.py:104} INFO - [2022-04-08 14:02:38,270] {dag.py:2305} INFO - Setting next_dagrun for example_xcom to 2022-04-06 00:00:00+00:00
[2022-04-08 14:02:38,310] {scheduler_job.py:190} INFO - Processing /home/airflow/sandbox/lib/python3.8/site-packages/airflow/example_dags/example_xcom.py took 0.169 seconds
[2022-04-08 14:03:31,687] {scheduler_job.py:182} INFO - Started process (PID=12796) to work on /home/airflow/sandbox/lib/python3.8/site-packages/airflow/example_dags/example_xcom.py
[2022-04-08 14:03:31,690] {scheduler_job.py:633} INFO - Processing file /home/airflow/sandbox/lib/python3.8/site-packages/airflow/example_dags/example_xcom.py for tasks to queue
[2022-04-08 14:03:31,692] {logging_mixin.py:104} INFO - [2022-04-08 14:03:31,691] {dagbag.py:487} INFO - Filling up the DagBag from /home/airflow/sandbox/lib/python3.8/site-packages/airflow/example_dags/example_xcom.py
[2022-04-08 14:03:31,720] {scheduler_job.py:643} INFO - DAG(s) dict_keys(['example_xcom']) retrieved from /home/airflow/sandbox/lib/python3.8/site-packages/airflow/example_dags/example_xcom.py
[2022-04-08 14:03:31,756] {logging_mixin.py:104} INFO - [2022-04-08 14:03:31,755] {dag.py:1832} INFO - Sync 1 DAGs
[2022-04-08 14:03:31,788] {logging_mixin.py:104} INFO - [2022-04-08 14:03:31,788] {dag.py:2305} INFO - Setting next_dagrun for example_xcom to 2022-04-06 00:00:00+00:00
[2022-04-08 14:03:31,823] {scheduler_job.py:190} INFO - Processing /home/airflow/sandbox/lib/python3.8/site-packages/airflow/example_dags/example_xcom.py took 0.143 seconds
[2022-04-08 14:04:28,778] {scheduler_job.py:182} INFO - Started process (PID=12840) to work on /home/airflow/sandbox/lib/python3.8/site-packages/airflow/example_dags/example_xcom.py
[2022-04-08 14:04:28,780] {scheduler_job.py:633} INFO - Processing file /home/airflow/sandbox/lib/python3.8/site-packages/airflow/example_dags/example_xcom.py for tasks to queue
[2022-04-08 14:04:28,782] {logging_mixin.py:104} INFO - [2022-04-08 14:04:28,782] {dagbag.py:487} INFO - Filling up the DagBag from /home/airflow/sandbox/lib/python3.8/site-packages/airflow/example_dags/example_xcom.py
[2022-04-08 14:04:28,809] {scheduler_job.py:643} INFO - DAG(s) dict_keys(['example_xcom']) retrieved from /home/airflow/sandbox/lib/python3.8/site-packages/airflow/example_dags/example_xcom.py
[2022-04-08 14:04:28,844] {logging_mixin.py:104} INFO - [2022-04-08 14:04:28,844] {dag.py:1832} INFO - Sync 1 DAGs
[2022-04-08 14:04:28,870] {logging_mixin.py:104} INFO - [2022-04-08 14:04:28,870] {dag.py:2305} INFO - Setting next_dagrun for example_xcom to 2022-04-06 00:00:00+00:00
[2022-04-08 14:04:28,920] {scheduler_job.py:190} INFO - Processing /home/airflow/sandbox/lib/python3.8/site-packages/airflow/example_dags/example_xcom.py took 0.149 seconds
[2022-04-08 14:05:11,044] {scheduler_job.py:182} INFO - Started process (PID=12878) to work on /home/airflow/sandbox/lib/python3.8/site-packages/airflow/example_dags/example_xcom.py
[2022-04-08 14:05:11,046] {scheduler_job.py:633} INFO - Processing file /home/airflow/sandbox/lib/python3.8/site-packages/airflow/example_dags/example_xcom.py for tasks to queue
[2022-04-08 14:05:11,047] {logging_mixin.py:104} INFO - [2022-04-08 14:05:11,047] {dagbag.py:487} INFO - Filling up the DagBag from /home/airflow/sandbox/lib/python3.8/site-packages/airflow/example_dags/example_xcom.py
[2022-04-08 14:05:11,084] {scheduler_job.py:643} INFO - DAG(s) dict_keys(['example_xcom']) retrieved from /home/airflow/sandbox/lib/python3.8/site-packages/airflow/example_dags/example_xcom.py
[2022-04-08 14:05:11,115] {logging_mixin.py:104} INFO - [2022-04-08 14:05:11,115] {dag.py:1832} INFO - Sync 1 DAGs
[2022-04-08 14:05:11,141] {logging_mixin.py:104} INFO - [2022-04-08 14:05:11,141] {dag.py:2305} INFO - Setting next_dagrun for example_xcom to 2022-04-06 00:00:00+00:00
[2022-04-08 14:05:11,184] {scheduler_job.py:190} INFO - Processing /home/airflow/sandbox/lib/python3.8/site-packages/airflow/example_dags/example_xcom.py took 0.147 seconds
[2022-04-08 14:06:04,421] {scheduler_job.py:182} INFO - Started process (PID=12963) to work on /home/airflow/sandbox/lib/python3.8/site-packages/airflow/example_dags/example_xcom.py
[2022-04-08 14:06:04,425] {scheduler_job.py:633} INFO - Processing file /home/airflow/sandbox/lib/python3.8/site-packages/airflow/example_dags/example_xcom.py for tasks to queue
[2022-04-08 14:06:04,427] {logging_mixin.py:104} INFO - [2022-04-08 14:06:04,426] {dagbag.py:487} INFO - Filling up the DagBag from /home/airflow/sandbox/lib/python3.8/site-packages/airflow/example_dags/example_xcom.py
[2022-04-08 14:06:04,456] {scheduler_job.py:643} INFO - DAG(s) dict_keys(['example_xcom']) retrieved from /home/airflow/sandbox/lib/python3.8/site-packages/airflow/example_dags/example_xcom.py
[2022-04-08 14:06:04,486] {logging_mixin.py:104} INFO - [2022-04-08 14:06:04,486] {dag.py:1832} INFO - Sync 1 DAGs
[2022-04-08 14:06:04,511] {logging_mixin.py:104} INFO - [2022-04-08 14:06:04,511] {dag.py:2305} INFO - Setting next_dagrun for example_xcom to 2022-04-06 00:00:00+00:00
[2022-04-08 14:06:04,545] {scheduler_job.py:190} INFO - Processing /home/airflow/sandbox/lib/python3.8/site-packages/airflow/example_dags/example_xcom.py took 0.130 seconds
[2022-04-08 14:06:49,099] {scheduler_job.py:182} INFO - Started process (PID=12998) to work on /home/airflow/sandbox/lib/python3.8/site-packages/airflow/example_dags/example_xcom.py
[2022-04-08 14:06:49,102] {scheduler_job.py:633} INFO - Processing file /home/airflow/sandbox/lib/python3.8/site-packages/airflow/example_dags/example_xcom.py for tasks to queue
[2022-04-08 14:06:49,103] {logging_mixin.py:104} INFO - [2022-04-08 14:06:49,103] {dagbag.py:487} INFO - Filling up the DagBag from /home/airflow/sandbox/lib/python3.8/site-packages/airflow/example_dags/example_xcom.py
[2022-04-08 14:06:49,130] {scheduler_job.py:643} INFO - DAG(s) dict_keys(['example_xcom']) retrieved from /home/airflow/sandbox/lib/python3.8/site-packages/airflow/example_dags/example_xcom.py
[2022-04-08 14:06:49,163] {logging_mixin.py:104} INFO - [2022-04-08 14:06:49,163] {dag.py:1832} INFO - Sync 1 DAGs
[2022-04-08 14:06:49,188] {logging_mixin.py:104} INFO - [2022-04-08 14:06:49,188] {dag.py:2305} INFO - Setting next_dagrun for example_xcom to 2022-04-06 00:00:00+00:00
[2022-04-08 14:06:49,232] {scheduler_job.py:190} INFO - Processing /home/airflow/sandbox/lib/python3.8/site-packages/airflow/example_dags/example_xcom.py took 0.141 seconds
[2022-04-08 14:07:37,346] {scheduler_job.py:182} INFO - Started process (PID=13037) to work on /home/airflow/sandbox/lib/python3.8/site-packages/airflow/example_dags/example_xcom.py
[2022-04-08 14:07:37,349] {scheduler_job.py:633} INFO - Processing file /home/airflow/sandbox/lib/python3.8/site-packages/airflow/example_dags/example_xcom.py for tasks to queue
[2022-04-08 14:07:37,351] {logging_mixin.py:104} INFO - [2022-04-08 14:07:37,351] {dagbag.py:487} INFO - Filling up the DagBag from /home/airflow/sandbox/lib/python3.8/site-packages/airflow/example_dags/example_xcom.py
[2022-04-08 14:07:37,378] {scheduler_job.py:643} INFO - DAG(s) dict_keys(['example_xcom']) retrieved from /home/airflow/sandbox/lib/python3.8/site-packages/airflow/example_dags/example_xcom.py
[2022-04-08 14:07:37,408] {logging_mixin.py:104} INFO - [2022-04-08 14:07:37,408] {dag.py:1832} INFO - Sync 1 DAGs
[2022-04-08 14:07:37,431] {logging_mixin.py:104} INFO - [2022-04-08 14:07:37,431] {dag.py:2305} INFO - Setting next_dagrun for example_xcom to 2022-04-06 00:00:00+00:00
[2022-04-08 14:07:37,476] {scheduler_job.py:190} INFO - Processing /home/airflow/sandbox/lib/python3.8/site-packages/airflow/example_dags/example_xcom.py took 0.137 seconds
[2022-04-08 14:08:30,453] {scheduler_job.py:182} INFO - Started process (PID=13079) to work on /home/airflow/sandbox/lib/python3.8/site-packages/airflow/example_dags/example_xcom.py
[2022-04-08 14:08:30,455] {scheduler_job.py:633} INFO - Processing file /home/airflow/sandbox/lib/python3.8/site-packages/airflow/example_dags/example_xcom.py for tasks to queue
[2022-04-08 14:08:30,456] {logging_mixin.py:104} INFO - [2022-04-08 14:08:30,456] {dagbag.py:487} INFO - Filling up the DagBag from /home/airflow/sandbox/lib/python3.8/site-packages/airflow/example_dags/example_xcom.py
[2022-04-08 14:08:30,483] {scheduler_job.py:643} INFO - DAG(s) dict_keys(['example_xcom']) retrieved from /home/airflow/sandbox/lib/python3.8/site-packages/airflow/example_dags/example_xcom.py
[2022-04-08 14:08:30,514] {logging_mixin.py:104} INFO - [2022-04-08 14:08:30,514] {dag.py:1832} INFO - Sync 1 DAGs
[2022-04-08 14:08:30,538] {logging_mixin.py:104} INFO - [2022-04-08 14:08:30,538] {dag.py:2305} INFO - Setting next_dagrun for example_xcom to 2022-04-06 00:00:00+00:00
[2022-04-08 14:08:30,592] {scheduler_job.py:190} INFO - Processing /home/airflow/sandbox/lib/python3.8/site-packages/airflow/example_dags/example_xcom.py took 0.146 seconds
[2022-04-08 14:09:16,209] {scheduler_job.py:182} INFO - Started process (PID=13118) to work on /home/airflow/sandbox/lib/python3.8/site-packages/airflow/example_dags/example_xcom.py
[2022-04-08 14:09:16,213] {scheduler_job.py:633} INFO - Processing file /home/airflow/sandbox/lib/python3.8/site-packages/airflow/example_dags/example_xcom.py for tasks to queue
[2022-04-08 14:09:16,216] {logging_mixin.py:104} INFO - [2022-04-08 14:09:16,216] {dagbag.py:487} INFO - Filling up the DagBag from /home/airflow/sandbox/lib/python3.8/site-packages/airflow/example_dags/example_xcom.py
[2022-04-08 14:09:16,242] {scheduler_job.py:643} INFO - DAG(s) dict_keys(['example_xcom']) retrieved from /home/airflow/sandbox/lib/python3.8/site-packages/airflow/example_dags/example_xcom.py
[2022-04-08 14:09:16,272] {logging_mixin.py:104} INFO - [2022-04-08 14:09:16,272] {dag.py:1832} INFO - Sync 1 DAGs
[2022-04-08 14:09:16,301] {logging_mixin.py:104} INFO - [2022-04-08 14:09:16,300] {dag.py:2305} INFO - Setting next_dagrun for example_xcom to 2022-04-06 00:00:00+00:00
[2022-04-08 14:09:16,346] {scheduler_job.py:190} INFO - Processing /home/airflow/sandbox/lib/python3.8/site-packages/airflow/example_dags/example_xcom.py took 0.143 seconds
[2022-04-08 14:09:59,504] {scheduler_job.py:182} INFO - Started process (PID=13155) to work on /home/airflow/sandbox/lib/python3.8/site-packages/airflow/example_dags/example_xcom.py
[2022-04-08 14:09:59,506] {scheduler_job.py:633} INFO - Processing file /home/airflow/sandbox/lib/python3.8/site-packages/airflow/example_dags/example_xcom.py for tasks to queue
[2022-04-08 14:09:59,507] {logging_mixin.py:104} INFO - [2022-04-08 14:09:59,507] {dagbag.py:487} INFO - Filling up the DagBag from /home/airflow/sandbox/lib/python3.8/site-packages/airflow/example_dags/example_xcom.py
[2022-04-08 14:09:59,533] {scheduler_job.py:643} INFO - DAG(s) dict_keys(['example_xcom']) retrieved from /home/airflow/sandbox/lib/python3.8/site-packages/airflow/example_dags/example_xcom.py
[2022-04-08 14:09:59,566] {logging_mixin.py:104} INFO - [2022-04-08 14:09:59,566] {dag.py:1832} INFO - Sync 1 DAGs
[2022-04-08 14:09:59,589] {logging_mixin.py:104} INFO - [2022-04-08 14:09:59,589] {dag.py:2305} INFO - Setting next_dagrun for example_xcom to 2022-04-06 00:00:00+00:00
[2022-04-08 14:09:59,638] {scheduler_job.py:190} INFO - Processing /home/airflow/sandbox/lib/python3.8/site-packages/airflow/example_dags/example_xcom.py took 0.142 seconds
