[2022-04-16 08:51:25,708] {taskinstance.py:876} INFO - Dependencies all met for <TaskInstance: xcom_dag.processing_tasks.training_model_b 2022-04-16T08:51:18.711255+00:00 [queued]>
[2022-04-16 08:51:25,774] {taskinstance.py:876} INFO - Dependencies all met for <TaskInstance: xcom_dag.processing_tasks.training_model_b 2022-04-16T08:51:18.711255+00:00 [queued]>
[2022-04-16 08:51:25,774] {taskinstance.py:1067} INFO - 
--------------------------------------------------------------------------------
[2022-04-16 08:51:25,774] {taskinstance.py:1068} INFO - Starting attempt 1 of 1
[2022-04-16 08:51:25,774] {taskinstance.py:1069} INFO - 
--------------------------------------------------------------------------------
[2022-04-16 08:51:25,870] {taskinstance.py:1087} INFO - Executing <Task(PythonOperator): processing_tasks.training_model_b> on 2022-04-16T08:51:18.711255+00:00
[2022-04-16 08:51:25,897] {standard_task_runner.py:76} INFO - Running: ['airflow', 'tasks', 'run', 'xcom_dag', 'processing_tasks.training_model_b', '2022-04-16T08:51:18.711255+00:00', '--job-id', '82', '--pool', 'default_pool', '--raw', '--subdir', 'DAGS_FOLDER/xcom_dag.py', '--cfg-path', '/tmp/tmp0htuv82b', '--error-file', '/tmp/tmpxovzv12m']
[2022-04-16 08:51:25,879] {standard_task_runner.py:52} INFO - Started process 56444 to run task
[2022-04-16 08:51:25,944] {standard_task_runner.py:77} INFO - Job 82: Subtask processing_tasks.training_model_b
[2022-04-16 08:51:26,411] {logging_mixin.py:104} INFO - Running <TaskInstance: xcom_dag.processing_tasks.training_model_b 2022-04-16T08:51:18.711255+00:00 [running]> on host airflowvm
[2022-04-16 08:51:31,990] {taskinstance.py:1280} INFO - Exporting the following env vars:
AIRFLOW_CTX_DAG_OWNER=airflow
AIRFLOW_CTX_DAG_ID=xcom_dag
AIRFLOW_CTX_TASK_ID=processing_tasks.training_model_b
AIRFLOW_CTX_EXECUTION_DATE=2022-04-16T08:51:18.711255+00:00
AIRFLOW_CTX_DAG_RUN_ID=manual__2022-04-16T08:51:18.711255+00:00
[2022-04-16 08:51:31,991] {logging_mixin.py:104} INFO - model's accuracy: 5.417490141972835
[2022-04-16 08:51:32,120] {python.py:151} INFO - Done. Returned value was: None
[2022-04-16 08:51:32,188] {taskinstance.py:1184} INFO - Marking task as SUCCESS. dag_id=xcom_dag, task_id=processing_tasks.training_model_b, execution_date=20220416T085118, start_date=20220416T085125, end_date=20220416T085132
[2022-04-16 08:51:32,497] {taskinstance.py:1245} INFO - 0 downstream tasks scheduled from follow-on schedule check
[2022-04-16 08:51:32,515] {local_task_job.py:151} INFO - Task exited with return code 0
