[2022-04-15 03:11:17,124] {scheduler_job.py:182} INFO - Started process (PID=39538) to work on /home/airflow/airflow/dags/parallel_dag.py
[2022-04-15 03:11:17,126] {scheduler_job.py:633} INFO - Processing file /home/airflow/airflow/dags/parallel_dag.py for tasks to queue
[2022-04-15 03:11:17,289] {logging_mixin.py:104} INFO - [2022-04-15 03:11:17,289] {dagbag.py:487} INFO - Filling up the DagBag from /home/airflow/airflow/dags/parallel_dag.py
[2022-04-15 03:11:17,939] {scheduler_job.py:643} INFO - DAG(s) dict_keys(['parallel_dag']) retrieved from /home/airflow/airflow/dags/parallel_dag.py
[2022-04-15 03:11:19,069] {logging_mixin.py:104} INFO - [2022-04-15 03:11:19,069] {dag.py:1832} INFO - Sync 1 DAGs
[2022-04-15 03:11:19,378] {logging_mixin.py:104} INFO - [2022-04-15 03:11:19,377] {dag.py:2305} INFO - Setting next_dagrun for parallel_dag to 2022-04-15 00:00:00+00:00
[2022-04-15 03:11:19,554] {scheduler_job.py:190} INFO - Processing /home/airflow/airflow/dags/parallel_dag.py took 2.650 seconds
[2022-04-15 03:11:50,135] {scheduler_job.py:182} INFO - Started process (PID=40218) to work on /home/airflow/airflow/dags/parallel_dag.py
[2022-04-15 03:11:50,232] {scheduler_job.py:633} INFO - Processing file /home/airflow/airflow/dags/parallel_dag.py for tasks to queue
[2022-04-15 03:11:50,252] {logging_mixin.py:104} INFO - [2022-04-15 03:11:50,252] {dagbag.py:487} INFO - Filling up the DagBag from /home/airflow/airflow/dags/parallel_dag.py
[2022-04-15 03:11:50,391] {scheduler_job.py:643} INFO - DAG(s) dict_keys(['parallel_dag']) retrieved from /home/airflow/airflow/dags/parallel_dag.py
[2022-04-15 03:11:50,856] {logging_mixin.py:104} INFO - [2022-04-15 03:11:50,856] {dag.py:1832} INFO - Sync 1 DAGs
[2022-04-15 03:11:51,330] {logging_mixin.py:104} INFO - [2022-04-15 03:11:51,330] {dag.py:2305} INFO - Setting next_dagrun for parallel_dag to 2022-04-15 00:00:00+00:00
[2022-04-15 03:11:51,475] {scheduler_job.py:190} INFO - Processing /home/airflow/airflow/dags/parallel_dag.py took 1.348 seconds
[2022-04-15 10:24:38,688] {scheduler_job.py:182} INFO - Started process (PID=41164) to work on /home/airflow/airflow/dags/parallel_dag.py
[2022-04-15 10:24:38,704] {scheduler_job.py:633} INFO - Processing file /home/airflow/airflow/dags/parallel_dag.py for tasks to queue
[2022-04-15 10:24:38,706] {logging_mixin.py:104} INFO - [2022-04-15 10:24:38,705] {dagbag.py:487} INFO - Filling up the DagBag from /home/airflow/airflow/dags/parallel_dag.py
[2022-04-15 10:24:38,839] {scheduler_job.py:643} INFO - DAG(s) dict_keys(['parallel_dag']) retrieved from /home/airflow/airflow/dags/parallel_dag.py
[2022-04-15 10:24:39,060] {logging_mixin.py:104} INFO - [2022-04-15 10:24:39,060] {dag.py:1832} INFO - Sync 1 DAGs
[2022-04-15 10:24:39,185] {logging_mixin.py:104} INFO - [2022-04-15 10:24:39,185] {dag.py:2305} INFO - Setting next_dagrun for parallel_dag to 2022-04-15 00:00:00+00:00
[2022-04-15 10:24:39,375] {scheduler_job.py:190} INFO - Processing /home/airflow/airflow/dags/parallel_dag.py took 0.717 seconds
[2022-04-15 10:25:10,334] {scheduler_job.py:182} INFO - Started process (PID=41471) to work on /home/airflow/airflow/dags/parallel_dag.py
[2022-04-15 10:25:10,356] {scheduler_job.py:633} INFO - Processing file /home/airflow/airflow/dags/parallel_dag.py for tasks to queue
[2022-04-15 10:25:10,366] {logging_mixin.py:104} INFO - [2022-04-15 10:25:10,364] {dagbag.py:487} INFO - Filling up the DagBag from /home/airflow/airflow/dags/parallel_dag.py
[2022-04-15 10:25:10,607] {scheduler_job.py:643} INFO - DAG(s) dict_keys(['parallel_dag']) retrieved from /home/airflow/airflow/dags/parallel_dag.py
[2022-04-15 10:25:10,971] {logging_mixin.py:104} INFO - [2022-04-15 10:25:10,971] {dag.py:1832} INFO - Sync 1 DAGs
[2022-04-15 10:25:11,270] {logging_mixin.py:104} INFO - [2022-04-15 10:25:11,270] {dag.py:2305} INFO - Setting next_dagrun for parallel_dag to 2022-04-15 00:00:00+00:00
[2022-04-15 10:25:11,488] {scheduler_job.py:190} INFO - Processing /home/airflow/airflow/dags/parallel_dag.py took 1.197 seconds
