[2022-04-15 03:11:18,868] {scheduler_job.py:182} INFO - Started process (PID=39570) to work on /home/airflow/airflow/dags/user_processing.py
[2022-04-15 03:11:18,893] {scheduler_job.py:633} INFO - Processing file /home/airflow/airflow/dags/user_processing.py for tasks to queue
[2022-04-15 03:11:18,942] {logging_mixin.py:104} INFO - [2022-04-15 03:11:18,941] {dagbag.py:487} INFO - Filling up the DagBag from /home/airflow/airflow/dags/user_processing.py
[2022-04-15 03:11:19,363] {logging_mixin.py:104} WARNING - /home/airflow/sandbox/lib/python3.8/site-packages/airflow/providers/sqlite/operators/sqlite.py:25 DeprecationWarning: This decorator is deprecated.

In previous versions, all subclasses of BaseOperator must use apply_default decorator for the`default_args` feature to work properly.

In current version, it is optional. The decorator is applied automatically using the metaclass.
[2022-04-15 03:11:30,032] {scheduler_job.py:643} INFO - DAG(s) dict_keys(['user_processing']) retrieved from /home/airflow/airflow/dags/user_processing.py
[2022-04-15 03:11:30,349] {logging_mixin.py:104} INFO - [2022-04-15 03:11:30,348] {dag.py:1832} INFO - Sync 1 DAGs
[2022-04-15 03:11:30,842] {logging_mixin.py:104} INFO - [2022-04-15 03:11:30,842] {dag.py:2305} INFO - Setting next_dagrun for user_processing to 2022-04-14 00:00:00+00:00
[2022-04-15 03:11:31,060] {scheduler_job.py:190} INFO - Processing /home/airflow/airflow/dags/user_processing.py took 12.395 seconds
[2022-04-15 03:12:01,503] {scheduler_job.py:182} INFO - Started process (PID=40532) to work on /home/airflow/airflow/dags/user_processing.py
[2022-04-15 03:12:01,523] {scheduler_job.py:633} INFO - Processing file /home/airflow/airflow/dags/user_processing.py for tasks to queue
[2022-04-15 03:12:01,527] {logging_mixin.py:104} INFO - [2022-04-15 03:12:01,526] {dagbag.py:487} INFO - Filling up the DagBag from /home/airflow/airflow/dags/user_processing.py
[2022-04-15 03:12:01,709] {logging_mixin.py:104} WARNING - /home/airflow/sandbox/lib/python3.8/site-packages/airflow/providers/sqlite/operators/sqlite.py:25 DeprecationWarning: This decorator is deprecated.

In previous versions, all subclasses of BaseOperator must use apply_default decorator for the`default_args` feature to work properly.

In current version, it is optional. The decorator is applied automatically using the metaclass.
[2022-04-15 03:12:08,275] {scheduler_job.py:643} INFO - DAG(s) dict_keys(['user_processing']) retrieved from /home/airflow/airflow/dags/user_processing.py
[2022-04-15 03:12:08,636] {logging_mixin.py:104} INFO - [2022-04-15 03:12:08,635] {dag.py:1832} INFO - Sync 1 DAGs
[2022-04-15 03:12:08,839] {logging_mixin.py:104} INFO - [2022-04-15 03:12:08,839] {dag.py:2305} INFO - Setting next_dagrun for user_processing to 2022-04-14 00:00:00+00:00
[2022-04-15 03:12:09,060] {scheduler_job.py:190} INFO - Processing /home/airflow/airflow/dags/user_processing.py took 7.639 seconds
[2022-04-15 10:24:39,033] {scheduler_job.py:182} INFO - Started process (PID=41175) to work on /home/airflow/airflow/dags/user_processing.py
[2022-04-15 10:24:39,076] {scheduler_job.py:633} INFO - Processing file /home/airflow/airflow/dags/user_processing.py for tasks to queue
[2022-04-15 10:24:39,090] {logging_mixin.py:104} INFO - [2022-04-15 10:24:39,090] {dagbag.py:487} INFO - Filling up the DagBag from /home/airflow/airflow/dags/user_processing.py
[2022-04-15 10:24:39,216] {logging_mixin.py:104} WARNING - /home/airflow/sandbox/lib/python3.8/site-packages/airflow/providers/sqlite/operators/sqlite.py:25 DeprecationWarning: This decorator is deprecated.

In previous versions, all subclasses of BaseOperator must use apply_default decorator for the`default_args` feature to work properly.

In current version, it is optional. The decorator is applied automatically using the metaclass.
[2022-04-15 10:24:57,451] {scheduler_job.py:643} INFO - DAG(s) dict_keys(['user_processing']) retrieved from /home/airflow/airflow/dags/user_processing.py
[2022-04-15 10:24:58,397] {logging_mixin.py:104} INFO - [2022-04-15 10:24:58,396] {dag.py:1832} INFO - Sync 1 DAGs
[2022-04-15 10:24:59,068] {logging_mixin.py:104} INFO - [2022-04-15 10:24:59,067] {dag.py:2305} INFO - Setting next_dagrun for user_processing to 2022-04-14 00:00:00+00:00
[2022-04-15 10:24:59,330] {scheduler_job.py:190} INFO - Processing /home/airflow/airflow/dags/user_processing.py took 20.301 seconds
[2022-04-15 10:25:29,962] {scheduler_job.py:182} INFO - Started process (PID=41536) to work on /home/airflow/airflow/dags/user_processing.py
[2022-04-15 10:25:29,971] {scheduler_job.py:633} INFO - Processing file /home/airflow/airflow/dags/user_processing.py for tasks to queue
[2022-04-15 10:25:29,974] {logging_mixin.py:104} INFO - [2022-04-15 10:25:29,974] {dagbag.py:487} INFO - Filling up the DagBag from /home/airflow/airflow/dags/user_processing.py
[2022-04-15 10:25:30,620] {logging_mixin.py:104} WARNING - /home/airflow/sandbox/lib/python3.8/site-packages/airflow/providers/sqlite/operators/sqlite.py:25 DeprecationWarning: This decorator is deprecated.

In previous versions, all subclasses of BaseOperator must use apply_default decorator for the`default_args` feature to work properly.

In current version, it is optional. The decorator is applied automatically using the metaclass.
