[2022-04-16 10:47:15,804] {taskinstance.py:876} INFO - Dependencies all met for <TaskInstance: xcom_dag.is_accurate 2022-04-16T10:46:59.667395+00:00 [queued]>
[2022-04-16 10:47:15,862] {taskinstance.py:876} INFO - Dependencies all met for <TaskInstance: xcom_dag.is_accurate 2022-04-16T10:46:59.667395+00:00 [queued]>
[2022-04-16 10:47:15,864] {taskinstance.py:1067} INFO - 
--------------------------------------------------------------------------------
[2022-04-16 10:47:15,864] {taskinstance.py:1068} INFO - Starting attempt 1 of 1
[2022-04-16 10:47:15,864] {taskinstance.py:1069} INFO - 
--------------------------------------------------------------------------------
[2022-04-16 10:47:15,931] {taskinstance.py:1087} INFO - Executing <Task(BranchPythonOperator): is_accurate> on 2022-04-16T10:46:59.667395+00:00
[2022-04-16 10:47:15,950] {standard_task_runner.py:52} INFO - Started process 68311 to run task
[2022-04-16 10:47:15,964] {standard_task_runner.py:76} INFO - Running: ['airflow', 'tasks', 'run', 'xcom_dag', 'is_accurate', '2022-04-16T10:46:59.667395+00:00', '--job-id', '92', '--pool', 'default_pool', '--raw', '--subdir', 'DAGS_FOLDER/xcom_dag.py', '--cfg-path', '/tmp/tmpzi7o415z', '--error-file', '/tmp/tmplksvpuie']
[2022-04-16 10:47:15,973] {standard_task_runner.py:77} INFO - Job 92: Subtask is_accurate
[2022-04-16 10:47:16,276] {logging_mixin.py:104} INFO - Running <TaskInstance: xcom_dag.is_accurate 2022-04-16T10:46:59.667395+00:00 [running]> on host airflowvm
[2022-04-16 10:47:16,617] {taskinstance.py:1280} INFO - Exporting the following env vars:
AIRFLOW_CTX_DAG_OWNER=airflow
AIRFLOW_CTX_DAG_ID=xcom_dag
AIRFLOW_CTX_TASK_ID=is_accurate
AIRFLOW_CTX_EXECUTION_DATE=2022-04-16T10:46:59.667395+00:00
AIRFLOW_CTX_DAG_RUN_ID=manual__2022-04-16T10:46:59.667395+00:00
[2022-04-16 10:47:16,619] {python.py:151} INFO - Done. Returned value was: accurate
[2022-04-16 10:47:16,625] {skipmixin.py:124} INFO - Following branch accurate
[2022-04-16 10:47:16,666] {skipmixin.py:155} INFO - Skipping tasks ['inaccurate']
[2022-04-16 10:47:16,972] {taskinstance.py:1184} INFO - Marking task as SUCCESS. dag_id=xcom_dag, task_id=is_accurate, execution_date=20220416T104659, start_date=20220416T104715, end_date=20220416T104716
[2022-04-16 10:47:17,257] {taskinstance.py:1245} INFO - 1 downstream tasks scheduled from follow-on schedule check
[2022-04-16 10:47:17,269] {local_task_job.py:151} INFO - Task exited with return code 0
