[2022-04-16 10:53:39,850] {taskinstance.py:876} INFO - Dependencies all met for <TaskInstance: xcom_dag.processing_tasks.training_model_b 2022-04-16T10:53:30.535936+00:00 [queued]>
[2022-04-16 10:53:39,947] {taskinstance.py:876} INFO - Dependencies all met for <TaskInstance: xcom_dag.processing_tasks.training_model_b 2022-04-16T10:53:30.535936+00:00 [queued]>
[2022-04-16 10:53:39,949] {taskinstance.py:1067} INFO - 
--------------------------------------------------------------------------------
[2022-04-16 10:53:39,949] {taskinstance.py:1068} INFO - Starting attempt 1 of 1
[2022-04-16 10:53:39,949] {taskinstance.py:1069} INFO - 
--------------------------------------------------------------------------------
[2022-04-16 10:53:40,186] {taskinstance.py:1087} INFO - Executing <Task(PythonOperator): processing_tasks.training_model_b> on 2022-04-16T10:53:30.535936+00:00
[2022-04-16 10:53:40,220] {standard_task_runner.py:52} INFO - Started process 69736 to run task
[2022-04-16 10:53:40,276] {standard_task_runner.py:76} INFO - Running: ['airflow', 'tasks', 'run', 'xcom_dag', 'processing_tasks.training_model_b', '2022-04-16T10:53:30.535936+00:00', '--job-id', '94', '--pool', 'default_pool', '--raw', '--subdir', 'DAGS_FOLDER/xcom_dag.py', '--cfg-path', '/tmp/tmpqejvcan_', '--error-file', '/tmp/tmp8nqd5kch']
[2022-04-16 10:53:40,321] {standard_task_runner.py:77} INFO - Job 94: Subtask processing_tasks.training_model_b
[2022-04-16 10:53:40,861] {logging_mixin.py:104} INFO - Running <TaskInstance: xcom_dag.processing_tasks.training_model_b 2022-04-16T10:53:30.535936+00:00 [running]> on host airflowvm
[2022-04-16 10:53:41,784] {taskinstance.py:1280} INFO - Exporting the following env vars:
AIRFLOW_CTX_DAG_OWNER=airflow
AIRFLOW_CTX_DAG_ID=xcom_dag
AIRFLOW_CTX_TASK_ID=processing_tasks.training_model_b
AIRFLOW_CTX_EXECUTION_DATE=2022-04-16T10:53:30.535936+00:00
AIRFLOW_CTX_DAG_RUN_ID=manual__2022-04-16T10:53:30.535936+00:00
[2022-04-16 10:53:41,787] {logging_mixin.py:104} INFO - model's accuracy: 3.335899882727941
[2022-04-16 10:53:42,107] {python.py:151} INFO - Done. Returned value was: None
[2022-04-16 10:53:42,278] {taskinstance.py:1184} INFO - Marking task as SUCCESS. dag_id=xcom_dag, task_id=processing_tasks.training_model_b, execution_date=20220416T105330, start_date=20220416T105339, end_date=20220416T105342
[2022-04-16 10:53:42,789] {taskinstance.py:1245} INFO - 0 downstream tasks scheduled from follow-on schedule check
[2022-04-16 10:53:42,814] {local_task_job.py:151} INFO - Task exited with return code 0
