[2022-04-02 16:13:44,117] {taskinstance.py:876} INFO - Dependencies all met for <TaskInstance: user_processing.storing_user 2022-04-02T16:11:41.268561+00:00 [queued]>
[2022-04-02 16:13:44,129] {taskinstance.py:876} INFO - Dependencies all met for <TaskInstance: user_processing.storing_user 2022-04-02T16:11:41.268561+00:00 [queued]>
[2022-04-02 16:13:44,130] {taskinstance.py:1067} INFO - 
--------------------------------------------------------------------------------
[2022-04-02 16:13:44,131] {taskinstance.py:1068} INFO - Starting attempt 1 of 1
[2022-04-02 16:13:44,131] {taskinstance.py:1069} INFO - 
--------------------------------------------------------------------------------
[2022-04-02 16:13:44,160] {taskinstance.py:1087} INFO - Executing <Task(BashOperator): storing_user> on 2022-04-02T16:11:41.268561+00:00
[2022-04-02 16:13:44,165] {standard_task_runner.py:52} INFO - Started process 2981 to run task
[2022-04-02 16:13:44,174] {standard_task_runner.py:76} INFO - Running: ['airflow', 'tasks', 'run', 'user_processing', 'storing_user', '2022-04-02T16:11:41.268561+00:00', '--job-id', '34', '--pool', 'default_pool', '--raw', '--subdir', 'DAGS_FOLDER/user_processing.py', '--cfg-path', '/tmp/tmp8nzwpzjk', '--error-file', '/tmp/tmpaqgootot']
[2022-04-02 16:13:44,179] {standard_task_runner.py:77} INFO - Job 34: Subtask storing_user
[2022-04-02 16:13:44,517] {logging_mixin.py:104} INFO - Running <TaskInstance: user_processing.storing_user 2022-04-02T16:11:41.268561+00:00 [running]> on host airflowvm
[2022-04-02 16:13:50,153] {taskinstance.py:1280} INFO - Exporting the following env vars:
AIRFLOW_CTX_DAG_OWNER=airflow
AIRFLOW_CTX_DAG_ID=user_processing
AIRFLOW_CTX_TASK_ID=storing_user
AIRFLOW_CTX_EXECUTION_DATE=2022-04-02T16:11:41.268561+00:00
AIRFLOW_CTX_DAG_RUN_ID=manual__2022-04-02T16:11:41.268561+00:00
[2022-04-02 16:13:50,154] {subprocess.py:52} INFO - Tmp dir root location: 
 /tmp
[2022-04-02 16:13:50,155] {subprocess.py:63} INFO - Running command: ['bash', '-c', 'echo -e ".separator ","\n.import /tmp/processed_user.csv statedata" | sqlite3 /home/airflow/airflow/airflow.db']
[2022-04-02 16:13:50,162] {subprocess.py:75} INFO - Output:
[2022-04-02 16:13:50,182] {subprocess.py:83} INFO - Command exited with return code 0
[2022-04-02 16:13:50,207] {taskinstance.py:1184} INFO - Marking task as SUCCESS. dag_id=user_processing, task_id=storing_user, execution_date=20220402T161141, start_date=20220402T161344, end_date=20220402T161350
[2022-04-02 16:13:50,243] {taskinstance.py:1245} INFO - 0 downstream tasks scheduled from follow-on schedule check
[2022-04-02 16:13:50,248] {local_task_job.py:151} INFO - Task exited with return code 0
