[2022-04-16 08:35:00,659] {taskinstance.py:876} INFO - Dependencies all met for <TaskInstance: xcom_dag.processing_tasks.training_model_b 2022-04-15T00:00:00+00:00 [queued]>
[2022-04-16 08:35:00,736] {taskinstance.py:876} INFO - Dependencies all met for <TaskInstance: xcom_dag.processing_tasks.training_model_b 2022-04-15T00:00:00+00:00 [queued]>
[2022-04-16 08:35:00,741] {taskinstance.py:1067} INFO - 
--------------------------------------------------------------------------------
[2022-04-16 08:35:00,742] {taskinstance.py:1068} INFO - Starting attempt 1 of 1
[2022-04-16 08:35:00,743] {taskinstance.py:1069} INFO - 
--------------------------------------------------------------------------------
[2022-04-16 08:35:00,870] {taskinstance.py:1087} INFO - Executing <Task(PythonOperator): processing_tasks.training_model_b> on 2022-04-15T00:00:00+00:00
[2022-04-16 08:35:00,885] {standard_task_runner.py:52} INFO - Started process 51933 to run task
[2022-04-16 08:35:00,901] {standard_task_runner.py:76} INFO - Running: ['airflow', 'tasks', 'run', 'xcom_dag', 'processing_tasks.training_model_b', '2022-04-15T00:00:00+00:00', '--job-id', '72', '--pool', 'default_pool', '--raw', '--subdir', 'DAGS_FOLDER/xcom_dag.py', '--cfg-path', '/tmp/tmpn1hc56iv', '--error-file', '/tmp/tmpitd8gikc']
[2022-04-16 08:35:00,946] {standard_task_runner.py:77} INFO - Job 72: Subtask processing_tasks.training_model_b
[2022-04-16 08:35:01,319] {logging_mixin.py:104} INFO - Running <TaskInstance: xcom_dag.processing_tasks.training_model_b 2022-04-15T00:00:00+00:00 [running]> on host airflowvm
[2022-04-16 08:35:01,957] {taskinstance.py:1280} INFO - Exporting the following env vars:
AIRFLOW_CTX_DAG_OWNER=airflow
AIRFLOW_CTX_DAG_ID=xcom_dag
AIRFLOW_CTX_TASK_ID=processing_tasks.training_model_b
AIRFLOW_CTX_EXECUTION_DATE=2022-04-15T00:00:00+00:00
AIRFLOW_CTX_DAG_RUN_ID=scheduled__2022-04-15T00:00:00+00:00
[2022-04-16 08:35:01,959] {logging_mixin.py:104} INFO - model's accuracy: 6.360476439907096
[2022-04-16 08:35:01,959] {python.py:151} INFO - Done. Returned value was: 6.360476439907096
[2022-04-16 08:35:02,126] {taskinstance.py:1184} INFO - Marking task as SUCCESS. dag_id=xcom_dag, task_id=processing_tasks.training_model_b, execution_date=20220415T000000, start_date=20220416T083500, end_date=20220416T083502
[2022-04-16 08:35:02,385] {taskinstance.py:1245} INFO - 0 downstream tasks scheduled from follow-on schedule check
[2022-04-16 08:35:02,396] {local_task_job.py:151} INFO - Task exited with return code 0
