[2022-04-14 05:52:35,186] {scheduler_job.py:182} INFO - Started process (PID=42188) to work on /home/airflow/sandbox/lib/python3.8/site-packages/airflow/example_dags/example_short_circuit_operator.py
[2022-04-14 05:52:35,215] {scheduler_job.py:633} INFO - Processing file /home/airflow/sandbox/lib/python3.8/site-packages/airflow/example_dags/example_short_circuit_operator.py for tasks to queue
[2022-04-14 05:52:35,245] {logging_mixin.py:104} INFO - [2022-04-14 05:52:35,244] {dagbag.py:487} INFO - Filling up the DagBag from /home/airflow/sandbox/lib/python3.8/site-packages/airflow/example_dags/example_short_circuit_operator.py
[2022-04-14 05:52:35,399] {scheduler_job.py:643} INFO - DAG(s) dict_keys(['example_short_circuit_operator']) retrieved from /home/airflow/sandbox/lib/python3.8/site-packages/airflow/example_dags/example_short_circuit_operator.py
[2022-04-14 05:52:39,569] {logging_mixin.py:104} INFO - [2022-04-14 05:52:39,569] {dag.py:1832} INFO - Sync 1 DAGs
[2022-04-14 05:52:39,643] {logging_mixin.py:104} INFO - [2022-04-14 05:52:39,643] {dag.py:2305} INFO - Setting next_dagrun for example_short_circuit_operator to 2022-04-12 00:00:00+00:00
[2022-04-14 05:52:39,886] {scheduler_job.py:190} INFO - Processing /home/airflow/sandbox/lib/python3.8/site-packages/airflow/example_dags/example_short_circuit_operator.py took 4.705 seconds
[2022-04-14 05:53:15,245] {scheduler_job.py:182} INFO - Started process (PID=42388) to work on /home/airflow/sandbox/lib/python3.8/site-packages/airflow/example_dags/example_short_circuit_operator.py
[2022-04-14 05:53:15,248] {scheduler_job.py:633} INFO - Processing file /home/airflow/sandbox/lib/python3.8/site-packages/airflow/example_dags/example_short_circuit_operator.py for tasks to queue
[2022-04-14 05:53:15,250] {logging_mixin.py:104} INFO - [2022-04-14 05:53:15,249] {dagbag.py:487} INFO - Filling up the DagBag from /home/airflow/sandbox/lib/python3.8/site-packages/airflow/example_dags/example_short_circuit_operator.py
[2022-04-14 05:53:15,345] {scheduler_job.py:643} INFO - DAG(s) dict_keys(['example_short_circuit_operator']) retrieved from /home/airflow/sandbox/lib/python3.8/site-packages/airflow/example_dags/example_short_circuit_operator.py
[2022-04-14 05:53:15,515] {logging_mixin.py:104} INFO - [2022-04-14 05:53:15,499] {dag.py:1832} INFO - Sync 1 DAGs
[2022-04-14 05:53:15,577] {logging_mixin.py:104} INFO - [2022-04-14 05:53:15,577] {dag.py:2305} INFO - Setting next_dagrun for example_short_circuit_operator to 2022-04-12 00:00:00+00:00
[2022-04-14 05:53:15,956] {scheduler_job.py:190} INFO - Processing /home/airflow/sandbox/lib/python3.8/site-packages/airflow/example_dags/example_short_circuit_operator.py took 0.722 seconds
[2022-04-14 05:53:46,616] {scheduler_job.py:182} INFO - Started process (PID=42582) to work on /home/airflow/sandbox/lib/python3.8/site-packages/airflow/example_dags/example_short_circuit_operator.py
[2022-04-14 05:53:46,620] {scheduler_job.py:633} INFO - Processing file /home/airflow/sandbox/lib/python3.8/site-packages/airflow/example_dags/example_short_circuit_operator.py for tasks to queue
[2022-04-14 05:53:46,622] {logging_mixin.py:104} INFO - [2022-04-14 05:53:46,622] {dagbag.py:487} INFO - Filling up the DagBag from /home/airflow/sandbox/lib/python3.8/site-packages/airflow/example_dags/example_short_circuit_operator.py
[2022-04-14 05:53:46,677] {scheduler_job.py:643} INFO - DAG(s) dict_keys(['example_short_circuit_operator']) retrieved from /home/airflow/sandbox/lib/python3.8/site-packages/airflow/example_dags/example_short_circuit_operator.py
[2022-04-14 05:53:46,830] {logging_mixin.py:104} INFO - [2022-04-14 05:53:46,830] {dag.py:1832} INFO - Sync 1 DAGs
[2022-04-14 05:53:47,164] {logging_mixin.py:104} INFO - [2022-04-14 05:53:47,164] {dag.py:2305} INFO - Setting next_dagrun for example_short_circuit_operator to 2022-04-12 00:00:00+00:00
[2022-04-14 05:53:47,347] {scheduler_job.py:190} INFO - Processing /home/airflow/sandbox/lib/python3.8/site-packages/airflow/example_dags/example_short_circuit_operator.py took 0.751 seconds
[2022-04-14 06:33:51,909] {scheduler_job.py:182} INFO - Started process (PID=2434) to work on /home/airflow/sandbox/lib/python3.8/site-packages/airflow/example_dags/example_short_circuit_operator.py
[2022-04-14 06:33:51,922] {scheduler_job.py:633} INFO - Processing file /home/airflow/sandbox/lib/python3.8/site-packages/airflow/example_dags/example_short_circuit_operator.py for tasks to queue
[2022-04-14 06:33:51,934] {logging_mixin.py:104} INFO - [2022-04-14 06:33:51,934] {dagbag.py:487} INFO - Filling up the DagBag from /home/airflow/sandbox/lib/python3.8/site-packages/airflow/example_dags/example_short_circuit_operator.py
[2022-04-14 06:33:52,095] {scheduler_job.py:643} INFO - DAG(s) dict_keys(['example_short_circuit_operator']) retrieved from /home/airflow/sandbox/lib/python3.8/site-packages/airflow/example_dags/example_short_circuit_operator.py
[2022-04-14 06:33:52,345] {logging_mixin.py:104} INFO - [2022-04-14 06:33:52,345] {dag.py:1832} INFO - Sync 1 DAGs
[2022-04-14 06:33:52,791] {logging_mixin.py:104} INFO - [2022-04-14 06:33:52,791] {dag.py:2305} INFO - Setting next_dagrun for example_short_circuit_operator to 2022-04-12 00:00:00+00:00
[2022-04-14 06:33:54,300] {scheduler_job.py:190} INFO - Processing /home/airflow/sandbox/lib/python3.8/site-packages/airflow/example_dags/example_short_circuit_operator.py took 2.457 seconds
[2022-04-14 06:34:33,534] {scheduler_job.py:182} INFO - Started process (PID=2640) to work on /home/airflow/sandbox/lib/python3.8/site-packages/airflow/example_dags/example_short_circuit_operator.py
[2022-04-14 06:34:33,546] {scheduler_job.py:633} INFO - Processing file /home/airflow/sandbox/lib/python3.8/site-packages/airflow/example_dags/example_short_circuit_operator.py for tasks to queue
[2022-04-14 06:34:33,595] {logging_mixin.py:104} INFO - [2022-04-14 06:34:33,595] {dagbag.py:487} INFO - Filling up the DagBag from /home/airflow/sandbox/lib/python3.8/site-packages/airflow/example_dags/example_short_circuit_operator.py
[2022-04-14 06:34:33,759] {scheduler_job.py:643} INFO - DAG(s) dict_keys(['example_short_circuit_operator']) retrieved from /home/airflow/sandbox/lib/python3.8/site-packages/airflow/example_dags/example_short_circuit_operator.py
[2022-04-14 06:34:34,132] {logging_mixin.py:104} INFO - [2022-04-14 06:34:34,132] {dag.py:1832} INFO - Sync 1 DAGs
[2022-04-14 06:34:34,317] {logging_mixin.py:104} INFO - [2022-04-14 06:34:34,316] {dag.py:2305} INFO - Setting next_dagrun for example_short_circuit_operator to 2022-04-12 00:00:00+00:00
[2022-04-14 06:34:35,287] {scheduler_job.py:190} INFO - Processing /home/airflow/sandbox/lib/python3.8/site-packages/airflow/example_dags/example_short_circuit_operator.py took 1.861 seconds
[2022-04-14 06:35:05,370] {scheduler_job.py:182} INFO - Started process (PID=2974) to work on /home/airflow/sandbox/lib/python3.8/site-packages/airflow/example_dags/example_short_circuit_operator.py
[2022-04-14 06:35:05,373] {scheduler_job.py:633} INFO - Processing file /home/airflow/sandbox/lib/python3.8/site-packages/airflow/example_dags/example_short_circuit_operator.py for tasks to queue
[2022-04-14 06:35:05,374] {logging_mixin.py:104} INFO - [2022-04-14 06:35:05,374] {dagbag.py:487} INFO - Filling up the DagBag from /home/airflow/sandbox/lib/python3.8/site-packages/airflow/example_dags/example_short_circuit_operator.py
[2022-04-14 06:35:05,395] {scheduler_job.py:643} INFO - DAG(s) dict_keys(['example_short_circuit_operator']) retrieved from /home/airflow/sandbox/lib/python3.8/site-packages/airflow/example_dags/example_short_circuit_operator.py
[2022-04-14 06:35:05,444] {logging_mixin.py:104} INFO - [2022-04-14 06:35:05,443] {dag.py:1832} INFO - Sync 1 DAGs
[2022-04-14 06:35:05,575] {logging_mixin.py:104} INFO - [2022-04-14 06:35:05,574] {dag.py:2305} INFO - Setting next_dagrun for example_short_circuit_operator to 2022-04-12 00:00:00+00:00
[2022-04-14 06:35:05,594] {scheduler_job.py:190} INFO - Processing /home/airflow/sandbox/lib/python3.8/site-packages/airflow/example_dags/example_short_circuit_operator.py took 0.230 seconds
[2022-04-14 06:35:35,737] {scheduler_job.py:182} INFO - Started process (PID=3184) to work on /home/airflow/sandbox/lib/python3.8/site-packages/airflow/example_dags/example_short_circuit_operator.py
[2022-04-14 06:35:35,740] {scheduler_job.py:633} INFO - Processing file /home/airflow/sandbox/lib/python3.8/site-packages/airflow/example_dags/example_short_circuit_operator.py for tasks to queue
[2022-04-14 06:35:35,744] {logging_mixin.py:104} INFO - [2022-04-14 06:35:35,744] {dagbag.py:487} INFO - Filling up the DagBag from /home/airflow/sandbox/lib/python3.8/site-packages/airflow/example_dags/example_short_circuit_operator.py
[2022-04-14 06:35:35,795] {scheduler_job.py:643} INFO - DAG(s) dict_keys(['example_short_circuit_operator']) retrieved from /home/airflow/sandbox/lib/python3.8/site-packages/airflow/example_dags/example_short_circuit_operator.py
[2022-04-14 06:35:35,952] {logging_mixin.py:104} INFO - [2022-04-14 06:35:35,952] {dag.py:1832} INFO - Sync 1 DAGs
[2022-04-14 06:35:36,268] {logging_mixin.py:104} INFO - [2022-04-14 06:35:36,268] {dag.py:2305} INFO - Setting next_dagrun for example_short_circuit_operator to 2022-04-12 00:00:00+00:00
[2022-04-14 06:35:36,404] {scheduler_job.py:190} INFO - Processing /home/airflow/sandbox/lib/python3.8/site-packages/airflow/example_dags/example_short_circuit_operator.py took 0.701 seconds
[2022-04-14 06:36:06,710] {scheduler_job.py:182} INFO - Started process (PID=3535) to work on /home/airflow/sandbox/lib/python3.8/site-packages/airflow/example_dags/example_short_circuit_operator.py
[2022-04-14 06:36:06,711] {scheduler_job.py:633} INFO - Processing file /home/airflow/sandbox/lib/python3.8/site-packages/airflow/example_dags/example_short_circuit_operator.py for tasks to queue
[2022-04-14 06:36:06,712] {logging_mixin.py:104} INFO - [2022-04-14 06:36:06,712] {dagbag.py:487} INFO - Filling up the DagBag from /home/airflow/sandbox/lib/python3.8/site-packages/airflow/example_dags/example_short_circuit_operator.py
[2022-04-14 06:36:06,758] {scheduler_job.py:643} INFO - DAG(s) dict_keys(['example_short_circuit_operator']) retrieved from /home/airflow/sandbox/lib/python3.8/site-packages/airflow/example_dags/example_short_circuit_operator.py
