[2022-04-14 05:53:01,015] {scheduler_job.py:182} INFO - Started process (PID=42268) to work on /home/airflow/sandbox/lib/python3.8/site-packages/airflow/example_dags/example_task_group.py
[2022-04-14 05:53:01,032] {scheduler_job.py:633} INFO - Processing file /home/airflow/sandbox/lib/python3.8/site-packages/airflow/example_dags/example_task_group.py for tasks to queue
[2022-04-14 05:53:01,034] {logging_mixin.py:104} INFO - [2022-04-14 05:53:01,033] {dagbag.py:487} INFO - Filling up the DagBag from /home/airflow/sandbox/lib/python3.8/site-packages/airflow/example_dags/example_task_group.py
[2022-04-14 05:53:01,101] {scheduler_job.py:643} INFO - DAG(s) dict_keys(['example_task_group']) retrieved from /home/airflow/sandbox/lib/python3.8/site-packages/airflow/example_dags/example_task_group.py
[2022-04-14 05:53:02,466] {logging_mixin.py:104} INFO - [2022-04-14 05:53:02,466] {dag.py:1832} INFO - Sync 1 DAGs
[2022-04-14 05:53:02,514] {logging_mixin.py:104} INFO - [2022-04-14 05:53:02,514] {dag.py:2305} INFO - Setting next_dagrun for example_task_group to 2022-04-12 00:00:00+00:00
[2022-04-14 05:53:02,606] {scheduler_job.py:190} INFO - Processing /home/airflow/sandbox/lib/python3.8/site-packages/airflow/example_dags/example_task_group.py took 1.599 seconds
[2022-04-14 05:53:33,409] {scheduler_job.py:182} INFO - Started process (PID=42469) to work on /home/airflow/sandbox/lib/python3.8/site-packages/airflow/example_dags/example_task_group.py
[2022-04-14 05:53:33,426] {scheduler_job.py:633} INFO - Processing file /home/airflow/sandbox/lib/python3.8/site-packages/airflow/example_dags/example_task_group.py for tasks to queue
[2022-04-14 05:53:33,427] {logging_mixin.py:104} INFO - [2022-04-14 05:53:33,427] {dagbag.py:487} INFO - Filling up the DagBag from /home/airflow/sandbox/lib/python3.8/site-packages/airflow/example_dags/example_task_group.py
[2022-04-14 05:53:33,482] {scheduler_job.py:643} INFO - DAG(s) dict_keys(['example_task_group']) retrieved from /home/airflow/sandbox/lib/python3.8/site-packages/airflow/example_dags/example_task_group.py
[2022-04-14 05:53:33,641] {logging_mixin.py:104} INFO - [2022-04-14 05:53:33,641] {dag.py:1832} INFO - Sync 1 DAGs
[2022-04-14 05:53:33,727] {logging_mixin.py:104} INFO - [2022-04-14 05:53:33,727] {dag.py:2305} INFO - Setting next_dagrun for example_task_group to 2022-04-12 00:00:00+00:00
[2022-04-14 05:53:33,895] {scheduler_job.py:190} INFO - Processing /home/airflow/sandbox/lib/python3.8/site-packages/airflow/example_dags/example_task_group.py took 0.494 seconds
[2022-04-14 05:54:03,993] {scheduler_job.py:182} INFO - Started process (PID=42671) to work on /home/airflow/sandbox/lib/python3.8/site-packages/airflow/example_dags/example_task_group.py
[2022-04-14 05:54:04,008] {scheduler_job.py:633} INFO - Processing file /home/airflow/sandbox/lib/python3.8/site-packages/airflow/example_dags/example_task_group.py for tasks to queue
[2022-04-14 05:54:04,012] {logging_mixin.py:104} INFO - [2022-04-14 05:54:04,011] {dagbag.py:487} INFO - Filling up the DagBag from /home/airflow/sandbox/lib/python3.8/site-packages/airflow/example_dags/example_task_group.py
[2022-04-14 05:54:04,079] {scheduler_job.py:643} INFO - DAG(s) dict_keys(['example_task_group']) retrieved from /home/airflow/sandbox/lib/python3.8/site-packages/airflow/example_dags/example_task_group.py
[2022-04-14 05:54:04,235] {logging_mixin.py:104} INFO - [2022-04-14 05:54:04,235] {dag.py:1832} INFO - Sync 1 DAGs
[2022-04-14 05:54:04,446] {logging_mixin.py:104} INFO - [2022-04-14 05:54:04,446] {dag.py:2305} INFO - Setting next_dagrun for example_task_group to 2022-04-12 00:00:00+00:00
[2022-04-14 05:54:04,482] {scheduler_job.py:190} INFO - Processing /home/airflow/sandbox/lib/python3.8/site-packages/airflow/example_dags/example_task_group.py took 0.502 seconds
[2022-04-14 06:34:07,274] {scheduler_job.py:182} INFO - Started process (PID=2518) to work on /home/airflow/sandbox/lib/python3.8/site-packages/airflow/example_dags/example_task_group.py
[2022-04-14 06:34:07,405] {scheduler_job.py:633} INFO - Processing file /home/airflow/sandbox/lib/python3.8/site-packages/airflow/example_dags/example_task_group.py for tasks to queue
[2022-04-14 06:34:07,417] {logging_mixin.py:104} INFO - [2022-04-14 06:34:07,416] {dagbag.py:487} INFO - Filling up the DagBag from /home/airflow/sandbox/lib/python3.8/site-packages/airflow/example_dags/example_task_group.py
[2022-04-14 06:34:07,599] {scheduler_job.py:643} INFO - DAG(s) dict_keys(['example_task_group']) retrieved from /home/airflow/sandbox/lib/python3.8/site-packages/airflow/example_dags/example_task_group.py
[2022-04-14 06:34:08,010] {logging_mixin.py:104} INFO - [2022-04-14 06:34:08,009] {dag.py:1832} INFO - Sync 1 DAGs
[2022-04-14 06:34:08,211] {logging_mixin.py:104} INFO - [2022-04-14 06:34:08,211] {dag.py:2305} INFO - Setting next_dagrun for example_task_group to 2022-04-12 00:00:00+00:00
[2022-04-14 06:34:09,324] {scheduler_job.py:190} INFO - Processing /home/airflow/sandbox/lib/python3.8/site-packages/airflow/example_dags/example_task_group.py took 2.140 seconds
[2022-04-14 06:34:47,267] {scheduler_job.py:182} INFO - Started process (PID=2749) to work on /home/airflow/sandbox/lib/python3.8/site-packages/airflow/example_dags/example_task_group.py
[2022-04-14 06:34:47,279] {scheduler_job.py:633} INFO - Processing file /home/airflow/sandbox/lib/python3.8/site-packages/airflow/example_dags/example_task_group.py for tasks to queue
[2022-04-14 06:34:47,284] {logging_mixin.py:104} INFO - [2022-04-14 06:34:47,283] {dagbag.py:487} INFO - Filling up the DagBag from /home/airflow/sandbox/lib/python3.8/site-packages/airflow/example_dags/example_task_group.py
[2022-04-14 06:34:47,395] {scheduler_job.py:643} INFO - DAG(s) dict_keys(['example_task_group']) retrieved from /home/airflow/sandbox/lib/python3.8/site-packages/airflow/example_dags/example_task_group.py
[2022-04-14 06:34:47,519] {logging_mixin.py:104} INFO - [2022-04-14 06:34:47,519] {dag.py:1832} INFO - Sync 1 DAGs
[2022-04-14 06:34:47,687] {logging_mixin.py:104} INFO - [2022-04-14 06:34:47,686] {dag.py:2305} INFO - Setting next_dagrun for example_task_group to 2022-04-12 00:00:00+00:00
[2022-04-14 06:34:48,272] {scheduler_job.py:190} INFO - Processing /home/airflow/sandbox/lib/python3.8/site-packages/airflow/example_dags/example_task_group.py took 1.043 seconds
[2022-04-14 06:35:18,394] {scheduler_job.py:182} INFO - Started process (PID=3072) to work on /home/airflow/sandbox/lib/python3.8/site-packages/airflow/example_dags/example_task_group.py
[2022-04-14 06:35:18,396] {scheduler_job.py:633} INFO - Processing file /home/airflow/sandbox/lib/python3.8/site-packages/airflow/example_dags/example_task_group.py for tasks to queue
[2022-04-14 06:35:18,402] {logging_mixin.py:104} INFO - [2022-04-14 06:35:18,402] {dagbag.py:487} INFO - Filling up the DagBag from /home/airflow/sandbox/lib/python3.8/site-packages/airflow/example_dags/example_task_group.py
[2022-04-14 06:35:18,449] {scheduler_job.py:643} INFO - DAG(s) dict_keys(['example_task_group']) retrieved from /home/airflow/sandbox/lib/python3.8/site-packages/airflow/example_dags/example_task_group.py
[2022-04-14 06:35:18,642] {logging_mixin.py:104} INFO - [2022-04-14 06:35:18,642] {dag.py:1832} INFO - Sync 1 DAGs
[2022-04-14 06:35:18,910] {logging_mixin.py:104} INFO - [2022-04-14 06:35:18,910] {dag.py:2305} INFO - Setting next_dagrun for example_task_group to 2022-04-12 00:00:00+00:00
[2022-04-14 06:35:18,939] {scheduler_job.py:190} INFO - Processing /home/airflow/sandbox/lib/python3.8/site-packages/airflow/example_dags/example_task_group.py took 0.565 seconds
[2022-04-14 06:35:49,003] {scheduler_job.py:182} INFO - Started process (PID=3282) to work on /home/airflow/sandbox/lib/python3.8/site-packages/airflow/example_dags/example_task_group.py
[2022-04-14 06:35:49,005] {scheduler_job.py:633} INFO - Processing file /home/airflow/sandbox/lib/python3.8/site-packages/airflow/example_dags/example_task_group.py for tasks to queue
[2022-04-14 06:35:49,007] {logging_mixin.py:104} INFO - [2022-04-14 06:35:49,007] {dagbag.py:487} INFO - Filling up the DagBag from /home/airflow/sandbox/lib/python3.8/site-packages/airflow/example_dags/example_task_group.py
[2022-04-14 06:35:49,028] {scheduler_job.py:643} INFO - DAG(s) dict_keys(['example_task_group']) retrieved from /home/airflow/sandbox/lib/python3.8/site-packages/airflow/example_dags/example_task_group.py
[2022-04-14 06:35:49,088] {logging_mixin.py:104} INFO - [2022-04-14 06:35:49,088] {dag.py:1832} INFO - Sync 1 DAGs
[2022-04-14 06:35:49,249] {logging_mixin.py:104} INFO - [2022-04-14 06:35:49,249] {dag.py:2305} INFO - Setting next_dagrun for example_task_group to 2022-04-12 00:00:00+00:00
[2022-04-14 06:35:49,283] {scheduler_job.py:190} INFO - Processing /home/airflow/sandbox/lib/python3.8/site-packages/airflow/example_dags/example_task_group.py took 0.287 seconds
