[2022-04-14 05:52:54,066] {scheduler_job.py:182} INFO - Started process (PID=42237) to work on /home/airflow/sandbox/lib/python3.8/site-packages/airflow/example_dags/example_branch_day_of_week_operator.py
[2022-04-14 05:52:54,093] {scheduler_job.py:633} INFO - Processing file /home/airflow/sandbox/lib/python3.8/site-packages/airflow/example_dags/example_branch_day_of_week_operator.py for tasks to queue
[2022-04-14 05:52:54,120] {logging_mixin.py:104} INFO - [2022-04-14 05:52:54,119] {dagbag.py:487} INFO - Filling up the DagBag from /home/airflow/sandbox/lib/python3.8/site-packages/airflow/example_dags/example_branch_day_of_week_operator.py
[2022-04-14 05:52:54,315] {scheduler_job.py:643} INFO - DAG(s) dict_keys(['example_weekday_branch_operator']) retrieved from /home/airflow/sandbox/lib/python3.8/site-packages/airflow/example_dags/example_branch_day_of_week_operator.py
[2022-04-14 05:52:57,477] {logging_mixin.py:104} INFO - [2022-04-14 05:52:57,477] {dag.py:1832} INFO - Sync 1 DAGs
[2022-04-14 05:52:57,570] {logging_mixin.py:104} INFO - [2022-04-14 05:52:57,570] {dag.py:2305} INFO - Setting next_dagrun for example_weekday_branch_operator to 2022-04-12 00:00:00+00:00
[2022-04-14 05:52:57,691] {scheduler_job.py:190} INFO - Processing /home/airflow/sandbox/lib/python3.8/site-packages/airflow/example_dags/example_branch_day_of_week_operator.py took 3.685 seconds
[2022-04-14 05:53:27,973] {scheduler_job.py:182} INFO - Started process (PID=42439) to work on /home/airflow/sandbox/lib/python3.8/site-packages/airflow/example_dags/example_branch_day_of_week_operator.py
[2022-04-14 05:53:27,982] {scheduler_job.py:633} INFO - Processing file /home/airflow/sandbox/lib/python3.8/site-packages/airflow/example_dags/example_branch_day_of_week_operator.py for tasks to queue
[2022-04-14 05:53:27,984] {logging_mixin.py:104} INFO - [2022-04-14 05:53:27,984] {dagbag.py:487} INFO - Filling up the DagBag from /home/airflow/sandbox/lib/python3.8/site-packages/airflow/example_dags/example_branch_day_of_week_operator.py
[2022-04-14 05:53:28,004] {scheduler_job.py:643} INFO - DAG(s) dict_keys(['example_weekday_branch_operator']) retrieved from /home/airflow/sandbox/lib/python3.8/site-packages/airflow/example_dags/example_branch_day_of_week_operator.py
[2022-04-14 05:53:28,052] {logging_mixin.py:104} INFO - [2022-04-14 05:53:28,052] {dag.py:1832} INFO - Sync 1 DAGs
[2022-04-14 05:53:28,094] {logging_mixin.py:104} INFO - [2022-04-14 05:53:28,093] {dag.py:2305} INFO - Setting next_dagrun for example_weekday_branch_operator to 2022-04-12 00:00:00+00:00
[2022-04-14 05:53:28,282] {scheduler_job.py:190} INFO - Processing /home/airflow/sandbox/lib/python3.8/site-packages/airflow/example_dags/example_branch_day_of_week_operator.py took 0.316 seconds
[2022-04-14 05:53:58,512] {scheduler_job.py:182} INFO - Started process (PID=42633) to work on /home/airflow/sandbox/lib/python3.8/site-packages/airflow/example_dags/example_branch_day_of_week_operator.py
[2022-04-14 05:53:58,534] {scheduler_job.py:633} INFO - Processing file /home/airflow/sandbox/lib/python3.8/site-packages/airflow/example_dags/example_branch_day_of_week_operator.py for tasks to queue
[2022-04-14 05:53:58,535] {logging_mixin.py:104} INFO - [2022-04-14 05:53:58,535] {dagbag.py:487} INFO - Filling up the DagBag from /home/airflow/sandbox/lib/python3.8/site-packages/airflow/example_dags/example_branch_day_of_week_operator.py
[2022-04-14 05:53:58,590] {scheduler_job.py:643} INFO - DAG(s) dict_keys(['example_weekday_branch_operator']) retrieved from /home/airflow/sandbox/lib/python3.8/site-packages/airflow/example_dags/example_branch_day_of_week_operator.py
[2022-04-14 05:53:58,747] {logging_mixin.py:104} INFO - [2022-04-14 05:53:58,746] {dag.py:1832} INFO - Sync 1 DAGs
[2022-04-14 05:53:58,844] {logging_mixin.py:104} INFO - [2022-04-14 05:53:58,844] {dag.py:2305} INFO - Setting next_dagrun for example_weekday_branch_operator to 2022-04-12 00:00:00+00:00
[2022-04-14 05:53:59,138] {scheduler_job.py:190} INFO - Processing /home/airflow/sandbox/lib/python3.8/site-packages/airflow/example_dags/example_branch_day_of_week_operator.py took 0.634 seconds
[2022-04-14 06:34:01,320] {scheduler_job.py:182} INFO - Started process (PID=2484) to work on /home/airflow/sandbox/lib/python3.8/site-packages/airflow/example_dags/example_branch_day_of_week_operator.py
[2022-04-14 06:34:01,359] {scheduler_job.py:633} INFO - Processing file /home/airflow/sandbox/lib/python3.8/site-packages/airflow/example_dags/example_branch_day_of_week_operator.py for tasks to queue
[2022-04-14 06:34:01,370] {logging_mixin.py:104} INFO - [2022-04-14 06:34:01,370] {dagbag.py:487} INFO - Filling up the DagBag from /home/airflow/sandbox/lib/python3.8/site-packages/airflow/example_dags/example_branch_day_of_week_operator.py
[2022-04-14 06:34:01,541] {scheduler_job.py:643} INFO - DAG(s) dict_keys(['example_weekday_branch_operator']) retrieved from /home/airflow/sandbox/lib/python3.8/site-packages/airflow/example_dags/example_branch_day_of_week_operator.py
[2022-04-14 06:34:01,775] {logging_mixin.py:104} INFO - [2022-04-14 06:34:01,775] {dag.py:1832} INFO - Sync 1 DAGs
[2022-04-14 06:34:02,020] {logging_mixin.py:104} INFO - [2022-04-14 06:34:02,020] {dag.py:2305} INFO - Setting next_dagrun for example_weekday_branch_operator to 2022-04-12 00:00:00+00:00
[2022-04-14 06:34:02,202] {scheduler_job.py:190} INFO - Processing /home/airflow/sandbox/lib/python3.8/site-packages/airflow/example_dags/example_branch_day_of_week_operator.py took 0.923 seconds
[2022-04-14 06:34:42,978] {scheduler_job.py:182} INFO - Started process (PID=2688) to work on /home/airflow/sandbox/lib/python3.8/site-packages/airflow/example_dags/example_branch_day_of_week_operator.py
[2022-04-14 06:34:43,046] {scheduler_job.py:633} INFO - Processing file /home/airflow/sandbox/lib/python3.8/site-packages/airflow/example_dags/example_branch_day_of_week_operator.py for tasks to queue
[2022-04-14 06:34:43,049] {logging_mixin.py:104} INFO - [2022-04-14 06:34:43,049] {dagbag.py:487} INFO - Filling up the DagBag from /home/airflow/sandbox/lib/python3.8/site-packages/airflow/example_dags/example_branch_day_of_week_operator.py
[2022-04-14 06:34:43,254] {scheduler_job.py:643} INFO - DAG(s) dict_keys(['example_weekday_branch_operator']) retrieved from /home/airflow/sandbox/lib/python3.8/site-packages/airflow/example_dags/example_branch_day_of_week_operator.py
[2022-04-14 06:34:43,614] {logging_mixin.py:104} INFO - [2022-04-14 06:34:43,613] {dag.py:1832} INFO - Sync 1 DAGs
[2022-04-14 06:34:43,844] {logging_mixin.py:104} INFO - [2022-04-14 06:34:43,844] {dag.py:2305} INFO - Setting next_dagrun for example_weekday_branch_operator to 2022-04-12 00:00:00+00:00
[2022-04-14 06:34:44,663] {scheduler_job.py:190} INFO - Processing /home/airflow/sandbox/lib/python3.8/site-packages/airflow/example_dags/example_branch_day_of_week_operator.py took 1.692 seconds
[2022-04-14 06:35:15,045] {scheduler_job.py:182} INFO - Started process (PID=3042) to work on /home/airflow/sandbox/lib/python3.8/site-packages/airflow/example_dags/example_branch_day_of_week_operator.py
[2022-04-14 06:35:15,048] {scheduler_job.py:633} INFO - Processing file /home/airflow/sandbox/lib/python3.8/site-packages/airflow/example_dags/example_branch_day_of_week_operator.py for tasks to queue
[2022-04-14 06:35:15,049] {logging_mixin.py:104} INFO - [2022-04-14 06:35:15,049] {dagbag.py:487} INFO - Filling up the DagBag from /home/airflow/sandbox/lib/python3.8/site-packages/airflow/example_dags/example_branch_day_of_week_operator.py
[2022-04-14 06:35:15,083] {scheduler_job.py:643} INFO - DAG(s) dict_keys(['example_weekday_branch_operator']) retrieved from /home/airflow/sandbox/lib/python3.8/site-packages/airflow/example_dags/example_branch_day_of_week_operator.py
[2022-04-14 06:35:15,207] {logging_mixin.py:104} INFO - [2022-04-14 06:35:15,206] {dag.py:1832} INFO - Sync 1 DAGs
[2022-04-14 06:35:15,325] {logging_mixin.py:104} INFO - [2022-04-14 06:35:15,325] {dag.py:2305} INFO - Setting next_dagrun for example_weekday_branch_operator to 2022-04-12 00:00:00+00:00
[2022-04-14 06:35:15,629] {scheduler_job.py:190} INFO - Processing /home/airflow/sandbox/lib/python3.8/site-packages/airflow/example_dags/example_branch_day_of_week_operator.py took 0.603 seconds
[2022-04-14 06:35:45,885] {scheduler_job.py:182} INFO - Started process (PID=3238) to work on /home/airflow/sandbox/lib/python3.8/site-packages/airflow/example_dags/example_branch_day_of_week_operator.py
[2022-04-14 06:35:45,917] {scheduler_job.py:633} INFO - Processing file /home/airflow/sandbox/lib/python3.8/site-packages/airflow/example_dags/example_branch_day_of_week_operator.py for tasks to queue
[2022-04-14 06:35:45,934] {logging_mixin.py:104} INFO - [2022-04-14 06:35:45,934] {dagbag.py:487} INFO - Filling up the DagBag from /home/airflow/sandbox/lib/python3.8/site-packages/airflow/example_dags/example_branch_day_of_week_operator.py
[2022-04-14 06:35:46,065] {scheduler_job.py:643} INFO - DAG(s) dict_keys(['example_weekday_branch_operator']) retrieved from /home/airflow/sandbox/lib/python3.8/site-packages/airflow/example_dags/example_branch_day_of_week_operator.py
[2022-04-14 06:35:46,284] {logging_mixin.py:104} INFO - [2022-04-14 06:35:46,284] {dag.py:1832} INFO - Sync 1 DAGs
[2022-04-14 06:35:46,508] {logging_mixin.py:104} INFO - [2022-04-14 06:35:46,507] {dag.py:2305} INFO - Setting next_dagrun for example_weekday_branch_operator to 2022-04-12 00:00:00+00:00
[2022-04-14 06:35:46,972] {scheduler_job.py:190} INFO - Processing /home/airflow/sandbox/lib/python3.8/site-packages/airflow/example_dags/example_branch_day_of_week_operator.py took 1.097 seconds
