[2022-04-14 05:52:29,186] {scheduler_job.py:182} INFO - Started process (PID=42050) to work on /home/airflow/sandbox/lib/python3.8/site-packages/airflow/example_dags/example_external_task_marker_dag.py
[2022-04-14 05:52:29,218] {scheduler_job.py:633} INFO - Processing file /home/airflow/sandbox/lib/python3.8/site-packages/airflow/example_dags/example_external_task_marker_dag.py for tasks to queue
[2022-04-14 05:52:29,234] {logging_mixin.py:104} INFO - [2022-04-14 05:52:29,234] {dagbag.py:487} INFO - Filling up the DagBag from /home/airflow/sandbox/lib/python3.8/site-packages/airflow/example_dags/example_external_task_marker_dag.py
[2022-04-14 05:52:29,273] {scheduler_job.py:643} INFO - DAG(s) dict_keys(['example_external_task_marker_parent', 'example_external_task_marker_child']) retrieved from /home/airflow/sandbox/lib/python3.8/site-packages/airflow/example_dags/example_external_task_marker_dag.py
[2022-04-14 05:52:34,154] {logging_mixin.py:104} INFO - [2022-04-14 05:52:34,153] {dag.py:1832} INFO - Sync 2 DAGs
[2022-04-14 05:52:34,327] {logging_mixin.py:104} INFO - [2022-04-14 05:52:34,326] {dag.py:2305} INFO - Setting next_dagrun for example_external_task_marker_child to None
[2022-04-14 05:52:34,350] {logging_mixin.py:104} INFO - [2022-04-14 05:52:34,350] {dag.py:2305} INFO - Setting next_dagrun for example_external_task_marker_parent to None
[2022-04-14 05:52:34,591] {scheduler_job.py:190} INFO - Processing /home/airflow/sandbox/lib/python3.8/site-packages/airflow/example_dags/example_external_task_marker_dag.py took 5.446 seconds
[2022-04-14 05:53:13,620] {scheduler_job.py:182} INFO - Started process (PID=42376) to work on /home/airflow/sandbox/lib/python3.8/site-packages/airflow/example_dags/example_external_task_marker_dag.py
[2022-04-14 05:53:13,636] {scheduler_job.py:633} INFO - Processing file /home/airflow/sandbox/lib/python3.8/site-packages/airflow/example_dags/example_external_task_marker_dag.py for tasks to queue
[2022-04-14 05:53:13,637] {logging_mixin.py:104} INFO - [2022-04-14 05:53:13,637] {dagbag.py:487} INFO - Filling up the DagBag from /home/airflow/sandbox/lib/python3.8/site-packages/airflow/example_dags/example_external_task_marker_dag.py
[2022-04-14 05:53:13,685] {scheduler_job.py:643} INFO - DAG(s) dict_keys(['example_external_task_marker_parent', 'example_external_task_marker_child']) retrieved from /home/airflow/sandbox/lib/python3.8/site-packages/airflow/example_dags/example_external_task_marker_dag.py
[2022-04-14 05:53:14,986] {logging_mixin.py:104} INFO - [2022-04-14 05:53:14,986] {dag.py:1832} INFO - Sync 2 DAGs
[2022-04-14 05:53:15,056] {logging_mixin.py:104} INFO - [2022-04-14 05:53:15,056] {dag.py:2305} INFO - Setting next_dagrun for example_external_task_marker_child to None
[2022-04-14 05:53:15,073] {logging_mixin.py:104} INFO - [2022-04-14 05:53:15,072] {dag.py:2305} INFO - Setting next_dagrun for example_external_task_marker_parent to None
[2022-04-14 05:53:15,146] {scheduler_job.py:190} INFO - Processing /home/airflow/sandbox/lib/python3.8/site-packages/airflow/example_dags/example_external_task_marker_dag.py took 1.545 seconds
[2022-04-14 05:53:46,093] {scheduler_job.py:182} INFO - Started process (PID=42575) to work on /home/airflow/sandbox/lib/python3.8/site-packages/airflow/example_dags/example_external_task_marker_dag.py
[2022-04-14 05:53:46,095] {scheduler_job.py:633} INFO - Processing file /home/airflow/sandbox/lib/python3.8/site-packages/airflow/example_dags/example_external_task_marker_dag.py for tasks to queue
[2022-04-14 05:53:46,097] {logging_mixin.py:104} INFO - [2022-04-14 05:53:46,096] {dagbag.py:487} INFO - Filling up the DagBag from /home/airflow/sandbox/lib/python3.8/site-packages/airflow/example_dags/example_external_task_marker_dag.py
[2022-04-14 05:53:46,128] {scheduler_job.py:643} INFO - DAG(s) dict_keys(['example_external_task_marker_parent', 'example_external_task_marker_child']) retrieved from /home/airflow/sandbox/lib/python3.8/site-packages/airflow/example_dags/example_external_task_marker_dag.py
[2022-04-14 05:53:47,500] {logging_mixin.py:104} INFO - [2022-04-14 05:53:47,500] {dag.py:1832} INFO - Sync 2 DAGs
[2022-04-14 05:53:47,554] {logging_mixin.py:104} INFO - [2022-04-14 05:53:47,553] {dag.py:2305} INFO - Setting next_dagrun for example_external_task_marker_child to None
[2022-04-14 05:53:47,556] {logging_mixin.py:104} INFO - [2022-04-14 05:53:47,556] {dag.py:2305} INFO - Setting next_dagrun for example_external_task_marker_parent to None
[2022-04-14 05:53:47,776] {scheduler_job.py:190} INFO - Processing /home/airflow/sandbox/lib/python3.8/site-packages/airflow/example_dags/example_external_task_marker_dag.py took 1.701 seconds
[2022-04-14 06:33:40,974] {scheduler_job.py:182} INFO - Started process (PID=2283) to work on /home/airflow/sandbox/lib/python3.8/site-packages/airflow/example_dags/example_external_task_marker_dag.py
[2022-04-14 06:33:40,997] {scheduler_job.py:633} INFO - Processing file /home/airflow/sandbox/lib/python3.8/site-packages/airflow/example_dags/example_external_task_marker_dag.py for tasks to queue
[2022-04-14 06:33:41,007] {logging_mixin.py:104} INFO - [2022-04-14 06:33:41,007] {dagbag.py:487} INFO - Filling up the DagBag from /home/airflow/sandbox/lib/python3.8/site-packages/airflow/example_dags/example_external_task_marker_dag.py
[2022-04-14 06:33:41,089] {scheduler_job.py:643} INFO - DAG(s) dict_keys(['example_external_task_marker_parent', 'example_external_task_marker_child']) retrieved from /home/airflow/sandbox/lib/python3.8/site-packages/airflow/example_dags/example_external_task_marker_dag.py
[2022-04-14 06:33:44,673] {logging_mixin.py:104} INFO - [2022-04-14 06:33:44,673] {dag.py:1832} INFO - Sync 2 DAGs
[2022-04-14 06:33:44,841] {logging_mixin.py:104} INFO - [2022-04-14 06:33:44,840] {dag.py:2305} INFO - Setting next_dagrun for example_external_task_marker_child to None
[2022-04-14 06:33:44,872] {logging_mixin.py:104} INFO - [2022-04-14 06:33:44,872] {dag.py:2305} INFO - Setting next_dagrun for example_external_task_marker_parent to None
[2022-04-14 06:33:45,040] {scheduler_job.py:190} INFO - Processing /home/airflow/sandbox/lib/python3.8/site-packages/airflow/example_dags/example_external_task_marker_dag.py took 4.083 seconds
[2022-04-14 06:34:27,801] {scheduler_job.py:182} INFO - Started process (PID=2627) to work on /home/airflow/sandbox/lib/python3.8/site-packages/airflow/example_dags/example_external_task_marker_dag.py
[2022-04-14 06:34:27,855] {scheduler_job.py:633} INFO - Processing file /home/airflow/sandbox/lib/python3.8/site-packages/airflow/example_dags/example_external_task_marker_dag.py for tasks to queue
[2022-04-14 06:34:27,867] {logging_mixin.py:104} INFO - [2022-04-14 06:34:27,867] {dagbag.py:487} INFO - Filling up the DagBag from /home/airflow/sandbox/lib/python3.8/site-packages/airflow/example_dags/example_external_task_marker_dag.py
[2022-04-14 06:34:27,960] {scheduler_job.py:643} INFO - DAG(s) dict_keys(['example_external_task_marker_parent', 'example_external_task_marker_child']) retrieved from /home/airflow/sandbox/lib/python3.8/site-packages/airflow/example_dags/example_external_task_marker_dag.py
[2022-04-14 06:34:28,377] {logging_mixin.py:104} INFO - [2022-04-14 06:34:28,376] {dag.py:1832} INFO - Sync 2 DAGs
[2022-04-14 06:34:28,614] {logging_mixin.py:104} INFO - [2022-04-14 06:34:28,614] {dag.py:2305} INFO - Setting next_dagrun for example_external_task_marker_child to None
[2022-04-14 06:34:28,617] {logging_mixin.py:104} INFO - [2022-04-14 06:34:28,617] {dag.py:2305} INFO - Setting next_dagrun for example_external_task_marker_parent to None
[2022-04-14 06:34:30,269] {scheduler_job.py:190} INFO - Processing /home/airflow/sandbox/lib/python3.8/site-packages/airflow/example_dags/example_external_task_marker_dag.py took 2.475 seconds
[2022-04-14 06:35:00,871] {scheduler_job.py:182} INFO - Started process (PID=2929) to work on /home/airflow/sandbox/lib/python3.8/site-packages/airflow/example_dags/example_external_task_marker_dag.py
[2022-04-14 06:35:00,890] {scheduler_job.py:633} INFO - Processing file /home/airflow/sandbox/lib/python3.8/site-packages/airflow/example_dags/example_external_task_marker_dag.py for tasks to queue
[2022-04-14 06:35:00,892] {logging_mixin.py:104} INFO - [2022-04-14 06:35:00,892] {dagbag.py:487} INFO - Filling up the DagBag from /home/airflow/sandbox/lib/python3.8/site-packages/airflow/example_dags/example_external_task_marker_dag.py
[2022-04-14 06:35:00,981] {scheduler_job.py:643} INFO - DAG(s) dict_keys(['example_external_task_marker_parent', 'example_external_task_marker_child']) retrieved from /home/airflow/sandbox/lib/python3.8/site-packages/airflow/example_dags/example_external_task_marker_dag.py
[2022-04-14 06:35:01,038] {logging_mixin.py:104} INFO - [2022-04-14 06:35:01,038] {dag.py:1832} INFO - Sync 2 DAGs
[2022-04-14 06:35:01,095] {logging_mixin.py:104} INFO - [2022-04-14 06:35:01,095] {dag.py:2305} INFO - Setting next_dagrun for example_external_task_marker_child to None
[2022-04-14 06:35:01,097] {logging_mixin.py:104} INFO - [2022-04-14 06:35:01,097] {dag.py:2305} INFO - Setting next_dagrun for example_external_task_marker_parent to None
[2022-04-14 06:35:01,303] {scheduler_job.py:190} INFO - Processing /home/airflow/sandbox/lib/python3.8/site-packages/airflow/example_dags/example_external_task_marker_dag.py took 0.440 seconds
[2022-04-14 06:35:31,404] {scheduler_job.py:182} INFO - Started process (PID=3177) to work on /home/airflow/sandbox/lib/python3.8/site-packages/airflow/example_dags/example_external_task_marker_dag.py
[2022-04-14 06:35:31,407] {scheduler_job.py:633} INFO - Processing file /home/airflow/sandbox/lib/python3.8/site-packages/airflow/example_dags/example_external_task_marker_dag.py for tasks to queue
[2022-04-14 06:35:31,408] {logging_mixin.py:104} INFO - [2022-04-14 06:35:31,408] {dagbag.py:487} INFO - Filling up the DagBag from /home/airflow/sandbox/lib/python3.8/site-packages/airflow/example_dags/example_external_task_marker_dag.py
[2022-04-14 06:35:31,428] {scheduler_job.py:643} INFO - DAG(s) dict_keys(['example_external_task_marker_parent', 'example_external_task_marker_child']) retrieved from /home/airflow/sandbox/lib/python3.8/site-packages/airflow/example_dags/example_external_task_marker_dag.py
[2022-04-14 06:35:31,484] {logging_mixin.py:104} INFO - [2022-04-14 06:35:31,483] {dag.py:1832} INFO - Sync 2 DAGs
[2022-04-14 06:35:31,519] {logging_mixin.py:104} INFO - [2022-04-14 06:35:31,519] {dag.py:2305} INFO - Setting next_dagrun for example_external_task_marker_child to None
[2022-04-14 06:35:31,521] {logging_mixin.py:104} INFO - [2022-04-14 06:35:31,521] {dag.py:2305} INFO - Setting next_dagrun for example_external_task_marker_parent to None
[2022-04-14 06:35:31,655] {scheduler_job.py:190} INFO - Processing /home/airflow/sandbox/lib/python3.8/site-packages/airflow/example_dags/example_external_task_marker_dag.py took 0.257 seconds
[2022-04-14 06:36:02,386] {scheduler_job.py:182} INFO - Started process (PID=3436) to work on /home/airflow/sandbox/lib/python3.8/site-packages/airflow/example_dags/example_external_task_marker_dag.py
[2022-04-14 06:36:02,389] {scheduler_job.py:633} INFO - Processing file /home/airflow/sandbox/lib/python3.8/site-packages/airflow/example_dags/example_external_task_marker_dag.py for tasks to queue
[2022-04-14 06:36:02,390] {logging_mixin.py:104} INFO - [2022-04-14 06:36:02,390] {dagbag.py:487} INFO - Filling up the DagBag from /home/airflow/sandbox/lib/python3.8/site-packages/airflow/example_dags/example_external_task_marker_dag.py
[2022-04-14 06:36:02,408] {scheduler_job.py:643} INFO - DAG(s) dict_keys(['example_external_task_marker_parent', 'example_external_task_marker_child']) retrieved from /home/airflow/sandbox/lib/python3.8/site-packages/airflow/example_dags/example_external_task_marker_dag.py
[2022-04-14 06:36:03,012] {logging_mixin.py:104} INFO - [2022-04-14 06:36:03,012] {dag.py:1832} INFO - Sync 2 DAGs
[2022-04-14 06:36:03,035] {logging_mixin.py:104} INFO - [2022-04-14 06:36:03,035] {dag.py:2305} INFO - Setting next_dagrun for example_external_task_marker_child to None
[2022-04-14 06:36:03,037] {logging_mixin.py:104} INFO - [2022-04-14 06:36:03,037] {dag.py:2305} INFO - Setting next_dagrun for example_external_task_marker_parent to None
[2022-04-14 06:36:03,061] {scheduler_job.py:190} INFO - Processing /home/airflow/sandbox/lib/python3.8/site-packages/airflow/example_dags/example_external_task_marker_dag.py took 0.683 seconds
