[2022-04-14 05:53:05,961] {scheduler_job.py:182} INFO - Started process (PID=42304) to work on /home/airflow/sandbox/lib/python3.8/site-packages/airflow/example_dags/example_subdag_operator.py
[2022-04-14 05:53:05,977] {scheduler_job.py:633} INFO - Processing file /home/airflow/sandbox/lib/python3.8/site-packages/airflow/example_dags/example_subdag_operator.py for tasks to queue
[2022-04-14 05:53:05,979] {logging_mixin.py:104} INFO - [2022-04-14 05:53:05,978] {dagbag.py:487} INFO - Filling up the DagBag from /home/airflow/sandbox/lib/python3.8/site-packages/airflow/example_dags/example_subdag_operator.py
[2022-04-14 05:53:06,149] {scheduler_job.py:643} INFO - DAG(s) dict_keys(['example_subdag_operator.section-1', 'example_subdag_operator.section-2', 'example_subdag_operator']) retrieved from /home/airflow/sandbox/lib/python3.8/site-packages/airflow/example_dags/example_subdag_operator.py
[2022-04-14 05:53:07,437] {logging_mixin.py:104} INFO - [2022-04-14 05:53:07,436] {dag.py:1832} INFO - Sync 3 DAGs
[2022-04-14 05:53:07,480] {logging_mixin.py:104} INFO - [2022-04-14 05:53:07,479] {dag.py:2305} INFO - Setting next_dagrun for example_subdag_operator to 2022-04-12 00:00:00+00:00
[2022-04-14 05:53:07,482] {logging_mixin.py:104} INFO - [2022-04-14 05:53:07,481] {dag.py:2305} INFO - Setting next_dagrun for example_subdag_operator.section-1 to None
[2022-04-14 05:53:07,483] {logging_mixin.py:104} INFO - [2022-04-14 05:53:07,483] {dag.py:2305} INFO - Setting next_dagrun for example_subdag_operator.section-2 to None
[2022-04-14 05:53:07,564] {logging_mixin.py:104} INFO - [2022-04-14 05:53:07,563] {dag.py:1832} INFO - Sync 2 DAGs
[2022-04-14 05:53:07,599] {logging_mixin.py:104} INFO - [2022-04-14 05:53:07,599] {dag.py:2305} INFO - Setting next_dagrun for example_subdag_operator.section-1 to None
[2022-04-14 05:53:07,599] {logging_mixin.py:104} INFO - [2022-04-14 05:53:07,599] {dag.py:2305} INFO - Setting next_dagrun for example_subdag_operator.section-2 to None
[2022-04-14 05:53:07,632] {scheduler_job.py:190} INFO - Processing /home/airflow/sandbox/lib/python3.8/site-packages/airflow/example_dags/example_subdag_operator.py took 1.679 seconds
[2022-04-14 05:53:38,066] {scheduler_job.py:182} INFO - Started process (PID=42506) to work on /home/airflow/sandbox/lib/python3.8/site-packages/airflow/example_dags/example_subdag_operator.py
[2022-04-14 05:53:38,084] {scheduler_job.py:633} INFO - Processing file /home/airflow/sandbox/lib/python3.8/site-packages/airflow/example_dags/example_subdag_operator.py for tasks to queue
[2022-04-14 05:53:38,085] {logging_mixin.py:104} INFO - [2022-04-14 05:53:38,085] {dagbag.py:487} INFO - Filling up the DagBag from /home/airflow/sandbox/lib/python3.8/site-packages/airflow/example_dags/example_subdag_operator.py
[2022-04-14 05:53:38,295] {scheduler_job.py:643} INFO - DAG(s) dict_keys(['example_subdag_operator.section-1', 'example_subdag_operator.section-2', 'example_subdag_operator']) retrieved from /home/airflow/sandbox/lib/python3.8/site-packages/airflow/example_dags/example_subdag_operator.py
[2022-04-14 05:53:38,355] {logging_mixin.py:104} INFO - [2022-04-14 05:53:38,355] {dag.py:1832} INFO - Sync 3 DAGs
[2022-04-14 05:53:38,683] {logging_mixin.py:104} INFO - [2022-04-14 05:53:38,682] {dag.py:2305} INFO - Setting next_dagrun for example_subdag_operator to 2022-04-12 00:00:00+00:00
[2022-04-14 05:53:38,685] {logging_mixin.py:104} INFO - [2022-04-14 05:53:38,685] {dag.py:2305} INFO - Setting next_dagrun for example_subdag_operator.section-1 to None
[2022-04-14 05:53:38,693] {logging_mixin.py:104} INFO - [2022-04-14 05:53:38,693] {dag.py:2305} INFO - Setting next_dagrun for example_subdag_operator.section-2 to None
[2022-04-14 05:53:38,805] {logging_mixin.py:104} INFO - [2022-04-14 05:53:38,804] {dag.py:1832} INFO - Sync 2 DAGs
[2022-04-14 05:53:38,853] {logging_mixin.py:104} INFO - [2022-04-14 05:53:38,852] {dag.py:2305} INFO - Setting next_dagrun for example_subdag_operator.section-1 to None
[2022-04-14 05:53:38,853] {logging_mixin.py:104} INFO - [2022-04-14 05:53:38,853] {dag.py:2305} INFO - Setting next_dagrun for example_subdag_operator.section-2 to None
[2022-04-14 05:53:38,903] {scheduler_job.py:190} INFO - Processing /home/airflow/sandbox/lib/python3.8/site-packages/airflow/example_dags/example_subdag_operator.py took 0.843 seconds
[2022-04-14 05:54:08,990] {scheduler_job.py:182} INFO - Started process (PID=42705) to work on /home/airflow/sandbox/lib/python3.8/site-packages/airflow/example_dags/example_subdag_operator.py
[2022-04-14 05:54:08,993] {scheduler_job.py:633} INFO - Processing file /home/airflow/sandbox/lib/python3.8/site-packages/airflow/example_dags/example_subdag_operator.py for tasks to queue
[2022-04-14 05:54:08,995] {logging_mixin.py:104} INFO - [2022-04-14 05:54:08,994] {dagbag.py:487} INFO - Filling up the DagBag from /home/airflow/sandbox/lib/python3.8/site-packages/airflow/example_dags/example_subdag_operator.py
[2022-04-14 05:54:09,086] {scheduler_job.py:643} INFO - DAG(s) dict_keys(['example_subdag_operator.section-1', 'example_subdag_operator.section-2', 'example_subdag_operator']) retrieved from /home/airflow/sandbox/lib/python3.8/site-packages/airflow/example_dags/example_subdag_operator.py
[2022-04-14 05:54:09,136] {logging_mixin.py:104} INFO - [2022-04-14 05:54:09,136] {dag.py:1832} INFO - Sync 3 DAGs
[2022-04-14 05:54:09,303] {logging_mixin.py:104} INFO - [2022-04-14 05:54:09,302] {dag.py:2305} INFO - Setting next_dagrun for example_subdag_operator to 2022-04-12 00:00:00+00:00
[2022-04-14 05:54:09,305] {logging_mixin.py:104} INFO - [2022-04-14 05:54:09,305] {dag.py:2305} INFO - Setting next_dagrun for example_subdag_operator.section-1 to None
[2022-04-14 05:54:09,306] {logging_mixin.py:104} INFO - [2022-04-14 05:54:09,306] {dag.py:2305} INFO - Setting next_dagrun for example_subdag_operator.section-2 to None
[2022-04-14 05:54:09,340] {logging_mixin.py:104} INFO - [2022-04-14 05:54:09,340] {dag.py:1832} INFO - Sync 2 DAGs
[2022-04-14 05:54:09,353] {logging_mixin.py:104} INFO - [2022-04-14 05:54:09,353] {dag.py:2305} INFO - Setting next_dagrun for example_subdag_operator.section-1 to None
[2022-04-14 05:54:09,355] {logging_mixin.py:104} INFO - [2022-04-14 05:54:09,355] {dag.py:2305} INFO - Setting next_dagrun for example_subdag_operator.section-2 to None
[2022-04-14 05:54:09,368] {scheduler_job.py:190} INFO - Processing /home/airflow/sandbox/lib/python3.8/site-packages/airflow/example_dags/example_subdag_operator.py took 0.387 seconds
[2022-04-14 06:34:12,662] {scheduler_job.py:182} INFO - Started process (PID=2554) to work on /home/airflow/sandbox/lib/python3.8/site-packages/airflow/example_dags/example_subdag_operator.py
[2022-04-14 06:34:12,754] {scheduler_job.py:633} INFO - Processing file /home/airflow/sandbox/lib/python3.8/site-packages/airflow/example_dags/example_subdag_operator.py for tasks to queue
[2022-04-14 06:34:12,755] {logging_mixin.py:104} INFO - [2022-04-14 06:34:12,755] {dagbag.py:487} INFO - Filling up the DagBag from /home/airflow/sandbox/lib/python3.8/site-packages/airflow/example_dags/example_subdag_operator.py
[2022-04-14 06:34:13,259] {scheduler_job.py:643} INFO - DAG(s) dict_keys(['example_subdag_operator.section-1', 'example_subdag_operator.section-2', 'example_subdag_operator']) retrieved from /home/airflow/sandbox/lib/python3.8/site-packages/airflow/example_dags/example_subdag_operator.py
[2022-04-14 06:34:13,397] {logging_mixin.py:104} INFO - [2022-04-14 06:34:13,396] {dag.py:1832} INFO - Sync 3 DAGs
[2022-04-14 06:34:13,627] {logging_mixin.py:104} INFO - [2022-04-14 06:34:13,626] {dag.py:2305} INFO - Setting next_dagrun for example_subdag_operator to 2022-04-12 00:00:00+00:00
[2022-04-14 06:34:13,641] {logging_mixin.py:104} INFO - [2022-04-14 06:34:13,640] {dag.py:2305} INFO - Setting next_dagrun for example_subdag_operator.section-1 to None
[2022-04-14 06:34:13,652] {logging_mixin.py:104} INFO - [2022-04-14 06:34:13,652] {dag.py:2305} INFO - Setting next_dagrun for example_subdag_operator.section-2 to None
[2022-04-14 06:34:14,496] {logging_mixin.py:104} INFO - [2022-04-14 06:34:14,496] {dag.py:1832} INFO - Sync 2 DAGs
[2022-04-14 06:34:14,610] {logging_mixin.py:104} INFO - [2022-04-14 06:34:14,610] {dag.py:2305} INFO - Setting next_dagrun for example_subdag_operator.section-1 to None
[2022-04-14 06:34:14,619] {logging_mixin.py:104} INFO - [2022-04-14 06:34:14,619] {dag.py:2305} INFO - Setting next_dagrun for example_subdag_operator.section-2 to None
[2022-04-14 06:34:14,729] {scheduler_job.py:190} INFO - Processing /home/airflow/sandbox/lib/python3.8/site-packages/airflow/example_dags/example_subdag_operator.py took 2.074 seconds
[2022-04-14 06:34:50,450] {scheduler_job.py:182} INFO - Started process (PID=2800) to work on /home/airflow/sandbox/lib/python3.8/site-packages/airflow/example_dags/example_subdag_operator.py
[2022-04-14 06:34:50,489] {scheduler_job.py:633} INFO - Processing file /home/airflow/sandbox/lib/python3.8/site-packages/airflow/example_dags/example_subdag_operator.py for tasks to queue
[2022-04-14 06:34:50,507] {logging_mixin.py:104} INFO - [2022-04-14 06:34:50,506] {dagbag.py:487} INFO - Filling up the DagBag from /home/airflow/sandbox/lib/python3.8/site-packages/airflow/example_dags/example_subdag_operator.py
[2022-04-14 06:34:50,658] {scheduler_job.py:643} INFO - DAG(s) dict_keys(['example_subdag_operator.section-1', 'example_subdag_operator.section-2', 'example_subdag_operator']) retrieved from /home/airflow/sandbox/lib/python3.8/site-packages/airflow/example_dags/example_subdag_operator.py
[2022-04-14 06:34:50,774] {logging_mixin.py:104} INFO - [2022-04-14 06:34:50,774] {dag.py:1832} INFO - Sync 3 DAGs
[2022-04-14 06:34:51,122] {logging_mixin.py:104} INFO - [2022-04-14 06:34:51,121] {dag.py:2305} INFO - Setting next_dagrun for example_subdag_operator to 2022-04-12 00:00:00+00:00
[2022-04-14 06:34:51,124] {logging_mixin.py:104} INFO - [2022-04-14 06:34:51,124] {dag.py:2305} INFO - Setting next_dagrun for example_subdag_operator.section-1 to None
[2022-04-14 06:34:51,127] {logging_mixin.py:104} INFO - [2022-04-14 06:34:51,127] {dag.py:2305} INFO - Setting next_dagrun for example_subdag_operator.section-2 to None
[2022-04-14 06:34:51,208] {logging_mixin.py:104} INFO - [2022-04-14 06:34:51,208] {dag.py:1832} INFO - Sync 2 DAGs
[2022-04-14 06:34:51,246] {logging_mixin.py:104} INFO - [2022-04-14 06:34:51,246] {dag.py:2305} INFO - Setting next_dagrun for example_subdag_operator.section-1 to None
[2022-04-14 06:34:51,246] {logging_mixin.py:104} INFO - [2022-04-14 06:34:51,246] {dag.py:2305} INFO - Setting next_dagrun for example_subdag_operator.section-2 to None
[2022-04-14 06:34:51,298] {scheduler_job.py:190} INFO - Processing /home/airflow/sandbox/lib/python3.8/site-packages/airflow/example_dags/example_subdag_operator.py took 0.854 seconds
[2022-04-14 06:35:21,515] {scheduler_job.py:182} INFO - Started process (PID=3108) to work on /home/airflow/sandbox/lib/python3.8/site-packages/airflow/example_dags/example_subdag_operator.py
[2022-04-14 06:35:21,521] {scheduler_job.py:633} INFO - Processing file /home/airflow/sandbox/lib/python3.8/site-packages/airflow/example_dags/example_subdag_operator.py for tasks to queue
[2022-04-14 06:35:21,528] {logging_mixin.py:104} INFO - [2022-04-14 06:35:21,527] {dagbag.py:487} INFO - Filling up the DagBag from /home/airflow/sandbox/lib/python3.8/site-packages/airflow/example_dags/example_subdag_operator.py
[2022-04-14 06:35:21,693] {scheduler_job.py:643} INFO - DAG(s) dict_keys(['example_subdag_operator.section-1', 'example_subdag_operator.section-2', 'example_subdag_operator']) retrieved from /home/airflow/sandbox/lib/python3.8/site-packages/airflow/example_dags/example_subdag_operator.py
[2022-04-14 06:35:21,747] {logging_mixin.py:104} INFO - [2022-04-14 06:35:21,747] {dag.py:1832} INFO - Sync 3 DAGs
[2022-04-14 06:35:22,031] {logging_mixin.py:104} INFO - [2022-04-14 06:35:22,031] {dag.py:2305} INFO - Setting next_dagrun for example_subdag_operator to 2022-04-12 00:00:00+00:00
[2022-04-14 06:35:22,033] {logging_mixin.py:104} INFO - [2022-04-14 06:35:22,033] {dag.py:2305} INFO - Setting next_dagrun for example_subdag_operator.section-1 to None
[2022-04-14 06:35:22,039] {logging_mixin.py:104} INFO - [2022-04-14 06:35:22,039] {dag.py:2305} INFO - Setting next_dagrun for example_subdag_operator.section-2 to None
[2022-04-14 06:35:22,130] {logging_mixin.py:104} INFO - [2022-04-14 06:35:22,130] {dag.py:1832} INFO - Sync 2 DAGs
[2022-04-14 06:35:22,168] {logging_mixin.py:104} INFO - [2022-04-14 06:35:22,168] {dag.py:2305} INFO - Setting next_dagrun for example_subdag_operator.section-1 to None
[2022-04-14 06:35:22,168] {logging_mixin.py:104} INFO - [2022-04-14 06:35:22,168] {dag.py:2305} INFO - Setting next_dagrun for example_subdag_operator.section-2 to None
[2022-04-14 06:35:22,266] {scheduler_job.py:190} INFO - Processing /home/airflow/sandbox/lib/python3.8/site-packages/airflow/example_dags/example_subdag_operator.py took 0.787 seconds
[2022-04-14 06:35:52,849] {scheduler_job.py:182} INFO - Started process (PID=3338) to work on /home/airflow/sandbox/lib/python3.8/site-packages/airflow/example_dags/example_subdag_operator.py
[2022-04-14 06:35:52,863] {scheduler_job.py:633} INFO - Processing file /home/airflow/sandbox/lib/python3.8/site-packages/airflow/example_dags/example_subdag_operator.py for tasks to queue
[2022-04-14 06:35:52,865] {logging_mixin.py:104} INFO - [2022-04-14 06:35:52,865] {dagbag.py:487} INFO - Filling up the DagBag from /home/airflow/sandbox/lib/python3.8/site-packages/airflow/example_dags/example_subdag_operator.py
[2022-04-14 06:35:53,056] {scheduler_job.py:643} INFO - DAG(s) dict_keys(['example_subdag_operator.section-1', 'example_subdag_operator.section-2', 'example_subdag_operator']) retrieved from /home/airflow/sandbox/lib/python3.8/site-packages/airflow/example_dags/example_subdag_operator.py
[2022-04-14 06:35:53,144] {logging_mixin.py:104} INFO - [2022-04-14 06:35:53,143] {dag.py:1832} INFO - Sync 3 DAGs
[2022-04-14 06:35:53,432] {logging_mixin.py:104} INFO - [2022-04-14 06:35:53,431] {dag.py:2305} INFO - Setting next_dagrun for example_subdag_operator to 2022-04-12 00:00:00+00:00
[2022-04-14 06:35:53,435] {logging_mixin.py:104} INFO - [2022-04-14 06:35:53,435] {dag.py:2305} INFO - Setting next_dagrun for example_subdag_operator.section-1 to None
[2022-04-14 06:35:53,436] {logging_mixin.py:104} INFO - [2022-04-14 06:35:53,436] {dag.py:2305} INFO - Setting next_dagrun for example_subdag_operator.section-2 to None
[2022-04-14 06:35:53,475] {logging_mixin.py:104} INFO - [2022-04-14 06:35:53,475] {dag.py:1832} INFO - Sync 2 DAGs
[2022-04-14 06:35:53,516] {logging_mixin.py:104} INFO - [2022-04-14 06:35:53,516] {dag.py:2305} INFO - Setting next_dagrun for example_subdag_operator.section-1 to None
[2022-04-14 06:35:53,517] {logging_mixin.py:104} INFO - [2022-04-14 06:35:53,517] {dag.py:2305} INFO - Setting next_dagrun for example_subdag_operator.section-2 to None
[2022-04-14 06:35:53,556] {scheduler_job.py:190} INFO - Processing /home/airflow/sandbox/lib/python3.8/site-packages/airflow/example_dags/example_subdag_operator.py took 0.713 seconds
