[2022-04-14 05:52:43,991] {scheduler_job.py:182} INFO - Started process (PID=42213) to work on /home/airflow/sandbox/lib/python3.8/site-packages/airflow/example_dags/example_branch_datetime_operator.py
[2022-04-14 05:52:44,064] {scheduler_job.py:633} INFO - Processing file /home/airflow/sandbox/lib/python3.8/site-packages/airflow/example_dags/example_branch_datetime_operator.py for tasks to queue
[2022-04-14 05:52:44,065] {logging_mixin.py:104} INFO - [2022-04-14 05:52:44,065] {dagbag.py:487} INFO - Filling up the DagBag from /home/airflow/sandbox/lib/python3.8/site-packages/airflow/example_dags/example_branch_datetime_operator.py
[2022-04-14 05:52:44,181] {scheduler_job.py:643} INFO - DAG(s) dict_keys(['example_branch_datetime_operator_2']) retrieved from /home/airflow/sandbox/lib/python3.8/site-packages/airflow/example_dags/example_branch_datetime_operator.py
[2022-04-14 05:52:47,859] {logging_mixin.py:104} INFO - [2022-04-14 05:52:47,859] {dag.py:1832} INFO - Sync 1 DAGs
[2022-04-14 05:52:48,013] {logging_mixin.py:104} INFO - [2022-04-14 05:52:48,013] {dag.py:2305} INFO - Setting next_dagrun for example_branch_datetime_operator_2 to 2022-04-12 00:00:00+00:00
[2022-04-14 05:52:48,208] {scheduler_job.py:190} INFO - Processing /home/airflow/sandbox/lib/python3.8/site-packages/airflow/example_dags/example_branch_datetime_operator.py took 4.225 seconds
[2022-04-14 05:53:18,897] {scheduler_job.py:182} INFO - Started process (PID=42411) to work on /home/airflow/sandbox/lib/python3.8/site-packages/airflow/example_dags/example_branch_datetime_operator.py
[2022-04-14 05:53:18,916] {scheduler_job.py:633} INFO - Processing file /home/airflow/sandbox/lib/python3.8/site-packages/airflow/example_dags/example_branch_datetime_operator.py for tasks to queue
[2022-04-14 05:53:18,931] {logging_mixin.py:104} INFO - [2022-04-14 05:53:18,930] {dagbag.py:487} INFO - Filling up the DagBag from /home/airflow/sandbox/lib/python3.8/site-packages/airflow/example_dags/example_branch_datetime_operator.py
[2022-04-14 05:53:18,980] {scheduler_job.py:643} INFO - DAG(s) dict_keys(['example_branch_datetime_operator_2']) retrieved from /home/airflow/sandbox/lib/python3.8/site-packages/airflow/example_dags/example_branch_datetime_operator.py
[2022-04-14 05:53:19,107] {logging_mixin.py:104} INFO - [2022-04-14 05:53:19,107] {dag.py:1832} INFO - Sync 1 DAGs
[2022-04-14 05:53:19,184] {logging_mixin.py:104} INFO - [2022-04-14 05:53:19,184] {dag.py:2305} INFO - Setting next_dagrun for example_branch_datetime_operator_2 to 2022-04-12 00:00:00+00:00
[2022-04-14 05:53:19,350] {scheduler_job.py:190} INFO - Processing /home/airflow/sandbox/lib/python3.8/site-packages/airflow/example_dags/example_branch_datetime_operator.py took 0.461 seconds
[2022-04-14 05:53:49,997] {scheduler_job.py:182} INFO - Started process (PID=42609) to work on /home/airflow/sandbox/lib/python3.8/site-packages/airflow/example_dags/example_branch_datetime_operator.py
[2022-04-14 05:53:50,017] {scheduler_job.py:633} INFO - Processing file /home/airflow/sandbox/lib/python3.8/site-packages/airflow/example_dags/example_branch_datetime_operator.py for tasks to queue
[2022-04-14 05:53:50,018] {logging_mixin.py:104} INFO - [2022-04-14 05:53:50,018] {dagbag.py:487} INFO - Filling up the DagBag from /home/airflow/sandbox/lib/python3.8/site-packages/airflow/example_dags/example_branch_datetime_operator.py
[2022-04-14 05:53:50,084] {scheduler_job.py:643} INFO - DAG(s) dict_keys(['example_branch_datetime_operator_2']) retrieved from /home/airflow/sandbox/lib/python3.8/site-packages/airflow/example_dags/example_branch_datetime_operator.py
[2022-04-14 05:53:50,279] {logging_mixin.py:104} INFO - [2022-04-14 05:53:50,279] {dag.py:1832} INFO - Sync 1 DAGs
[2022-04-14 05:53:50,387] {logging_mixin.py:104} INFO - [2022-04-14 05:53:50,387] {dag.py:2305} INFO - Setting next_dagrun for example_branch_datetime_operator_2 to 2022-04-12 00:00:00+00:00
[2022-04-14 05:53:50,664] {scheduler_job.py:190} INFO - Processing /home/airflow/sandbox/lib/python3.8/site-packages/airflow/example_dags/example_branch_datetime_operator.py took 0.679 seconds
[2022-04-14 06:33:55,591] {scheduler_job.py:182} INFO - Started process (PID=2459) to work on /home/airflow/sandbox/lib/python3.8/site-packages/airflow/example_dags/example_branch_datetime_operator.py
[2022-04-14 06:33:55,638] {scheduler_job.py:633} INFO - Processing file /home/airflow/sandbox/lib/python3.8/site-packages/airflow/example_dags/example_branch_datetime_operator.py for tasks to queue
[2022-04-14 06:33:55,639] {logging_mixin.py:104} INFO - [2022-04-14 06:33:55,639] {dagbag.py:487} INFO - Filling up the DagBag from /home/airflow/sandbox/lib/python3.8/site-packages/airflow/example_dags/example_branch_datetime_operator.py
[2022-04-14 06:33:55,839] {scheduler_job.py:643} INFO - DAG(s) dict_keys(['example_branch_datetime_operator_2']) retrieved from /home/airflow/sandbox/lib/python3.8/site-packages/airflow/example_dags/example_branch_datetime_operator.py
[2022-04-14 06:33:56,108] {logging_mixin.py:104} INFO - [2022-04-14 06:33:56,108] {dag.py:1832} INFO - Sync 1 DAGs
[2022-04-14 06:33:56,329] {logging_mixin.py:104} INFO - [2022-04-14 06:33:56,328] {dag.py:2305} INFO - Setting next_dagrun for example_branch_datetime_operator_2 to 2022-04-12 00:00:00+00:00
[2022-04-14 06:33:57,146] {scheduler_job.py:190} INFO - Processing /home/airflow/sandbox/lib/python3.8/site-packages/airflow/example_dags/example_branch_datetime_operator.py took 1.626 seconds
[2022-04-14 06:34:37,414] {scheduler_job.py:182} INFO - Started process (PID=2664) to work on /home/airflow/sandbox/lib/python3.8/site-packages/airflow/example_dags/example_branch_datetime_operator.py
[2022-04-14 06:34:37,435] {scheduler_job.py:633} INFO - Processing file /home/airflow/sandbox/lib/python3.8/site-packages/airflow/example_dags/example_branch_datetime_operator.py for tasks to queue
[2022-04-14 06:34:37,457] {logging_mixin.py:104} INFO - [2022-04-14 06:34:37,457] {dagbag.py:487} INFO - Filling up the DagBag from /home/airflow/sandbox/lib/python3.8/site-packages/airflow/example_dags/example_branch_datetime_operator.py
[2022-04-14 06:34:37,657] {scheduler_job.py:643} INFO - DAG(s) dict_keys(['example_branch_datetime_operator_2']) retrieved from /home/airflow/sandbox/lib/python3.8/site-packages/airflow/example_dags/example_branch_datetime_operator.py
[2022-04-14 06:34:37,982] {logging_mixin.py:104} INFO - [2022-04-14 06:34:37,981] {dag.py:1832} INFO - Sync 1 DAGs
[2022-04-14 06:34:38,266] {logging_mixin.py:104} INFO - [2022-04-14 06:34:38,266] {dag.py:2305} INFO - Setting next_dagrun for example_branch_datetime_operator_2 to 2022-04-12 00:00:00+00:00
[2022-04-14 06:34:39,050] {scheduler_job.py:190} INFO - Processing /home/airflow/sandbox/lib/python3.8/site-packages/airflow/example_dags/example_branch_datetime_operator.py took 1.700 seconds
[2022-04-14 06:35:09,276] {scheduler_job.py:182} INFO - Started process (PID=3018) to work on /home/airflow/sandbox/lib/python3.8/site-packages/airflow/example_dags/example_branch_datetime_operator.py
[2022-04-14 06:35:09,285] {scheduler_job.py:633} INFO - Processing file /home/airflow/sandbox/lib/python3.8/site-packages/airflow/example_dags/example_branch_datetime_operator.py for tasks to queue
[2022-04-14 06:35:09,289] {logging_mixin.py:104} INFO - [2022-04-14 06:35:09,289] {dagbag.py:487} INFO - Filling up the DagBag from /home/airflow/sandbox/lib/python3.8/site-packages/airflow/example_dags/example_branch_datetime_operator.py
[2022-04-14 06:35:09,379] {scheduler_job.py:643} INFO - DAG(s) dict_keys(['example_branch_datetime_operator_2']) retrieved from /home/airflow/sandbox/lib/python3.8/site-packages/airflow/example_dags/example_branch_datetime_operator.py
[2022-04-14 06:35:09,488] {logging_mixin.py:104} INFO - [2022-04-14 06:35:09,488] {dag.py:1832} INFO - Sync 1 DAGs
[2022-04-14 06:35:09,562] {logging_mixin.py:104} INFO - [2022-04-14 06:35:09,562] {dag.py:2305} INFO - Setting next_dagrun for example_branch_datetime_operator_2 to 2022-04-12 00:00:00+00:00
[2022-04-14 06:35:09,808] {scheduler_job.py:190} INFO - Processing /home/airflow/sandbox/lib/python3.8/site-packages/airflow/example_dags/example_branch_datetime_operator.py took 0.543 seconds
[2022-04-14 06:35:40,128] {scheduler_job.py:182} INFO - Started process (PID=3219) to work on /home/airflow/sandbox/lib/python3.8/site-packages/airflow/example_dags/example_branch_datetime_operator.py
[2022-04-14 06:35:40,131] {scheduler_job.py:633} INFO - Processing file /home/airflow/sandbox/lib/python3.8/site-packages/airflow/example_dags/example_branch_datetime_operator.py for tasks to queue
[2022-04-14 06:35:40,134] {logging_mixin.py:104} INFO - [2022-04-14 06:35:40,132] {dagbag.py:487} INFO - Filling up the DagBag from /home/airflow/sandbox/lib/python3.8/site-packages/airflow/example_dags/example_branch_datetime_operator.py
[2022-04-14 06:35:40,155] {scheduler_job.py:643} INFO - DAG(s) dict_keys(['example_branch_datetime_operator_2']) retrieved from /home/airflow/sandbox/lib/python3.8/site-packages/airflow/example_dags/example_branch_datetime_operator.py
[2022-04-14 06:35:40,202] {logging_mixin.py:104} INFO - [2022-04-14 06:35:40,202] {dag.py:1832} INFO - Sync 1 DAGs
[2022-04-14 06:35:40,261] {logging_mixin.py:104} INFO - [2022-04-14 06:35:40,260] {dag.py:2305} INFO - Setting next_dagrun for example_branch_datetime_operator_2 to 2022-04-12 00:00:00+00:00
[2022-04-14 06:35:40,437] {scheduler_job.py:190} INFO - Processing /home/airflow/sandbox/lib/python3.8/site-packages/airflow/example_dags/example_branch_datetime_operator.py took 0.317 seconds
