[2022-04-14 05:52:43,899] {scheduler_job.py:182} INFO - Started process (PID=42208) to work on /home/airflow/sandbox/lib/python3.8/site-packages/airflow/example_dags/example_latest_only_with_trigger.py
[2022-04-14 05:52:43,944] {scheduler_job.py:633} INFO - Processing file /home/airflow/sandbox/lib/python3.8/site-packages/airflow/example_dags/example_latest_only_with_trigger.py for tasks to queue
[2022-04-14 05:52:43,945] {logging_mixin.py:104} INFO - [2022-04-14 05:52:43,945] {dagbag.py:487} INFO - Filling up the DagBag from /home/airflow/sandbox/lib/python3.8/site-packages/airflow/example_dags/example_latest_only_with_trigger.py
[2022-04-14 05:52:44,094] {scheduler_job.py:643} INFO - DAG(s) dict_keys(['latest_only_with_trigger']) retrieved from /home/airflow/sandbox/lib/python3.8/site-packages/airflow/example_dags/example_latest_only_with_trigger.py
[2022-04-14 05:52:48,014] {logging_mixin.py:104} INFO - [2022-04-14 05:52:48,014] {dag.py:1832} INFO - Sync 1 DAGs
[2022-04-14 05:52:48,230] {logging_mixin.py:104} INFO - [2022-04-14 05:52:48,229] {dag.py:2305} INFO - Setting next_dagrun for latest_only_with_trigger to 2022-04-12 00:00:00+00:00
[2022-04-14 05:52:48,435] {scheduler_job.py:190} INFO - Processing /home/airflow/sandbox/lib/python3.8/site-packages/airflow/example_dags/example_latest_only_with_trigger.py took 4.574 seconds
[2022-04-14 05:53:18,879] {scheduler_job.py:182} INFO - Started process (PID=42409) to work on /home/airflow/sandbox/lib/python3.8/site-packages/airflow/example_dags/example_latest_only_with_trigger.py
[2022-04-14 05:53:18,899] {scheduler_job.py:633} INFO - Processing file /home/airflow/sandbox/lib/python3.8/site-packages/airflow/example_dags/example_latest_only_with_trigger.py for tasks to queue
[2022-04-14 05:53:18,900] {logging_mixin.py:104} INFO - [2022-04-14 05:53:18,900] {dagbag.py:487} INFO - Filling up the DagBag from /home/airflow/sandbox/lib/python3.8/site-packages/airflow/example_dags/example_latest_only_with_trigger.py
[2022-04-14 05:53:18,959] {scheduler_job.py:643} INFO - DAG(s) dict_keys(['latest_only_with_trigger']) retrieved from /home/airflow/sandbox/lib/python3.8/site-packages/airflow/example_dags/example_latest_only_with_trigger.py
[2022-04-14 05:53:19,077] {logging_mixin.py:104} INFO - [2022-04-14 05:53:19,076] {dag.py:1832} INFO - Sync 1 DAGs
[2022-04-14 05:53:19,134] {logging_mixin.py:104} INFO - [2022-04-14 05:53:19,134] {dag.py:2305} INFO - Setting next_dagrun for latest_only_with_trigger to 2022-04-12 00:00:00+00:00
[2022-04-14 05:53:19,217] {scheduler_job.py:190} INFO - Processing /home/airflow/sandbox/lib/python3.8/site-packages/airflow/example_dags/example_latest_only_with_trigger.py took 0.355 seconds
[2022-04-14 05:53:49,978] {scheduler_job.py:182} INFO - Started process (PID=42608) to work on /home/airflow/sandbox/lib/python3.8/site-packages/airflow/example_dags/example_latest_only_with_trigger.py
[2022-04-14 05:53:49,994] {scheduler_job.py:633} INFO - Processing file /home/airflow/sandbox/lib/python3.8/site-packages/airflow/example_dags/example_latest_only_with_trigger.py for tasks to queue
[2022-04-14 05:53:50,001] {logging_mixin.py:104} INFO - [2022-04-14 05:53:49,999] {dagbag.py:487} INFO - Filling up the DagBag from /home/airflow/sandbox/lib/python3.8/site-packages/airflow/example_dags/example_latest_only_with_trigger.py
[2022-04-14 05:53:50,085] {scheduler_job.py:643} INFO - DAG(s) dict_keys(['latest_only_with_trigger']) retrieved from /home/airflow/sandbox/lib/python3.8/site-packages/airflow/example_dags/example_latest_only_with_trigger.py
[2022-04-14 05:53:50,265] {logging_mixin.py:104} INFO - [2022-04-14 05:53:50,265] {dag.py:1832} INFO - Sync 1 DAGs
[2022-04-14 05:53:50,354] {logging_mixin.py:104} INFO - [2022-04-14 05:53:50,353] {dag.py:2305} INFO - Setting next_dagrun for latest_only_with_trigger to 2022-04-12 00:00:00+00:00
[2022-04-14 05:53:50,632] {scheduler_job.py:190} INFO - Processing /home/airflow/sandbox/lib/python3.8/site-packages/airflow/example_dags/example_latest_only_with_trigger.py took 0.660 seconds
[2022-04-14 06:33:55,412] {scheduler_job.py:182} INFO - Started process (PID=2454) to work on /home/airflow/sandbox/lib/python3.8/site-packages/airflow/example_dags/example_latest_only_with_trigger.py
[2022-04-14 06:33:55,446] {scheduler_job.py:633} INFO - Processing file /home/airflow/sandbox/lib/python3.8/site-packages/airflow/example_dags/example_latest_only_with_trigger.py for tasks to queue
[2022-04-14 06:33:55,448] {logging_mixin.py:104} INFO - [2022-04-14 06:33:55,448] {dagbag.py:487} INFO - Filling up the DagBag from /home/airflow/sandbox/lib/python3.8/site-packages/airflow/example_dags/example_latest_only_with_trigger.py
[2022-04-14 06:33:55,567] {scheduler_job.py:643} INFO - DAG(s) dict_keys(['latest_only_with_trigger']) retrieved from /home/airflow/sandbox/lib/python3.8/site-packages/airflow/example_dags/example_latest_only_with_trigger.py
[2022-04-14 06:33:55,877] {logging_mixin.py:104} INFO - [2022-04-14 06:33:55,876] {dag.py:1832} INFO - Sync 1 DAGs
[2022-04-14 06:33:56,081] {logging_mixin.py:104} INFO - [2022-04-14 06:33:56,081] {dag.py:2305} INFO - Setting next_dagrun for latest_only_with_trigger to 2022-04-12 00:00:00+00:00
[2022-04-14 06:33:56,266] {scheduler_job.py:190} INFO - Processing /home/airflow/sandbox/lib/python3.8/site-packages/airflow/example_dags/example_latest_only_with_trigger.py took 0.915 seconds
[2022-04-14 06:34:36,787] {scheduler_job.py:182} INFO - Started process (PID=2658) to work on /home/airflow/sandbox/lib/python3.8/site-packages/airflow/example_dags/example_latest_only_with_trigger.py
[2022-04-14 06:34:36,818] {scheduler_job.py:633} INFO - Processing file /home/airflow/sandbox/lib/python3.8/site-packages/airflow/example_dags/example_latest_only_with_trigger.py for tasks to queue
[2022-04-14 06:34:36,828] {logging_mixin.py:104} INFO - [2022-04-14 06:34:36,827] {dagbag.py:487} INFO - Filling up the DagBag from /home/airflow/sandbox/lib/python3.8/site-packages/airflow/example_dags/example_latest_only_with_trigger.py
[2022-04-14 06:34:37,063] {scheduler_job.py:643} INFO - DAG(s) dict_keys(['latest_only_with_trigger']) retrieved from /home/airflow/sandbox/lib/python3.8/site-packages/airflow/example_dags/example_latest_only_with_trigger.py
[2022-04-14 06:34:37,430] {logging_mixin.py:104} INFO - [2022-04-14 06:34:37,430] {dag.py:1832} INFO - Sync 1 DAGs
[2022-04-14 06:34:37,676] {logging_mixin.py:104} INFO - [2022-04-14 06:34:37,676] {dag.py:2305} INFO - Setting next_dagrun for latest_only_with_trigger to 2022-04-12 00:00:00+00:00
[2022-04-14 06:34:38,835] {scheduler_job.py:190} INFO - Processing /home/airflow/sandbox/lib/python3.8/site-packages/airflow/example_dags/example_latest_only_with_trigger.py took 2.112 seconds
[2022-04-14 06:35:09,074] {scheduler_job.py:182} INFO - Started process (PID=3014) to work on /home/airflow/sandbox/lib/python3.8/site-packages/airflow/example_dags/example_latest_only_with_trigger.py
[2022-04-14 06:35:09,077] {scheduler_job.py:633} INFO - Processing file /home/airflow/sandbox/lib/python3.8/site-packages/airflow/example_dags/example_latest_only_with_trigger.py for tasks to queue
[2022-04-14 06:35:09,079] {logging_mixin.py:104} INFO - [2022-04-14 06:35:09,078] {dagbag.py:487} INFO - Filling up the DagBag from /home/airflow/sandbox/lib/python3.8/site-packages/airflow/example_dags/example_latest_only_with_trigger.py
[2022-04-14 06:35:09,104] {scheduler_job.py:643} INFO - DAG(s) dict_keys(['latest_only_with_trigger']) retrieved from /home/airflow/sandbox/lib/python3.8/site-packages/airflow/example_dags/example_latest_only_with_trigger.py
[2022-04-14 06:35:09,159] {logging_mixin.py:104} INFO - [2022-04-14 06:35:09,159] {dag.py:1832} INFO - Sync 1 DAGs
[2022-04-14 06:35:09,193] {logging_mixin.py:104} INFO - [2022-04-14 06:35:09,193] {dag.py:2305} INFO - Setting next_dagrun for latest_only_with_trigger to 2022-04-12 00:00:00+00:00
[2022-04-14 06:35:09,566] {scheduler_job.py:190} INFO - Processing /home/airflow/sandbox/lib/python3.8/site-packages/airflow/example_dags/example_latest_only_with_trigger.py took 0.500 seconds
[2022-04-14 06:35:39,803] {scheduler_job.py:182} INFO - Started process (PID=3213) to work on /home/airflow/sandbox/lib/python3.8/site-packages/airflow/example_dags/example_latest_only_with_trigger.py
[2022-04-14 06:35:39,805] {scheduler_job.py:633} INFO - Processing file /home/airflow/sandbox/lib/python3.8/site-packages/airflow/example_dags/example_latest_only_with_trigger.py for tasks to queue
[2022-04-14 06:35:39,810] {logging_mixin.py:104} INFO - [2022-04-14 06:35:39,807] {dagbag.py:487} INFO - Filling up the DagBag from /home/airflow/sandbox/lib/python3.8/site-packages/airflow/example_dags/example_latest_only_with_trigger.py
[2022-04-14 06:35:39,836] {scheduler_job.py:643} INFO - DAG(s) dict_keys(['latest_only_with_trigger']) retrieved from /home/airflow/sandbox/lib/python3.8/site-packages/airflow/example_dags/example_latest_only_with_trigger.py
[2022-04-14 06:35:39,898] {logging_mixin.py:104} INFO - [2022-04-14 06:35:39,898] {dag.py:1832} INFO - Sync 1 DAGs
[2022-04-14 06:35:39,939] {logging_mixin.py:104} INFO - [2022-04-14 06:35:39,939] {dag.py:2305} INFO - Setting next_dagrun for latest_only_with_trigger to 2022-04-12 00:00:00+00:00
[2022-04-14 06:35:40,085] {scheduler_job.py:190} INFO - Processing /home/airflow/sandbox/lib/python3.8/site-packages/airflow/example_dags/example_latest_only_with_trigger.py took 0.291 seconds
