[2022-04-14 05:52:53,666] {scheduler_job.py:182} INFO - Started process (PID=42232) to work on /home/airflow/sandbox/lib/python3.8/site-packages/airflow/example_dags/example_kubernetes_executor.py
[2022-04-14 05:52:53,699] {scheduler_job.py:633} INFO - Processing file /home/airflow/sandbox/lib/python3.8/site-packages/airflow/example_dags/example_kubernetes_executor.py for tasks to queue
[2022-04-14 05:52:53,715] {logging_mixin.py:104} INFO - [2022-04-14 05:52:53,715] {dagbag.py:487} INFO - Filling up the DagBag from /home/airflow/sandbox/lib/python3.8/site-packages/airflow/example_dags/example_kubernetes_executor.py
[2022-04-14 05:52:53,821] {scheduler_job.py:643} INFO - DAG(s) dict_keys(['example_kubernetes_executor']) retrieved from /home/airflow/sandbox/lib/python3.8/site-packages/airflow/example_dags/example_kubernetes_executor.py
[2022-04-14 05:52:57,339] {logging_mixin.py:104} INFO - [2022-04-14 05:52:57,339] {dag.py:1832} INFO - Sync 1 DAGs
[2022-04-14 05:52:57,376] {logging_mixin.py:104} INFO - [2022-04-14 05:52:57,376] {dag.py:2305} INFO - Setting next_dagrun for example_kubernetes_executor to None
[2022-04-14 05:52:57,464] {scheduler_job.py:190} INFO - Processing /home/airflow/sandbox/lib/python3.8/site-packages/airflow/example_dags/example_kubernetes_executor.py took 3.826 seconds
[2022-04-14 05:53:27,587] {scheduler_job.py:182} INFO - Started process (PID=42433) to work on /home/airflow/sandbox/lib/python3.8/site-packages/airflow/example_dags/example_kubernetes_executor.py
[2022-04-14 05:53:27,590] {scheduler_job.py:633} INFO - Processing file /home/airflow/sandbox/lib/python3.8/site-packages/airflow/example_dags/example_kubernetes_executor.py for tasks to queue
[2022-04-14 05:53:27,601] {logging_mixin.py:104} INFO - [2022-04-14 05:53:27,600] {dagbag.py:487} INFO - Filling up the DagBag from /home/airflow/sandbox/lib/python3.8/site-packages/airflow/example_dags/example_kubernetes_executor.py
[2022-04-14 05:53:27,660] {scheduler_job.py:643} INFO - DAG(s) dict_keys(['example_kubernetes_executor']) retrieved from /home/airflow/sandbox/lib/python3.8/site-packages/airflow/example_dags/example_kubernetes_executor.py
[2022-04-14 05:53:27,723] {logging_mixin.py:104} INFO - [2022-04-14 05:53:27,723] {dag.py:1832} INFO - Sync 1 DAGs
[2022-04-14 05:53:27,762] {logging_mixin.py:104} INFO - [2022-04-14 05:53:27,762] {dag.py:2305} INFO - Setting next_dagrun for example_kubernetes_executor to None
[2022-04-14 05:53:27,925] {scheduler_job.py:190} INFO - Processing /home/airflow/sandbox/lib/python3.8/site-packages/airflow/example_dags/example_kubernetes_executor.py took 0.344 seconds
[2022-04-14 05:53:58,524] {scheduler_job.py:182} INFO - Started process (PID=42632) to work on /home/airflow/sandbox/lib/python3.8/site-packages/airflow/example_dags/example_kubernetes_executor.py
[2022-04-14 05:53:58,532] {scheduler_job.py:633} INFO - Processing file /home/airflow/sandbox/lib/python3.8/site-packages/airflow/example_dags/example_kubernetes_executor.py for tasks to queue
[2022-04-14 05:53:58,537] {logging_mixin.py:104} INFO - [2022-04-14 05:53:58,537] {dagbag.py:487} INFO - Filling up the DagBag from /home/airflow/sandbox/lib/python3.8/site-packages/airflow/example_dags/example_kubernetes_executor.py
[2022-04-14 05:53:58,570] {scheduler_job.py:643} INFO - DAG(s) dict_keys(['example_kubernetes_executor']) retrieved from /home/airflow/sandbox/lib/python3.8/site-packages/airflow/example_dags/example_kubernetes_executor.py
[2022-04-14 05:53:58,748] {logging_mixin.py:104} INFO - [2022-04-14 05:53:58,748] {dag.py:1832} INFO - Sync 1 DAGs
[2022-04-14 05:53:59,065] {logging_mixin.py:104} INFO - [2022-04-14 05:53:59,064] {dag.py:2305} INFO - Setting next_dagrun for example_kubernetes_executor to None
[2022-04-14 05:53:59,118] {scheduler_job.py:190} INFO - Processing /home/airflow/sandbox/lib/python3.8/site-packages/airflow/example_dags/example_kubernetes_executor.py took 0.623 seconds
[2022-04-14 06:33:58,883] {scheduler_job.py:182} INFO - Started process (PID=2478) to work on /home/airflow/sandbox/lib/python3.8/site-packages/airflow/example_dags/example_kubernetes_executor.py
[2022-04-14 06:33:59,021] {scheduler_job.py:633} INFO - Processing file /home/airflow/sandbox/lib/python3.8/site-packages/airflow/example_dags/example_kubernetes_executor.py for tasks to queue
[2022-04-14 06:33:59,022] {logging_mixin.py:104} INFO - [2022-04-14 06:33:59,022] {dagbag.py:487} INFO - Filling up the DagBag from /home/airflow/sandbox/lib/python3.8/site-packages/airflow/example_dags/example_kubernetes_executor.py
[2022-04-14 06:33:59,164] {scheduler_job.py:643} INFO - DAG(s) dict_keys(['example_kubernetes_executor']) retrieved from /home/airflow/sandbox/lib/python3.8/site-packages/airflow/example_dags/example_kubernetes_executor.py
[2022-04-14 06:33:59,446] {logging_mixin.py:104} INFO - [2022-04-14 06:33:59,446] {dag.py:1832} INFO - Sync 1 DAGs
[2022-04-14 06:33:59,614] {logging_mixin.py:104} INFO - [2022-04-14 06:33:59,613] {dag.py:2305} INFO - Setting next_dagrun for example_kubernetes_executor to None
[2022-04-14 06:34:01,360] {scheduler_job.py:190} INFO - Processing /home/airflow/sandbox/lib/python3.8/site-packages/airflow/example_dags/example_kubernetes_executor.py took 2.527 seconds
[2022-04-14 06:34:41,313] {scheduler_job.py:182} INFO - Started process (PID=2682) to work on /home/airflow/sandbox/lib/python3.8/site-packages/airflow/example_dags/example_kubernetes_executor.py
[2022-04-14 06:34:41,335] {scheduler_job.py:633} INFO - Processing file /home/airflow/sandbox/lib/python3.8/site-packages/airflow/example_dags/example_kubernetes_executor.py for tasks to queue
[2022-04-14 06:34:41,354] {logging_mixin.py:104} INFO - [2022-04-14 06:34:41,353] {dagbag.py:487} INFO - Filling up the DagBag from /home/airflow/sandbox/lib/python3.8/site-packages/airflow/example_dags/example_kubernetes_executor.py
[2022-04-14 06:34:41,415] {scheduler_job.py:643} INFO - DAG(s) dict_keys(['example_kubernetes_executor']) retrieved from /home/airflow/sandbox/lib/python3.8/site-packages/airflow/example_dags/example_kubernetes_executor.py
[2022-04-14 06:34:41,796] {logging_mixin.py:104} INFO - [2022-04-14 06:34:41,795] {dag.py:1832} INFO - Sync 1 DAGs
[2022-04-14 06:34:41,964] {logging_mixin.py:104} INFO - [2022-04-14 06:34:41,964] {dag.py:2305} INFO - Setting next_dagrun for example_kubernetes_executor to None
[2022-04-14 06:34:42,838] {scheduler_job.py:190} INFO - Processing /home/airflow/sandbox/lib/python3.8/site-packages/airflow/example_dags/example_kubernetes_executor.py took 1.572 seconds
[2022-04-14 06:35:13,009] {scheduler_job.py:182} INFO - Started process (PID=3032) to work on /home/airflow/sandbox/lib/python3.8/site-packages/airflow/example_dags/example_kubernetes_executor.py
[2022-04-14 06:35:13,012] {scheduler_job.py:633} INFO - Processing file /home/airflow/sandbox/lib/python3.8/site-packages/airflow/example_dags/example_kubernetes_executor.py for tasks to queue
[2022-04-14 06:35:13,014] {logging_mixin.py:104} INFO - [2022-04-14 06:35:13,014] {dagbag.py:487} INFO - Filling up the DagBag from /home/airflow/sandbox/lib/python3.8/site-packages/airflow/example_dags/example_kubernetes_executor.py
[2022-04-14 06:35:13,048] {scheduler_job.py:643} INFO - DAG(s) dict_keys(['example_kubernetes_executor']) retrieved from /home/airflow/sandbox/lib/python3.8/site-packages/airflow/example_dags/example_kubernetes_executor.py
[2022-04-14 06:35:13,123] {logging_mixin.py:104} INFO - [2022-04-14 06:35:13,123] {dag.py:1832} INFO - Sync 1 DAGs
[2022-04-14 06:35:13,293] {logging_mixin.py:104} INFO - [2022-04-14 06:35:13,293] {dag.py:2305} INFO - Setting next_dagrun for example_kubernetes_executor to None
[2022-04-14 06:35:13,382] {scheduler_job.py:190} INFO - Processing /home/airflow/sandbox/lib/python3.8/site-packages/airflow/example_dags/example_kubernetes_executor.py took 0.383 seconds
[2022-04-14 06:35:43,482] {scheduler_job.py:182} INFO - Started process (PID=3231) to work on /home/airflow/sandbox/lib/python3.8/site-packages/airflow/example_dags/example_kubernetes_executor.py
[2022-04-14 06:35:43,490] {scheduler_job.py:633} INFO - Processing file /home/airflow/sandbox/lib/python3.8/site-packages/airflow/example_dags/example_kubernetes_executor.py for tasks to queue
[2022-04-14 06:35:43,493] {logging_mixin.py:104} INFO - [2022-04-14 06:35:43,492] {dagbag.py:487} INFO - Filling up the DagBag from /home/airflow/sandbox/lib/python3.8/site-packages/airflow/example_dags/example_kubernetes_executor.py
[2022-04-14 06:35:43,515] {scheduler_job.py:643} INFO - DAG(s) dict_keys(['example_kubernetes_executor']) retrieved from /home/airflow/sandbox/lib/python3.8/site-packages/airflow/example_dags/example_kubernetes_executor.py
[2022-04-14 06:35:43,587] {logging_mixin.py:104} INFO - [2022-04-14 06:35:43,587] {dag.py:1832} INFO - Sync 1 DAGs
[2022-04-14 06:35:43,731] {logging_mixin.py:104} INFO - [2022-04-14 06:35:43,730] {dag.py:2305} INFO - Setting next_dagrun for example_kubernetes_executor to None
[2022-04-14 06:35:43,766] {scheduler_job.py:190} INFO - Processing /home/airflow/sandbox/lib/python3.8/site-packages/airflow/example_dags/example_kubernetes_executor.py took 0.290 seconds
