[2022-04-14 05:53:11,194] {scheduler_job.py:182} INFO - Started process (PID=42353) to work on /home/airflow/sandbox/lib/python3.8/site-packages/airflow/example_dags/example_branch_python_dop_operator_3.py
[2022-04-14 05:53:11,220] {scheduler_job.py:633} INFO - Processing file /home/airflow/sandbox/lib/python3.8/site-packages/airflow/example_dags/example_branch_python_dop_operator_3.py for tasks to queue
[2022-04-14 05:53:11,222] {logging_mixin.py:104} INFO - [2022-04-14 05:53:11,222] {dagbag.py:487} INFO - Filling up the DagBag from /home/airflow/sandbox/lib/python3.8/site-packages/airflow/example_dags/example_branch_python_dop_operator_3.py
[2022-04-14 05:53:11,271] {scheduler_job.py:643} INFO - DAG(s) dict_keys(['example_branch_dop_operator_v3']) retrieved from /home/airflow/sandbox/lib/python3.8/site-packages/airflow/example_dags/example_branch_python_dop_operator_3.py
[2022-04-14 05:53:12,584] {logging_mixin.py:104} INFO - [2022-04-14 05:53:12,584] {dag.py:1832} INFO - Sync 1 DAGs
[2022-04-14 05:53:12,691] {logging_mixin.py:104} INFO - [2022-04-14 05:53:12,691] {dag.py:2305} INFO - Setting next_dagrun for example_branch_dop_operator_v3 to 2022-04-12 00:00:00+00:00
[2022-04-14 05:53:12,785] {scheduler_job.py:190} INFO - Processing /home/airflow/sandbox/lib/python3.8/site-packages/airflow/example_dags/example_branch_python_dop_operator_3.py took 1.598 seconds
[2022-04-14 05:53:43,026] {scheduler_job.py:182} INFO - Started process (PID=42550) to work on /home/airflow/sandbox/lib/python3.8/site-packages/airflow/example_dags/example_branch_python_dop_operator_3.py
[2022-04-14 05:53:43,028] {scheduler_job.py:633} INFO - Processing file /home/airflow/sandbox/lib/python3.8/site-packages/airflow/example_dags/example_branch_python_dop_operator_3.py for tasks to queue
[2022-04-14 05:53:43,032] {logging_mixin.py:104} INFO - [2022-04-14 05:53:43,032] {dagbag.py:487} INFO - Filling up the DagBag from /home/airflow/sandbox/lib/python3.8/site-packages/airflow/example_dags/example_branch_python_dop_operator_3.py
[2022-04-14 05:53:43,105] {scheduler_job.py:643} INFO - DAG(s) dict_keys(['example_branch_dop_operator_v3']) retrieved from /home/airflow/sandbox/lib/python3.8/site-packages/airflow/example_dags/example_branch_python_dop_operator_3.py
[2022-04-14 05:53:43,190] {logging_mixin.py:104} INFO - [2022-04-14 05:53:43,190] {dag.py:1832} INFO - Sync 1 DAGs
[2022-04-14 05:53:43,367] {logging_mixin.py:104} INFO - [2022-04-14 05:53:43,366] {dag.py:2305} INFO - Setting next_dagrun for example_branch_dop_operator_v3 to 2022-04-12 00:00:00+00:00
[2022-04-14 05:53:43,657] {scheduler_job.py:190} INFO - Processing /home/airflow/sandbox/lib/python3.8/site-packages/airflow/example_dags/example_branch_python_dop_operator_3.py took 0.643 seconds
[2022-04-14 05:54:14,395] {scheduler_job.py:182} INFO - Started process (PID=42815) to work on /home/airflow/sandbox/lib/python3.8/site-packages/airflow/example_dags/example_branch_python_dop_operator_3.py
[2022-04-14 05:54:14,414] {scheduler_job.py:633} INFO - Processing file /home/airflow/sandbox/lib/python3.8/site-packages/airflow/example_dags/example_branch_python_dop_operator_3.py for tasks to queue
[2022-04-14 05:54:14,415] {logging_mixin.py:104} INFO - [2022-04-14 05:54:14,415] {dagbag.py:487} INFO - Filling up the DagBag from /home/airflow/sandbox/lib/python3.8/site-packages/airflow/example_dags/example_branch_python_dop_operator_3.py
[2022-04-14 05:54:14,480] {scheduler_job.py:643} INFO - DAG(s) dict_keys(['example_branch_dop_operator_v3']) retrieved from /home/airflow/sandbox/lib/python3.8/site-packages/airflow/example_dags/example_branch_python_dop_operator_3.py
[2022-04-14 05:54:14,594] {logging_mixin.py:104} INFO - [2022-04-14 05:54:14,594] {dag.py:1832} INFO - Sync 1 DAGs
[2022-04-14 05:54:14,984] {logging_mixin.py:104} INFO - [2022-04-14 05:54:14,983] {dag.py:2305} INFO - Setting next_dagrun for example_branch_dop_operator_v3 to 2022-04-12 00:00:00+00:00
[2022-04-14 05:54:15,058] {scheduler_job.py:190} INFO - Processing /home/airflow/sandbox/lib/python3.8/site-packages/airflow/example_dags/example_branch_python_dop_operator_3.py took 0.674 seconds
[2022-04-14 06:34:24,166] {scheduler_job.py:182} INFO - Started process (PID=2603) to work on /home/airflow/sandbox/lib/python3.8/site-packages/airflow/example_dags/example_branch_python_dop_operator_3.py
[2022-04-14 06:34:24,197] {scheduler_job.py:633} INFO - Processing file /home/airflow/sandbox/lib/python3.8/site-packages/airflow/example_dags/example_branch_python_dop_operator_3.py for tasks to queue
[2022-04-14 06:34:24,198] {logging_mixin.py:104} INFO - [2022-04-14 06:34:24,198] {dagbag.py:487} INFO - Filling up the DagBag from /home/airflow/sandbox/lib/python3.8/site-packages/airflow/example_dags/example_branch_python_dop_operator_3.py
[2022-04-14 06:34:24,269] {scheduler_job.py:643} INFO - DAG(s) dict_keys(['example_branch_dop_operator_v3']) retrieved from /home/airflow/sandbox/lib/python3.8/site-packages/airflow/example_dags/example_branch_python_dop_operator_3.py
[2022-04-14 06:34:24,600] {logging_mixin.py:104} INFO - [2022-04-14 06:34:24,600] {dag.py:1832} INFO - Sync 1 DAGs
[2022-04-14 06:34:24,869] {logging_mixin.py:104} INFO - [2022-04-14 06:34:24,869] {dag.py:2305} INFO - Setting next_dagrun for example_branch_dop_operator_v3 to 2022-04-12 00:00:00+00:00
[2022-04-14 06:34:25,608] {scheduler_job.py:190} INFO - Processing /home/airflow/sandbox/lib/python3.8/site-packages/airflow/example_dags/example_branch_python_dop_operator_3.py took 1.480 seconds
[2022-04-14 06:34:55,720] {scheduler_job.py:182} INFO - Started process (PID=2876) to work on /home/airflow/sandbox/lib/python3.8/site-packages/airflow/example_dags/example_branch_python_dop_operator_3.py
[2022-04-14 06:34:55,746] {scheduler_job.py:633} INFO - Processing file /home/airflow/sandbox/lib/python3.8/site-packages/airflow/example_dags/example_branch_python_dop_operator_3.py for tasks to queue
[2022-04-14 06:34:55,775] {logging_mixin.py:104} INFO - [2022-04-14 06:34:55,775] {dagbag.py:487} INFO - Filling up the DagBag from /home/airflow/sandbox/lib/python3.8/site-packages/airflow/example_dags/example_branch_python_dop_operator_3.py
[2022-04-14 06:34:55,827] {scheduler_job.py:643} INFO - DAG(s) dict_keys(['example_branch_dop_operator_v3']) retrieved from /home/airflow/sandbox/lib/python3.8/site-packages/airflow/example_dags/example_branch_python_dop_operator_3.py
[2022-04-14 06:34:55,999] {logging_mixin.py:104} INFO - [2022-04-14 06:34:55,999] {dag.py:1832} INFO - Sync 1 DAGs
[2022-04-14 06:34:56,185] {logging_mixin.py:104} INFO - [2022-04-14 06:34:56,184] {dag.py:2305} INFO - Setting next_dagrun for example_branch_dop_operator_v3 to 2022-04-12 00:00:00+00:00
[2022-04-14 06:34:56,490] {scheduler_job.py:190} INFO - Processing /home/airflow/sandbox/lib/python3.8/site-packages/airflow/example_dags/example_branch_python_dop_operator_3.py took 0.779 seconds
[2022-04-14 06:35:26,635] {scheduler_job.py:182} INFO - Started process (PID=3154) to work on /home/airflow/sandbox/lib/python3.8/site-packages/airflow/example_dags/example_branch_python_dop_operator_3.py
[2022-04-14 06:35:26,652] {scheduler_job.py:633} INFO - Processing file /home/airflow/sandbox/lib/python3.8/site-packages/airflow/example_dags/example_branch_python_dop_operator_3.py for tasks to queue
[2022-04-14 06:35:26,661] {logging_mixin.py:104} INFO - [2022-04-14 06:35:26,660] {dagbag.py:487} INFO - Filling up the DagBag from /home/airflow/sandbox/lib/python3.8/site-packages/airflow/example_dags/example_branch_python_dop_operator_3.py
[2022-04-14 06:35:26,718] {scheduler_job.py:643} INFO - DAG(s) dict_keys(['example_branch_dop_operator_v3']) retrieved from /home/airflow/sandbox/lib/python3.8/site-packages/airflow/example_dags/example_branch_python_dop_operator_3.py
[2022-04-14 06:35:26,820] {logging_mixin.py:104} INFO - [2022-04-14 06:35:26,820] {dag.py:1832} INFO - Sync 1 DAGs
[2022-04-14 06:35:27,108] {logging_mixin.py:104} INFO - [2022-04-14 06:35:27,108] {dag.py:2305} INFO - Setting next_dagrun for example_branch_dop_operator_v3 to 2022-04-12 00:00:00+00:00
[2022-04-14 06:35:27,166] {scheduler_job.py:190} INFO - Processing /home/airflow/sandbox/lib/python3.8/site-packages/airflow/example_dags/example_branch_python_dop_operator_3.py took 0.535 seconds
[2022-04-14 06:35:57,570] {scheduler_job.py:182} INFO - Started process (PID=3413) to work on /home/airflow/sandbox/lib/python3.8/site-packages/airflow/example_dags/example_branch_python_dop_operator_3.py
[2022-04-14 06:35:57,592] {scheduler_job.py:633} INFO - Processing file /home/airflow/sandbox/lib/python3.8/site-packages/airflow/example_dags/example_branch_python_dop_operator_3.py for tasks to queue
[2022-04-14 06:35:57,598] {logging_mixin.py:104} INFO - [2022-04-14 06:35:57,598] {dagbag.py:487} INFO - Filling up the DagBag from /home/airflow/sandbox/lib/python3.8/site-packages/airflow/example_dags/example_branch_python_dop_operator_3.py
[2022-04-14 06:35:57,642] {scheduler_job.py:643} INFO - DAG(s) dict_keys(['example_branch_dop_operator_v3']) retrieved from /home/airflow/sandbox/lib/python3.8/site-packages/airflow/example_dags/example_branch_python_dop_operator_3.py
[2022-04-14 06:35:57,741] {logging_mixin.py:104} INFO - [2022-04-14 06:35:57,741] {dag.py:1832} INFO - Sync 1 DAGs
[2022-04-14 06:35:58,067] {logging_mixin.py:104} INFO - [2022-04-14 06:35:58,066] {dag.py:2305} INFO - Setting next_dagrun for example_branch_dop_operator_v3 to 2022-04-12 00:00:00+00:00
[2022-04-14 06:35:58,135] {scheduler_job.py:190} INFO - Processing /home/airflow/sandbox/lib/python3.8/site-packages/airflow/example_dags/example_branch_python_dop_operator_3.py took 0.571 seconds
