[2022-04-14 05:53:10,986] {scheduler_job.py:182} INFO - Started process (PID=42345) to work on /home/airflow/sandbox/lib/python3.8/site-packages/airflow/example_dags/example_complex.py
[2022-04-14 05:53:10,988] {scheduler_job.py:633} INFO - Processing file /home/airflow/sandbox/lib/python3.8/site-packages/airflow/example_dags/example_complex.py for tasks to queue
[2022-04-14 05:53:10,998] {logging_mixin.py:104} INFO - [2022-04-14 05:53:10,997] {dagbag.py:487} INFO - Filling up the DagBag from /home/airflow/sandbox/lib/python3.8/site-packages/airflow/example_dags/example_complex.py
[2022-04-14 05:53:11,086] {scheduler_job.py:643} INFO - DAG(s) dict_keys(['example_complex']) retrieved from /home/airflow/sandbox/lib/python3.8/site-packages/airflow/example_dags/example_complex.py
[2022-04-14 05:53:12,441] {logging_mixin.py:104} INFO - [2022-04-14 05:53:12,441] {dag.py:1832} INFO - Sync 1 DAGs
[2022-04-14 05:53:12,477] {logging_mixin.py:104} INFO - [2022-04-14 05:53:12,476] {dag.py:2305} INFO - Setting next_dagrun for example_complex to None
[2022-04-14 05:53:12,558] {scheduler_job.py:190} INFO - Processing /home/airflow/sandbox/lib/python3.8/site-packages/airflow/example_dags/example_complex.py took 1.589 seconds
[2022-04-14 05:53:43,022] {scheduler_job.py:182} INFO - Started process (PID=42548) to work on /home/airflow/sandbox/lib/python3.8/site-packages/airflow/example_dags/example_complex.py
[2022-04-14 05:53:43,024] {scheduler_job.py:633} INFO - Processing file /home/airflow/sandbox/lib/python3.8/site-packages/airflow/example_dags/example_complex.py for tasks to queue
[2022-04-14 05:53:43,027] {logging_mixin.py:104} INFO - [2022-04-14 05:53:43,027] {dagbag.py:487} INFO - Filling up the DagBag from /home/airflow/sandbox/lib/python3.8/site-packages/airflow/example_dags/example_complex.py
[2022-04-14 05:53:43,136] {scheduler_job.py:643} INFO - DAG(s) dict_keys(['example_complex']) retrieved from /home/airflow/sandbox/lib/python3.8/site-packages/airflow/example_dags/example_complex.py
[2022-04-14 05:53:43,546] {logging_mixin.py:104} INFO - [2022-04-14 05:53:43,545] {dag.py:1832} INFO - Sync 1 DAGs
[2022-04-14 05:53:43,590] {logging_mixin.py:104} INFO - [2022-04-14 05:53:43,590] {dag.py:2305} INFO - Setting next_dagrun for example_complex to None
[2022-04-14 05:53:43,641] {scheduler_job.py:190} INFO - Processing /home/airflow/sandbox/lib/python3.8/site-packages/airflow/example_dags/example_complex.py took 0.638 seconds
[2022-04-14 05:54:13,936] {scheduler_job.py:182} INFO - Started process (PID=42745) to work on /home/airflow/sandbox/lib/python3.8/site-packages/airflow/example_dags/example_complex.py
[2022-04-14 05:54:13,939] {scheduler_job.py:633} INFO - Processing file /home/airflow/sandbox/lib/python3.8/site-packages/airflow/example_dags/example_complex.py for tasks to queue
[2022-04-14 05:54:13,942] {logging_mixin.py:104} INFO - [2022-04-14 05:54:13,941] {dagbag.py:487} INFO - Filling up the DagBag from /home/airflow/sandbox/lib/python3.8/site-packages/airflow/example_dags/example_complex.py
[2022-04-14 05:54:13,983] {scheduler_job.py:643} INFO - DAG(s) dict_keys(['example_complex']) retrieved from /home/airflow/sandbox/lib/python3.8/site-packages/airflow/example_dags/example_complex.py
[2022-04-14 05:54:14,494] {logging_mixin.py:104} INFO - [2022-04-14 05:54:14,494] {dag.py:1832} INFO - Sync 1 DAGs
[2022-04-14 05:54:14,532] {logging_mixin.py:104} INFO - [2022-04-14 05:54:14,532] {dag.py:2305} INFO - Setting next_dagrun for example_complex to None
[2022-04-14 05:54:14,584] {scheduler_job.py:190} INFO - Processing /home/airflow/sandbox/lib/python3.8/site-packages/airflow/example_dags/example_complex.py took 0.662 seconds
[2022-04-14 06:34:23,853] {scheduler_job.py:182} INFO - Started process (PID=2598) to work on /home/airflow/sandbox/lib/python3.8/site-packages/airflow/example_dags/example_complex.py
[2022-04-14 06:34:23,970] {scheduler_job.py:633} INFO - Processing file /home/airflow/sandbox/lib/python3.8/site-packages/airflow/example_dags/example_complex.py for tasks to queue
[2022-04-14 06:34:23,972] {logging_mixin.py:104} INFO - [2022-04-14 06:34:23,971] {dagbag.py:487} INFO - Filling up the DagBag from /home/airflow/sandbox/lib/python3.8/site-packages/airflow/example_dags/example_complex.py
[2022-04-14 06:34:24,243] {scheduler_job.py:643} INFO - DAG(s) dict_keys(['example_complex']) retrieved from /home/airflow/sandbox/lib/python3.8/site-packages/airflow/example_dags/example_complex.py
[2022-04-14 06:34:25,180] {logging_mixin.py:104} INFO - [2022-04-14 06:34:25,180] {dag.py:1832} INFO - Sync 1 DAGs
[2022-04-14 06:34:25,311] {logging_mixin.py:104} INFO - [2022-04-14 06:34:25,311] {dag.py:2305} INFO - Setting next_dagrun for example_complex to None
[2022-04-14 06:34:25,499] {scheduler_job.py:190} INFO - Processing /home/airflow/sandbox/lib/python3.8/site-packages/airflow/example_dags/example_complex.py took 1.699 seconds
[2022-04-14 06:34:55,729] {scheduler_job.py:182} INFO - Started process (PID=2875) to work on /home/airflow/sandbox/lib/python3.8/site-packages/airflow/example_dags/example_complex.py
[2022-04-14 06:34:55,742] {scheduler_job.py:633} INFO - Processing file /home/airflow/sandbox/lib/python3.8/site-packages/airflow/example_dags/example_complex.py for tasks to queue
[2022-04-14 06:34:55,744] {logging_mixin.py:104} INFO - [2022-04-14 06:34:55,744] {dagbag.py:487} INFO - Filling up the DagBag from /home/airflow/sandbox/lib/python3.8/site-packages/airflow/example_dags/example_complex.py
[2022-04-14 06:34:55,912] {scheduler_job.py:643} INFO - DAG(s) dict_keys(['example_complex']) retrieved from /home/airflow/sandbox/lib/python3.8/site-packages/airflow/example_dags/example_complex.py
[2022-04-14 06:34:56,416] {logging_mixin.py:104} INFO - [2022-04-14 06:34:56,416] {dag.py:1832} INFO - Sync 1 DAGs
[2022-04-14 06:34:56,457] {logging_mixin.py:104} INFO - [2022-04-14 06:34:56,456] {dag.py:2305} INFO - Setting next_dagrun for example_complex to None
[2022-04-14 06:34:56,500] {scheduler_job.py:190} INFO - Processing /home/airflow/sandbox/lib/python3.8/site-packages/airflow/example_dags/example_complex.py took 0.815 seconds
[2022-04-14 06:35:26,626] {scheduler_job.py:182} INFO - Started process (PID=3153) to work on /home/airflow/sandbox/lib/python3.8/site-packages/airflow/example_dags/example_complex.py
[2022-04-14 06:35:26,644] {scheduler_job.py:633} INFO - Processing file /home/airflow/sandbox/lib/python3.8/site-packages/airflow/example_dags/example_complex.py for tasks to queue
[2022-04-14 06:35:26,653] {logging_mixin.py:104} INFO - [2022-04-14 06:35:26,653] {dagbag.py:487} INFO - Filling up the DagBag from /home/airflow/sandbox/lib/python3.8/site-packages/airflow/example_dags/example_complex.py
[2022-04-14 06:35:26,733] {scheduler_job.py:643} INFO - DAG(s) dict_keys(['example_complex']) retrieved from /home/airflow/sandbox/lib/python3.8/site-packages/airflow/example_dags/example_complex.py
[2022-04-14 06:35:27,096] {logging_mixin.py:104} INFO - [2022-04-14 06:35:27,095] {dag.py:1832} INFO - Sync 1 DAGs
[2022-04-14 06:35:27,132] {logging_mixin.py:104} INFO - [2022-04-14 06:35:27,132] {dag.py:2305} INFO - Setting next_dagrun for example_complex to None
[2022-04-14 06:35:27,173] {scheduler_job.py:190} INFO - Processing /home/airflow/sandbox/lib/python3.8/site-packages/airflow/example_dags/example_complex.py took 0.557 seconds
[2022-04-14 06:35:57,597] {scheduler_job.py:182} INFO - Started process (PID=3412) to work on /home/airflow/sandbox/lib/python3.8/site-packages/airflow/example_dags/example_complex.py
[2022-04-14 06:35:57,623] {scheduler_job.py:633} INFO - Processing file /home/airflow/sandbox/lib/python3.8/site-packages/airflow/example_dags/example_complex.py for tasks to queue
[2022-04-14 06:35:57,626] {logging_mixin.py:104} INFO - [2022-04-14 06:35:57,625] {dagbag.py:487} INFO - Filling up the DagBag from /home/airflow/sandbox/lib/python3.8/site-packages/airflow/example_dags/example_complex.py
[2022-04-14 06:35:57,687] {scheduler_job.py:643} INFO - DAG(s) dict_keys(['example_complex']) retrieved from /home/airflow/sandbox/lib/python3.8/site-packages/airflow/example_dags/example_complex.py
[2022-04-14 06:35:58,063] {logging_mixin.py:104} INFO - [2022-04-14 06:35:58,062] {dag.py:1832} INFO - Sync 1 DAGs
[2022-04-14 06:35:58,100] {logging_mixin.py:104} INFO - [2022-04-14 06:35:58,100] {dag.py:2305} INFO - Setting next_dagrun for example_complex to None
[2022-04-14 06:35:58,159] {scheduler_job.py:190} INFO - Processing /home/airflow/sandbox/lib/python3.8/site-packages/airflow/example_dags/example_complex.py took 0.577 seconds
