[2022-04-14 05:52:48,386] {scheduler_job.py:182} INFO - Started process (PID=42220) to work on /home/airflow/sandbox/lib/python3.8/site-packages/airflow/example_dags/example_xcomargs.py
[2022-04-14 05:52:48,458] {scheduler_job.py:633} INFO - Processing file /home/airflow/sandbox/lib/python3.8/site-packages/airflow/example_dags/example_xcomargs.py for tasks to queue
[2022-04-14 05:52:48,464] {logging_mixin.py:104} INFO - [2022-04-14 05:52:48,463] {dagbag.py:487} INFO - Filling up the DagBag from /home/airflow/sandbox/lib/python3.8/site-packages/airflow/example_dags/example_xcomargs.py
[2022-04-14 05:52:48,792] {scheduler_job.py:643} INFO - DAG(s) dict_keys(['example_xcom_args', 'example_xcom_args_with_operators']) retrieved from /home/airflow/sandbox/lib/python3.8/site-packages/airflow/example_dags/example_xcomargs.py
[2022-04-14 05:52:53,476] {logging_mixin.py:104} INFO - [2022-04-14 05:52:53,476] {dag.py:1832} INFO - Sync 2 DAGs
[2022-04-14 05:52:53,641] {logging_mixin.py:104} INFO - [2022-04-14 05:52:53,641] {dag.py:2305} INFO - Setting next_dagrun for example_xcom_args to None
[2022-04-14 05:52:53,642] {logging_mixin.py:104} INFO - [2022-04-14 05:52:53,642] {dag.py:2305} INFO - Setting next_dagrun for example_xcom_args_with_operators to None
[2022-04-14 05:52:53,855] {scheduler_job.py:190} INFO - Processing /home/airflow/sandbox/lib/python3.8/site-packages/airflow/example_dags/example_xcomargs.py took 5.476 seconds
[2022-04-14 05:53:24,315] {scheduler_job.py:182} INFO - Started process (PID=42421) to work on /home/airflow/sandbox/lib/python3.8/site-packages/airflow/example_dags/example_xcomargs.py
[2022-04-14 05:53:24,321] {scheduler_job.py:633} INFO - Processing file /home/airflow/sandbox/lib/python3.8/site-packages/airflow/example_dags/example_xcomargs.py for tasks to queue
[2022-04-14 05:53:24,330] {logging_mixin.py:104} INFO - [2022-04-14 05:53:24,330] {dagbag.py:487} INFO - Filling up the DagBag from /home/airflow/sandbox/lib/python3.8/site-packages/airflow/example_dags/example_xcomargs.py
[2022-04-14 05:53:24,444] {scheduler_job.py:643} INFO - DAG(s) dict_keys(['example_xcom_args', 'example_xcom_args_with_operators']) retrieved from /home/airflow/sandbox/lib/python3.8/site-packages/airflow/example_dags/example_xcomargs.py
[2022-04-14 05:53:25,451] {logging_mixin.py:104} INFO - [2022-04-14 05:53:25,451] {dag.py:1832} INFO - Sync 2 DAGs
[2022-04-14 05:53:25,484] {logging_mixin.py:104} INFO - [2022-04-14 05:53:25,484] {dag.py:2305} INFO - Setting next_dagrun for example_xcom_args to None
[2022-04-14 05:53:25,488] {logging_mixin.py:104} INFO - [2022-04-14 05:53:25,487] {dag.py:2305} INFO - Setting next_dagrun for example_xcom_args_with_operators to None
[2022-04-14 05:53:25,534] {scheduler_job.py:190} INFO - Processing /home/airflow/sandbox/lib/python3.8/site-packages/airflow/example_dags/example_xcomargs.py took 1.232 seconds
[2022-04-14 05:53:55,717] {scheduler_job.py:182} INFO - Started process (PID=42620) to work on /home/airflow/sandbox/lib/python3.8/site-packages/airflow/example_dags/example_xcomargs.py
[2022-04-14 05:53:55,724] {scheduler_job.py:633} INFO - Processing file /home/airflow/sandbox/lib/python3.8/site-packages/airflow/example_dags/example_xcomargs.py for tasks to queue
[2022-04-14 05:53:55,728] {logging_mixin.py:104} INFO - [2022-04-14 05:53:55,728] {dagbag.py:487} INFO - Filling up the DagBag from /home/airflow/sandbox/lib/python3.8/site-packages/airflow/example_dags/example_xcomargs.py
[2022-04-14 05:53:55,815] {scheduler_job.py:643} INFO - DAG(s) dict_keys(['example_xcom_args', 'example_xcom_args_with_operators']) retrieved from /home/airflow/sandbox/lib/python3.8/site-packages/airflow/example_dags/example_xcomargs.py
[2022-04-14 05:53:56,645] {logging_mixin.py:104} INFO - [2022-04-14 05:53:56,645] {dag.py:1832} INFO - Sync 2 DAGs
[2022-04-14 05:53:56,673] {logging_mixin.py:104} INFO - [2022-04-14 05:53:56,672] {dag.py:2305} INFO - Setting next_dagrun for example_xcom_args to None
[2022-04-14 05:53:56,674] {logging_mixin.py:104} INFO - [2022-04-14 05:53:56,674] {dag.py:2305} INFO - Setting next_dagrun for example_xcom_args_with_operators to None
[2022-04-14 05:53:56,705] {scheduler_job.py:190} INFO - Processing /home/airflow/sandbox/lib/python3.8/site-packages/airflow/example_dags/example_xcomargs.py took 1.005 seconds
[2022-04-14 06:33:56,420] {scheduler_job.py:182} INFO - Started process (PID=2466) to work on /home/airflow/sandbox/lib/python3.8/site-packages/airflow/example_dags/example_xcomargs.py
[2022-04-14 06:33:56,493] {scheduler_job.py:633} INFO - Processing file /home/airflow/sandbox/lib/python3.8/site-packages/airflow/example_dags/example_xcomargs.py for tasks to queue
[2022-04-14 06:33:56,494] {logging_mixin.py:104} INFO - [2022-04-14 06:33:56,494] {dagbag.py:487} INFO - Filling up the DagBag from /home/airflow/sandbox/lib/python3.8/site-packages/airflow/example_dags/example_xcomargs.py
[2022-04-14 06:33:56,705] {scheduler_job.py:643} INFO - DAG(s) dict_keys(['example_xcom_args', 'example_xcom_args_with_operators']) retrieved from /home/airflow/sandbox/lib/python3.8/site-packages/airflow/example_dags/example_xcomargs.py
[2022-04-14 06:34:00,767] {logging_mixin.py:104} INFO - [2022-04-14 06:34:00,767] {dag.py:1832} INFO - Sync 2 DAGs
[2022-04-14 06:34:00,965] {logging_mixin.py:104} INFO - [2022-04-14 06:34:00,965] {dag.py:2305} INFO - Setting next_dagrun for example_xcom_args to None
[2022-04-14 06:34:00,968] {logging_mixin.py:104} INFO - [2022-04-14 06:34:00,968] {dag.py:2305} INFO - Setting next_dagrun for example_xcom_args_with_operators to None
[2022-04-14 06:34:01,157] {scheduler_job.py:190} INFO - Processing /home/airflow/sandbox/lib/python3.8/site-packages/airflow/example_dags/example_xcomargs.py took 4.744 seconds
[2022-04-14 06:34:39,007] {scheduler_job.py:182} INFO - Started process (PID=2670) to work on /home/airflow/sandbox/lib/python3.8/site-packages/airflow/example_dags/example_xcomargs.py
[2022-04-14 06:34:39,067] {scheduler_job.py:633} INFO - Processing file /home/airflow/sandbox/lib/python3.8/site-packages/airflow/example_dags/example_xcomargs.py for tasks to queue
[2022-04-14 06:34:39,069] {logging_mixin.py:104} INFO - [2022-04-14 06:34:39,068] {dagbag.py:487} INFO - Filling up the DagBag from /home/airflow/sandbox/lib/python3.8/site-packages/airflow/example_dags/example_xcomargs.py
[2022-04-14 06:34:39,450] {scheduler_job.py:643} INFO - DAG(s) dict_keys(['example_xcom_args', 'example_xcom_args_with_operators']) retrieved from /home/airflow/sandbox/lib/python3.8/site-packages/airflow/example_dags/example_xcomargs.py
[2022-04-14 06:34:43,793] {logging_mixin.py:104} INFO - [2022-04-14 06:34:43,793] {dag.py:1832} INFO - Sync 2 DAGs
[2022-04-14 06:34:44,016] {logging_mixin.py:104} INFO - [2022-04-14 06:34:44,016] {dag.py:2305} INFO - Setting next_dagrun for example_xcom_args to None
[2022-04-14 06:34:44,029] {logging_mixin.py:104} INFO - [2022-04-14 06:34:44,029] {dag.py:2305} INFO - Setting next_dagrun for example_xcom_args_with_operators to None
[2022-04-14 06:34:44,263] {scheduler_job.py:190} INFO - Processing /home/airflow/sandbox/lib/python3.8/site-packages/airflow/example_dags/example_xcomargs.py took 5.262 seconds
[2022-04-14 06:35:14,438] {scheduler_job.py:182} INFO - Started process (PID=3038) to work on /home/airflow/sandbox/lib/python3.8/site-packages/airflow/example_dags/example_xcomargs.py
[2022-04-14 06:35:14,454] {scheduler_job.py:633} INFO - Processing file /home/airflow/sandbox/lib/python3.8/site-packages/airflow/example_dags/example_xcomargs.py for tasks to queue
[2022-04-14 06:35:14,456] {logging_mixin.py:104} INFO - [2022-04-14 06:35:14,455] {dagbag.py:487} INFO - Filling up the DagBag from /home/airflow/sandbox/lib/python3.8/site-packages/airflow/example_dags/example_xcomargs.py
[2022-04-14 06:35:14,567] {scheduler_job.py:643} INFO - DAG(s) dict_keys(['example_xcom_args', 'example_xcom_args_with_operators']) retrieved from /home/airflow/sandbox/lib/python3.8/site-packages/airflow/example_dags/example_xcomargs.py
[2022-04-14 06:35:15,544] {logging_mixin.py:104} INFO - [2022-04-14 06:35:15,543] {dag.py:1832} INFO - Sync 2 DAGs
[2022-04-14 06:35:15,586] {logging_mixin.py:104} INFO - [2022-04-14 06:35:15,585] {dag.py:2305} INFO - Setting next_dagrun for example_xcom_args to None
[2022-04-14 06:35:15,587] {logging_mixin.py:104} INFO - [2022-04-14 06:35:15,587] {dag.py:2305} INFO - Setting next_dagrun for example_xcom_args_with_operators to None
[2022-04-14 06:35:15,630] {scheduler_job.py:190} INFO - Processing /home/airflow/sandbox/lib/python3.8/site-packages/airflow/example_dags/example_xcomargs.py took 1.198 seconds
[2022-04-14 06:35:45,903] {scheduler_job.py:182} INFO - Started process (PID=3237) to work on /home/airflow/sandbox/lib/python3.8/site-packages/airflow/example_dags/example_xcomargs.py
[2022-04-14 06:35:45,906] {scheduler_job.py:633} INFO - Processing file /home/airflow/sandbox/lib/python3.8/site-packages/airflow/example_dags/example_xcomargs.py for tasks to queue
[2022-04-14 06:35:45,909] {logging_mixin.py:104} INFO - [2022-04-14 06:35:45,908] {dagbag.py:487} INFO - Filling up the DagBag from /home/airflow/sandbox/lib/python3.8/site-packages/airflow/example_dags/example_xcomargs.py
[2022-04-14 06:35:46,093] {scheduler_job.py:643} INFO - DAG(s) dict_keys(['example_xcom_args', 'example_xcom_args_with_operators']) retrieved from /home/airflow/sandbox/lib/python3.8/site-packages/airflow/example_dags/example_xcomargs.py
[2022-04-14 06:35:47,866] {logging_mixin.py:104} INFO - [2022-04-14 06:35:47,866] {dag.py:1832} INFO - Sync 2 DAGs
[2022-04-14 06:35:47,904] {logging_mixin.py:104} INFO - [2022-04-14 06:35:47,904] {dag.py:2305} INFO - Setting next_dagrun for example_xcom_args to None
[2022-04-14 06:35:47,907] {logging_mixin.py:104} INFO - [2022-04-14 06:35:47,907] {dag.py:2305} INFO - Setting next_dagrun for example_xcom_args_with_operators to None
[2022-04-14 06:35:47,984] {scheduler_job.py:190} INFO - Processing /home/airflow/sandbox/lib/python3.8/site-packages/airflow/example_dags/example_xcomargs.py took 2.123 seconds
