[2022-04-14 05:53:01,250] {scheduler_job.py:182} INFO - Started process (PID=42274) to work on /home/airflow/sandbox/lib/python3.8/site-packages/airflow/example_dags/example_skip_dag.py
[2022-04-14 05:53:01,271] {scheduler_job.py:633} INFO - Processing file /home/airflow/sandbox/lib/python3.8/site-packages/airflow/example_dags/example_skip_dag.py for tasks to queue
[2022-04-14 05:53:01,272] {logging_mixin.py:104} INFO - [2022-04-14 05:53:01,272] {dagbag.py:487} INFO - Filling up the DagBag from /home/airflow/sandbox/lib/python3.8/site-packages/airflow/example_dags/example_skip_dag.py
[2022-04-14 05:53:01,411] {scheduler_job.py:643} INFO - DAG(s) dict_keys(['example_skip_dag']) retrieved from /home/airflow/sandbox/lib/python3.8/site-packages/airflow/example_dags/example_skip_dag.py
[2022-04-14 05:53:02,673] {logging_mixin.py:104} INFO - [2022-04-14 05:53:02,672] {dag.py:1832} INFO - Sync 1 DAGs
[2022-04-14 05:53:02,742] {logging_mixin.py:104} INFO - [2022-04-14 05:53:02,742] {dag.py:2305} INFO - Setting next_dagrun for example_skip_dag to 2022-04-12 00:00:00+00:00
[2022-04-14 05:53:02,880] {scheduler_job.py:190} INFO - Processing /home/airflow/sandbox/lib/python3.8/site-packages/airflow/example_dags/example_skip_dag.py took 1.640 seconds
[2022-04-14 05:53:33,424] {scheduler_job.py:182} INFO - Started process (PID=42471) to work on /home/airflow/sandbox/lib/python3.8/site-packages/airflow/example_dags/example_skip_dag.py
[2022-04-14 05:53:33,429] {scheduler_job.py:633} INFO - Processing file /home/airflow/sandbox/lib/python3.8/site-packages/airflow/example_dags/example_skip_dag.py for tasks to queue
[2022-04-14 05:53:33,432] {logging_mixin.py:104} INFO - [2022-04-14 05:53:33,432] {dagbag.py:487} INFO - Filling up the DagBag from /home/airflow/sandbox/lib/python3.8/site-packages/airflow/example_dags/example_skip_dag.py
[2022-04-14 05:53:33,487] {scheduler_job.py:643} INFO - DAG(s) dict_keys(['example_skip_dag']) retrieved from /home/airflow/sandbox/lib/python3.8/site-packages/airflow/example_dags/example_skip_dag.py
[2022-04-14 05:53:33,634] {logging_mixin.py:104} INFO - [2022-04-14 05:53:33,634] {dag.py:1832} INFO - Sync 1 DAGs
[2022-04-14 05:53:33,720] {logging_mixin.py:104} INFO - [2022-04-14 05:53:33,720] {dag.py:2305} INFO - Setting next_dagrun for example_skip_dag to 2022-04-12 00:00:00+00:00
[2022-04-14 05:53:33,836] {scheduler_job.py:190} INFO - Processing /home/airflow/sandbox/lib/python3.8/site-packages/airflow/example_dags/example_skip_dag.py took 0.420 seconds
[2022-04-14 05:54:03,895] {scheduler_job.py:182} INFO - Started process (PID=42668) to work on /home/airflow/sandbox/lib/python3.8/site-packages/airflow/example_dags/example_skip_dag.py
[2022-04-14 05:54:03,898] {scheduler_job.py:633} INFO - Processing file /home/airflow/sandbox/lib/python3.8/site-packages/airflow/example_dags/example_skip_dag.py for tasks to queue
[2022-04-14 05:54:03,900] {logging_mixin.py:104} INFO - [2022-04-14 05:54:03,900] {dagbag.py:487} INFO - Filling up the DagBag from /home/airflow/sandbox/lib/python3.8/site-packages/airflow/example_dags/example_skip_dag.py
[2022-04-14 05:54:03,954] {scheduler_job.py:643} INFO - DAG(s) dict_keys(['example_skip_dag']) retrieved from /home/airflow/sandbox/lib/python3.8/site-packages/airflow/example_dags/example_skip_dag.py
[2022-04-14 05:54:04,103] {logging_mixin.py:104} INFO - [2022-04-14 05:54:04,103] {dag.py:1832} INFO - Sync 1 DAGs
[2022-04-14 05:54:04,176] {logging_mixin.py:104} INFO - [2022-04-14 05:54:04,176] {dag.py:2305} INFO - Setting next_dagrun for example_skip_dag to 2022-04-12 00:00:00+00:00
[2022-04-14 05:54:04,286] {scheduler_job.py:190} INFO - Processing /home/airflow/sandbox/lib/python3.8/site-packages/airflow/example_dags/example_skip_dag.py took 0.400 seconds
[2022-04-14 06:34:08,303] {scheduler_job.py:182} INFO - Started process (PID=2525) to work on /home/airflow/sandbox/lib/python3.8/site-packages/airflow/example_dags/example_skip_dag.py
[2022-04-14 06:34:08,382] {scheduler_job.py:633} INFO - Processing file /home/airflow/sandbox/lib/python3.8/site-packages/airflow/example_dags/example_skip_dag.py for tasks to queue
[2022-04-14 06:34:08,393] {logging_mixin.py:104} INFO - [2022-04-14 06:34:08,393] {dagbag.py:487} INFO - Filling up the DagBag from /home/airflow/sandbox/lib/python3.8/site-packages/airflow/example_dags/example_skip_dag.py
[2022-04-14 06:34:08,557] {scheduler_job.py:643} INFO - DAG(s) dict_keys(['example_skip_dag']) retrieved from /home/airflow/sandbox/lib/python3.8/site-packages/airflow/example_dags/example_skip_dag.py
[2022-04-14 06:34:08,939] {logging_mixin.py:104} INFO - [2022-04-14 06:34:08,939] {dag.py:1832} INFO - Sync 1 DAGs
[2022-04-14 06:34:09,176] {logging_mixin.py:104} INFO - [2022-04-14 06:34:09,176] {dag.py:2305} INFO - Setting next_dagrun for example_skip_dag to 2022-04-12 00:00:00+00:00
[2022-04-14 06:34:09,325] {scheduler_job.py:190} INFO - Processing /home/airflow/sandbox/lib/python3.8/site-packages/airflow/example_dags/example_skip_dag.py took 1.083 seconds
[2022-04-14 06:34:48,072] {scheduler_job.py:182} INFO - Started process (PID=2755) to work on /home/airflow/sandbox/lib/python3.8/site-packages/airflow/example_dags/example_skip_dag.py
[2022-04-14 06:34:48,089] {scheduler_job.py:633} INFO - Processing file /home/airflow/sandbox/lib/python3.8/site-packages/airflow/example_dags/example_skip_dag.py for tasks to queue
[2022-04-14 06:34:48,090] {logging_mixin.py:104} INFO - [2022-04-14 06:34:48,090] {dagbag.py:487} INFO - Filling up the DagBag from /home/airflow/sandbox/lib/python3.8/site-packages/airflow/example_dags/example_skip_dag.py
[2022-04-14 06:34:48,136] {scheduler_job.py:643} INFO - DAG(s) dict_keys(['example_skip_dag']) retrieved from /home/airflow/sandbox/lib/python3.8/site-packages/airflow/example_dags/example_skip_dag.py
[2022-04-14 06:34:48,225] {logging_mixin.py:104} INFO - [2022-04-14 06:34:48,225] {dag.py:1832} INFO - Sync 1 DAGs
[2022-04-14 06:34:48,298] {logging_mixin.py:104} INFO - [2022-04-14 06:34:48,298] {dag.py:2305} INFO - Setting next_dagrun for example_skip_dag to 2022-04-12 00:00:00+00:00
[2022-04-14 06:34:48,438] {scheduler_job.py:190} INFO - Processing /home/airflow/sandbox/lib/python3.8/site-packages/airflow/example_dags/example_skip_dag.py took 0.374 seconds
[2022-04-14 06:35:19,009] {scheduler_job.py:182} INFO - Started process (PID=3078) to work on /home/airflow/sandbox/lib/python3.8/site-packages/airflow/example_dags/example_skip_dag.py
[2022-04-14 06:35:19,013] {scheduler_job.py:633} INFO - Processing file /home/airflow/sandbox/lib/python3.8/site-packages/airflow/example_dags/example_skip_dag.py for tasks to queue
[2022-04-14 06:35:19,016] {logging_mixin.py:104} INFO - [2022-04-14 06:35:19,016] {dagbag.py:487} INFO - Filling up the DagBag from /home/airflow/sandbox/lib/python3.8/site-packages/airflow/example_dags/example_skip_dag.py
[2022-04-14 06:35:19,073] {scheduler_job.py:643} INFO - DAG(s) dict_keys(['example_skip_dag']) retrieved from /home/airflow/sandbox/lib/python3.8/site-packages/airflow/example_dags/example_skip_dag.py
[2022-04-14 06:35:19,207] {logging_mixin.py:104} INFO - [2022-04-14 06:35:19,206] {dag.py:1832} INFO - Sync 1 DAGs
[2022-04-14 06:35:19,271] {logging_mixin.py:104} INFO - [2022-04-14 06:35:19,271] {dag.py:2305} INFO - Setting next_dagrun for example_skip_dag to 2022-04-12 00:00:00+00:00
[2022-04-14 06:35:19,550] {scheduler_job.py:190} INFO - Processing /home/airflow/sandbox/lib/python3.8/site-packages/airflow/example_dags/example_skip_dag.py took 0.560 seconds
[2022-04-14 06:35:50,084] {scheduler_job.py:182} INFO - Started process (PID=3304) to work on /home/airflow/sandbox/lib/python3.8/site-packages/airflow/example_dags/example_skip_dag.py
[2022-04-14 06:35:50,095] {scheduler_job.py:633} INFO - Processing file /home/airflow/sandbox/lib/python3.8/site-packages/airflow/example_dags/example_skip_dag.py for tasks to queue
[2022-04-14 06:35:50,104] {logging_mixin.py:104} INFO - [2022-04-14 06:35:50,104] {dagbag.py:487} INFO - Filling up the DagBag from /home/airflow/sandbox/lib/python3.8/site-packages/airflow/example_dags/example_skip_dag.py
[2022-04-14 06:35:50,231] {scheduler_job.py:643} INFO - DAG(s) dict_keys(['example_skip_dag']) retrieved from /home/airflow/sandbox/lib/python3.8/site-packages/airflow/example_dags/example_skip_dag.py
[2022-04-14 06:35:50,465] {logging_mixin.py:104} INFO - [2022-04-14 06:35:50,454] {dag.py:1832} INFO - Sync 1 DAGs
[2022-04-14 06:35:50,614] {logging_mixin.py:104} INFO - [2022-04-14 06:35:50,614] {dag.py:2305} INFO - Setting next_dagrun for example_skip_dag to 2022-04-12 00:00:00+00:00
[2022-04-14 06:35:50,995] {scheduler_job.py:190} INFO - Processing /home/airflow/sandbox/lib/python3.8/site-packages/airflow/example_dags/example_skip_dag.py took 0.918 seconds
