[2022-04-14 05:52:34,740] {scheduler_job.py:182} INFO - Started process (PID=42183) to work on /home/airflow/sandbox/lib/python3.8/site-packages/airflow/example_dags/example_task_group_decorator.py
[2022-04-14 05:52:34,791] {scheduler_job.py:633} INFO - Processing file /home/airflow/sandbox/lib/python3.8/site-packages/airflow/example_dags/example_task_group_decorator.py for tasks to queue
[2022-04-14 05:52:34,808] {logging_mixin.py:104} INFO - [2022-04-14 05:52:34,808] {dagbag.py:487} INFO - Filling up the DagBag from /home/airflow/sandbox/lib/python3.8/site-packages/airflow/example_dags/example_task_group_decorator.py
[2022-04-14 05:52:35,206] {scheduler_job.py:643} INFO - DAG(s) dict_keys(['example_task_group_decorator']) retrieved from /home/airflow/sandbox/lib/python3.8/site-packages/airflow/example_dags/example_task_group_decorator.py
[2022-04-14 05:52:39,329] {logging_mixin.py:104} INFO - [2022-04-14 05:52:39,329] {dag.py:1832} INFO - Sync 1 DAGs
[2022-04-14 05:52:39,436] {logging_mixin.py:104} INFO - [2022-04-14 05:52:39,436] {dag.py:2305} INFO - Setting next_dagrun for example_task_group_decorator to 2022-04-12 00:00:00+00:00
[2022-04-14 05:52:39,667] {scheduler_job.py:190} INFO - Processing /home/airflow/sandbox/lib/python3.8/site-packages/airflow/example_dags/example_task_group_decorator.py took 4.933 seconds
[2022-04-14 05:53:15,126] {scheduler_job.py:182} INFO - Started process (PID=42383) to work on /home/airflow/sandbox/lib/python3.8/site-packages/airflow/example_dags/example_task_group_decorator.py
[2022-04-14 05:53:15,129] {scheduler_job.py:633} INFO - Processing file /home/airflow/sandbox/lib/python3.8/site-packages/airflow/example_dags/example_task_group_decorator.py for tasks to queue
[2022-04-14 05:53:15,130] {logging_mixin.py:104} INFO - [2022-04-14 05:53:15,130] {dagbag.py:487} INFO - Filling up the DagBag from /home/airflow/sandbox/lib/python3.8/site-packages/airflow/example_dags/example_task_group_decorator.py
[2022-04-14 05:53:15,259] {scheduler_job.py:643} INFO - DAG(s) dict_keys(['example_task_group_decorator']) retrieved from /home/airflow/sandbox/lib/python3.8/site-packages/airflow/example_dags/example_task_group_decorator.py
[2022-04-14 05:53:16,614] {logging_mixin.py:104} INFO - [2022-04-14 05:53:16,613] {dag.py:1832} INFO - Sync 1 DAGs
[2022-04-14 05:53:16,656] {logging_mixin.py:104} INFO - [2022-04-14 05:53:16,656] {dag.py:2305} INFO - Setting next_dagrun for example_task_group_decorator to 2022-04-12 00:00:00+00:00
[2022-04-14 05:53:16,767] {scheduler_job.py:190} INFO - Processing /home/airflow/sandbox/lib/python3.8/site-packages/airflow/example_dags/example_task_group_decorator.py took 1.648 seconds
[2022-04-14 05:53:47,422] {scheduler_job.py:182} INFO - Started process (PID=42588) to work on /home/airflow/sandbox/lib/python3.8/site-packages/airflow/example_dags/example_task_group_decorator.py
[2022-04-14 05:53:47,449] {scheduler_job.py:633} INFO - Processing file /home/airflow/sandbox/lib/python3.8/site-packages/airflow/example_dags/example_task_group_decorator.py for tasks to queue
[2022-04-14 05:53:47,451] {logging_mixin.py:104} INFO - [2022-04-14 05:53:47,450] {dagbag.py:487} INFO - Filling up the DagBag from /home/airflow/sandbox/lib/python3.8/site-packages/airflow/example_dags/example_task_group_decorator.py
[2022-04-14 05:53:47,589] {scheduler_job.py:643} INFO - DAG(s) dict_keys(['example_task_group_decorator']) retrieved from /home/airflow/sandbox/lib/python3.8/site-packages/airflow/example_dags/example_task_group_decorator.py
[2022-04-14 05:53:48,897] {logging_mixin.py:104} INFO - [2022-04-14 05:53:48,896] {dag.py:1832} INFO - Sync 1 DAGs
[2022-04-14 05:53:48,932] {logging_mixin.py:104} INFO - [2022-04-14 05:53:48,931] {dag.py:2305} INFO - Setting next_dagrun for example_task_group_decorator to 2022-04-12 00:00:00+00:00
[2022-04-14 05:53:48,974] {scheduler_job.py:190} INFO - Processing /home/airflow/sandbox/lib/python3.8/site-packages/airflow/example_dags/example_task_group_decorator.py took 1.561 seconds
[2022-04-14 06:33:45,168] {scheduler_job.py:182} INFO - Started process (PID=2383) to work on /home/airflow/sandbox/lib/python3.8/site-packages/airflow/example_dags/example_task_group_decorator.py
[2022-04-14 06:33:45,236] {scheduler_job.py:633} INFO - Processing file /home/airflow/sandbox/lib/python3.8/site-packages/airflow/example_dags/example_task_group_decorator.py for tasks to queue
[2022-04-14 06:33:45,246] {logging_mixin.py:104} INFO - [2022-04-14 06:33:45,243] {dagbag.py:487} INFO - Filling up the DagBag from /home/airflow/sandbox/lib/python3.8/site-packages/airflow/example_dags/example_task_group_decorator.py
[2022-04-14 06:33:46,229] {scheduler_job.py:643} INFO - DAG(s) dict_keys(['example_task_group_decorator']) retrieved from /home/airflow/sandbox/lib/python3.8/site-packages/airflow/example_dags/example_task_group_decorator.py
[2022-04-14 06:33:51,293] {logging_mixin.py:104} INFO - [2022-04-14 06:33:51,292] {dag.py:1832} INFO - Sync 1 DAGs
[2022-04-14 06:33:51,408] {logging_mixin.py:104} INFO - [2022-04-14 06:33:51,408] {dag.py:2305} INFO - Setting next_dagrun for example_task_group_decorator to 2022-04-12 00:00:00+00:00
[2022-04-14 06:33:51,722] {scheduler_job.py:190} INFO - Processing /home/airflow/sandbox/lib/python3.8/site-packages/airflow/example_dags/example_task_group_decorator.py took 6.604 seconds
[2022-04-14 06:34:30,462] {scheduler_job.py:182} INFO - Started process (PID=2633) to work on /home/airflow/sandbox/lib/python3.8/site-packages/airflow/example_dags/example_task_group_decorator.py
[2022-04-14 06:34:30,474] {scheduler_job.py:633} INFO - Processing file /home/airflow/sandbox/lib/python3.8/site-packages/airflow/example_dags/example_task_group_decorator.py for tasks to queue
[2022-04-14 06:34:30,476] {logging_mixin.py:104} INFO - [2022-04-14 06:34:30,475] {dagbag.py:487} INFO - Filling up the DagBag from /home/airflow/sandbox/lib/python3.8/site-packages/airflow/example_dags/example_task_group_decorator.py
[2022-04-14 06:34:30,853] {scheduler_job.py:643} INFO - DAG(s) dict_keys(['example_task_group_decorator']) retrieved from /home/airflow/sandbox/lib/python3.8/site-packages/airflow/example_dags/example_task_group_decorator.py
[2022-04-14 06:34:35,522] {logging_mixin.py:104} INFO - [2022-04-14 06:34:35,521] {dag.py:1832} INFO - Sync 1 DAGs
[2022-04-14 06:34:35,722] {logging_mixin.py:104} INFO - [2022-04-14 06:34:35,722] {dag.py:2305} INFO - Setting next_dagrun for example_task_group_decorator to 2022-04-12 00:00:00+00:00
[2022-04-14 06:34:35,869] {scheduler_job.py:190} INFO - Processing /home/airflow/sandbox/lib/python3.8/site-packages/airflow/example_dags/example_task_group_decorator.py took 5.457 seconds
[2022-04-14 06:35:06,379] {scheduler_job.py:182} INFO - Started process (PID=2995) to work on /home/airflow/sandbox/lib/python3.8/site-packages/airflow/example_dags/example_task_group_decorator.py
[2022-04-14 06:35:06,382] {scheduler_job.py:633} INFO - Processing file /home/airflow/sandbox/lib/python3.8/site-packages/airflow/example_dags/example_task_group_decorator.py for tasks to queue
[2022-04-14 06:35:06,383] {logging_mixin.py:104} INFO - [2022-04-14 06:35:06,383] {dagbag.py:487} INFO - Filling up the DagBag from /home/airflow/sandbox/lib/python3.8/site-packages/airflow/example_dags/example_task_group_decorator.py
[2022-04-14 06:35:06,429] {scheduler_job.py:643} INFO - DAG(s) dict_keys(['example_task_group_decorator']) retrieved from /home/airflow/sandbox/lib/python3.8/site-packages/airflow/example_dags/example_task_group_decorator.py
[2022-04-14 06:35:06,964] {logging_mixin.py:104} INFO - [2022-04-14 06:35:06,963] {dag.py:1832} INFO - Sync 1 DAGs
[2022-04-14 06:35:06,984] {logging_mixin.py:104} INFO - [2022-04-14 06:35:06,984] {dag.py:2305} INFO - Setting next_dagrun for example_task_group_decorator to 2022-04-12 00:00:00+00:00
[2022-04-14 06:35:07,017] {scheduler_job.py:190} INFO - Processing /home/airflow/sandbox/lib/python3.8/site-packages/airflow/example_dags/example_task_group_decorator.py took 0.644 seconds
[2022-04-14 06:35:37,366] {scheduler_job.py:182} INFO - Started process (PID=3195) to work on /home/airflow/sandbox/lib/python3.8/site-packages/airflow/example_dags/example_task_group_decorator.py
[2022-04-14 06:35:37,372] {scheduler_job.py:633} INFO - Processing file /home/airflow/sandbox/lib/python3.8/site-packages/airflow/example_dags/example_task_group_decorator.py for tasks to queue
[2022-04-14 06:35:37,377] {logging_mixin.py:104} INFO - [2022-04-14 06:35:37,376] {dagbag.py:487} INFO - Filling up the DagBag from /home/airflow/sandbox/lib/python3.8/site-packages/airflow/example_dags/example_task_group_decorator.py
[2022-04-14 06:35:37,465] {scheduler_job.py:643} INFO - DAG(s) dict_keys(['example_task_group_decorator']) retrieved from /home/airflow/sandbox/lib/python3.8/site-packages/airflow/example_dags/example_task_group_decorator.py
[2022-04-14 06:35:38,371] {logging_mixin.py:104} INFO - [2022-04-14 06:35:38,371] {dag.py:1832} INFO - Sync 1 DAGs
[2022-04-14 06:35:38,400] {logging_mixin.py:104} INFO - [2022-04-14 06:35:38,399] {dag.py:2305} INFO - Setting next_dagrun for example_task_group_decorator to 2022-04-12 00:00:00+00:00
[2022-04-14 06:35:38,441] {scheduler_job.py:190} INFO - Processing /home/airflow/sandbox/lib/python3.8/site-packages/airflow/example_dags/example_task_group_decorator.py took 1.080 seconds
