[2022-04-14 05:53:06,329] {scheduler_job.py:182} INFO - Started process (PID=42310) to work on /home/airflow/sandbox/lib/python3.8/site-packages/airflow/example_dags/tutorial_taskflow_api_etl.py
[2022-04-14 05:53:06,346] {scheduler_job.py:633} INFO - Processing file /home/airflow/sandbox/lib/python3.8/site-packages/airflow/example_dags/tutorial_taskflow_api_etl.py for tasks to queue
[2022-04-14 05:53:06,347] {logging_mixin.py:104} INFO - [2022-04-14 05:53:06,347] {dagbag.py:487} INFO - Filling up the DagBag from /home/airflow/sandbox/lib/python3.8/site-packages/airflow/example_dags/tutorial_taskflow_api_etl.py
[2022-04-14 05:53:06,415] {scheduler_job.py:643} INFO - DAG(s) dict_keys(['tutorial_taskflow_api_etl']) retrieved from /home/airflow/sandbox/lib/python3.8/site-packages/airflow/example_dags/tutorial_taskflow_api_etl.py
[2022-04-14 05:53:07,689] {logging_mixin.py:104} INFO - [2022-04-14 05:53:07,689] {dag.py:1832} INFO - Sync 1 DAGs
[2022-04-14 05:53:07,736] {logging_mixin.py:104} INFO - [2022-04-14 05:53:07,735] {dag.py:2305} INFO - Setting next_dagrun for tutorial_taskflow_api_etl to None
[2022-04-14 05:53:07,846] {scheduler_job.py:190} INFO - Processing /home/airflow/sandbox/lib/python3.8/site-packages/airflow/example_dags/tutorial_taskflow_api_etl.py took 1.524 seconds
[2022-04-14 05:53:38,081] {scheduler_job.py:182} INFO - Started process (PID=42508) to work on /home/airflow/sandbox/lib/python3.8/site-packages/airflow/example_dags/tutorial_taskflow_api_etl.py
[2022-04-14 05:53:38,103] {scheduler_job.py:633} INFO - Processing file /home/airflow/sandbox/lib/python3.8/site-packages/airflow/example_dags/tutorial_taskflow_api_etl.py for tasks to queue
[2022-04-14 05:53:38,106] {logging_mixin.py:104} INFO - [2022-04-14 05:53:38,105] {dagbag.py:487} INFO - Filling up the DagBag from /home/airflow/sandbox/lib/python3.8/site-packages/airflow/example_dags/tutorial_taskflow_api_etl.py
[2022-04-14 05:53:38,223] {scheduler_job.py:643} INFO - DAG(s) dict_keys(['tutorial_taskflow_api_etl']) retrieved from /home/airflow/sandbox/lib/python3.8/site-packages/airflow/example_dags/tutorial_taskflow_api_etl.py
[2022-04-14 05:53:39,186] {logging_mixin.py:104} INFO - [2022-04-14 05:53:39,186] {dag.py:1832} INFO - Sync 1 DAGs
[2022-04-14 05:53:39,205] {logging_mixin.py:104} INFO - [2022-04-14 05:53:39,204] {dag.py:2305} INFO - Setting next_dagrun for tutorial_taskflow_api_etl to None
[2022-04-14 05:53:39,243] {scheduler_job.py:190} INFO - Processing /home/airflow/sandbox/lib/python3.8/site-packages/airflow/example_dags/tutorial_taskflow_api_etl.py took 1.169 seconds
[2022-04-14 05:54:09,442] {scheduler_job.py:182} INFO - Started process (PID=42711) to work on /home/airflow/sandbox/lib/python3.8/site-packages/airflow/example_dags/tutorial_taskflow_api_etl.py
[2022-04-14 05:54:09,446] {scheduler_job.py:633} INFO - Processing file /home/airflow/sandbox/lib/python3.8/site-packages/airflow/example_dags/tutorial_taskflow_api_etl.py for tasks to queue
[2022-04-14 05:54:09,456] {logging_mixin.py:104} INFO - [2022-04-14 05:54:09,455] {dagbag.py:487} INFO - Filling up the DagBag from /home/airflow/sandbox/lib/python3.8/site-packages/airflow/example_dags/tutorial_taskflow_api_etl.py
[2022-04-14 05:54:09,501] {scheduler_job.py:643} INFO - DAG(s) dict_keys(['tutorial_taskflow_api_etl']) retrieved from /home/airflow/sandbox/lib/python3.8/site-packages/airflow/example_dags/tutorial_taskflow_api_etl.py
[2022-04-14 05:54:10,241] {logging_mixin.py:104} INFO - [2022-04-14 05:54:10,241] {dag.py:1832} INFO - Sync 1 DAGs
[2022-04-14 05:54:10,273] {logging_mixin.py:104} INFO - [2022-04-14 05:54:10,273] {dag.py:2305} INFO - Setting next_dagrun for tutorial_taskflow_api_etl to None
[2022-04-14 05:54:10,323] {scheduler_job.py:190} INFO - Processing /home/airflow/sandbox/lib/python3.8/site-packages/airflow/example_dags/tutorial_taskflow_api_etl.py took 0.919 seconds
[2022-04-14 06:34:14,427] {scheduler_job.py:182} INFO - Started process (PID=2561) to work on /home/airflow/sandbox/lib/python3.8/site-packages/airflow/example_dags/tutorial_taskflow_api_etl.py
[2022-04-14 06:34:14,501] {scheduler_job.py:633} INFO - Processing file /home/airflow/sandbox/lib/python3.8/site-packages/airflow/example_dags/tutorial_taskflow_api_etl.py for tasks to queue
[2022-04-14 06:34:14,530] {logging_mixin.py:104} INFO - [2022-04-14 06:34:14,530] {dagbag.py:487} INFO - Filling up the DagBag from /home/airflow/sandbox/lib/python3.8/site-packages/airflow/example_dags/tutorial_taskflow_api_etl.py
[2022-04-14 06:34:14,821] {scheduler_job.py:643} INFO - DAG(s) dict_keys(['tutorial_taskflow_api_etl']) retrieved from /home/airflow/sandbox/lib/python3.8/site-packages/airflow/example_dags/tutorial_taskflow_api_etl.py
[2022-04-14 06:34:19,981] {logging_mixin.py:104} INFO - [2022-04-14 06:34:19,981] {dag.py:1832} INFO - Sync 1 DAGs
[2022-04-14 06:34:20,130] {logging_mixin.py:104} INFO - [2022-04-14 06:34:20,129] {dag.py:2305} INFO - Setting next_dagrun for tutorial_taskflow_api_etl to None
[2022-04-14 06:34:20,419] {scheduler_job.py:190} INFO - Processing /home/airflow/sandbox/lib/python3.8/site-packages/airflow/example_dags/tutorial_taskflow_api_etl.py took 5.999 seconds
[2022-04-14 06:34:51,365] {scheduler_job.py:182} INFO - Started process (PID=2812) to work on /home/airflow/sandbox/lib/python3.8/site-packages/airflow/example_dags/tutorial_taskflow_api_etl.py
[2022-04-14 06:34:51,367] {scheduler_job.py:633} INFO - Processing file /home/airflow/sandbox/lib/python3.8/site-packages/airflow/example_dags/tutorial_taskflow_api_etl.py for tasks to queue
[2022-04-14 06:34:51,368] {logging_mixin.py:104} INFO - [2022-04-14 06:34:51,368] {dagbag.py:487} INFO - Filling up the DagBag from /home/airflow/sandbox/lib/python3.8/site-packages/airflow/example_dags/tutorial_taskflow_api_etl.py
[2022-04-14 06:34:51,396] {scheduler_job.py:643} INFO - DAG(s) dict_keys(['tutorial_taskflow_api_etl']) retrieved from /home/airflow/sandbox/lib/python3.8/site-packages/airflow/example_dags/tutorial_taskflow_api_etl.py
[2022-04-14 06:34:52,065] {logging_mixin.py:104} INFO - [2022-04-14 06:34:52,065] {dag.py:1832} INFO - Sync 1 DAGs
[2022-04-14 06:34:52,087] {logging_mixin.py:104} INFO - [2022-04-14 06:34:52,087] {dag.py:2305} INFO - Setting next_dagrun for tutorial_taskflow_api_etl to None
[2022-04-14 06:34:52,121] {scheduler_job.py:190} INFO - Processing /home/airflow/sandbox/lib/python3.8/site-packages/airflow/example_dags/tutorial_taskflow_api_etl.py took 0.763 seconds
[2022-04-14 06:35:22,350] {scheduler_job.py:182} INFO - Started process (PID=3121) to work on /home/airflow/sandbox/lib/python3.8/site-packages/airflow/example_dags/tutorial_taskflow_api_etl.py
[2022-04-14 06:35:22,357] {scheduler_job.py:633} INFO - Processing file /home/airflow/sandbox/lib/python3.8/site-packages/airflow/example_dags/tutorial_taskflow_api_etl.py for tasks to queue
[2022-04-14 06:35:22,359] {logging_mixin.py:104} INFO - [2022-04-14 06:35:22,359] {dagbag.py:487} INFO - Filling up the DagBag from /home/airflow/sandbox/lib/python3.8/site-packages/airflow/example_dags/tutorial_taskflow_api_etl.py
[2022-04-14 06:35:22,402] {scheduler_job.py:643} INFO - DAG(s) dict_keys(['tutorial_taskflow_api_etl']) retrieved from /home/airflow/sandbox/lib/python3.8/site-packages/airflow/example_dags/tutorial_taskflow_api_etl.py
[2022-04-14 06:35:23,040] {logging_mixin.py:104} INFO - [2022-04-14 06:35:23,040] {dag.py:1832} INFO - Sync 1 DAGs
[2022-04-14 06:35:23,058] {logging_mixin.py:104} INFO - [2022-04-14 06:35:23,057] {dag.py:2305} INFO - Setting next_dagrun for tutorial_taskflow_api_etl to None
[2022-04-14 06:35:23,094] {scheduler_job.py:190} INFO - Processing /home/airflow/sandbox/lib/python3.8/site-packages/airflow/example_dags/tutorial_taskflow_api_etl.py took 0.763 seconds
[2022-04-14 06:35:53,549] {scheduler_job.py:182} INFO - Started process (PID=3365) to work on /home/airflow/sandbox/lib/python3.8/site-packages/airflow/example_dags/tutorial_taskflow_api_etl.py
[2022-04-14 06:35:53,575] {scheduler_job.py:633} INFO - Processing file /home/airflow/sandbox/lib/python3.8/site-packages/airflow/example_dags/tutorial_taskflow_api_etl.py for tasks to queue
[2022-04-14 06:35:53,581] {logging_mixin.py:104} INFO - [2022-04-14 06:35:53,581] {dagbag.py:487} INFO - Filling up the DagBag from /home/airflow/sandbox/lib/python3.8/site-packages/airflow/example_dags/tutorial_taskflow_api_etl.py
[2022-04-14 06:35:53,607] {scheduler_job.py:643} INFO - DAG(s) dict_keys(['tutorial_taskflow_api_etl']) retrieved from /home/airflow/sandbox/lib/python3.8/site-packages/airflow/example_dags/tutorial_taskflow_api_etl.py
[2022-04-14 06:35:54,250] {logging_mixin.py:104} INFO - [2022-04-14 06:35:54,249] {dag.py:1832} INFO - Sync 1 DAGs
[2022-04-14 06:35:54,269] {logging_mixin.py:104} INFO - [2022-04-14 06:35:54,269] {dag.py:2305} INFO - Setting next_dagrun for tutorial_taskflow_api_etl to None
[2022-04-14 06:35:54,300] {scheduler_job.py:190} INFO - Processing /home/airflow/sandbox/lib/python3.8/site-packages/airflow/example_dags/tutorial_taskflow_api_etl.py took 0.761 seconds
