[2022-04-15 03:11:34,532] {taskinstance.py:876} INFO - Dependencies all met for <TaskInstance: parallel_dag.task_1 2022-04-14T00:00:00+00:00 [queued]>
[2022-04-15 03:11:34,770] {taskinstance.py:876} INFO - Dependencies all met for <TaskInstance: parallel_dag.task_1 2022-04-14T00:00:00+00:00 [queued]>
[2022-04-15 03:11:34,796] {taskinstance.py:1067} INFO - 
--------------------------------------------------------------------------------
[2022-04-15 03:11:34,796] {taskinstance.py:1068} INFO - Starting attempt 1 of 1
[2022-04-15 03:11:34,798] {taskinstance.py:1069} INFO - 
--------------------------------------------------------------------------------
[2022-04-15 03:11:34,878] {taskinstance.py:1087} INFO - Executing <Task(BashOperator): task_1> on 2022-04-14T00:00:00+00:00
[2022-04-15 03:11:34,915] {standard_task_runner.py:52} INFO - Started process 40087 to run task
[2022-04-15 03:11:34,994] {standard_task_runner.py:76} INFO - Running: ['airflow', 'tasks', 'run', 'parallel_dag', 'task_1', '2022-04-14T00:00:00+00:00', '--job-id', '62', '--pool', 'default_pool', '--raw', '--subdir', 'DAGS_FOLDER/parallel_dag.py', '--cfg-path', '/tmp/tmppjw69xcy', '--error-file', '/tmp/tmpfxe7b_49']
[2022-04-15 03:11:35,013] {standard_task_runner.py:77} INFO - Job 62: Subtask task_1
[2022-04-15 03:11:35,856] {logging_mixin.py:104} INFO - Running <TaskInstance: parallel_dag.task_1 2022-04-14T00:00:00+00:00 [running]> on host airflowvm
[2022-04-15 03:11:42,105] {taskinstance.py:1280} INFO - Exporting the following env vars:
AIRFLOW_CTX_DAG_OWNER=airflow
AIRFLOW_CTX_DAG_ID=parallel_dag
AIRFLOW_CTX_TASK_ID=task_1
AIRFLOW_CTX_EXECUTION_DATE=2022-04-14T00:00:00+00:00
AIRFLOW_CTX_DAG_RUN_ID=scheduled__2022-04-14T00:00:00+00:00
[2022-04-15 03:11:42,107] {subprocess.py:52} INFO - Tmp dir root location: 
 /tmp
[2022-04-15 03:11:42,107] {subprocess.py:63} INFO - Running command: ['bash', '-c', 'sleep 3']
[2022-04-15 03:11:42,157] {subprocess.py:75} INFO - Output:
[2022-04-15 03:11:45,199] {subprocess.py:83} INFO - Command exited with return code 0
[2022-04-15 03:11:45,904] {taskinstance.py:1184} INFO - Marking task as SUCCESS. dag_id=parallel_dag, task_id=task_1, execution_date=20220414T000000, start_date=20220415T031134, end_date=20220415T031145
[2022-04-15 03:11:46,756] {taskinstance.py:1245} INFO - 2 downstream tasks scheduled from follow-on schedule check
[2022-04-15 03:11:46,802] {local_task_job.py:151} INFO - Task exited with return code 0
