[2022-04-15 03:12:03,631] {taskinstance.py:876} INFO - Dependencies all met for <TaskInstance: parallel_dag.task_4 2022-04-14T00:00:00+00:00 [queued]>
[2022-04-15 03:12:03,786] {taskinstance.py:876} INFO - Dependencies all met for <TaskInstance: parallel_dag.task_4 2022-04-14T00:00:00+00:00 [queued]>
[2022-04-15 03:12:03,808] {taskinstance.py:1067} INFO - 
--------------------------------------------------------------------------------
[2022-04-15 03:12:03,808] {taskinstance.py:1068} INFO - Starting attempt 1 of 1
[2022-04-15 03:12:03,810] {taskinstance.py:1069} INFO - 
--------------------------------------------------------------------------------
[2022-04-15 03:12:03,978] {taskinstance.py:1087} INFO - Executing <Task(BashOperator): task_4> on 2022-04-14T00:00:00+00:00
[2022-04-15 03:12:04,054] {standard_task_runner.py:52} INFO - Started process 40590 to run task
[2022-04-15 03:12:04,052] {standard_task_runner.py:76} INFO - Running: ['airflow', 'tasks', 'run', 'parallel_dag', 'task_4', '2022-04-14T00:00:00+00:00', '--job-id', '65', '--pool', 'default_pool', '--raw', '--subdir', 'DAGS_FOLDER/parallel_dag.py', '--cfg-path', '/tmp/tmptnclvl3z', '--error-file', '/tmp/tmp6uihabof']
[2022-04-15 03:12:04,140] {standard_task_runner.py:77} INFO - Job 65: Subtask task_4
[2022-04-15 03:12:04,851] {logging_mixin.py:104} INFO - Running <TaskInstance: parallel_dag.task_4 2022-04-14T00:00:00+00:00 [running]> on host airflowvm
[2022-04-15 03:12:05,545] {taskinstance.py:1280} INFO - Exporting the following env vars:
AIRFLOW_CTX_DAG_OWNER=airflow
AIRFLOW_CTX_DAG_ID=parallel_dag
AIRFLOW_CTX_TASK_ID=task_4
AIRFLOW_CTX_EXECUTION_DATE=2022-04-14T00:00:00+00:00
AIRFLOW_CTX_DAG_RUN_ID=scheduled__2022-04-14T00:00:00+00:00
[2022-04-15 03:12:05,547] {subprocess.py:52} INFO - Tmp dir root location: 
 /tmp
[2022-04-15 03:12:05,548] {subprocess.py:63} INFO - Running command: ['bash', '-c', 'sleep 3']
[2022-04-15 03:12:05,641] {subprocess.py:75} INFO - Output:
[2022-04-15 03:12:08,719] {subprocess.py:83} INFO - Command exited with return code 0
[2022-04-15 03:12:09,128] {taskinstance.py:1184} INFO - Marking task as SUCCESS. dag_id=parallel_dag, task_id=task_4, execution_date=20220414T000000, start_date=20220415T031203, end_date=20220415T031209
[2022-04-15 03:12:09,474] {taskinstance.py:1245} INFO - 0 downstream tasks scheduled from follow-on schedule check
[2022-04-15 03:12:09,512] {local_task_job.py:151} INFO - Task exited with return code 0
