[2022-04-19 08:19:39,933] {taskinstance.py:876} INFO - Dependencies all met for <TaskInstance: parallel_dag.task_1 2022-04-18T00:00:00+00:00 [queued]>
[2022-04-19 08:19:39,965] {taskinstance.py:876} INFO - Dependencies all met for <TaskInstance: parallel_dag.task_1 2022-04-18T00:00:00+00:00 [queued]>
[2022-04-19 08:19:39,965] {taskinstance.py:1067} INFO - 
--------------------------------------------------------------------------------
[2022-04-19 08:19:39,966] {taskinstance.py:1068} INFO - Starting attempt 1 of 1
[2022-04-19 08:19:39,966] {taskinstance.py:1069} INFO - 
--------------------------------------------------------------------------------
[2022-04-19 08:19:39,990] {taskinstance.py:1087} INFO - Executing <Task(BashOperator): task_1> on 2022-04-18T00:00:00+00:00
[2022-04-19 08:19:39,997] {standard_task_runner.py:52} INFO - Started process 43364 to run task
[2022-04-19 08:19:40,011] {standard_task_runner.py:76} INFO - Running: ['airflow', 'tasks', 'run', 'parallel_dag', 'task_1', '2022-04-18T00:00:00+00:00', '--job-id', '137', '--pool', 'default_pool', '--raw', '--subdir', 'DAGS_FOLDER/parallel_dag.py', '--cfg-path', '/tmp/tmpodpvxq1b', '--error-file', '/tmp/tmpkldd4man']
[2022-04-19 08:19:40,013] {standard_task_runner.py:77} INFO - Job 137: Subtask task_1
[2022-04-19 08:19:40,355] {logging_mixin.py:104} INFO - Running <TaskInstance: parallel_dag.task_1 2022-04-18T00:00:00+00:00 [running]> on host airflowvm
[2022-04-19 08:19:40,679] {taskinstance.py:1280} INFO - Exporting the following env vars:
AIRFLOW_CTX_DAG_OWNER=airflow
AIRFLOW_CTX_DAG_ID=parallel_dag
AIRFLOW_CTX_TASK_ID=task_1
AIRFLOW_CTX_EXECUTION_DATE=2022-04-18T00:00:00+00:00
AIRFLOW_CTX_DAG_RUN_ID=scheduled__2022-04-18T00:00:00+00:00
[2022-04-19 08:19:40,682] {subprocess.py:52} INFO - Tmp dir root location: 
 /tmp
[2022-04-19 08:19:40,683] {subprocess.py:63} INFO - Running command: ['bash', '-c', 'sleep 3']
[2022-04-19 08:19:40,706] {subprocess.py:75} INFO - Output:
[2022-04-19 08:19:43,722] {subprocess.py:83} INFO - Command exited with return code 0
[2022-04-19 08:19:43,807] {taskinstance.py:1184} INFO - Marking task as SUCCESS. dag_id=parallel_dag, task_id=task_1, execution_date=20220418T000000, start_date=20220419T081939, end_date=20220419T081943
[2022-04-19 08:19:43,864] {taskinstance.py:1245} INFO - 2 downstream tasks scheduled from follow-on schedule check
[2022-04-19 08:19:43,871] {local_task_job.py:151} INFO - Task exited with return code 0
