[2022-04-11 17:49:34,879] {taskinstance.py:876} INFO - Dependencies all met for <TaskInstance: paralled_dag.task_3 2022-04-10T00:00:00+00:00 [queued]>
[2022-04-11 17:49:35,046] {taskinstance.py:876} INFO - Dependencies all met for <TaskInstance: paralled_dag.task_3 2022-04-10T00:00:00+00:00 [queued]>
[2022-04-11 17:49:35,081] {taskinstance.py:1067} INFO - 
--------------------------------------------------------------------------------
[2022-04-11 17:49:35,082] {taskinstance.py:1068} INFO - Starting attempt 1 of 1
[2022-04-11 17:49:35,084] {taskinstance.py:1069} INFO - 
--------------------------------------------------------------------------------
[2022-04-11 17:49:35,306] {taskinstance.py:1087} INFO - Executing <Task(BashOperator): task_3> on 2022-04-10T00:00:00+00:00
[2022-04-11 17:49:35,335] {standard_task_runner.py:76} INFO - Running: ['airflow', 'tasks', 'run', 'paralled_dag', 'task_3', '2022-04-10T00:00:00+00:00', '--job-id', '3', '--pool', 'default_pool', '--raw', '--subdir', 'DAGS_FOLDER/parallel_dag.py', '--cfg-path', '/tmp/tmpkey65bmu', '--error-file', '/tmp/tmp3ngbmjhv']
[2022-04-11 17:49:35,359] {standard_task_runner.py:52} INFO - Started process 77688 to run task
[2022-04-11 17:49:35,442] {standard_task_runner.py:77} INFO - Job 3: Subtask task_3
[2022-04-11 17:49:36,457] {logging_mixin.py:104} INFO - Running <TaskInstance: paralled_dag.task_3 2022-04-10T00:00:00+00:00 [running]> on host airflowvm
[2022-04-11 17:49:37,325] {taskinstance.py:1280} INFO - Exporting the following env vars:
AIRFLOW_CTX_DAG_OWNER=airflow
AIRFLOW_CTX_DAG_ID=paralled_dag
AIRFLOW_CTX_TASK_ID=task_3
AIRFLOW_CTX_EXECUTION_DATE=2022-04-10T00:00:00+00:00
AIRFLOW_CTX_DAG_RUN_ID=scheduled__2022-04-10T00:00:00+00:00
[2022-04-11 17:49:37,326] {subprocess.py:52} INFO - Tmp dir root location: 
 /tmp
[2022-04-11 17:49:37,331] {subprocess.py:63} INFO - Running command: ['bash', '-c', 'sleep 3']
[2022-04-11 17:49:37,463] {subprocess.py:75} INFO - Output:
[2022-04-11 17:49:40,514] {subprocess.py:83} INFO - Command exited with return code 0
[2022-04-11 17:49:41,092] {taskinstance.py:1184} INFO - Marking task as SUCCESS. dag_id=paralled_dag, task_id=task_3, execution_date=20220410T000000, start_date=20220411T174934, end_date=20220411T174941
[2022-04-11 17:49:41,739] {taskinstance.py:1245} INFO - 1 downstream tasks scheduled from follow-on schedule check
[2022-04-11 17:49:41,774] {local_task_job.py:151} INFO - Task exited with return code 0
