[2022-04-15 03:11:52,949] {taskinstance.py:876} INFO - Dependencies all met for <TaskInstance: parallel_dag.processing_tasks.task_2 2022-04-14T00:00:00+00:00 [queued]>
[2022-04-15 03:11:53,132] {taskinstance.py:876} INFO - Dependencies all met for <TaskInstance: parallel_dag.processing_tasks.task_2 2022-04-14T00:00:00+00:00 [queued]>
[2022-04-15 03:11:53,141] {taskinstance.py:1067} INFO - 
--------------------------------------------------------------------------------
[2022-04-15 03:11:53,141] {taskinstance.py:1068} INFO - Starting attempt 1 of 1
[2022-04-15 03:11:53,163] {taskinstance.py:1069} INFO - 
--------------------------------------------------------------------------------
[2022-04-15 03:11:53,441] {taskinstance.py:1087} INFO - Executing <Task(BashOperator): processing_tasks.task_2> on 2022-04-14T00:00:00+00:00
[2022-04-15 03:11:53,495] {standard_task_runner.py:52} INFO - Started process 40299 to run task
[2022-04-15 03:11:53,562] {standard_task_runner.py:76} INFO - Running: ['airflow', 'tasks', 'run', 'parallel_dag', 'processing_tasks.task_2', '2022-04-14T00:00:00+00:00', '--job-id', '64', '--pool', 'default_pool', '--raw', '--subdir', 'DAGS_FOLDER/parallel_dag.py', '--cfg-path', '/tmp/tmpvk4s9wk6', '--error-file', '/tmp/tmpcu10225r']
[2022-04-15 03:11:53,628] {standard_task_runner.py:77} INFO - Job 64: Subtask processing_tasks.task_2
[2022-04-15 03:11:54,581] {logging_mixin.py:104} INFO - Running <TaskInstance: parallel_dag.processing_tasks.task_2 2022-04-14T00:00:00+00:00 [running]> on host airflowvm
[2022-04-15 03:11:55,463] {taskinstance.py:1280} INFO - Exporting the following env vars:
AIRFLOW_CTX_DAG_OWNER=airflow
AIRFLOW_CTX_DAG_ID=parallel_dag
AIRFLOW_CTX_TASK_ID=processing_tasks.task_2
AIRFLOW_CTX_EXECUTION_DATE=2022-04-14T00:00:00+00:00
AIRFLOW_CTX_DAG_RUN_ID=scheduled__2022-04-14T00:00:00+00:00
[2022-04-15 03:11:55,491] {subprocess.py:52} INFO - Tmp dir root location: 
 /tmp
[2022-04-15 03:11:55,492] {subprocess.py:63} INFO - Running command: ['bash', '-c', 'sleep 3']
[2022-04-15 03:11:55,552] {subprocess.py:75} INFO - Output:
[2022-04-15 03:11:58,634] {subprocess.py:83} INFO - Command exited with return code 0
[2022-04-15 03:11:59,180] {taskinstance.py:1184} INFO - Marking task as SUCCESS. dag_id=parallel_dag, task_id=processing_tasks.task_2, execution_date=20220414T000000, start_date=20220415T031152, end_date=20220415T031159
[2022-04-15 03:11:59,608] {taskinstance.py:1245} INFO - 1 downstream tasks scheduled from follow-on schedule check
[2022-04-15 03:11:59,651] {local_task_job.py:151} INFO - Task exited with return code 0
