[2022-04-01 15:16:42,040] {taskinstance.py:876} INFO - Dependencies all met for <TaskInstance: user_processing.storing_user 2022-04-01T15:16:20.628943+00:00 [queued]>
[2022-04-01 15:16:42,045] {taskinstance.py:876} INFO - Dependencies all met for <TaskInstance: user_processing.storing_user 2022-04-01T15:16:20.628943+00:00 [queued]>
[2022-04-01 15:16:42,045] {taskinstance.py:1067} INFO - 
--------------------------------------------------------------------------------
[2022-04-01 15:16:42,045] {taskinstance.py:1068} INFO - Starting attempt 1 of 1
[2022-04-01 15:16:42,045] {taskinstance.py:1069} INFO - 
--------------------------------------------------------------------------------
[2022-04-01 15:16:42,057] {taskinstance.py:1087} INFO - Executing <Task(BashOperator): storing_user> on 2022-04-01T15:16:20.628943+00:00
[2022-04-01 15:16:42,059] {standard_task_runner.py:52} INFO - Started process 13578 to run task
[2022-04-01 15:16:42,066] {standard_task_runner.py:76} INFO - Running: ['airflow', 'tasks', 'run', 'user_processing', 'storing_user', '2022-04-01T15:16:20.628943+00:00', '--job-id', '23', '--pool', 'default_pool', '--raw', '--subdir', 'DAGS_FOLDER/user_processing.py', '--cfg-path', '/tmp/tmptssfbn6e', '--error-file', '/tmp/tmpj746_8fc']
[2022-04-01 15:16:42,067] {standard_task_runner.py:77} INFO - Job 23: Subtask storing_user
[2022-04-01 15:16:42,189] {logging_mixin.py:104} INFO - Running <TaskInstance: user_processing.storing_user 2022-04-01T15:16:20.628943+00:00 [running]> on host airflowvm
[2022-04-01 15:16:42,348] {taskinstance.py:1280} INFO - Exporting the following env vars:
AIRFLOW_CTX_DAG_OWNER=airflow
AIRFLOW_CTX_DAG_ID=user_processing
AIRFLOW_CTX_TASK_ID=storing_user
AIRFLOW_CTX_EXECUTION_DATE=2022-04-01T15:16:20.628943+00:00
AIRFLOW_CTX_DAG_RUN_ID=manual__2022-04-01T15:16:20.628943+00:00
[2022-04-01 15:16:42,351] {subprocess.py:52} INFO - Tmp dir root location: 
 /tmp
[2022-04-01 15:16:42,351] {subprocess.py:63} INFO - Running command: ['bash', '-c', 'echo -e ".separator ","\n.import /tmp/processed_user.csv statedata" | sqlite3 /home/airflow/airflow/airflow.db']
[2022-04-01 15:16:42,360] {subprocess.py:75} INFO - Output:
[2022-04-01 15:16:42,376] {subprocess.py:83} INFO - Command exited with return code 0
[2022-04-01 15:16:42,406] {taskinstance.py:1184} INFO - Marking task as SUCCESS. dag_id=user_processing, task_id=storing_user, execution_date=20220401T151620, start_date=20220401T151642, end_date=20220401T151642
[2022-04-01 15:16:42,434] {taskinstance.py:1245} INFO - 0 downstream tasks scheduled from follow-on schedule check
[2022-04-01 15:16:42,440] {local_task_job.py:151} INFO - Task exited with return code 0
