[2022-04-01 15:16:23,715] {taskinstance.py:876} INFO - Dependencies all met for <TaskInstance: user_processing.creating_table 2022-04-01T15:16:20.628943+00:00 [queued]>
[2022-04-01 15:16:23,733] {taskinstance.py:876} INFO - Dependencies all met for <TaskInstance: user_processing.creating_table 2022-04-01T15:16:20.628943+00:00 [queued]>
[2022-04-01 15:16:23,733] {taskinstance.py:1067} INFO - 
--------------------------------------------------------------------------------
[2022-04-01 15:16:23,733] {taskinstance.py:1068} INFO - Starting attempt 1 of 1
[2022-04-01 15:16:23,733] {taskinstance.py:1069} INFO - 
--------------------------------------------------------------------------------
[2022-04-01 15:16:23,783] {taskinstance.py:1087} INFO - Executing <Task(SqliteOperator): creating_table> on 2022-04-01T15:16:20.628943+00:00
[2022-04-01 15:16:23,803] {standard_task_runner.py:76} INFO - Running: ['airflow', 'tasks', 'run', 'user_processing', 'creating_table', '2022-04-01T15:16:20.628943+00:00', '--job-id', '19', '--pool', 'default_pool', '--raw', '--subdir', 'DAGS_FOLDER/user_processing.py', '--cfg-path', '/tmp/tmpmsnqraka', '--error-file', '/tmp/tmprk83b80g']
[2022-04-01 15:16:23,806] {standard_task_runner.py:52} INFO - Started process 13376 to run task
[2022-04-01 15:16:23,812] {standard_task_runner.py:77} INFO - Job 19: Subtask creating_table
[2022-04-01 15:16:23,974] {logging_mixin.py:104} INFO - Running <TaskInstance: user_processing.creating_table 2022-04-01T15:16:20.628943+00:00 [running]> on host airflowvm
[2022-04-01 15:16:24,109] {taskinstance.py:1280} INFO - Exporting the following env vars:
AIRFLOW_CTX_DAG_OWNER=airflow
AIRFLOW_CTX_DAG_ID=user_processing
AIRFLOW_CTX_TASK_ID=creating_table
AIRFLOW_CTX_EXECUTION_DATE=2022-04-01T15:16:20.628943+00:00
AIRFLOW_CTX_DAG_RUN_ID=manual__2022-04-01T15:16:20.628943+00:00
[2022-04-01 15:16:24,110] {sqlite.py:63} INFO - Executing: 
                    create table IF NOT EXISTS statedata(
                      
                        state_id text integer not null,
                        state_name text not null
                        
                    );
                
[2022-04-01 15:16:24,116] {base.py:69} INFO - Using connection to: id: db_sqlite. Host: /home/airflow/airflow/airflow.db, Port: None, Schema: , Login: , Password: ***, extra: {}
[2022-04-01 15:16:24,117] {dbapi.py:204} INFO - Running statement: 
                    create table IF NOT EXISTS statedata(
                      
                        state_id text integer not null,
                        state_name text not null
                        
                    );
                , parameters: []
[2022-04-01 15:16:24,120] {taskinstance.py:1184} INFO - Marking task as SUCCESS. dag_id=user_processing, task_id=creating_table, execution_date=20220401T151620, start_date=20220401T151623, end_date=20220401T151624
[2022-04-01 15:16:24,160] {taskinstance.py:1245} INFO - 1 downstream tasks scheduled from follow-on schedule check
[2022-04-01 15:16:24,172] {local_task_job.py:151} INFO - Task exited with return code 0
