[2022-04-08 10:44:10,147] {taskinstance.py:876} INFO - Dependencies all met for <TaskInstance: user_processing.creating_table 2022-04-07T00:00:00+00:00 [queued]>
[2022-04-08 10:44:10,174] {taskinstance.py:876} INFO - Dependencies all met for <TaskInstance: user_processing.creating_table 2022-04-07T00:00:00+00:00 [queued]>
[2022-04-08 10:44:10,174] {taskinstance.py:1067} INFO - 
--------------------------------------------------------------------------------
[2022-04-08 10:44:10,175] {taskinstance.py:1068} INFO - Starting attempt 1 of 1
[2022-04-08 10:44:10,175] {taskinstance.py:1069} INFO - 
--------------------------------------------------------------------------------
[2022-04-08 10:44:10,218] {taskinstance.py:1087} INFO - Executing <Task(SqliteOperator): creating_table> on 2022-04-07T00:00:00+00:00
[2022-04-08 10:44:10,223] {standard_task_runner.py:52} INFO - Started process 2915 to run task
[2022-04-08 10:44:10,238] {standard_task_runner.py:76} INFO - Running: ['airflow', 'tasks', 'run', 'user_processing', 'creating_table', '2022-04-07T00:00:00+00:00', '--job-id', '37', '--pool', 'default_pool', '--raw', '--subdir', 'DAGS_FOLDER/user_processing.py', '--cfg-path', '/tmp/tmpixu03w9g', '--error-file', '/tmp/tmpty8a00an']
[2022-04-08 10:44:10,241] {standard_task_runner.py:77} INFO - Job 37: Subtask creating_table
[2022-04-08 10:44:10,387] {logging_mixin.py:104} INFO - Running <TaskInstance: user_processing.creating_table 2022-04-07T00:00:00+00:00 [running]> on host airflowvm
[2022-04-08 10:44:10,543] {taskinstance.py:1280} INFO - Exporting the following env vars:
AIRFLOW_CTX_DAG_OWNER=airflow
AIRFLOW_CTX_DAG_ID=user_processing
AIRFLOW_CTX_TASK_ID=creating_table
AIRFLOW_CTX_EXECUTION_DATE=2022-04-07T00:00:00+00:00
AIRFLOW_CTX_DAG_RUN_ID=scheduled__2022-04-07T00:00:00+00:00
[2022-04-08 10:44:10,544] {sqlite.py:63} INFO - Executing: 
                    create table IF NOT EXISTS statedata(
                      
                        state_id text integer not null,
                        state_name text not null
                        
                    );
                
[2022-04-08 10:44:10,553] {base.py:69} INFO - Using connection to: id: db_sqlite. Host: /home/airflow/airflow/airflow.db, Port: None, Schema: , Login: , Password: ***, extra: {}
[2022-04-08 10:44:10,555] {dbapi.py:204} INFO - Running statement: 
                    create table IF NOT EXISTS statedata(
                      
                        state_id text integer not null,
                        state_name text not null
                        
                    );
                , parameters: []
[2022-04-08 10:44:10,564] {taskinstance.py:1184} INFO - Marking task as SUCCESS. dag_id=user_processing, task_id=creating_table, execution_date=20220407T000000, start_date=20220408T104410, end_date=20220408T104410
[2022-04-08 10:44:10,628] {taskinstance.py:1245} INFO - 1 downstream tasks scheduled from follow-on schedule check
[2022-04-08 10:44:10,655] {local_task_job.py:151} INFO - Task exited with return code 0
