[2022-04-19 09:01:49,801] {taskinstance.py:876} INFO - Dependencies all met for <TaskInstance: parallel_dag.processing_tasks.task_2 2022-04-19T09:01:34.132341+00:00 [queued]>
[2022-04-19 09:01:49,878] {taskinstance.py:876} INFO - Dependencies all met for <TaskInstance: parallel_dag.processing_tasks.task_2 2022-04-19T09:01:34.132341+00:00 [queued]>
[2022-04-19 09:01:49,878] {taskinstance.py:1067} INFO - 
--------------------------------------------------------------------------------
[2022-04-19 09:01:49,878] {taskinstance.py:1068} INFO - Starting attempt 1 of 1
[2022-04-19 09:01:49,879] {taskinstance.py:1069} INFO - 
--------------------------------------------------------------------------------
[2022-04-19 09:01:50,102] {taskinstance.py:1087} INFO - Executing <Task(BashOperator): processing_tasks.task_2> on 2022-04-19T09:01:34.132341+00:00
[2022-04-19 09:01:50,122] {standard_task_runner.py:52} INFO - Started process 58121 to run task
[2022-04-19 09:01:50,146] {standard_task_runner.py:76} INFO - Running: ['airflow', 'tasks', 'run', 'parallel_dag', 'processing_tasks.task_2', '2022-04-19T09:01:34.132341+00:00', '--job-id', '146', '--pool', 'default_pool', '--raw', '--subdir', 'DAGS_FOLDER/parallel_dag.py', '--cfg-path', '/tmp/tmplgsq11xv', '--error-file', '/tmp/tmp5owq0uoc']
[2022-04-19 09:01:50,173] {standard_task_runner.py:77} INFO - Job 146: Subtask processing_tasks.task_2
[2022-04-19 09:01:50,568] {logging_mixin.py:104} INFO - Running <TaskInstance: parallel_dag.processing_tasks.task_2 2022-04-19T09:01:34.132341+00:00 [running]> on host airflowvm
[2022-04-19 09:01:50,923] {taskinstance.py:1280} INFO - Exporting the following env vars:
AIRFLOW_CTX_DAG_OWNER=airflow
AIRFLOW_CTX_DAG_ID=parallel_dag
AIRFLOW_CTX_TASK_ID=processing_tasks.task_2
AIRFLOW_CTX_EXECUTION_DATE=2022-04-19T09:01:34.132341+00:00
AIRFLOW_CTX_DAG_RUN_ID=manual__2022-04-19T09:01:34.132341+00:00
[2022-04-19 09:01:50,930] {subprocess.py:52} INFO - Tmp dir root location: 
 /tmp
[2022-04-19 09:01:50,938] {subprocess.py:63} INFO - Running command: ['bash', '-c', 'sleep 3']
[2022-04-19 09:01:50,973] {subprocess.py:75} INFO - Output:
[2022-04-19 09:01:54,016] {subprocess.py:83} INFO - Command exited with return code 0
[2022-04-19 09:01:54,170] {taskinstance.py:1184} INFO - Marking task as SUCCESS. dag_id=parallel_dag, task_id=processing_tasks.task_2, execution_date=20220419T090134, start_date=20220419T090149, end_date=20220419T090154
[2022-04-19 09:01:54,307] {taskinstance.py:1245} INFO - 1 downstream tasks scheduled from follow-on schedule check
[2022-04-19 09:01:54,329] {local_task_job.py:151} INFO - Task exited with return code 0
