[2022-04-16 08:51:39,220] {taskinstance.py:876} INFO - Dependencies all met for <TaskInstance: xcom_dag.task_4 2022-04-16T08:51:18.711255+00:00 [queued]>
[2022-04-16 08:51:39,237] {taskinstance.py:876} INFO - Dependencies all met for <TaskInstance: xcom_dag.task_4 2022-04-16T08:51:18.711255+00:00 [queued]>
[2022-04-16 08:51:39,237] {taskinstance.py:1067} INFO - 
--------------------------------------------------------------------------------
[2022-04-16 08:51:39,238] {taskinstance.py:1068} INFO - Starting attempt 1 of 1
[2022-04-16 08:51:39,238] {taskinstance.py:1069} INFO - 
--------------------------------------------------------------------------------
[2022-04-16 08:51:39,259] {taskinstance.py:1087} INFO - Executing <Task(PythonOperator): task_4> on 2022-04-16T08:51:18.711255+00:00
[2022-04-16 08:51:39,266] {standard_task_runner.py:52} INFO - Started process 56942 to run task
[2022-04-16 08:51:39,273] {standard_task_runner.py:76} INFO - Running: ['airflow', 'tasks', 'run', 'xcom_dag', 'task_4', '2022-04-16T08:51:18.711255+00:00', '--job-id', '85', '--pool', 'default_pool', '--raw', '--subdir', 'DAGS_FOLDER/xcom_dag.py', '--cfg-path', '/tmp/tmpuh9by8pe', '--error-file', '/tmp/tmpg6fxvhec']
[2022-04-16 08:51:39,274] {standard_task_runner.py:77} INFO - Job 85: Subtask task_4
[2022-04-16 08:51:39,627] {logging_mixin.py:104} INFO - Running <TaskInstance: xcom_dag.task_4 2022-04-16T08:51:18.711255+00:00 [running]> on host airflowvm
[2022-04-16 08:51:40,069] {taskinstance.py:1280} INFO - Exporting the following env vars:
AIRFLOW_CTX_DAG_OWNER=airflow
AIRFLOW_CTX_DAG_ID=xcom_dag
AIRFLOW_CTX_TASK_ID=task_4
AIRFLOW_CTX_EXECUTION_DATE=2022-04-16T08:51:18.711255+00:00
AIRFLOW_CTX_DAG_RUN_ID=manual__2022-04-16T08:51:18.711255+00:00
[2022-04-16 08:51:40,071] {logging_mixin.py:104} INFO - choose best model
[2022-04-16 08:51:40,082] {logging_mixin.py:104} INFO - [0.403310705527002, 5.417490141972835, 4.37812385201891]
[2022-04-16 08:51:40,082] {python.py:151} INFO - Done. Returned value was: None
[2022-04-16 08:51:40,103] {taskinstance.py:1184} INFO - Marking task as SUCCESS. dag_id=xcom_dag, task_id=task_4, execution_date=20220416T085118, start_date=20220416T085139, end_date=20220416T085140
[2022-04-16 08:51:40,163] {taskinstance.py:1245} INFO - 0 downstream tasks scheduled from follow-on schedule check
[2022-04-16 08:51:40,202] {local_task_job.py:151} INFO - Task exited with return code 0
