[2022-04-02 16:13:30,773] {taskinstance.py:876} INFO - Dependencies all met for <TaskInstance: user_processing.processing_user 2022-04-01T00:00:00+00:00 [queued]>
[2022-04-02 16:13:30,789] {taskinstance.py:876} INFO - Dependencies all met for <TaskInstance: user_processing.processing_user 2022-04-01T00:00:00+00:00 [queued]>
[2022-04-02 16:13:30,792] {taskinstance.py:1067} INFO - 
--------------------------------------------------------------------------------
[2022-04-02 16:13:30,792] {taskinstance.py:1068} INFO - Starting attempt 1 of 1
[2022-04-02 16:13:30,792] {taskinstance.py:1069} INFO - 
--------------------------------------------------------------------------------
[2022-04-02 16:13:30,833] {taskinstance.py:1087} INFO - Executing <Task(PythonOperator): processing_user> on 2022-04-01T00:00:00+00:00
[2022-04-02 16:13:30,838] {standard_task_runner.py:52} INFO - Started process 2861 to run task
[2022-04-02 16:13:30,851] {standard_task_runner.py:76} INFO - Running: ['airflow', 'tasks', 'run', 'user_processing', 'processing_user', '2022-04-01T00:00:00+00:00', '--job-id', '31', '--pool', 'default_pool', '--raw', '--subdir', 'DAGS_FOLDER/user_processing.py', '--cfg-path', '/tmp/tmpidasf_jr', '--error-file', '/tmp/tmp59kqgret']
[2022-04-02 16:13:30,853] {standard_task_runner.py:77} INFO - Job 31: Subtask processing_user
[2022-04-02 16:13:31,006] {logging_mixin.py:104} INFO - Running <TaskInstance: user_processing.processing_user 2022-04-01T00:00:00+00:00 [running]> on host airflowvm
[2022-04-02 16:13:31,278] {taskinstance.py:1280} INFO - Exporting the following env vars:
AIRFLOW_CTX_DAG_OWNER=airflow
AIRFLOW_CTX_DAG_ID=user_processing
AIRFLOW_CTX_TASK_ID=processing_user
AIRFLOW_CTX_EXECUTION_DATE=2022-04-01T00:00:00+00:00
AIRFLOW_CTX_DAG_RUN_ID=scheduled__2022-04-01T00:00:00+00:00
[2022-04-02 16:13:31,286] {logging_mixin.py:104} INFO - {'states': [{'state_id': 1, 'state_name': 'Andaman and Nicobar Islands'}, {'state_id': 2, 'state_name': 'Andhra Pradesh'}, {'state_id': 3, 'state_name': 'Arunachal Pradesh'}, {'state_id': 4, 'state_name': 'Assam'}, {'state_id': 5, 'state_name': 'Bihar'}, {'state_id': 6, 'state_name': 'Chandigarh'}, {'state_id': 7, 'state_name': 'Chhattisgarh'}, {'state_id': 8, 'state_name': 'Dadra and Nagar Haveli'}, {'state_id': 37, 'state_name': 'Daman and Diu'}, {'state_id': 9, 'state_name': 'Delhi'}, {'state_id': 10, 'state_name': 'Goa'}, {'state_id': 11, 'state_name': 'Gujarat'}, {'state_id': 12, 'state_name': 'Haryana'}, {'state_id': 13, 'state_name': 'Himachal Pradesh'}, {'state_id': 14, 'state_name': 'Jammu and Kashmir'}, {'state_id': 15, 'state_name': 'Jharkhand'}, {'state_id': 16, 'state_name': 'Karnataka'}, {'state_id': 17, 'state_name': 'Kerala'}, {'state_id': 18, 'state_name': 'Ladakh'}, {'state_id': 19, 'state_name': 'Lakshadweep'}, {'state_id': 20, 'state_name': 'Madhya Pradesh'}, {'state_id': 21, 'state_name': 'Maharashtra'}, {'state_id': 22, 'state_name': 'Manipur'}, {'state_id': 23, 'state_name': 'Meghalaya'}, {'state_id': 24, 'state_name': 'Mizoram'}, {'state_id': 25, 'state_name': 'Nagaland'}, {'state_id': 26, 'state_name': 'Odisha'}, {'state_id': 27, 'state_name': 'Puducherry'}, {'state_id': 28, 'state_name': 'Punjab'}, {'state_id': 29, 'state_name': 'Rajasthan'}, {'state_id': 30, 'state_name': 'Sikkim'}, {'state_id': 31, 'state_name': 'Tamil Nadu'}, {'state_id': 32, 'state_name': 'Telangana'}, {'state_id': 33, 'state_name': 'Tripura'}, {'state_id': 34, 'state_name': 'Uttar Pradesh'}, {'state_id': 35, 'state_name': 'Uttarakhand'}, {'state_id': 36, 'state_name': 'West Bengal'}], 'ttl': 24}
[2022-04-02 16:13:31,329] {python.py:151} INFO - Done. Returned value was: None
[2022-04-02 16:13:31,334] {taskinstance.py:1184} INFO - Marking task as SUCCESS. dag_id=user_processing, task_id=processing_user, execution_date=20220401T000000, start_date=20220402T161330, end_date=20220402T161331
[2022-04-02 16:13:31,384] {taskinstance.py:1245} INFO - 1 downstream tasks scheduled from follow-on schedule check
[2022-04-02 16:13:31,430] {local_task_job.py:151} INFO - Task exited with return code 0
