[2022-04-12 04:05:49,579] {taskinstance.py:876} INFO - Dependencies all met for <TaskInstance: paralled_dag.task_1 2022-04-11T00:00:00+00:00 [queued]>
[2022-04-12 04:05:49,764] {taskinstance.py:876} INFO - Dependencies all met for <TaskInstance: paralled_dag.task_1 2022-04-11T00:00:00+00:00 [queued]>
[2022-04-12 04:05:49,805] {taskinstance.py:1067} INFO - 
--------------------------------------------------------------------------------
[2022-04-12 04:05:49,805] {taskinstance.py:1068} INFO - Starting attempt 1 of 1
[2022-04-12 04:05:49,805] {taskinstance.py:1069} INFO - 
--------------------------------------------------------------------------------
[2022-04-12 04:05:49,966] {taskinstance.py:1087} INFO - Executing <Task(BashOperator): task_1> on 2022-04-11T00:00:00+00:00
[2022-04-12 04:05:50,025] {standard_task_runner.py:52} INFO - Started process 82568 to run task
[2022-04-12 04:05:50,060] {standard_task_runner.py:76} INFO - Running: ['airflow', 'tasks', 'run', 'paralled_dag', 'task_1', '2022-04-11T00:00:00+00:00', '--job-id', '6', '--pool', 'default_pool', '--raw', '--subdir', 'DAGS_FOLDER/parallel_dag.py', '--cfg-path', '/tmp/tmp4ubwbdbl', '--error-file', '/tmp/tmp63atvb71']
[2022-04-12 04:05:50,110] {standard_task_runner.py:77} INFO - Job 6: Subtask task_1
[2022-04-12 04:05:52,811] {logging_mixin.py:104} INFO - Running <TaskInstance: paralled_dag.task_1 2022-04-11T00:00:00+00:00 [running]> on host airflowvm
[2022-04-12 04:05:54,282] {taskinstance.py:1280} INFO - Exporting the following env vars:
AIRFLOW_CTX_DAG_OWNER=airflow
AIRFLOW_CTX_DAG_ID=paralled_dag
AIRFLOW_CTX_TASK_ID=task_1
AIRFLOW_CTX_EXECUTION_DATE=2022-04-11T00:00:00+00:00
AIRFLOW_CTX_DAG_RUN_ID=scheduled__2022-04-11T00:00:00+00:00
[2022-04-12 04:05:54,289] {subprocess.py:52} INFO - Tmp dir root location: 
 /tmp
[2022-04-12 04:05:54,294] {subprocess.py:63} INFO - Running command: ['bash', '-c', 'sleep 3']
[2022-04-12 04:05:54,377] {subprocess.py:75} INFO - Output:
[2022-04-12 04:05:57,436] {subprocess.py:83} INFO - Command exited with return code 0
[2022-04-12 04:05:57,925] {taskinstance.py:1184} INFO - Marking task as SUCCESS. dag_id=paralled_dag, task_id=task_1, execution_date=20220411T000000, start_date=20220412T040549, end_date=20220412T040557
[2022-04-12 04:05:58,388] {taskinstance.py:1245} INFO - 2 downstream tasks scheduled from follow-on schedule check
[2022-04-12 04:05:58,459] {local_task_job.py:151} INFO - Task exited with return code 0
