[2022-03-31 15:53:04,540] {taskinstance.py:876} INFO - Dependencies all met for <TaskInstance: user_processing.storing_user 2022-03-30T00:00:00+00:00 [queued]>
[2022-03-31 15:53:04,547] {taskinstance.py:876} INFO - Dependencies all met for <TaskInstance: user_processing.storing_user 2022-03-30T00:00:00+00:00 [queued]>
[2022-03-31 15:53:04,548] {taskinstance.py:1067} INFO - 
--------------------------------------------------------------------------------
[2022-03-31 15:53:04,548] {taskinstance.py:1068} INFO - Starting attempt 1 of 1
[2022-03-31 15:53:04,548] {taskinstance.py:1069} INFO - 
--------------------------------------------------------------------------------
[2022-03-31 15:53:04,558] {taskinstance.py:1087} INFO - Executing <Task(BashOperator): storing_user> on 2022-03-30T00:00:00+00:00
[2022-03-31 15:53:04,560] {standard_task_runner.py:52} INFO - Started process 33502 to run task
[2022-03-31 15:53:04,567] {standard_task_runner.py:76} INFO - Running: ['airflow', 'tasks', 'run', 'user_processing', 'storing_user', '2022-03-30T00:00:00+00:00', '--job-id', '7', '--pool', 'default_pool', '--raw', '--subdir', 'DAGS_FOLDER/user_processing.py', '--cfg-path', '/tmp/tmpuk0upg20', '--error-file', '/tmp/tmp5q928efh']
[2022-03-31 15:53:04,568] {standard_task_runner.py:77} INFO - Job 7: Subtask storing_user
[2022-03-31 15:53:04,711] {logging_mixin.py:104} INFO - Running <TaskInstance: user_processing.storing_user 2022-03-30T00:00:00+00:00 [running]> on host airflowvm
[2022-03-31 15:53:04,817] {taskinstance.py:1280} INFO - Exporting the following env vars:
AIRFLOW_CTX_DAG_OWNER=airflow
AIRFLOW_CTX_DAG_ID=user_processing
AIRFLOW_CTX_TASK_ID=storing_user
AIRFLOW_CTX_EXECUTION_DATE=2022-03-30T00:00:00+00:00
AIRFLOW_CTX_DAG_RUN_ID=scheduled__2022-03-30T00:00:00+00:00
[2022-03-31 15:53:04,818] {subprocess.py:52} INFO - Tmp dir root location: 
 /tmp
[2022-03-31 15:53:04,819] {subprocess.py:63} INFO - Running command: ['bash', '-c', 'echo -e ".separator ","\n.import /tmp/processed_user.csv statedata" | sqlite3 /home/airflow/airflow/airflow.db']
[2022-03-31 15:53:04,823] {subprocess.py:75} INFO - Output:
[2022-03-31 15:53:04,832] {subprocess.py:83} INFO - Command exited with return code 0
[2022-03-31 15:53:04,846] {taskinstance.py:1184} INFO - Marking task as SUCCESS. dag_id=user_processing, task_id=storing_user, execution_date=20220330T000000, start_date=20220331T155304, end_date=20220331T155304
[2022-03-31 15:53:04,859] {taskinstance.py:1245} INFO - 0 downstream tasks scheduled from follow-on schedule check
[2022-03-31 15:53:04,890] {local_task_job.py:151} INFO - Task exited with return code 0
