[2022-04-18 15:28:42,522] {taskinstance.py:876} INFO - Dependencies all met for <TaskInstance: xcom_dag.choose_best_model 2022-04-17T00:00:00+00:00 [queued]>
[2022-04-18 15:28:42,614] {taskinstance.py:876} INFO - Dependencies all met for <TaskInstance: xcom_dag.choose_best_model 2022-04-17T00:00:00+00:00 [queued]>
[2022-04-18 15:28:42,616] {taskinstance.py:1067} INFO - 
--------------------------------------------------------------------------------
[2022-04-18 15:28:42,616] {taskinstance.py:1068} INFO - Starting attempt 1 of 1
[2022-04-18 15:28:42,621] {taskinstance.py:1069} INFO - 
--------------------------------------------------------------------------------
[2022-04-18 15:28:42,717] {taskinstance.py:1087} INFO - Executing <Task(BranchPythonOperator): choose_best_model> on 2022-04-17T00:00:00+00:00
[2022-04-18 15:28:42,745] {standard_task_runner.py:52} INFO - Started process 3949 to run task
[2022-04-18 15:28:42,795] {standard_task_runner.py:76} INFO - Running: ['airflow', 'tasks', 'run', 'xcom_dag', 'choose_best_model', '2022-04-17T00:00:00+00:00', '--job-id', '130', '--pool', 'default_pool', '--raw', '--subdir', 'DAGS_FOLDER/xcom_dag.py', '--cfg-path', '/tmp/tmpcraa0ne5', '--error-file', '/tmp/tmp_9ddjr4w']
[2022-04-18 15:28:42,799] {standard_task_runner.py:77} INFO - Job 130: Subtask choose_best_model
[2022-04-18 15:28:43,216] {logging_mixin.py:104} INFO - Running <TaskInstance: xcom_dag.choose_best_model 2022-04-17T00:00:00+00:00 [running]> on host airflowvm
[2022-04-18 15:28:43,772] {taskinstance.py:1280} INFO - Exporting the following env vars:
AIRFLOW_CTX_DAG_OWNER=airflow
AIRFLOW_CTX_DAG_ID=xcom_dag
AIRFLOW_CTX_TASK_ID=choose_best_model
AIRFLOW_CTX_EXECUTION_DATE=2022-04-17T00:00:00+00:00
AIRFLOW_CTX_DAG_RUN_ID=scheduled__2022-04-17T00:00:00+00:00
[2022-04-18 15:28:43,774] {logging_mixin.py:104} INFO - choose best model
[2022-04-18 15:28:43,822] {python.py:151} INFO - Done. Returned value was: inaccurate
[2022-04-18 15:28:43,834] {skipmixin.py:124} INFO - Following branch inaccurate
[2022-04-18 15:28:43,878] {skipmixin.py:155} INFO - Skipping tasks ['accurate']
[2022-04-18 15:28:44,449] {taskinstance.py:1184} INFO - Marking task as SUCCESS. dag_id=xcom_dag, task_id=choose_best_model, execution_date=20220417T000000, start_date=20220418T152842, end_date=20220418T152844
[2022-04-18 15:28:44,605] {taskinstance.py:1245} INFO - 1 downstream tasks scheduled from follow-on schedule check
[2022-04-18 15:28:44,613] {local_task_job.py:151} INFO - Task exited with return code 0
