[2022-04-16 10:57:16,181] {taskinstance.py:876} INFO - Dependencies all met for <TaskInstance: xcom_dag.processing_tasks.training_model_a 2022-04-16T10:57:07.378101+00:00 [queued]>
[2022-04-16 10:57:16,260] {taskinstance.py:876} INFO - Dependencies all met for <TaskInstance: xcom_dag.processing_tasks.training_model_a 2022-04-16T10:57:07.378101+00:00 [queued]>
[2022-04-16 10:57:16,261] {taskinstance.py:1067} INFO - 
--------------------------------------------------------------------------------
[2022-04-16 10:57:16,262] {taskinstance.py:1068} INFO - Starting attempt 1 of 1
[2022-04-16 10:57:16,263] {taskinstance.py:1069} INFO - 
--------------------------------------------------------------------------------
[2022-04-16 10:57:16,325] {taskinstance.py:1087} INFO - Executing <Task(PythonOperator): processing_tasks.training_model_a> on 2022-04-16T10:57:07.378101+00:00
[2022-04-16 10:57:16,348] {standard_task_runner.py:52} INFO - Started process 71308 to run task
[2022-04-16 10:57:16,366] {standard_task_runner.py:76} INFO - Running: ['airflow', 'tasks', 'run', 'xcom_dag', 'processing_tasks.training_model_a', '2022-04-16T10:57:07.378101+00:00', '--job-id', '101', '--pool', 'default_pool', '--raw', '--subdir', 'DAGS_FOLDER/xcom_dag.py', '--cfg-path', '/tmp/tmpma9_8h3w', '--error-file', '/tmp/tmp18kvdvnr']
[2022-04-16 10:57:16,394] {standard_task_runner.py:77} INFO - Job 101: Subtask processing_tasks.training_model_a
[2022-04-16 10:57:16,912] {logging_mixin.py:104} INFO - Running <TaskInstance: xcom_dag.processing_tasks.training_model_a 2022-04-16T10:57:07.378101+00:00 [running]> on host airflowvm
[2022-04-16 10:57:17,548] {taskinstance.py:1280} INFO - Exporting the following env vars:
AIRFLOW_CTX_DAG_OWNER=airflow
AIRFLOW_CTX_DAG_ID=xcom_dag
AIRFLOW_CTX_TASK_ID=processing_tasks.training_model_a
AIRFLOW_CTX_EXECUTION_DATE=2022-04-16T10:57:07.378101+00:00
AIRFLOW_CTX_DAG_RUN_ID=manual__2022-04-16T10:57:07.378101+00:00
[2022-04-16 10:57:17,565] {logging_mixin.py:104} INFO - model's accuracy: 6.994027955077328
[2022-04-16 10:57:17,793] {python.py:151} INFO - Done. Returned value was: None
[2022-04-16 10:57:17,983] {taskinstance.py:1184} INFO - Marking task as SUCCESS. dag_id=xcom_dag, task_id=processing_tasks.training_model_a, execution_date=20220416T105707, start_date=20220416T105716, end_date=20220416T105717
[2022-04-16 10:57:18,255] {taskinstance.py:1245} INFO - 0 downstream tasks scheduled from follow-on schedule check
[2022-04-16 10:57:18,284] {local_task_job.py:151} INFO - Task exited with return code 0
