[2022-04-13 09:47:13,642] {taskinstance.py:876} INFO - Dependencies all met for <TaskInstance: paralled_dag.task_2 2022-04-12T00:00:00+00:00 [queued]>
[2022-04-13 09:47:13,821] {taskinstance.py:876} INFO - Dependencies all met for <TaskInstance: paralled_dag.task_2 2022-04-12T00:00:00+00:00 [queued]>
[2022-04-13 09:47:13,824] {taskinstance.py:1067} INFO - 
--------------------------------------------------------------------------------
[2022-04-13 09:47:13,824] {taskinstance.py:1068} INFO - Starting attempt 1 of 1
[2022-04-13 09:47:13,826] {taskinstance.py:1069} INFO - 
--------------------------------------------------------------------------------
[2022-04-13 09:47:13,944] {taskinstance.py:1087} INFO - Executing <Task(BashOperator): task_2> on 2022-04-12T00:00:00+00:00
[2022-04-13 09:47:13,965] {standard_task_runner.py:52} INFO - Started process 12049 to run task
[2022-04-13 09:47:13,995] {standard_task_runner.py:76} INFO - Running: ['airflow', 'tasks', 'run', 'paralled_dag', 'task_2', '2022-04-12T00:00:00+00:00', '--job-id', '12', '--pool', 'default_pool', '--raw', '--subdir', 'DAGS_FOLDER/parallel_dag.py', '--cfg-path', '/tmp/tmpyl33nsvz', '--error-file', '/tmp/tmpv7ogrums']
[2022-04-13 09:47:13,997] {standard_task_runner.py:77} INFO - Job 12: Subtask task_2
[2022-04-13 09:47:19,777] {logging_mixin.py:104} INFO - Running <TaskInstance: paralled_dag.task_2 2022-04-12T00:00:00+00:00 [running]> on host airflowvm
[2022-04-13 09:47:20,972] {taskinstance.py:1280} INFO - Exporting the following env vars:
AIRFLOW_CTX_DAG_OWNER=airflow
AIRFLOW_CTX_DAG_ID=paralled_dag
AIRFLOW_CTX_TASK_ID=task_2
AIRFLOW_CTX_EXECUTION_DATE=2022-04-12T00:00:00+00:00
AIRFLOW_CTX_DAG_RUN_ID=scheduled__2022-04-12T00:00:00+00:00
[2022-04-13 09:47:20,973] {subprocess.py:52} INFO - Tmp dir root location: 
 /tmp
[2022-04-13 09:47:20,982] {subprocess.py:63} INFO - Running command: ['bash', '-c', 'sleep 3']
[2022-04-13 09:47:21,070] {subprocess.py:75} INFO - Output:
[2022-04-13 09:47:24,100] {subprocess.py:83} INFO - Command exited with return code 0
[2022-04-13 09:47:24,682] {taskinstance.py:1184} INFO - Marking task as SUCCESS. dag_id=paralled_dag, task_id=task_2, execution_date=20220412T000000, start_date=20220413T094713, end_date=20220413T094724
[2022-04-13 09:47:25,339] {taskinstance.py:1245} INFO - 1 downstream tasks scheduled from follow-on schedule check
[2022-04-13 09:47:25,436] {local_task_job.py:151} INFO - Task exited with return code 0
